[rosmaster.main][INFO] 2026-04-25 20:43:56,780: initialization complete, waiting for shutdown
[rosmaster.main][INFO] 2026-04-25 20:43:56,780: Starting ROS Master Node
[xmlrpc][INFO] 2026-04-25 20:43:56,781: XML-RPC server binding to 0.0.0.0:11311
[xmlrpc][INFO] 2026-04-25 20:43:56,781: Started XML-RPC server [http://y:11311/]
[rosmaster.master][INFO] 2026-04-25 20:43:56,781: Master initialized: port[11311], uri[http://y:11311/]
[xmlrpc][INFO] 2026-04-25 20:43:56,781: xml rpc node: starting XML-RPC server
[rosmaster.master][INFO] 2026-04-25 20:43:56,880: +PARAM [/run_id] by /roslaunch
[rosmaster.master][INFO] 2026-04-25 20:43:56,881: +PARAM [/roslaunch/uris/host_y__36519] by /roslaunch
[rosmaster.master][INFO] 2026-04-25 20:43:56,901: +PARAM [/rosversion] by /roslaunch
[rosmaster.master][INFO] 2026-04-25 20:43:56,901: +PARAM [/rosdistro] by /roslaunch
[rosmaster.master][INFO] 2026-04-25 20:43:56,901: +PARAM [/test_ssc_with_eudm_0/ego_id] by /roslaunch
[rosmaster.master][INFO] 2026-04-25 20:43:56,901: +PARAM [/test_ssc_with_eudm_0/agent_config_path] by /roslaunch
[rosmaster.master][INFO] 2026-04-25 20:43:56,901: +PARAM [/test_ssc_with_eudm_0/bp_config_path] by /roslaunch
[rosmaster.master][INFO] 2026-04-25 20:43:56,901: +PARAM [/test_ssc_with_eudm_0/ssc_config_path] by /roslaunch
[rosmaster.master][INFO] 2026-04-25 20:43:56,901: +PARAM [/test_ssc_with_eudm_0/desired_vel] by /roslaunch
[rosmaster.master][INFO] 2026-04-25 20:43:56,901: +PARAM [/test_ssc_with_eudm_0/use_sim_state] by /roslaunch
[rosmaster.master][INFO] 2026-04-25 20:43:56,901: +PARAM [/onlane_ai_agent_1/ego_id] by /roslaunch
[rosmaster.master][INFO] 2026-04-25 20:43:56,901: +PARAM [/onlane_ai_agent_1/agent_config_path] by /roslaunch
[rosmaster.master][INFO] 2026-04-25 20:43:56,901: +PARAM [/onlane_ai_agent_1/desired_vel] by /roslaunch
[rosmaster.master][INFO] 2026-04-25 20:43:56,901: +PARAM [/onlane_ai_agent_1/autonomous_level] by /roslaunch
[rosmaster.master][INFO] 2026-04-25 20:43:56,901: +PARAM [/onlane_ai_agent_1/aggressiveness_level] by /roslaunch
[rosmaster.master][INFO] 2026-04-25 20:43:56,901: +PARAM [/onlane_ai_agent_2/ego_id] by /roslaunch
[rosmaster.master][INFO] 2026-04-25 20:43:56,901: +PARAM [/onlane_ai_agent_2/agent_config_path] by /roslaunch
[rosmaster.master][INFO] 2026-04-25 20:43:56,901: +PARAM [/onlane_ai_agent_2/desired_vel] by /roslaunch
[rosmaster.master][INFO] 2026-04-25 20:43:56,901: +PARAM [/onlane_ai_agent_2/autonomous_level] by /roslaunch
[rosmaster.master][INFO] 2026-04-25 20:43:56,901: +PARAM [/onlane_ai_agent_2/aggressiveness_level] by /roslaunch
[rosmaster.master][INFO] 2026-04-25 20:43:56,901: +PARAM [/onlane_ai_agent_3/ego_id] by /roslaunch
[rosmaster.master][INFO] 2026-04-25 20:43:56,901: +PARAM [/onlane_ai_agent_3/agent_config_path] by /roslaunch
[rosmaster.master][INFO] 2026-04-25 20:43:56,902: +PARAM [/onlane_ai_agent_3/desired_vel] by /roslaunch
[rosmaster.master][INFO] 2026-04-25 20:43:56,902: +PARAM [/onlane_ai_agent_3/autonomous_level] by /roslaunch
[rosmaster.master][INFO] 2026-04-25 20:43:56,902: +PARAM [/onlane_ai_agent_3/aggressiveness_level] by /roslaunch
[rosmaster.master][INFO] 2026-04-25 20:43:56,902: +PARAM [/onlane_ai_agent_4/ego_id] by /roslaunch
[rosmaster.master][INFO] 2026-04-25 20:43:56,902: +PARAM [/onlane_ai_agent_4/agent_config_path] by /roslaunch
[rosmaster.master][INFO] 2026-04-25 20:43:56,902: +PARAM [/onlane_ai_agent_4/desired_vel] by /roslaunch
[rosmaster.master][INFO] 2026-04-25 20:43:56,902: +PARAM [/onlane_ai_agent_4/autonomous_level] by /roslaunch
[rosmaster.master][INFO] 2026-04-25 20:43:56,902: +PARAM [/onlane_ai_agent_4/aggressiveness_level] by /roslaunch
[rosmaster.master][INFO] 2026-04-25 20:43:56,902: +PARAM [/onlane_ai_agent_5/ego_id] by /roslaunch
[rosmaster.master][INFO] 2026-04-25 20:43:56,902: +PARAM [/onlane_ai_agent_5/agent_config_path] by /roslaunch
[rosmaster.master][INFO] 2026-04-25 20:43:56,902: +PARAM [/onlane_ai_agent_5/desired_vel] by /roslaunch
[rosmaster.master][INFO] 2026-04-25 20:43:56,902: +PARAM [/onlane_ai_agent_5/autonomous_level] by /roslaunch
[rosmaster.master][INFO] 2026-04-25 20:43:56,902: +PARAM [/onlane_ai_agent_5/aggressiveness_level] by /roslaunch
[rosmaster.master][INFO] 2026-04-25 20:43:56,902: +PARAM [/onlane_ai_agent_6/ego_id] by /roslaunch
[rosmaster.master][INFO] 2026-04-25 20:43:56,902: +PARAM [/onlane_ai_agent_6/agent_config_path] by /roslaunch
[rosmaster.master][INFO] 2026-04-25 20:43:56,902: +PARAM [/onlane_ai_agent_6/desired_vel] by /roslaunch
[rosmaster.master][INFO] 2026-04-25 20:43:56,902: +PARAM [/onlane_ai_agent_6/autonomous_level] by /roslaunch
[rosmaster.master][INFO] 2026-04-25 20:43:56,902: +PARAM [/onlane_ai_agent_6/aggressiveness_level] by /roslaunch
[rosmaster.master][INFO] 2026-04-25 20:43:56,902: +PARAM [/onlane_ai_agent_7/ego_id] by /roslaunch
[rosmaster.master][INFO] 2026-04-25 20:43:56,902: +PARAM [/onlane_ai_agent_7/agent_config_path] by /roslaunch
[rosmaster.master][INFO] 2026-04-25 20:43:56,902: +PARAM [/onlane_ai_agent_7/desired_vel] by /roslaunch
[rosmaster.master][INFO] 2026-04-25 20:43:56,902: +PARAM [/onlane_ai_agent_7/autonomous_level] by /roslaunch
[rosmaster.master][INFO] 2026-04-25 20:43:56,902: +PARAM [/onlane_ai_agent_7/aggressiveness_level] by /roslaunch
[rosmaster.master][INFO] 2026-04-25 20:43:56,902: +PARAM [/onlane_ai_agent_8/ego_id] by /roslaunch
[rosmaster.master][INFO] 2026-04-25 20:43:56,902: +PARAM [/onlane_ai_agent_8/agent_config_path] by /roslaunch
[rosmaster.master][INFO] 2026-04-25 20:43:56,902: +PARAM [/onlane_ai_agent_8/desired_vel] by /roslaunch
[rosmaster.master][INFO] 2026-04-25 20:43:56,902: +PARAM [/onlane_ai_agent_8/autonomous_level] by /roslaunch
[rosmaster.master][INFO] 2026-04-25 20:43:56,902: +PARAM [/onlane_ai_agent_8/aggressiveness_level] by /roslaunch
[rosmaster.master][INFO] 2026-04-25 20:43:56,902: +PARAM [/onlane_ai_agent_9/ego_id] by /roslaunch
[rosmaster.master][INFO] 2026-04-25 20:43:56,902: +PARAM [/onlane_ai_agent_9/agent_config_path] by /roslaunch
[rosmaster.master][INFO] 2026-04-25 20:43:56,902: +PARAM [/onlane_ai_agent_9/desired_vel] by /roslaunch
[rosmaster.master][INFO] 2026-04-25 20:43:56,902: +PARAM [/onlane_ai_agent_9/autonomous_level] by /roslaunch
[rosmaster.master][INFO] 2026-04-25 20:43:56,903: +PARAM [/onlane_ai_agent_9/aggressiveness_level] by /roslaunch
[rosmaster.master][INFO] 2026-04-25 20:43:56,903: +PARAM [/onlane_ai_agent_10/ego_id] by /roslaunch
[rosmaster.master][INFO] 2026-04-25 20:43:56,903: +PARAM [/onlane_ai_agent_10/agent_config_path] by /roslaunch
[rosmaster.master][INFO] 2026-04-25 20:43:56,903: +PARAM [/onlane_ai_agent_10/desired_vel] by /roslaunch
[rosmaster.master][INFO] 2026-04-25 20:43:56,903: +PARAM [/onlane_ai_agent_10/autonomous_level] by /roslaunch
[rosmaster.master][INFO] 2026-04-25 20:43:56,903: +PARAM [/onlane_ai_agent_10/aggressiveness_level] by /roslaunch
[rosmaster.master][INFO] 2026-04-25 20:43:56,903: +PARAM [/joy_node/dev] by /roslaunch
[rosmaster.master][INFO] 2026-04-25 20:43:56,903: +PARAM [/phy_simulator_planning_node/vehicle_info_path] by /roslaunch
[rosmaster.master][INFO] 2026-04-25 20:43:56,903: +PARAM [/phy_simulator_planning_node/map_path] by /roslaunch
[rosmaster.master][INFO] 2026-04-25 20:43:56,903: +PARAM [/phy_simulator_planning_node/lane_net_path] by /roslaunch
[rosmaster.master][INFO] 2026-04-25 20:43:56,903: +SERVICE [/rosout/get_loggers] /rosout http://y:46445/
[rosmaster.master][INFO] 2026-04-25 20:43:56,903: +SERVICE [/rosout/set_logger_level] /rosout http://y:46445/
[rosmaster.master][INFO] 2026-04-25 20:43:56,904: +PUB [/rosout_agg] /rosout http://y:46445/
[rosmaster.master][INFO] 2026-04-25 20:43:56,905: +SUB [/rosout] /rosout http://y:46445/
[rosmaster.master][INFO] 2026-04-25 20:43:56,930: +PUB [/rosout] /test_ssc_with_eudm_0 http://y:35737/
[rosmaster.master][INFO] 2026-04-25 20:43:56,930: +SERVICE [/test_ssc_with_eudm_0/get_loggers] /test_ssc_with_eudm_0 http://y:35737/
[rosmaster.master][INFO] 2026-04-25 20:43:56,930: +SERVICE [/test_ssc_with_eudm_0/set_logger_level] /test_ssc_with_eudm_0 http://y:35737/
[rosmaster.master][INFO] 2026-04-25 20:43:56,937: +PUB [/rosout] /onlane_ai_agent_1 http://y:43441/
[rosmaster.master][INFO] 2026-04-25 20:43:56,937: +PUB [/tf] /test_ssc_with_eudm_0 http://y:35737/
[rosmaster.master][INFO] 2026-04-25 20:43:56,938: +PUB [/vis/agent_0/ego_vehicle_vis] /test_ssc_with_eudm_0 http://y:35737/
[rosmaster.master][INFO] 2026-04-25 20:43:56,938: +PUB [/vis/agent_0/obstacle_map] /test_ssc_with_eudm_0 http://y:35737/
[rosmaster.master][INFO] 2026-04-25 20:43:56,939: +SERVICE [/onlane_ai_agent_1/get_loggers] /onlane_ai_agent_1 http://y:43441/
[rosmaster.master][INFO] 2026-04-25 20:43:56,942: +PUB [/vis/agent_0/surrounding_lane_net_vis] /test_ssc_with_eudm_0 http://y:35737/
[rosmaster.master][INFO] 2026-04-25 20:43:56,942: +PUB [/rosout] /onlane_ai_agent_3 http://y:34035/
[rosmaster.master][INFO] 2026-04-25 20:43:56,942: +PUB [/vis/agent_0/local_lanes_vis] /test_ssc_with_eudm_0 http://y:35737/
[rosmaster.master][INFO] 2026-04-25 20:43:56,944: +SERVICE [/onlane_ai_agent_1/set_logger_level] /onlane_ai_agent_1 http://y:43441/
[rosmaster.master][INFO] 2026-04-25 20:43:56,944: +PUB [/vis/agent_0/ego_behavior_vis] /test_ssc_with_eudm_0 http://y:35737/
[rosmaster.master][INFO] 2026-04-25 20:43:56,944: +PUB [/vis/agent_0/pred_traj_openloop_vis] /test_ssc_with_eudm_0 http://y:35737/
[rosmaster.master][INFO] 2026-04-25 20:43:56,945: +PUB [/vis/agent_0/pred_initial_intention_vis] /test_ssc_with_eudm_0 http://y:35737/
[rosmaster.master][INFO] 2026-04-25 20:43:56,945: +PUB [/vis/agent_0/surrounding_vehicle_vis] /test_ssc_with_eudm_0 http://y:35737/
[rosmaster.master][INFO] 2026-04-25 20:43:56,945: +PUB [/rosout] /onlane_ai_agent_2 http://y:33667/
[rosmaster.master][INFO] 2026-04-25 20:43:56,946: +PUB [/vis/agent_0/speed_limit] /test_ssc_with_eudm_0 http://y:35737/
[rosmaster.master][INFO] 2026-04-25 20:43:56,946: +SERVICE [/onlane_ai_agent_2/get_loggers] /onlane_ai_agent_2 http://y:33667/
[rosmaster.master][INFO] 2026-04-25 20:43:56,946: +SERVICE [/onlane_ai_agent_2/set_logger_level] /onlane_ai_agent_2 http://y:33667/
[rosmaster.master][INFO] 2026-04-25 20:43:56,947: +PUB [/ctrl/agent_2] /onlane_ai_agent_2 http://y:33667/
[rosmaster.master][INFO] 2026-04-25 20:43:56,947: +PUB [/rosout] /onlane_ai_agent_4 http://y:33353/
[rosmaster.master][INFO] 2026-04-25 20:43:56,948: +PUB [/vis/agent_0/ssc/map_vis] /test_ssc_with_eudm_0 http://y:35737/
[rosmaster.master][INFO] 2026-04-25 20:43:56,951: +SERVICE [/onlane_ai_agent_4/get_loggers] /onlane_ai_agent_4 http://y:33353/
[rosmaster.master][INFO] 2026-04-25 20:43:56,954: +PUB [/vis/agent_0/ssc/qp_vis] /test_ssc_with_eudm_0 http://y:35737/
[rosmaster.master][INFO] 2026-04-25 20:43:56,954: +PUB [/tf] /onlane_ai_agent_2 http://y:33667/
[rosmaster.master][INFO] 2026-04-25 20:43:56,954: +PUB [/rosout] /onlane_ai_agent_5 http://y:38823/
[rosmaster.master][INFO] 2026-04-25 20:43:56,955: +PUB [/vis/agent_2/ego_vehicle_vis] /onlane_ai_agent_2 http://y:33667/
[rosmaster.master][INFO] 2026-04-25 20:43:56,958: +PUB [/vis/agent_0/ssc/ego_fs_vis] /test_ssc_with_eudm_0 http://y:35737/
[rosmaster.master][INFO] 2026-04-25 20:43:56,958: +SERVICE [/onlane_ai_agent_3/get_loggers] /onlane_ai_agent_3 http://y:34035/
[rosmaster.master][INFO] 2026-04-25 20:43:56,959: +SERVICE [/onlane_ai_agent_4/set_logger_level] /onlane_ai_agent_4 http://y:33353/
[rosmaster.master][INFO] 2026-04-25 20:43:56,959: +SERVICE [/onlane_ai_agent_5/get_loggers] /onlane_ai_agent_5 http://y:38823/
[rosmaster.master][INFO] 2026-04-25 20:43:56,959: +PUB [/vis/agent_2/obstacle_map] /onlane_ai_agent_2 http://y:33667/
[rosmaster.master][INFO] 2026-04-25 20:43:56,963: +PUB [/vis/agent_0/ssc/forward_trajs_vis] /test_ssc_with_eudm_0 http://y:35737/
[rosmaster.master][INFO] 2026-04-25 20:43:56,963: +PUB [/rosout] /onlane_ai_agent_6 http://y:41841/
[rosmaster.master][INFO] 2026-04-25 20:43:56,965: +SERVICE [/onlane_ai_agent_3/set_logger_level] /onlane_ai_agent_3 http://y:34035/
[rosmaster.master][INFO] 2026-04-25 20:43:56,966: +SERVICE [/onlane_ai_agent_5/set_logger_level] /onlane_ai_agent_5 http://y:38823/
[rosmaster.master][INFO] 2026-04-25 20:43:56,967: +PUB [/vis/agent_2/surrounding_lane_net_vis] /onlane_ai_agent_2 http://y:33667/
[rosmaster.master][INFO] 2026-04-25 20:43:56,968: +SERVICE [/onlane_ai_agent_6/get_loggers] /onlane_ai_agent_6 http://y:41841/
[rosmaster.master][INFO] 2026-04-25 20:43:56,968: +PUB [/vis/agent_0/ssc/sur_vehicle_trajs_vis] /test_ssc_with_eudm_0 http://y:35737/
[rosmaster.master][INFO] 2026-04-25 20:43:56,968: +PUB [/ctrl/agent_4] /onlane_ai_agent_4 http://y:33353/
[rosmaster.master][INFO] 2026-04-25 20:43:56,969: +PUB [/ctrl/agent_3] /onlane_ai_agent_3 http://y:34035/
[rosmaster.master][INFO] 2026-04-25 20:43:56,969: +PUB [/vis/agent_2/local_lanes_vis] /onlane_ai_agent_2 http://y:33667/
[rosmaster.master][INFO] 2026-04-25 20:43:56,969: +PUB [/rosout] /onlane_ai_agent_7 http://y:38439/
[rosmaster.master][INFO] 2026-04-25 20:43:56,972: +SERVICE [/onlane_ai_agent_6/set_logger_level] /onlane_ai_agent_6 http://y:41841/
[rosmaster.master][INFO] 2026-04-25 20:43:56,973: +PUB [/ctrl/agent_1] /onlane_ai_agent_1 http://y:43441/
[rosmaster.master][INFO] 2026-04-25 20:43:56,974: +PUB [/vis/agent_2/ego_behavior_vis] /onlane_ai_agent_2 http://y:33667/
[rosmaster.master][INFO] 2026-04-25 20:43:56,974: +PUB [/vis/agent_0/ssc/corridor_vis] /test_ssc_with_eudm_0 http://y:35737/
[rosmaster.master][INFO] 2026-04-25 20:43:56,975: +PUB [/vis/agent_2/pred_traj_openloop_vis] /onlane_ai_agent_2 http://y:33667/
[rosmaster.master][INFO] 2026-04-25 20:43:56,977: +PUB [/vis/agent_2/pred_initial_intention_vis] /onlane_ai_agent_2 http://y:33667/
[rosmaster.master][INFO] 2026-04-25 20:43:56,977: +PUB [/ctrl/agent_6] /onlane_ai_agent_6 http://y:41841/
[rosmaster.master][INFO] 2026-04-25 20:43:56,978: +PUB [/tf] /onlane_ai_agent_4 http://y:33353/
[rosmaster.master][INFO] 2026-04-25 20:43:56,978: +PUB [/vis/agent_2/surrounding_vehicle_vis] /onlane_ai_agent_2 http://y:33667/
[rosmaster.master][INFO] 2026-04-25 20:43:56,978: +PUB [/rosout] /onlane_ai_agent_9 http://y:40515/
[rosmaster.master][INFO] 2026-04-25 20:43:56,979: +PUB [/vis/agent_2/speed_limit] /onlane_ai_agent_2 http://y:33667/
[rosmaster.master][INFO] 2026-04-25 20:43:56,979: +PUB [/tf] /onlane_ai_agent_3 http://y:34035/
[rosmaster.master][INFO] 2026-04-25 20:43:56,979: +SERVICE [/onlane_ai_agent_9/get_loggers] /onlane_ai_agent_9 http://y:40515/
[rosmaster.master][INFO] 2026-04-25 20:43:56,980: +PUB [/vis/agent_3/ego_vehicle_vis] /onlane_ai_agent_3 http://y:34035/
[rosmaster.master][INFO] 2026-04-25 20:43:56,981: +PUB [/vis/agent_3/obstacle_map] /onlane_ai_agent_3 http://y:34035/
[rosmaster.master][INFO] 2026-04-25 20:43:56,981: publisherUpdate[/rosout] -> http://y:46445/ ['http://y:35737/']
[rosmaster.master][INFO] 2026-04-25 20:43:56,981: +PUB [/vis/agent_4/ego_vehicle_vis] /onlane_ai_agent_4 http://y:33353/
[rosmaster.master][INFO] 2026-04-25 20:43:56,984: +SERVICE [/onlane_ai_agent_7/get_loggers] /onlane_ai_agent_7 http://y:38439/
[rosmaster.master][INFO] 2026-04-25 20:43:56,984: publisherUpdate[/rosout] -> http://y:46445/ ['http://y:35737/']: sec=0.00, result=[1, '', 0]
[rosmaster.master][INFO] 2026-04-25 20:43:56,984: publisherUpdate[/rosout] -> http://y:46445/ ['http://y:35737/', 'http://y:43441/']
[rosmaster.master][INFO] 2026-04-25 20:43:56,985: publisherUpdate[/rosout] -> http://y:46445/ ['http://y:35737/', 'http://y:43441/']: sec=0.00, result=[1, '', 0]
[rosmaster.master][INFO] 2026-04-25 20:43:56,985: publisherUpdate[/rosout] -> http://y:46445/ ['http://y:35737/', 'http://y:43441/', 'http://y:34035/']
[rosmaster.master][INFO] 2026-04-25 20:43:56,987: publisherUpdate[/rosout] -> http://y:46445/ ['http://y:35737/', 'http://y:43441/', 'http://y:34035/']: sec=0.00, result=[1, '', 0]
[rosmaster.master][INFO] 2026-04-25 20:43:56,987: +PUB [/vis/agent_3/surrounding_lane_net_vis] /onlane_ai_agent_3 http://y:34035/
[rosmaster.master][INFO] 2026-04-25 20:43:56,987: publisherUpdate[/rosout] -> http://y:46445/ ['http://y:35737/', 'http://y:43441/', 'http://y:34035/', 'http://y:33667/']
[rosmaster.master][INFO] 2026-04-25 20:43:56,988: +SUB [/arena_info_static] /onlane_ai_agent_2 http://y:33667/
[rosmaster.master][INFO] 2026-04-25 20:43:56,988: publisherUpdate[/rosout] -> http://y:46445/ ['http://y:35737/', 'http://y:43441/', 'http://y:34035/', 'http://y:33667/']: sec=0.00, result=[1, '', 0]
[rosmaster.master][INFO] 2026-04-25 20:43:56,988: publisherUpdate[/rosout] -> http://y:46445/ ['http://y:35737/', 'http://y:43441/', 'http://y:34035/', 'http://y:33667/', 'http://y:33353/']
[rosmaster.master][INFO] 2026-04-25 20:43:56,988: +PUB [/rosout] /onlane_ai_agent_10 http://y:44211/
[rosmaster.master][INFO] 2026-04-25 20:43:56,988: +PUB [/tf] /onlane_ai_agent_6 http://y:41841/
[rosmaster.master][INFO] 2026-04-25 20:43:56,988: +SERVICE [/onlane_ai_agent_7/set_logger_level] /onlane_ai_agent_7 http://y:38439/
[rosmaster.master][INFO] 2026-04-25 20:43:56,989: +PUB [/vis/agent_3/local_lanes_vis] /onlane_ai_agent_3 http://y:34035/
[rosmaster.master][INFO] 2026-04-25 20:43:56,989: publisherUpdate[/rosout] -> http://y:46445/ ['http://y:35737/', 'http://y:43441/', 'http://y:34035/', 'http://y:33667/', 'http://y:33353/']: sec=0.00, result=[1, '', 0]
[rosmaster.master][INFO] 2026-04-25 20:43:56,990: publisherUpdate[/rosout] -> http://y:46445/ ['http://y:35737/', 'http://y:43441/', 'http://y:34035/', 'http://y:33667/', 'http://y:33353/', 'http://y:38823/']
[rosmaster.master][INFO] 2026-04-25 20:43:56,990: +PUB [/vis/agent_4/obstacle_map] /onlane_ai_agent_4 http://y:33353/
[rosmaster.master][INFO] 2026-04-25 20:43:56,995: publisherUpdate[/rosout] -> http://y:46445/ ['http://y:35737/', 'http://y:43441/', 'http://y:34035/', 'http://y:33667/', 'http://y:33353/', 'http://y:38823/']: sec=0.00, result=[1, '', 0]
[rosmaster.master][INFO] 2026-04-25 20:43:56,995: publisherUpdate[/rosout] -> http://y:46445/ ['http://y:35737/', 'http://y:43441/', 'http://y:34035/', 'http://y:33667/', 'http://y:33353/', 'http://y:38823/', 'http://y:41841/']
[rosmaster.master][INFO] 2026-04-25 20:43:56,995: +SERVICE [/onlane_ai_agent_9/set_logger_level] /onlane_ai_agent_9 http://y:40515/
[rosmaster.master][INFO] 2026-04-25 20:43:56,995: +SERVICE [/onlane_ai_agent_10/get_loggers] /onlane_ai_agent_10 http://y:44211/
[rosmaster.master][INFO] 2026-04-25 20:43:56,996: +PUB [/vis/agent_6/ego_vehicle_vis] /onlane_ai_agent_6 http://y:41841/
[rosmaster.master][INFO] 2026-04-25 20:43:56,997: +PUB [/vis/agent_3/ego_behavior_vis] /onlane_ai_agent_3 http://y:34035/
[rosmaster.master][INFO] 2026-04-25 20:43:56,997: publisherUpdate[/rosout] -> http://y:46445/ ['http://y:35737/', 'http://y:43441/', 'http://y:34035/', 'http://y:33667/', 'http://y:33353/', 'http://y:38823/', 'http://y:41841/']: sec=0.00, result=[1, '', 0]
[rosmaster.master][INFO] 2026-04-25 20:43:56,999: publisherUpdate[/rosout] -> http://y:46445/ ['http://y:35737/', 'http://y:43441/', 'http://y:34035/', 'http://y:33667/', 'http://y:33353/', 'http://y:38823/', 'http://y:41841/', 'http://y:38439/']
[rosmaster.master][INFO] 2026-04-25 20:43:56,998: +SUB [/arena_info_dynamic] /onlane_ai_agent_2 http://y:33667/
[rosmaster.master][INFO] 2026-04-25 20:43:57,000: +PUB [/vis/agent_4/surrounding_lane_net_vis] /onlane_ai_agent_4 http://y:33353/
[rosmaster.master][INFO] 2026-04-25 20:43:57,000: +PUB [/vis/agent_6/obstacle_map] /onlane_ai_agent_6 http://y:41841/
[rosmaster.master][INFO] 2026-04-25 20:43:57,001: +PUB [/vis/agent_4/local_lanes_vis] /onlane_ai_agent_4 http://y:33353/
[rosmaster.master][INFO] 2026-04-25 20:43:57,001: publisherUpdate[/rosout] -> http://y:46445/ ['http://y:35737/', 'http://y:43441/', 'http://y:34035/', 'http://y:33667/', 'http://y:33353/', 'http://y:38823/', 'http://y:41841/', 'http://y:38439/']: sec=0.00, result=[1, '', 0]
[rosmaster.master][INFO] 2026-04-25 20:43:57,001: publisherUpdate[/rosout] -> http://y:46445/ ['http://y:35737/', 'http://y:43441/', 'http://y:34035/', 'http://y:33667/', 'http://y:33353/', 'http://y:38823/', 'http://y:41841/', 'http://y:38439/', 'http://y:40515/']
[rosmaster.master][INFO] 2026-04-25 20:43:57,001: +PUB [/rosout] /onlane_ai_agent_8 http://y:34927/
[rosmaster.master][INFO] 2026-04-25 20:43:57,002: publisherUpdate[/rosout] -> http://y:46445/ ['http://y:35737/', 'http://y:43441/', 'http://y:34035/', 'http://y:33667/', 'http://y:33353/', 'http://y:38823/', 'http://y:41841/', 'http://y:38439/', 'http://y:40515/']: sec=0.00, result=[1, '', 0]
[rosmaster.master][INFO] 2026-04-25 20:43:57,002: publisherUpdate[/rosout] -> http://y:46445/ ['http://y:35737/', 'http://y:43441/', 'http://y:34035/', 'http://y:33667/', 'http://y:33353/', 'http://y:38823/', 'http://y:41841/', 'http://y:38439/', 'http://y:40515/', 'http://y:44211/']
[rosmaster.master][INFO] 2026-04-25 20:43:57,002: publisherUpdate[/rosout] -> http://y:46445/ ['http://y:35737/', 'http://y:43441/', 'http://y:34035/', 'http://y:33667/', 'http://y:33353/', 'http://y:38823/', 'http://y:41841/', 'http://y:38439/', 'http://y:40515/', 'http://y:44211/']: sec=0.00, result=[1, '', 0]
[rosmaster.master][INFO] 2026-04-25 20:43:57,002: publisherUpdate[/rosout] -> http://y:46445/ ['http://y:35737/', 'http://y:43441/', 'http://y:34035/', 'http://y:33667/', 'http://y:33353/', 'http://y:38823/', 'http://y:41841/', 'http://y:38439/', 'http://y:40515/', 'http://y:44211/', 'http://y:34927/']
[rosmaster.master][INFO] 2026-04-25 20:43:57,003: publisherUpdate[/rosout] -> http://y:46445/ ['http://y:35737/', 'http://y:43441/', 'http://y:34035/', 'http://y:33667/', 'http://y:33353/', 'http://y:38823/', 'http://y:41841/', 'http://y:38439/', 'http://y:40515/', 'http://y:44211/', 'http://y:34927/']: sec=0.00, result=[1, '', 0]
[rosmaster.master][INFO] 2026-04-25 20:43:57,003: +PUB [/ctrl/agent_7] /onlane_ai_agent_7 http://y:38439/
[rosmaster.master][INFO] 2026-04-25 20:43:57,004: +PUB [/vis/agent_3/pred_traj_openloop_vis] /onlane_ai_agent_3 http://y:34035/
[rosmaster.master][INFO] 2026-04-25 20:43:57,006: +SERVICE [/onlane_ai_agent_10/set_logger_level] /onlane_ai_agent_10 http://y:44211/
[rosmaster.master][INFO] 2026-04-25 20:43:57,006: +SERVICE [/onlane_ai_agent_8/get_loggers] /onlane_ai_agent_8 http://y:34927/
[rosmaster.master][INFO] 2026-04-25 20:43:57,007: +PUB [/vis/agent_4/ego_behavior_vis] /onlane_ai_agent_4 http://y:33353/
[rosmaster.master][INFO] 2026-04-25 20:43:57,007: +PUB [/vis/agent_6/surrounding_lane_net_vis] /onlane_ai_agent_6 http://y:41841/
[rosmaster.master][INFO] 2026-04-25 20:43:57,010: +SUB [/joy] /onlane_ai_agent_2 http://y:33667/
[rosmaster.master][INFO] 2026-04-25 20:43:57,012: +SUB [/joy] /test_ssc_with_eudm_0 http://y:35737/
[rosmaster.master][INFO] 2026-04-25 20:43:57,017: +PUB [/vis/agent_4/pred_traj_openloop_vis] /onlane_ai_agent_4 http://y:33353/
[rosmaster.master][INFO] 2026-04-25 20:43:57,018: +PUB [/vis/agent_3/pred_initial_intention_vis] /onlane_ai_agent_3 http://y:34035/
[rosmaster.master][INFO] 2026-04-25 20:43:57,018: +PUB [/vis/agent_3/surrounding_vehicle_vis] /onlane_ai_agent_3 http://y:34035/
[rosmaster.master][INFO] 2026-04-25 20:43:57,021: +PUB [/vis/agent_6/local_lanes_vis] /onlane_ai_agent_6 http://y:41841/
[rosmaster.master][INFO] 2026-04-25 20:43:57,022: +PUB [/vis/agent_4/pred_initial_intention_vis] /onlane_ai_agent_4 http://y:33353/
[rosmaster.master][INFO] 2026-04-25 20:43:57,022: +PUB [/ctrl/agent_10] /onlane_ai_agent_10 http://y:44211/
[rosmaster.master][INFO] 2026-04-25 20:43:57,023: +PUB [/vis/agent_2/forward_trajs] /onlane_ai_agent_2 http://y:33667/
[rosmaster.master][INFO] 2026-04-25 20:43:57,023: +PUB [/rosout] /phy_simulator_planning_node http://y:42965/
[rosmaster.master][INFO] 2026-04-25 20:43:57,024: +PUB [/ctrl/agent_9] /onlane_ai_agent_9 http://y:40515/
[rosmaster.master][INFO] 2026-04-25 20:43:57,024: +PUB [/vis/agent_3/speed_limit] /onlane_ai_agent_3 http://y:34035/
[rosmaster.master][INFO] 2026-04-25 20:43:57,025: +SERVICE [/onlane_ai_agent_8/set_logger_level] /onlane_ai_agent_8 http://y:34927/
[rosmaster.master][INFO] 2026-04-25 20:43:57,025: +PUB [/vis/agent_0/forward_trajs] /test_ssc_with_eudm_0 http://y:35737/
[rosmaster.master][INFO] 2026-04-25 20:43:57,026: +PUB [/vis/agent_4/surrounding_vehicle_vis] /onlane_ai_agent_4 http://y:33353/
[rosmaster.master][INFO] 2026-04-25 20:43:57,026: +PUB [/tf] /onlane_ai_agent_10 http://y:44211/
[rosmaster.master][INFO] 2026-04-25 20:43:57,026: +PUB [/vis/agent_10/ego_vehicle_vis] /onlane_ai_agent_10 http://y:44211/
[rosmaster.master][INFO] 2026-04-25 20:43:57,027: +PUB [/vis/agent_10/obstacle_map] /onlane_ai_agent_10 http://y:44211/
[rosmaster.master][INFO] 2026-04-25 20:43:57,027: +PUB [/vis/agent_10/surrounding_lane_net_vis] /onlane_ai_agent_10 http://y:44211/
[rosmaster.master][INFO] 2026-04-25 20:43:57,027: +PUB [/vis/agent_10/local_lanes_vis] /onlane_ai_agent_10 http://y:44211/
[rosmaster.master][INFO] 2026-04-25 20:43:57,027: +PUB [/vis/agent_10/ego_behavior_vis] /onlane_ai_agent_10 http://y:44211/
[rosmaster.master][INFO] 2026-04-25 20:43:57,028: +PUB [/vis/agent_10/pred_traj_openloop_vis] /onlane_ai_agent_10 http://y:44211/
[rosmaster.master][INFO] 2026-04-25 20:43:57,030: +PUB [/tf] /onlane_ai_agent_1 http://y:43441/
[rosmaster.master][INFO] 2026-04-25 20:43:57,030: +PUB [/vis/agent_4/speed_limit] /onlane_ai_agent_4 http://y:33353/
[rosmaster.master][INFO] 2026-04-25 20:43:57,031: +SUB [/arena_info_static] /onlane_ai_agent_3 http://y:34035/
[rosmaster.master][INFO] 2026-04-25 20:43:57,031: +PUB [/vis/agent_10/pred_initial_intention_vis] /onlane_ai_agent_10 http://y:44211/
[rosmaster.master][INFO] 2026-04-25 20:43:57,031: +PUB [/vis/agent_10/surrounding_vehicle_vis] /onlane_ai_agent_10 http://y:44211/
[rosmaster.master][INFO] 2026-04-25 20:43:57,035: +PUB [/vis/agent_10/speed_limit] /onlane_ai_agent_10 http://y:44211/
[rosmaster.master][INFO] 2026-04-25 20:43:57,036: +PUB [/vis/agent_1/ego_vehicle_vis] /onlane_ai_agent_1 http://y:43441/
[rosmaster.master][INFO] 2026-04-25 20:43:57,036: +PUB [/vis/agent_1/obstacle_map] /onlane_ai_agent_1 http://y:43441/
[rosmaster.master][INFO] 2026-04-25 20:43:57,036: +PUB [/vis/agent_1/surrounding_lane_net_vis] /onlane_ai_agent_1 http://y:43441/
[rosmaster.master][INFO] 2026-04-25 20:43:57,037: +PUB [/ctrl/agent_5] /onlane_ai_agent_5 http://y:38823/
[rosmaster.master][INFO] 2026-04-25 20:43:57,037: +SUB [/arena_info_dynamic] /onlane_ai_agent_3 http://y:34035/
[rosmaster.master][INFO] 2026-04-25 20:43:57,037: +PUB [/vis/agent_1/local_lanes_vis] /onlane_ai_agent_1 http://y:43441/
[rosmaster.master][INFO] 2026-04-25 20:43:57,038: +SUB [/arena_info_static] /onlane_ai_agent_10 http://y:44211/
[rosmaster.master][INFO] 2026-04-25 20:43:57,039: +SUB [/joy] /onlane_ai_agent_3 http://y:34035/
[rosmaster.master][INFO] 2026-04-25 20:43:57,054: +PUB [/vis/agent_3/forward_trajs] /onlane_ai_agent_3 http://y:34035/
[rosmaster.master][INFO] 2026-04-25 20:43:57,054: +PUB [/vis/agent_6/ego_behavior_vis] /onlane_ai_agent_6 http://y:41841/
[rosmaster.master][INFO] 2026-04-25 20:43:57,054: +SERVICE [/phy_simulator_planning_node/get_loggers] /phy_simulator_planning_node http://y:42965/
[rosmaster.master][INFO] 2026-04-25 20:43:57,054: +PUB [/ctrl/agent_8] /onlane_ai_agent_8 http://y:34927/
[rosmaster.master][INFO] 2026-04-25 20:43:57,054: +SUB [/arena_info_dynamic] /onlane_ai_agent_10 http://y:44211/
[rosmaster.master][INFO] 2026-04-25 20:43:57,055: +SERVICE [/phy_simulator_planning_node/set_logger_level] /phy_simulator_planning_node http://y:42965/
[rosmaster.master][INFO] 2026-04-25 20:43:57,056: +SUB [/arena_info_static] /onlane_ai_agent_4 http://y:33353/
[rosmaster.master][INFO] 2026-04-25 20:43:57,057: +PUB [/tf] /onlane_ai_agent_9 http://y:40515/
[rosmaster.master][INFO] 2026-04-25 20:43:57,057: +PUB [/vis/agent_9/ego_vehicle_vis] /onlane_ai_agent_9 http://y:40515/
[rosmaster.master][INFO] 2026-04-25 20:43:57,058: +PUB [/vis/agent_1/ego_behavior_vis] /onlane_ai_agent_1 http://y:43441/
[rosmaster.master][INFO] 2026-04-25 20:43:57,059: +SUB [/joy] /onlane_ai_agent_10 http://y:44211/
[rosmaster.master][INFO] 2026-04-25 20:43:57,059: +PUB [/vis/agent_9/obstacle_map] /onlane_ai_agent_9 http://y:40515/
[rosmaster.master][INFO] 2026-04-25 20:43:57,064: +PUB [/vis/agent_1/pred_traj_openloop_vis] /onlane_ai_agent_1 http://y:43441/
[rosmaster.master][INFO] 2026-04-25 20:43:57,064: +SUB [/arena_info_dynamic] /onlane_ai_agent_4 http://y:33353/
[rosmaster.master][INFO] 2026-04-25 20:43:57,065: +PUB [/arena_info_static] /phy_simulator_planning_node http://y:42965/
[rosmaster.master][INFO] 2026-04-25 20:43:57,065: +PUB [/vis/agent_10/forward_trajs] /onlane_ai_agent_10 http://y:44211/
[rosmaster.master][INFO] 2026-04-25 20:43:57,065: +PUB [/ctrl/agent_0] /test_ssc_with_eudm_0 http://y:35737/
[rosmaster.master][INFO] 2026-04-25 20:43:57,066: +PUB [/arena_info_dynamic] /phy_simulator_planning_node http://y:42965/
[rosmaster.master][INFO] 2026-04-25 20:43:57,066: +PUB [/vis/agent_1/pred_initial_intention_vis] /onlane_ai_agent_1 http://y:43441/
[rosmaster.master][INFO] 2026-04-25 20:43:57,067: +PUB [/vis/agent_9/surrounding_lane_net_vis] /onlane_ai_agent_9 http://y:40515/
[rosmaster.master][INFO] 2026-04-25 20:43:57,067: +PUB [/test_ssc_with_eudm_0/ssc_map] /test_ssc_with_eudm_0 http://y:35737/
[rosmaster.master][INFO] 2026-04-25 20:43:57,067: +PUB [/vis/agent_6/pred_traj_openloop_vis] /onlane_ai_agent_6 http://y:41841/
[rosmaster.master][INFO] 2026-04-25 20:43:57,068: +PUB [/vis/agent_9/local_lanes_vis] /onlane_ai_agent_9 http://y:40515/
[rosmaster.master][INFO] 2026-04-25 20:43:57,068: +PUB [/vis/agent_1/surrounding_vehicle_vis] /onlane_ai_agent_1 http://y:43441/
[rosmaster.master][INFO] 2026-04-25 20:43:57,068: +SUB [/joy] /onlane_ai_agent_4 http://y:33353/
[rosmaster.master][INFO] 2026-04-25 20:43:57,069: +PUB [/tf] /onlane_ai_agent_7 http://y:38439/
[rosmaster.master][INFO] 2026-04-25 20:43:57,069: +PUB [/vis/agent_0/ssc/exec_traj] /test_ssc_with_eudm_0 http://y:35737/
[rosmaster.master][INFO] 2026-04-25 20:43:57,071: +PUB [/phy_simulator_planning_node/vis/vehicle_set_vis] /phy_simulator_planning_node http://y:42965/
[rosmaster.master][INFO] 2026-04-25 20:43:57,072: +PUB [/tf] /onlane_ai_agent_5 http://y:38823/
[rosmaster.master][INFO] 2026-04-25 20:43:57,073: +PUB [/vis/agent_6/pred_initial_intention_vis] /onlane_ai_agent_6 http://y:41841/
[rosmaster.master][INFO] 2026-04-25 20:43:57,074: +PUB [/vis/agent_9/ego_behavior_vis] /onlane_ai_agent_9 http://y:40515/
[rosmaster.master][INFO] 2026-04-25 20:43:57,075: +PUB [/vis/agent_1/speed_limit] /onlane_ai_agent_1 http://y:43441/
[rosmaster.master][INFO] 2026-04-25 20:43:57,075: +PUB [/vis/agent_7/ego_vehicle_vis] /onlane_ai_agent_7 http://y:38439/
[rosmaster.master][INFO] 2026-04-25 20:43:57,075: +PUB [/vis/agent_4/forward_trajs] /onlane_ai_agent_4 http://y:33353/
[rosmaster.master][INFO] 2026-04-25 20:43:57,075: +PUB [/phy_simulator_planning_node/vis/lane_net_vis] /phy_simulator_planning_node http://y:42965/
[rosmaster.master][INFO] 2026-04-25 20:43:57,075: +PUB [/vis/agent_5/ego_vehicle_vis] /onlane_ai_agent_5 http://y:38823/
[rosmaster.master][INFO] 2026-04-25 20:43:57,076: +PUB [/vis/agent_6/surrounding_vehicle_vis] /onlane_ai_agent_6 http://y:41841/
[rosmaster.master][INFO] 2026-04-25 20:43:57,077: +PUB [/vis/agent_9/pred_traj_openloop_vis] /onlane_ai_agent_9 http://y:40515/
[rosmaster.master][INFO] 2026-04-25 20:43:57,077: +SUB [/arena_info_static] /test_ssc_with_eudm_0 http://y:35737/
[rosmaster.master][INFO] 2026-04-25 20:43:57,077: +PUB [/vis/agent_5/obstacle_map] /onlane_ai_agent_5 http://y:38823/
[rosmaster.master][INFO] 2026-04-25 20:43:57,078: +PUB [/phy_simulator_planning_node/vis/obstacle_set_vis] /phy_simulator_planning_node http://y:42965/
[rosmaster.master][INFO] 2026-04-25 20:43:57,078: +PUB [/vis/agent_7/obstacle_map] /onlane_ai_agent_7 http://y:38439/
[rosmaster.master][INFO] 2026-04-25 20:43:57,078: +PUB [/vis/agent_6/speed_limit] /onlane_ai_agent_6 http://y:41841/
[rosmaster.master][INFO] 2026-04-25 20:43:57,078: +SUB [/arena_info_static] /onlane_ai_agent_1 http://y:43441/
[rosmaster.master][INFO] 2026-04-25 20:43:57,081: +PUB [/vis/agent_5/surrounding_lane_net_vis] /onlane_ai_agent_5 http://y:38823/
[rosmaster.master][INFO] 2026-04-25 20:43:57,082: publisherUpdate[/rosout] -> http://y:46445/ ['http://y:35737/', 'http://y:43441/', 'http://y:34035/', 'http://y:33667/', 'http://y:33353/', 'http://y:38823/', 'http://y:41841/', 'http://y:38439/', 'http://y:40515/', 'http://y:44211/', 'http://y:34927/', 'http://y:42965/']
[rosmaster.master][INFO] 2026-04-25 20:43:57,082: publisherUpdate[/arena_info_static] -> http://y:33667/ ['http://y:42965/']
[rosmaster.master][INFO] 2026-04-25 20:43:57,082: +PUB [/vis/agent_9/pred_initial_intention_vis] /onlane_ai_agent_9 http://y:40515/
[rosmaster.master][INFO] 2026-04-25 20:43:57,082: +PUB [/vis/agent_7/surrounding_lane_net_vis] /onlane_ai_agent_7 http://y:38439/
[rosmaster.master][INFO] 2026-04-25 20:43:57,083: publisherUpdate[/arena_info_static] -> http://y:33667/ ['http://y:42965/']: sec=0.00, result=[1, '', 0]
[rosmaster.master][INFO] 2026-04-25 20:43:57,084: publisherUpdate[/arena_info_static] -> http://y:34035/ ['http://y:42965/']
[rosmaster.master][INFO] 2026-04-25 20:43:57,084: publisherUpdate[/rosout] -> http://y:46445/ ['http://y:35737/', 'http://y:43441/', 'http://y:34035/', 'http://y:33667/', 'http://y:33353/', 'http://y:38823/', 'http://y:41841/', 'http://y:38439/', 'http://y:40515/', 'http://y:44211/', 'http://y:34927/', 'http://y:42965/']: sec=0.00, result=[1, '', 0]
[rosmaster.master][INFO] 2026-04-25 20:43:57,084: +SUB [/arena_info_static] /onlane_ai_agent_6 http://y:41841/
[rosmaster.master][INFO] 2026-04-25 20:43:57,085: +SUB [/arena_info_dynamic] /onlane_ai_agent_1 http://y:43441/
[rosmaster.master][INFO] 2026-04-25 20:43:57,085: publisherUpdate[/arena_info_static] -> http://y:44211/ ['http://y:42965/']
[rosmaster.master][INFO] 2026-04-25 20:43:57,085: +SUB [/arena_info_dynamic] /test_ssc_with_eudm_0 http://y:35737/
[rosmaster.master][INFO] 2026-04-25 20:43:57,086: publisherUpdate[/arena_info_static] -> http://y:34035/ ['http://y:42965/']: sec=0.00, result=[1, '', 0]
[rosmaster.master][INFO] 2026-04-25 20:43:57,089: +PUB [/vis/agent_5/local_lanes_vis] /onlane_ai_agent_5 http://y:38823/
[rosmaster.master][INFO] 2026-04-25 20:43:57,089: publisherUpdate[/arena_info_static] -> http://y:33353/ ['http://y:42965/']
[rosmaster.master][INFO] 2026-04-25 20:43:57,090: publisherUpdate[/arena_info_static] -> http://y:44211/ ['http://y:42965/']: sec=0.00, result=[1, '', 0]
[rosmaster.master][INFO] 2026-04-25 20:43:57,091: publisherUpdate[/arena_info_dynamic] -> http://y:33667/ ['http://y:42965/']
[rosmaster.master][INFO] 2026-04-25 20:43:57,090: +PUB [/vis/agent_7/local_lanes_vis] /onlane_ai_agent_7 http://y:38439/
[rosmaster.master][INFO] 2026-04-25 20:43:57,091: publisherUpdate[/arena_info_static] -> http://y:33353/ ['http://y:42965/']: sec=0.00, result=[1, '', 0]
[rosmaster.master][INFO] 2026-04-25 20:43:57,092: publisherUpdate[/arena_info_dynamic] -> http://y:34035/ ['http://y:42965/']
[rosmaster.master][INFO] 2026-04-25 20:43:57,092: publisherUpdate[/arena_info_dynamic] -> http://y:33667/ ['http://y:42965/']: sec=0.00, result=[1, '', 0]
[rosmaster.master][INFO] 2026-04-25 20:43:57,092: publisherUpdate[/arena_info_dynamic] -> http://y:34035/ ['http://y:42965/']: sec=0.00, result=[1, '', 0]
[rosmaster.master][INFO] 2026-04-25 20:43:57,092: publisherUpdate[/arena_info_dynamic] -> http://y:33353/ ['http://y:42965/']
[rosmaster.master][INFO] 2026-04-25 20:43:57,092: publisherUpdate[/arena_info_dynamic] -> http://y:44211/ ['http://y:42965/']
[rosmaster.master][INFO] 2026-04-25 20:43:57,093: publisherUpdate[/arena_info_dynamic] -> http://y:33353/ ['http://y:42965/']: sec=0.00, result=[1, '', 0]
[rosmaster.master][INFO] 2026-04-25 20:43:57,092: +PUB [/vis/agent_9/surrounding_vehicle_vis] /onlane_ai_agent_9 http://y:40515/
[rosmaster.master][INFO] 2026-04-25 20:43:57,093: +PUB [/tf] /onlane_ai_agent_8 http://y:34927/
[rosmaster.master][INFO] 2026-04-25 20:43:57,093: +SUB [/ctrl/agent_1003] /phy_simulator_planning_node http://y:42965/
[rosmaster.master][INFO] 2026-04-25 20:43:57,097: publisherUpdate[/arena_info_dynamic] -> http://y:44211/ ['http://y:42965/']: sec=0.00, result=[1, '', 0]
[rosmaster.master][INFO] 2026-04-25 20:43:57,097: +SUB [/arena_info_dynamic] /onlane_ai_agent_6 http://y:41841/
[rosmaster.master][INFO] 2026-04-25 20:43:57,098: +PUB [/vis/agent_5/ego_behavior_vis] /onlane_ai_agent_5 http://y:38823/
[rosmaster.master][INFO] 2026-04-25 20:43:57,098: +SUB [/joy] /onlane_ai_agent_1 http://y:43441/
[rosmaster.master][INFO] 2026-04-25 20:43:57,099: +PUB [/vis/agent_7/ego_behavior_vis] /onlane_ai_agent_7 http://y:38439/
[rosmaster.master][INFO] 2026-04-25 20:43:57,100: +PUB [/vis/agent_8/ego_vehicle_vis] /onlane_ai_agent_8 http://y:34927/
[rosmaster.master][INFO] 2026-04-25 20:43:57,101: +PUB [/vis/agent_9/speed_limit] /onlane_ai_agent_9 http://y:40515/
[rosmaster.master][INFO] 2026-04-25 20:43:57,101: +PUB [/vis/agent_5/pred_traj_openloop_vis] /onlane_ai_agent_5 http://y:38823/
[rosmaster.master][INFO] 2026-04-25 20:43:57,102: +PUB [/vis/agent_1/forward_trajs] /onlane_ai_agent_1 http://y:43441/
[rosmaster.master][INFO] 2026-04-25 20:43:57,102: +PUB [/vis/agent_7/pred_traj_openloop_vis] /onlane_ai_agent_7 http://y:38439/
[rosmaster.master][INFO] 2026-04-25 20:43:57,103: +SUB [/joy] /onlane_ai_agent_6 http://y:41841/
[rosmaster.master][INFO] 2026-04-25 20:43:57,103: +SUB [/ctrl/agent_1002] /phy_simulator_planning_node http://y:42965/
[rosmaster.master][INFO] 2026-04-25 20:43:57,103: +PUB [/vis/agent_8/obstacle_map] /onlane_ai_agent_8 http://y:34927/
[rosmaster.master][INFO] 2026-04-25 20:43:57,104: +PUB [/vis/agent_5/pred_initial_intention_vis] /onlane_ai_agent_5 http://y:38823/
[rosmaster.master][INFO] 2026-04-25 20:43:57,105: +SUB [/arena_info_static] /onlane_ai_agent_9 http://y:40515/
[rosmaster.master][INFO] 2026-04-25 20:43:57,105: +PUB [/vis/agent_7/pred_initial_intention_vis] /onlane_ai_agent_7 http://y:38439/
[rosmaster.master][INFO] 2026-04-25 20:43:57,105: +PUB [/vis/agent_6/forward_trajs] /onlane_ai_agent_6 http://y:41841/
[rosmaster.master][INFO] 2026-04-25 20:43:57,106: +PUB [/vis/agent_8/surrounding_lane_net_vis] /onlane_ai_agent_8 http://y:34927/
[rosmaster.master][INFO] 2026-04-25 20:43:57,106: +SUB [/ctrl/agent_0] /phy_simulator_planning_node http://y:42965/
[rosmaster.master][INFO] 2026-04-25 20:43:57,107: +PUB [/vis/agent_5/surrounding_vehicle_vis] /onlane_ai_agent_5 http://y:38823/
[rosmaster.master][INFO] 2026-04-25 20:43:57,107: +PUB [/vis/agent_7/surrounding_vehicle_vis] /onlane_ai_agent_7 http://y:38439/
[rosmaster.master][INFO] 2026-04-25 20:43:57,108: +PUB [/vis/agent_8/local_lanes_vis] /onlane_ai_agent_8 http://y:34927/
[rosmaster.master][INFO] 2026-04-25 20:43:57,108: +PUB [/vis/agent_5/speed_limit] /onlane_ai_agent_5 http://y:38823/
[rosmaster.master][INFO] 2026-04-25 20:43:57,109: +PUB [/vis/agent_7/speed_limit] /onlane_ai_agent_7 http://y:38439/
[rosmaster.master][INFO] 2026-04-25 20:43:57,109: +SUB [/arena_info_dynamic] /onlane_ai_agent_9 http://y:40515/
[rosmaster.master][INFO] 2026-04-25 20:43:57,111: +PUB [/vis/agent_8/ego_behavior_vis] /onlane_ai_agent_8 http://y:34927/
[rosmaster.master][INFO] 2026-04-25 20:43:57,112: +SUB [/ctrl/agent_1001] /phy_simulator_planning_node http://y:42965/
[rosmaster.master][INFO] 2026-04-25 20:43:57,113: +PUB [/vis/agent_8/pred_traj_openloop_vis] /onlane_ai_agent_8 http://y:34927/
[rosmaster.master][INFO] 2026-04-25 20:43:57,114: +SUB [/arena_info_static] /onlane_ai_agent_5 http://y:38823/
[rosmaster.master][INFO] 2026-04-25 20:43:57,115: +SUB [/arena_info_static] /onlane_ai_agent_7 http://y:38439/
[rosmaster.master][INFO] 2026-04-25 20:43:57,115: +SUB [/joy] /onlane_ai_agent_9 http://y:40515/
[rosmaster.master][INFO] 2026-04-25 20:43:57,116: +PUB [/vis/agent_8/pred_initial_intention_vis] /onlane_ai_agent_8 http://y:34927/
[rosmaster.master][INFO] 2026-04-25 20:43:57,116: +SUB [/ctrl/agent_1] /phy_simulator_planning_node http://y:42965/
[rosmaster.master][INFO] 2026-04-25 20:43:57,118: +PUB [/vis/agent_9/forward_trajs] /onlane_ai_agent_9 http://y:40515/
[rosmaster.master][INFO] 2026-04-25 20:43:57,118: +PUB [/vis/agent_8/surrounding_vehicle_vis] /onlane_ai_agent_8 http://y:34927/
[rosmaster.master][INFO] 2026-04-25 20:43:57,119: +SUB [/arena_info_dynamic] /onlane_ai_agent_5 http://y:38823/
[rosmaster.master][INFO] 2026-04-25 20:43:57,119: +SUB [/arena_info_dynamic] /onlane_ai_agent_7 http://y:38439/
[rosmaster.master][INFO] 2026-04-25 20:43:57,120: +PUB [/vis/agent_8/speed_limit] /onlane_ai_agent_8 http://y:34927/
[rosmaster.master][INFO] 2026-04-25 20:43:57,121: +SUB [/ctrl/agent_2] /phy_simulator_planning_node http://y:42965/
[rosmaster.master][INFO] 2026-04-25 20:43:57,123: +SUB [/joy] /onlane_ai_agent_5 http://y:38823/
[rosmaster.master][INFO] 2026-04-25 20:43:57,125: +SUB [/ctrl/agent_3] /phy_simulator_planning_node http://y:42965/
[rosmaster.master][INFO] 2026-04-25 20:43:57,125: +SUB [/arena_info_static] /onlane_ai_agent_8 http://y:34927/
[rosmaster.master][INFO] 2026-04-25 20:43:57,126: +SUB [/joy] /onlane_ai_agent_7 http://y:38439/
[rosmaster.master][INFO] 2026-04-25 20:43:57,126: +PUB [/vis/agent_5/forward_trajs] /onlane_ai_agent_5 http://y:38823/
[rosmaster.master][INFO] 2026-04-25 20:43:57,127: +PUB [/vis/agent_7/forward_trajs] /onlane_ai_agent_7 http://y:38439/
[rosmaster.master][INFO] 2026-04-25 20:43:57,128: +SUB [/ctrl/agent_4] /phy_simulator_planning_node http://y:42965/
[rosmaster.master][INFO] 2026-04-25 20:43:57,129: +SUB [/arena_info_dynamic] /onlane_ai_agent_8 http://y:34927/
[rosmaster.master][INFO] 2026-04-25 20:43:57,130: +SUB [/ctrl/agent_5] /phy_simulator_planning_node http://y:42965/
[rosmaster.master][INFO] 2026-04-25 20:43:57,131: +SUB [/joy] /onlane_ai_agent_8 http://y:34927/
[rosmaster.master][INFO] 2026-04-25 20:43:57,131: +PUB [/vis/agent_8/forward_trajs] /onlane_ai_agent_8 http://y:34927/
[rosmaster.master][INFO] 2026-04-25 20:43:57,132: +SUB [/ctrl/agent_6] /phy_simulator_planning_node http://y:42965/
[rosmaster.master][INFO] 2026-04-25 20:43:57,133: +SUB [/ctrl/agent_7] /phy_simulator_planning_node http://y:42965/
[rosmaster.master][INFO] 2026-04-25 20:43:57,134: +SUB [/ctrl/agent_8] /phy_simulator_planning_node http://y:42965/
[rosmaster.master][INFO] 2026-04-25 20:43:57,135: +SUB [/ctrl/agent_9] /phy_simulator_planning_node http://y:42965/
[rosmaster.master][INFO] 2026-04-25 20:43:57,136: +SUB [/ctrl/agent_10] /phy_simulator_planning_node http://y:42965/
[rosmaster.master][INFO] 2026-04-25 20:43:57,137: +SUB [/ctrl/agent_1000] /phy_simulator_planning_node http://y:42965/
[rosmaster.master][INFO] 2026-04-25 20:43:57,137: +SUB [/initialpose] /phy_simulator_planning_node http://y:42965/
[rosmaster.master][INFO] 2026-04-25 20:43:57,138: +SUB [/move_base_simple/goal] /phy_simulator_planning_node http://y:42965/
[rosmaster.master][INFO] 2026-04-25 20:44:04,630: +PUB [/rosout] /epsilon_metric_collector_636077_1777121044503 http://y:33315/
[rosmaster.master][INFO] 2026-04-25 20:44:04,631: +SERVICE [/epsilon_metric_collector_636077_1777121044503/get_loggers] /epsilon_metric_collector_636077_1777121044503 http://y:33315/
[rosmaster.master][INFO] 2026-04-25 20:44:04,632: +SERVICE [/epsilon_metric_collector_636077_1777121044503/set_logger_level] /epsilon_metric_collector_636077_1777121044503 http://y:33315/
[rosmaster.master][INFO] 2026-04-25 20:44:04,633: +SUB [/arena_info_dynamic] /epsilon_metric_collector_636077_1777121044503 http://y:33315/
[rosmaster.master][INFO] 2026-04-25 20:44:04,704: publisherUpdate[/rosout] -> http://y:46445/ ['http://y:35737/', 'http://y:43441/', 'http://y:34035/', 'http://y:33667/', 'http://y:33353/', 'http://y:38823/', 'http://y:41841/', 'http://y:38439/', 'http://y:40515/', 'http://y:44211/', 'http://y:34927/', 'http://y:42965/', 'http://y:33315/']
[rosmaster.master][INFO] 2026-04-25 20:44:04,705: publisherUpdate[/rosout] -> http://y:46445/ ['http://y:35737/', 'http://y:43441/', 'http://y:34035/', 'http://y:33667/', 'http://y:33353/', 'http://y:38823/', 'http://y:41841/', 'http://y:38439/', 'http://y:40515/', 'http://y:44211/', 'http://y:34927/', 'http://y:42965/', 'http://y:33315/']: sec=0.00, result=[1, '', 0]
[rosmaster.master][INFO] 2026-04-25 20:46:04,231: -SUB [/arena_info_dynamic] /epsilon_metric_collector_636077_1777121044503 http://y:33315/
[rosmaster.master][INFO] 2026-04-25 20:46:04,231: -PUB [/rosout] /epsilon_metric_collector_636077_1777121044503 http://y:33315/
[rosmaster.master][INFO] 2026-04-25 20:46:04,231: -SERVICE [/epsilon_metric_collector_636077_1777121044503/get_loggers] /epsilon_metric_collector_636077_1777121044503 rosrpc://y:43863
[rosmaster.master][INFO] 2026-04-25 20:46:04,231: -SERVICE [/epsilon_metric_collector_636077_1777121044503/set_logger_level] /epsilon_metric_collector_636077_1777121044503 rosrpc://y:43863
[rosmaster.master][INFO] 2026-04-25 20:46:04,297: publisherUpdate[/rosout] -> http://y:46445/ ['http://y:35737/', 'http://y:43441/', 'http://y:34035/', 'http://y:33667/', 'http://y:33353/', 'http://y:38823/', 'http://y:41841/', 'http://y:38439/', 'http://y:40515/', 'http://y:44211/', 'http://y:34927/', 'http://y:42965/']
[rosmaster.master][INFO] 2026-04-25 20:46:04,298: publisherUpdate[/rosout] -> http://y:46445/ ['http://y:35737/', 'http://y:43441/', 'http://y:34035/', 'http://y:33667/', 'http://y:33353/', 'http://y:38823/', 'http://y:41841/', 'http://y:38439/', 'http://y:40515/', 'http://y:44211/', 'http://y:34927/', 'http://y:42965/']: sec=0.00, result=[1, '', 0]
[rosmaster.master][INFO] 2026-04-25 20:46:05,234: +PUB [/rosout] /rostopic_701155_1777121165109 http://y:45489/
[rosmaster.master][INFO] 2026-04-25 20:46:05,235: +SERVICE [/rostopic_701155_1777121165109/get_loggers] /rostopic_701155_1777121165109 http://y:45489/
[rosmaster.master][INFO] 2026-04-25 20:46:05,236: +SERVICE [/rostopic_701155_1777121165109/set_logger_level] /rostopic_701155_1777121165109 http://y:45489/
[rosmaster.master][INFO] 2026-04-25 20:46:05,243: +SUB [/arena_info_dynamic] /rostopic_701155_1777121165109 http://y:45489/
[rosmaster.master][INFO] 2026-04-25 20:46:05,299: publisherUpdate[/rosout] -> http://y:46445/ ['http://y:35737/', 'http://y:43441/', 'http://y:34035/', 'http://y:33667/', 'http://y:33353/', 'http://y:38823/', 'http://y:41841/', 'http://y:38439/', 'http://y:40515/', 'http://y:44211/', 'http://y:34927/', 'http://y:42965/', 'http://y:45489/']
[rosmaster.master][INFO] 2026-04-25 20:46:05,299: publisherUpdate[/rosout] -> http://y:46445/ ['http://y:35737/', 'http://y:43441/', 'http://y:34035/', 'http://y:33667/', 'http://y:33353/', 'http://y:38823/', 'http://y:41841/', 'http://y:38439/', 'http://y:40515/', 'http://y:44211/', 'http://y:34927/', 'http://y:42965/', 'http://y:45489/']: sec=0.00, result=[1, '', 0]
[rosmaster.master][INFO] 2026-04-25 20:46:19,868: -SUB [/arena_info_dynamic] /rostopic_701155_1777121165109 http://y:45489/
[rosmaster.master][INFO] 2026-04-25 20:46:19,869: -PUB [/rosout] /rostopic_701155_1777121165109 http://y:45489/
[rosmaster.master][INFO] 2026-04-25 20:46:19,869: -SERVICE [/rostopic_701155_1777121165109/get_loggers] /rostopic_701155_1777121165109 rosrpc://y:34609
[rosmaster.master][INFO] 2026-04-25 20:46:19,869: -SERVICE [/rostopic_701155_1777121165109/set_logger_level] /rostopic_701155_1777121165109 rosrpc://y:34609
[rosmaster.master][INFO] 2026-04-25 20:46:19,924: publisherUpdate[/rosout] -> http://y:46445/ ['http://y:35737/', 'http://y:43441/', 'http://y:34035/', 'http://y:33667/', 'http://y:33353/', 'http://y:38823/', 'http://y:41841/', 'http://y:38439/', 'http://y:40515/', 'http://y:44211/', 'http://y:34927/', 'http://y:42965/']
[rosmaster.master][INFO] 2026-04-25 20:46:19,925: publisherUpdate[/rosout] -> http://y:46445/ ['http://y:35737/', 'http://y:43441/', 'http://y:34035/', 'http://y:33667/', 'http://y:33353/', 'http://y:38823/', 'http://y:41841/', 'http://y:38439/', 'http://y:40515/', 'http://y:44211/', 'http://y:34927/', 'http://y:42965/']: sec=0.00, result=[1, '', 0]
[rosmaster.master][INFO] 2026-04-25 20:46:20,603: -PUB [/rosout] /onlane_ai_agent_7 http://y:38439/
[rosmaster.master][INFO] 2026-04-25 20:46:20,603: -PUB [/ctrl/agent_7] /onlane_ai_agent_7 http://y:38439/
[rosmaster.master][INFO] 2026-04-25 20:46:20,604: -PUB [/rosout] /onlane_ai_agent_2 http://y:33667/
[rosmaster.master][INFO] 2026-04-25 20:46:20,605: -PUB [/tf] /onlane_ai_agent_7 http://y:38439/
[rosmaster.master][INFO] 2026-04-25 20:46:20,605: -PUB [/rosout] /onlane_ai_agent_8 http://y:34927/
[rosmaster.master][INFO] 2026-04-25 20:46:20,605: -PUB [/ctrl/agent_2] /onlane_ai_agent_2 http://y:33667/
[rosmaster.master][INFO] 2026-04-25 20:46:20,606: -PUB [/vis/agent_7/ego_vehicle_vis] /onlane_ai_agent_7 http://y:38439/
[rosmaster.master][INFO] 2026-04-25 20:46:20,606: -PUB [/ctrl/agent_8] /onlane_ai_agent_8 http://y:34927/
[rosmaster.master][INFO] 2026-04-25 20:46:20,606: -PUB [/tf] /onlane_ai_agent_2 http://y:33667/
[rosmaster.master][INFO] 2026-04-25 20:46:20,607: -PUB [/tf] /onlane_ai_agent_8 http://y:34927/
[rosmaster.master][INFO] 2026-04-25 20:46:20,607: -PUB [/vis/agent_7/obstacle_map] /onlane_ai_agent_7 http://y:38439/
[rosmaster.master][INFO] 2026-04-25 20:46:20,607: -PUB [/vis/agent_2/ego_vehicle_vis] /onlane_ai_agent_2 http://y:33667/
[rosmaster.master][INFO] 2026-04-25 20:46:20,608: -PUB [/vis/agent_8/ego_vehicle_vis] /onlane_ai_agent_8 http://y:34927/
[rosmaster.master][INFO] 2026-04-25 20:46:20,608: -PUB [/vis/agent_7/surrounding_lane_net_vis] /onlane_ai_agent_7 http://y:38439/
[rosmaster.master][INFO] 2026-04-25 20:46:20,608: -PUB [/vis/agent_2/obstacle_map] /onlane_ai_agent_2 http://y:33667/
[rosmaster.master][INFO] 2026-04-25 20:46:20,608: -PUB [/vis/agent_8/obstacle_map] /onlane_ai_agent_8 http://y:34927/
[rosmaster.master][INFO] 2026-04-25 20:46:20,608: -PUB [/vis/agent_7/local_lanes_vis] /onlane_ai_agent_7 http://y:38439/
[rosmaster.master][INFO] 2026-04-25 20:46:20,609: -PUB [/vis/agent_8/surrounding_lane_net_vis] /onlane_ai_agent_8 http://y:34927/
[rosmaster.master][INFO] 2026-04-25 20:46:20,609: -PUB [/vis/agent_2/surrounding_lane_net_vis] /onlane_ai_agent_2 http://y:33667/
[rosmaster.master][INFO] 2026-04-25 20:46:20,609: -PUB [/vis/agent_7/ego_behavior_vis] /onlane_ai_agent_7 http://y:38439/
[rosmaster.master][INFO] 2026-04-25 20:46:20,610: -PUB [/vis/agent_8/local_lanes_vis] /onlane_ai_agent_8 http://y:34927/
[rosmaster.master][INFO] 2026-04-25 20:46:20,610: -PUB [/vis/agent_2/local_lanes_vis] /onlane_ai_agent_2 http://y:33667/
[rosmaster.master][INFO] 2026-04-25 20:46:20,610: -PUB [/vis/agent_7/pred_traj_openloop_vis] /onlane_ai_agent_7 http://y:38439/
[rosmaster.master][INFO] 2026-04-25 20:46:20,610: -PUB [/vis/agent_8/ego_behavior_vis] /onlane_ai_agent_8 http://y:34927/
[rosmaster.master][INFO] 2026-04-25 20:46:20,610: -PUB [/vis/agent_2/ego_behavior_vis] /onlane_ai_agent_2 http://y:33667/
[rosmaster.master][INFO] 2026-04-25 20:46:20,611: -PUB [/vis/agent_7/pred_initial_intention_vis] /onlane_ai_agent_7 http://y:38439/
[rosmaster.master][INFO] 2026-04-25 20:46:20,611: -PUB [/vis/agent_8/pred_traj_openloop_vis] /onlane_ai_agent_8 http://y:34927/
[rosmaster.master][INFO] 2026-04-25 20:46:20,611: -PUB [/rosout] /onlane_ai_agent_4 http://y:33353/
[rosmaster.master][INFO] 2026-04-25 20:46:20,611: -PUB [/vis/agent_2/pred_traj_openloop_vis] /onlane_ai_agent_2 http://y:33667/
[rosmaster.master][INFO] 2026-04-25 20:46:20,612: -PUB [/vis/agent_7/surrounding_vehicle_vis] /onlane_ai_agent_7 http://y:38439/
[rosmaster.master][INFO] 2026-04-25 20:46:20,612: -PUB [/vis/agent_8/pred_initial_intention_vis] /onlane_ai_agent_8 http://y:34927/
[rosmaster.master][INFO] 2026-04-25 20:46:20,612: -PUB [/ctrl/agent_4] /onlane_ai_agent_4 http://y:33353/
[rosmaster.master][INFO] 2026-04-25 20:46:20,612: -PUB [/vis/agent_2/pred_initial_intention_vis] /onlane_ai_agent_2 http://y:33667/
[rosmaster.master][INFO] 2026-04-25 20:46:20,613: -PUB [/vis/agent_7/speed_limit] /onlane_ai_agent_7 http://y:38439/
[rosmaster.master][INFO] 2026-04-25 20:46:20,613: -PUB [/vis/agent_8/surrounding_vehicle_vis] /onlane_ai_agent_8 http://y:34927/
[rosmaster.master][INFO] 2026-04-25 20:46:20,613: -PUB [/tf] /onlane_ai_agent_4 http://y:33353/
[rosmaster.master][INFO] 2026-04-25 20:46:20,613: -PUB [/vis/agent_2/surrounding_vehicle_vis] /onlane_ai_agent_2 http://y:33667/
[rosmaster.master][INFO] 2026-04-25 20:46:20,614: -PUB [/vis/agent_7/forward_trajs] /onlane_ai_agent_7 http://y:38439/
[rosmaster.master][INFO] 2026-04-25 20:46:20,614: -PUB [/vis/agent_8/speed_limit] /onlane_ai_agent_8 http://y:34927/
[rosmaster.master][INFO] 2026-04-25 20:46:20,614: -PUB [/rosout] /onlane_ai_agent_10 http://y:44211/
[rosmaster.master][INFO] 2026-04-25 20:46:20,614: -PUB [/vis/agent_4/ego_vehicle_vis] /onlane_ai_agent_4 http://y:33353/
[rosmaster.master][INFO] 2026-04-25 20:46:20,614: -PUB [/vis/agent_2/speed_limit] /onlane_ai_agent_2 http://y:33667/
[rosmaster.master][INFO] 2026-04-25 20:46:20,615: -SUB [/arena_info_static] /onlane_ai_agent_7 http://y:38439/
[rosmaster.master][INFO] 2026-04-25 20:46:20,615: -PUB [/vis/agent_8/forward_trajs] /onlane_ai_agent_8 http://y:34927/
[rosmaster.master][INFO] 2026-04-25 20:46:20,615: -PUB [/ctrl/agent_10] /onlane_ai_agent_10 http://y:44211/
[rosmaster.master][INFO] 2026-04-25 20:46:20,615: -PUB [/vis/agent_4/obstacle_map] /onlane_ai_agent_4 http://y:33353/
[rosmaster.master][INFO] 2026-04-25 20:46:20,615: -PUB [/vis/agent_2/forward_trajs] /onlane_ai_agent_2 http://y:33667/
[rosmaster.master][INFO] 2026-04-25 20:46:20,616: -PUB [/rosout] /onlane_ai_agent_3 http://y:34035/
[rosmaster.master][INFO] 2026-04-25 20:46:20,616: -SUB [/arena_info_dynamic] /onlane_ai_agent_7 http://y:38439/
[rosmaster.master][INFO] 2026-04-25 20:46:20,616: -SUB [/arena_info_static] /onlane_ai_agent_8 http://y:34927/
[rosmaster.master][INFO] 2026-04-25 20:46:20,616: -PUB [/tf] /onlane_ai_agent_10 http://y:44211/
[rosmaster.master][INFO] 2026-04-25 20:46:20,617: -PUB [/vis/agent_4/surrounding_lane_net_vis] /onlane_ai_agent_4 http://y:33353/
[rosmaster.master][INFO] 2026-04-25 20:46:20,617: -SUB [/arena_info_static] /onlane_ai_agent_2 http://y:33667/
[rosmaster.master][INFO] 2026-04-25 20:46:20,617: -PUB [/ctrl/agent_3] /onlane_ai_agent_3 http://y:34035/
[rosmaster.master][INFO] 2026-04-25 20:46:20,617: -SUB [/joy] /onlane_ai_agent_7 http://y:38439/
[rosmaster.master][INFO] 2026-04-25 20:46:20,617: -SUB [/arena_info_dynamic] /onlane_ai_agent_8 http://y:34927/
[rosmaster.master][INFO] 2026-04-25 20:46:20,618: -PUB [/vis/agent_10/ego_vehicle_vis] /onlane_ai_agent_10 http://y:44211/
[rosmaster.master][INFO] 2026-04-25 20:46:20,618: -PUB [/vis/agent_4/local_lanes_vis] /onlane_ai_agent_4 http://y:33353/
[rosmaster.master][INFO] 2026-04-25 20:46:20,618: -SUB [/arena_info_dynamic] /onlane_ai_agent_2 http://y:33667/
[rosmaster.master][INFO] 2026-04-25 20:46:20,618: -PUB [/tf] /onlane_ai_agent_3 http://y:34035/
[rosmaster.master][INFO] 2026-04-25 20:46:20,618: -SERVICE [/onlane_ai_agent_7/get_loggers] /onlane_ai_agent_7 rosrpc://y:47939
[rosmaster.master][INFO] 2026-04-25 20:46:20,619: -SUB [/joy] /onlane_ai_agent_8 http://y:34927/
[rosmaster.master][INFO] 2026-04-25 20:46:20,619: -PUB [/vis/agent_10/obstacle_map] /onlane_ai_agent_10 http://y:44211/
[rosmaster.master][INFO] 2026-04-25 20:46:20,619: -PUB [/vis/agent_4/ego_behavior_vis] /onlane_ai_agent_4 http://y:33353/
[rosmaster.master][INFO] 2026-04-25 20:46:20,619: -SUB [/joy] /onlane_ai_agent_2 http://y:33667/
[rosmaster.master][INFO] 2026-04-25 20:46:20,619: -PUB [/vis/agent_3/ego_vehicle_vis] /onlane_ai_agent_3 http://y:34035/
[rosmaster.master][INFO] 2026-04-25 20:46:20,620: -SERVICE [/onlane_ai_agent_7/set_logger_level] /onlane_ai_agent_7 rosrpc://y:47939
[rosmaster.master][INFO] 2026-04-25 20:46:20,620: -PUB [/vis/agent_10/surrounding_lane_net_vis] /onlane_ai_agent_10 http://y:44211/
[rosmaster.master][INFO] 2026-04-25 20:46:20,620: -PUB [/vis/agent_4/pred_traj_openloop_vis] /onlane_ai_agent_4 http://y:33353/
[rosmaster.master][INFO] 2026-04-25 20:46:20,620: -SERVICE [/onlane_ai_agent_8/get_loggers] /onlane_ai_agent_8 rosrpc://y:54257
[rosmaster.master][INFO] 2026-04-25 20:46:20,620: -SERVICE [/onlane_ai_agent_2/get_loggers] /onlane_ai_agent_2 rosrpc://y:57857
[rosmaster.master][INFO] 2026-04-25 20:46:20,620: -PUB [/vis/agent_3/obstacle_map] /onlane_ai_agent_3 http://y:34035/
[rosmaster.master][INFO] 2026-04-25 20:46:20,621: -PUB [/vis/agent_4/pred_initial_intention_vis] /onlane_ai_agent_4 http://y:33353/
[rosmaster.master][INFO] 2026-04-25 20:46:20,621: -PUB [/vis/agent_10/local_lanes_vis] /onlane_ai_agent_10 http://y:44211/
[rosmaster.master][INFO] 2026-04-25 20:46:20,621: -SERVICE [/onlane_ai_agent_8/set_logger_level] /onlane_ai_agent_8 rosrpc://y:54257
[rosmaster.master][INFO] 2026-04-25 20:46:20,621: -PUB [/vis/agent_3/surrounding_lane_net_vis] /onlane_ai_agent_3 http://y:34035/
[rosmaster.master][INFO] 2026-04-25 20:46:20,621: -SERVICE [/onlane_ai_agent_2/set_logger_level] /onlane_ai_agent_2 rosrpc://y:57857
[rosmaster.master][INFO] 2026-04-25 20:46:20,621: -PUB [/vis/agent_4/surrounding_vehicle_vis] /onlane_ai_agent_4 http://y:33353/
[rosmaster.master][INFO] 2026-04-25 20:46:20,622: -PUB [/vis/agent_10/ego_behavior_vis] /onlane_ai_agent_10 http://y:44211/
[rosmaster.master][INFO] 2026-04-25 20:46:20,622: -PUB [/vis/agent_3/local_lanes_vis] /onlane_ai_agent_3 http://y:34035/
[rosmaster.master][INFO] 2026-04-25 20:46:20,622: -PUB [/vis/agent_4/speed_limit] /onlane_ai_agent_4 http://y:33353/
[rosmaster.master][INFO] 2026-04-25 20:46:20,622: -PUB [/vis/agent_3/ego_behavior_vis] /onlane_ai_agent_3 http://y:34035/
[rosmaster.master][INFO] 2026-04-25 20:46:20,622: -PUB [/vis/agent_4/forward_trajs] /onlane_ai_agent_4 http://y:33353/
[rosmaster.master][INFO] 2026-04-25 20:46:20,623: -PUB [/vis/agent_10/pred_traj_openloop_vis] /onlane_ai_agent_10 http://y:44211/
[rosmaster.master][INFO] 2026-04-25 20:46:20,623: -PUB [/vis/agent_3/pred_traj_openloop_vis] /onlane_ai_agent_3 http://y:34035/
[rosmaster.master][INFO] 2026-04-25 20:46:20,623: -SUB [/arena_info_static] /onlane_ai_agent_4 http://y:33353/
[rosmaster.master][INFO] 2026-04-25 20:46:20,623: -PUB [/vis/agent_3/pred_initial_intention_vis] /onlane_ai_agent_3 http://y:34035/
[rosmaster.master][INFO] 2026-04-25 20:46:20,623: -PUB [/vis/agent_10/pred_initial_intention_vis] /onlane_ai_agent_10 http://y:44211/
[rosmaster.master][INFO] 2026-04-25 20:46:20,623: -SUB [/arena_info_dynamic] /onlane_ai_agent_4 http://y:33353/
[rosmaster.master][INFO] 2026-04-25 20:46:20,623: -PUB [/vis/agent_3/surrounding_vehicle_vis] /onlane_ai_agent_3 http://y:34035/
[rosmaster.master][INFO] 2026-04-25 20:46:20,624: -SUB [/joy] /onlane_ai_agent_4 http://y:33353/
[rosmaster.master][INFO] 2026-04-25 20:46:20,624: -PUB [/vis/agent_10/surrounding_vehicle_vis] /onlane_ai_agent_10 http://y:44211/
[rosmaster.master][INFO] 2026-04-25 20:46:20,624: -PUB [/vis/agent_3/speed_limit] /onlane_ai_agent_3 http://y:34035/
[rosmaster.master][INFO] 2026-04-25 20:46:20,624: -SERVICE [/onlane_ai_agent_4/get_loggers] /onlane_ai_agent_4 rosrpc://y:33605
[rosmaster.master][INFO] 2026-04-25 20:46:20,624: -PUB [/vis/agent_3/forward_trajs] /onlane_ai_agent_3 http://y:34035/
[rosmaster.master][INFO] 2026-04-25 20:46:20,624: -PUB [/vis/agent_10/speed_limit] /onlane_ai_agent_10 http://y:44211/
[rosmaster.master][INFO] 2026-04-25 20:46:20,625: -SERVICE [/onlane_ai_agent_4/set_logger_level] /onlane_ai_agent_4 rosrpc://y:33605
[rosmaster.master][INFO] 2026-04-25 20:46:20,625: -SUB [/arena_info_static] /onlane_ai_agent_3 http://y:34035/
[rosmaster.master][INFO] 2026-04-25 20:46:20,625: -PUB [/vis/agent_10/forward_trajs] /onlane_ai_agent_10 http://y:44211/
[rosmaster.master][INFO] 2026-04-25 20:46:20,625: -SUB [/arena_info_dynamic] /onlane_ai_agent_3 http://y:34035/
[rosmaster.master][INFO] 2026-04-25 20:46:20,625: -SUB [/joy] /onlane_ai_agent_3 http://y:34035/
[rosmaster.master][INFO] 2026-04-25 20:46:20,625: -SUB [/arena_info_static] /onlane_ai_agent_10 http://y:44211/
[rosmaster.master][INFO] 2026-04-25 20:46:20,625: -SERVICE [/onlane_ai_agent_3/get_loggers] /onlane_ai_agent_3 rosrpc://y:34293
[rosmaster.master][INFO] 2026-04-25 20:46:20,626: -SERVICE [/onlane_ai_agent_3/set_logger_level] /onlane_ai_agent_3 rosrpc://y:34293
[rosmaster.master][INFO] 2026-04-25 20:46:20,626: -SUB [/arena_info_dynamic] /onlane_ai_agent_10 http://y:44211/
[rosmaster.master][INFO] 2026-04-25 20:46:20,626: publisherUpdate[/rosout] -> http://y:46445/ ['http://y:35737/', 'http://y:43441/', 'http://y:34035/', 'http://y:33667/', 'http://y:33353/', 'http://y:38823/', 'http://y:41841/', 'http://y:40515/', 'http://y:44211/', 'http://y:34927/', 'http://y:42965/']
[rosmaster.master][INFO] 2026-04-25 20:46:20,626: publisherUpdate[/ctrl/agent_7] -> http://y:42965/ []
[rosmaster.master][INFO] 2026-04-25 20:46:20,626: -SUB [/joy] /onlane_ai_agent_10 http://y:44211/
[rosmaster.master][INFO] 2026-04-25 20:46:20,626: publisherUpdate[/rosout] -> http://y:46445/ ['http://y:35737/', 'http://y:43441/', 'http://y:34035/', 'http://y:33667/', 'http://y:33353/', 'http://y:38823/', 'http://y:41841/', 'http://y:40515/', 'http://y:44211/', 'http://y:34927/', 'http://y:42965/']: sec=0.00, result=[1, '', 0]
[rosmaster.master][INFO] 2026-04-25 20:46:20,627: publisherUpdate[/rosout] -> http://y:46445/ ['http://y:35737/', 'http://y:43441/', 'http://y:34035/', 'http://y:33353/', 'http://y:38823/', 'http://y:41841/', 'http://y:40515/', 'http://y:44211/', 'http://y:34927/', 'http://y:42965/']
[rosmaster.master][INFO] 2026-04-25 20:46:20,627: -SERVICE [/onlane_ai_agent_10/get_loggers] /onlane_ai_agent_10 rosrpc://y:55327
[rosmaster.master][INFO] 2026-04-25 20:46:20,627: publisherUpdate[/rosout] -> http://y:46445/ ['http://y:35737/', 'http://y:43441/', 'http://y:34035/', 'http://y:33353/', 'http://y:38823/', 'http://y:41841/', 'http://y:40515/', 'http://y:44211/', 'http://y:34927/', 'http://y:42965/']: sec=0.00, result=[1, '', 0]
[rosmaster.master][INFO] 2026-04-25 20:46:20,627: publisherUpdate[/ctrl/agent_7] -> http://y:42965/ []: sec=0.00, result=[0, 'Unknown Error', 0]
[rosmaster.master][INFO] 2026-04-25 20:46:20,627: -SERVICE [/onlane_ai_agent_10/set_logger_level] /onlane_ai_agent_10 rosrpc://y:55327
[rosmaster.master][INFO] 2026-04-25 20:46:20,627: publisherUpdate[/rosout] -> http://y:46445/ ['http://y:35737/', 'http://y:43441/', 'http://y:34035/', 'http://y:33353/', 'http://y:38823/', 'http://y:41841/', 'http://y:40515/', 'http://y:44211/', 'http://y:42965/']
[rosmaster.master][INFO] 2026-04-25 20:46:20,627: publisherUpdate[/ctrl/agent_2] -> http://y:42965/ []
[rosmaster.master][INFO] 2026-04-25 20:46:20,628: publisherUpdate[/rosout] -> http://y:46445/ ['http://y:35737/', 'http://y:43441/', 'http://y:34035/', 'http://y:33353/', 'http://y:38823/', 'http://y:41841/', 'http://y:40515/', 'http://y:44211/', 'http://y:42965/']: sec=0.00, result=[1, '', 0]
[rosmaster.master][INFO] 2026-04-25 20:46:20,628: publisherUpdate[/rosout] -> http://y:46445/ ['http://y:35737/', 'http://y:43441/', 'http://y:34035/', 'http://y:38823/', 'http://y:41841/', 'http://y:40515/', 'http://y:44211/', 'http://y:42965/']
[rosmaster.master][INFO] 2026-04-25 20:46:20,628: publisherUpdate[/ctrl/agent_2] -> http://y:42965/ []: sec=0.00, result=[0, 'Unknown Error', 0]
[rosmaster.master][INFO] 2026-04-25 20:46:20,628: publisherUpdate[/ctrl/agent_8] -> http://y:42965/ []
[rosmaster.master][INFO] 2026-04-25 20:46:20,628: publisherUpdate[/rosout] -> http://y:46445/ ['http://y:35737/', 'http://y:43441/', 'http://y:34035/', 'http://y:38823/', 'http://y:41841/', 'http://y:40515/', 'http://y:44211/', 'http://y:42965/']: sec=0.00, result=[1, '', 0]
[rosmaster.master][INFO] 2026-04-25 20:46:20,628: publisherUpdate[/ctrl/agent_8] -> http://y:42965/ []: sec=0.00, result=[0, 'Unknown Error', 0]
[rosmaster.master][INFO] 2026-04-25 20:46:20,628: publisherUpdate[/rosout] -> http://y:46445/ ['http://y:35737/', 'http://y:43441/', 'http://y:34035/', 'http://y:38823/', 'http://y:41841/', 'http://y:40515/', 'http://y:42965/']
[rosmaster.master][INFO] 2026-04-25 20:46:20,628: publisherUpdate[/ctrl/agent_4] -> http://y:42965/ []
[rosmaster.master][INFO] 2026-04-25 20:46:20,628: publisherUpdate[/rosout] -> http://y:46445/ ['http://y:35737/', 'http://y:43441/', 'http://y:34035/', 'http://y:38823/', 'http://y:41841/', 'http://y:40515/', 'http://y:42965/']: sec=0.00, result=[1, '', 0]
[rosmaster.master][INFO] 2026-04-25 20:46:20,628: publisherUpdate[/rosout] -> http://y:46445/ ['http://y:35737/', 'http://y:43441/', 'http://y:38823/', 'http://y:41841/', 'http://y:40515/', 'http://y:42965/']
[rosmaster.master][INFO] 2026-04-25 20:46:20,629: publisherUpdate[/ctrl/agent_4] -> http://y:42965/ []: sec=0.00, result=[0, 'Unknown Error', 0]
[rosmaster.master][INFO] 2026-04-25 20:46:20,629: publisherUpdate[/ctrl/agent_10] -> http://y:42965/ []
[rosmaster.master][INFO] 2026-04-25 20:46:20,629: publisherUpdate[/rosout] -> http://y:46445/ ['http://y:35737/', 'http://y:43441/', 'http://y:38823/', 'http://y:41841/', 'http://y:40515/', 'http://y:42965/']: sec=0.00, result=[1, '', 0]
[rosmaster.master][INFO] 2026-04-25 20:46:20,629: publisherUpdate[/ctrl/agent_10] -> http://y:42965/ []: sec=0.00, result=[0, 'Unknown Error', 0]
[rosmaster.master][INFO] 2026-04-25 20:46:20,629: publisherUpdate[/ctrl/agent_3] -> http://y:42965/ []
[rosmaster.master][INFO] 2026-04-25 20:46:20,629: publisherUpdate[/ctrl/agent_3] -> http://y:42965/ []: sec=0.00, result=[0, 'Unknown Error', 0]
[rosmaster.master][INFO] 2026-04-25 20:46:20,705: -PUB [/rosout] /onlane_ai_agent_5 http://y:38823/
[rosmaster.master][INFO] 2026-04-25 20:46:20,706: -PUB [/ctrl/agent_5] /onlane_ai_agent_5 http://y:38823/
[rosmaster.master][INFO] 2026-04-25 20:46:20,706: -PUB [/tf] /onlane_ai_agent_5 http://y:38823/
[rosmaster.master][INFO] 2026-04-25 20:46:20,706: -PUB [/vis/agent_5/ego_vehicle_vis] /onlane_ai_agent_5 http://y:38823/
[rosmaster.master][INFO] 2026-04-25 20:46:20,707: -PUB [/vis/agent_5/obstacle_map] /onlane_ai_agent_5 http://y:38823/
[rosmaster.master][INFO] 2026-04-25 20:46:20,707: -PUB [/vis/agent_5/surrounding_lane_net_vis] /onlane_ai_agent_5 http://y:38823/
[rosmaster.master][INFO] 2026-04-25 20:46:20,708: -PUB [/vis/agent_5/local_lanes_vis] /onlane_ai_agent_5 http://y:38823/
[rosmaster.master][INFO] 2026-04-25 20:46:20,708: -PUB [/vis/agent_5/ego_behavior_vis] /onlane_ai_agent_5 http://y:38823/
[rosmaster.master][INFO] 2026-04-25 20:46:20,708: -PUB [/vis/agent_5/pred_traj_openloop_vis] /onlane_ai_agent_5 http://y:38823/
[rosmaster.master][INFO] 2026-04-25 20:46:20,709: -PUB [/vis/agent_5/pred_initial_intention_vis] /onlane_ai_agent_5 http://y:38823/
[rosmaster.master][INFO] 2026-04-25 20:46:20,709: -PUB [/vis/agent_5/surrounding_vehicle_vis] /onlane_ai_agent_5 http://y:38823/
[rosmaster.master][INFO] 2026-04-25 20:46:20,709: -PUB [/vis/agent_5/speed_limit] /onlane_ai_agent_5 http://y:38823/
[rosmaster.master][INFO] 2026-04-25 20:46:20,710: -PUB [/vis/agent_5/forward_trajs] /onlane_ai_agent_5 http://y:38823/
[rosmaster.master][INFO] 2026-04-25 20:46:20,710: -SUB [/arena_info_static] /onlane_ai_agent_5 http://y:38823/
[rosmaster.master][INFO] 2026-04-25 20:46:20,710: -SUB [/arena_info_dynamic] /onlane_ai_agent_5 http://y:38823/
[rosmaster.master][INFO] 2026-04-25 20:46:20,711: -SUB [/joy] /onlane_ai_agent_5 http://y:38823/
[rosmaster.master][INFO] 2026-04-25 20:46:20,711: -SERVICE [/onlane_ai_agent_5/get_loggers] /onlane_ai_agent_5 rosrpc://y:48551
[rosmaster.master][INFO] 2026-04-25 20:46:20,711: -SERVICE [/onlane_ai_agent_5/set_logger_level] /onlane_ai_agent_5 rosrpc://y:48551
[rosmaster.master][INFO] 2026-04-25 20:46:20,713: -PUB [/rosout] /onlane_ai_agent_6 http://y:41841/
[rosmaster.master][INFO] 2026-04-25 20:46:20,714: -PUB [/ctrl/agent_6] /onlane_ai_agent_6 http://y:41841/
[rosmaster.master][INFO] 2026-04-25 20:46:20,714: -PUB [/tf] /onlane_ai_agent_6 http://y:41841/
[rosmaster.master][INFO] 2026-04-25 20:46:20,714: -PUB [/vis/agent_6/ego_vehicle_vis] /onlane_ai_agent_6 http://y:41841/
[rosmaster.master][INFO] 2026-04-25 20:46:20,714: -PUB [/vis/agent_6/obstacle_map] /onlane_ai_agent_6 http://y:41841/
[rosmaster.master][INFO] 2026-04-25 20:46:20,715: -PUB [/vis/agent_6/surrounding_lane_net_vis] /onlane_ai_agent_6 http://y:41841/
[rosmaster.master][INFO] 2026-04-25 20:46:20,715: -PUB [/vis/agent_6/local_lanes_vis] /onlane_ai_agent_6 http://y:41841/
[rosmaster.master][INFO] 2026-04-25 20:46:20,715: -PUB [/vis/agent_6/ego_behavior_vis] /onlane_ai_agent_6 http://y:41841/
[rosmaster.master][INFO] 2026-04-25 20:46:20,715: -PUB [/vis/agent_6/pred_traj_openloop_vis] /onlane_ai_agent_6 http://y:41841/
[rosmaster.master][INFO] 2026-04-25 20:46:20,715: -PUB [/vis/agent_6/pred_initial_intention_vis] /onlane_ai_agent_6 http://y:41841/
[rosmaster.master][INFO] 2026-04-25 20:46:20,715: -PUB [/vis/agent_6/surrounding_vehicle_vis] /onlane_ai_agent_6 http://y:41841/
[rosmaster.master][INFO] 2026-04-25 20:46:20,716: -PUB [/vis/agent_6/speed_limit] /onlane_ai_agent_6 http://y:41841/
[rosmaster.master][INFO] 2026-04-25 20:46:20,716: -PUB [/vis/agent_6/forward_trajs] /onlane_ai_agent_6 http://y:41841/
[rosmaster.master][INFO] 2026-04-25 20:46:20,716: -SUB [/arena_info_static] /onlane_ai_agent_6 http://y:41841/
[rosmaster.master][INFO] 2026-04-25 20:46:20,716: -SUB [/arena_info_dynamic] /onlane_ai_agent_6 http://y:41841/
[rosmaster.master][INFO] 2026-04-25 20:46:20,716: -PUB [/rosout] /onlane_ai_agent_9 http://y:40515/
[rosmaster.master][INFO] 2026-04-25 20:46:20,716: -SUB [/joy] /onlane_ai_agent_6 http://y:41841/
[rosmaster.master][INFO] 2026-04-25 20:46:20,716: -SERVICE [/onlane_ai_agent_6/get_loggers] /onlane_ai_agent_6 rosrpc://y:54255
[rosmaster.master][INFO] 2026-04-25 20:46:20,717: -PUB [/ctrl/agent_9] /onlane_ai_agent_9 http://y:40515/
[rosmaster.master][INFO] 2026-04-25 20:46:20,717: -SERVICE [/onlane_ai_agent_6/set_logger_level] /onlane_ai_agent_6 rosrpc://y:54255
[rosmaster.master][INFO] 2026-04-25 20:46:20,717: -PUB [/tf] /onlane_ai_agent_9 http://y:40515/
[rosmaster.master][INFO] 2026-04-25 20:46:20,717: -PUB [/vis/agent_9/ego_vehicle_vis] /onlane_ai_agent_9 http://y:40515/
[rosmaster.master][INFO] 2026-04-25 20:46:20,718: -PUB [/vis/agent_9/obstacle_map] /onlane_ai_agent_9 http://y:40515/
[rosmaster.master][INFO] 2026-04-25 20:46:20,718: -PUB [/vis/agent_9/surrounding_lane_net_vis] /onlane_ai_agent_9 http://y:40515/
[rosmaster.master][INFO] 2026-04-25 20:46:20,718: -PUB [/vis/agent_9/local_lanes_vis] /onlane_ai_agent_9 http://y:40515/
[rosmaster.master][INFO] 2026-04-25 20:46:20,719: -PUB [/vis/agent_9/ego_behavior_vis] /onlane_ai_agent_9 http://y:40515/
[rosmaster.master][INFO] 2026-04-25 20:46:20,719: -PUB [/vis/agent_9/pred_traj_openloop_vis] /onlane_ai_agent_9 http://y:40515/
[rosmaster.master][INFO] 2026-04-25 20:46:20,719: -PUB [/vis/agent_9/pred_initial_intention_vis] /onlane_ai_agent_9 http://y:40515/
[rosmaster.master][INFO] 2026-04-25 20:46:20,720: -PUB [/vis/agent_9/surrounding_vehicle_vis] /onlane_ai_agent_9 http://y:40515/
[rosmaster.master][INFO] 2026-04-25 20:46:20,720: -PUB [/vis/agent_9/speed_limit] /onlane_ai_agent_9 http://y:40515/
[rosmaster.master][INFO] 2026-04-25 20:46:20,720: -PUB [/vis/agent_9/forward_trajs] /onlane_ai_agent_9 http://y:40515/
[rosmaster.master][INFO] 2026-04-25 20:46:20,720: -SUB [/arena_info_static] /onlane_ai_agent_9 http://y:40515/
[rosmaster.master][INFO] 2026-04-25 20:46:20,721: -SUB [/arena_info_dynamic] /onlane_ai_agent_9 http://y:40515/
[rosmaster.master][INFO] 2026-04-25 20:46:20,721: -SUB [/joy] /onlane_ai_agent_9 http://y:40515/
[rosmaster.master][INFO] 2026-04-25 20:46:20,721: -SERVICE [/onlane_ai_agent_9/get_loggers] /onlane_ai_agent_9 rosrpc://y:42003
[rosmaster.master][INFO] 2026-04-25 20:46:20,721: -SERVICE [/onlane_ai_agent_9/set_logger_level] /onlane_ai_agent_9 rosrpc://y:42003
[rosmaster.master][INFO] 2026-04-25 20:46:20,729: publisherUpdate[/rosout] -> http://y:46445/ ['http://y:35737/', 'http://y:43441/', 'http://y:41841/', 'http://y:40515/', 'http://y:42965/']
[rosmaster.master][INFO] 2026-04-25 20:46:20,729: publisherUpdate[/ctrl/agent_5] -> http://y:42965/ []
[rosmaster.master][INFO] 2026-04-25 20:46:20,730: -PUB [/rosout] /phy_simulator_planning_node http://y:42965/
[rosmaster.master][INFO] 2026-04-25 20:46:20,730: publisherUpdate[/rosout] -> http://y:46445/ ['http://y:35737/', 'http://y:43441/', 'http://y:41841/', 'http://y:40515/', 'http://y:42965/']: sec=0.00, result=[1, '', 0]
[rosmaster.master][INFO] 2026-04-25 20:46:20,730: publisherUpdate[/rosout] -> http://y:46445/ ['http://y:35737/', 'http://y:43441/', 'http://y:40515/', 'http://y:42965/']
[rosmaster.master][INFO] 2026-04-25 20:46:20,730: -PUB [/arena_info_static] /phy_simulator_planning_node http://y:42965/
[rosmaster.master][INFO] 2026-04-25 20:46:20,731: publisherUpdate[/rosout] -> http://y:46445/ ['http://y:35737/', 'http://y:43441/', 'http://y:40515/', 'http://y:42965/']: sec=0.00, result=[1, '', 0]
[rosmaster.master][INFO] 2026-04-25 20:46:20,731: publisherUpdate[/rosout] -> http://y:46445/ ['http://y:35737/', 'http://y:43441/', 'http://y:42965/']
[rosmaster.master][INFO] 2026-04-25 20:46:20,731: -PUB [/arena_info_dynamic] /phy_simulator_planning_node http://y:42965/
[rosmaster.master][INFO] 2026-04-25 20:46:20,731: publisherUpdate[/rosout] -> http://y:46445/ ['http://y:35737/', 'http://y:43441/', 'http://y:42965/']: sec=0.00, result=[1, '', 0]
[rosmaster.master][INFO] 2026-04-25 20:46:20,731: publisherUpdate[/rosout] -> http://y:46445/ ['http://y:35737/', 'http://y:43441/']
[rosmaster.master][INFO] 2026-04-25 20:46:20,731: -PUB [/phy_simulator_planning_node/vis/vehicle_set_vis] /phy_simulator_planning_node http://y:42965/
[rosmaster.master][INFO] 2026-04-25 20:46:20,732: publisherUpdate[/rosout] -> http://y:46445/ ['http://y:35737/', 'http://y:43441/']: sec=0.00, result=[1, '', 0]
[rosmaster.master][INFO] 2026-04-25 20:46:20,732: publisherUpdate[/arena_info_static] -> http://y:35737/ []
[rosmaster.master][INFO] 2026-04-25 20:46:20,732: -PUB [/phy_simulator_planning_node/vis/lane_net_vis] /phy_simulator_planning_node http://y:42965/
[rosmaster.master][INFO] 2026-04-25 20:46:20,732: -PUB [/phy_simulator_planning_node/vis/obstacle_set_vis] /phy_simulator_planning_node http://y:42965/
[rosmaster.master][INFO] 2026-04-25 20:46:20,732: publisherUpdate[/arena_info_static] -> http://y:35737/ []: sec=0.00, result=[1, '', 0]
[rosmaster.master][INFO] 2026-04-25 20:46:20,733: publisherUpdate[/arena_info_static] -> http://y:43441/ []
[rosmaster.master][INFO] 2026-04-25 20:46:20,733: -SUB [/ctrl/agent_1003] /phy_simulator_planning_node http://y:42965/
[rosmaster.master][INFO] 2026-04-25 20:46:20,733: -SUB [/ctrl/agent_1002] /phy_simulator_planning_node http://y:42965/
[rosmaster.master][INFO] 2026-04-25 20:46:20,733: publisherUpdate[/arena_info_static] -> http://y:43441/ []: sec=0.00, result=[1, '', 0]
[rosmaster.master][INFO] 2026-04-25 20:46:20,733: publisherUpdate[/arena_info_dynamic] -> http://y:43441/ []
[rosmaster.master][INFO] 2026-04-25 20:46:20,734: -SUB [/ctrl/agent_0] /phy_simulator_planning_node http://y:42965/
[rosmaster.master][INFO] 2026-04-25 20:46:20,734: publisherUpdate[/arena_info_dynamic] -> http://y:43441/ []: sec=0.00, result=[1, '', 0]
[rosmaster.master][INFO] 2026-04-25 20:46:20,734: publisherUpdate[/arena_info_dynamic] -> http://y:35737/ []
[rosmaster.master][INFO] 2026-04-25 20:46:20,734: -SUB [/ctrl/agent_1001] /phy_simulator_planning_node http://y:42965/
[rosmaster.master][INFO] 2026-04-25 20:46:20,734: publisherUpdate[/arena_info_dynamic] -> http://y:35737/ []: sec=0.00, result=[1, '', 0]
[rosmaster.master][INFO] 2026-04-25 20:46:20,735: -SUB [/ctrl/agent_1] /phy_simulator_planning_node http://y:42965/
[rosmaster.master][INFO] 2026-04-25 20:46:20,735: -SUB [/ctrl/agent_2] /phy_simulator_planning_node http://y:42965/
[rosmaster.master][INFO] 2026-04-25 20:46:20,735: -SUB [/ctrl/agent_3] /phy_simulator_planning_node http://y:42965/
[rosmaster.master][INFO] 2026-04-25 20:46:20,735: -SUB [/ctrl/agent_4] /phy_simulator_planning_node http://y:42965/
[rosmaster.master][INFO] 2026-04-25 20:46:20,736: -SUB [/ctrl/agent_5] /phy_simulator_planning_node http://y:42965/
[rosmaster.master][INFO] 2026-04-25 20:46:20,736: -SUB [/ctrl/agent_6] /phy_simulator_planning_node http://y:42965/
[rosmaster.master][INFO] 2026-04-25 20:46:20,736: -SUB [/ctrl/agent_7] /phy_simulator_planning_node http://y:42965/
[rosmaster.master][INFO] 2026-04-25 20:46:20,736: -SUB [/ctrl/agent_8] /phy_simulator_planning_node http://y:42965/
[rosmaster.master][INFO] 2026-04-25 20:46:20,736: -SUB [/ctrl/agent_9] /phy_simulator_planning_node http://y:42965/
[rosmaster.master][INFO] 2026-04-25 20:46:20,736: -SUB [/ctrl/agent_10] /phy_simulator_planning_node http://y:42965/
[rosmaster.master][INFO] 2026-04-25 20:46:20,736: -SUB [/ctrl/agent_1000] /phy_simulator_planning_node http://y:42965/
[rosmaster.master][INFO] 2026-04-25 20:46:20,737: -SUB [/initialpose] /phy_simulator_planning_node http://y:42965/
[rosmaster.master][INFO] 2026-04-25 20:46:20,737: -SUB [/move_base_simple/goal] /phy_simulator_planning_node http://y:42965/
[rosmaster.master][INFO] 2026-04-25 20:46:20,737: -SERVICE [/phy_simulator_planning_node/get_loggers] /phy_simulator_planning_node rosrpc://y:59553
[rosmaster.master][INFO] 2026-04-25 20:46:20,737: -SERVICE [/phy_simulator_planning_node/set_logger_level] /phy_simulator_planning_node rosrpc://y:59553
[rosmaster.master][INFO] 2026-04-25 20:46:20,741: publisherUpdate[/ctrl/agent_5] -> http://y:42965/ []: sec=0.01, exception=[Errno 111] Connection refused
[rosmaster.threadpool][ERROR] 2026-04-25 20:46:20,742: Traceback (most recent call last):
  File "/opt/ros/noetic/lib/python3/dist-packages/rosmaster/threadpool.py", line 218, in run
    result = cmd(*args)
  File "/opt/ros/noetic/lib/python3/dist-packages/rosmaster/master_api.py", line 210, in publisher_update_task
    ret = xmlrpcapi(api).publisherUpdate('/master', topic, pub_uris)
  File "/usr/lib/python3.8/xmlrpc/client.py", line 1109, in __call__
    return self.__send(self.__name, args)
  File "/usr/lib/python3.8/xmlrpc/client.py", line 1450, in __request
    response = self.__transport.request(
  File "/usr/lib/python3.8/xmlrpc/client.py", line 1153, in request
    return self.single_request(host, handler, request_body, verbose)
  File "/usr/lib/python3.8/xmlrpc/client.py", line 1165, in single_request
    http_conn = self.send_request(host, handler, request_body, verbose)
  File "/usr/lib/python3.8/xmlrpc/client.py", line 1278, in send_request
    self.send_content(connection, request_body)
  File "/usr/lib/python3.8/xmlrpc/client.py", line 1308, in send_content
    connection.endheaders(request_body)
  File "/usr/lib/python3.8/http/client.py", line 1251, in endheaders
    self._send_output(message_body, encode_chunked=encode_chunked)
  File "/usr/lib/python3.8/http/client.py", line 1011, in _send_output
    self.send(msg)
  File "/usr/lib/python3.8/http/client.py", line 951, in send
    self.connect()
  File "/usr/lib/python3.8/http/client.py", line 922, in connect
    self.sock = self._create_connection(
  File "/usr/lib/python3.8/socket.py", line 808, in create_connection
    raise err
  File "/usr/lib/python3.8/socket.py", line 796, in create_connection
    sock.connect(sa)
ConnectionRefusedError: [Errno 111] Connection refused

[rosmaster.master][INFO] 2026-04-25 20:46:20,742: publisherUpdate[/ctrl/agent_6] -> http://y:42965/ []
[rosmaster.master][INFO] 2026-04-25 20:46:20,742: publisherUpdate[/ctrl/agent_6] -> http://y:42965/ []: sec=0.00, exception=[Errno 111] Connection refused
[rosmaster.threadpool][ERROR] 2026-04-25 20:46:20,742: Traceback (most recent call last):
  File "/opt/ros/noetic/lib/python3/dist-packages/rosmaster/threadpool.py", line 218, in run
    result = cmd(*args)
  File "/opt/ros/noetic/lib/python3/dist-packages/rosmaster/master_api.py", line 210, in publisher_update_task
    ret = xmlrpcapi(api).publisherUpdate('/master', topic, pub_uris)
  File "/usr/lib/python3.8/xmlrpc/client.py", line 1109, in __call__
    return self.__send(self.__name, args)
  File "/usr/lib/python3.8/xmlrpc/client.py", line 1450, in __request
    response = self.__transport.request(
  File "/usr/lib/python3.8/xmlrpc/client.py", line 1153, in request
    return self.single_request(host, handler, request_body, verbose)
  File "/usr/lib/python3.8/xmlrpc/client.py", line 1165, in single_request
    http_conn = self.send_request(host, handler, request_body, verbose)
  File "/usr/lib/python3.8/xmlrpc/client.py", line 1278, in send_request
    self.send_content(connection, request_body)
  File "/usr/lib/python3.8/xmlrpc/client.py", line 1308, in send_content
    connection.endheaders(request_body)
  File "/usr/lib/python3.8/http/client.py", line 1251, in endheaders
    self._send_output(message_body, encode_chunked=encode_chunked)
  File "/usr/lib/python3.8/http/client.py", line 1011, in _send_output
    self.send(msg)
  File "/usr/lib/python3.8/http/client.py", line 951, in send
    self.connect()
  File "/usr/lib/python3.8/http/client.py", line 922, in connect
    self.sock = self._create_connection(
  File "/usr/lib/python3.8/socket.py", line 808, in create_connection
    raise err
  File "/usr/lib/python3.8/socket.py", line 796, in create_connection
    sock.connect(sa)
ConnectionRefusedError: [Errno 111] Connection refused

[rosmaster.master][INFO] 2026-04-25 20:46:20,742: publisherUpdate[/ctrl/agent_9] -> http://y:42965/ []
[rosmaster.master][INFO] 2026-04-25 20:46:20,742: publisherUpdate[/ctrl/agent_9] -> http://y:42965/ []: sec=0.00, exception=[Errno 111] Connection refused
[rosmaster.threadpool][ERROR] 2026-04-25 20:46:20,743: Traceback (most recent call last):
  File "/opt/ros/noetic/lib/python3/dist-packages/rosmaster/threadpool.py", line 218, in run
    result = cmd(*args)
  File "/opt/ros/noetic/lib/python3/dist-packages/rosmaster/master_api.py", line 210, in publisher_update_task
    ret = xmlrpcapi(api).publisherUpdate('/master', topic, pub_uris)
  File "/usr/lib/python3.8/xmlrpc/client.py", line 1109, in __call__
    return self.__send(self.__name, args)
  File "/usr/lib/python3.8/xmlrpc/client.py", line 1450, in __request
    response = self.__transport.request(
  File "/usr/lib/python3.8/xmlrpc/client.py", line 1153, in request
    return self.single_request(host, handler, request_body, verbose)
  File "/usr/lib/python3.8/xmlrpc/client.py", line 1165, in single_request
    http_conn = self.send_request(host, handler, request_body, verbose)
  File "/usr/lib/python3.8/xmlrpc/client.py", line 1278, in send_request
    self.send_content(connection, request_body)
  File "/usr/lib/python3.8/xmlrpc/client.py", line 1308, in send_content
    connection.endheaders(request_body)
  File "/usr/lib/python3.8/http/client.py", line 1251, in endheaders
    self._send_output(message_body, encode_chunked=encode_chunked)
  File "/usr/lib/python3.8/http/client.py", line 1011, in _send_output
    self.send(msg)
  File "/usr/lib/python3.8/http/client.py", line 951, in send
    self.connect()
  File "/usr/lib/python3.8/http/client.py", line 922, in connect
    self.sock = self._create_connection(
  File "/usr/lib/python3.8/socket.py", line 808, in create_connection
    raise err
  File "/usr/lib/python3.8/socket.py", line 796, in create_connection
    sock.connect(sa)
ConnectionRefusedError: [Errno 111] Connection refused

[rosmaster.master][INFO] 2026-04-25 20:46:20,934: -PUB [/rosout] /onlane_ai_agent_1 http://y:43441/
[rosmaster.master][INFO] 2026-04-25 20:46:20,935: -PUB [/rosout] /test_ssc_with_eudm_0 http://y:35737/
[rosmaster.master][INFO] 2026-04-25 20:46:20,935: publisherUpdate[/rosout] -> http://y:46445/ ['http://y:35737/']
[rosmaster.master][INFO] 2026-04-25 20:46:20,935: -PUB [/tf] /test_ssc_with_eudm_0 http://y:35737/
[rosmaster.master][INFO] 2026-04-25 20:46:20,936: publisherUpdate[/rosout] -> http://y:46445/ ['http://y:35737/']: sec=0.00, result=[1, '', 0]
[rosmaster.master][INFO] 2026-04-25 20:46:20,936: publisherUpdate[/rosout] -> http://y:46445/ []
[rosmaster.master][INFO] 2026-04-25 20:46:20,936: -PUB [/vis/agent_0/ego_vehicle_vis] /test_ssc_with_eudm_0 http://y:35737/
[rosmaster.master][INFO] 2026-04-25 20:46:20,937: -PUB [/ctrl/agent_1] /onlane_ai_agent_1 http://y:43441/
[rosmaster.master][INFO] 2026-04-25 20:46:20,937: publisherUpdate[/rosout] -> http://y:46445/ []: sec=0.00, result=[1, '', 0]
[rosmaster.master][INFO] 2026-04-25 20:46:20,937: -PUB [/vis/agent_0/obstacle_map] /test_ssc_with_eudm_0 http://y:35737/
[rosmaster.master][INFO] 2026-04-25 20:46:20,937: -PUB [/tf] /onlane_ai_agent_1 http://y:43441/
[rosmaster.master][INFO] 2026-04-25 20:46:20,938: -PUB [/vis/agent_0/surrounding_lane_net_vis] /test_ssc_with_eudm_0 http://y:35737/
[rosmaster.master][INFO] 2026-04-25 20:46:20,938: -PUB [/vis/agent_1/ego_vehicle_vis] /onlane_ai_agent_1 http://y:43441/
[rosmaster.master][INFO] 2026-04-25 20:46:20,938: -PUB [/vis/agent_0/local_lanes_vis] /test_ssc_with_eudm_0 http://y:35737/
[rosmaster.master][INFO] 2026-04-25 20:46:20,938: -PUB [/vis/agent_1/obstacle_map] /onlane_ai_agent_1 http://y:43441/
[rosmaster.master][INFO] 2026-04-25 20:46:20,939: -PUB [/vis/agent_0/ego_behavior_vis] /test_ssc_with_eudm_0 http://y:35737/
[rosmaster.master][INFO] 2026-04-25 20:46:20,939: -PUB [/vis/agent_1/surrounding_lane_net_vis] /onlane_ai_agent_1 http://y:43441/
[rosmaster.master][INFO] 2026-04-25 20:46:20,939: -PUB [/vis/agent_0/pred_traj_openloop_vis] /test_ssc_with_eudm_0 http://y:35737/
[rosmaster.master][INFO] 2026-04-25 20:46:20,939: -PUB [/vis/agent_1/local_lanes_vis] /onlane_ai_agent_1 http://y:43441/
[rosmaster.master][INFO] 2026-04-25 20:46:20,940: -PUB [/vis/agent_0/pred_initial_intention_vis] /test_ssc_with_eudm_0 http://y:35737/
[rosmaster.master][INFO] 2026-04-25 20:46:20,940: -PUB [/vis/agent_1/ego_behavior_vis] /onlane_ai_agent_1 http://y:43441/
[rosmaster.master][INFO] 2026-04-25 20:46:20,940: -PUB [/vis/agent_0/surrounding_vehicle_vis] /test_ssc_with_eudm_0 http://y:35737/
[rosmaster.master][INFO] 2026-04-25 20:46:20,940: -PUB [/vis/agent_1/pred_traj_openloop_vis] /onlane_ai_agent_1 http://y:43441/
[rosmaster.master][INFO] 2026-04-25 20:46:20,941: -PUB [/vis/agent_0/speed_limit] /test_ssc_with_eudm_0 http://y:35737/
[rosmaster.master][INFO] 2026-04-25 20:46:20,941: -PUB [/vis/agent_1/pred_initial_intention_vis] /onlane_ai_agent_1 http://y:43441/
[rosmaster.master][INFO] 2026-04-25 20:46:20,941: -PUB [/vis/agent_0/ssc/map_vis] /test_ssc_with_eudm_0 http://y:35737/
[rosmaster.master][INFO] 2026-04-25 20:46:20,941: -PUB [/vis/agent_1/surrounding_vehicle_vis] /onlane_ai_agent_1 http://y:43441/
[rosmaster.master][INFO] 2026-04-25 20:46:20,942: -PUB [/vis/agent_0/ssc/qp_vis] /test_ssc_with_eudm_0 http://y:35737/
[rosmaster.master][INFO] 2026-04-25 20:46:20,942: -PUB [/vis/agent_1/speed_limit] /onlane_ai_agent_1 http://y:43441/
[rosmaster.master][INFO] 2026-04-25 20:46:20,942: -PUB [/vis/agent_0/ssc/ego_fs_vis] /test_ssc_with_eudm_0 http://y:35737/
[rosmaster.master][INFO] 2026-04-25 20:46:20,942: -PUB [/vis/agent_1/forward_trajs] /onlane_ai_agent_1 http://y:43441/
[rosmaster.master][INFO] 2026-04-25 20:46:20,942: -PUB [/vis/agent_0/ssc/forward_trajs_vis] /test_ssc_with_eudm_0 http://y:35737/
[rosmaster.master][INFO] 2026-04-25 20:46:20,943: -SUB [/arena_info_static] /onlane_ai_agent_1 http://y:43441/
[rosmaster.master][INFO] 2026-04-25 20:46:20,943: -PUB [/vis/agent_0/ssc/sur_vehicle_trajs_vis] /test_ssc_with_eudm_0 http://y:35737/
[rosmaster.master][INFO] 2026-04-25 20:46:20,943: -SUB [/arena_info_dynamic] /onlane_ai_agent_1 http://y:43441/
[rosmaster.master][INFO] 2026-04-25 20:46:20,943: -PUB [/vis/agent_0/ssc/corridor_vis] /test_ssc_with_eudm_0 http://y:35737/
[rosmaster.master][INFO] 2026-04-25 20:46:20,944: -SUB [/joy] /onlane_ai_agent_1 http://y:43441/
[rosmaster.master][INFO] 2026-04-25 20:46:20,944: -PUB [/vis/agent_0/forward_trajs] /test_ssc_with_eudm_0 http://y:35737/
[rosmaster.master][INFO] 2026-04-25 20:46:20,944: -SERVICE [/onlane_ai_agent_1/get_loggers] /onlane_ai_agent_1 rosrpc://y:41599
[rosmaster.master][INFO] 2026-04-25 20:46:20,945: -PUB [/ctrl/agent_0] /test_ssc_with_eudm_0 http://y:35737/
[rosmaster.master][INFO] 2026-04-25 20:46:20,945: -SERVICE [/onlane_ai_agent_1/set_logger_level] /onlane_ai_agent_1 rosrpc://y:41599
[rosmaster.master][INFO] 2026-04-25 20:46:20,945: -PUB [/test_ssc_with_eudm_0/ssc_map] /test_ssc_with_eudm_0 http://y:35737/
[rosmaster.master][INFO] 2026-04-25 20:46:20,945: -PUB [/vis/agent_0/ssc/exec_traj] /test_ssc_with_eudm_0 http://y:35737/
[rosmaster.master][INFO] 2026-04-25 20:46:20,945: -SUB [/joy] /test_ssc_with_eudm_0 http://y:35737/
[rosmaster.master][INFO] 2026-04-25 20:46:20,945: -SUB [/arena_info_static] /test_ssc_with_eudm_0 http://y:35737/
[rosmaster.master][INFO] 2026-04-25 20:46:20,946: -SUB [/arena_info_dynamic] /test_ssc_with_eudm_0 http://y:35737/
[rosmaster.master][INFO] 2026-04-25 20:46:20,946: -SERVICE [/test_ssc_with_eudm_0/get_loggers] /test_ssc_with_eudm_0 rosrpc://y:51897
[rosmaster.master][INFO] 2026-04-25 20:46:20,946: -SERVICE [/test_ssc_with_eudm_0/set_logger_level] /test_ssc_with_eudm_0 rosrpc://y:51897
[rosmaster.master][INFO] 2026-04-25 20:46:21,238: -PUB [/rosout_agg] /rosout http://y:46445/
[rosmaster.master][INFO] 2026-04-25 20:46:21,238: -SUB [/rosout] /rosout http://y:46445/
[rosmaster.master][INFO] 2026-04-25 20:46:21,239: -SERVICE [/rosout/get_loggers] /rosout rosrpc://y:49051
[rosmaster.master][INFO] 2026-04-25 20:46:21,239: -SERVICE [/rosout/set_logger_level] /rosout rosrpc://y:49051
[rosmaster.main][INFO] 2026-04-25 20:46:21,312: keyboard interrupt, will exit
[rosmaster.main][INFO] 2026-04-25 20:46:21,312: stopping master...
[rospy.core][INFO] 2026-04-25 20:46:21,312: signal_shutdown [atexit]
