[rosmaster.main][INFO] 2026-05-06 19:44:57,293: initialization complete, waiting for shutdown
[rosmaster.main][INFO] 2026-05-06 19:44:57,293: Starting ROS Master Node
[xmlrpc][INFO] 2026-05-06 19:44:57,294: XML-RPC server binding to 0.0.0.0:11311
[xmlrpc][INFO] 2026-05-06 19:44:57,294: Started XML-RPC server [http://y:11311/]
[xmlrpc][INFO] 2026-05-06 19:44:57,294: xml rpc node: starting XML-RPC server
[rosmaster.master][INFO] 2026-05-06 19:44:57,294: Master initialized: port[11311], uri[http://y:11311/]
[rosmaster.master][INFO] 2026-05-06 19:44:57,307: +PARAM [/run_id] by /roslaunch
[rosmaster.master][INFO] 2026-05-06 19:44:57,307: +PARAM [/roslaunch/uris/host_y__39325] by /roslaunch
[rosmaster.master][INFO] 2026-05-06 19:44:57,332: +PARAM [/rosversion] by /roslaunch
[rosmaster.master][INFO] 2026-05-06 19:44:57,332: +PARAM [/rosdistro] by /roslaunch
[rosmaster.master][INFO] 2026-05-06 19:44:57,333: +PARAM [/test_ssc_with_eudm_0/ego_id] by /roslaunch
[rosmaster.master][INFO] 2026-05-06 19:44:57,333: +PARAM [/test_ssc_with_eudm_0/agent_config_path] by /roslaunch
[rosmaster.master][INFO] 2026-05-06 19:44:57,333: +PARAM [/test_ssc_with_eudm_0/bp_config_path] by /roslaunch
[rosmaster.master][INFO] 2026-05-06 19:44:57,333: +PARAM [/test_ssc_with_eudm_0/ssc_config_path] by /roslaunch
[rosmaster.master][INFO] 2026-05-06 19:44:57,333: +PARAM [/test_ssc_with_eudm_0/desired_vel] by /roslaunch
[rosmaster.master][INFO] 2026-05-06 19:44:57,333: +PARAM [/test_ssc_with_eudm_0/use_sim_state] by /roslaunch
[rosmaster.master][INFO] 2026-05-06 19:44:57,333: +PARAM [/onlane_ai_agent_1/ego_id] by /roslaunch
[rosmaster.master][INFO] 2026-05-06 19:44:57,333: +PARAM [/onlane_ai_agent_1/agent_config_path] by /roslaunch
[rosmaster.master][INFO] 2026-05-06 19:44:57,333: +PARAM [/onlane_ai_agent_1/desired_vel] by /roslaunch
[rosmaster.master][INFO] 2026-05-06 19:44:57,333: +PARAM [/onlane_ai_agent_1/autonomous_level] by /roslaunch
[rosmaster.master][INFO] 2026-05-06 19:44:57,333: +PARAM [/onlane_ai_agent_1/aggressiveness_level] by /roslaunch
[rosmaster.master][INFO] 2026-05-06 19:44:57,333: +PARAM [/onlane_ai_agent_2/ego_id] by /roslaunch
[rosmaster.master][INFO] 2026-05-06 19:44:57,333: +PARAM [/onlane_ai_agent_2/agent_config_path] by /roslaunch
[rosmaster.master][INFO] 2026-05-06 19:44:57,333: +PARAM [/onlane_ai_agent_2/desired_vel] by /roslaunch
[rosmaster.master][INFO] 2026-05-06 19:44:57,333: +PARAM [/onlane_ai_agent_2/autonomous_level] by /roslaunch
[rosmaster.master][INFO] 2026-05-06 19:44:57,333: +PARAM [/onlane_ai_agent_2/aggressiveness_level] by /roslaunch
[rosmaster.master][INFO] 2026-05-06 19:44:57,333: +PARAM [/onlane_ai_agent_3/ego_id] by /roslaunch
[rosmaster.master][INFO] 2026-05-06 19:44:57,333: +PARAM [/onlane_ai_agent_3/agent_config_path] by /roslaunch
[rosmaster.master][INFO] 2026-05-06 19:44:57,333: +PARAM [/onlane_ai_agent_3/desired_vel] by /roslaunch
[rosmaster.master][INFO] 2026-05-06 19:44:57,333: +PARAM [/onlane_ai_agent_3/autonomous_level] by /roslaunch
[rosmaster.master][INFO] 2026-05-06 19:44:57,333: +PARAM [/onlane_ai_agent_3/aggressiveness_level] by /roslaunch
[rosmaster.master][INFO] 2026-05-06 19:44:57,333: +PARAM [/onlane_ai_agent_4/ego_id] by /roslaunch
[rosmaster.master][INFO] 2026-05-06 19:44:57,333: +PARAM [/onlane_ai_agent_4/agent_config_path] by /roslaunch
[rosmaster.master][INFO] 2026-05-06 19:44:57,334: +PARAM [/onlane_ai_agent_4/desired_vel] by /roslaunch
[rosmaster.master][INFO] 2026-05-06 19:44:57,334: +PARAM [/onlane_ai_agent_4/autonomous_level] by /roslaunch
[rosmaster.master][INFO] 2026-05-06 19:44:57,334: +PARAM [/onlane_ai_agent_4/aggressiveness_level] by /roslaunch
[rosmaster.master][INFO] 2026-05-06 19:44:57,334: +PARAM [/onlane_ai_agent_5/ego_id] by /roslaunch
[rosmaster.master][INFO] 2026-05-06 19:44:57,334: +PARAM [/onlane_ai_agent_5/agent_config_path] by /roslaunch
[rosmaster.master][INFO] 2026-05-06 19:44:57,334: +PARAM [/onlane_ai_agent_5/desired_vel] by /roslaunch
[rosmaster.master][INFO] 2026-05-06 19:44:57,334: +PARAM [/onlane_ai_agent_5/autonomous_level] by /roslaunch
[rosmaster.master][INFO] 2026-05-06 19:44:57,334: +PARAM [/onlane_ai_agent_5/aggressiveness_level] by /roslaunch
[rosmaster.master][INFO] 2026-05-06 19:44:57,334: +PARAM [/onlane_ai_agent_6/ego_id] by /roslaunch
[rosmaster.master][INFO] 2026-05-06 19:44:57,334: +PARAM [/onlane_ai_agent_6/agent_config_path] by /roslaunch
[rosmaster.master][INFO] 2026-05-06 19:44:57,334: +PARAM [/onlane_ai_agent_6/desired_vel] by /roslaunch
[rosmaster.master][INFO] 2026-05-06 19:44:57,334: +PARAM [/onlane_ai_agent_6/autonomous_level] by /roslaunch
[rosmaster.master][INFO] 2026-05-06 19:44:57,334: +PARAM [/onlane_ai_agent_6/aggressiveness_level] by /roslaunch
[rosmaster.master][INFO] 2026-05-06 19:44:57,334: +PARAM [/onlane_ai_agent_7/ego_id] by /roslaunch
[rosmaster.master][INFO] 2026-05-06 19:44:57,334: +PARAM [/onlane_ai_agent_7/agent_config_path] by /roslaunch
[rosmaster.master][INFO] 2026-05-06 19:44:57,334: +PARAM [/onlane_ai_agent_7/desired_vel] by /roslaunch
[rosmaster.master][INFO] 2026-05-06 19:44:57,334: +PARAM [/onlane_ai_agent_7/autonomous_level] by /roslaunch
[rosmaster.master][INFO] 2026-05-06 19:44:57,334: +PARAM [/onlane_ai_agent_7/aggressiveness_level] by /roslaunch
[rosmaster.master][INFO] 2026-05-06 19:44:57,334: +PARAM [/onlane_ai_agent_8/ego_id] by /roslaunch
[rosmaster.master][INFO] 2026-05-06 19:44:57,334: +PARAM [/onlane_ai_agent_8/agent_config_path] by /roslaunch
[rosmaster.master][INFO] 2026-05-06 19:44:57,334: +PARAM [/onlane_ai_agent_8/desired_vel] by /roslaunch
[rosmaster.master][INFO] 2026-05-06 19:44:57,334: +PARAM [/onlane_ai_agent_8/autonomous_level] by /roslaunch
[rosmaster.master][INFO] 2026-05-06 19:44:57,334: +PARAM [/onlane_ai_agent_8/aggressiveness_level] by /roslaunch
[rosmaster.master][INFO] 2026-05-06 19:44:57,334: +PARAM [/onlane_ai_agent_9/ego_id] by /roslaunch
[rosmaster.master][INFO] 2026-05-06 19:44:57,334: +PARAM [/onlane_ai_agent_9/agent_config_path] by /roslaunch
[rosmaster.master][INFO] 2026-05-06 19:44:57,334: +PARAM [/onlane_ai_agent_9/desired_vel] by /roslaunch
[rosmaster.master][INFO] 2026-05-06 19:44:57,334: +PARAM [/onlane_ai_agent_9/autonomous_level] by /roslaunch
[rosmaster.master][INFO] 2026-05-06 19:44:57,334: +PARAM [/onlane_ai_agent_9/aggressiveness_level] by /roslaunch
[rosmaster.master][INFO] 2026-05-06 19:44:57,334: +PARAM [/onlane_ai_agent_10/ego_id] by /roslaunch
[rosmaster.master][INFO] 2026-05-06 19:44:57,334: +PARAM [/onlane_ai_agent_10/agent_config_path] by /roslaunch
[rosmaster.master][INFO] 2026-05-06 19:44:57,334: +PARAM [/onlane_ai_agent_10/desired_vel] by /roslaunch
[rosmaster.master][INFO] 2026-05-06 19:44:57,334: +PARAM [/onlane_ai_agent_10/autonomous_level] by /roslaunch
[rosmaster.master][INFO] 2026-05-06 19:44:57,334: +PARAM [/onlane_ai_agent_10/aggressiveness_level] by /roslaunch
[rosmaster.master][INFO] 2026-05-06 19:44:57,334: +PARAM [/phy_simulator_planning_node/vehicle_info_path] by /roslaunch
[rosmaster.master][INFO] 2026-05-06 19:44:57,334: +PARAM [/phy_simulator_planning_node/map_path] by /roslaunch
[rosmaster.master][INFO] 2026-05-06 19:44:57,334: +PARAM [/phy_simulator_planning_node/lane_net_path] by /roslaunch
[rosmaster.master][INFO] 2026-05-06 19:44:57,335: +SERVICE [/rosout/get_loggers] /rosout http://y:34227/
[rosmaster.master][INFO] 2026-05-06 19:44:57,335: +SERVICE [/rosout/set_logger_level] /rosout http://y:34227/
[rosmaster.master][INFO] 2026-05-06 19:44:57,336: +PUB [/rosout_agg] /rosout http://y:34227/
[rosmaster.master][INFO] 2026-05-06 19:44:57,336: +SUB [/rosout] /rosout http://y:34227/
[rosmaster.master][INFO] 2026-05-06 19:44:57,378: +PUB [/rosout] /onlane_ai_agent_3 http://y:35565/
[rosmaster.master][INFO] 2026-05-06 19:44:57,379: +PUB [/rosout] /onlane_ai_agent_4 http://y:45531/
[rosmaster.master][INFO] 2026-05-06 19:44:57,381: +PUB [/rosout] /onlane_ai_agent_5 http://y:40527/
[rosmaster.master][INFO] 2026-05-06 19:44:57,383: +SERVICE [/onlane_ai_agent_3/get_loggers] /onlane_ai_agent_3 http://y:35565/
[rosmaster.master][INFO] 2026-05-06 19:44:57,385: +SERVICE [/onlane_ai_agent_4/get_loggers] /onlane_ai_agent_4 http://y:45531/
[rosmaster.master][INFO] 2026-05-06 19:44:57,385: +PUB [/rosout] /onlane_ai_agent_6 http://y:41433/
[rosmaster.master][INFO] 2026-05-06 19:44:57,386: +SERVICE [/onlane_ai_agent_5/get_loggers] /onlane_ai_agent_5 http://y:40527/
[rosmaster.master][INFO] 2026-05-06 19:44:57,386: +PUB [/rosout] /onlane_ai_agent_1 http://y:32897/
[rosmaster.master][INFO] 2026-05-06 19:44:57,389: +PUB [/rosout] /onlane_ai_agent_7 http://y:43657/
[rosmaster.master][INFO] 2026-05-06 19:44:57,390: +SERVICE [/onlane_ai_agent_6/get_loggers] /onlane_ai_agent_6 http://y:41433/
[rosmaster.master][INFO] 2026-05-06 19:44:57,390: +SERVICE [/onlane_ai_agent_1/get_loggers] /onlane_ai_agent_1 http://y:32897/
[rosmaster.master][INFO] 2026-05-06 19:44:57,392: +PUB [/rosout] /onlane_ai_agent_8 http://y:33923/
[rosmaster.master][INFO] 2026-05-06 19:44:57,393: +SERVICE [/onlane_ai_agent_1/set_logger_level] /onlane_ai_agent_1 http://y:32897/
[rosmaster.master][INFO] 2026-05-06 19:44:57,394: publisherUpdate[/rosout] -> http://y:34227/ ['http://y:35565/']
[rosmaster.master][INFO] 2026-05-06 19:44:57,396: +SERVICE [/onlane_ai_agent_5/set_logger_level] /onlane_ai_agent_5 http://y:40527/
[rosmaster.master][INFO] 2026-05-06 19:44:57,396: +PUB [/rosout] /test_ssc_with_eudm_0 http://y:38523/
[rosmaster.master][INFO] 2026-05-06 19:44:57,396: publisherUpdate[/rosout] -> http://y:34227/ ['http://y:35565/']: sec=0.00, result=[1, '', 0]
[rosmaster.master][INFO] 2026-05-06 19:44:57,396: publisherUpdate[/rosout] -> http://y:34227/ ['http://y:35565/', 'http://y:45531/']
[rosmaster.master][INFO] 2026-05-06 19:44:57,396: +SERVICE [/onlane_ai_agent_3/set_logger_level] /onlane_ai_agent_3 http://y:35565/
[rosmaster.master][INFO] 2026-05-06 19:44:57,397: +SERVICE [/onlane_ai_agent_4/set_logger_level] /onlane_ai_agent_4 http://y:45531/
[rosmaster.master][INFO] 2026-05-06 19:44:57,397: publisherUpdate[/rosout] -> http://y:34227/ ['http://y:35565/', 'http://y:45531/']: sec=0.00, result=[1, '', 0]
[rosmaster.master][INFO] 2026-05-06 19:44:57,397: publisherUpdate[/rosout] -> http://y:34227/ ['http://y:35565/', 'http://y:45531/', 'http://y:40527/']
[rosmaster.master][INFO] 2026-05-06 19:44:57,397: publisherUpdate[/rosout] -> http://y:34227/ ['http://y:35565/', 'http://y:45531/', 'http://y:40527/']: sec=0.00, result=[1, '', 0]
[rosmaster.master][INFO] 2026-05-06 19:44:57,400: publisherUpdate[/rosout] -> http://y:34227/ ['http://y:35565/', 'http://y:45531/', 'http://y:40527/', 'http://y:41433/']
[rosmaster.master][INFO] 2026-05-06 19:44:57,397: +PUB [/rosout] /onlane_ai_agent_9 http://y:45085/
[rosmaster.master][INFO] 2026-05-06 19:44:57,401: publisherUpdate[/rosout] -> http://y:34227/ ['http://y:35565/', 'http://y:45531/', 'http://y:40527/', 'http://y:41433/']: sec=0.00, result=[1, '', 0]
[rosmaster.master][INFO] 2026-05-06 19:44:57,401: publisherUpdate[/rosout] -> http://y:34227/ ['http://y:35565/', 'http://y:45531/', 'http://y:40527/', 'http://y:41433/', 'http://y:32897/']
[rosmaster.master][INFO] 2026-05-06 19:44:57,401: publisherUpdate[/rosout] -> http://y:34227/ ['http://y:35565/', 'http://y:45531/', 'http://y:40527/', 'http://y:41433/', 'http://y:32897/']: sec=0.00, result=[1, '', 0]
[rosmaster.master][INFO] 2026-05-06 19:44:57,401: publisherUpdate[/rosout] -> http://y:34227/ ['http://y:35565/', 'http://y:45531/', 'http://y:40527/', 'http://y:41433/', 'http://y:32897/', 'http://y:43657/']
[rosmaster.master][INFO] 2026-05-06 19:44:57,402: publisherUpdate[/rosout] -> http://y:34227/ ['http://y:35565/', 'http://y:45531/', 'http://y:40527/', 'http://y:41433/', 'http://y:32897/', 'http://y:43657/']: sec=0.00, result=[1, '', 0]
[rosmaster.master][INFO] 2026-05-06 19:44:57,402: publisherUpdate[/rosout] -> http://y:34227/ ['http://y:35565/', 'http://y:45531/', 'http://y:40527/', 'http://y:41433/', 'http://y:32897/', 'http://y:43657/', 'http://y:33923/']
[rosmaster.master][INFO] 2026-05-06 19:44:57,402: +PUB [/rosout] /onlane_ai_agent_2 http://y:39599/
[rosmaster.master][INFO] 2026-05-06 19:44:57,403: publisherUpdate[/rosout] -> http://y:34227/ ['http://y:35565/', 'http://y:45531/', 'http://y:40527/', 'http://y:41433/', 'http://y:32897/', 'http://y:43657/', 'http://y:33923/']: sec=0.00, result=[1, '', 0]
[rosmaster.master][INFO] 2026-05-06 19:44:57,403: publisherUpdate[/rosout] -> http://y:34227/ ['http://y:35565/', 'http://y:45531/', 'http://y:40527/', 'http://y:41433/', 'http://y:32897/', 'http://y:43657/', 'http://y:33923/', 'http://y:38523/']
[rosmaster.master][INFO] 2026-05-06 19:44:57,404: publisherUpdate[/rosout] -> http://y:34227/ ['http://y:35565/', 'http://y:45531/', 'http://y:40527/', 'http://y:41433/', 'http://y:32897/', 'http://y:43657/', 'http://y:33923/', 'http://y:38523/']: sec=0.00, result=[1, '', 0]
[rosmaster.master][INFO] 2026-05-06 19:44:57,404: publisherUpdate[/rosout] -> http://y:34227/ ['http://y:35565/', 'http://y:45531/', 'http://y:40527/', 'http://y:41433/', 'http://y:32897/', 'http://y:43657/', 'http://y:33923/', 'http://y:38523/', 'http://y:45085/']
[rosmaster.master][INFO] 2026-05-06 19:44:57,404: +SERVICE [/onlane_ai_agent_2/get_loggers] /onlane_ai_agent_2 http://y:39599/
[rosmaster.master][INFO] 2026-05-06 19:44:57,404: publisherUpdate[/rosout] -> http://y:34227/ ['http://y:35565/', 'http://y:45531/', 'http://y:40527/', 'http://y:41433/', 'http://y:32897/', 'http://y:43657/', 'http://y:33923/', 'http://y:38523/', 'http://y:45085/']: sec=0.00, result=[1, '', 0]
[rosmaster.master][INFO] 2026-05-06 19:44:57,405: publisherUpdate[/rosout] -> http://y:34227/ ['http://y:35565/', 'http://y:45531/', 'http://y:40527/', 'http://y:41433/', 'http://y:32897/', 'http://y:43657/', 'http://y:33923/', 'http://y:38523/', 'http://y:45085/', 'http://y:39599/']
[rosmaster.master][INFO] 2026-05-06 19:44:57,405: +SERVICE [/onlane_ai_agent_7/get_loggers] /onlane_ai_agent_7 http://y:43657/
[rosmaster.master][INFO] 2026-05-06 19:44:57,406: publisherUpdate[/rosout] -> http://y:34227/ ['http://y:35565/', 'http://y:45531/', 'http://y:40527/', 'http://y:41433/', 'http://y:32897/', 'http://y:43657/', 'http://y:33923/', 'http://y:38523/', 'http://y:45085/', 'http://y:39599/']: sec=0.00, result=[1, '', 0]
[rosmaster.master][INFO] 2026-05-06 19:44:57,415: +SERVICE [/onlane_ai_agent_8/get_loggers] /onlane_ai_agent_8 http://y:33923/
[rosmaster.master][INFO] 2026-05-06 19:44:57,416: +PUB [/ctrl/agent_1] /onlane_ai_agent_1 http://y:32897/
[rosmaster.master][INFO] 2026-05-06 19:44:57,417: +SERVICE [/test_ssc_with_eudm_0/get_loggers] /test_ssc_with_eudm_0 http://y:38523/
[rosmaster.master][INFO] 2026-05-06 19:44:57,417: +SERVICE [/onlane_ai_agent_2/set_logger_level] /onlane_ai_agent_2 http://y:39599/
[rosmaster.master][INFO] 2026-05-06 19:44:57,417: +PUB [/rosout] /onlane_ai_agent_10 http://y:46815/
[rosmaster.master][INFO] 2026-05-06 19:44:57,417: +SERVICE [/onlane_ai_agent_6/set_logger_level] /onlane_ai_agent_6 http://y:41433/
[rosmaster.master][INFO] 2026-05-06 19:44:57,417: +SERVICE [/onlane_ai_agent_9/get_loggers] /onlane_ai_agent_9 http://y:45085/
[rosmaster.master][INFO] 2026-05-06 19:44:57,418: +SERVICE [/test_ssc_with_eudm_0/set_logger_level] /test_ssc_with_eudm_0 http://y:38523/
[rosmaster.master][INFO] 2026-05-06 19:44:57,418: +SERVICE [/onlane_ai_agent_10/get_loggers] /onlane_ai_agent_10 http://y:46815/
[rosmaster.master][INFO] 2026-05-06 19:44:57,422: +SERVICE [/onlane_ai_agent_10/set_logger_level] /onlane_ai_agent_10 http://y:46815/
[rosmaster.master][INFO] 2026-05-06 19:44:57,423: +PUB [/ctrl/agent_10] /onlane_ai_agent_10 http://y:46815/
[rosmaster.master][INFO] 2026-05-06 19:44:57,430: +SERVICE [/onlane_ai_agent_8/set_logger_level] /onlane_ai_agent_8 http://y:33923/
[rosmaster.master][INFO] 2026-05-06 19:44:57,432: +SERVICE [/onlane_ai_agent_7/set_logger_level] /onlane_ai_agent_7 http://y:43657/
[rosmaster.master][INFO] 2026-05-06 19:44:57,434: +SERVICE [/onlane_ai_agent_9/set_logger_level] /onlane_ai_agent_9 http://y:45085/
[rosmaster.master][INFO] 2026-05-06 19:44:57,435: +PUB [/ctrl/agent_9] /onlane_ai_agent_9 http://y:45085/
[rosmaster.master][INFO] 2026-05-06 19:44:57,435: +PUB [/ctrl/agent_4] /onlane_ai_agent_4 http://y:45531/
[rosmaster.master][INFO] 2026-05-06 19:44:57,439: +PUB [/ctrl/agent_2] /onlane_ai_agent_2 http://y:39599/
[rosmaster.master][INFO] 2026-05-06 19:44:57,440: +PUB [/rosout] /phy_simulator_planning_node http://y:43547/
[rosmaster.master][INFO] 2026-05-06 19:44:57,440: +SERVICE [/phy_simulator_planning_node/get_loggers] /phy_simulator_planning_node http://y:43547/
[rosmaster.master][INFO] 2026-05-06 19:44:57,444: +PUB [/ctrl/agent_5] /onlane_ai_agent_5 http://y:40527/
[rosmaster.master][INFO] 2026-05-06 19:44:57,446: +PUB [/ctrl/agent_6] /onlane_ai_agent_6 http://y:41433/
[rosmaster.master][INFO] 2026-05-06 19:44:57,448: +CACHEDPARAM [/rosout_disable_topics_generation] by /test_ssc_with_eudm_0
[rosmaster.master][INFO] 2026-05-06 19:44:57,456: +PUB [/ctrl/agent_8] /onlane_ai_agent_8 http://y:33923/
[rosmaster.master][INFO] 2026-05-06 19:44:57,473: +SERVICE [/phy_simulator_planning_node/set_logger_level] /phy_simulator_planning_node http://y:43547/
[rosmaster.master][INFO] 2026-05-06 19:44:57,474: +PUB [/ctrl/agent_3] /onlane_ai_agent_3 http://y:35565/
[rosmaster.master][INFO] 2026-05-06 19:44:57,481: +PUB [/tf] /test_ssc_with_eudm_0 http://y:38523/
[rosmaster.master][INFO] 2026-05-06 19:44:57,481: +PUB [/vis/agent_0/ego_vehicle_vis] /test_ssc_with_eudm_0 http://y:38523/
[rosmaster.master][INFO] 2026-05-06 19:44:57,482: +PUB [/vis/agent_0/obstacle_map] /test_ssc_with_eudm_0 http://y:38523/
[rosmaster.master][INFO] 2026-05-06 19:44:57,486: +PUB [/vis/agent_0/surrounding_lane_net_vis] /test_ssc_with_eudm_0 http://y:38523/
[rosmaster.master][INFO] 2026-05-06 19:44:57,486: +PUB [/vis/agent_0/local_lanes_vis] /test_ssc_with_eudm_0 http://y:38523/
[rosmaster.master][INFO] 2026-05-06 19:44:57,487: +PUB [/vis/agent_0/ego_behavior_vis] /test_ssc_with_eudm_0 http://y:38523/
[rosmaster.master][INFO] 2026-05-06 19:44:57,487: +PUB [/vis/agent_0/pred_traj_openloop_vis] /test_ssc_with_eudm_0 http://y:38523/
[rosmaster.master][INFO] 2026-05-06 19:44:57,488: +PUB [/vis/agent_0/pred_initial_intention_vis] /test_ssc_with_eudm_0 http://y:38523/
[rosmaster.master][INFO] 2026-05-06 19:44:57,488: +PUB [/vis/agent_0/surrounding_vehicle_vis] /test_ssc_with_eudm_0 http://y:38523/
[rosmaster.master][INFO] 2026-05-06 19:44:57,489: +PUB [/vis/agent_0/speed_limit] /test_ssc_with_eudm_0 http://y:38523/
[rosmaster.master][INFO] 2026-05-06 19:44:57,489: +PUB [/vis/agent_0/ssc/map_vis] /test_ssc_with_eudm_0 http://y:38523/
[rosmaster.master][INFO] 2026-05-06 19:44:57,489: +PUB [/vis/agent_0/ssc/qp_vis] /test_ssc_with_eudm_0 http://y:38523/
[rosmaster.master][INFO] 2026-05-06 19:44:57,490: +PUB [/vis/agent_0/ssc/ego_fs_vis] /test_ssc_with_eudm_0 http://y:38523/
[rosmaster.master][INFO] 2026-05-06 19:44:57,490: +PUB [/vis/agent_0/ssc/forward_trajs_vis] /test_ssc_with_eudm_0 http://y:38523/
[rosmaster.master][INFO] 2026-05-06 19:44:57,490: +PUB [/vis/agent_0/ssc/sur_vehicle_trajs_vis] /test_ssc_with_eudm_0 http://y:38523/
[rosmaster.master][INFO] 2026-05-06 19:44:57,491: +PUB [/vis/agent_0/ssc/corridor_vis] /test_ssc_with_eudm_0 http://y:38523/
[rosmaster.master][INFO] 2026-05-06 19:44:57,496: publisherUpdate[/rosout] -> http://y:34227/ ['http://y:35565/', 'http://y:45531/', 'http://y:40527/', 'http://y:41433/', 'http://y:32897/', 'http://y:43657/', 'http://y:33923/', 'http://y:38523/', 'http://y:45085/', 'http://y:39599/', 'http://y:46815/']
[rosmaster.master][INFO] 2026-05-06 19:44:57,496: publisherUpdate[/rosout] -> http://y:34227/ ['http://y:35565/', 'http://y:45531/', 'http://y:40527/', 'http://y:41433/', 'http://y:32897/', 'http://y:43657/', 'http://y:33923/', 'http://y:38523/', 'http://y:45085/', 'http://y:39599/', 'http://y:46815/']: sec=0.00, result=[1, '', 0]
[rosmaster.master][INFO] 2026-05-06 19:44:57,496: publisherUpdate[/rosout] -> http://y:34227/ ['http://y:35565/', 'http://y:45531/', 'http://y:40527/', 'http://y:41433/', 'http://y:32897/', 'http://y:43657/', 'http://y:33923/', 'http://y:38523/', 'http://y:45085/', 'http://y:39599/', 'http://y:46815/', 'http://y:43547/']
[rosmaster.master][INFO] 2026-05-06 19:44:57,497: publisherUpdate[/rosout] -> http://y:34227/ ['http://y:35565/', 'http://y:45531/', 'http://y:40527/', 'http://y:41433/', 'http://y:32897/', 'http://y:43657/', 'http://y:33923/', 'http://y:38523/', 'http://y:45085/', 'http://y:39599/', 'http://y:46815/', 'http://y:43547/']: sec=0.00, result=[1, '', 0]
[rosmaster.master][INFO] 2026-05-06 19:44:57,498: +PUB [/ctrl/agent_7] /onlane_ai_agent_7 http://y:43657/
[rosmaster.master][INFO] 2026-05-06 19:44:57,502: +SUB [/joy] /test_ssc_with_eudm_0 http://y:38523/
[rosmaster.master][INFO] 2026-05-06 19:44:57,503: +PUB [/vis/agent_0/forward_trajs] /test_ssc_with_eudm_0 http://y:38523/
[rosmaster.master][INFO] 2026-05-06 19:44:57,504: +PUB [/ctrl/agent_0] /test_ssc_with_eudm_0 http://y:38523/
[rosmaster.master][INFO] 2026-05-06 19:44:57,504: +PUB [/test_ssc_with_eudm_0/ssc_map] /test_ssc_with_eudm_0 http://y:38523/
[rosmaster.master][INFO] 2026-05-06 19:44:57,504: +PUB [/vis/agent_0/ssc/exec_traj] /test_ssc_with_eudm_0 http://y:38523/
[rosmaster.master][INFO] 2026-05-06 19:44:57,505: +SUB [/arena_info_static] /test_ssc_with_eudm_0 http://y:38523/
[rosmaster.master][INFO] 2026-05-06 19:44:57,506: +SUB [/arena_info_dynamic] /test_ssc_with_eudm_0 http://y:38523/
[rosmaster.master][INFO] 2026-05-06 19:44:57,508: +PUB [/arena_info_static] /phy_simulator_planning_node http://y:43547/
[rosmaster.master][INFO] 2026-05-06 19:44:57,508: +PUB [/arena_info_dynamic] /phy_simulator_planning_node http://y:43547/
[rosmaster.master][INFO] 2026-05-06 19:44:57,508: +PUB [/phy_simulator_planning_node/vis/vehicle_set_vis] /phy_simulator_planning_node http://y:43547/
[rosmaster.master][INFO] 2026-05-06 19:44:57,509: +PUB [/phy_simulator_planning_node/vis/lane_net_vis] /phy_simulator_planning_node http://y:43547/
[rosmaster.master][INFO] 2026-05-06 19:44:57,509: +PUB [/phy_simulator_planning_node/vis/obstacle_set_vis] /phy_simulator_planning_node http://y:43547/
[rosmaster.master][INFO] 2026-05-06 19:44:57,510: +SUB [/ctrl/agent_10] /phy_simulator_planning_node http://y:43547/
[rosmaster.master][INFO] 2026-05-06 19:44:57,511: +SUB [/ctrl/agent_9] /phy_simulator_planning_node http://y:43547/
[rosmaster.master][INFO] 2026-05-06 19:44:57,512: +SUB [/ctrl/agent_8] /phy_simulator_planning_node http://y:43547/
[rosmaster.master][INFO] 2026-05-06 19:44:57,513: +SUB [/ctrl/agent_7] /phy_simulator_planning_node http://y:43547/
[rosmaster.master][INFO] 2026-05-06 19:44:57,514: +SUB [/ctrl/agent_6] /phy_simulator_planning_node http://y:43547/
[rosmaster.master][INFO] 2026-05-06 19:44:57,515: +SUB [/ctrl/agent_5] /phy_simulator_planning_node http://y:43547/
[rosmaster.master][INFO] 2026-05-06 19:44:57,516: +SUB [/ctrl/agent_4] /phy_simulator_planning_node http://y:43547/
[rosmaster.master][INFO] 2026-05-06 19:44:57,517: +SUB [/ctrl/agent_3] /phy_simulator_planning_node http://y:43547/
[rosmaster.master][INFO] 2026-05-06 19:44:57,517: publisherUpdate[/arena_info_static] -> http://y:38523/ ['http://y:43547/']
[rosmaster.master][INFO] 2026-05-06 19:44:57,518: publisherUpdate[/arena_info_static] -> http://y:38523/ ['http://y:43547/']: sec=0.00, result=[1, '', 0]
[rosmaster.master][INFO] 2026-05-06 19:44:57,518: publisherUpdate[/arena_info_dynamic] -> http://y:38523/ ['http://y:43547/']
[rosmaster.master][INFO] 2026-05-06 19:44:57,518: +SUB [/ctrl/agent_2] /phy_simulator_planning_node http://y:43547/
[rosmaster.master][INFO] 2026-05-06 19:44:57,518: publisherUpdate[/arena_info_dynamic] -> http://y:38523/ ['http://y:43547/']: sec=0.00, result=[1, '', 0]
[rosmaster.master][INFO] 2026-05-06 19:44:57,519: +SUB [/ctrl/agent_1] /phy_simulator_planning_node http://y:43547/
[rosmaster.master][INFO] 2026-05-06 19:44:57,520: +SUB [/ctrl/agent_0] /phy_simulator_planning_node http://y:43547/
[rosmaster.master][INFO] 2026-05-06 19:44:57,521: +SUB [/initialpose] /phy_simulator_planning_node http://y:43547/
[rosmaster.master][INFO] 2026-05-06 19:44:57,521: +SUB [/move_base_simple/goal] /phy_simulator_planning_node http://y:43547/
[rosmaster.master][INFO] 2026-05-06 19:44:57,866: +CACHEDPARAM [/rosout/omit_topics] by /rosout
[rosmaster.master][INFO] 2026-05-06 19:45:05,177: +PUB [/rosout] /epsilon_metric_collector_1169599_1778067905053 http://y:44659/
[rosmaster.master][INFO] 2026-05-06 19:45:05,181: +SERVICE [/epsilon_metric_collector_1169599_1778067905053/get_loggers] /epsilon_metric_collector_1169599_1778067905053 http://y:44659/
[rosmaster.master][INFO] 2026-05-06 19:45:05,181: +SERVICE [/epsilon_metric_collector_1169599_1778067905053/set_logger_level] /epsilon_metric_collector_1169599_1778067905053 http://y:44659/
[rosmaster.master][INFO] 2026-05-06 19:45:05,183: +SUB [/arena_info_dynamic] /epsilon_metric_collector_1169599_1778067905053 http://y:44659/
[rosmaster.master][INFO] 2026-05-06 19:45:05,211: publisherUpdate[/rosout] -> http://y:34227/ ['http://y:35565/', 'http://y:45531/', 'http://y:40527/', 'http://y:41433/', 'http://y:32897/', 'http://y:43657/', 'http://y:33923/', 'http://y:38523/', 'http://y:45085/', 'http://y:39599/', 'http://y:46815/', 'http://y:43547/', 'http://y:44659/']
[rosmaster.master][INFO] 2026-05-06 19:45:05,211: publisherUpdate[/rosout] -> http://y:34227/ ['http://y:35565/', 'http://y:45531/', 'http://y:40527/', 'http://y:41433/', 'http://y:32897/', 'http://y:43657/', 'http://y:33923/', 'http://y:38523/', 'http://y:45085/', 'http://y:39599/', 'http://y:46815/', 'http://y:43547/', 'http://y:44659/']: sec=0.00, result=[1, '', 0]
[rosmaster.master][INFO] 2026-05-06 19:47:04,801: -SUB [/arena_info_dynamic] /epsilon_metric_collector_1169599_1778067905053 http://y:44659/
[rosmaster.master][INFO] 2026-05-06 19:47:04,802: -PUB [/rosout] /epsilon_metric_collector_1169599_1778067905053 http://y:44659/
[rosmaster.master][INFO] 2026-05-06 19:47:04,802: -SERVICE [/epsilon_metric_collector_1169599_1778067905053/get_loggers] /epsilon_metric_collector_1169599_1778067905053 rosrpc://y:40923
[rosmaster.master][INFO] 2026-05-06 19:47:04,802: -SERVICE [/epsilon_metric_collector_1169599_1778067905053/set_logger_level] /epsilon_metric_collector_1169599_1778067905053 rosrpc://y:40923
[rosmaster.master][INFO] 2026-05-06 19:47:04,833: publisherUpdate[/rosout] -> http://y:34227/ ['http://y:35565/', 'http://y:45531/', 'http://y:40527/', 'http://y:41433/', 'http://y:32897/', 'http://y:43657/', 'http://y:33923/', 'http://y:38523/', 'http://y:45085/', 'http://y:39599/', 'http://y:46815/', 'http://y:43547/']
[rosmaster.master][INFO] 2026-05-06 19:47:04,833: publisherUpdate[/rosout] -> http://y:34227/ ['http://y:35565/', 'http://y:45531/', 'http://y:40527/', 'http://y:41433/', 'http://y:32897/', 'http://y:43657/', 'http://y:33923/', 'http://y:38523/', 'http://y:45085/', 'http://y:39599/', 'http://y:46815/', 'http://y:43547/']: sec=0.00, result=[1, '', 0]
[rosmaster.master][INFO] 2026-05-06 19:47:05,791: +PUB [/rosout] /rostopic_1234631_1778068025680 http://y:42351/
[rosmaster.master][INFO] 2026-05-06 19:47:05,793: +SERVICE [/rostopic_1234631_1778068025680/get_loggers] /rostopic_1234631_1778068025680 http://y:42351/
[rosmaster.master][INFO] 2026-05-06 19:47:05,793: +SERVICE [/rostopic_1234631_1778068025680/set_logger_level] /rostopic_1234631_1778068025680 http://y:42351/
[rosmaster.master][INFO] 2026-05-06 19:47:05,800: +SUB [/arena_info_dynamic] /rostopic_1234631_1778068025680 http://y:42351/
[rosmaster.master][INFO] 2026-05-06 19:47:05,835: publisherUpdate[/rosout] -> http://y:34227/ ['http://y:35565/', 'http://y:45531/', 'http://y:40527/', 'http://y:41433/', 'http://y:32897/', 'http://y:43657/', 'http://y:33923/', 'http://y:38523/', 'http://y:45085/', 'http://y:39599/', 'http://y:46815/', 'http://y:43547/', 'http://y:42351/']
[rosmaster.master][INFO] 2026-05-06 19:47:05,836: publisherUpdate[/rosout] -> http://y:34227/ ['http://y:35565/', 'http://y:45531/', 'http://y:40527/', 'http://y:41433/', 'http://y:32897/', 'http://y:43657/', 'http://y:33923/', 'http://y:38523/', 'http://y:45085/', 'http://y:39599/', 'http://y:46815/', 'http://y:43547/', 'http://y:42351/']: sec=0.00, result=[1, '', 0]
[rosmaster.master][INFO] 2026-05-06 19:47:20,423: -SUB [/arena_info_dynamic] /rostopic_1234631_1778068025680 http://y:42351/
[rosmaster.master][INFO] 2026-05-06 19:47:20,423: -PUB [/rosout] /rostopic_1234631_1778068025680 http://y:42351/
[rosmaster.master][INFO] 2026-05-06 19:47:20,423: -SERVICE [/rostopic_1234631_1778068025680/get_loggers] /rostopic_1234631_1778068025680 rosrpc://y:36351
[rosmaster.master][INFO] 2026-05-06 19:47:20,423: -SERVICE [/rostopic_1234631_1778068025680/set_logger_level] /rostopic_1234631_1778068025680 rosrpc://y:36351
[rosmaster.master][INFO] 2026-05-06 19:47:20,462: publisherUpdate[/rosout] -> http://y:34227/ ['http://y:35565/', 'http://y:45531/', 'http://y:40527/', 'http://y:41433/', 'http://y:32897/', 'http://y:43657/', 'http://y:33923/', 'http://y:38523/', 'http://y:45085/', 'http://y:39599/', 'http://y:46815/', 'http://y:43547/']
[rosmaster.master][INFO] 2026-05-06 19:47:20,462: publisherUpdate[/rosout] -> http://y:34227/ ['http://y:35565/', 'http://y:45531/', 'http://y:40527/', 'http://y:41433/', 'http://y:32897/', 'http://y:43657/', 'http://y:33923/', 'http://y:38523/', 'http://y:45085/', 'http://y:39599/', 'http://y:46815/', 'http://y:43547/']: sec=0.00, result=[1, '', 0]
[rosmaster.master][INFO] 2026-05-06 19:47:21,227: -PUB [/rosout] /phy_simulator_planning_node http://y:43547/
[rosmaster.master][INFO] 2026-05-06 19:47:21,227: -PUB [/arena_info_static] /phy_simulator_planning_node http://y:43547/
[rosmaster.master][INFO] 2026-05-06 19:47:21,228: -PUB [/arena_info_dynamic] /phy_simulator_planning_node http://y:43547/
[rosmaster.master][INFO] 2026-05-06 19:47:21,228: -PUB [/phy_simulator_planning_node/vis/vehicle_set_vis] /phy_simulator_planning_node http://y:43547/
[rosmaster.master][INFO] 2026-05-06 19:47:21,228: -PUB [/phy_simulator_planning_node/vis/lane_net_vis] /phy_simulator_planning_node http://y:43547/
[rosmaster.master][INFO] 2026-05-06 19:47:21,229: -PUB [/phy_simulator_planning_node/vis/obstacle_set_vis] /phy_simulator_planning_node http://y:43547/
[rosmaster.master][INFO] 2026-05-06 19:47:21,229: -SUB [/ctrl/agent_10] /phy_simulator_planning_node http://y:43547/
[rosmaster.master][INFO] 2026-05-06 19:47:21,229: -SUB [/ctrl/agent_9] /phy_simulator_planning_node http://y:43547/
[rosmaster.master][INFO] 2026-05-06 19:47:21,230: -SUB [/ctrl/agent_8] /phy_simulator_planning_node http://y:43547/
[rosmaster.master][INFO] 2026-05-06 19:47:21,230: -SUB [/ctrl/agent_7] /phy_simulator_planning_node http://y:43547/
[rosmaster.master][INFO] 2026-05-06 19:47:21,230: -SUB [/ctrl/agent_6] /phy_simulator_planning_node http://y:43547/
[rosmaster.master][INFO] 2026-05-06 19:47:21,231: -SUB [/ctrl/agent_5] /phy_simulator_planning_node http://y:43547/
[rosmaster.master][INFO] 2026-05-06 19:47:21,231: -SUB [/ctrl/agent_4] /phy_simulator_planning_node http://y:43547/
[rosmaster.master][INFO] 2026-05-06 19:47:21,232: -SUB [/ctrl/agent_3] /phy_simulator_planning_node http://y:43547/
[rosmaster.master][INFO] 2026-05-06 19:47:21,232: -SUB [/ctrl/agent_2] /phy_simulator_planning_node http://y:43547/
[rosmaster.master][INFO] 2026-05-06 19:47:21,232: -SUB [/ctrl/agent_1] /phy_simulator_planning_node http://y:43547/
[rosmaster.master][INFO] 2026-05-06 19:47:21,233: -SUB [/ctrl/agent_0] /phy_simulator_planning_node http://y:43547/
[rosmaster.master][INFO] 2026-05-06 19:47:21,233: -SUB [/initialpose] /phy_simulator_planning_node http://y:43547/
[rosmaster.master][INFO] 2026-05-06 19:47:21,233: -SUB [/move_base_simple/goal] /phy_simulator_planning_node http://y:43547/
[rosmaster.master][INFO] 2026-05-06 19:47:21,234: -SERVICE [/phy_simulator_planning_node/get_loggers] /phy_simulator_planning_node rosrpc://y:55793
[rosmaster.master][INFO] 2026-05-06 19:47:21,234: -SERVICE [/phy_simulator_planning_node/set_logger_level] /phy_simulator_planning_node rosrpc://y:55793
[rosmaster.master][INFO] 2026-05-06 19:47:21,264: publisherUpdate[/rosout] -> http://y:34227/ ['http://y:35565/', 'http://y:45531/', 'http://y:40527/', 'http://y:41433/', 'http://y:32897/', 'http://y:43657/', 'http://y:33923/', 'http://y:38523/', 'http://y:45085/', 'http://y:39599/', 'http://y:46815/']
[rosmaster.master][INFO] 2026-05-06 19:47:21,266: publisherUpdate[/rosout] -> http://y:34227/ ['http://y:35565/', 'http://y:45531/', 'http://y:40527/', 'http://y:41433/', 'http://y:32897/', 'http://y:43657/', 'http://y:33923/', 'http://y:38523/', 'http://y:45085/', 'http://y:39599/', 'http://y:46815/']: sec=0.00, result=[1, '', 0]
[rosmaster.master][INFO] 2026-05-06 19:47:21,266: publisherUpdate[/arena_info_static] -> http://y:38523/ []
[rosmaster.master][INFO] 2026-05-06 19:47:21,268: publisherUpdate[/arena_info_static] -> http://y:38523/ []: sec=0.00, result=[0, 'Unknown Error', 0]
[rosmaster.master][INFO] 2026-05-06 19:47:21,268: publisherUpdate[/arena_info_dynamic] -> http://y:38523/ []
[rosmaster.master][INFO] 2026-05-06 19:47:21,269: publisherUpdate[/arena_info_dynamic] -> http://y:38523/ []: sec=0.00, result=[0, 'Unknown Error', 0]
[rosmaster.master][INFO] 2026-05-06 19:47:21,369: -PUB [/rosout] /test_ssc_with_eudm_0 http://y:38523/
[rosmaster.master][INFO] 2026-05-06 19:47:21,370: publisherUpdate[/rosout] -> http://y:34227/ ['http://y:35565/', 'http://y:45531/', 'http://y:40527/', 'http://y:41433/', 'http://y:32897/', 'http://y:43657/', 'http://y:33923/', 'http://y:45085/', 'http://y:39599/', 'http://y:46815/']
[rosmaster.master][INFO] 2026-05-06 19:47:21,371: -PUB [/tf] /test_ssc_with_eudm_0 http://y:38523/
[rosmaster.master][INFO] 2026-05-06 19:47:21,372: publisherUpdate[/rosout] -> http://y:34227/ ['http://y:35565/', 'http://y:45531/', 'http://y:40527/', 'http://y:41433/', 'http://y:32897/', 'http://y:43657/', 'http://y:33923/', 'http://y:45085/', 'http://y:39599/', 'http://y:46815/']: sec=0.00, result=[1, '', 0]
[rosmaster.master][INFO] 2026-05-06 19:47:21,372: -PUB [/vis/agent_0/ego_vehicle_vis] /test_ssc_with_eudm_0 http://y:38523/
[rosmaster.master][INFO] 2026-05-06 19:47:21,373: -PUB [/vis/agent_0/obstacle_map] /test_ssc_with_eudm_0 http://y:38523/
[rosmaster.master][INFO] 2026-05-06 19:47:21,374: -PUB [/vis/agent_0/surrounding_lane_net_vis] /test_ssc_with_eudm_0 http://y:38523/
[rosmaster.master][INFO] 2026-05-06 19:47:21,374: -PUB [/vis/agent_0/local_lanes_vis] /test_ssc_with_eudm_0 http://y:38523/
[rosmaster.master][INFO] 2026-05-06 19:47:21,375: -PUB [/vis/agent_0/ego_behavior_vis] /test_ssc_with_eudm_0 http://y:38523/
[rosmaster.master][INFO] 2026-05-06 19:47:21,375: -PUB [/vis/agent_0/pred_traj_openloop_vis] /test_ssc_with_eudm_0 http://y:38523/
[rosmaster.master][INFO] 2026-05-06 19:47:21,376: -PUB [/vis/agent_0/pred_initial_intention_vis] /test_ssc_with_eudm_0 http://y:38523/
[rosmaster.master][INFO] 2026-05-06 19:47:21,376: -PUB [/vis/agent_0/surrounding_vehicle_vis] /test_ssc_with_eudm_0 http://y:38523/
[rosmaster.master][INFO] 2026-05-06 19:47:21,377: -PUB [/vis/agent_0/speed_limit] /test_ssc_with_eudm_0 http://y:38523/
[rosmaster.master][INFO] 2026-05-06 19:47:21,377: -PUB [/vis/agent_0/ssc/map_vis] /test_ssc_with_eudm_0 http://y:38523/
[rosmaster.master][INFO] 2026-05-06 19:47:21,377: -PUB [/vis/agent_0/ssc/qp_vis] /test_ssc_with_eudm_0 http://y:38523/
[rosmaster.master][INFO] 2026-05-06 19:47:21,378: -PUB [/vis/agent_0/ssc/ego_fs_vis] /test_ssc_with_eudm_0 http://y:38523/
[rosmaster.master][INFO] 2026-05-06 19:47:21,378: -PUB [/vis/agent_0/ssc/forward_trajs_vis] /test_ssc_with_eudm_0 http://y:38523/
[rosmaster.master][INFO] 2026-05-06 19:47:21,379: -PUB [/vis/agent_0/ssc/sur_vehicle_trajs_vis] /test_ssc_with_eudm_0 http://y:38523/
[rosmaster.master][INFO] 2026-05-06 19:47:21,379: -PUB [/vis/agent_0/ssc/corridor_vis] /test_ssc_with_eudm_0 http://y:38523/
[rosmaster.master][INFO] 2026-05-06 19:47:21,379: -PUB [/vis/agent_0/forward_trajs] /test_ssc_with_eudm_0 http://y:38523/
[rosmaster.master][INFO] 2026-05-06 19:47:21,380: -PUB [/ctrl/agent_0] /test_ssc_with_eudm_0 http://y:38523/
[rosmaster.master][INFO] 2026-05-06 19:47:21,380: -PUB [/test_ssc_with_eudm_0/ssc_map] /test_ssc_with_eudm_0 http://y:38523/
[rosmaster.master][INFO] 2026-05-06 19:47:21,380: -PUB [/vis/agent_0/ssc/exec_traj] /test_ssc_with_eudm_0 http://y:38523/
[rosmaster.master][INFO] 2026-05-06 19:47:21,381: -SUB [/joy] /test_ssc_with_eudm_0 http://y:38523/
[rosmaster.master][INFO] 2026-05-06 19:47:21,381: -SUB [/arena_info_static] /test_ssc_with_eudm_0 http://y:38523/
[rosmaster.master][INFO] 2026-05-06 19:47:21,381: -SUB [/arena_info_dynamic] /test_ssc_with_eudm_0 http://y:38523/
[rosmaster.master][INFO] 2026-05-06 19:47:21,382: -SERVICE [/test_ssc_with_eudm_0/get_loggers] /test_ssc_with_eudm_0 rosrpc://y:45091
[rosmaster.master][INFO] 2026-05-06 19:47:21,382: -SERVICE [/test_ssc_with_eudm_0/set_logger_level] /test_ssc_with_eudm_0 rosrpc://y:45091
[rosmaster.master][INFO] 2026-05-06 19:47:21,382: -CACHEDPARAM [/rosout_disable_topics_generation] by /test_ssc_with_eudm_0
[rosmaster.master][INFO] 2026-05-06 19:47:21,672: -PUB [/rosout_agg] /rosout http://y:34227/
[rosmaster.master][INFO] 2026-05-06 19:47:21,672: -SUB [/rosout] /rosout http://y:34227/
[rosmaster.master][INFO] 2026-05-06 19:47:21,673: -SERVICE [/rosout/get_loggers] /rosout rosrpc://y:46237
[rosmaster.master][INFO] 2026-05-06 19:47:21,673: -SERVICE [/rosout/set_logger_level] /rosout rosrpc://y:46237
[rosmaster.master][INFO] 2026-05-06 19:47:21,674: -CACHEDPARAM [/rosout/omit_topics] by /rosout
[rosmaster.main][INFO] 2026-05-06 19:47:21,751: keyboard interrupt, will exit
[rosmaster.main][INFO] 2026-05-06 19:47:21,751: stopping master...
[rospy.core][INFO] 2026-05-06 19:47:21,752: signal_shutdown [atexit]
