[rosmaster.main][INFO] 2026-05-06 19:25:17,135: initialization complete, waiting for shutdown
[rosmaster.main][INFO] 2026-05-06 19:25:17,141: Starting ROS Master Node
[xmlrpc][INFO] 2026-05-06 19:25:17,142: XML-RPC server binding to 0.0.0.0:11311
[xmlrpc][INFO] 2026-05-06 19:25:17,142: Started XML-RPC server [http://y:11311/]
[rosmaster.master][INFO] 2026-05-06 19:25:17,142: Master initialized: port[11311], uri[http://y:11311/]
[xmlrpc][INFO] 2026-05-06 19:25:17,142: xml rpc node: starting XML-RPC server
[rosmaster.master][INFO] 2026-05-06 19:25:17,159: +PARAM [/run_id] by /roslaunch
[rosmaster.master][INFO] 2026-05-06 19:25:17,159: +PARAM [/roslaunch/uris/host_y__37731] by /roslaunch
[rosmaster.master][INFO] 2026-05-06 19:25:17,181: +PARAM [/rosversion] by /roslaunch
[rosmaster.master][INFO] 2026-05-06 19:25:17,181: +PARAM [/rosdistro] by /roslaunch
[rosmaster.master][INFO] 2026-05-06 19:25:17,181: +PARAM [/test_ssc_with_eudm_0/ego_id] by /roslaunch
[rosmaster.master][INFO] 2026-05-06 19:25:17,181: +PARAM [/test_ssc_with_eudm_0/agent_config_path] by /roslaunch
[rosmaster.master][INFO] 2026-05-06 19:25:17,181: +PARAM [/test_ssc_with_eudm_0/bp_config_path] by /roslaunch
[rosmaster.master][INFO] 2026-05-06 19:25:17,181: +PARAM [/test_ssc_with_eudm_0/ssc_config_path] by /roslaunch
[rosmaster.master][INFO] 2026-05-06 19:25:17,181: +PARAM [/test_ssc_with_eudm_0/desired_vel] by /roslaunch
[rosmaster.master][INFO] 2026-05-06 19:25:17,181: +PARAM [/test_ssc_with_eudm_0/use_sim_state] by /roslaunch
[rosmaster.master][INFO] 2026-05-06 19:25:17,181: +PARAM [/onlane_ai_agent_1/ego_id] by /roslaunch
[rosmaster.master][INFO] 2026-05-06 19:25:17,181: +PARAM [/onlane_ai_agent_1/agent_config_path] by /roslaunch
[rosmaster.master][INFO] 2026-05-06 19:25:17,182: +PARAM [/onlane_ai_agent_1/desired_vel] by /roslaunch
[rosmaster.master][INFO] 2026-05-06 19:25:17,182: +PARAM [/onlane_ai_agent_1/autonomous_level] by /roslaunch
[rosmaster.master][INFO] 2026-05-06 19:25:17,182: +PARAM [/onlane_ai_agent_1/aggressiveness_level] by /roslaunch
[rosmaster.master][INFO] 2026-05-06 19:25:17,182: +PARAM [/onlane_ai_agent_2/ego_id] by /roslaunch
[rosmaster.master][INFO] 2026-05-06 19:25:17,182: +PARAM [/onlane_ai_agent_2/agent_config_path] by /roslaunch
[rosmaster.master][INFO] 2026-05-06 19:25:17,182: +PARAM [/onlane_ai_agent_2/desired_vel] by /roslaunch
[rosmaster.master][INFO] 2026-05-06 19:25:17,182: +PARAM [/onlane_ai_agent_2/autonomous_level] by /roslaunch
[rosmaster.master][INFO] 2026-05-06 19:25:17,182: +PARAM [/onlane_ai_agent_2/aggressiveness_level] by /roslaunch
[rosmaster.master][INFO] 2026-05-06 19:25:17,182: +PARAM [/onlane_ai_agent_3/ego_id] by /roslaunch
[rosmaster.master][INFO] 2026-05-06 19:25:17,182: +PARAM [/onlane_ai_agent_3/agent_config_path] by /roslaunch
[rosmaster.master][INFO] 2026-05-06 19:25:17,182: +PARAM [/onlane_ai_agent_3/desired_vel] by /roslaunch
[rosmaster.master][INFO] 2026-05-06 19:25:17,182: +PARAM [/onlane_ai_agent_3/autonomous_level] by /roslaunch
[rosmaster.master][INFO] 2026-05-06 19:25:17,182: +PARAM [/onlane_ai_agent_3/aggressiveness_level] by /roslaunch
[rosmaster.master][INFO] 2026-05-06 19:25:17,182: +PARAM [/onlane_ai_agent_4/ego_id] by /roslaunch
[rosmaster.master][INFO] 2026-05-06 19:25:17,182: +PARAM [/onlane_ai_agent_4/agent_config_path] by /roslaunch
[rosmaster.master][INFO] 2026-05-06 19:25:17,182: +PARAM [/onlane_ai_agent_4/desired_vel] by /roslaunch
[rosmaster.master][INFO] 2026-05-06 19:25:17,182: +PARAM [/onlane_ai_agent_4/autonomous_level] by /roslaunch
[rosmaster.master][INFO] 2026-05-06 19:25:17,182: +PARAM [/onlane_ai_agent_4/aggressiveness_level] by /roslaunch
[rosmaster.master][INFO] 2026-05-06 19:25:17,182: +PARAM [/onlane_ai_agent_5/ego_id] by /roslaunch
[rosmaster.master][INFO] 2026-05-06 19:25:17,182: +PARAM [/onlane_ai_agent_5/agent_config_path] by /roslaunch
[rosmaster.master][INFO] 2026-05-06 19:25:17,182: +PARAM [/onlane_ai_agent_5/desired_vel] by /roslaunch
[rosmaster.master][INFO] 2026-05-06 19:25:17,182: +PARAM [/onlane_ai_agent_5/autonomous_level] by /roslaunch
[rosmaster.master][INFO] 2026-05-06 19:25:17,182: +PARAM [/onlane_ai_agent_5/aggressiveness_level] by /roslaunch
[rosmaster.master][INFO] 2026-05-06 19:25:17,182: +PARAM [/onlane_ai_agent_6/ego_id] by /roslaunch
[rosmaster.master][INFO] 2026-05-06 19:25:17,182: +PARAM [/onlane_ai_agent_6/agent_config_path] by /roslaunch
[rosmaster.master][INFO] 2026-05-06 19:25:17,182: +PARAM [/onlane_ai_agent_6/desired_vel] by /roslaunch
[rosmaster.master][INFO] 2026-05-06 19:25:17,182: +PARAM [/onlane_ai_agent_6/autonomous_level] by /roslaunch
[rosmaster.master][INFO] 2026-05-06 19:25:17,182: +PARAM [/onlane_ai_agent_6/aggressiveness_level] by /roslaunch
[rosmaster.master][INFO] 2026-05-06 19:25:17,183: +PARAM [/onlane_ai_agent_7/ego_id] by /roslaunch
[rosmaster.master][INFO] 2026-05-06 19:25:17,183: +PARAM [/onlane_ai_agent_7/agent_config_path] by /roslaunch
[rosmaster.master][INFO] 2026-05-06 19:25:17,183: +PARAM [/onlane_ai_agent_7/desired_vel] by /roslaunch
[rosmaster.master][INFO] 2026-05-06 19:25:17,183: +PARAM [/onlane_ai_agent_7/autonomous_level] by /roslaunch
[rosmaster.master][INFO] 2026-05-06 19:25:17,183: +PARAM [/onlane_ai_agent_7/aggressiveness_level] by /roslaunch
[rosmaster.master][INFO] 2026-05-06 19:25:17,183: +PARAM [/onlane_ai_agent_8/ego_id] by /roslaunch
[rosmaster.master][INFO] 2026-05-06 19:25:17,183: +PARAM [/onlane_ai_agent_8/agent_config_path] by /roslaunch
[rosmaster.master][INFO] 2026-05-06 19:25:17,183: +PARAM [/onlane_ai_agent_8/desired_vel] by /roslaunch
[rosmaster.master][INFO] 2026-05-06 19:25:17,183: +PARAM [/onlane_ai_agent_8/autonomous_level] by /roslaunch
[rosmaster.master][INFO] 2026-05-06 19:25:17,183: +PARAM [/onlane_ai_agent_8/aggressiveness_level] by /roslaunch
[rosmaster.master][INFO] 2026-05-06 19:25:17,183: +PARAM [/onlane_ai_agent_9/ego_id] by /roslaunch
[rosmaster.master][INFO] 2026-05-06 19:25:17,183: +PARAM [/onlane_ai_agent_9/agent_config_path] by /roslaunch
[rosmaster.master][INFO] 2026-05-06 19:25:17,183: +PARAM [/onlane_ai_agent_9/desired_vel] by /roslaunch
[rosmaster.master][INFO] 2026-05-06 19:25:17,183: +PARAM [/onlane_ai_agent_9/autonomous_level] by /roslaunch
[rosmaster.master][INFO] 2026-05-06 19:25:17,183: +PARAM [/onlane_ai_agent_9/aggressiveness_level] by /roslaunch
[rosmaster.master][INFO] 2026-05-06 19:25:17,183: +PARAM [/onlane_ai_agent_10/ego_id] by /roslaunch
[rosmaster.master][INFO] 2026-05-06 19:25:17,183: +PARAM [/onlane_ai_agent_10/agent_config_path] by /roslaunch
[rosmaster.master][INFO] 2026-05-06 19:25:17,183: +PARAM [/onlane_ai_agent_10/desired_vel] by /roslaunch
[rosmaster.master][INFO] 2026-05-06 19:25:17,183: +PARAM [/onlane_ai_agent_10/autonomous_level] by /roslaunch
[rosmaster.master][INFO] 2026-05-06 19:25:17,183: +PARAM [/onlane_ai_agent_10/aggressiveness_level] by /roslaunch
[rosmaster.master][INFO] 2026-05-06 19:25:17,183: +PARAM [/phy_simulator_planning_node/vehicle_info_path] by /roslaunch
[rosmaster.master][INFO] 2026-05-06 19:25:17,183: +PARAM [/phy_simulator_planning_node/map_path] by /roslaunch
[rosmaster.master][INFO] 2026-05-06 19:25:17,183: +PARAM [/phy_simulator_planning_node/lane_net_path] by /roslaunch
[rosmaster.master][INFO] 2026-05-06 19:25:17,183: +SERVICE [/rosout/get_loggers] /rosout http://y:42301/
[rosmaster.master][INFO] 2026-05-06 19:25:17,184: +SERVICE [/rosout/set_logger_level] /rosout http://y:42301/
[rosmaster.master][INFO] 2026-05-06 19:25:17,184: +PUB [/rosout_agg] /rosout http://y:42301/
[rosmaster.master][INFO] 2026-05-06 19:25:17,185: +SUB [/rosout] /rosout http://y:42301/
[rosmaster.master][INFO] 2026-05-06 19:25:17,211: +PUB [/rosout] /onlane_ai_agent_1 http://y:37289/
[rosmaster.master][INFO] 2026-05-06 19:25:17,211: +SERVICE [/onlane_ai_agent_1/get_loggers] /onlane_ai_agent_1 http://y:37289/
[rosmaster.master][INFO] 2026-05-06 19:25:17,211: +SERVICE [/onlane_ai_agent_1/set_logger_level] /onlane_ai_agent_1 http://y:37289/
[rosmaster.master][INFO] 2026-05-06 19:25:17,212: +PUB [/ctrl/agent_1] /onlane_ai_agent_1 http://y:37289/
[rosmaster.master][INFO] 2026-05-06 19:25:17,220: +PUB [/rosout] /onlane_ai_agent_2 http://y:44593/
[rosmaster.master][INFO] 2026-05-06 19:25:17,224: +PUB [/rosout] /onlane_ai_agent_3 http://y:37215/
[rosmaster.master][INFO] 2026-05-06 19:25:17,224: +PUB [/rosout] /test_ssc_with_eudm_0 http://y:41701/
[rosmaster.master][INFO] 2026-05-06 19:25:17,224: +SERVICE [/onlane_ai_agent_3/get_loggers] /onlane_ai_agent_3 http://y:37215/
[rosmaster.master][INFO] 2026-05-06 19:25:17,224: +SERVICE [/test_ssc_with_eudm_0/get_loggers] /test_ssc_with_eudm_0 http://y:41701/
[rosmaster.master][INFO] 2026-05-06 19:25:17,225: +SERVICE [/onlane_ai_agent_3/set_logger_level] /onlane_ai_agent_3 http://y:37215/
[rosmaster.master][INFO] 2026-05-06 19:25:17,226: +SERVICE [/onlane_ai_agent_2/get_loggers] /onlane_ai_agent_2 http://y:44593/
[rosmaster.master][INFO] 2026-05-06 19:25:17,227: +SERVICE [/test_ssc_with_eudm_0/set_logger_level] /test_ssc_with_eudm_0 http://y:41701/
[rosmaster.master][INFO] 2026-05-06 19:25:17,229: +PUB [/rosout] /onlane_ai_agent_4 http://y:33891/
[rosmaster.master][INFO] 2026-05-06 19:25:17,230: +PUB [/rosout] /onlane_ai_agent_5 http://y:43901/
[rosmaster.master][INFO] 2026-05-06 19:25:17,231: +SERVICE [/onlane_ai_agent_5/get_loggers] /onlane_ai_agent_5 http://y:43901/
[rosmaster.master][INFO] 2026-05-06 19:25:17,231: +SERVICE [/onlane_ai_agent_5/set_logger_level] /onlane_ai_agent_5 http://y:43901/
[rosmaster.master][INFO] 2026-05-06 19:25:17,232: +PUB [/ctrl/agent_3] /onlane_ai_agent_3 http://y:37215/
[rosmaster.master][INFO] 2026-05-06 19:25:17,236: +SERVICE [/onlane_ai_agent_2/set_logger_level] /onlane_ai_agent_2 http://y:44593/
[rosmaster.master][INFO] 2026-05-06 19:25:17,237: +PUB [/rosout] /onlane_ai_agent_6 http://y:38943/
[rosmaster.master][INFO] 2026-05-06 19:25:17,238: +SERVICE [/onlane_ai_agent_6/get_loggers] /onlane_ai_agent_6 http://y:38943/
[rosmaster.master][INFO] 2026-05-06 19:25:17,238: +SERVICE [/onlane_ai_agent_6/set_logger_level] /onlane_ai_agent_6 http://y:38943/
[rosmaster.master][INFO] 2026-05-06 19:25:17,239: +PUB [/ctrl/agent_6] /onlane_ai_agent_6 http://y:38943/
[rosmaster.master][INFO] 2026-05-06 19:25:17,241: +PUB [/ctrl/agent_5] /onlane_ai_agent_5 http://y:43901/
[rosmaster.master][INFO] 2026-05-06 19:25:17,241: +SERVICE [/onlane_ai_agent_4/get_loggers] /onlane_ai_agent_4 http://y:33891/
[rosmaster.master][INFO] 2026-05-06 19:25:17,242: publisherUpdate[/rosout] -> http://y:42301/ ['http://y:37289/']
[rosmaster.master][INFO] 2026-05-06 19:25:17,246: +SERVICE [/onlane_ai_agent_4/set_logger_level] /onlane_ai_agent_4 http://y:33891/
[rosmaster.master][INFO] 2026-05-06 19:25:17,254: +PUB [/ctrl/agent_2] /onlane_ai_agent_2 http://y:44593/
[rosmaster.master][INFO] 2026-05-06 19:25:17,255: publisherUpdate[/rosout] -> http://y:42301/ ['http://y:37289/']: sec=0.01, result=[1, '', 0]
[rosmaster.master][INFO] 2026-05-06 19:25:17,256: publisherUpdate[/rosout] -> http://y:42301/ ['http://y:37289/', 'http://y:44593/']
[rosmaster.master][INFO] 2026-05-06 19:25:17,256: publisherUpdate[/rosout] -> http://y:42301/ ['http://y:37289/', 'http://y:44593/']: sec=0.00, result=[1, '', 0]
[rosmaster.master][INFO] 2026-05-06 19:25:17,256: publisherUpdate[/rosout] -> http://y:42301/ ['http://y:37289/', 'http://y:44593/', 'http://y:37215/']
[rosmaster.master][INFO] 2026-05-06 19:25:17,256: publisherUpdate[/rosout] -> http://y:42301/ ['http://y:37289/', 'http://y:44593/', 'http://y:37215/']: sec=0.00, result=[1, '', 0]
[rosmaster.master][INFO] 2026-05-06 19:25:17,256: publisherUpdate[/rosout] -> http://y:42301/ ['http://y:37289/', 'http://y:44593/', 'http://y:37215/', 'http://y:41701/']
[rosmaster.master][INFO] 2026-05-06 19:25:17,257: publisherUpdate[/rosout] -> http://y:42301/ ['http://y:37289/', 'http://y:44593/', 'http://y:37215/', 'http://y:41701/']: sec=0.00, result=[1, '', 0]
[rosmaster.master][INFO] 2026-05-06 19:25:17,257: publisherUpdate[/rosout] -> http://y:42301/ ['http://y:37289/', 'http://y:44593/', 'http://y:37215/', 'http://y:41701/', 'http://y:33891/']
[rosmaster.master][INFO] 2026-05-06 19:25:17,257: +PUB [/rosout] /onlane_ai_agent_7 http://y:33055/
[rosmaster.master][INFO] 2026-05-06 19:25:17,258: publisherUpdate[/rosout] -> http://y:42301/ ['http://y:37289/', 'http://y:44593/', 'http://y:37215/', 'http://y:41701/', 'http://y:33891/']: sec=0.00, result=[1, '', 0]
[rosmaster.master][INFO] 2026-05-06 19:25:17,258: publisherUpdate[/rosout] -> http://y:42301/ ['http://y:37289/', 'http://y:44593/', 'http://y:37215/', 'http://y:41701/', 'http://y:33891/', 'http://y:43901/']
[rosmaster.master][INFO] 2026-05-06 19:25:17,259: publisherUpdate[/rosout] -> http://y:42301/ ['http://y:37289/', 'http://y:44593/', 'http://y:37215/', 'http://y:41701/', 'http://y:33891/', 'http://y:43901/']: sec=0.00, result=[1, '', 0]
[rosmaster.master][INFO] 2026-05-06 19:25:17,259: publisherUpdate[/rosout] -> http://y:42301/ ['http://y:37289/', 'http://y:44593/', 'http://y:37215/', 'http://y:41701/', 'http://y:33891/', 'http://y:43901/', 'http://y:38943/']
[rosmaster.master][INFO] 2026-05-06 19:25:17,260: +SERVICE [/onlane_ai_agent_7/get_loggers] /onlane_ai_agent_7 http://y:33055/
[rosmaster.master][INFO] 2026-05-06 19:25:17,260: publisherUpdate[/rosout] -> http://y:42301/ ['http://y:37289/', 'http://y:44593/', 'http://y:37215/', 'http://y:41701/', 'http://y:33891/', 'http://y:43901/', 'http://y:38943/']: sec=0.00, result=[1, '', 0]
[rosmaster.master][INFO] 2026-05-06 19:25:17,261: publisherUpdate[/rosout] -> http://y:42301/ ['http://y:37289/', 'http://y:44593/', 'http://y:37215/', 'http://y:41701/', 'http://y:33891/', 'http://y:43901/', 'http://y:38943/', 'http://y:33055/']
[rosmaster.master][INFO] 2026-05-06 19:25:17,265: +PUB [/rosout] /onlane_ai_agent_9 http://y:34701/
[rosmaster.master][INFO] 2026-05-06 19:25:17,266: +PUB [/rosout] /onlane_ai_agent_8 http://y:42355/
[rosmaster.master][INFO] 2026-05-06 19:25:17,266: +SERVICE [/onlane_ai_agent_8/get_loggers] /onlane_ai_agent_8 http://y:42355/
[rosmaster.master][INFO] 2026-05-06 19:25:17,266: +SERVICE [/onlane_ai_agent_8/set_logger_level] /onlane_ai_agent_8 http://y:42355/
[rosmaster.master][INFO] 2026-05-06 19:25:17,267: +CACHEDPARAM [/rosout_disable_topics_generation] by /test_ssc_with_eudm_0
[rosmaster.master][INFO] 2026-05-06 19:25:17,267: +PUB [/ctrl/agent_8] /onlane_ai_agent_8 http://y:42355/
[rosmaster.master][INFO] 2026-05-06 19:25:17,269: publisherUpdate[/rosout] -> http://y:42301/ ['http://y:37289/', 'http://y:44593/', 'http://y:37215/', 'http://y:41701/', 'http://y:33891/', 'http://y:43901/', 'http://y:38943/', 'http://y:33055/']: sec=0.01, result=[1, '', 0]
[rosmaster.master][INFO] 2026-05-06 19:25:17,269: publisherUpdate[/rosout] -> http://y:42301/ ['http://y:37289/', 'http://y:44593/', 'http://y:37215/', 'http://y:41701/', 'http://y:33891/', 'http://y:43901/', 'http://y:38943/', 'http://y:33055/', 'http://y:34701/']
[rosmaster.master][INFO] 2026-05-06 19:25:17,269: publisherUpdate[/rosout] -> http://y:42301/ ['http://y:37289/', 'http://y:44593/', 'http://y:37215/', 'http://y:41701/', 'http://y:33891/', 'http://y:43901/', 'http://y:38943/', 'http://y:33055/', 'http://y:34701/']: sec=0.00, result=[1, '', 0]
[rosmaster.master][INFO] 2026-05-06 19:25:17,269: publisherUpdate[/rosout] -> http://y:42301/ ['http://y:37289/', 'http://y:44593/', 'http://y:37215/', 'http://y:41701/', 'http://y:33891/', 'http://y:43901/', 'http://y:38943/', 'http://y:33055/', 'http://y:34701/', 'http://y:42355/']
[rosmaster.master][INFO] 2026-05-06 19:25:17,270: publisherUpdate[/rosout] -> http://y:42301/ ['http://y:37289/', 'http://y:44593/', 'http://y:37215/', 'http://y:41701/', 'http://y:33891/', 'http://y:43901/', 'http://y:38943/', 'http://y:33055/', 'http://y:34701/', 'http://y:42355/']: sec=0.00, result=[1, '', 0]
[rosmaster.master][INFO] 2026-05-06 19:25:17,271: +SERVICE [/onlane_ai_agent_7/set_logger_level] /onlane_ai_agent_7 http://y:33055/
[rosmaster.master][INFO] 2026-05-06 19:25:17,276: +PUB [/rosout] /onlane_ai_agent_10 http://y:40983/
[rosmaster.master][INFO] 2026-05-06 19:25:17,278: +SERVICE [/onlane_ai_agent_10/get_loggers] /onlane_ai_agent_10 http://y:40983/
[rosmaster.master][INFO] 2026-05-06 19:25:17,279: +SERVICE [/onlane_ai_agent_10/set_logger_level] /onlane_ai_agent_10 http://y:40983/
[rosmaster.master][INFO] 2026-05-06 19:25:17,282: +PUB [/rosout] /phy_simulator_planning_node http://y:35701/
[rosmaster.master][INFO] 2026-05-06 19:25:17,283: +SERVICE [/onlane_ai_agent_9/get_loggers] /onlane_ai_agent_9 http://y:34701/
[rosmaster.master][INFO] 2026-05-06 19:25:17,283: +SERVICE [/phy_simulator_planning_node/get_loggers] /phy_simulator_planning_node http://y:35701/
[rosmaster.master][INFO] 2026-05-06 19:25:17,285: +PUB [/tf] /test_ssc_with_eudm_0 http://y:41701/
[rosmaster.master][INFO] 2026-05-06 19:25:17,290: +PUB [/ctrl/agent_7] /onlane_ai_agent_7 http://y:33055/
[rosmaster.master][INFO] 2026-05-06 19:25:17,290: +SERVICE [/phy_simulator_planning_node/set_logger_level] /phy_simulator_planning_node http://y:35701/
[rosmaster.master][INFO] 2026-05-06 19:25:17,300: +PUB [/ctrl/agent_4] /onlane_ai_agent_4 http://y:33891/
[rosmaster.master][INFO] 2026-05-06 19:25:17,310: +PUB [/vis/agent_0/ego_vehicle_vis] /test_ssc_with_eudm_0 http://y:41701/
[rosmaster.master][INFO] 2026-05-06 19:25:17,311: +PUB [/vis/agent_0/obstacle_map] /test_ssc_with_eudm_0 http://y:41701/
[rosmaster.master][INFO] 2026-05-06 19:25:17,311: +PUB [/vis/agent_0/surrounding_lane_net_vis] /test_ssc_with_eudm_0 http://y:41701/
[rosmaster.master][INFO] 2026-05-06 19:25:17,312: +PUB [/vis/agent_0/local_lanes_vis] /test_ssc_with_eudm_0 http://y:41701/
[rosmaster.master][INFO] 2026-05-06 19:25:17,312: +PUB [/vis/agent_0/ego_behavior_vis] /test_ssc_with_eudm_0 http://y:41701/
[rosmaster.master][INFO] 2026-05-06 19:25:17,312: +PUB [/vis/agent_0/pred_traj_openloop_vis] /test_ssc_with_eudm_0 http://y:41701/
[rosmaster.master][INFO] 2026-05-06 19:25:17,314: +PUB [/vis/agent_0/pred_initial_intention_vis] /test_ssc_with_eudm_0 http://y:41701/
[rosmaster.master][INFO] 2026-05-06 19:25:17,314: +SERVICE [/onlane_ai_agent_9/set_logger_level] /onlane_ai_agent_9 http://y:34701/
[rosmaster.master][INFO] 2026-05-06 19:25:17,314: +PUB [/vis/agent_0/surrounding_vehicle_vis] /test_ssc_with_eudm_0 http://y:41701/
[rosmaster.master][INFO] 2026-05-06 19:25:17,322: +PUB [/ctrl/agent_10] /onlane_ai_agent_10 http://y:40983/
[rosmaster.master][INFO] 2026-05-06 19:25:17,322: +PUB [/vis/agent_0/speed_limit] /test_ssc_with_eudm_0 http://y:41701/
[rosmaster.master][INFO] 2026-05-06 19:25:17,322: +PUB [/vis/agent_0/ssc/map_vis] /test_ssc_with_eudm_0 http://y:41701/
[rosmaster.master][INFO] 2026-05-06 19:25:17,323: +PUB [/vis/agent_0/ssc/qp_vis] /test_ssc_with_eudm_0 http://y:41701/
[rosmaster.master][INFO] 2026-05-06 19:25:17,323: +PUB [/vis/agent_0/ssc/ego_fs_vis] /test_ssc_with_eudm_0 http://y:41701/
[rosmaster.master][INFO] 2026-05-06 19:25:17,323: +PUB [/vis/agent_0/ssc/forward_trajs_vis] /test_ssc_with_eudm_0 http://y:41701/
[rosmaster.master][INFO] 2026-05-06 19:25:17,324: +PUB [/vis/agent_0/ssc/sur_vehicle_trajs_vis] /test_ssc_with_eudm_0 http://y:41701/
[rosmaster.master][INFO] 2026-05-06 19:25:17,324: +PUB [/vis/agent_0/ssc/corridor_vis] /test_ssc_with_eudm_0 http://y:41701/
[rosmaster.master][INFO] 2026-05-06 19:25:17,338: +PUB [/ctrl/agent_9] /onlane_ai_agent_9 http://y:34701/
[rosmaster.master][INFO] 2026-05-06 19:25:17,346: publisherUpdate[/rosout] -> http://y:42301/ ['http://y:37289/', 'http://y:44593/', 'http://y:37215/', 'http://y:41701/', 'http://y:33891/', 'http://y:43901/', 'http://y:38943/', 'http://y:33055/', 'http://y:34701/', 'http://y:42355/', 'http://y:40983/']
[rosmaster.master][INFO] 2026-05-06 19:25:17,347: publisherUpdate[/rosout] -> http://y:42301/ ['http://y:37289/', 'http://y:44593/', 'http://y:37215/', 'http://y:41701/', 'http://y:33891/', 'http://y:43901/', 'http://y:38943/', 'http://y:33055/', 'http://y:34701/', 'http://y:42355/', 'http://y:40983/']: sec=0.00, result=[1, '', 0]
[rosmaster.master][INFO] 2026-05-06 19:25:17,347: publisherUpdate[/rosout] -> http://y:42301/ ['http://y:37289/', 'http://y:44593/', 'http://y:37215/', 'http://y:41701/', 'http://y:33891/', 'http://y:43901/', 'http://y:38943/', 'http://y:33055/', 'http://y:34701/', 'http://y:42355/', 'http://y:40983/', 'http://y:35701/']
[rosmaster.master][INFO] 2026-05-06 19:25:17,348: publisherUpdate[/rosout] -> http://y:42301/ ['http://y:37289/', 'http://y:44593/', 'http://y:37215/', 'http://y:41701/', 'http://y:33891/', 'http://y:43901/', 'http://y:38943/', 'http://y:33055/', 'http://y:34701/', 'http://y:42355/', 'http://y:40983/', 'http://y:35701/']: sec=0.00, result=[1, '', 0]
[rosmaster.master][INFO] 2026-05-06 19:25:17,366: +PUB [/arena_info_static] /phy_simulator_planning_node http://y:35701/
[rosmaster.master][INFO] 2026-05-06 19:25:17,367: +SUB [/joy] /test_ssc_with_eudm_0 http://y:41701/
[rosmaster.master][INFO] 2026-05-06 19:25:17,367: +PUB [/vis/agent_0/forward_trajs] /test_ssc_with_eudm_0 http://y:41701/
[rosmaster.master][INFO] 2026-05-06 19:25:17,369: +PUB [/ctrl/agent_0] /test_ssc_with_eudm_0 http://y:41701/
[rosmaster.master][INFO] 2026-05-06 19:25:17,369: +PUB [/test_ssc_with_eudm_0/ssc_map] /test_ssc_with_eudm_0 http://y:41701/
[rosmaster.master][INFO] 2026-05-06 19:25:17,369: +PUB [/vis/agent_0/ssc/exec_traj] /test_ssc_with_eudm_0 http://y:41701/
[rosmaster.master][INFO] 2026-05-06 19:25:17,370: +SUB [/arena_info_static] /test_ssc_with_eudm_0 http://y:41701/
[rosmaster.master][INFO] 2026-05-06 19:25:17,371: +SUB [/arena_info_dynamic] /test_ssc_with_eudm_0 http://y:41701/
[rosmaster.master][INFO] 2026-05-06 19:25:17,377: +PUB [/arena_info_dynamic] /phy_simulator_planning_node http://y:35701/
[rosmaster.master][INFO] 2026-05-06 19:25:17,379: +PUB [/phy_simulator_planning_node/vis/vehicle_set_vis] /phy_simulator_planning_node http://y:35701/
[rosmaster.master][INFO] 2026-05-06 19:25:17,379: +PUB [/phy_simulator_planning_node/vis/lane_net_vis] /phy_simulator_planning_node http://y:35701/
[rosmaster.master][INFO] 2026-05-06 19:25:17,380: +PUB [/phy_simulator_planning_node/vis/obstacle_set_vis] /phy_simulator_planning_node http://y:35701/
[rosmaster.master][INFO] 2026-05-06 19:25:17,381: +SUB [/ctrl/agent_10] /phy_simulator_planning_node http://y:35701/
[rosmaster.master][INFO] 2026-05-06 19:25:17,382: +SUB [/ctrl/agent_9] /phy_simulator_planning_node http://y:35701/
[rosmaster.master][INFO] 2026-05-06 19:25:17,384: +SUB [/ctrl/agent_8] /phy_simulator_planning_node http://y:35701/
[rosmaster.master][INFO] 2026-05-06 19:25:17,385: +SUB [/ctrl/agent_7] /phy_simulator_planning_node http://y:35701/
[rosmaster.master][INFO] 2026-05-06 19:25:17,386: +SUB [/ctrl/agent_6] /phy_simulator_planning_node http://y:35701/
[rosmaster.master][INFO] 2026-05-06 19:25:17,387: +SUB [/ctrl/agent_5] /phy_simulator_planning_node http://y:35701/
[rosmaster.master][INFO] 2026-05-06 19:25:17,388: +SUB [/ctrl/agent_4] /phy_simulator_planning_node http://y:35701/
[rosmaster.master][INFO] 2026-05-06 19:25:17,388: +SUB [/ctrl/agent_3] /phy_simulator_planning_node http://y:35701/
[rosmaster.master][INFO] 2026-05-06 19:25:17,389: +SUB [/ctrl/agent_2] /phy_simulator_planning_node http://y:35701/
[rosmaster.master][INFO] 2026-05-06 19:25:17,390: +SUB [/ctrl/agent_1] /phy_simulator_planning_node http://y:35701/
[rosmaster.master][INFO] 2026-05-06 19:25:17,391: +SUB [/ctrl/agent_0] /phy_simulator_planning_node http://y:35701/
[rosmaster.master][INFO] 2026-05-06 19:25:17,392: +SUB [/initialpose] /phy_simulator_planning_node http://y:35701/
[rosmaster.master][INFO] 2026-05-06 19:25:17,393: +SUB [/move_base_simple/goal] /phy_simulator_planning_node http://y:35701/
[rosmaster.master][INFO] 2026-05-06 19:25:17,448: publisherUpdate[/arena_info_dynamic] -> http://y:41701/ ['http://y:35701/']
[rosmaster.master][INFO] 2026-05-06 19:25:17,449: publisherUpdate[/arena_info_dynamic] -> http://y:41701/ ['http://y:35701/']: sec=0.00, result=[1, '', 0]
[rosmaster.master][INFO] 2026-05-06 19:25:17,730: +CACHEDPARAM [/rosout/omit_topics] by /rosout
[rosmaster.master][INFO] 2026-05-06 19:25:25,016: +PUB [/rosout] /epsilon_metric_collector_777524_1778066724891 http://y:37507/
[rosmaster.master][INFO] 2026-05-06 19:25:25,018: +SERVICE [/epsilon_metric_collector_777524_1778066724891/get_loggers] /epsilon_metric_collector_777524_1778066724891 http://y:37507/
[rosmaster.master][INFO] 2026-05-06 19:25:25,018: +SERVICE [/epsilon_metric_collector_777524_1778066724891/set_logger_level] /epsilon_metric_collector_777524_1778066724891 http://y:37507/
[rosmaster.master][INFO] 2026-05-06 19:25:25,020: +SUB [/arena_info_dynamic] /epsilon_metric_collector_777524_1778066724891 http://y:37507/
[rosmaster.master][INFO] 2026-05-06 19:25:25,063: publisherUpdate[/rosout] -> http://y:42301/ ['http://y:37289/', 'http://y:44593/', 'http://y:37215/', 'http://y:41701/', 'http://y:33891/', 'http://y:43901/', 'http://y:38943/', 'http://y:33055/', 'http://y:34701/', 'http://y:42355/', 'http://y:40983/', 'http://y:35701/', 'http://y:37507/']
[rosmaster.master][INFO] 2026-05-06 19:25:25,064: publisherUpdate[/rosout] -> http://y:42301/ ['http://y:37289/', 'http://y:44593/', 'http://y:37215/', 'http://y:41701/', 'http://y:33891/', 'http://y:43901/', 'http://y:38943/', 'http://y:33055/', 'http://y:34701/', 'http://y:42355/', 'http://y:40983/', 'http://y:35701/', 'http://y:37507/']: sec=0.00, result=[1, '', 0]
[rosmaster.master][INFO] 2026-05-06 19:27:24,640: -SUB [/arena_info_dynamic] /epsilon_metric_collector_777524_1778066724891 http://y:37507/
[rosmaster.master][INFO] 2026-05-06 19:27:24,640: -PUB [/rosout] /epsilon_metric_collector_777524_1778066724891 http://y:37507/
[rosmaster.master][INFO] 2026-05-06 19:27:24,640: -SERVICE [/epsilon_metric_collector_777524_1778066724891/get_loggers] /epsilon_metric_collector_777524_1778066724891 rosrpc://y:37785
[rosmaster.master][INFO] 2026-05-06 19:27:24,640: -SERVICE [/epsilon_metric_collector_777524_1778066724891/set_logger_level] /epsilon_metric_collector_777524_1778066724891 rosrpc://y:37785
[rosmaster.master][INFO] 2026-05-06 19:27:24,675: publisherUpdate[/rosout] -> http://y:42301/ ['http://y:37289/', 'http://y:44593/', 'http://y:37215/', 'http://y:41701/', 'http://y:33891/', 'http://y:43901/', 'http://y:38943/', 'http://y:33055/', 'http://y:34701/', 'http://y:42355/', 'http://y:40983/', 'http://y:35701/']
[rosmaster.master][INFO] 2026-05-06 19:27:24,675: publisherUpdate[/rosout] -> http://y:42301/ ['http://y:37289/', 'http://y:44593/', 'http://y:37215/', 'http://y:41701/', 'http://y:33891/', 'http://y:43901/', 'http://y:38943/', 'http://y:33055/', 'http://y:34701/', 'http://y:42355/', 'http://y:40983/', 'http://y:35701/']: sec=0.00, result=[1, '', 0]
[rosmaster.master][INFO] 2026-05-06 19:27:25,658: +PUB [/rosout] /rostopic_842665_1778066845545 http://y:34747/
[rosmaster.master][INFO] 2026-05-06 19:27:25,660: +SERVICE [/rostopic_842665_1778066845545/get_loggers] /rostopic_842665_1778066845545 http://y:34747/
[rosmaster.master][INFO] 2026-05-06 19:27:25,660: +SERVICE [/rostopic_842665_1778066845545/set_logger_level] /rostopic_842665_1778066845545 http://y:34747/
[rosmaster.master][INFO] 2026-05-06 19:27:25,667: +SUB [/arena_info_dynamic] /rostopic_842665_1778066845545 http://y:34747/
[rosmaster.master][INFO] 2026-05-06 19:27:25,677: publisherUpdate[/rosout] -> http://y:42301/ ['http://y:37289/', 'http://y:44593/', 'http://y:37215/', 'http://y:41701/', 'http://y:33891/', 'http://y:43901/', 'http://y:38943/', 'http://y:33055/', 'http://y:34701/', 'http://y:42355/', 'http://y:40983/', 'http://y:35701/', 'http://y:34747/']
[rosmaster.master][INFO] 2026-05-06 19:27:25,678: publisherUpdate[/rosout] -> http://y:42301/ ['http://y:37289/', 'http://y:44593/', 'http://y:37215/', 'http://y:41701/', 'http://y:33891/', 'http://y:43901/', 'http://y:38943/', 'http://y:33055/', 'http://y:34701/', 'http://y:42355/', 'http://y:40983/', 'http://y:35701/', 'http://y:34747/']: sec=0.00, result=[1, '', 0]
[rosmaster.master][INFO] 2026-05-06 19:27:40,265: -SUB [/arena_info_dynamic] /rostopic_842665_1778066845545 http://y:34747/
[rosmaster.master][INFO] 2026-05-06 19:27:40,265: -PUB [/rosout] /rostopic_842665_1778066845545 http://y:34747/
[rosmaster.master][INFO] 2026-05-06 19:27:40,265: -SERVICE [/rostopic_842665_1778066845545/get_loggers] /rostopic_842665_1778066845545 rosrpc://y:33565
[rosmaster.master][INFO] 2026-05-06 19:27:40,265: -SERVICE [/rostopic_842665_1778066845545/set_logger_level] /rostopic_842665_1778066845545 rosrpc://y:33565
[rosmaster.master][INFO] 2026-05-06 19:27:40,304: publisherUpdate[/rosout] -> http://y:42301/ ['http://y:37289/', 'http://y:44593/', 'http://y:37215/', 'http://y:41701/', 'http://y:33891/', 'http://y:43901/', 'http://y:38943/', 'http://y:33055/', 'http://y:34701/', 'http://y:42355/', 'http://y:40983/', 'http://y:35701/']
[rosmaster.master][INFO] 2026-05-06 19:27:40,305: publisherUpdate[/rosout] -> http://y:42301/ ['http://y:37289/', 'http://y:44593/', 'http://y:37215/', 'http://y:41701/', 'http://y:33891/', 'http://y:43901/', 'http://y:38943/', 'http://y:33055/', 'http://y:34701/', 'http://y:42355/', 'http://y:40983/', 'http://y:35701/']: sec=0.00, result=[1, '', 0]
[rosmaster.master][INFO] 2026-05-06 19:27:41,094: -PUB [/rosout] /phy_simulator_planning_node http://y:35701/
[rosmaster.master][INFO] 2026-05-06 19:27:41,095: -PUB [/arena_info_static] /phy_simulator_planning_node http://y:35701/
[rosmaster.master][INFO] 2026-05-06 19:27:41,095: -PUB [/arena_info_dynamic] /phy_simulator_planning_node http://y:35701/
[rosmaster.master][INFO] 2026-05-06 19:27:41,096: -PUB [/phy_simulator_planning_node/vis/vehicle_set_vis] /phy_simulator_planning_node http://y:35701/
[rosmaster.master][INFO] 2026-05-06 19:27:41,096: -PUB [/phy_simulator_planning_node/vis/lane_net_vis] /phy_simulator_planning_node http://y:35701/
[rosmaster.master][INFO] 2026-05-06 19:27:41,097: -PUB [/phy_simulator_planning_node/vis/obstacle_set_vis] /phy_simulator_planning_node http://y:35701/
[rosmaster.master][INFO] 2026-05-06 19:27:41,097: -SUB [/ctrl/agent_10] /phy_simulator_planning_node http://y:35701/
[rosmaster.master][INFO] 2026-05-06 19:27:41,097: -SUB [/ctrl/agent_9] /phy_simulator_planning_node http://y:35701/
[rosmaster.master][INFO] 2026-05-06 19:27:41,098: -SUB [/ctrl/agent_8] /phy_simulator_planning_node http://y:35701/
[rosmaster.master][INFO] 2026-05-06 19:27:41,098: -SUB [/ctrl/agent_7] /phy_simulator_planning_node http://y:35701/
[rosmaster.master][INFO] 2026-05-06 19:27:41,099: -SUB [/ctrl/agent_6] /phy_simulator_planning_node http://y:35701/
[rosmaster.master][INFO] 2026-05-06 19:27:41,099: -SUB [/ctrl/agent_5] /phy_simulator_planning_node http://y:35701/
[rosmaster.master][INFO] 2026-05-06 19:27:41,100: -SUB [/ctrl/agent_4] /phy_simulator_planning_node http://y:35701/
[rosmaster.master][INFO] 2026-05-06 19:27:41,100: -SUB [/ctrl/agent_3] /phy_simulator_planning_node http://y:35701/
[rosmaster.master][INFO] 2026-05-06 19:27:41,101: -SUB [/ctrl/agent_2] /phy_simulator_planning_node http://y:35701/
[rosmaster.master][INFO] 2026-05-06 19:27:41,101: -SUB [/ctrl/agent_1] /phy_simulator_planning_node http://y:35701/
[rosmaster.master][INFO] 2026-05-06 19:27:41,101: -SUB [/ctrl/agent_0] /phy_simulator_planning_node http://y:35701/
[rosmaster.master][INFO] 2026-05-06 19:27:41,101: -SUB [/initialpose] /phy_simulator_planning_node http://y:35701/
[rosmaster.master][INFO] 2026-05-06 19:27:41,102: -SUB [/move_base_simple/goal] /phy_simulator_planning_node http://y:35701/
[rosmaster.master][INFO] 2026-05-06 19:27:41,102: -SERVICE [/phy_simulator_planning_node/get_loggers] /phy_simulator_planning_node rosrpc://y:55279
[rosmaster.master][INFO] 2026-05-06 19:27:41,103: -SERVICE [/phy_simulator_planning_node/set_logger_level] /phy_simulator_planning_node rosrpc://y:55279
[rosmaster.master][INFO] 2026-05-06 19:27:41,106: publisherUpdate[/rosout] -> http://y:42301/ ['http://y:37289/', 'http://y:44593/', 'http://y:37215/', 'http://y:41701/', 'http://y:33891/', 'http://y:43901/', 'http://y:38943/', 'http://y:33055/', 'http://y:34701/', 'http://y:42355/', 'http://y:40983/']
[rosmaster.master][INFO] 2026-05-06 19:27:41,107: publisherUpdate[/rosout] -> http://y:42301/ ['http://y:37289/', 'http://y:44593/', 'http://y:37215/', 'http://y:41701/', 'http://y:33891/', 'http://y:43901/', 'http://y:38943/', 'http://y:33055/', 'http://y:34701/', 'http://y:42355/', 'http://y:40983/']: sec=0.00, result=[1, '', 0]
[rosmaster.master][INFO] 2026-05-06 19:27:41,107: publisherUpdate[/arena_info_static] -> http://y:41701/ []
[rosmaster.master][INFO] 2026-05-06 19:27:41,107: publisherUpdate[/arena_info_static] -> http://y:41701/ []: sec=0.00, result=[0, 'Unknown Error', 0]
[rosmaster.master][INFO] 2026-05-06 19:27:41,107: publisherUpdate[/arena_info_dynamic] -> http://y:41701/ []
[rosmaster.master][INFO] 2026-05-06 19:27:41,108: publisherUpdate[/arena_info_dynamic] -> http://y:41701/ []: sec=0.00, result=[0, 'Unknown Error', 0]
[rosmaster.master][INFO] 2026-05-06 19:27:41,208: -PUB [/rosout] /test_ssc_with_eudm_0 http://y:41701/
[rosmaster.master][INFO] 2026-05-06 19:27:41,209: -PUB [/tf] /test_ssc_with_eudm_0 http://y:41701/
[rosmaster.master][INFO] 2026-05-06 19:27:41,210: -PUB [/vis/agent_0/ego_vehicle_vis] /test_ssc_with_eudm_0 http://y:41701/
[rosmaster.master][INFO] 2026-05-06 19:27:41,210: -PUB [/vis/agent_0/obstacle_map] /test_ssc_with_eudm_0 http://y:41701/
[rosmaster.master][INFO] 2026-05-06 19:27:41,211: -PUB [/vis/agent_0/surrounding_lane_net_vis] /test_ssc_with_eudm_0 http://y:41701/
[rosmaster.master][INFO] 2026-05-06 19:27:41,211: -PUB [/vis/agent_0/local_lanes_vis] /test_ssc_with_eudm_0 http://y:41701/
[rosmaster.master][INFO] 2026-05-06 19:27:41,212: -PUB [/vis/agent_0/ego_behavior_vis] /test_ssc_with_eudm_0 http://y:41701/
[rosmaster.master][INFO] 2026-05-06 19:27:41,213: -PUB [/vis/agent_0/pred_traj_openloop_vis] /test_ssc_with_eudm_0 http://y:41701/
[rosmaster.master][INFO] 2026-05-06 19:27:41,213: -PUB [/vis/agent_0/pred_initial_intention_vis] /test_ssc_with_eudm_0 http://y:41701/
[rosmaster.master][INFO] 2026-05-06 19:27:41,214: publisherUpdate[/rosout] -> http://y:42301/ ['http://y:37289/', 'http://y:44593/', 'http://y:37215/', 'http://y:33891/', 'http://y:43901/', 'http://y:38943/', 'http://y:33055/', 'http://y:34701/', 'http://y:42355/', 'http://y:40983/']
[rosmaster.master][INFO] 2026-05-06 19:27:41,214: -PUB [/vis/agent_0/surrounding_vehicle_vis] /test_ssc_with_eudm_0 http://y:41701/
[rosmaster.master][INFO] 2026-05-06 19:27:41,215: -PUB [/vis/agent_0/speed_limit] /test_ssc_with_eudm_0 http://y:41701/
[rosmaster.master][INFO] 2026-05-06 19:27:41,216: publisherUpdate[/rosout] -> http://y:42301/ ['http://y:37289/', 'http://y:44593/', 'http://y:37215/', 'http://y:33891/', 'http://y:43901/', 'http://y:38943/', 'http://y:33055/', 'http://y:34701/', 'http://y:42355/', 'http://y:40983/']: sec=0.00, result=[1, '', 0]
[rosmaster.master][INFO] 2026-05-06 19:27:41,216: -PUB [/vis/agent_0/ssc/map_vis] /test_ssc_with_eudm_0 http://y:41701/
[rosmaster.master][INFO] 2026-05-06 19:27:41,217: -PUB [/vis/agent_0/ssc/qp_vis] /test_ssc_with_eudm_0 http://y:41701/
[rosmaster.master][INFO] 2026-05-06 19:27:41,218: -PUB [/vis/agent_0/ssc/ego_fs_vis] /test_ssc_with_eudm_0 http://y:41701/
[rosmaster.master][INFO] 2026-05-06 19:27:41,218: -PUB [/vis/agent_0/ssc/forward_trajs_vis] /test_ssc_with_eudm_0 http://y:41701/
[rosmaster.master][INFO] 2026-05-06 19:27:41,219: -PUB [/vis/agent_0/ssc/sur_vehicle_trajs_vis] /test_ssc_with_eudm_0 http://y:41701/
[rosmaster.master][INFO] 2026-05-06 19:27:41,219: -PUB [/vis/agent_0/ssc/corridor_vis] /test_ssc_with_eudm_0 http://y:41701/
[rosmaster.master][INFO] 2026-05-06 19:27:41,220: -PUB [/vis/agent_0/forward_trajs] /test_ssc_with_eudm_0 http://y:41701/
[rosmaster.master][INFO] 2026-05-06 19:27:41,220: -PUB [/ctrl/agent_0] /test_ssc_with_eudm_0 http://y:41701/
[rosmaster.master][INFO] 2026-05-06 19:27:41,220: -PUB [/test_ssc_with_eudm_0/ssc_map] /test_ssc_with_eudm_0 http://y:41701/
[rosmaster.master][INFO] 2026-05-06 19:27:41,221: -PUB [/vis/agent_0/ssc/exec_traj] /test_ssc_with_eudm_0 http://y:41701/
[rosmaster.master][INFO] 2026-05-06 19:27:41,221: -SUB [/joy] /test_ssc_with_eudm_0 http://y:41701/
[rosmaster.master][INFO] 2026-05-06 19:27:41,221: -SUB [/arena_info_static] /test_ssc_with_eudm_0 http://y:41701/
[rosmaster.master][INFO] 2026-05-06 19:27:41,222: -SUB [/arena_info_dynamic] /test_ssc_with_eudm_0 http://y:41701/
[rosmaster.master][INFO] 2026-05-06 19:27:41,222: -SERVICE [/test_ssc_with_eudm_0/get_loggers] /test_ssc_with_eudm_0 rosrpc://y:45745
[rosmaster.master][INFO] 2026-05-06 19:27:41,223: -SERVICE [/test_ssc_with_eudm_0/set_logger_level] /test_ssc_with_eudm_0 rosrpc://y:45745
[rosmaster.master][INFO] 2026-05-06 19:27:41,223: -CACHEDPARAM [/rosout_disable_topics_generation] by /test_ssc_with_eudm_0
[rosmaster.master][INFO] 2026-05-06 19:27:41,516: -PUB [/rosout_agg] /rosout http://y:42301/
[rosmaster.master][INFO] 2026-05-06 19:27:41,517: -SUB [/rosout] /rosout http://y:42301/
[rosmaster.master][INFO] 2026-05-06 19:27:41,517: -SERVICE [/rosout/get_loggers] /rosout rosrpc://y:41913
[rosmaster.master][INFO] 2026-05-06 19:27:41,517: -SERVICE [/rosout/set_logger_level] /rosout rosrpc://y:41913
[rosmaster.master][INFO] 2026-05-06 19:27:41,518: -CACHEDPARAM [/rosout/omit_topics] by /rosout
[rosmaster.main][INFO] 2026-05-06 19:27:41,585: keyboard interrupt, will exit
[rosmaster.main][INFO] 2026-05-06 19:27:41,586: stopping master...
[rospy.core][INFO] 2026-05-06 19:27:41,586: signal_shutdown [atexit]
