[rosmaster.main][INFO] 2026-05-06 17:12:25,887: initialization complete, waiting for shutdown
[rosmaster.main][INFO] 2026-05-06 17:12:25,887: Starting ROS Master Node
[xmlrpc][INFO] 2026-05-06 17:12:25,891: XML-RPC server binding to 0.0.0.0:11311
[xmlrpc][INFO] 2026-05-06 17:12:25,891: Started XML-RPC server [http://y:11311/]
[rosmaster.master][INFO] 2026-05-06 17:12:25,891: Master initialized: port[11311], uri[http://y:11311/]
[xmlrpc][INFO] 2026-05-06 17:12:25,891: xml rpc node: starting XML-RPC server
[rosmaster.master][INFO] 2026-05-06 17:12:25,903: +PARAM [/run_id] by /roslaunch
[rosmaster.master][INFO] 2026-05-06 17:12:25,904: +PARAM [/roslaunch/uris/host_y__39681] by /roslaunch
[rosmaster.master][INFO] 2026-05-06 17:12:25,925: +PARAM [/rosversion] by /roslaunch
[rosmaster.master][INFO] 2026-05-06 17:12:25,925: +PARAM [/rosdistro] by /roslaunch
[rosmaster.master][INFO] 2026-05-06 17:12:25,925: +PARAM [/test_ssc_with_mpdm_0/ego_id] by /roslaunch
[rosmaster.master][INFO] 2026-05-06 17:12:25,925: +PARAM [/test_ssc_with_mpdm_0/agent_config_path] by /roslaunch
[rosmaster.master][INFO] 2026-05-06 17:12:25,925: +PARAM [/test_ssc_with_mpdm_0/ssc_config_path] by /roslaunch
[rosmaster.master][INFO] 2026-05-06 17:12:25,925: +PARAM [/test_ssc_with_mpdm_0/desired_vel] by /roslaunch
[rosmaster.master][INFO] 2026-05-06 17:12:25,925: +PARAM [/test_ssc_with_mpdm_0/use_sim_state] by /roslaunch
[rosmaster.master][INFO] 2026-05-06 17:12:25,925: +PARAM [/onlane_ai_agent_1/ego_id] by /roslaunch
[rosmaster.master][INFO] 2026-05-06 17:12:25,925: +PARAM [/onlane_ai_agent_1/agent_config_path] by /roslaunch
[rosmaster.master][INFO] 2026-05-06 17:12:25,925: +PARAM [/onlane_ai_agent_1/desired_vel] by /roslaunch
[rosmaster.master][INFO] 2026-05-06 17:12:25,925: +PARAM [/onlane_ai_agent_1/autonomous_level] by /roslaunch
[rosmaster.master][INFO] 2026-05-06 17:12:25,925: +PARAM [/onlane_ai_agent_1/aggressiveness_level] by /roslaunch
[rosmaster.master][INFO] 2026-05-06 17:12:25,925: +PARAM [/onlane_ai_agent_2/ego_id] by /roslaunch
[rosmaster.master][INFO] 2026-05-06 17:12:25,925: +PARAM [/onlane_ai_agent_2/agent_config_path] by /roslaunch
[rosmaster.master][INFO] 2026-05-06 17:12:25,925: +PARAM [/onlane_ai_agent_2/desired_vel] by /roslaunch
[rosmaster.master][INFO] 2026-05-06 17:12:25,925: +PARAM [/onlane_ai_agent_2/autonomous_level] by /roslaunch
[rosmaster.master][INFO] 2026-05-06 17:12:25,925: +PARAM [/onlane_ai_agent_2/aggressiveness_level] by /roslaunch
[rosmaster.master][INFO] 2026-05-06 17:12:25,926: +PARAM [/onlane_ai_agent_3/ego_id] by /roslaunch
[rosmaster.master][INFO] 2026-05-06 17:12:25,926: +PARAM [/onlane_ai_agent_3/agent_config_path] by /roslaunch
[rosmaster.master][INFO] 2026-05-06 17:12:25,926: +PARAM [/onlane_ai_agent_3/desired_vel] by /roslaunch
[rosmaster.master][INFO] 2026-05-06 17:12:25,926: +PARAM [/onlane_ai_agent_3/autonomous_level] by /roslaunch
[rosmaster.master][INFO] 2026-05-06 17:12:25,926: +PARAM [/onlane_ai_agent_3/aggressiveness_level] by /roslaunch
[rosmaster.master][INFO] 2026-05-06 17:12:25,926: +PARAM [/onlane_ai_agent_4/ego_id] by /roslaunch
[rosmaster.master][INFO] 2026-05-06 17:12:25,926: +PARAM [/onlane_ai_agent_4/agent_config_path] by /roslaunch
[rosmaster.master][INFO] 2026-05-06 17:12:25,926: +PARAM [/onlane_ai_agent_4/desired_vel] by /roslaunch
[rosmaster.master][INFO] 2026-05-06 17:12:25,926: +PARAM [/onlane_ai_agent_4/autonomous_level] by /roslaunch
[rosmaster.master][INFO] 2026-05-06 17:12:25,926: +PARAM [/onlane_ai_agent_4/aggressiveness_level] by /roslaunch
[rosmaster.master][INFO] 2026-05-06 17:12:25,926: +PARAM [/onlane_ai_agent_5/ego_id] by /roslaunch
[rosmaster.master][INFO] 2026-05-06 17:12:25,926: +PARAM [/onlane_ai_agent_5/agent_config_path] by /roslaunch
[rosmaster.master][INFO] 2026-05-06 17:12:25,926: +PARAM [/onlane_ai_agent_5/desired_vel] by /roslaunch
[rosmaster.master][INFO] 2026-05-06 17:12:25,926: +PARAM [/onlane_ai_agent_5/autonomous_level] by /roslaunch
[rosmaster.master][INFO] 2026-05-06 17:12:25,926: +PARAM [/onlane_ai_agent_5/aggressiveness_level] by /roslaunch
[rosmaster.master][INFO] 2026-05-06 17:12:25,926: +PARAM [/onlane_ai_agent_6/ego_id] by /roslaunch
[rosmaster.master][INFO] 2026-05-06 17:12:25,926: +PARAM [/onlane_ai_agent_6/agent_config_path] by /roslaunch
[rosmaster.master][INFO] 2026-05-06 17:12:25,926: +PARAM [/onlane_ai_agent_6/desired_vel] by /roslaunch
[rosmaster.master][INFO] 2026-05-06 17:12:25,926: +PARAM [/onlane_ai_agent_6/autonomous_level] by /roslaunch
[rosmaster.master][INFO] 2026-05-06 17:12:25,926: +PARAM [/onlane_ai_agent_6/aggressiveness_level] by /roslaunch
[rosmaster.master][INFO] 2026-05-06 17:12:25,926: +PARAM [/onlane_ai_agent_7/ego_id] by /roslaunch
[rosmaster.master][INFO] 2026-05-06 17:12:25,926: +PARAM [/onlane_ai_agent_7/agent_config_path] by /roslaunch
[rosmaster.master][INFO] 2026-05-06 17:12:25,926: +PARAM [/onlane_ai_agent_7/desired_vel] by /roslaunch
[rosmaster.master][INFO] 2026-05-06 17:12:25,926: +PARAM [/onlane_ai_agent_7/autonomous_level] by /roslaunch
[rosmaster.master][INFO] 2026-05-06 17:12:25,926: +PARAM [/onlane_ai_agent_7/aggressiveness_level] by /roslaunch
[rosmaster.master][INFO] 2026-05-06 17:12:25,926: +PARAM [/onlane_ai_agent_8/ego_id] by /roslaunch
[rosmaster.master][INFO] 2026-05-06 17:12:25,926: +PARAM [/onlane_ai_agent_8/agent_config_path] by /roslaunch
[rosmaster.master][INFO] 2026-05-06 17:12:25,926: +PARAM [/onlane_ai_agent_8/desired_vel] by /roslaunch
[rosmaster.master][INFO] 2026-05-06 17:12:25,926: +PARAM [/onlane_ai_agent_8/autonomous_level] by /roslaunch
[rosmaster.master][INFO] 2026-05-06 17:12:25,926: +PARAM [/onlane_ai_agent_8/aggressiveness_level] by /roslaunch
[rosmaster.master][INFO] 2026-05-06 17:12:25,926: +PARAM [/onlane_ai_agent_9/ego_id] by /roslaunch
[rosmaster.master][INFO] 2026-05-06 17:12:25,926: +PARAM [/onlane_ai_agent_9/agent_config_path] by /roslaunch
[rosmaster.master][INFO] 2026-05-06 17:12:25,927: +PARAM [/onlane_ai_agent_9/desired_vel] by /roslaunch
[rosmaster.master][INFO] 2026-05-06 17:12:25,927: +PARAM [/onlane_ai_agent_9/autonomous_level] by /roslaunch
[rosmaster.master][INFO] 2026-05-06 17:12:25,927: +PARAM [/onlane_ai_agent_9/aggressiveness_level] by /roslaunch
[rosmaster.master][INFO] 2026-05-06 17:12:25,927: +PARAM [/onlane_ai_agent_10/ego_id] by /roslaunch
[rosmaster.master][INFO] 2026-05-06 17:12:25,927: +PARAM [/onlane_ai_agent_10/agent_config_path] by /roslaunch
[rosmaster.master][INFO] 2026-05-06 17:12:25,927: +PARAM [/onlane_ai_agent_10/desired_vel] by /roslaunch
[rosmaster.master][INFO] 2026-05-06 17:12:25,927: +PARAM [/onlane_ai_agent_10/autonomous_level] by /roslaunch
[rosmaster.master][INFO] 2026-05-06 17:12:25,927: +PARAM [/onlane_ai_agent_10/aggressiveness_level] by /roslaunch
[rosmaster.master][INFO] 2026-05-06 17:12:25,927: +PARAM [/phy_simulator_planning_node/vehicle_info_path] by /roslaunch
[rosmaster.master][INFO] 2026-05-06 17:12:25,927: +PARAM [/phy_simulator_planning_node/map_path] by /roslaunch
[rosmaster.master][INFO] 2026-05-06 17:12:25,927: +PARAM [/phy_simulator_planning_node/lane_net_path] by /roslaunch
[rosmaster.master][INFO] 2026-05-06 17:12:25,927: +SERVICE [/rosout/get_loggers] /rosout http://y:38301/
[rosmaster.master][INFO] 2026-05-06 17:12:25,928: +SERVICE [/rosout/set_logger_level] /rosout http://y:38301/
[rosmaster.master][INFO] 2026-05-06 17:12:25,928: +PUB [/rosout_agg] /rosout http://y:38301/
[rosmaster.master][INFO] 2026-05-06 17:12:25,929: +SUB [/rosout] /rosout http://y:38301/
[rosmaster.master][INFO] 2026-05-06 17:12:25,958: +PUB [/rosout] /test_ssc_with_mpdm_0 http://y:36761/
[rosmaster.master][INFO] 2026-05-06 17:12:25,959: +PUB [/rosout] /onlane_ai_agent_2 http://y:43761/
[rosmaster.master][INFO] 2026-05-06 17:12:25,962: +PUB [/rosout] /onlane_ai_agent_1 http://y:42977/
[rosmaster.master][INFO] 2026-05-06 17:12:25,962: +SERVICE [/onlane_ai_agent_2/get_loggers] /onlane_ai_agent_2 http://y:43761/
[rosmaster.master][INFO] 2026-05-06 17:12:25,962: +SERVICE [/test_ssc_with_mpdm_0/get_loggers] /test_ssc_with_mpdm_0 http://y:36761/
[rosmaster.master][INFO] 2026-05-06 17:12:25,963: +SERVICE [/onlane_ai_agent_2/set_logger_level] /onlane_ai_agent_2 http://y:43761/
[rosmaster.master][INFO] 2026-05-06 17:12:25,963: +SERVICE [/onlane_ai_agent_1/get_loggers] /onlane_ai_agent_1 http://y:42977/
[rosmaster.master][INFO] 2026-05-06 17:12:25,964: +PUB [/ctrl/agent_2] /onlane_ai_agent_2 http://y:43761/
[rosmaster.master][INFO] 2026-05-06 17:12:25,969: +PUB [/rosout] /onlane_ai_agent_3 http://y:39895/
[rosmaster.master][INFO] 2026-05-06 17:12:25,969: +SERVICE [/test_ssc_with_mpdm_0/set_logger_level] /test_ssc_with_mpdm_0 http://y:36761/
[rosmaster.master][INFO] 2026-05-06 17:12:25,973: +SERVICE [/onlane_ai_agent_3/get_loggers] /onlane_ai_agent_3 http://y:39895/
[rosmaster.master][INFO] 2026-05-06 17:12:25,973: +SERVICE [/onlane_ai_agent_1/set_logger_level] /onlane_ai_agent_1 http://y:42977/
[rosmaster.master][INFO] 2026-05-06 17:12:25,978: +PUB [/rosout] /onlane_ai_agent_6 http://y:37751/
[rosmaster.master][INFO] 2026-05-06 17:12:25,980: +PUB [/rosout] /onlane_ai_agent_5 http://y:33443/
[rosmaster.master][INFO] 2026-05-06 17:12:25,981: +PUB [/rosout] /onlane_ai_agent_7 http://y:34281/
[rosmaster.master][INFO] 2026-05-06 17:12:25,982: +PUB [/rosout] /onlane_ai_agent_4 http://y:39205/
[rosmaster.master][INFO] 2026-05-06 17:12:25,982: +SERVICE [/onlane_ai_agent_3/set_logger_level] /onlane_ai_agent_3 http://y:39895/
[rosmaster.master][INFO] 2026-05-06 17:12:25,991: +SERVICE [/onlane_ai_agent_5/get_loggers] /onlane_ai_agent_5 http://y:33443/
[rosmaster.master][INFO] 2026-05-06 17:12:25,991: publisherUpdate[/rosout] -> http://y:38301/ ['http://y:36761/']
[rosmaster.master][INFO] 2026-05-06 17:12:25,992: +PUB [/rosout] /onlane_ai_agent_8 http://y:36045/
[rosmaster.master][INFO] 2026-05-06 17:12:25,995: +SERVICE [/onlane_ai_agent_5/set_logger_level] /onlane_ai_agent_5 http://y:33443/
[rosmaster.master][INFO] 2026-05-06 17:12:25,995: +SERVICE [/onlane_ai_agent_6/get_loggers] /onlane_ai_agent_6 http://y:37751/
[rosmaster.master][INFO] 2026-05-06 17:12:25,996: +SERVICE [/onlane_ai_agent_8/get_loggers] /onlane_ai_agent_8 http://y:36045/
[rosmaster.master][INFO] 2026-05-06 17:12:25,997: publisherUpdate[/rosout] -> http://y:38301/ ['http://y:36761/']: sec=0.01, result=[1, '', 0]
[rosmaster.master][INFO] 2026-05-06 17:12:25,997: publisherUpdate[/rosout] -> http://y:38301/ ['http://y:36761/', 'http://y:43761/']
[rosmaster.master][INFO] 2026-05-06 17:12:25,998: +SERVICE [/onlane_ai_agent_6/set_logger_level] /onlane_ai_agent_6 http://y:37751/
[rosmaster.master][INFO] 2026-05-06 17:12:25,998: publisherUpdate[/rosout] -> http://y:38301/ ['http://y:36761/', 'http://y:43761/']: sec=0.00, result=[1, '', 0]
[rosmaster.master][INFO] 2026-05-06 17:12:25,998: publisherUpdate[/rosout] -> http://y:38301/ ['http://y:36761/', 'http://y:43761/', 'http://y:42977/']
[rosmaster.master][INFO] 2026-05-06 17:12:25,998: +SERVICE [/onlane_ai_agent_8/set_logger_level] /onlane_ai_agent_8 http://y:36045/
[rosmaster.master][INFO] 2026-05-06 17:12:25,999: publisherUpdate[/rosout] -> http://y:38301/ ['http://y:36761/', 'http://y:43761/', 'http://y:42977/']: sec=0.00, result=[1, '', 0]
[rosmaster.master][INFO] 2026-05-06 17:12:25,999: publisherUpdate[/rosout] -> http://y:38301/ ['http://y:36761/', 'http://y:43761/', 'http://y:42977/', 'http://y:39895/']
[rosmaster.master][INFO] 2026-05-06 17:12:25,999: +SERVICE [/onlane_ai_agent_7/get_loggers] /onlane_ai_agent_7 http://y:34281/
[rosmaster.master][INFO] 2026-05-06 17:12:26,000: publisherUpdate[/rosout] -> http://y:38301/ ['http://y:36761/', 'http://y:43761/', 'http://y:42977/', 'http://y:39895/']: sec=0.00, result=[1, '', 0]
[rosmaster.master][INFO] 2026-05-06 17:12:26,000: publisherUpdate[/rosout] -> http://y:38301/ ['http://y:36761/', 'http://y:43761/', 'http://y:42977/', 'http://y:39895/', 'http://y:37751/']
[rosmaster.master][INFO] 2026-05-06 17:12:26,002: publisherUpdate[/rosout] -> http://y:38301/ ['http://y:36761/', 'http://y:43761/', 'http://y:42977/', 'http://y:39895/', 'http://y:37751/']: sec=0.00, result=[1, '', 0]
[rosmaster.master][INFO] 2026-05-06 17:12:26,003: +PUB [/rosout] /onlane_ai_agent_9 http://y:34329/
[rosmaster.master][INFO] 2026-05-06 17:12:26,004: publisherUpdate[/rosout] -> http://y:38301/ ['http://y:36761/', 'http://y:43761/', 'http://y:42977/', 'http://y:39895/', 'http://y:37751/', 'http://y:33443/']
[rosmaster.master][INFO] 2026-05-06 17:12:26,005: publisherUpdate[/rosout] -> http://y:38301/ ['http://y:36761/', 'http://y:43761/', 'http://y:42977/', 'http://y:39895/', 'http://y:37751/', 'http://y:33443/']: sec=0.00, result=[1, '', 0]
[rosmaster.master][INFO] 2026-05-06 17:12:26,005: publisherUpdate[/rosout] -> http://y:38301/ ['http://y:36761/', 'http://y:43761/', 'http://y:42977/', 'http://y:39895/', 'http://y:37751/', 'http://y:33443/', 'http://y:34281/']
[rosmaster.master][INFO] 2026-05-06 17:12:26,006: publisherUpdate[/rosout] -> http://y:38301/ ['http://y:36761/', 'http://y:43761/', 'http://y:42977/', 'http://y:39895/', 'http://y:37751/', 'http://y:33443/', 'http://y:34281/']: sec=0.00, result=[1, '', 0]
[rosmaster.master][INFO] 2026-05-06 17:12:26,007: publisherUpdate[/rosout] -> http://y:38301/ ['http://y:36761/', 'http://y:43761/', 'http://y:42977/', 'http://y:39895/', 'http://y:37751/', 'http://y:33443/', 'http://y:34281/', 'http://y:39205/']
[rosmaster.master][INFO] 2026-05-06 17:12:26,008: publisherUpdate[/rosout] -> http://y:38301/ ['http://y:36761/', 'http://y:43761/', 'http://y:42977/', 'http://y:39895/', 'http://y:37751/', 'http://y:33443/', 'http://y:34281/', 'http://y:39205/']: sec=0.00, result=[1, '', 0]
[rosmaster.master][INFO] 2026-05-06 17:12:26,008: publisherUpdate[/rosout] -> http://y:38301/ ['http://y:36761/', 'http://y:43761/', 'http://y:42977/', 'http://y:39895/', 'http://y:37751/', 'http://y:33443/', 'http://y:34281/', 'http://y:39205/', 'http://y:36045/']
[rosmaster.master][INFO] 2026-05-06 17:12:26,009: publisherUpdate[/rosout] -> http://y:38301/ ['http://y:36761/', 'http://y:43761/', 'http://y:42977/', 'http://y:39895/', 'http://y:37751/', 'http://y:33443/', 'http://y:34281/', 'http://y:39205/', 'http://y:36045/']: sec=0.00, result=[1, '', 0]
[rosmaster.master][INFO] 2026-05-06 17:12:26,010: publisherUpdate[/rosout] -> http://y:38301/ ['http://y:36761/', 'http://y:43761/', 'http://y:42977/', 'http://y:39895/', 'http://y:37751/', 'http://y:33443/', 'http://y:34281/', 'http://y:39205/', 'http://y:36045/', 'http://y:34329/']
[rosmaster.master][INFO] 2026-05-06 17:12:26,011: publisherUpdate[/rosout] -> http://y:38301/ ['http://y:36761/', 'http://y:43761/', 'http://y:42977/', 'http://y:39895/', 'http://y:37751/', 'http://y:33443/', 'http://y:34281/', 'http://y:39205/', 'http://y:36045/', 'http://y:34329/']: sec=0.00, result=[1, '', 0]
[rosmaster.master][INFO] 2026-05-06 17:12:26,009: +SERVICE [/onlane_ai_agent_7/set_logger_level] /onlane_ai_agent_7 http://y:34281/
[rosmaster.master][INFO] 2026-05-06 17:12:26,011: +SERVICE [/onlane_ai_agent_4/get_loggers] /onlane_ai_agent_4 http://y:39205/
[rosmaster.master][INFO] 2026-05-06 17:12:26,012: +SERVICE [/onlane_ai_agent_9/get_loggers] /onlane_ai_agent_9 http://y:34329/
[rosmaster.master][INFO] 2026-05-06 17:12:26,013: +PUB [/ctrl/agent_6] /onlane_ai_agent_6 http://y:37751/
[rosmaster.master][INFO] 2026-05-06 17:12:26,013: +SERVICE [/onlane_ai_agent_9/set_logger_level] /onlane_ai_agent_9 http://y:34329/
[rosmaster.master][INFO] 2026-05-06 17:12:26,014: +PUB [/ctrl/agent_7] /onlane_ai_agent_7 http://y:34281/
[rosmaster.master][INFO] 2026-05-06 17:12:26,018: +PUB [/ctrl/agent_9] /onlane_ai_agent_9 http://y:34329/
[rosmaster.master][INFO] 2026-05-06 17:12:26,019: +SERVICE [/onlane_ai_agent_4/set_logger_level] /onlane_ai_agent_4 http://y:39205/
[rosmaster.master][INFO] 2026-05-06 17:12:26,020: +PUB [/rosout] /onlane_ai_agent_10 http://y:33755/
[rosmaster.master][INFO] 2026-05-06 17:12:26,020: +SERVICE [/onlane_ai_agent_10/get_loggers] /onlane_ai_agent_10 http://y:33755/
[rosmaster.master][INFO] 2026-05-06 17:12:26,021: +PUB [/rosout] /phy_simulator_planning_node http://y:38689/
[rosmaster.master][INFO] 2026-05-06 17:12:26,021: +SERVICE [/onlane_ai_agent_10/set_logger_level] /onlane_ai_agent_10 http://y:33755/
[rosmaster.master][INFO] 2026-05-06 17:12:26,022: +SERVICE [/phy_simulator_planning_node/get_loggers] /phy_simulator_planning_node http://y:38689/
[rosmaster.master][INFO] 2026-05-06 17:12:26,030: +SERVICE [/phy_simulator_planning_node/set_logger_level] /phy_simulator_planning_node http://y:38689/
[rosmaster.master][INFO] 2026-05-06 17:12:26,031: +PUB [/ctrl/agent_10] /onlane_ai_agent_10 http://y:33755/
[rosmaster.master][INFO] 2026-05-06 17:12:26,034: +PUB [/ctrl/agent_8] /onlane_ai_agent_8 http://y:36045/
[rosmaster.master][INFO] 2026-05-06 17:12:26,040: +PUB [/ctrl/agent_4] /onlane_ai_agent_4 http://y:39205/
[rosmaster.master][INFO] 2026-05-06 17:12:26,047: +PUB [/ctrl/agent_1] /onlane_ai_agent_1 http://y:42977/
[rosmaster.master][INFO] 2026-05-06 17:12:26,051: +PUB [/ctrl/agent_3] /onlane_ai_agent_3 http://y:39895/
[rosmaster.master][INFO] 2026-05-06 17:12:26,051: +PUB [/ctrl/agent_5] /onlane_ai_agent_5 http://y:33443/
[rosmaster.master][INFO] 2026-05-06 17:12:26,071: +PUB [/tf] /test_ssc_with_mpdm_0 http://y:36761/
[rosmaster.master][INFO] 2026-05-06 17:12:26,078: +PUB [/vis/agent_0/ego_vehicle_vis] /test_ssc_with_mpdm_0 http://y:36761/
[rosmaster.master][INFO] 2026-05-06 17:12:26,079: +PUB [/vis/agent_0/obstacle_map] /test_ssc_with_mpdm_0 http://y:36761/
[rosmaster.master][INFO] 2026-05-06 17:12:26,086: +PUB [/arena_info_static] /phy_simulator_planning_node http://y:38689/
[rosmaster.master][INFO] 2026-05-06 17:12:26,087: +PUB [/vis/agent_0/surrounding_lane_net_vis] /test_ssc_with_mpdm_0 http://y:36761/
[rosmaster.master][INFO] 2026-05-06 17:12:26,087: +PUB [/vis/agent_0/local_lanes_vis] /test_ssc_with_mpdm_0 http://y:36761/
[rosmaster.master][INFO] 2026-05-06 17:12:26,087: +PUB [/vis/agent_0/ego_behavior_vis] /test_ssc_with_mpdm_0 http://y:36761/
[rosmaster.master][INFO] 2026-05-06 17:12:26,088: +PUB [/vis/agent_0/pred_traj_openloop_vis] /test_ssc_with_mpdm_0 http://y:36761/
[rosmaster.master][INFO] 2026-05-06 17:12:26,088: +PUB [/vis/agent_0/pred_initial_intention_vis] /test_ssc_with_mpdm_0 http://y:36761/
[rosmaster.master][INFO] 2026-05-06 17:12:26,089: +PUB [/vis/agent_0/surrounding_vehicle_vis] /test_ssc_with_mpdm_0 http://y:36761/
[rosmaster.master][INFO] 2026-05-06 17:12:26,090: +PUB [/vis/agent_0/speed_limit] /test_ssc_with_mpdm_0 http://y:36761/
[rosmaster.master][INFO] 2026-05-06 17:12:26,091: +PUB [/vis/agent_0/ssc/map_vis] /test_ssc_with_mpdm_0 http://y:36761/
[rosmaster.master][INFO] 2026-05-06 17:12:26,091: publisherUpdate[/rosout] -> http://y:38301/ ['http://y:36761/', 'http://y:43761/', 'http://y:42977/', 'http://y:39895/', 'http://y:37751/', 'http://y:33443/', 'http://y:34281/', 'http://y:39205/', 'http://y:36045/', 'http://y:34329/', 'http://y:33755/']
[rosmaster.master][INFO] 2026-05-06 17:12:26,092: +PUB [/vis/agent_0/ssc/qp_vis] /test_ssc_with_mpdm_0 http://y:36761/
[rosmaster.master][INFO] 2026-05-06 17:12:26,092: publisherUpdate[/rosout] -> http://y:38301/ ['http://y:36761/', 'http://y:43761/', 'http://y:42977/', 'http://y:39895/', 'http://y:37751/', 'http://y:33443/', 'http://y:34281/', 'http://y:39205/', 'http://y:36045/', 'http://y:34329/', 'http://y:33755/']: sec=0.00, result=[1, '', 0]
[rosmaster.master][INFO] 2026-05-06 17:12:26,092: +PUB [/vis/agent_0/ssc/ego_fs_vis] /test_ssc_with_mpdm_0 http://y:36761/
[rosmaster.master][INFO] 2026-05-06 17:12:26,092: publisherUpdate[/rosout] -> http://y:38301/ ['http://y:36761/', 'http://y:43761/', 'http://y:42977/', 'http://y:39895/', 'http://y:37751/', 'http://y:33443/', 'http://y:34281/', 'http://y:39205/', 'http://y:36045/', 'http://y:34329/', 'http://y:33755/', 'http://y:38689/']
[rosmaster.master][INFO] 2026-05-06 17:12:26,093: +PUB [/vis/agent_0/ssc/forward_trajs_vis] /test_ssc_with_mpdm_0 http://y:36761/
[rosmaster.master][INFO] 2026-05-06 17:12:26,093: publisherUpdate[/rosout] -> http://y:38301/ ['http://y:36761/', 'http://y:43761/', 'http://y:42977/', 'http://y:39895/', 'http://y:37751/', 'http://y:33443/', 'http://y:34281/', 'http://y:39205/', 'http://y:36045/', 'http://y:34329/', 'http://y:33755/', 'http://y:38689/']: sec=0.00, result=[1, '', 0]
[rosmaster.master][INFO] 2026-05-06 17:12:26,093: +PUB [/vis/agent_0/ssc/sur_vehicle_trajs_vis] /test_ssc_with_mpdm_0 http://y:36761/
[rosmaster.master][INFO] 2026-05-06 17:12:26,095: +PUB [/vis/agent_0/ssc/corridor_vis] /test_ssc_with_mpdm_0 http://y:36761/
[rosmaster.master][INFO] 2026-05-06 17:12:26,098: +PUB [/ctrl/agent_0] /test_ssc_with_mpdm_0 http://y:36761/
[rosmaster.master][INFO] 2026-05-06 17:12:26,098: +PUB [/test_ssc_with_mpdm_0/ssc_map] /test_ssc_with_mpdm_0 http://y:36761/
[rosmaster.master][INFO] 2026-05-06 17:12:26,098: +PUB [/vis/agent_0/ssc/exec_traj] /test_ssc_with_mpdm_0 http://y:36761/
[rosmaster.master][INFO] 2026-05-06 17:12:26,099: +SUB [/joy] /test_ssc_with_mpdm_0 http://y:36761/
[rosmaster.master][INFO] 2026-05-06 17:12:26,100: +PUB [/vis/agent_0/forward_trajs] /test_ssc_with_mpdm_0 http://y:36761/
[rosmaster.master][INFO] 2026-05-06 17:12:26,101: +SUB [/arena_info_static] /test_ssc_with_mpdm_0 http://y:36761/
[rosmaster.master][INFO] 2026-05-06 17:12:26,102: +PUB [/arena_info_dynamic] /phy_simulator_planning_node http://y:38689/
[rosmaster.master][INFO] 2026-05-06 17:12:26,102: +SUB [/arena_info_dynamic] /test_ssc_with_mpdm_0 http://y:36761/
[rosmaster.master][INFO] 2026-05-06 17:12:26,103: +PUB [/phy_simulator_planning_node/vis/vehicle_set_vis] /phy_simulator_planning_node http://y:38689/
[rosmaster.master][INFO] 2026-05-06 17:12:26,106: +PUB [/phy_simulator_planning_node/vis/lane_net_vis] /phy_simulator_planning_node http://y:38689/
[rosmaster.master][INFO] 2026-05-06 17:12:26,106: +PUB [/phy_simulator_planning_node/vis/obstacle_set_vis] /phy_simulator_planning_node http://y:38689/
[rosmaster.master][INFO] 2026-05-06 17:12:26,107: +SUB [/ctrl/agent_10] /phy_simulator_planning_node http://y:38689/
[rosmaster.master][INFO] 2026-05-06 17:12:26,109: +SUB [/ctrl/agent_9] /phy_simulator_planning_node http://y:38689/
[rosmaster.master][INFO] 2026-05-06 17:12:26,110: +SUB [/ctrl/agent_8] /phy_simulator_planning_node http://y:38689/
[rosmaster.master][INFO] 2026-05-06 17:12:26,111: +SUB [/ctrl/agent_7] /phy_simulator_planning_node http://y:38689/
[rosmaster.master][INFO] 2026-05-06 17:12:26,119: +SUB [/ctrl/agent_6] /phy_simulator_planning_node http://y:38689/
[rosmaster.master][INFO] 2026-05-06 17:12:26,120: +SUB [/ctrl/agent_5] /phy_simulator_planning_node http://y:38689/
[rosmaster.master][INFO] 2026-05-06 17:12:26,121: +SUB [/ctrl/agent_4] /phy_simulator_planning_node http://y:38689/
[rosmaster.master][INFO] 2026-05-06 17:12:26,123: +SUB [/ctrl/agent_3] /phy_simulator_planning_node http://y:38689/
[rosmaster.master][INFO] 2026-05-06 17:12:26,124: +SUB [/ctrl/agent_2] /phy_simulator_planning_node http://y:38689/
[rosmaster.master][INFO] 2026-05-06 17:12:26,125: +SUB [/ctrl/agent_1] /phy_simulator_planning_node http://y:38689/
[rosmaster.master][INFO] 2026-05-06 17:12:26,126: +SUB [/ctrl/agent_0] /phy_simulator_planning_node http://y:38689/
[rosmaster.master][INFO] 2026-05-06 17:12:26,127: +SUB [/initialpose] /phy_simulator_planning_node http://y:38689/
[rosmaster.master][INFO] 2026-05-06 17:12:26,128: +SUB [/move_base_simple/goal] /phy_simulator_planning_node http://y:38689/
[rosmaster.master][INFO] 2026-05-06 17:12:33,643: +PUB [/rosout] /epsilon_metric_collector_2170461_1778058753531 http://y:41977/
[rosmaster.master][INFO] 2026-05-06 17:12:33,645: +SERVICE [/epsilon_metric_collector_2170461_1778058753531/get_loggers] /epsilon_metric_collector_2170461_1778058753531 http://y:41977/
[rosmaster.master][INFO] 2026-05-06 17:12:33,645: +SERVICE [/epsilon_metric_collector_2170461_1778058753531/set_logger_level] /epsilon_metric_collector_2170461_1778058753531 http://y:41977/
[rosmaster.master][INFO] 2026-05-06 17:12:33,646: +SUB [/arena_info_dynamic] /epsilon_metric_collector_2170461_1778058753531 http://y:41977/
[rosmaster.master][INFO] 2026-05-06 17:12:33,707: publisherUpdate[/rosout] -> http://y:38301/ ['http://y:36761/', 'http://y:43761/', 'http://y:42977/', 'http://y:39895/', 'http://y:37751/', 'http://y:33443/', 'http://y:34281/', 'http://y:39205/', 'http://y:36045/', 'http://y:34329/', 'http://y:33755/', 'http://y:38689/', 'http://y:41977/']
[rosmaster.master][INFO] 2026-05-06 17:12:33,707: publisherUpdate[/rosout] -> http://y:38301/ ['http://y:36761/', 'http://y:43761/', 'http://y:42977/', 'http://y:39895/', 'http://y:37751/', 'http://y:33443/', 'http://y:34281/', 'http://y:39205/', 'http://y:36045/', 'http://y:34329/', 'http://y:33755/', 'http://y:38689/', 'http://y:41977/']: sec=0.00, result=[1, '', 0]
[rosmaster.master][INFO] 2026-05-06 17:14:33,350: -SUB [/arena_info_dynamic] /epsilon_metric_collector_2170461_1778058753531 http://y:41977/
[rosmaster.master][INFO] 2026-05-06 17:14:33,350: -PUB [/rosout] /epsilon_metric_collector_2170461_1778058753531 http://y:41977/
[rosmaster.master][INFO] 2026-05-06 17:14:33,350: -SERVICE [/epsilon_metric_collector_2170461_1778058753531/get_loggers] /epsilon_metric_collector_2170461_1778058753531 rosrpc://y:44577
[rosmaster.master][INFO] 2026-05-06 17:14:33,350: -SERVICE [/epsilon_metric_collector_2170461_1778058753531/set_logger_level] /epsilon_metric_collector_2170461_1778058753531 rosrpc://y:44577
[rosmaster.master][INFO] 2026-05-06 17:14:33,358: publisherUpdate[/rosout] -> http://y:38301/ ['http://y:36761/', 'http://y:43761/', 'http://y:42977/', 'http://y:39895/', 'http://y:37751/', 'http://y:33443/', 'http://y:34281/', 'http://y:39205/', 'http://y:36045/', 'http://y:34329/', 'http://y:33755/', 'http://y:38689/']
[rosmaster.master][INFO] 2026-05-06 17:14:33,359: publisherUpdate[/rosout] -> http://y:38301/ ['http://y:36761/', 'http://y:43761/', 'http://y:42977/', 'http://y:39895/', 'http://y:37751/', 'http://y:33443/', 'http://y:34281/', 'http://y:39205/', 'http://y:36045/', 'http://y:34329/', 'http://y:33755/', 'http://y:38689/']: sec=0.00, result=[1, '', 0]
[rosmaster.master][INFO] 2026-05-06 17:14:34,337: +PUB [/rosout] /rostopic_2170604_1778058874215 http://y:33737/
[rosmaster.master][INFO] 2026-05-06 17:14:34,339: +SERVICE [/rostopic_2170604_1778058874215/get_loggers] /rostopic_2170604_1778058874215 http://y:33737/
[rosmaster.master][INFO] 2026-05-06 17:14:34,340: +SERVICE [/rostopic_2170604_1778058874215/set_logger_level] /rostopic_2170604_1778058874215 http://y:33737/
[rosmaster.master][INFO] 2026-05-06 17:14:34,350: +SUB [/arena_info_dynamic] /rostopic_2170604_1778058874215 http://y:33737/
[rosmaster.master][INFO] 2026-05-06 17:14:34,361: publisherUpdate[/rosout] -> http://y:38301/ ['http://y:36761/', 'http://y:43761/', 'http://y:42977/', 'http://y:39895/', 'http://y:37751/', 'http://y:33443/', 'http://y:34281/', 'http://y:39205/', 'http://y:36045/', 'http://y:34329/', 'http://y:33755/', 'http://y:38689/', 'http://y:33737/']
[rosmaster.master][INFO] 2026-05-06 17:14:34,361: publisherUpdate[/rosout] -> http://y:38301/ ['http://y:36761/', 'http://y:43761/', 'http://y:42977/', 'http://y:39895/', 'http://y:37751/', 'http://y:33443/', 'http://y:34281/', 'http://y:39205/', 'http://y:36045/', 'http://y:34329/', 'http://y:33755/', 'http://y:38689/', 'http://y:33737/']: sec=0.00, result=[1, '', 0]
[rosmaster.master][INFO] 2026-05-06 17:14:48,972: -SUB [/arena_info_dynamic] /rostopic_2170604_1778058874215 http://y:33737/
[rosmaster.master][INFO] 2026-05-06 17:14:48,972: -PUB [/rosout] /rostopic_2170604_1778058874215 http://y:33737/
[rosmaster.master][INFO] 2026-05-06 17:14:48,972: -SERVICE [/rostopic_2170604_1778058874215/get_loggers] /rostopic_2170604_1778058874215 rosrpc://y:44935
[rosmaster.master][INFO] 2026-05-06 17:14:48,972: -SERVICE [/rostopic_2170604_1778058874215/set_logger_level] /rostopic_2170604_1778058874215 rosrpc://y:44935
[rosmaster.master][INFO] 2026-05-06 17:14:48,986: publisherUpdate[/rosout] -> http://y:38301/ ['http://y:36761/', 'http://y:43761/', 'http://y:42977/', 'http://y:39895/', 'http://y:37751/', 'http://y:33443/', 'http://y:34281/', 'http://y:39205/', 'http://y:36045/', 'http://y:34329/', 'http://y:33755/', 'http://y:38689/']
[rosmaster.master][INFO] 2026-05-06 17:14:48,986: publisherUpdate[/rosout] -> http://y:38301/ ['http://y:36761/', 'http://y:43761/', 'http://y:42977/', 'http://y:39895/', 'http://y:37751/', 'http://y:33443/', 'http://y:34281/', 'http://y:39205/', 'http://y:36045/', 'http://y:34329/', 'http://y:33755/', 'http://y:38689/']: sec=0.00, result=[1, '', 0]
[rosmaster.master][INFO] 2026-05-06 17:14:49,679: -PUB [/rosout] /phy_simulator_planning_node http://y:38689/
[rosmaster.master][INFO] 2026-05-06 17:14:49,680: -PUB [/arena_info_static] /phy_simulator_planning_node http://y:38689/
[rosmaster.master][INFO] 2026-05-06 17:14:49,680: -PUB [/arena_info_dynamic] /phy_simulator_planning_node http://y:38689/
[rosmaster.master][INFO] 2026-05-06 17:14:49,680: -PUB [/phy_simulator_planning_node/vis/vehicle_set_vis] /phy_simulator_planning_node http://y:38689/
[rosmaster.master][INFO] 2026-05-06 17:14:49,681: -PUB [/phy_simulator_planning_node/vis/lane_net_vis] /phy_simulator_planning_node http://y:38689/
[rosmaster.master][INFO] 2026-05-06 17:14:49,681: -PUB [/phy_simulator_planning_node/vis/obstacle_set_vis] /phy_simulator_planning_node http://y:38689/
[rosmaster.master][INFO] 2026-05-06 17:14:49,681: -SUB [/ctrl/agent_10] /phy_simulator_planning_node http://y:38689/
[rosmaster.master][INFO] 2026-05-06 17:14:49,681: -SUB [/ctrl/agent_9] /phy_simulator_planning_node http://y:38689/
[rosmaster.master][INFO] 2026-05-06 17:14:49,682: -SUB [/ctrl/agent_8] /phy_simulator_planning_node http://y:38689/
[rosmaster.master][INFO] 2026-05-06 17:14:49,682: -SUB [/ctrl/agent_7] /phy_simulator_planning_node http://y:38689/
[rosmaster.master][INFO] 2026-05-06 17:14:49,682: -SUB [/ctrl/agent_6] /phy_simulator_planning_node http://y:38689/
[rosmaster.master][INFO] 2026-05-06 17:14:49,682: -SUB [/ctrl/agent_5] /phy_simulator_planning_node http://y:38689/
[rosmaster.master][INFO] 2026-05-06 17:14:49,683: -SUB [/ctrl/agent_4] /phy_simulator_planning_node http://y:38689/
[rosmaster.master][INFO] 2026-05-06 17:14:49,683: -SUB [/ctrl/agent_3] /phy_simulator_planning_node http://y:38689/
[rosmaster.master][INFO] 2026-05-06 17:14:49,683: -SUB [/ctrl/agent_2] /phy_simulator_planning_node http://y:38689/
[rosmaster.master][INFO] 2026-05-06 17:14:49,683: -SUB [/ctrl/agent_1] /phy_simulator_planning_node http://y:38689/
[rosmaster.master][INFO] 2026-05-06 17:14:49,684: -SUB [/ctrl/agent_0] /phy_simulator_planning_node http://y:38689/
[rosmaster.master][INFO] 2026-05-06 17:14:49,684: -SUB [/initialpose] /phy_simulator_planning_node http://y:38689/
[rosmaster.master][INFO] 2026-05-06 17:14:49,684: -SUB [/move_base_simple/goal] /phy_simulator_planning_node http://y:38689/
[rosmaster.master][INFO] 2026-05-06 17:14:49,684: -SERVICE [/phy_simulator_planning_node/get_loggers] /phy_simulator_planning_node rosrpc://y:53411
[rosmaster.master][INFO] 2026-05-06 17:14:49,684: -SERVICE [/phy_simulator_planning_node/set_logger_level] /phy_simulator_planning_node rosrpc://y:53411
[rosmaster.master][INFO] 2026-05-06 17:14:49,688: publisherUpdate[/rosout] -> http://y:38301/ ['http://y:36761/', 'http://y:43761/', 'http://y:42977/', 'http://y:39895/', 'http://y:37751/', 'http://y:33443/', 'http://y:34281/', 'http://y:39205/', 'http://y:36045/', 'http://y:34329/', 'http://y:33755/']
[rosmaster.master][INFO] 2026-05-06 17:14:49,688: publisherUpdate[/rosout] -> http://y:38301/ ['http://y:36761/', 'http://y:43761/', 'http://y:42977/', 'http://y:39895/', 'http://y:37751/', 'http://y:33443/', 'http://y:34281/', 'http://y:39205/', 'http://y:36045/', 'http://y:34329/', 'http://y:33755/']: sec=0.00, result=[1, '', 0]
[rosmaster.master][INFO] 2026-05-06 17:14:49,688: publisherUpdate[/arena_info_static] -> http://y:36761/ []
[rosmaster.master][INFO] 2026-05-06 17:14:49,689: publisherUpdate[/arena_info_static] -> http://y:36761/ []: sec=0.00, result=[0, 'Unknown Error', 0]
[rosmaster.master][INFO] 2026-05-06 17:14:49,689: publisherUpdate[/arena_info_dynamic] -> http://y:36761/ []
[rosmaster.master][INFO] 2026-05-06 17:14:49,689: publisherUpdate[/arena_info_dynamic] -> http://y:36761/ []: sec=0.00, result=[0, 'Unknown Error', 0]
[rosmaster.master][INFO] 2026-05-06 17:14:49,790: -PUB [/rosout] /test_ssc_with_mpdm_0 http://y:36761/
[rosmaster.master][INFO] 2026-05-06 17:14:49,791: -PUB [/tf] /test_ssc_with_mpdm_0 http://y:36761/
[rosmaster.master][INFO] 2026-05-06 17:14:49,792: -PUB [/vis/agent_0/ego_vehicle_vis] /test_ssc_with_mpdm_0 http://y:36761/
[rosmaster.master][INFO] 2026-05-06 17:14:49,793: -PUB [/vis/agent_0/obstacle_map] /test_ssc_with_mpdm_0 http://y:36761/
[rosmaster.master][INFO] 2026-05-06 17:14:49,794: -PUB [/vis/agent_0/surrounding_lane_net_vis] /test_ssc_with_mpdm_0 http://y:36761/
[rosmaster.master][INFO] 2026-05-06 17:14:49,795: -PUB [/vis/agent_0/local_lanes_vis] /test_ssc_with_mpdm_0 http://y:36761/
[rosmaster.master][INFO] 2026-05-06 17:14:49,795: -PUB [/vis/agent_0/ego_behavior_vis] /test_ssc_with_mpdm_0 http://y:36761/
[rosmaster.master][INFO] 2026-05-06 17:14:49,796: -PUB [/vis/agent_0/pred_traj_openloop_vis] /test_ssc_with_mpdm_0 http://y:36761/
[rosmaster.master][INFO] 2026-05-06 17:14:49,797: -PUB [/vis/agent_0/pred_initial_intention_vis] /test_ssc_with_mpdm_0 http://y:36761/
[rosmaster.master][INFO] 2026-05-06 17:14:49,797: -PUB [/vis/agent_0/surrounding_vehicle_vis] /test_ssc_with_mpdm_0 http://y:36761/
[rosmaster.master][INFO] 2026-05-06 17:14:49,798: -PUB [/vis/agent_0/speed_limit] /test_ssc_with_mpdm_0 http://y:36761/
[rosmaster.master][INFO] 2026-05-06 17:14:49,799: -PUB [/vis/agent_0/ssc/map_vis] /test_ssc_with_mpdm_0 http://y:36761/
[rosmaster.master][INFO] 2026-05-06 17:14:49,800: -PUB [/vis/agent_0/ssc/qp_vis] /test_ssc_with_mpdm_0 http://y:36761/
[rosmaster.master][INFO] 2026-05-06 17:14:49,800: -PUB [/vis/agent_0/ssc/ego_fs_vis] /test_ssc_with_mpdm_0 http://y:36761/
[rosmaster.master][INFO] 2026-05-06 17:14:49,801: -PUB [/vis/agent_0/ssc/forward_trajs_vis] /test_ssc_with_mpdm_0 http://y:36761/
[rosmaster.master][INFO] 2026-05-06 17:14:49,802: -PUB [/vis/agent_0/ssc/sur_vehicle_trajs_vis] /test_ssc_with_mpdm_0 http://y:36761/
[rosmaster.master][INFO] 2026-05-06 17:14:49,802: -PUB [/vis/agent_0/ssc/corridor_vis] /test_ssc_with_mpdm_0 http://y:36761/
[rosmaster.master][INFO] 2026-05-06 17:14:49,803: -PUB [/ctrl/agent_0] /test_ssc_with_mpdm_0 http://y:36761/
[rosmaster.master][INFO] 2026-05-06 17:14:49,803: -PUB [/test_ssc_with_mpdm_0/ssc_map] /test_ssc_with_mpdm_0 http://y:36761/
[rosmaster.master][INFO] 2026-05-06 17:14:49,804: -PUB [/vis/agent_0/ssc/exec_traj] /test_ssc_with_mpdm_0 http://y:36761/
[rosmaster.master][INFO] 2026-05-06 17:14:49,804: -PUB [/vis/agent_0/forward_trajs] /test_ssc_with_mpdm_0 http://y:36761/
[rosmaster.master][INFO] 2026-05-06 17:14:49,805: -SUB [/joy] /test_ssc_with_mpdm_0 http://y:36761/
[rosmaster.master][INFO] 2026-05-06 17:14:49,805: -SUB [/arena_info_static] /test_ssc_with_mpdm_0 http://y:36761/
[rosmaster.master][INFO] 2026-05-06 17:14:49,806: -SUB [/arena_info_dynamic] /test_ssc_with_mpdm_0 http://y:36761/
[rosmaster.master][INFO] 2026-05-06 17:14:49,807: -SERVICE [/test_ssc_with_mpdm_0/get_loggers] /test_ssc_with_mpdm_0 rosrpc://y:37291
[rosmaster.master][INFO] 2026-05-06 17:14:49,808: -SERVICE [/test_ssc_with_mpdm_0/set_logger_level] /test_ssc_with_mpdm_0 rosrpc://y:37291
[rosmaster.master][INFO] 2026-05-06 17:14:49,840: publisherUpdate[/rosout] -> http://y:38301/ ['http://y:43761/', 'http://y:42977/', 'http://y:39895/', 'http://y:37751/', 'http://y:33443/', 'http://y:34281/', 'http://y:39205/', 'http://y:36045/', 'http://y:34329/', 'http://y:33755/']
[rosmaster.master][INFO] 2026-05-06 17:14:49,864: publisherUpdate[/rosout] -> http://y:38301/ ['http://y:43761/', 'http://y:42977/', 'http://y:39895/', 'http://y:37751/', 'http://y:33443/', 'http://y:34281/', 'http://y:39205/', 'http://y:36045/', 'http://y:34329/', 'http://y:33755/']: sec=0.00, result=[1, '', 0]
[rosmaster.master][INFO] 2026-05-06 17:14:50,164: -PUB [/rosout_agg] /rosout http://y:38301/
[rosmaster.master][INFO] 2026-05-06 17:14:50,165: -SUB [/rosout] /rosout http://y:38301/
[rosmaster.master][INFO] 2026-05-06 17:14:50,165: -SERVICE [/rosout/get_loggers] /rosout rosrpc://y:50195
[rosmaster.master][INFO] 2026-05-06 17:14:50,166: -SERVICE [/rosout/set_logger_level] /rosout rosrpc://y:50195
[rosmaster.main][INFO] 2026-05-06 17:14:50,251: keyboard interrupt, will exit
[rosmaster.main][INFO] 2026-05-06 17:14:50,251: stopping master...
[rospy.core][INFO] 2026-05-06 17:14:50,251: signal_shutdown [atexit]
