[rosmaster.main][INFO] 2026-04-24 11:17:34,819: initialization complete, waiting for shutdown
[rosmaster.main][INFO] 2026-04-24 11:17:34,819: Starting ROS Master Node
[xmlrpc][INFO] 2026-04-24 11:17:34,820: XML-RPC server binding to 0.0.0.0:11311
[xmlrpc][INFO] 2026-04-24 11:17:34,820: Started XML-RPC server [http://ying-N8:11311/]
[xmlrpc][INFO] 2026-04-24 11:17:34,820: xml rpc node: starting XML-RPC server
[rosmaster.master][INFO] 2026-04-24 11:17:34,820: Master initialized: port[11311], uri[http://ying-N8:11311/]
[rosmaster.master][INFO] 2026-04-24 11:17:34,898: +PARAM [/run_id] by /roslaunch
[rosmaster.master][INFO] 2026-04-24 11:17:34,899: +PARAM [/roslaunch/uris/host_ying_n8__41959] by /roslaunch
[rosmaster.master][INFO] 2026-04-24 11:17:34,942: +PARAM [/rosversion] by /roslaunch
[rosmaster.master][INFO] 2026-04-24 11:17:34,942: +PARAM [/rosdistro] by /roslaunch
[rosmaster.master][INFO] 2026-04-24 11:17:34,942: +PARAM [/test_ssc_with_mpdm_0/ego_id] by /roslaunch
[rosmaster.master][INFO] 2026-04-24 11:17:34,943: +PARAM [/test_ssc_with_mpdm_0/agent_config_path] by /roslaunch
[rosmaster.master][INFO] 2026-04-24 11:17:34,943: +PARAM [/test_ssc_with_mpdm_0/ssc_config_path] by /roslaunch
[rosmaster.master][INFO] 2026-04-24 11:17:34,943: +PARAM [/test_ssc_with_mpdm_0/desired_vel] by /roslaunch
[rosmaster.master][INFO] 2026-04-24 11:17:34,943: +PARAM [/test_ssc_with_mpdm_0/use_sim_state] by /roslaunch
[rosmaster.master][INFO] 2026-04-24 11:17:34,943: +PARAM [/onlane_ai_agent_1/ego_id] by /roslaunch
[rosmaster.master][INFO] 2026-04-24 11:17:34,943: +PARAM [/onlane_ai_agent_1/agent_config_path] by /roslaunch
[rosmaster.master][INFO] 2026-04-24 11:17:34,943: +PARAM [/onlane_ai_agent_1/desired_vel] by /roslaunch
[rosmaster.master][INFO] 2026-04-24 11:17:34,943: +PARAM [/onlane_ai_agent_1/autonomous_level] by /roslaunch
[rosmaster.master][INFO] 2026-04-24 11:17:34,943: +PARAM [/onlane_ai_agent_1/aggressiveness_level] by /roslaunch
[rosmaster.master][INFO] 2026-04-24 11:17:34,943: +PARAM [/onlane_ai_agent_2/ego_id] by /roslaunch
[rosmaster.master][INFO] 2026-04-24 11:17:34,944: +PARAM [/onlane_ai_agent_2/agent_config_path] by /roslaunch
[rosmaster.master][INFO] 2026-04-24 11:17:34,944: +PARAM [/onlane_ai_agent_2/desired_vel] by /roslaunch
[rosmaster.master][INFO] 2026-04-24 11:17:34,944: +PARAM [/onlane_ai_agent_2/autonomous_level] by /roslaunch
[rosmaster.master][INFO] 2026-04-24 11:17:34,944: +PARAM [/onlane_ai_agent_2/aggressiveness_level] by /roslaunch
[rosmaster.master][INFO] 2026-04-24 11:17:34,944: +PARAM [/onlane_ai_agent_3/ego_id] by /roslaunch
[rosmaster.master][INFO] 2026-04-24 11:17:34,944: +PARAM [/onlane_ai_agent_3/agent_config_path] by /roslaunch
[rosmaster.master][INFO] 2026-04-24 11:17:34,944: +PARAM [/onlane_ai_agent_3/desired_vel] by /roslaunch
[rosmaster.master][INFO] 2026-04-24 11:17:34,945: +PARAM [/onlane_ai_agent_3/autonomous_level] by /roslaunch
[rosmaster.master][INFO] 2026-04-24 11:17:34,945: +PARAM [/onlane_ai_agent_3/aggressiveness_level] by /roslaunch
[rosmaster.master][INFO] 2026-04-24 11:17:34,945: +PARAM [/onlane_ai_agent_4/ego_id] by /roslaunch
[rosmaster.master][INFO] 2026-04-24 11:17:34,945: +PARAM [/onlane_ai_agent_4/agent_config_path] by /roslaunch
[rosmaster.master][INFO] 2026-04-24 11:17:34,945: +PARAM [/onlane_ai_agent_4/desired_vel] by /roslaunch
[rosmaster.master][INFO] 2026-04-24 11:17:34,945: +PARAM [/onlane_ai_agent_4/autonomous_level] by /roslaunch
[rosmaster.master][INFO] 2026-04-24 11:17:34,945: +SERVICE [/rosout/get_loggers] /rosout http://ying-N8:34967/
[rosmaster.master][INFO] 2026-04-24 11:17:34,945: +PARAM [/onlane_ai_agent_4/aggressiveness_level] by /roslaunch
[rosmaster.master][INFO] 2026-04-24 11:17:34,945: +PARAM [/onlane_ai_agent_5/ego_id] by /roslaunch
[rosmaster.master][INFO] 2026-04-24 11:17:34,946: +SERVICE [/rosout/set_logger_level] /rosout http://ying-N8:34967/
[rosmaster.master][INFO] 2026-04-24 11:17:34,946: +PARAM [/onlane_ai_agent_5/agent_config_path] by /roslaunch
[rosmaster.master][INFO] 2026-04-24 11:17:34,946: +PARAM [/onlane_ai_agent_5/desired_vel] by /roslaunch
[rosmaster.master][INFO] 2026-04-24 11:17:34,946: +PARAM [/onlane_ai_agent_5/autonomous_level] by /roslaunch
[rosmaster.master][INFO] 2026-04-24 11:17:34,946: +PARAM [/onlane_ai_agent_5/aggressiveness_level] by /roslaunch
[rosmaster.master][INFO] 2026-04-24 11:17:34,946: +PARAM [/onlane_ai_agent_6/ego_id] by /roslaunch
[rosmaster.master][INFO] 2026-04-24 11:17:34,947: +PUB [/rosout_agg] /rosout http://ying-N8:34967/
[rosmaster.master][INFO] 2026-04-24 11:17:34,947: +PARAM [/onlane_ai_agent_6/agent_config_path] by /roslaunch
[rosmaster.master][INFO] 2026-04-24 11:17:34,947: +PARAM [/onlane_ai_agent_6/desired_vel] by /roslaunch
[rosmaster.master][INFO] 2026-04-24 11:17:34,947: +PARAM [/onlane_ai_agent_6/autonomous_level] by /roslaunch
[rosmaster.master][INFO] 2026-04-24 11:17:34,948: +PARAM [/onlane_ai_agent_6/aggressiveness_level] by /roslaunch
[rosmaster.master][INFO] 2026-04-24 11:17:34,948: +PARAM [/onlane_ai_agent_7/ego_id] by /roslaunch
[rosmaster.master][INFO] 2026-04-24 11:17:34,948: +PARAM [/onlane_ai_agent_7/agent_config_path] by /roslaunch
[rosmaster.master][INFO] 2026-04-24 11:17:34,948: +PARAM [/onlane_ai_agent_7/desired_vel] by /roslaunch
[rosmaster.master][INFO] 2026-04-24 11:17:34,949: +SUB [/rosout] /rosout http://ying-N8:34967/
[rosmaster.master][INFO] 2026-04-24 11:17:34,949: +PARAM [/onlane_ai_agent_7/autonomous_level] by /roslaunch
[rosmaster.master][INFO] 2026-04-24 11:17:34,949: +PARAM [/onlane_ai_agent_7/aggressiveness_level] by /roslaunch
[rosmaster.master][INFO] 2026-04-24 11:17:34,949: +PARAM [/onlane_ai_agent_8/ego_id] by /roslaunch
[rosmaster.master][INFO] 2026-04-24 11:17:34,949: +PARAM [/onlane_ai_agent_8/agent_config_path] by /roslaunch
[rosmaster.master][INFO] 2026-04-24 11:17:34,949: +PARAM [/onlane_ai_agent_8/desired_vel] by /roslaunch
[rosmaster.master][INFO] 2026-04-24 11:17:34,949: +PARAM [/onlane_ai_agent_8/autonomous_level] by /roslaunch
[rosmaster.master][INFO] 2026-04-24 11:17:34,949: +PARAM [/onlane_ai_agent_8/aggressiveness_level] by /roslaunch
[rosmaster.master][INFO] 2026-04-24 11:17:34,949: +PARAM [/onlane_ai_agent_9/ego_id] by /roslaunch
[rosmaster.master][INFO] 2026-04-24 11:17:34,950: +PARAM [/onlane_ai_agent_9/agent_config_path] by /roslaunch
[rosmaster.master][INFO] 2026-04-24 11:17:34,950: +PARAM [/onlane_ai_agent_9/desired_vel] by /roslaunch
[rosmaster.master][INFO] 2026-04-24 11:17:34,950: +PARAM [/onlane_ai_agent_9/autonomous_level] by /roslaunch
[rosmaster.master][INFO] 2026-04-24 11:17:34,950: +PARAM [/onlane_ai_agent_9/aggressiveness_level] by /roslaunch
[rosmaster.master][INFO] 2026-04-24 11:17:34,950: +PARAM [/onlane_ai_agent_10/ego_id] by /roslaunch
[rosmaster.master][INFO] 2026-04-24 11:17:34,950: +PARAM [/onlane_ai_agent_10/agent_config_path] by /roslaunch
[rosmaster.master][INFO] 2026-04-24 11:17:34,950: +PARAM [/onlane_ai_agent_10/desired_vel] by /roslaunch
[rosmaster.master][INFO] 2026-04-24 11:17:34,950: +PARAM [/onlane_ai_agent_10/autonomous_level] by /roslaunch
[rosmaster.master][INFO] 2026-04-24 11:17:34,950: +PARAM [/onlane_ai_agent_10/aggressiveness_level] by /roslaunch
[rosmaster.master][INFO] 2026-04-24 11:17:34,950: +PARAM [/joy_node/dev] by /roslaunch
[rosmaster.master][INFO] 2026-04-24 11:17:34,950: +PARAM [/phy_simulator_planning_node/vehicle_info_path] by /roslaunch
[rosmaster.master][INFO] 2026-04-24 11:17:34,950: +PARAM [/phy_simulator_planning_node/map_path] by /roslaunch
[rosmaster.master][INFO] 2026-04-24 11:17:34,950: +PARAM [/phy_simulator_planning_node/lane_net_path] by /roslaunch
[rosmaster.master][INFO] 2026-04-24 11:17:35,000: +PUB [/rosout] /test_ssc_with_mpdm_0 http://ying-N8:38561/
[rosmaster.master][INFO] 2026-04-24 11:17:35,001: +SERVICE [/test_ssc_with_mpdm_0/get_loggers] /test_ssc_with_mpdm_0 http://ying-N8:38561/
[rosmaster.master][INFO] 2026-04-24 11:17:35,002: +SERVICE [/test_ssc_with_mpdm_0/set_logger_level] /test_ssc_with_mpdm_0 http://ying-N8:38561/
[rosmaster.master][INFO] 2026-04-24 11:17:35,008: +PUB [/rosout] /onlane_ai_agent_1 http://ying-N8:34357/
[rosmaster.master][INFO] 2026-04-24 11:17:35,009: +SERVICE [/onlane_ai_agent_1/get_loggers] /onlane_ai_agent_1 http://ying-N8:34357/
[rosmaster.master][INFO] 2026-04-24 11:17:35,010: +SERVICE [/onlane_ai_agent_1/set_logger_level] /onlane_ai_agent_1 http://ying-N8:34357/
[rosmaster.master][INFO] 2026-04-24 11:17:35,012: +PUB [/ctrl/agent_1] /onlane_ai_agent_1 http://ying-N8:34357/
[rosmaster.master][INFO] 2026-04-24 11:17:35,012: +PUB [/tf] /test_ssc_with_mpdm_0 http://ying-N8:38561/
[rosmaster.master][INFO] 2026-04-24 11:17:35,013: +PUB [/vis/agent_0/ego_vehicle_vis] /test_ssc_with_mpdm_0 http://ying-N8:38561/
[rosmaster.master][INFO] 2026-04-24 11:17:35,015: +PUB [/vis/agent_0/obstacle_map] /test_ssc_with_mpdm_0 http://ying-N8:38561/
[rosmaster.master][INFO] 2026-04-24 11:17:35,016: +PUB [/vis/agent_0/surrounding_lane_net_vis] /test_ssc_with_mpdm_0 http://ying-N8:38561/
[rosmaster.master][INFO] 2026-04-24 11:17:35,018: +PUB [/vis/agent_0/local_lanes_vis] /test_ssc_with_mpdm_0 http://ying-N8:38561/
[rosmaster.master][INFO] 2026-04-24 11:17:35,018: +PUB [/rosout] /onlane_ai_agent_2 http://ying-N8:40591/
[rosmaster.master][INFO] 2026-04-24 11:17:35,019: +PUB [/vis/agent_0/ego_behavior_vis] /test_ssc_with_mpdm_0 http://ying-N8:38561/
[rosmaster.master][INFO] 2026-04-24 11:17:35,019: publisherUpdate[/rosout] -> http://ying-N8:34967/ ['http://ying-N8:38561/']
[rosmaster.master][INFO] 2026-04-24 11:17:35,024: +PUB [/vis/agent_0/pred_traj_openloop_vis] /test_ssc_with_mpdm_0 http://ying-N8:38561/
[rosmaster.master][INFO] 2026-04-24 11:17:35,025: +SERVICE [/onlane_ai_agent_2/get_loggers] /onlane_ai_agent_2 http://ying-N8:40591/
[rosmaster.master][INFO] 2026-04-24 11:17:35,025: publisherUpdate[/rosout] -> http://ying-N8:34967/ ['http://ying-N8:38561/']: sec=0.01, result=[1, '', 0]
[rosmaster.master][INFO] 2026-04-24 11:17:35,027: publisherUpdate[/rosout] -> http://ying-N8:34967/ ['http://ying-N8:38561/', 'http://ying-N8:34357/']
[rosmaster.master][INFO] 2026-04-24 11:17:35,028: publisherUpdate[/rosout] -> http://ying-N8:34967/ ['http://ying-N8:38561/', 'http://ying-N8:34357/']: sec=0.00, result=[1, '', 0]
[rosmaster.master][INFO] 2026-04-24 11:17:35,028: publisherUpdate[/rosout] -> http://ying-N8:34967/ ['http://ying-N8:38561/', 'http://ying-N8:34357/', 'http://ying-N8:40591/']
[rosmaster.master][INFO] 2026-04-24 11:17:35,030: +PUB [/vis/agent_0/pred_initial_intention_vis] /test_ssc_with_mpdm_0 http://ying-N8:38561/
[rosmaster.master][INFO] 2026-04-24 11:17:35,032: +PUB [/rosout] /onlane_ai_agent_3 http://ying-N8:43575/
[rosmaster.master][INFO] 2026-04-24 11:17:35,032: +PUB [/vis/agent_0/surrounding_vehicle_vis] /test_ssc_with_mpdm_0 http://ying-N8:38561/
[rosmaster.master][INFO] 2026-04-24 11:17:35,032: publisherUpdate[/rosout] -> http://ying-N8:34967/ ['http://ying-N8:38561/', 'http://ying-N8:34357/', 'http://ying-N8:40591/']: sec=0.00, result=[1, '', 0]
[rosmaster.master][INFO] 2026-04-24 11:17:35,033: +SERVICE [/onlane_ai_agent_2/set_logger_level] /onlane_ai_agent_2 http://ying-N8:40591/
[rosmaster.master][INFO] 2026-04-24 11:17:35,033: publisherUpdate[/rosout] -> http://ying-N8:34967/ ['http://ying-N8:38561/', 'http://ying-N8:34357/', 'http://ying-N8:40591/', 'http://ying-N8:43575/']
[rosmaster.master][INFO] 2026-04-24 11:17:35,035: +PUB [/tf] /onlane_ai_agent_1 http://ying-N8:34357/
[rosmaster.master][INFO] 2026-04-24 11:17:35,035: +PUB [/rosout] /onlane_ai_agent_4 http://ying-N8:42365/
[rosmaster.master][INFO] 2026-04-24 11:17:35,036: +SERVICE [/onlane_ai_agent_3/get_loggers] /onlane_ai_agent_3 http://ying-N8:43575/
[rosmaster.master][INFO] 2026-04-24 11:17:35,037: +SERVICE [/onlane_ai_agent_4/get_loggers] /onlane_ai_agent_4 http://ying-N8:42365/
[rosmaster.master][INFO] 2026-04-24 11:17:35,037: publisherUpdate[/rosout] -> http://ying-N8:34967/ ['http://ying-N8:38561/', 'http://ying-N8:34357/', 'http://ying-N8:40591/', 'http://ying-N8:43575/']: sec=0.00, result=[1, '', 0]
[rosmaster.master][INFO] 2026-04-24 11:17:35,039: publisherUpdate[/rosout] -> http://ying-N8:34967/ ['http://ying-N8:38561/', 'http://ying-N8:34357/', 'http://ying-N8:40591/', 'http://ying-N8:43575/', 'http://ying-N8:42365/']
[rosmaster.master][INFO] 2026-04-24 11:17:35,040: +PUB [/vis/agent_0/speed_limit] /test_ssc_with_mpdm_0 http://ying-N8:38561/
[rosmaster.master][INFO] 2026-04-24 11:17:35,040: publisherUpdate[/rosout] -> http://ying-N8:34967/ ['http://ying-N8:38561/', 'http://ying-N8:34357/', 'http://ying-N8:40591/', 'http://ying-N8:43575/', 'http://ying-N8:42365/']: sec=0.00, result=[1, '', 0]
[rosmaster.master][INFO] 2026-04-24 11:17:35,040: +PUB [/vis/agent_1/ego_vehicle_vis] /onlane_ai_agent_1 http://ying-N8:34357/
[rosmaster.master][INFO] 2026-04-24 11:17:35,040: +SERVICE [/onlane_ai_agent_3/set_logger_level] /onlane_ai_agent_3 http://ying-N8:43575/
[rosmaster.master][INFO] 2026-04-24 11:17:35,041: +SERVICE [/onlane_ai_agent_4/set_logger_level] /onlane_ai_agent_4 http://ying-N8:42365/
[rosmaster.master][INFO] 2026-04-24 11:17:35,041: +PUB [/ctrl/agent_2] /onlane_ai_agent_2 http://ying-N8:40591/
[rosmaster.master][INFO] 2026-04-24 11:17:35,045: +PUB [/vis/agent_0/ssc/map_vis] /test_ssc_with_mpdm_0 http://ying-N8:38561/
[rosmaster.master][INFO] 2026-04-24 11:17:35,046: +PUB [/vis/agent_1/obstacle_map] /onlane_ai_agent_1 http://ying-N8:34357/
[rosmaster.master][INFO] 2026-04-24 11:17:35,048: +PUB [/ctrl/agent_3] /onlane_ai_agent_3 http://ying-N8:43575/
[rosmaster.master][INFO] 2026-04-24 11:17:35,050: +PUB [/vis/agent_0/ssc/qp_vis] /test_ssc_with_mpdm_0 http://ying-N8:38561/
[rosmaster.master][INFO] 2026-04-24 11:17:35,052: +PUB [/ctrl/agent_4] /onlane_ai_agent_4 http://ying-N8:42365/
[rosmaster.master][INFO] 2026-04-24 11:17:35,053: +PUB [/vis/agent_1/surrounding_lane_net_vis] /onlane_ai_agent_1 http://ying-N8:34357/
[rosmaster.master][INFO] 2026-04-24 11:17:35,054: +PUB [/vis/agent_0/ssc/ego_fs_vis] /test_ssc_with_mpdm_0 http://ying-N8:38561/
[rosmaster.master][INFO] 2026-04-24 11:17:35,057: +PUB [/vis/agent_1/local_lanes_vis] /onlane_ai_agent_1 http://ying-N8:34357/
[rosmaster.master][INFO] 2026-04-24 11:17:35,061: +PUB [/vis/agent_0/ssc/forward_trajs_vis] /test_ssc_with_mpdm_0 http://ying-N8:38561/
[rosmaster.master][INFO] 2026-04-24 11:17:35,063: +PUB [/tf] /onlane_ai_agent_2 http://ying-N8:40591/
[rosmaster.master][INFO] 2026-04-24 11:17:35,063: +PUB [/vis/agent_1/ego_behavior_vis] /onlane_ai_agent_1 http://ying-N8:34357/
[rosmaster.master][INFO] 2026-04-24 11:17:35,074: +PUB [/rosout] /onlane_ai_agent_5 http://ying-N8:43031/
[rosmaster.master][INFO] 2026-04-24 11:17:35,075: +PUB [/vis/agent_0/ssc/sur_vehicle_trajs_vis] /test_ssc_with_mpdm_0 http://ying-N8:38561/
[rosmaster.master][INFO] 2026-04-24 11:17:35,076: +PUB [/vis/agent_1/pred_traj_openloop_vis] /onlane_ai_agent_1 http://ying-N8:34357/
[rosmaster.master][INFO] 2026-04-24 11:17:35,077: +PUB [/vis/agent_2/ego_vehicle_vis] /onlane_ai_agent_2 http://ying-N8:40591/
[rosmaster.master][INFO] 2026-04-24 11:17:35,078: +SERVICE [/onlane_ai_agent_5/get_loggers] /onlane_ai_agent_5 http://ying-N8:43031/
[rosmaster.master][INFO] 2026-04-24 11:17:35,079: +PUB [/vis/agent_2/obstacle_map] /onlane_ai_agent_2 http://ying-N8:40591/
[rosmaster.master][INFO] 2026-04-24 11:17:35,081: +PUB [/vis/agent_0/ssc/corridor_vis] /test_ssc_with_mpdm_0 http://ying-N8:38561/
[rosmaster.master][INFO] 2026-04-24 11:17:35,083: +SERVICE [/onlane_ai_agent_5/set_logger_level] /onlane_ai_agent_5 http://ying-N8:43031/
[rosmaster.master][INFO] 2026-04-24 11:17:35,084: +PUB [/tf] /onlane_ai_agent_4 http://ying-N8:42365/
[rosmaster.master][INFO] 2026-04-24 11:17:35,084: +PUB [/vis/agent_2/surrounding_lane_net_vis] /onlane_ai_agent_2 http://ying-N8:40591/
[rosmaster.master][INFO] 2026-04-24 11:17:35,085: +PUB [/vis/agent_1/pred_initial_intention_vis] /onlane_ai_agent_1 http://ying-N8:34357/
[rosmaster.master][INFO] 2026-04-24 11:17:35,085: +PUB [/vis/agent_4/ego_vehicle_vis] /onlane_ai_agent_4 http://ying-N8:42365/
[rosmaster.master][INFO] 2026-04-24 11:17:35,088: +PUB [/vis/agent_4/obstacle_map] /onlane_ai_agent_4 http://ying-N8:42365/
[rosmaster.master][INFO] 2026-04-24 11:17:35,088: +PUB [/tf] /onlane_ai_agent_3 http://ying-N8:43575/
[rosmaster.master][INFO] 2026-04-24 11:17:35,088: +PUB [/vis/agent_1/surrounding_vehicle_vis] /onlane_ai_agent_1 http://ying-N8:34357/
[rosmaster.master][INFO] 2026-04-24 11:17:35,093: +PUB [/vis/agent_2/local_lanes_vis] /onlane_ai_agent_2 http://ying-N8:40591/
[rosmaster.master][INFO] 2026-04-24 11:17:35,094: +PUB [/vis/agent_4/surrounding_lane_net_vis] /onlane_ai_agent_4 http://ying-N8:42365/
[rosmaster.master][INFO] 2026-04-24 11:17:35,095: +PUB [/vis/agent_1/speed_limit] /onlane_ai_agent_1 http://ying-N8:34357/
[rosmaster.master][INFO] 2026-04-24 11:17:35,096: +PUB [/ctrl/agent_5] /onlane_ai_agent_5 http://ying-N8:43031/
[rosmaster.master][INFO] 2026-04-24 11:17:35,098: +PUB [/vis/agent_2/ego_behavior_vis] /onlane_ai_agent_2 http://ying-N8:40591/
[rosmaster.master][INFO] 2026-04-24 11:17:35,100: +PUB [/ctrl/agent_0] /test_ssc_with_mpdm_0 http://ying-N8:38561/
[rosmaster.master][INFO] 2026-04-24 11:17:35,101: +PUB [/vis/agent_4/local_lanes_vis] /onlane_ai_agent_4 http://ying-N8:42365/
[rosmaster.master][INFO] 2026-04-24 11:17:35,121: +PUB [/vis/agent_3/ego_vehicle_vis] /onlane_ai_agent_3 http://ying-N8:43575/
[rosmaster.master][INFO] 2026-04-24 11:17:35,122: +PUB [/vis/agent_4/ego_behavior_vis] /onlane_ai_agent_4 http://ying-N8:42365/
[rosmaster.master][INFO] 2026-04-24 11:17:35,122: +PUB [/vis/agent_3/obstacle_map] /onlane_ai_agent_3 http://ying-N8:43575/
[rosmaster.master][INFO] 2026-04-24 11:17:35,122: +PUB [/vis/agent_2/pred_traj_openloop_vis] /onlane_ai_agent_2 http://ying-N8:40591/
[rosmaster.master][INFO] 2026-04-24 11:17:35,123: +PUB [/test_ssc_with_mpdm_0/ssc_map] /test_ssc_with_mpdm_0 http://ying-N8:38561/
[rosmaster.master][INFO] 2026-04-24 11:17:35,123: +PUB [/rosout] /onlane_ai_agent_7 http://ying-N8:44313/
[rosmaster.master][INFO] 2026-04-24 11:17:35,123: +PUB [/rosout] /onlane_ai_agent_6 http://ying-N8:34421/
[rosmaster.master][INFO] 2026-04-24 11:17:35,124: publisherUpdate[/rosout] -> http://ying-N8:34967/ ['http://ying-N8:38561/', 'http://ying-N8:34357/', 'http://ying-N8:40591/', 'http://ying-N8:43575/', 'http://ying-N8:42365/', 'http://ying-N8:43031/']
[rosmaster.master][INFO] 2026-04-24 11:17:35,125: publisherUpdate[/rosout] -> http://ying-N8:34967/ ['http://ying-N8:38561/', 'http://ying-N8:34357/', 'http://ying-N8:40591/', 'http://ying-N8:43575/', 'http://ying-N8:42365/', 'http://ying-N8:43031/']: sec=0.00, result=[1, '', 0]
[rosmaster.master][INFO] 2026-04-24 11:17:35,126: publisherUpdate[/rosout] -> http://ying-N8:34967/ ['http://ying-N8:38561/', 'http://ying-N8:34357/', 'http://ying-N8:40591/', 'http://ying-N8:43575/', 'http://ying-N8:42365/', 'http://ying-N8:43031/', 'http://ying-N8:44313/']
[rosmaster.master][INFO] 2026-04-24 11:17:35,126: +PUB [/vis/agent_0/ssc/exec_traj] /test_ssc_with_mpdm_0 http://ying-N8:38561/
[rosmaster.master][INFO] 2026-04-24 11:17:35,127: +PUB [/vis/agent_2/pred_initial_intention_vis] /onlane_ai_agent_2 http://ying-N8:40591/
[rosmaster.master][INFO] 2026-04-24 11:17:35,127: +SUB [/arena_info_static] /onlane_ai_agent_1 http://ying-N8:34357/
[rosmaster.master][INFO] 2026-04-24 11:17:35,127: +PUB [/vis/agent_4/pred_traj_openloop_vis] /onlane_ai_agent_4 http://ying-N8:42365/
[rosmaster.master][INFO] 2026-04-24 11:17:35,128: publisherUpdate[/rosout] -> http://ying-N8:34967/ ['http://ying-N8:38561/', 'http://ying-N8:34357/', 'http://ying-N8:40591/', 'http://ying-N8:43575/', 'http://ying-N8:42365/', 'http://ying-N8:43031/', 'http://ying-N8:44313/']: sec=0.00, result=[1, '', 0]
[rosmaster.master][INFO] 2026-04-24 11:17:35,132: publisherUpdate[/rosout] -> http://ying-N8:34967/ ['http://ying-N8:38561/', 'http://ying-N8:34357/', 'http://ying-N8:40591/', 'http://ying-N8:43575/', 'http://ying-N8:42365/', 'http://ying-N8:43031/', 'http://ying-N8:44313/', 'http://ying-N8:34421/']
[rosmaster.master][INFO] 2026-04-24 11:17:35,131: +SERVICE [/onlane_ai_agent_7/get_loggers] /onlane_ai_agent_7 http://ying-N8:44313/
[rosmaster.master][INFO] 2026-04-24 11:17:35,133: +PUB [/vis/agent_3/surrounding_lane_net_vis] /onlane_ai_agent_3 http://ying-N8:43575/
[rosmaster.master][INFO] 2026-04-24 11:17:35,133: publisherUpdate[/rosout] -> http://ying-N8:34967/ ['http://ying-N8:38561/', 'http://ying-N8:34357/', 'http://ying-N8:40591/', 'http://ying-N8:43575/', 'http://ying-N8:42365/', 'http://ying-N8:43031/', 'http://ying-N8:44313/', 'http://ying-N8:34421/']: sec=0.00, result=[1, '', 0]
[rosmaster.master][INFO] 2026-04-24 11:17:35,141: +PUB [/vis/agent_3/local_lanes_vis] /onlane_ai_agent_3 http://ying-N8:43575/
[rosmaster.master][INFO] 2026-04-24 11:17:35,145: +SERVICE [/onlane_ai_agent_6/get_loggers] /onlane_ai_agent_6 http://ying-N8:34421/
[rosmaster.master][INFO] 2026-04-24 11:17:35,148: +PUB [/vis/agent_2/surrounding_vehicle_vis] /onlane_ai_agent_2 http://ying-N8:40591/
[rosmaster.master][INFO] 2026-04-24 11:17:35,149: +PUB [/vis/agent_4/pred_initial_intention_vis] /onlane_ai_agent_4 http://ying-N8:42365/
[rosmaster.master][INFO] 2026-04-24 11:17:35,151: +SERVICE [/onlane_ai_agent_7/set_logger_level] /onlane_ai_agent_7 http://ying-N8:44313/
[rosmaster.master][INFO] 2026-04-24 11:17:35,151: +PUB [/vis/agent_3/ego_behavior_vis] /onlane_ai_agent_3 http://ying-N8:43575/
[rosmaster.master][INFO] 2026-04-24 11:17:35,151: +PUB [/vis/agent_2/speed_limit] /onlane_ai_agent_2 http://ying-N8:40591/
[rosmaster.master][INFO] 2026-04-24 11:17:35,151: +PUB [/vis/agent_4/surrounding_vehicle_vis] /onlane_ai_agent_4 http://ying-N8:42365/
[rosmaster.master][INFO] 2026-04-24 11:17:35,153: +PUB [/vis/agent_3/pred_traj_openloop_vis] /onlane_ai_agent_3 http://ying-N8:43575/
[rosmaster.master][INFO] 2026-04-24 11:17:35,155: +PUB [/vis/agent_4/speed_limit] /onlane_ai_agent_4 http://ying-N8:42365/
[rosmaster.master][INFO] 2026-04-24 11:17:35,157: +SERVICE [/onlane_ai_agent_6/set_logger_level] /onlane_ai_agent_6 http://ying-N8:34421/
[rosmaster.master][INFO] 2026-04-24 11:17:35,158: +SUB [/joy] /test_ssc_with_mpdm_0 http://ying-N8:38561/
[rosmaster.master][INFO] 2026-04-24 11:17:35,158: +PUB [/rosout] /onlane_ai_agent_8 http://ying-N8:35479/
[rosmaster.master][INFO] 2026-04-24 11:17:35,158: +PUB [/rosout] /onlane_ai_agent_9 http://ying-N8:38403/
[rosmaster.master][INFO] 2026-04-24 11:17:35,160: +SUB [/arena_info_dynamic] /onlane_ai_agent_1 http://ying-N8:34357/
[rosmaster.master][INFO] 2026-04-24 11:17:35,164: +PUB [/vis/agent_3/pred_initial_intention_vis] /onlane_ai_agent_3 http://ying-N8:43575/
[rosmaster.master][INFO] 2026-04-24 11:17:35,168: +SUB [/arena_info_static] /onlane_ai_agent_2 http://ying-N8:40591/
[rosmaster.master][INFO] 2026-04-24 11:17:35,173: +SERVICE [/onlane_ai_agent_8/get_loggers] /onlane_ai_agent_8 http://ying-N8:35479/
[rosmaster.master][INFO] 2026-04-24 11:17:35,176: +SERVICE [/onlane_ai_agent_9/get_loggers] /onlane_ai_agent_9 http://ying-N8:38403/
[rosmaster.master][INFO] 2026-04-24 11:17:35,177: +PUB [/rosout] /onlane_ai_agent_10 http://ying-N8:45625/
[rosmaster.master][INFO] 2026-04-24 11:17:35,186: +PUB [/vis/agent_3/surrounding_vehicle_vis] /onlane_ai_agent_3 http://ying-N8:43575/
[rosmaster.master][INFO] 2026-04-24 11:17:35,186: +PUB [/tf] /onlane_ai_agent_5 http://ying-N8:43031/
[rosmaster.master][INFO] 2026-04-24 11:17:35,186: +SERVICE [/onlane_ai_agent_10/get_loggers] /onlane_ai_agent_10 http://ying-N8:45625/
[rosmaster.master][INFO] 2026-04-24 11:17:35,189: +PUB [/vis/agent_3/speed_limit] /onlane_ai_agent_3 http://ying-N8:43575/
[rosmaster.master][INFO] 2026-04-24 11:17:35,189: +SERVICE [/onlane_ai_agent_9/set_logger_level] /onlane_ai_agent_9 http://ying-N8:38403/
[rosmaster.master][INFO] 2026-04-24 11:17:35,190: +PUB [/rosout] /phy_simulator_planning_node http://ying-N8:40003/
[rosmaster.master][INFO] 2026-04-24 11:17:35,190: +SUB [/arena_info_static] /onlane_ai_agent_4 http://ying-N8:42365/
[rosmaster.master][INFO] 2026-04-24 11:17:35,190: +SUB [/joy] /onlane_ai_agent_1 http://ying-N8:34357/
[rosmaster.master][INFO] 2026-04-24 11:17:35,191: +SERVICE [/onlane_ai_agent_8/set_logger_level] /onlane_ai_agent_8 http://ying-N8:35479/
[rosmaster.master][INFO] 2026-04-24 11:17:35,191: +PUB [/vis/agent_5/ego_vehicle_vis] /onlane_ai_agent_5 http://ying-N8:43031/
[rosmaster.master][INFO] 2026-04-24 11:17:35,191: +PUB [/ctrl/agent_6] /onlane_ai_agent_6 http://ying-N8:34421/
[rosmaster.master][INFO] 2026-04-24 11:17:35,196: +SUB [/arena_info_dynamic] /onlane_ai_agent_2 http://ying-N8:40591/
[rosmaster.master][INFO] 2026-04-24 11:17:35,197: +PUB [/vis/agent_0/forward_trajs] /test_ssc_with_mpdm_0 http://ying-N8:38561/
[rosmaster.master][INFO] 2026-04-24 11:17:35,197: +SERVICE [/onlane_ai_agent_10/set_logger_level] /onlane_ai_agent_10 http://ying-N8:45625/
[rosmaster.master][INFO] 2026-04-24 11:17:35,197: +PUB [/vis/agent_5/obstacle_map] /onlane_ai_agent_5 http://ying-N8:43031/
[rosmaster.master][INFO] 2026-04-24 11:17:35,199: +SUB [/arena_info_static] /onlane_ai_agent_3 http://ying-N8:43575/
[rosmaster.master][INFO] 2026-04-24 11:17:35,201: +SERVICE [/phy_simulator_planning_node/get_loggers] /phy_simulator_planning_node http://ying-N8:40003/
[rosmaster.master][INFO] 2026-04-24 11:17:35,201: +PUB [/ctrl/agent_7] /onlane_ai_agent_7 http://ying-N8:44313/
[rosmaster.master][INFO] 2026-04-24 11:17:35,204: +PUB [/vis/agent_5/surrounding_lane_net_vis] /onlane_ai_agent_5 http://ying-N8:43031/
[rosmaster.master][INFO] 2026-04-24 11:17:35,204: +SUB [/arena_info_dynamic] /onlane_ai_agent_4 http://ying-N8:42365/
[rosmaster.master][INFO] 2026-04-24 11:17:35,205: +SERVICE [/phy_simulator_planning_node/set_logger_level] /phy_simulator_planning_node http://ying-N8:40003/
[rosmaster.master][INFO] 2026-04-24 11:17:35,205: +PUB [/vis/agent_5/local_lanes_vis] /onlane_ai_agent_5 http://ying-N8:43031/
[rosmaster.master][INFO] 2026-04-24 11:17:35,207: +PUB [/vis/agent_5/ego_behavior_vis] /onlane_ai_agent_5 http://ying-N8:43031/
[rosmaster.master][INFO] 2026-04-24 11:17:35,217: +PUB [/vis/agent_1/forward_trajs] /onlane_ai_agent_1 http://ying-N8:34357/
[rosmaster.master][INFO] 2026-04-24 11:17:35,218: +PUB [/vis/agent_5/pred_traj_openloop_vis] /onlane_ai_agent_5 http://ying-N8:43031/
[rosmaster.master][INFO] 2026-04-24 11:17:35,221: +SUB [/arena_info_static] /test_ssc_with_mpdm_0 http://ying-N8:38561/
[rosmaster.master][INFO] 2026-04-24 11:17:35,224: +PUB [/tf] /onlane_ai_agent_6 http://ying-N8:34421/
[rosmaster.master][INFO] 2026-04-24 11:17:35,229: publisherUpdate[/rosout] -> http://ying-N8:34967/ ['http://ying-N8:38561/', 'http://ying-N8:34357/', 'http://ying-N8:40591/', 'http://ying-N8:43575/', 'http://ying-N8:42365/', 'http://ying-N8:43031/', 'http://ying-N8:44313/', 'http://ying-N8:34421/', 'http://ying-N8:35479/']
[rosmaster.master][INFO] 2026-04-24 11:17:35,238: publisherUpdate[/rosout] -> http://ying-N8:34967/ ['http://ying-N8:38561/', 'http://ying-N8:34357/', 'http://ying-N8:40591/', 'http://ying-N8:43575/', 'http://ying-N8:42365/', 'http://ying-N8:43031/', 'http://ying-N8:44313/', 'http://ying-N8:34421/', 'http://ying-N8:35479/']: sec=0.01, result=[1, '', 0]
[rosmaster.master][INFO] 2026-04-24 11:17:35,238: publisherUpdate[/rosout] -> http://ying-N8:34967/ ['http://ying-N8:38561/', 'http://ying-N8:34357/', 'http://ying-N8:40591/', 'http://ying-N8:43575/', 'http://ying-N8:42365/', 'http://ying-N8:43031/', 'http://ying-N8:44313/', 'http://ying-N8:34421/', 'http://ying-N8:35479/', 'http://ying-N8:38403/']
[rosmaster.master][INFO] 2026-04-24 11:17:35,240: +PUB [/ctrl/agent_8] /onlane_ai_agent_8 http://ying-N8:35479/
[rosmaster.master][INFO] 2026-04-24 11:17:35,241: publisherUpdate[/rosout] -> http://ying-N8:34967/ ['http://ying-N8:38561/', 'http://ying-N8:34357/', 'http://ying-N8:40591/', 'http://ying-N8:43575/', 'http://ying-N8:42365/', 'http://ying-N8:43031/', 'http://ying-N8:44313/', 'http://ying-N8:34421/', 'http://ying-N8:35479/', 'http://ying-N8:38403/']: sec=0.00, result=[1, '', 0]
[rosmaster.master][INFO] 2026-04-24 11:17:35,242: publisherUpdate[/rosout] -> http://ying-N8:34967/ ['http://ying-N8:38561/', 'http://ying-N8:34357/', 'http://ying-N8:40591/', 'http://ying-N8:43575/', 'http://ying-N8:42365/', 'http://ying-N8:43031/', 'http://ying-N8:44313/', 'http://ying-N8:34421/', 'http://ying-N8:35479/', 'http://ying-N8:38403/', 'http://ying-N8:45625/']
[rosmaster.master][INFO] 2026-04-24 11:17:35,242: +PUB [/vis/agent_5/pred_initial_intention_vis] /onlane_ai_agent_5 http://ying-N8:43031/
[rosmaster.master][INFO] 2026-04-24 11:17:35,242: publisherUpdate[/rosout] -> http://ying-N8:34967/ ['http://ying-N8:38561/', 'http://ying-N8:34357/', 'http://ying-N8:40591/', 'http://ying-N8:43575/', 'http://ying-N8:42365/', 'http://ying-N8:43031/', 'http://ying-N8:44313/', 'http://ying-N8:34421/', 'http://ying-N8:35479/', 'http://ying-N8:38403/', 'http://ying-N8:45625/']: sec=0.00, result=[1, '', 0]
[rosmaster.master][INFO] 2026-04-24 11:17:35,243: publisherUpdate[/rosout] -> http://ying-N8:34967/ ['http://ying-N8:38561/', 'http://ying-N8:34357/', 'http://ying-N8:40591/', 'http://ying-N8:43575/', 'http://ying-N8:42365/', 'http://ying-N8:43031/', 'http://ying-N8:44313/', 'http://ying-N8:34421/', 'http://ying-N8:35479/', 'http://ying-N8:38403/', 'http://ying-N8:45625/', 'http://ying-N8:40003/']
[rosmaster.master][INFO] 2026-04-24 11:17:35,244: +PUB [/ctrl/agent_10] /onlane_ai_agent_10 http://ying-N8:45625/
[rosmaster.master][INFO] 2026-04-24 11:17:35,244: +SUB [/joy] /onlane_ai_agent_2 http://ying-N8:40591/
[rosmaster.master][INFO] 2026-04-24 11:17:35,244: +PUB [/vis/agent_6/ego_vehicle_vis] /onlane_ai_agent_6 http://ying-N8:34421/
[rosmaster.master][INFO] 2026-04-24 11:17:35,245: +SUB [/arena_info_dynamic] /onlane_ai_agent_3 http://ying-N8:43575/
[rosmaster.master][INFO] 2026-04-24 11:17:35,245: +PUB [/tf] /onlane_ai_agent_7 http://ying-N8:44313/
[rosmaster.master][INFO] 2026-04-24 11:17:35,245: +PUB [/ctrl/agent_9] /onlane_ai_agent_9 http://ying-N8:38403/
[rosmaster.master][INFO] 2026-04-24 11:17:35,245: +SUB [/joy] /onlane_ai_agent_4 http://ying-N8:42365/
[rosmaster.master][INFO] 2026-04-24 11:17:35,248: +SUB [/arena_info_dynamic] /test_ssc_with_mpdm_0 http://ying-N8:38561/
[rosmaster.master][INFO] 2026-04-24 11:17:35,249: +PUB [/vis/agent_5/surrounding_vehicle_vis] /onlane_ai_agent_5 http://ying-N8:43031/
[rosmaster.master][INFO] 2026-04-24 11:17:35,250: +PUB [/vis/agent_6/obstacle_map] /onlane_ai_agent_6 http://ying-N8:34421/
[rosmaster.master][INFO] 2026-04-24 11:17:35,252: publisherUpdate[/rosout] -> http://ying-N8:34967/ ['http://ying-N8:38561/', 'http://ying-N8:34357/', 'http://ying-N8:40591/', 'http://ying-N8:43575/', 'http://ying-N8:42365/', 'http://ying-N8:43031/', 'http://ying-N8:44313/', 'http://ying-N8:34421/', 'http://ying-N8:35479/', 'http://ying-N8:38403/', 'http://ying-N8:45625/', 'http://ying-N8:40003/']: sec=0.01, result=[1, '', 0]
[rosmaster.master][INFO] 2026-04-24 11:17:35,252: +PUB [/vis/agent_5/speed_limit] /onlane_ai_agent_5 http://ying-N8:43031/
[rosmaster.master][INFO] 2026-04-24 11:17:35,253: +PUB [/vis/agent_7/ego_vehicle_vis] /onlane_ai_agent_7 http://ying-N8:44313/
[rosmaster.master][INFO] 2026-04-24 11:17:35,266: +PUB [/vis/agent_2/forward_trajs] /onlane_ai_agent_2 http://ying-N8:40591/
[rosmaster.master][INFO] 2026-04-24 11:17:35,267: +PUB [/vis/agent_6/surrounding_lane_net_vis] /onlane_ai_agent_6 http://ying-N8:34421/
[rosmaster.master][INFO] 2026-04-24 11:17:35,271: +SUB [/joy] /onlane_ai_agent_3 http://ying-N8:43575/
[rosmaster.master][INFO] 2026-04-24 11:17:35,272: +PUB [/vis/agent_4/forward_trajs] /onlane_ai_agent_4 http://ying-N8:42365/
[rosmaster.master][INFO] 2026-04-24 11:17:35,272: +PUB [/vis/agent_7/obstacle_map] /onlane_ai_agent_7 http://ying-N8:44313/
[rosmaster.master][INFO] 2026-04-24 11:17:35,273: +SUB [/arena_info_static] /onlane_ai_agent_5 http://ying-N8:43031/
[rosmaster.master][INFO] 2026-04-24 11:17:35,274: +PUB [/vis/agent_6/local_lanes_vis] /onlane_ai_agent_6 http://ying-N8:34421/
[rosmaster.master][INFO] 2026-04-24 11:17:35,275: +PUB [/tf] /onlane_ai_agent_10 http://ying-N8:45625/
[rosmaster.master][INFO] 2026-04-24 11:17:35,277: +PUB [/vis/agent_7/surrounding_lane_net_vis] /onlane_ai_agent_7 http://ying-N8:44313/
[rosmaster.master][INFO] 2026-04-24 11:17:35,278: +PUB [/vis/agent_3/forward_trajs] /onlane_ai_agent_3 http://ying-N8:43575/
[rosmaster.master][INFO] 2026-04-24 11:17:35,279: +PUB [/arena_info_static] /phy_simulator_planning_node http://ying-N8:40003/
[rosmaster.master][INFO] 2026-04-24 11:17:35,280: +PUB [/vis/agent_6/ego_behavior_vis] /onlane_ai_agent_6 http://ying-N8:34421/
[rosmaster.master][INFO] 2026-04-24 11:17:35,281: +PUB [/tf] /onlane_ai_agent_9 http://ying-N8:38403/
[rosmaster.master][INFO] 2026-04-24 11:17:35,282: +PUB [/tf] /onlane_ai_agent_8 http://ying-N8:35479/
[rosmaster.master][INFO] 2026-04-24 11:17:35,283: +PUB [/vis/agent_10/ego_vehicle_vis] /onlane_ai_agent_10 http://ying-N8:45625/
[rosmaster.master][INFO] 2026-04-24 11:17:35,284: +PUB [/vis/agent_7/local_lanes_vis] /onlane_ai_agent_7 http://ying-N8:44313/
[rosmaster.master][INFO] 2026-04-24 11:17:35,284: +PUB [/vis/agent_6/pred_traj_openloop_vis] /onlane_ai_agent_6 http://ying-N8:34421/
[rosmaster.master][INFO] 2026-04-24 11:17:35,285: +PUB [/arena_info_dynamic] /phy_simulator_planning_node http://ying-N8:40003/
[rosmaster.master][INFO] 2026-04-24 11:17:35,286: +SUB [/arena_info_dynamic] /onlane_ai_agent_5 http://ying-N8:43031/
[rosmaster.master][INFO] 2026-04-24 11:17:35,286: +PUB [/vis/agent_9/ego_vehicle_vis] /onlane_ai_agent_9 http://ying-N8:38403/
[rosmaster.master][INFO] 2026-04-24 11:17:35,287: +PUB [/vis/agent_8/ego_vehicle_vis] /onlane_ai_agent_8 http://ying-N8:35479/
[rosmaster.master][INFO] 2026-04-24 11:17:35,287: +PUB [/vis/agent_10/obstacle_map] /onlane_ai_agent_10 http://ying-N8:45625/
[rosmaster.master][INFO] 2026-04-24 11:17:35,287: +PUB [/vis/agent_6/pred_initial_intention_vis] /onlane_ai_agent_6 http://ying-N8:34421/
[rosmaster.master][INFO] 2026-04-24 11:17:35,289: +PUB [/vis/agent_7/ego_behavior_vis] /onlane_ai_agent_7 http://ying-N8:44313/
[rosmaster.master][INFO] 2026-04-24 11:17:35,290: +PUB [/phy_simulator_planning_node/vis/vehicle_set_vis] /phy_simulator_planning_node http://ying-N8:40003/
[rosmaster.master][INFO] 2026-04-24 11:17:35,290: +PUB [/vis/agent_9/obstacle_map] /onlane_ai_agent_9 http://ying-N8:38403/
[rosmaster.master][INFO] 2026-04-24 11:17:35,291: +PUB [/vis/agent_8/obstacle_map] /onlane_ai_agent_8 http://ying-N8:35479/
[rosmaster.master][INFO] 2026-04-24 11:17:35,291: +PUB [/vis/agent_10/surrounding_lane_net_vis] /onlane_ai_agent_10 http://ying-N8:45625/
[rosmaster.master][INFO] 2026-04-24 11:17:35,291: +PUB [/vis/agent_6/surrounding_vehicle_vis] /onlane_ai_agent_6 http://ying-N8:34421/
[rosmaster.master][INFO] 2026-04-24 11:17:35,292: +PUB [/vis/agent_7/pred_traj_openloop_vis] /onlane_ai_agent_7 http://ying-N8:44313/
[rosmaster.master][INFO] 2026-04-24 11:17:35,292: +SUB [/joy] /onlane_ai_agent_5 http://ying-N8:43031/
[rosmaster.master][INFO] 2026-04-24 11:17:35,293: +PUB [/vis/agent_7/pred_initial_intention_vis] /onlane_ai_agent_7 http://ying-N8:44313/
[rosmaster.master][INFO] 2026-04-24 11:17:35,293: +PUB [/vis/agent_9/surrounding_lane_net_vis] /onlane_ai_agent_9 http://ying-N8:38403/
[rosmaster.master][INFO] 2026-04-24 11:17:35,293: +PUB [/vis/agent_8/surrounding_lane_net_vis] /onlane_ai_agent_8 http://ying-N8:35479/
[rosmaster.master][INFO] 2026-04-24 11:17:35,294: +PUB [/vis/agent_10/local_lanes_vis] /onlane_ai_agent_10 http://ying-N8:45625/
[rosmaster.master][INFO] 2026-04-24 11:17:35,295: +PUB [/vis/agent_6/speed_limit] /onlane_ai_agent_6 http://ying-N8:34421/
[rosmaster.master][INFO] 2026-04-24 11:17:35,296: +PUB [/phy_simulator_planning_node/vis/lane_net_vis] /phy_simulator_planning_node http://ying-N8:40003/
[rosmaster.master][INFO] 2026-04-24 11:17:35,297: +PUB [/vis/agent_5/forward_trajs] /onlane_ai_agent_5 http://ying-N8:43031/
[rosmaster.master][INFO] 2026-04-24 11:17:35,297: +PUB [/vis/agent_7/surrounding_vehicle_vis] /onlane_ai_agent_7 http://ying-N8:44313/
[rosmaster.master][INFO] 2026-04-24 11:17:35,298: +PUB [/vis/agent_9/local_lanes_vis] /onlane_ai_agent_9 http://ying-N8:38403/
[rosmaster.master][INFO] 2026-04-24 11:17:35,298: +PUB [/vis/agent_8/local_lanes_vis] /onlane_ai_agent_8 http://ying-N8:35479/
[rosmaster.master][INFO] 2026-04-24 11:17:35,299: +PUB [/vis/agent_10/ego_behavior_vis] /onlane_ai_agent_10 http://ying-N8:45625/
[rosmaster.master][INFO] 2026-04-24 11:17:35,299: +SUB [/arena_info_static] /onlane_ai_agent_6 http://ying-N8:34421/
[rosmaster.master][INFO] 2026-04-24 11:17:35,300: +PUB [/phy_simulator_planning_node/vis/obstacle_set_vis] /phy_simulator_planning_node http://ying-N8:40003/
[rosmaster.master][INFO] 2026-04-24 11:17:35,300: +PUB [/vis/agent_7/speed_limit] /onlane_ai_agent_7 http://ying-N8:44313/
[rosmaster.master][INFO] 2026-04-24 11:17:35,301: +PUB [/vis/agent_9/ego_behavior_vis] /onlane_ai_agent_9 http://ying-N8:38403/
[rosmaster.master][INFO] 2026-04-24 11:17:35,301: +PUB [/vis/agent_8/ego_behavior_vis] /onlane_ai_agent_8 http://ying-N8:35479/
[rosmaster.master][INFO] 2026-04-24 11:17:35,303: +PUB [/vis/agent_10/pred_traj_openloop_vis] /onlane_ai_agent_10 http://ying-N8:45625/
[rosmaster.master][INFO] 2026-04-24 11:17:35,304: +PUB [/vis/agent_8/pred_traj_openloop_vis] /onlane_ai_agent_8 http://ying-N8:35479/
[rosmaster.master][INFO] 2026-04-24 11:17:35,305: +PUB [/vis/agent_9/pred_traj_openloop_vis] /onlane_ai_agent_9 http://ying-N8:38403/
[rosmaster.master][INFO] 2026-04-24 11:17:35,307: +PUB [/vis/agent_10/pred_initial_intention_vis] /onlane_ai_agent_10 http://ying-N8:45625/
[rosmaster.master][INFO] 2026-04-24 11:17:35,307: +SUB [/ctrl/agent_10] /phy_simulator_planning_node http://ying-N8:40003/
[rosmaster.master][INFO] 2026-04-24 11:17:35,308: +SUB [/arena_info_dynamic] /onlane_ai_agent_6 http://ying-N8:34421/
[rosmaster.master][INFO] 2026-04-24 11:17:35,308: +PUB [/vis/agent_8/pred_initial_intention_vis] /onlane_ai_agent_8 http://ying-N8:35479/
[rosmaster.master][INFO] 2026-04-24 11:17:35,309: +SUB [/arena_info_static] /onlane_ai_agent_7 http://ying-N8:44313/
[rosmaster.master][INFO] 2026-04-24 11:17:35,310: +PUB [/vis/agent_9/pred_initial_intention_vis] /onlane_ai_agent_9 http://ying-N8:38403/
[rosmaster.master][INFO] 2026-04-24 11:17:35,311: +PUB [/vis/agent_10/surrounding_vehicle_vis] /onlane_ai_agent_10 http://ying-N8:45625/
[rosmaster.master][INFO] 2026-04-24 11:17:35,314: +PUB [/vis/agent_8/surrounding_vehicle_vis] /onlane_ai_agent_8 http://ying-N8:35479/
[rosmaster.master][INFO] 2026-04-24 11:17:35,315: +PUB [/vis/agent_9/surrounding_vehicle_vis] /onlane_ai_agent_9 http://ying-N8:38403/
[rosmaster.master][INFO] 2026-04-24 11:17:35,315: +SUB [/ctrl/agent_9] /phy_simulator_planning_node http://ying-N8:40003/
[rosmaster.master][INFO] 2026-04-24 11:17:35,316: +PUB [/vis/agent_10/speed_limit] /onlane_ai_agent_10 http://ying-N8:45625/
[rosmaster.master][INFO] 2026-04-24 11:17:35,316: +SUB [/joy] /onlane_ai_agent_6 http://ying-N8:34421/
[rosmaster.master][INFO] 2026-04-24 11:17:35,320: +PUB [/vis/agent_8/speed_limit] /onlane_ai_agent_8 http://ying-N8:35479/
[rosmaster.master][INFO] 2026-04-24 11:17:35,320: +PUB [/vis/agent_9/speed_limit] /onlane_ai_agent_9 http://ying-N8:38403/
[rosmaster.master][INFO] 2026-04-24 11:17:35,321: +SUB [/arena_info_dynamic] /onlane_ai_agent_7 http://ying-N8:44313/
[rosmaster.master][INFO] 2026-04-24 11:17:35,322: +PUB [/vis/agent_6/forward_trajs] /onlane_ai_agent_6 http://ying-N8:34421/
[rosmaster.master][INFO] 2026-04-24 11:17:35,323: +SUB [/arena_info_static] /onlane_ai_agent_10 http://ying-N8:45625/
[rosmaster.master][INFO] 2026-04-24 11:17:35,324: +SUB [/ctrl/agent_8] /phy_simulator_planning_node http://ying-N8:40003/
[rosmaster.master][INFO] 2026-04-24 11:17:35,326: +SUB [/arena_info_static] /onlane_ai_agent_9 http://ying-N8:38403/
[rosmaster.master][INFO] 2026-04-24 11:17:35,329: +SUB [/arena_info_static] /onlane_ai_agent_8 http://ying-N8:35479/
[rosmaster.master][INFO] 2026-04-24 11:17:35,330: +SUB [/arena_info_dynamic] /onlane_ai_agent_10 http://ying-N8:45625/
[rosmaster.master][INFO] 2026-04-24 11:17:35,331: +SUB [/joy] /onlane_ai_agent_7 http://ying-N8:44313/
[rosmaster.master][INFO] 2026-04-24 11:17:35,333: +SUB [/ctrl/agent_7] /phy_simulator_planning_node http://ying-N8:40003/
[rosmaster.master][INFO] 2026-04-24 11:17:35,337: +PUB [/vis/agent_7/forward_trajs] /onlane_ai_agent_7 http://ying-N8:44313/
[rosmaster.master][INFO] 2026-04-24 11:17:35,338: +SUB [/arena_info_dynamic] /onlane_ai_agent_9 http://ying-N8:38403/
[rosmaster.master][INFO] 2026-04-24 11:17:35,338: +SUB [/arena_info_dynamic] /onlane_ai_agent_8 http://ying-N8:35479/
[rosmaster.master][INFO] 2026-04-24 11:17:35,340: +SUB [/joy] /onlane_ai_agent_10 http://ying-N8:45625/
[rosmaster.master][INFO] 2026-04-24 11:17:35,341: +SUB [/ctrl/agent_6] /phy_simulator_planning_node http://ying-N8:40003/
[rosmaster.master][INFO] 2026-04-24 11:17:35,342: +PUB [/vis/agent_10/forward_trajs] /onlane_ai_agent_10 http://ying-N8:45625/
[rosmaster.master][INFO] 2026-04-24 11:17:35,343: +SUB [/joy] /onlane_ai_agent_9 http://ying-N8:38403/
[rosmaster.master][INFO] 2026-04-24 11:17:35,344: +SUB [/joy] /onlane_ai_agent_8 http://ying-N8:35479/
[rosmaster.master][INFO] 2026-04-24 11:17:35,345: +PUB [/vis/agent_9/forward_trajs] /onlane_ai_agent_9 http://ying-N8:38403/
[rosmaster.master][INFO] 2026-04-24 11:17:35,347: +SUB [/ctrl/agent_5] /phy_simulator_planning_node http://ying-N8:40003/
[rosmaster.master][INFO] 2026-04-24 11:17:35,348: publisherUpdate[/arena_info_static] -> http://ying-N8:34357/ ['http://ying-N8:40003/']
[rosmaster.master][INFO] 2026-04-24 11:17:35,349: +PUB [/vis/agent_8/forward_trajs] /onlane_ai_agent_8 http://ying-N8:35479/
[rosmaster.master][INFO] 2026-04-24 11:17:35,349: publisherUpdate[/arena_info_static] -> http://ying-N8:40591/ ['http://ying-N8:40003/']
[rosmaster.master][INFO] 2026-04-24 11:17:35,351: publisherUpdate[/arena_info_static] -> http://ying-N8:34357/ ['http://ying-N8:40003/']: sec=0.00, result=[1, '', 0]
[rosmaster.master][INFO] 2026-04-24 11:17:35,351: publisherUpdate[/arena_info_static] -> http://ying-N8:42365/ ['http://ying-N8:40003/']
[rosmaster.master][INFO] 2026-04-24 11:17:35,352: +SUB [/ctrl/agent_4] /phy_simulator_planning_node http://ying-N8:40003/
[rosmaster.master][INFO] 2026-04-24 11:17:35,353: publisherUpdate[/arena_info_static] -> http://ying-N8:40591/ ['http://ying-N8:40003/']: sec=0.00, result=[1, '', 0]
[rosmaster.master][INFO] 2026-04-24 11:17:35,353: publisherUpdate[/arena_info_static] -> http://ying-N8:43575/ ['http://ying-N8:40003/']
[rosmaster.master][INFO] 2026-04-24 11:17:35,353: publisherUpdate[/arena_info_static] -> http://ying-N8:38561/ ['http://ying-N8:40003/']
[rosmaster.master][INFO] 2026-04-24 11:17:35,353: publisherUpdate[/arena_info_static] -> http://ying-N8:42365/ ['http://ying-N8:40003/']: sec=0.00, result=[1, '', 0]
[rosmaster.master][INFO] 2026-04-24 11:17:35,354: publisherUpdate[/arena_info_static] -> http://ying-N8:43031/ ['http://ying-N8:40003/']
[rosmaster.master][INFO] 2026-04-24 11:17:35,354: publisherUpdate[/arena_info_static] -> http://ying-N8:43575/ ['http://ying-N8:40003/']: sec=0.00, result=[1, '', 0]
[rosmaster.master][INFO] 2026-04-24 11:17:35,355: publisherUpdate[/arena_info_dynamic] -> http://ying-N8:34357/ ['http://ying-N8:40003/']
[rosmaster.master][INFO] 2026-04-24 11:17:35,356: publisherUpdate[/arena_info_static] -> http://ying-N8:43031/ ['http://ying-N8:40003/']: sec=0.00, result=[1, '', 0]
[rosmaster.master][INFO] 2026-04-24 11:17:35,356: publisherUpdate[/arena_info_dynamic] -> http://ying-N8:40591/ ['http://ying-N8:40003/']
[rosmaster.master][INFO] 2026-04-24 11:17:35,357: publisherUpdate[/arena_info_static] -> http://ying-N8:38561/ ['http://ying-N8:40003/']: sec=0.00, result=[1, '', 0]
[rosmaster.master][INFO] 2026-04-24 11:17:35,357: publisherUpdate[/arena_info_dynamic] -> http://ying-N8:42365/ ['http://ying-N8:40003/']
[rosmaster.master][INFO] 2026-04-24 11:17:35,357: publisherUpdate[/arena_info_dynamic] -> http://ying-N8:40591/ ['http://ying-N8:40003/']: sec=0.00, result=[1, '', 0]
[rosmaster.master][INFO] 2026-04-24 11:17:35,357: publisherUpdate[/arena_info_dynamic] -> http://ying-N8:42365/ ['http://ying-N8:40003/']: sec=0.00, result=[1, '', 0]
[rosmaster.master][INFO] 2026-04-24 11:17:35,358: publisherUpdate[/arena_info_dynamic] -> http://ying-N8:38561/ ['http://ying-N8:40003/']
[rosmaster.master][INFO] 2026-04-24 11:17:35,358: publisherUpdate[/arena_info_dynamic] -> http://ying-N8:43575/ ['http://ying-N8:40003/']
[rosmaster.master][INFO] 2026-04-24 11:17:35,358: publisherUpdate[/arena_info_dynamic] -> http://ying-N8:34357/ ['http://ying-N8:40003/']: sec=0.00, result=[1, '', 0]
[rosmaster.master][INFO] 2026-04-24 11:17:35,359: publisherUpdate[/arena_info_dynamic] -> http://ying-N8:38561/ ['http://ying-N8:40003/']: sec=0.00, result=[1, '', 0]
[rosmaster.master][INFO] 2026-04-24 11:17:35,359: +SUB [/ctrl/agent_3] /phy_simulator_planning_node http://ying-N8:40003/
[rosmaster.master][INFO] 2026-04-24 11:17:35,360: publisherUpdate[/arena_info_dynamic] -> http://ying-N8:43575/ ['http://ying-N8:40003/']: sec=0.00, result=[1, '', 0]
[rosmaster.master][INFO] 2026-04-24 11:17:35,361: +SUB [/ctrl/agent_2] /phy_simulator_planning_node http://ying-N8:40003/
[rosmaster.master][INFO] 2026-04-24 11:17:35,363: +SUB [/ctrl/agent_1] /phy_simulator_planning_node http://ying-N8:40003/
[rosmaster.master][INFO] 2026-04-24 11:17:35,365: +SUB [/ctrl/agent_0] /phy_simulator_planning_node http://ying-N8:40003/
[rosmaster.master][INFO] 2026-04-24 11:17:35,367: +SUB [/initialpose] /phy_simulator_planning_node http://ying-N8:40003/
[rosmaster.master][INFO] 2026-04-24 11:17:35,368: +SUB [/move_base_simple/goal] /phy_simulator_planning_node http://ying-N8:40003/
[rosmaster.master][INFO] 2026-04-24 11:17:42,727: +PUB [/rosout] /epsilon_metric_collector_149868_1777000662546 http://ying-N8:36321/
[rosmaster.master][INFO] 2026-04-24 11:17:42,733: +SERVICE [/epsilon_metric_collector_149868_1777000662546/get_loggers] /epsilon_metric_collector_149868_1777000662546 http://ying-N8:36321/
[rosmaster.master][INFO] 2026-04-24 11:17:42,735: +SERVICE [/epsilon_metric_collector_149868_1777000662546/set_logger_level] /epsilon_metric_collector_149868_1777000662546 http://ying-N8:36321/
[rosmaster.master][INFO] 2026-04-24 11:17:42,736: +SUB [/arena_info_dynamic] /epsilon_metric_collector_149868_1777000662546 http://ying-N8:36321/
[rosmaster.master][INFO] 2026-04-24 11:17:42,779: publisherUpdate[/rosout] -> http://ying-N8:34967/ ['http://ying-N8:38561/', 'http://ying-N8:34357/', 'http://ying-N8:40591/', 'http://ying-N8:43575/', 'http://ying-N8:42365/', 'http://ying-N8:43031/', 'http://ying-N8:44313/', 'http://ying-N8:34421/', 'http://ying-N8:35479/', 'http://ying-N8:38403/', 'http://ying-N8:45625/', 'http://ying-N8:40003/', 'http://ying-N8:36321/']
[rosmaster.master][INFO] 2026-04-24 11:17:42,781: publisherUpdate[/rosout] -> http://ying-N8:34967/ ['http://ying-N8:38561/', 'http://ying-N8:34357/', 'http://ying-N8:40591/', 'http://ying-N8:43575/', 'http://ying-N8:42365/', 'http://ying-N8:43031/', 'http://ying-N8:44313/', 'http://ying-N8:34421/', 'http://ying-N8:35479/', 'http://ying-N8:38403/', 'http://ying-N8:45625/', 'http://ying-N8:40003/', 'http://ying-N8:36321/']: sec=0.00, result=[1, '', 0]
[rosmaster.master][INFO] 2026-04-24 11:19:41,531: -SUB [/arena_info_dynamic] /epsilon_metric_collector_149868_1777000662546 http://ying-N8:36321/
[rosmaster.master][INFO] 2026-04-24 11:19:41,531: -PUB [/rosout] /epsilon_metric_collector_149868_1777000662546 http://ying-N8:36321/
[rosmaster.master][INFO] 2026-04-24 11:19:41,531: -SERVICE [/epsilon_metric_collector_149868_1777000662546/get_loggers] /epsilon_metric_collector_149868_1777000662546 rosrpc://ying-N8:44215
[rosmaster.master][INFO] 2026-04-24 11:19:41,531: -SERVICE [/epsilon_metric_collector_149868_1777000662546/set_logger_level] /epsilon_metric_collector_149868_1777000662546 rosrpc://ying-N8:44215
[rosmaster.master][INFO] 2026-04-24 11:19:41,620: publisherUpdate[/rosout] -> http://ying-N8:34967/ ['http://ying-N8:38561/', 'http://ying-N8:34357/', 'http://ying-N8:40591/', 'http://ying-N8:43575/', 'http://ying-N8:42365/', 'http://ying-N8:43031/', 'http://ying-N8:44313/', 'http://ying-N8:34421/', 'http://ying-N8:35479/', 'http://ying-N8:38403/', 'http://ying-N8:45625/', 'http://ying-N8:40003/']
[rosmaster.master][INFO] 2026-04-24 11:19:41,621: publisherUpdate[/rosout] -> http://ying-N8:34967/ ['http://ying-N8:38561/', 'http://ying-N8:34357/', 'http://ying-N8:40591/', 'http://ying-N8:43575/', 'http://ying-N8:42365/', 'http://ying-N8:43031/', 'http://ying-N8:44313/', 'http://ying-N8:34421/', 'http://ying-N8:35479/', 'http://ying-N8:38403/', 'http://ying-N8:45625/', 'http://ying-N8:40003/']: sec=0.00, result=[1, '', 0]
[rosmaster.master][INFO] 2026-04-24 11:19:44,063: +PUB [/rosout] /rostopic_149958_1777000783871 http://ying-N8:36107/
[rosmaster.master][INFO] 2026-04-24 11:19:44,066: +SERVICE [/rostopic_149958_1777000783871/get_loggers] /rostopic_149958_1777000783871 http://ying-N8:36107/
[rosmaster.master][INFO] 2026-04-24 11:19:44,067: +SERVICE [/rostopic_149958_1777000783871/set_logger_level] /rostopic_149958_1777000783871 http://ying-N8:36107/
[rosmaster.master][INFO] 2026-04-24 11:19:44,123: publisherUpdate[/rosout] -> http://ying-N8:34967/ ['http://ying-N8:38561/', 'http://ying-N8:34357/', 'http://ying-N8:40591/', 'http://ying-N8:43575/', 'http://ying-N8:42365/', 'http://ying-N8:43031/', 'http://ying-N8:44313/', 'http://ying-N8:34421/', 'http://ying-N8:35479/', 'http://ying-N8:38403/', 'http://ying-N8:45625/', 'http://ying-N8:40003/', 'http://ying-N8:36107/']
[rosmaster.master][INFO] 2026-04-24 11:19:44,125: publisherUpdate[/rosout] -> http://ying-N8:34967/ ['http://ying-N8:38561/', 'http://ying-N8:34357/', 'http://ying-N8:40591/', 'http://ying-N8:43575/', 'http://ying-N8:42365/', 'http://ying-N8:43031/', 'http://ying-N8:44313/', 'http://ying-N8:34421/', 'http://ying-N8:35479/', 'http://ying-N8:38403/', 'http://ying-N8:45625/', 'http://ying-N8:40003/', 'http://ying-N8:36107/']: sec=0.00, result=[1, '', 0]
[rosmaster.master][INFO] 2026-04-24 11:19:44,161: +SUB [/arena_info_dynamic] /rostopic_149958_1777000783871 http://ying-N8:36107/
[rosmaster.master][INFO] 2026-04-24 11:19:57,306: -SUB [/arena_info_dynamic] /rostopic_149958_1777000783871 http://ying-N8:36107/
[rosmaster.master][INFO] 2026-04-24 11:19:57,307: -PUB [/rosout] /rostopic_149958_1777000783871 http://ying-N8:36107/
[rosmaster.master][INFO] 2026-04-24 11:19:57,307: -SERVICE [/rostopic_149958_1777000783871/get_loggers] /rostopic_149958_1777000783871 rosrpc://ying-N8:35715
[rosmaster.master][INFO] 2026-04-24 11:19:57,307: -SERVICE [/rostopic_149958_1777000783871/set_logger_level] /rostopic_149958_1777000783871 rosrpc://ying-N8:35715
[rosmaster.master][INFO] 2026-04-24 11:19:57,355: publisherUpdate[/rosout] -> http://ying-N8:34967/ ['http://ying-N8:38561/', 'http://ying-N8:34357/', 'http://ying-N8:40591/', 'http://ying-N8:43575/', 'http://ying-N8:42365/', 'http://ying-N8:43031/', 'http://ying-N8:44313/', 'http://ying-N8:34421/', 'http://ying-N8:35479/', 'http://ying-N8:38403/', 'http://ying-N8:45625/', 'http://ying-N8:40003/']
[rosmaster.master][INFO] 2026-04-24 11:19:57,357: publisherUpdate[/rosout] -> http://ying-N8:34967/ ['http://ying-N8:38561/', 'http://ying-N8:34357/', 'http://ying-N8:40591/', 'http://ying-N8:43575/', 'http://ying-N8:42365/', 'http://ying-N8:43031/', 'http://ying-N8:44313/', 'http://ying-N8:34421/', 'http://ying-N8:35479/', 'http://ying-N8:38403/', 'http://ying-N8:45625/', 'http://ying-N8:40003/']: sec=0.00, result=[1, '', 0]
[rosmaster.master][INFO] 2026-04-24 11:19:58,517: -PUB [/rosout] /onlane_ai_agent_5 http://ying-N8:43031/
[rosmaster.master][INFO] 2026-04-24 11:19:58,517: -PUB [/ctrl/agent_5] /onlane_ai_agent_5 http://ying-N8:43031/
[rosmaster.master][INFO] 2026-04-24 11:19:58,518: -PUB [/tf] /onlane_ai_agent_5 http://ying-N8:43031/
[rosmaster.master][INFO] 2026-04-24 11:19:58,518: -PUB [/vis/agent_5/ego_vehicle_vis] /onlane_ai_agent_5 http://ying-N8:43031/
[rosmaster.master][INFO] 2026-04-24 11:19:58,519: -PUB [/vis/agent_5/obstacle_map] /onlane_ai_agent_5 http://ying-N8:43031/
[rosmaster.master][INFO] 2026-04-24 11:19:58,519: -PUB [/vis/agent_5/surrounding_lane_net_vis] /onlane_ai_agent_5 http://ying-N8:43031/
[rosmaster.master][INFO] 2026-04-24 11:19:58,520: -PUB [/vis/agent_5/local_lanes_vis] /onlane_ai_agent_5 http://ying-N8:43031/
[rosmaster.master][INFO] 2026-04-24 11:19:58,521: -PUB [/vis/agent_5/ego_behavior_vis] /onlane_ai_agent_5 http://ying-N8:43031/
[rosmaster.master][INFO] 2026-04-24 11:19:58,522: -PUB [/rosout] /onlane_ai_agent_6 http://ying-N8:34421/
[rosmaster.master][INFO] 2026-04-24 11:19:58,523: -PUB [/vis/agent_5/pred_traj_openloop_vis] /onlane_ai_agent_5 http://ying-N8:43031/
[rosmaster.master][INFO] 2026-04-24 11:19:58,523: -PUB [/ctrl/agent_6] /onlane_ai_agent_6 http://ying-N8:34421/
[rosmaster.master][INFO] 2026-04-24 11:19:58,524: -PUB [/vis/agent_5/pred_initial_intention_vis] /onlane_ai_agent_5 http://ying-N8:43031/
[rosmaster.master][INFO] 2026-04-24 11:19:58,524: -PUB [/tf] /onlane_ai_agent_6 http://ying-N8:34421/
[rosmaster.master][INFO] 2026-04-24 11:19:58,525: -PUB [/vis/agent_5/surrounding_vehicle_vis] /onlane_ai_agent_5 http://ying-N8:43031/
[rosmaster.master][INFO] 2026-04-24 11:19:58,526: -PUB [/vis/agent_6/ego_vehicle_vis] /onlane_ai_agent_6 http://ying-N8:34421/
[rosmaster.master][INFO] 2026-04-24 11:19:58,526: -PUB [/vis/agent_6/obstacle_map] /onlane_ai_agent_6 http://ying-N8:34421/
[rosmaster.master][INFO] 2026-04-24 11:19:58,527: -PUB [/vis/agent_5/speed_limit] /onlane_ai_agent_5 http://ying-N8:43031/
[rosmaster.master][INFO] 2026-04-24 11:19:58,527: -PUB [/vis/agent_6/surrounding_lane_net_vis] /onlane_ai_agent_6 http://ying-N8:34421/
[rosmaster.master][INFO] 2026-04-24 11:19:58,528: -PUB [/vis/agent_5/forward_trajs] /onlane_ai_agent_5 http://ying-N8:43031/
[rosmaster.master][INFO] 2026-04-24 11:19:58,528: -PUB [/vis/agent_6/local_lanes_vis] /onlane_ai_agent_6 http://ying-N8:34421/
[rosmaster.master][INFO] 2026-04-24 11:19:58,529: -PUB [/vis/agent_6/ego_behavior_vis] /onlane_ai_agent_6 http://ying-N8:34421/
[rosmaster.master][INFO] 2026-04-24 11:19:58,529: -SUB [/arena_info_static] /onlane_ai_agent_5 http://ying-N8:43031/
[rosmaster.master][INFO] 2026-04-24 11:19:58,530: -PUB [/vis/agent_6/pred_traj_openloop_vis] /onlane_ai_agent_6 http://ying-N8:34421/
[rosmaster.master][INFO] 2026-04-24 11:19:58,530: -SUB [/arena_info_dynamic] /onlane_ai_agent_5 http://ying-N8:43031/
[rosmaster.master][INFO] 2026-04-24 11:19:58,531: -SUB [/joy] /onlane_ai_agent_5 http://ying-N8:43031/
[rosmaster.master][INFO] 2026-04-24 11:19:58,531: -PUB [/vis/agent_6/pred_initial_intention_vis] /onlane_ai_agent_6 http://ying-N8:34421/
[rosmaster.master][INFO] 2026-04-24 11:19:58,532: -SERVICE [/onlane_ai_agent_5/get_loggers] /onlane_ai_agent_5 rosrpc://ying-N8:51511
[rosmaster.master][INFO] 2026-04-24 11:19:58,532: -PUB [/vis/agent_6/surrounding_vehicle_vis] /onlane_ai_agent_6 http://ying-N8:34421/
[rosmaster.master][INFO] 2026-04-24 11:19:58,533: -SERVICE [/onlane_ai_agent_5/set_logger_level] /onlane_ai_agent_5 rosrpc://ying-N8:51511
[rosmaster.master][INFO] 2026-04-24 11:19:58,533: -PUB [/vis/agent_6/speed_limit] /onlane_ai_agent_6 http://ying-N8:34421/
[rosmaster.master][INFO] 2026-04-24 11:19:58,534: -PUB [/vis/agent_6/forward_trajs] /onlane_ai_agent_6 http://ying-N8:34421/
[rosmaster.master][INFO] 2026-04-24 11:19:58,535: -SUB [/arena_info_static] /onlane_ai_agent_6 http://ying-N8:34421/
[rosmaster.master][INFO] 2026-04-24 11:19:58,536: -SUB [/arena_info_dynamic] /onlane_ai_agent_6 http://ying-N8:34421/
[rosmaster.master][INFO] 2026-04-24 11:19:58,536: -SUB [/joy] /onlane_ai_agent_6 http://ying-N8:34421/
[rosmaster.master][INFO] 2026-04-24 11:19:58,537: -SERVICE [/onlane_ai_agent_6/get_loggers] /onlane_ai_agent_6 rosrpc://ying-N8:48459
[rosmaster.master][INFO] 2026-04-24 11:19:58,538: -SERVICE [/onlane_ai_agent_6/set_logger_level] /onlane_ai_agent_6 rosrpc://ying-N8:48459
[rosmaster.master][INFO] 2026-04-24 11:19:58,538: -PUB [/rosout] /onlane_ai_agent_8 http://ying-N8:35479/
[rosmaster.master][INFO] 2026-04-24 11:19:58,539: -PUB [/ctrl/agent_8] /onlane_ai_agent_8 http://ying-N8:35479/
[rosmaster.master][INFO] 2026-04-24 11:19:58,539: -PUB [/tf] /onlane_ai_agent_8 http://ying-N8:35479/
[rosmaster.master][INFO] 2026-04-24 11:19:58,540: -PUB [/vis/agent_8/ego_vehicle_vis] /onlane_ai_agent_8 http://ying-N8:35479/
[rosmaster.master][INFO] 2026-04-24 11:19:58,540: -PUB [/vis/agent_8/obstacle_map] /onlane_ai_agent_8 http://ying-N8:35479/
[rosmaster.master][INFO] 2026-04-24 11:19:58,540: -PUB [/vis/agent_8/surrounding_lane_net_vis] /onlane_ai_agent_8 http://ying-N8:35479/
[rosmaster.master][INFO] 2026-04-24 11:19:58,541: -PUB [/vis/agent_8/local_lanes_vis] /onlane_ai_agent_8 http://ying-N8:35479/
[rosmaster.master][INFO] 2026-04-24 11:19:58,541: -PUB [/vis/agent_8/ego_behavior_vis] /onlane_ai_agent_8 http://ying-N8:35479/
[rosmaster.master][INFO] 2026-04-24 11:19:58,541: -PUB [/vis/agent_8/pred_traj_openloop_vis] /onlane_ai_agent_8 http://ying-N8:35479/
[rosmaster.master][INFO] 2026-04-24 11:19:58,542: -PUB [/vis/agent_8/pred_initial_intention_vis] /onlane_ai_agent_8 http://ying-N8:35479/
[rosmaster.master][INFO] 2026-04-24 11:19:58,542: -PUB [/vis/agent_8/surrounding_vehicle_vis] /onlane_ai_agent_8 http://ying-N8:35479/
[rosmaster.master][INFO] 2026-04-24 11:19:58,543: -PUB [/vis/agent_8/speed_limit] /onlane_ai_agent_8 http://ying-N8:35479/
[rosmaster.master][INFO] 2026-04-24 11:19:58,543: -PUB [/vis/agent_8/forward_trajs] /onlane_ai_agent_8 http://ying-N8:35479/
[rosmaster.master][INFO] 2026-04-24 11:19:58,543: -SUB [/arena_info_static] /onlane_ai_agent_8 http://ying-N8:35479/
[rosmaster.master][INFO] 2026-04-24 11:19:58,544: -SUB [/arena_info_dynamic] /onlane_ai_agent_8 http://ying-N8:35479/
[rosmaster.master][INFO] 2026-04-24 11:19:58,544: -SUB [/joy] /onlane_ai_agent_8 http://ying-N8:35479/
[rosmaster.master][INFO] 2026-04-24 11:19:58,544: -SERVICE [/onlane_ai_agent_8/get_loggers] /onlane_ai_agent_8 rosrpc://ying-N8:33261
[rosmaster.master][INFO] 2026-04-24 11:19:58,545: -SERVICE [/onlane_ai_agent_8/set_logger_level] /onlane_ai_agent_8 rosrpc://ying-N8:33261
[rosmaster.master][INFO] 2026-04-24 11:19:58,546: -PUB [/rosout] /onlane_ai_agent_7 http://ying-N8:44313/
[rosmaster.master][INFO] 2026-04-24 11:19:58,546: -PUB [/ctrl/agent_7] /onlane_ai_agent_7 http://ying-N8:44313/
[rosmaster.master][INFO] 2026-04-24 11:19:58,547: -PUB [/tf] /onlane_ai_agent_7 http://ying-N8:44313/
[rosmaster.master][INFO] 2026-04-24 11:19:58,547: -PUB [/vis/agent_7/ego_vehicle_vis] /onlane_ai_agent_7 http://ying-N8:44313/
[rosmaster.master][INFO] 2026-04-24 11:19:58,547: -PUB [/vis/agent_7/obstacle_map] /onlane_ai_agent_7 http://ying-N8:44313/
[rosmaster.master][INFO] 2026-04-24 11:19:58,548: -PUB [/vis/agent_7/surrounding_lane_net_vis] /onlane_ai_agent_7 http://ying-N8:44313/
[rosmaster.master][INFO] 2026-04-24 11:19:58,548: -PUB [/vis/agent_7/local_lanes_vis] /onlane_ai_agent_7 http://ying-N8:44313/
[rosmaster.master][INFO] 2026-04-24 11:19:58,549: -PUB [/vis/agent_7/ego_behavior_vis] /onlane_ai_agent_7 http://ying-N8:44313/
[rosmaster.master][INFO] 2026-04-24 11:19:58,549: -PUB [/vis/agent_7/pred_traj_openloop_vis] /onlane_ai_agent_7 http://ying-N8:44313/
[rosmaster.master][INFO] 2026-04-24 11:19:58,549: -PUB [/vis/agent_7/pred_initial_intention_vis] /onlane_ai_agent_7 http://ying-N8:44313/
[rosmaster.master][INFO] 2026-04-24 11:19:58,550: -PUB [/vis/agent_7/surrounding_vehicle_vis] /onlane_ai_agent_7 http://ying-N8:44313/
[rosmaster.master][INFO] 2026-04-24 11:19:58,550: -PUB [/vis/agent_7/speed_limit] /onlane_ai_agent_7 http://ying-N8:44313/
[rosmaster.master][INFO] 2026-04-24 11:19:58,550: -PUB [/vis/agent_7/forward_trajs] /onlane_ai_agent_7 http://ying-N8:44313/
[rosmaster.master][INFO] 2026-04-24 11:19:58,551: -SUB [/arena_info_static] /onlane_ai_agent_7 http://ying-N8:44313/
[rosmaster.master][INFO] 2026-04-24 11:19:58,551: -SUB [/arena_info_dynamic] /onlane_ai_agent_7 http://ying-N8:44313/
[rosmaster.master][INFO] 2026-04-24 11:19:58,551: -SUB [/joy] /onlane_ai_agent_7 http://ying-N8:44313/
[rosmaster.master][INFO] 2026-04-24 11:19:58,552: -SERVICE [/onlane_ai_agent_7/get_loggers] /onlane_ai_agent_7 rosrpc://ying-N8:41007
[rosmaster.master][INFO] 2026-04-24 11:19:58,552: -SERVICE [/onlane_ai_agent_7/set_logger_level] /onlane_ai_agent_7 rosrpc://ying-N8:41007
[rosmaster.master][INFO] 2026-04-24 11:19:58,558: publisherUpdate[/rosout] -> http://ying-N8:34967/ ['http://ying-N8:38561/', 'http://ying-N8:34357/', 'http://ying-N8:40591/', 'http://ying-N8:43575/', 'http://ying-N8:42365/', 'http://ying-N8:44313/', 'http://ying-N8:34421/', 'http://ying-N8:35479/', 'http://ying-N8:38403/', 'http://ying-N8:45625/', 'http://ying-N8:40003/']
[rosmaster.master][INFO] 2026-04-24 11:19:58,559: publisherUpdate[/rosout] -> http://ying-N8:34967/ ['http://ying-N8:38561/', 'http://ying-N8:34357/', 'http://ying-N8:40591/', 'http://ying-N8:43575/', 'http://ying-N8:42365/', 'http://ying-N8:44313/', 'http://ying-N8:34421/', 'http://ying-N8:35479/', 'http://ying-N8:38403/', 'http://ying-N8:45625/', 'http://ying-N8:40003/']: sec=0.00, result=[1, '', 0]
[rosmaster.master][INFO] 2026-04-24 11:19:58,559: publisherUpdate[/ctrl/agent_5] -> http://ying-N8:40003/ []
[rosmaster.master][INFO] 2026-04-24 11:19:58,559: publisherUpdate[/ctrl/agent_5] -> http://ying-N8:40003/ []: sec=0.00, result=[0, 'Unknown Error', 0]
[rosmaster.master][INFO] 2026-04-24 11:19:58,559: publisherUpdate[/rosout] -> http://ying-N8:34967/ ['http://ying-N8:38561/', 'http://ying-N8:34357/', 'http://ying-N8:40591/', 'http://ying-N8:43575/', 'http://ying-N8:42365/', 'http://ying-N8:44313/', 'http://ying-N8:35479/', 'http://ying-N8:38403/', 'http://ying-N8:45625/', 'http://ying-N8:40003/']
[rosmaster.master][INFO] 2026-04-24 11:19:58,560: publisherUpdate[/ctrl/agent_6] -> http://ying-N8:40003/ []
[rosmaster.master][INFO] 2026-04-24 11:19:58,560: publisherUpdate[/rosout] -> http://ying-N8:34967/ ['http://ying-N8:38561/', 'http://ying-N8:34357/', 'http://ying-N8:40591/', 'http://ying-N8:43575/', 'http://ying-N8:42365/', 'http://ying-N8:44313/', 'http://ying-N8:35479/', 'http://ying-N8:38403/', 'http://ying-N8:45625/', 'http://ying-N8:40003/']: sec=0.00, result=[1, '', 0]
[rosmaster.master][INFO] 2026-04-24 11:19:58,560: publisherUpdate[/rosout] -> http://ying-N8:34967/ ['http://ying-N8:38561/', 'http://ying-N8:34357/', 'http://ying-N8:40591/', 'http://ying-N8:43575/', 'http://ying-N8:42365/', 'http://ying-N8:44313/', 'http://ying-N8:38403/', 'http://ying-N8:45625/', 'http://ying-N8:40003/']
[rosmaster.master][INFO] 2026-04-24 11:19:58,561: publisherUpdate[/ctrl/agent_6] -> http://ying-N8:40003/ []: sec=0.00, result=[0, 'Unknown Error', 0]
[rosmaster.master][INFO] 2026-04-24 11:19:58,561: publisherUpdate[/rosout] -> http://ying-N8:34967/ ['http://ying-N8:38561/', 'http://ying-N8:34357/', 'http://ying-N8:40591/', 'http://ying-N8:43575/', 'http://ying-N8:42365/', 'http://ying-N8:44313/', 'http://ying-N8:38403/', 'http://ying-N8:45625/', 'http://ying-N8:40003/']: sec=0.00, result=[1, '', 0]
[rosmaster.master][INFO] 2026-04-24 11:19:58,561: publisherUpdate[/ctrl/agent_8] -> http://ying-N8:40003/ []
[rosmaster.master][INFO] 2026-04-24 11:19:58,561: publisherUpdate[/rosout] -> http://ying-N8:34967/ ['http://ying-N8:38561/', 'http://ying-N8:34357/', 'http://ying-N8:40591/', 'http://ying-N8:43575/', 'http://ying-N8:42365/', 'http://ying-N8:38403/', 'http://ying-N8:45625/', 'http://ying-N8:40003/']
[rosmaster.master][INFO] 2026-04-24 11:19:58,562: publisherUpdate[/ctrl/agent_8] -> http://ying-N8:40003/ []: sec=0.00, result=[0, 'Unknown Error', 0]
[rosmaster.master][INFO] 2026-04-24 11:19:58,562: publisherUpdate[/ctrl/agent_7] -> http://ying-N8:40003/ []
[rosmaster.master][INFO] 2026-04-24 11:19:58,562: publisherUpdate[/ctrl/agent_7] -> http://ying-N8:40003/ []: sec=0.00, result=[0, 'Unknown Error', 0]
[rosmaster.master][INFO] 2026-04-24 11:19:58,563: publisherUpdate[/rosout] -> http://ying-N8:34967/ ['http://ying-N8:38561/', 'http://ying-N8:34357/', 'http://ying-N8:40591/', 'http://ying-N8:43575/', 'http://ying-N8:42365/', 'http://ying-N8:38403/', 'http://ying-N8:45625/', 'http://ying-N8:40003/']: sec=0.00, result=[1, '', 0]
[rosmaster.master][INFO] 2026-04-24 11:19:58,570: -PUB [/rosout] /onlane_ai_agent_9 http://ying-N8:38403/
[rosmaster.master][INFO] 2026-04-24 11:19:58,570: -PUB [/rosout] /onlane_ai_agent_3 http://ying-N8:43575/
[rosmaster.master][INFO] 2026-04-24 11:19:58,571: -PUB [/ctrl/agent_9] /onlane_ai_agent_9 http://ying-N8:38403/
[rosmaster.master][INFO] 2026-04-24 11:19:58,571: -PUB [/ctrl/agent_3] /onlane_ai_agent_3 http://ying-N8:43575/
[rosmaster.master][INFO] 2026-04-24 11:19:58,572: -PUB [/tf] /onlane_ai_agent_9 http://ying-N8:38403/
[rosmaster.master][INFO] 2026-04-24 11:19:58,572: -PUB [/tf] /onlane_ai_agent_3 http://ying-N8:43575/
[rosmaster.master][INFO] 2026-04-24 11:19:58,572: -PUB [/vis/agent_9/ego_vehicle_vis] /onlane_ai_agent_9 http://ying-N8:38403/
[rosmaster.master][INFO] 2026-04-24 11:19:58,573: -PUB [/vis/agent_3/ego_vehicle_vis] /onlane_ai_agent_3 http://ying-N8:43575/
[rosmaster.master][INFO] 2026-04-24 11:19:58,573: -PUB [/vis/agent_9/obstacle_map] /onlane_ai_agent_9 http://ying-N8:38403/
[rosmaster.master][INFO] 2026-04-24 11:19:58,573: -PUB [/vis/agent_3/obstacle_map] /onlane_ai_agent_3 http://ying-N8:43575/
[rosmaster.master][INFO] 2026-04-24 11:19:58,574: -PUB [/vis/agent_9/surrounding_lane_net_vis] /onlane_ai_agent_9 http://ying-N8:38403/
[rosmaster.master][INFO] 2026-04-24 11:19:58,574: -PUB [/vis/agent_3/surrounding_lane_net_vis] /onlane_ai_agent_3 http://ying-N8:43575/
[rosmaster.master][INFO] 2026-04-24 11:19:58,575: -PUB [/vis/agent_9/local_lanes_vis] /onlane_ai_agent_9 http://ying-N8:38403/
[rosmaster.master][INFO] 2026-04-24 11:19:58,575: -PUB [/vis/agent_3/local_lanes_vis] /onlane_ai_agent_3 http://ying-N8:43575/
[rosmaster.master][INFO] 2026-04-24 11:19:58,575: -PUB [/vis/agent_9/ego_behavior_vis] /onlane_ai_agent_9 http://ying-N8:38403/
[rosmaster.master][INFO] 2026-04-24 11:19:58,576: -PUB [/vis/agent_3/ego_behavior_vis] /onlane_ai_agent_3 http://ying-N8:43575/
[rosmaster.master][INFO] 2026-04-24 11:19:58,576: -PUB [/rosout] /onlane_ai_agent_2 http://ying-N8:40591/
[rosmaster.master][INFO] 2026-04-24 11:19:58,577: -PUB [/vis/agent_3/pred_traj_openloop_vis] /onlane_ai_agent_3 http://ying-N8:43575/
[rosmaster.master][INFO] 2026-04-24 11:19:58,577: -PUB [/vis/agent_9/pred_traj_openloop_vis] /onlane_ai_agent_9 http://ying-N8:38403/
[rosmaster.master][INFO] 2026-04-24 11:19:58,578: -PUB [/ctrl/agent_2] /onlane_ai_agent_2 http://ying-N8:40591/
[rosmaster.master][INFO] 2026-04-24 11:19:58,578: -PUB [/vis/agent_3/pred_initial_intention_vis] /onlane_ai_agent_3 http://ying-N8:43575/
[rosmaster.master][INFO] 2026-04-24 11:19:58,579: -PUB [/vis/agent_9/pred_initial_intention_vis] /onlane_ai_agent_9 http://ying-N8:38403/
[rosmaster.master][INFO] 2026-04-24 11:19:58,579: -PUB [/tf] /onlane_ai_agent_2 http://ying-N8:40591/
[rosmaster.master][INFO] 2026-04-24 11:19:58,579: -PUB [/vis/agent_3/surrounding_vehicle_vis] /onlane_ai_agent_3 http://ying-N8:43575/
[rosmaster.master][INFO] 2026-04-24 11:19:58,580: -PUB [/vis/agent_9/surrounding_vehicle_vis] /onlane_ai_agent_9 http://ying-N8:38403/
[rosmaster.master][INFO] 2026-04-24 11:19:58,580: -PUB [/vis/agent_2/ego_vehicle_vis] /onlane_ai_agent_2 http://ying-N8:40591/
[rosmaster.master][INFO] 2026-04-24 11:19:58,581: -PUB [/vis/agent_3/speed_limit] /onlane_ai_agent_3 http://ying-N8:43575/
[rosmaster.master][INFO] 2026-04-24 11:19:58,581: -PUB [/vis/agent_9/speed_limit] /onlane_ai_agent_9 http://ying-N8:38403/
[rosmaster.master][INFO] 2026-04-24 11:19:58,582: -PUB [/vis/agent_2/obstacle_map] /onlane_ai_agent_2 http://ying-N8:40591/
[rosmaster.master][INFO] 2026-04-24 11:19:58,583: -PUB [/vis/agent_3/forward_trajs] /onlane_ai_agent_3 http://ying-N8:43575/
[rosmaster.master][INFO] 2026-04-24 11:19:58,583: -PUB [/vis/agent_9/forward_trajs] /onlane_ai_agent_9 http://ying-N8:38403/
[rosmaster.master][INFO] 2026-04-24 11:19:58,584: -PUB [/vis/agent_2/surrounding_lane_net_vis] /onlane_ai_agent_2 http://ying-N8:40591/
[rosmaster.master][INFO] 2026-04-24 11:19:58,584: -SUB [/arena_info_static] /onlane_ai_agent_3 http://ying-N8:43575/
[rosmaster.master][INFO] 2026-04-24 11:19:58,585: -SUB [/arena_info_static] /onlane_ai_agent_9 http://ying-N8:38403/
[rosmaster.master][INFO] 2026-04-24 11:19:58,586: -PUB [/vis/agent_2/local_lanes_vis] /onlane_ai_agent_2 http://ying-N8:40591/
[rosmaster.master][INFO] 2026-04-24 11:19:58,587: -SUB [/arena_info_dynamic] /onlane_ai_agent_3 http://ying-N8:43575/
[rosmaster.master][INFO] 2026-04-24 11:19:58,588: -PUB [/vis/agent_2/ego_behavior_vis] /onlane_ai_agent_2 http://ying-N8:40591/
[rosmaster.master][INFO] 2026-04-24 11:19:58,589: -SUB [/arena_info_dynamic] /onlane_ai_agent_9 http://ying-N8:38403/
[rosmaster.master][INFO] 2026-04-24 11:19:58,590: -SUB [/joy] /onlane_ai_agent_3 http://ying-N8:43575/
[rosmaster.master][INFO] 2026-04-24 11:19:58,590: -PUB [/vis/agent_2/pred_traj_openloop_vis] /onlane_ai_agent_2 http://ying-N8:40591/
[rosmaster.master][INFO] 2026-04-24 11:19:58,590: -SUB [/joy] /onlane_ai_agent_9 http://ying-N8:38403/
[rosmaster.master][INFO] 2026-04-24 11:19:58,591: -SERVICE [/onlane_ai_agent_3/get_loggers] /onlane_ai_agent_3 rosrpc://ying-N8:59091
[rosmaster.master][INFO] 2026-04-24 11:19:58,591: -PUB [/vis/agent_2/pred_initial_intention_vis] /onlane_ai_agent_2 http://ying-N8:40591/
[rosmaster.master][INFO] 2026-04-24 11:19:58,591: -SERVICE [/onlane_ai_agent_9/get_loggers] /onlane_ai_agent_9 rosrpc://ying-N8:41673
[rosmaster.master][INFO] 2026-04-24 11:19:58,592: -PUB [/vis/agent_2/surrounding_vehicle_vis] /onlane_ai_agent_2 http://ying-N8:40591/
[rosmaster.master][INFO] 2026-04-24 11:19:58,592: -SERVICE [/onlane_ai_agent_3/set_logger_level] /onlane_ai_agent_3 rosrpc://ying-N8:59091
[rosmaster.master][INFO] 2026-04-24 11:19:58,593: -SERVICE [/onlane_ai_agent_9/set_logger_level] /onlane_ai_agent_9 rosrpc://ying-N8:41673
[rosmaster.master][INFO] 2026-04-24 11:19:58,593: -PUB [/vis/agent_2/speed_limit] /onlane_ai_agent_2 http://ying-N8:40591/
[rosmaster.master][INFO] 2026-04-24 11:19:58,593: -PUB [/vis/agent_2/forward_trajs] /onlane_ai_agent_2 http://ying-N8:40591/
[rosmaster.master][INFO] 2026-04-24 11:19:58,594: -PUB [/rosout] /onlane_ai_agent_10 http://ying-N8:45625/
[rosmaster.master][INFO] 2026-04-24 11:19:58,594: -SUB [/arena_info_static] /onlane_ai_agent_2 http://ying-N8:40591/
[rosmaster.master][INFO] 2026-04-24 11:19:58,595: -PUB [/ctrl/agent_10] /onlane_ai_agent_10 http://ying-N8:45625/
[rosmaster.master][INFO] 2026-04-24 11:19:58,595: -SUB [/arena_info_dynamic] /onlane_ai_agent_2 http://ying-N8:40591/
[rosmaster.master][INFO] 2026-04-24 11:19:58,595: -PUB [/tf] /onlane_ai_agent_10 http://ying-N8:45625/
[rosmaster.master][INFO] 2026-04-24 11:19:58,596: -SUB [/joy] /onlane_ai_agent_2 http://ying-N8:40591/
[rosmaster.master][INFO] 2026-04-24 11:19:58,596: -PUB [/vis/agent_10/ego_vehicle_vis] /onlane_ai_agent_10 http://ying-N8:45625/
[rosmaster.master][INFO] 2026-04-24 11:19:58,596: -SERVICE [/onlane_ai_agent_2/get_loggers] /onlane_ai_agent_2 rosrpc://ying-N8:43837
[rosmaster.master][INFO] 2026-04-24 11:19:58,597: -PUB [/vis/agent_10/obstacle_map] /onlane_ai_agent_10 http://ying-N8:45625/
[rosmaster.master][INFO] 2026-04-24 11:19:58,597: -SERVICE [/onlane_ai_agent_2/set_logger_level] /onlane_ai_agent_2 rosrpc://ying-N8:43837
[rosmaster.master][INFO] 2026-04-24 11:19:58,597: -PUB [/vis/agent_10/surrounding_lane_net_vis] /onlane_ai_agent_10 http://ying-N8:45625/
[rosmaster.master][INFO] 2026-04-24 11:19:58,598: -PUB [/vis/agent_10/local_lanes_vis] /onlane_ai_agent_10 http://ying-N8:45625/
[rosmaster.master][INFO] 2026-04-24 11:19:58,598: -PUB [/vis/agent_10/ego_behavior_vis] /onlane_ai_agent_10 http://ying-N8:45625/
[rosmaster.master][INFO] 2026-04-24 11:19:58,599: -PUB [/vis/agent_10/pred_traj_openloop_vis] /onlane_ai_agent_10 http://ying-N8:45625/
[rosmaster.master][INFO] 2026-04-24 11:19:58,599: -PUB [/vis/agent_10/pred_initial_intention_vis] /onlane_ai_agent_10 http://ying-N8:45625/
[rosmaster.master][INFO] 2026-04-24 11:19:58,600: -PUB [/rosout] /onlane_ai_agent_4 http://ying-N8:42365/
[rosmaster.master][INFO] 2026-04-24 11:19:58,600: -PUB [/vis/agent_10/surrounding_vehicle_vis] /onlane_ai_agent_10 http://ying-N8:45625/
[rosmaster.master][INFO] 2026-04-24 11:19:58,601: -PUB [/ctrl/agent_4] /onlane_ai_agent_4 http://ying-N8:42365/
[rosmaster.master][INFO] 2026-04-24 11:19:58,601: -PUB [/vis/agent_10/speed_limit] /onlane_ai_agent_10 http://ying-N8:45625/
[rosmaster.master][INFO] 2026-04-24 11:19:58,602: -PUB [/tf] /onlane_ai_agent_4 http://ying-N8:42365/
[rosmaster.master][INFO] 2026-04-24 11:19:58,602: -PUB [/vis/agent_10/forward_trajs] /onlane_ai_agent_10 http://ying-N8:45625/
[rosmaster.master][INFO] 2026-04-24 11:19:58,602: -PUB [/vis/agent_4/ego_vehicle_vis] /onlane_ai_agent_4 http://ying-N8:42365/
[rosmaster.master][INFO] 2026-04-24 11:19:58,603: -SUB [/arena_info_static] /onlane_ai_agent_10 http://ying-N8:45625/
[rosmaster.master][INFO] 2026-04-24 11:19:58,603: -PUB [/vis/agent_4/obstacle_map] /onlane_ai_agent_4 http://ying-N8:42365/
[rosmaster.master][INFO] 2026-04-24 11:19:58,604: -SUB [/arena_info_dynamic] /onlane_ai_agent_10 http://ying-N8:45625/
[rosmaster.master][INFO] 2026-04-24 11:19:58,604: -PUB [/vis/agent_4/surrounding_lane_net_vis] /onlane_ai_agent_4 http://ying-N8:42365/
[rosmaster.master][INFO] 2026-04-24 11:19:58,605: -SUB [/joy] /onlane_ai_agent_10 http://ying-N8:45625/
[rosmaster.master][INFO] 2026-04-24 11:19:58,606: -PUB [/vis/agent_4/local_lanes_vis] /onlane_ai_agent_4 http://ying-N8:42365/
[rosmaster.master][INFO] 2026-04-24 11:19:58,607: -SERVICE [/onlane_ai_agent_10/get_loggers] /onlane_ai_agent_10 rosrpc://ying-N8:55443
[rosmaster.master][INFO] 2026-04-24 11:19:58,607: -PUB [/vis/agent_4/ego_behavior_vis] /onlane_ai_agent_4 http://ying-N8:42365/
[rosmaster.master][INFO] 2026-04-24 11:19:58,608: -SERVICE [/onlane_ai_agent_10/set_logger_level] /onlane_ai_agent_10 rosrpc://ying-N8:55443
[rosmaster.master][INFO] 2026-04-24 11:19:58,608: -PUB [/vis/agent_4/pred_traj_openloop_vis] /onlane_ai_agent_4 http://ying-N8:42365/
[rosmaster.master][INFO] 2026-04-24 11:19:58,608: -PUB [/vis/agent_4/pred_initial_intention_vis] /onlane_ai_agent_4 http://ying-N8:42365/
[rosmaster.master][INFO] 2026-04-24 11:19:58,609: -PUB [/vis/agent_4/surrounding_vehicle_vis] /onlane_ai_agent_4 http://ying-N8:42365/
[rosmaster.master][INFO] 2026-04-24 11:19:58,609: -PUB [/vis/agent_4/speed_limit] /onlane_ai_agent_4 http://ying-N8:42365/
[rosmaster.master][INFO] 2026-04-24 11:19:58,610: -PUB [/vis/agent_4/forward_trajs] /onlane_ai_agent_4 http://ying-N8:42365/
[rosmaster.master][INFO] 2026-04-24 11:19:58,610: -SUB [/arena_info_static] /onlane_ai_agent_4 http://ying-N8:42365/
[rosmaster.master][INFO] 2026-04-24 11:19:58,611: -SUB [/arena_info_dynamic] /onlane_ai_agent_4 http://ying-N8:42365/
[rosmaster.master][INFO] 2026-04-24 11:19:58,611: -SUB [/joy] /onlane_ai_agent_4 http://ying-N8:42365/
[rosmaster.master][INFO] 2026-04-24 11:19:58,611: -SERVICE [/onlane_ai_agent_4/get_loggers] /onlane_ai_agent_4 rosrpc://ying-N8:34181
[rosmaster.master][INFO] 2026-04-24 11:19:58,612: -SERVICE [/onlane_ai_agent_4/set_logger_level] /onlane_ai_agent_4 rosrpc://ying-N8:34181
[rosmaster.master][INFO] 2026-04-24 11:19:58,661: publisherUpdate[/rosout] -> http://ying-N8:34967/ ['http://ying-N8:38561/', 'http://ying-N8:34357/', 'http://ying-N8:40591/', 'http://ying-N8:43575/', 'http://ying-N8:42365/', 'http://ying-N8:45625/', 'http://ying-N8:40003/']
[rosmaster.master][INFO] 2026-04-24 11:19:58,662: publisherUpdate[/rosout] -> http://ying-N8:34967/ ['http://ying-N8:38561/', 'http://ying-N8:34357/', 'http://ying-N8:40591/', 'http://ying-N8:43575/', 'http://ying-N8:42365/', 'http://ying-N8:45625/', 'http://ying-N8:40003/']: sec=0.00, result=[1, '', 0]
[rosmaster.master][INFO] 2026-04-24 11:19:58,662: publisherUpdate[/rosout] -> http://ying-N8:34967/ ['http://ying-N8:38561/', 'http://ying-N8:34357/', 'http://ying-N8:40591/', 'http://ying-N8:42365/', 'http://ying-N8:45625/', 'http://ying-N8:40003/']
[rosmaster.master][INFO] 2026-04-24 11:19:58,663: -PUB [/rosout] /phy_simulator_planning_node http://ying-N8:40003/
[rosmaster.master][INFO] 2026-04-24 11:19:58,664: publisherUpdate[/ctrl/agent_9] -> http://ying-N8:40003/ []
[rosmaster.master][INFO] 2026-04-24 11:19:58,665: -PUB [/arena_info_static] /phy_simulator_planning_node http://ying-N8:40003/
[rosmaster.master][INFO] 2026-04-24 11:19:58,665: publisherUpdate[/rosout] -> http://ying-N8:34967/ ['http://ying-N8:38561/', 'http://ying-N8:34357/', 'http://ying-N8:40591/', 'http://ying-N8:42365/', 'http://ying-N8:45625/', 'http://ying-N8:40003/']: sec=0.00, result=[1, '', 0]
[rosmaster.master][INFO] 2026-04-24 11:19:58,666: publisherUpdate[/rosout] -> http://ying-N8:34967/ ['http://ying-N8:38561/', 'http://ying-N8:34357/', 'http://ying-N8:42365/', 'http://ying-N8:45625/', 'http://ying-N8:40003/']
[rosmaster.master][INFO] 2026-04-24 11:19:58,666: -PUB [/arena_info_dynamic] /phy_simulator_planning_node http://ying-N8:40003/
[rosmaster.master][INFO] 2026-04-24 11:19:58,667: publisherUpdate[/rosout] -> http://ying-N8:34967/ ['http://ying-N8:38561/', 'http://ying-N8:34357/', 'http://ying-N8:42365/', 'http://ying-N8:45625/', 'http://ying-N8:40003/']: sec=0.00, result=[1, '', 0]
[rosmaster.master][INFO] 2026-04-24 11:19:58,667: publisherUpdate[/rosout] -> http://ying-N8:34967/ ['http://ying-N8:38561/', 'http://ying-N8:34357/', 'http://ying-N8:42365/', 'http://ying-N8:40003/']
[rosmaster.master][INFO] 2026-04-24 11:19:58,667: -PUB [/phy_simulator_planning_node/vis/vehicle_set_vis] /phy_simulator_planning_node http://ying-N8:40003/
[rosmaster.master][INFO] 2026-04-24 11:19:58,668: publisherUpdate[/rosout] -> http://ying-N8:34967/ ['http://ying-N8:38561/', 'http://ying-N8:34357/', 'http://ying-N8:42365/', 'http://ying-N8:40003/']: sec=0.00, result=[1, '', 0]
[rosmaster.master][INFO] 2026-04-24 11:19:58,668: publisherUpdate[/rosout] -> http://ying-N8:34967/ ['http://ying-N8:38561/', 'http://ying-N8:34357/', 'http://ying-N8:40003/']
[rosmaster.master][INFO] 2026-04-24 11:19:58,669: -PUB [/phy_simulator_planning_node/vis/lane_net_vis] /phy_simulator_planning_node http://ying-N8:40003/
[rosmaster.master][INFO] 2026-04-24 11:19:58,669: publisherUpdate[/rosout] -> http://ying-N8:34967/ ['http://ying-N8:38561/', 'http://ying-N8:34357/', 'http://ying-N8:40003/']: sec=0.00, result=[1, '', 0]
[rosmaster.master][INFO] 2026-04-24 11:19:58,669: publisherUpdate[/rosout] -> http://ying-N8:34967/ ['http://ying-N8:38561/', 'http://ying-N8:34357/']
[rosmaster.master][INFO] 2026-04-24 11:19:58,670: -PUB [/phy_simulator_planning_node/vis/obstacle_set_vis] /phy_simulator_planning_node http://ying-N8:40003/
[rosmaster.master][INFO] 2026-04-24 11:19:58,672: -SUB [/ctrl/agent_10] /phy_simulator_planning_node http://ying-N8:40003/
[rosmaster.master][INFO] 2026-04-24 11:19:58,672: publisherUpdate[/rosout] -> http://ying-N8:34967/ ['http://ying-N8:38561/', 'http://ying-N8:34357/']: sec=0.00, result=[1, '', 0]
[rosmaster.master][INFO] 2026-04-24 11:19:58,672: publisherUpdate[/arena_info_static] -> http://ying-N8:34357/ []
[rosmaster.master][INFO] 2026-04-24 11:19:58,673: publisherUpdate[/ctrl/agent_9] -> http://ying-N8:40003/ []: sec=0.01, exception=<Fault -1: 'publisherUpdate: unknown method name'>
[rosmaster.threadpool][ERROR] 2026-04-24 11:19:58,676: Traceback (most recent call last):
  File "/opt/ros/noetic/lib/python3/dist-packages/rosmaster/threadpool.py", line 218, in run
    result = cmd(*args)
  File "/opt/ros/noetic/lib/python3/dist-packages/rosmaster/master_api.py", line 210, in publisher_update_task
    ret = xmlrpcapi(api).publisherUpdate('/master', topic, pub_uris)
  File "/usr/lib/python3.8/xmlrpc/client.py", line 1109, in __call__
    return self.__send(self.__name, args)
  File "/usr/lib/python3.8/xmlrpc/client.py", line 1450, in __request
    response = self.__transport.request(
  File "/usr/lib/python3.8/xmlrpc/client.py", line 1153, in request
    return self.single_request(host, handler, request_body, verbose)
  File "/usr/lib/python3.8/xmlrpc/client.py", line 1169, in single_request
    return self.parse_response(resp)
  File "/usr/lib/python3.8/xmlrpc/client.py", line 1341, in parse_response
    return u.close()
  File "/usr/lib/python3.8/xmlrpc/client.py", line 655, in close
    raise Fault(**self._stack[0])
xmlrpc.client.Fault: <Fault -1: 'publisherUpdate: unknown method name'>

[rosmaster.master][INFO] 2026-04-24 11:19:58,676: publisherUpdate[/ctrl/agent_3] -> http://ying-N8:40003/ []
[rosmaster.master][INFO] 2026-04-24 11:19:58,676: publisherUpdate[/ctrl/agent_3] -> http://ying-N8:40003/ []: sec=0.00, exception=<Fault -1: 'publisherUpdate: unknown method name'>
[rosmaster.threadpool][ERROR] 2026-04-24 11:19:58,677: Traceback (most recent call last):
  File "/opt/ros/noetic/lib/python3/dist-packages/rosmaster/threadpool.py", line 218, in run
    result = cmd(*args)
  File "/opt/ros/noetic/lib/python3/dist-packages/rosmaster/master_api.py", line 210, in publisher_update_task
    ret = xmlrpcapi(api).publisherUpdate('/master', topic, pub_uris)
  File "/usr/lib/python3.8/xmlrpc/client.py", line 1109, in __call__
    return self.__send(self.__name, args)
  File "/usr/lib/python3.8/xmlrpc/client.py", line 1450, in __request
    response = self.__transport.request(
  File "/usr/lib/python3.8/xmlrpc/client.py", line 1153, in request
    return self.single_request(host, handler, request_body, verbose)
  File "/usr/lib/python3.8/xmlrpc/client.py", line 1169, in single_request
    return self.parse_response(resp)
  File "/usr/lib/python3.8/xmlrpc/client.py", line 1341, in parse_response
    return u.close()
  File "/usr/lib/python3.8/xmlrpc/client.py", line 655, in close
    raise Fault(**self._stack[0])
xmlrpc.client.Fault: <Fault -1: 'publisherUpdate: unknown method name'>

[rosmaster.master][INFO] 2026-04-24 11:19:58,677: publisherUpdate[/ctrl/agent_2] -> http://ying-N8:40003/ []
[rosmaster.master][INFO] 2026-04-24 11:19:58,673: publisherUpdate[/arena_info_static] -> http://ying-N8:34357/ []: sec=0.00, result=[1, '', 0]
[rosmaster.master][INFO] 2026-04-24 11:19:58,677: publisherUpdate[/arena_info_static] -> http://ying-N8:38561/ []
[rosmaster.master][INFO] 2026-04-24 11:19:58,678: -SUB [/ctrl/agent_9] /phy_simulator_planning_node http://ying-N8:40003/
[rosmaster.master][INFO] 2026-04-24 11:19:58,679: publisherUpdate[/ctrl/agent_2] -> http://ying-N8:40003/ []: sec=0.00, exception=<Fault -1: 'publisherUpdate: unknown method name'>
[rosmaster.threadpool][ERROR] 2026-04-24 11:19:58,679: Traceback (most recent call last):
  File "/opt/ros/noetic/lib/python3/dist-packages/rosmaster/threadpool.py", line 218, in run
    result = cmd(*args)
  File "/opt/ros/noetic/lib/python3/dist-packages/rosmaster/master_api.py", line 210, in publisher_update_task
    ret = xmlrpcapi(api).publisherUpdate('/master', topic, pub_uris)
  File "/usr/lib/python3.8/xmlrpc/client.py", line 1109, in __call__
    return self.__send(self.__name, args)
  File "/usr/lib/python3.8/xmlrpc/client.py", line 1450, in __request
    response = self.__transport.request(
  File "/usr/lib/python3.8/xmlrpc/client.py", line 1153, in request
    return self.single_request(host, handler, request_body, verbose)
  File "/usr/lib/python3.8/xmlrpc/client.py", line 1169, in single_request
    return self.parse_response(resp)
  File "/usr/lib/python3.8/xmlrpc/client.py", line 1341, in parse_response
    return u.close()
  File "/usr/lib/python3.8/xmlrpc/client.py", line 655, in close
    raise Fault(**self._stack[0])
xmlrpc.client.Fault: <Fault -1: 'publisherUpdate: unknown method name'>

[rosmaster.master][INFO] 2026-04-24 11:19:58,679: publisherUpdate[/ctrl/agent_10] -> http://ying-N8:40003/ []
[rosmaster.master][INFO] 2026-04-24 11:19:58,680: publisherUpdate[/arena_info_static] -> http://ying-N8:38561/ []: sec=0.00, result=[1, '', 0]
[rosmaster.master][INFO] 2026-04-24 11:19:58,680: publisherUpdate[/arena_info_dynamic] -> http://ying-N8:34357/ []
[rosmaster.master][INFO] 2026-04-24 11:19:58,681: -SUB [/ctrl/agent_8] /phy_simulator_planning_node http://ying-N8:40003/
[rosmaster.master][INFO] 2026-04-24 11:19:58,682: publisherUpdate[/arena_info_dynamic] -> http://ying-N8:34357/ []: sec=0.00, result=[1, '', 0]
[rosmaster.master][INFO] 2026-04-24 11:19:58,682: publisherUpdate[/arena_info_dynamic] -> http://ying-N8:38561/ []
[rosmaster.master][INFO] 2026-04-24 11:19:58,683: -SUB [/ctrl/agent_7] /phy_simulator_planning_node http://ying-N8:40003/
[rosmaster.master][INFO] 2026-04-24 11:19:58,681: publisherUpdate[/ctrl/agent_10] -> http://ying-N8:40003/ []: sec=0.00, exception=<Fault -1: 'publisherUpdate: unknown method name'>
[rosmaster.threadpool][ERROR] 2026-04-24 11:19:58,683: Traceback (most recent call last):
  File "/opt/ros/noetic/lib/python3/dist-packages/rosmaster/threadpool.py", line 218, in run
    result = cmd(*args)
  File "/opt/ros/noetic/lib/python3/dist-packages/rosmaster/master_api.py", line 210, in publisher_update_task
    ret = xmlrpcapi(api).publisherUpdate('/master', topic, pub_uris)
  File "/usr/lib/python3.8/xmlrpc/client.py", line 1109, in __call__
    return self.__send(self.__name, args)
  File "/usr/lib/python3.8/xmlrpc/client.py", line 1450, in __request
    response = self.__transport.request(
  File "/usr/lib/python3.8/xmlrpc/client.py", line 1153, in request
    return self.single_request(host, handler, request_body, verbose)
  File "/usr/lib/python3.8/xmlrpc/client.py", line 1169, in single_request
    return self.parse_response(resp)
  File "/usr/lib/python3.8/xmlrpc/client.py", line 1341, in parse_response
    return u.close()
  File "/usr/lib/python3.8/xmlrpc/client.py", line 655, in close
    raise Fault(**self._stack[0])
xmlrpc.client.Fault: <Fault -1: 'publisherUpdate: unknown method name'>

[rosmaster.master][INFO] 2026-04-24 11:19:58,683: publisherUpdate[/ctrl/agent_4] -> http://ying-N8:40003/ []
[rosmaster.master][INFO] 2026-04-24 11:19:58,685: -SUB [/ctrl/agent_6] /phy_simulator_planning_node http://ying-N8:40003/
[rosmaster.master][INFO] 2026-04-24 11:19:58,685: publisherUpdate[/arena_info_dynamic] -> http://ying-N8:38561/ []: sec=0.00, result=[1, '', 0]
[rosmaster.master][INFO] 2026-04-24 11:19:58,686: publisherUpdate[/ctrl/agent_4] -> http://ying-N8:40003/ []: sec=0.00, exception=<Fault -1: 'publisherUpdate: unknown method name'>
[rosmaster.threadpool][ERROR] 2026-04-24 11:19:58,687: Traceback (most recent call last):
  File "/opt/ros/noetic/lib/python3/dist-packages/rosmaster/threadpool.py", line 218, in run
    result = cmd(*args)
  File "/opt/ros/noetic/lib/python3/dist-packages/rosmaster/master_api.py", line 210, in publisher_update_task
    ret = xmlrpcapi(api).publisherUpdate('/master', topic, pub_uris)
  File "/usr/lib/python3.8/xmlrpc/client.py", line 1109, in __call__
    return self.__send(self.__name, args)
  File "/usr/lib/python3.8/xmlrpc/client.py", line 1450, in __request
    response = self.__transport.request(
  File "/usr/lib/python3.8/xmlrpc/client.py", line 1153, in request
    return self.single_request(host, handler, request_body, verbose)
  File "/usr/lib/python3.8/xmlrpc/client.py", line 1169, in single_request
    return self.parse_response(resp)
  File "/usr/lib/python3.8/xmlrpc/client.py", line 1341, in parse_response
    return u.close()
  File "/usr/lib/python3.8/xmlrpc/client.py", line 655, in close
    raise Fault(**self._stack[0])
xmlrpc.client.Fault: <Fault -1: 'publisherUpdate: unknown method name'>

[rosmaster.master][INFO] 2026-04-24 11:19:58,687: -SUB [/ctrl/agent_5] /phy_simulator_planning_node http://ying-N8:40003/
[rosmaster.master][INFO] 2026-04-24 11:19:58,688: -SUB [/ctrl/agent_4] /phy_simulator_planning_node http://ying-N8:40003/
[rosmaster.master][INFO] 2026-04-24 11:19:58,688: -SUB [/ctrl/agent_3] /phy_simulator_planning_node http://ying-N8:40003/
[rosmaster.master][INFO] 2026-04-24 11:19:58,689: -SUB [/ctrl/agent_2] /phy_simulator_planning_node http://ying-N8:40003/
[rosmaster.master][INFO] 2026-04-24 11:19:58,689: -SUB [/ctrl/agent_1] /phy_simulator_planning_node http://ying-N8:40003/
[rosmaster.master][INFO] 2026-04-24 11:19:58,690: -SUB [/ctrl/agent_0] /phy_simulator_planning_node http://ying-N8:40003/
[rosmaster.master][INFO] 2026-04-24 11:19:58,691: -SUB [/initialpose] /phy_simulator_planning_node http://ying-N8:40003/
[rosmaster.master][INFO] 2026-04-24 11:19:58,691: -SUB [/move_base_simple/goal] /phy_simulator_planning_node http://ying-N8:40003/
[rosmaster.master][INFO] 2026-04-24 11:19:58,692: -SERVICE [/phy_simulator_planning_node/get_loggers] /phy_simulator_planning_node rosrpc://ying-N8:58325
[rosmaster.master][INFO] 2026-04-24 11:19:58,692: -SERVICE [/phy_simulator_planning_node/set_logger_level] /phy_simulator_planning_node rosrpc://ying-N8:58325
[rosmaster.master][INFO] 2026-04-24 11:19:58,782: -PUB [/rosout] /onlane_ai_agent_1 http://ying-N8:34357/
[rosmaster.master][INFO] 2026-04-24 11:19:58,783: -PUB [/ctrl/agent_1] /onlane_ai_agent_1 http://ying-N8:34357/
[rosmaster.master][INFO] 2026-04-24 11:19:58,783: -PUB [/tf] /onlane_ai_agent_1 http://ying-N8:34357/
[rosmaster.master][INFO] 2026-04-24 11:19:58,784: -PUB [/vis/agent_1/ego_vehicle_vis] /onlane_ai_agent_1 http://ying-N8:34357/
[rosmaster.master][INFO] 2026-04-24 11:19:58,784: -PUB [/vis/agent_1/obstacle_map] /onlane_ai_agent_1 http://ying-N8:34357/
[rosmaster.master][INFO] 2026-04-24 11:19:58,784: -PUB [/vis/agent_1/surrounding_lane_net_vis] /onlane_ai_agent_1 http://ying-N8:34357/
[rosmaster.master][INFO] 2026-04-24 11:19:58,785: -PUB [/vis/agent_1/local_lanes_vis] /onlane_ai_agent_1 http://ying-N8:34357/
[rosmaster.master][INFO] 2026-04-24 11:19:58,785: -PUB [/vis/agent_1/ego_behavior_vis] /onlane_ai_agent_1 http://ying-N8:34357/
[rosmaster.master][INFO] 2026-04-24 11:19:58,786: -PUB [/rosout] /test_ssc_with_mpdm_0 http://ying-N8:38561/
[rosmaster.master][INFO] 2026-04-24 11:19:58,786: publisherUpdate[/rosout] -> http://ying-N8:34967/ ['http://ying-N8:38561/']
[rosmaster.master][INFO] 2026-04-24 11:19:58,787: -PUB [/vis/agent_1/pred_traj_openloop_vis] /onlane_ai_agent_1 http://ying-N8:34357/
[rosmaster.master][INFO] 2026-04-24 11:19:58,787: -PUB [/tf] /test_ssc_with_mpdm_0 http://ying-N8:38561/
[rosmaster.master][INFO] 2026-04-24 11:19:58,787: -PUB [/vis/agent_1/pred_initial_intention_vis] /onlane_ai_agent_1 http://ying-N8:34357/
[rosmaster.master][INFO] 2026-04-24 11:19:58,789: -PUB [/vis/agent_0/ego_vehicle_vis] /test_ssc_with_mpdm_0 http://ying-N8:38561/
[rosmaster.master][INFO] 2026-04-24 11:19:58,789: publisherUpdate[/rosout] -> http://ying-N8:34967/ ['http://ying-N8:38561/']: sec=0.00, result=[1, '', 0]
[rosmaster.master][INFO] 2026-04-24 11:19:58,789: publisherUpdate[/rosout] -> http://ying-N8:34967/ []
[rosmaster.master][INFO] 2026-04-24 11:19:58,789: -PUB [/vis/agent_1/surrounding_vehicle_vis] /onlane_ai_agent_1 http://ying-N8:34357/
[rosmaster.master][INFO] 2026-04-24 11:19:58,790: publisherUpdate[/rosout] -> http://ying-N8:34967/ []: sec=0.00, result=[1, '', 0]
[rosmaster.master][INFO] 2026-04-24 11:19:58,790: -PUB [/vis/agent_0/obstacle_map] /test_ssc_with_mpdm_0 http://ying-N8:38561/
[rosmaster.master][INFO] 2026-04-24 11:19:58,791: -PUB [/vis/agent_1/speed_limit] /onlane_ai_agent_1 http://ying-N8:34357/
[rosmaster.master][INFO] 2026-04-24 11:19:58,791: -PUB [/vis/agent_0/surrounding_lane_net_vis] /test_ssc_with_mpdm_0 http://ying-N8:38561/
[rosmaster.master][INFO] 2026-04-24 11:19:58,791: -PUB [/vis/agent_1/forward_trajs] /onlane_ai_agent_1 http://ying-N8:34357/
[rosmaster.master][INFO] 2026-04-24 11:19:58,792: -PUB [/vis/agent_0/local_lanes_vis] /test_ssc_with_mpdm_0 http://ying-N8:38561/
[rosmaster.master][INFO] 2026-04-24 11:19:58,792: -SUB [/arena_info_static] /onlane_ai_agent_1 http://ying-N8:34357/
[rosmaster.master][INFO] 2026-04-24 11:19:58,792: -PUB [/vis/agent_0/ego_behavior_vis] /test_ssc_with_mpdm_0 http://ying-N8:38561/
[rosmaster.master][INFO] 2026-04-24 11:19:58,793: -SUB [/arena_info_dynamic] /onlane_ai_agent_1 http://ying-N8:34357/
[rosmaster.master][INFO] 2026-04-24 11:19:58,793: -PUB [/vis/agent_0/pred_traj_openloop_vis] /test_ssc_with_mpdm_0 http://ying-N8:38561/
[rosmaster.master][INFO] 2026-04-24 11:19:58,793: -SUB [/joy] /onlane_ai_agent_1 http://ying-N8:34357/
[rosmaster.master][INFO] 2026-04-24 11:19:58,794: -PUB [/vis/agent_0/pred_initial_intention_vis] /test_ssc_with_mpdm_0 http://ying-N8:38561/
[rosmaster.master][INFO] 2026-04-24 11:19:58,794: -SERVICE [/onlane_ai_agent_1/get_loggers] /onlane_ai_agent_1 rosrpc://ying-N8:49341
[rosmaster.master][INFO] 2026-04-24 11:19:58,794: -PUB [/vis/agent_0/surrounding_vehicle_vis] /test_ssc_with_mpdm_0 http://ying-N8:38561/
[rosmaster.master][INFO] 2026-04-24 11:19:58,794: -SERVICE [/onlane_ai_agent_1/set_logger_level] /onlane_ai_agent_1 rosrpc://ying-N8:49341
[rosmaster.master][INFO] 2026-04-24 11:19:58,795: -PUB [/vis/agent_0/speed_limit] /test_ssc_with_mpdm_0 http://ying-N8:38561/
[rosmaster.master][INFO] 2026-04-24 11:19:58,795: -PUB [/vis/agent_0/ssc/map_vis] /test_ssc_with_mpdm_0 http://ying-N8:38561/
[rosmaster.master][INFO] 2026-04-24 11:19:58,795: -PUB [/vis/agent_0/ssc/qp_vis] /test_ssc_with_mpdm_0 http://ying-N8:38561/
[rosmaster.master][INFO] 2026-04-24 11:19:58,796: -PUB [/vis/agent_0/ssc/ego_fs_vis] /test_ssc_with_mpdm_0 http://ying-N8:38561/
[rosmaster.master][INFO] 2026-04-24 11:19:58,796: -PUB [/vis/agent_0/ssc/forward_trajs_vis] /test_ssc_with_mpdm_0 http://ying-N8:38561/
[rosmaster.master][INFO] 2026-04-24 11:19:58,796: -PUB [/vis/agent_0/ssc/sur_vehicle_trajs_vis] /test_ssc_with_mpdm_0 http://ying-N8:38561/
[rosmaster.master][INFO] 2026-04-24 11:19:58,797: -PUB [/vis/agent_0/ssc/corridor_vis] /test_ssc_with_mpdm_0 http://ying-N8:38561/
[rosmaster.master][INFO] 2026-04-24 11:19:58,797: -PUB [/ctrl/agent_0] /test_ssc_with_mpdm_0 http://ying-N8:38561/
[rosmaster.master][INFO] 2026-04-24 11:19:58,797: -PUB [/test_ssc_with_mpdm_0/ssc_map] /test_ssc_with_mpdm_0 http://ying-N8:38561/
[rosmaster.master][INFO] 2026-04-24 11:19:58,798: -PUB [/vis/agent_0/ssc/exec_traj] /test_ssc_with_mpdm_0 http://ying-N8:38561/
[rosmaster.master][INFO] 2026-04-24 11:19:58,798: -PUB [/vis/agent_0/forward_trajs] /test_ssc_with_mpdm_0 http://ying-N8:38561/
[rosmaster.master][INFO] 2026-04-24 11:19:58,798: -SUB [/joy] /test_ssc_with_mpdm_0 http://ying-N8:38561/
[rosmaster.master][INFO] 2026-04-24 11:19:58,799: -SUB [/arena_info_static] /test_ssc_with_mpdm_0 http://ying-N8:38561/
[rosmaster.master][INFO] 2026-04-24 11:19:58,799: -SUB [/arena_info_dynamic] /test_ssc_with_mpdm_0 http://ying-N8:38561/
[rosmaster.master][INFO] 2026-04-24 11:19:58,800: -SERVICE [/test_ssc_with_mpdm_0/get_loggers] /test_ssc_with_mpdm_0 rosrpc://ying-N8:43981
[rosmaster.master][INFO] 2026-04-24 11:19:58,800: -SERVICE [/test_ssc_with_mpdm_0/set_logger_level] /test_ssc_with_mpdm_0 rosrpc://ying-N8:43981
[rosmaster.master][INFO] 2026-04-24 11:19:59,091: -PUB [/rosout_agg] /rosout http://ying-N8:34967/
[rosmaster.master][INFO] 2026-04-24 11:19:59,091: -SUB [/rosout] /rosout http://ying-N8:34967/
[rosmaster.master][INFO] 2026-04-24 11:19:59,091: -SERVICE [/rosout/get_loggers] /rosout rosrpc://ying-N8:43593
[rosmaster.master][INFO] 2026-04-24 11:19:59,092: -SERVICE [/rosout/set_logger_level] /rosout rosrpc://ying-N8:43593
[rosmaster.main][INFO] 2026-04-24 11:19:59,166: keyboard interrupt, will exit
[rosmaster.main][INFO] 2026-04-24 11:19:59,166: stopping master...
[rospy.core][INFO] 2026-04-24 11:19:59,166: signal_shutdown [atexit]
