[rosmaster.main][INFO] 2026-04-24 21:14:33,320: initialization complete, waiting for shutdown
[rosmaster.main][INFO] 2026-04-24 21:14:33,320: Starting ROS Master Node
[xmlrpc][INFO] 2026-04-24 21:14:33,321: XML-RPC server binding to 0.0.0.0:11311
[xmlrpc][INFO] 2026-04-24 21:14:33,321: Started XML-RPC server [http://ying-N8:11311/]
[rosmaster.master][INFO] 2026-04-24 21:14:33,321: Master initialized: port[11311], uri[http://ying-N8:11311/]
[xmlrpc][INFO] 2026-04-24 21:14:33,321: xml rpc node: starting XML-RPC server
[rosmaster.master][INFO] 2026-04-24 21:14:33,376: +PARAM [/run_id] by /roslaunch
[rosmaster.master][INFO] 2026-04-24 21:14:33,376: +PARAM [/roslaunch/uris/host_ying_n8__43745] by /roslaunch
[rosmaster.master][INFO] 2026-04-24 21:14:33,424: +PARAM [/rosversion] by /roslaunch
[rosmaster.master][INFO] 2026-04-24 21:14:33,424: +PARAM [/rosdistro] by /roslaunch
[rosmaster.master][INFO] 2026-04-24 21:14:33,424: +PARAM [/test_ssc_with_eudm_0/ego_id] by /roslaunch
[rosmaster.master][INFO] 2026-04-24 21:14:33,424: +PARAM [/test_ssc_with_eudm_0/agent_config_path] by /roslaunch
[rosmaster.master][INFO] 2026-04-24 21:14:33,424: +PARAM [/test_ssc_with_eudm_0/bp_config_path] by /roslaunch
[rosmaster.master][INFO] 2026-04-24 21:14:33,424: +PARAM [/test_ssc_with_eudm_0/ssc_config_path] by /roslaunch
[rosmaster.master][INFO] 2026-04-24 21:14:33,424: +PARAM [/test_ssc_with_eudm_0/desired_vel] by /roslaunch
[rosmaster.master][INFO] 2026-04-24 21:14:33,424: +PARAM [/test_ssc_with_eudm_0/use_sim_state] by /roslaunch
[rosmaster.master][INFO] 2026-04-24 21:14:33,424: +PARAM [/onlane_ai_agent_1/ego_id] by /roslaunch
[rosmaster.master][INFO] 2026-04-24 21:14:33,424: +PARAM [/onlane_ai_agent_1/agent_config_path] by /roslaunch
[rosmaster.master][INFO] 2026-04-24 21:14:33,424: +PARAM [/onlane_ai_agent_1/desired_vel] by /roslaunch
[rosmaster.master][INFO] 2026-04-24 21:14:33,424: +PARAM [/onlane_ai_agent_1/autonomous_level] by /roslaunch
[rosmaster.master][INFO] 2026-04-24 21:14:33,425: +PARAM [/onlane_ai_agent_1/aggressiveness_level] by /roslaunch
[rosmaster.master][INFO] 2026-04-24 21:14:33,425: +PARAM [/onlane_ai_agent_2/ego_id] by /roslaunch
[rosmaster.master][INFO] 2026-04-24 21:14:33,425: +PARAM [/onlane_ai_agent_2/agent_config_path] by /roslaunch
[rosmaster.master][INFO] 2026-04-24 21:14:33,425: +PARAM [/onlane_ai_agent_2/desired_vel] by /roslaunch
[rosmaster.master][INFO] 2026-04-24 21:14:33,425: +PARAM [/onlane_ai_agent_2/autonomous_level] by /roslaunch
[rosmaster.master][INFO] 2026-04-24 21:14:33,425: +PARAM [/onlane_ai_agent_2/aggressiveness_level] by /roslaunch
[rosmaster.master][INFO] 2026-04-24 21:14:33,425: +PARAM [/onlane_ai_agent_3/ego_id] by /roslaunch
[rosmaster.master][INFO] 2026-04-24 21:14:33,426: +PARAM [/onlane_ai_agent_3/agent_config_path] by /roslaunch
[rosmaster.master][INFO] 2026-04-24 21:14:33,426: +PARAM [/onlane_ai_agent_3/desired_vel] by /roslaunch
[rosmaster.master][INFO] 2026-04-24 21:14:33,426: +PARAM [/onlane_ai_agent_3/autonomous_level] by /roslaunch
[rosmaster.master][INFO] 2026-04-24 21:14:33,426: +PARAM [/onlane_ai_agent_3/aggressiveness_level] by /roslaunch
[rosmaster.master][INFO] 2026-04-24 21:14:33,426: +PARAM [/onlane_ai_agent_4/ego_id] by /roslaunch
[rosmaster.master][INFO] 2026-04-24 21:14:33,426: +PARAM [/onlane_ai_agent_4/agent_config_path] by /roslaunch
[rosmaster.master][INFO] 2026-04-24 21:14:33,426: +PARAM [/onlane_ai_agent_4/desired_vel] by /roslaunch
[rosmaster.master][INFO] 2026-04-24 21:14:33,426: +PARAM [/onlane_ai_agent_4/autonomous_level] by /roslaunch
[rosmaster.master][INFO] 2026-04-24 21:14:33,426: +SERVICE [/rosout/get_loggers] /rosout http://ying-N8:39433/
[rosmaster.master][INFO] 2026-04-24 21:14:33,426: +PARAM [/onlane_ai_agent_4/aggressiveness_level] by /roslaunch
[rosmaster.master][INFO] 2026-04-24 21:14:33,426: +PARAM [/onlane_ai_agent_5/ego_id] by /roslaunch
[rosmaster.master][INFO] 2026-04-24 21:14:33,427: +SERVICE [/rosout/set_logger_level] /rosout http://ying-N8:39433/
[rosmaster.master][INFO] 2026-04-24 21:14:33,427: +PARAM [/onlane_ai_agent_5/agent_config_path] by /roslaunch
[rosmaster.master][INFO] 2026-04-24 21:14:33,427: +PARAM [/onlane_ai_agent_5/desired_vel] by /roslaunch
[rosmaster.master][INFO] 2026-04-24 21:14:33,427: +PARAM [/onlane_ai_agent_5/autonomous_level] by /roslaunch
[rosmaster.master][INFO] 2026-04-24 21:14:33,427: +PARAM [/onlane_ai_agent_5/aggressiveness_level] by /roslaunch
[rosmaster.master][INFO] 2026-04-24 21:14:33,427: +PARAM [/onlane_ai_agent_6/ego_id] by /roslaunch
[rosmaster.master][INFO] 2026-04-24 21:14:33,428: +PARAM [/onlane_ai_agent_6/agent_config_path] by /roslaunch
[rosmaster.master][INFO] 2026-04-24 21:14:33,428: +PUB [/rosout_agg] /rosout http://ying-N8:39433/
[rosmaster.master][INFO] 2026-04-24 21:14:33,428: +PARAM [/onlane_ai_agent_6/desired_vel] by /roslaunch
[rosmaster.master][INFO] 2026-04-24 21:14:33,428: +PARAM [/onlane_ai_agent_6/autonomous_level] by /roslaunch
[rosmaster.master][INFO] 2026-04-24 21:14:33,428: +PARAM [/onlane_ai_agent_6/aggressiveness_level] by /roslaunch
[rosmaster.master][INFO] 2026-04-24 21:14:33,428: +PARAM [/onlane_ai_agent_7/ego_id] by /roslaunch
[rosmaster.master][INFO] 2026-04-24 21:14:33,428: +PARAM [/onlane_ai_agent_7/agent_config_path] by /roslaunch
[rosmaster.master][INFO] 2026-04-24 21:14:33,429: +PARAM [/onlane_ai_agent_7/desired_vel] by /roslaunch
[rosmaster.master][INFO] 2026-04-24 21:14:33,429: +PARAM [/onlane_ai_agent_7/autonomous_level] by /roslaunch
[rosmaster.master][INFO] 2026-04-24 21:14:33,429: +PARAM [/onlane_ai_agent_7/aggressiveness_level] by /roslaunch
[rosmaster.master][INFO] 2026-04-24 21:14:33,429: +PARAM [/onlane_ai_agent_8/ego_id] by /roslaunch
[rosmaster.master][INFO] 2026-04-24 21:14:33,429: +PARAM [/onlane_ai_agent_8/agent_config_path] by /roslaunch
[rosmaster.master][INFO] 2026-04-24 21:14:33,429: +SUB [/rosout] /rosout http://ying-N8:39433/
[rosmaster.master][INFO] 2026-04-24 21:14:33,430: +PARAM [/onlane_ai_agent_8/desired_vel] by /roslaunch
[rosmaster.master][INFO] 2026-04-24 21:14:33,430: +PARAM [/onlane_ai_agent_8/autonomous_level] by /roslaunch
[rosmaster.master][INFO] 2026-04-24 21:14:33,430: +PARAM [/onlane_ai_agent_8/aggressiveness_level] by /roslaunch
[rosmaster.master][INFO] 2026-04-24 21:14:33,430: +PARAM [/onlane_ai_agent_9/ego_id] by /roslaunch
[rosmaster.master][INFO] 2026-04-24 21:14:33,430: +PARAM [/onlane_ai_agent_9/agent_config_path] by /roslaunch
[rosmaster.master][INFO] 2026-04-24 21:14:33,430: +PARAM [/onlane_ai_agent_9/desired_vel] by /roslaunch
[rosmaster.master][INFO] 2026-04-24 21:14:33,430: +PARAM [/onlane_ai_agent_9/autonomous_level] by /roslaunch
[rosmaster.master][INFO] 2026-04-24 21:14:33,430: +PARAM [/onlane_ai_agent_9/aggressiveness_level] by /roslaunch
[rosmaster.master][INFO] 2026-04-24 21:14:33,430: +PARAM [/onlane_ai_agent_10/ego_id] by /roslaunch
[rosmaster.master][INFO] 2026-04-24 21:14:33,430: +PARAM [/onlane_ai_agent_10/agent_config_path] by /roslaunch
[rosmaster.master][INFO] 2026-04-24 21:14:33,430: +PARAM [/onlane_ai_agent_10/desired_vel] by /roslaunch
[rosmaster.master][INFO] 2026-04-24 21:14:33,430: +PARAM [/onlane_ai_agent_10/autonomous_level] by /roslaunch
[rosmaster.master][INFO] 2026-04-24 21:14:33,430: +PARAM [/onlane_ai_agent_10/aggressiveness_level] by /roslaunch
[rosmaster.master][INFO] 2026-04-24 21:14:33,430: +PARAM [/joy_node/dev] by /roslaunch
[rosmaster.master][INFO] 2026-04-24 21:14:33,430: +PARAM [/phy_simulator_planning_node/vehicle_info_path] by /roslaunch
[rosmaster.master][INFO] 2026-04-24 21:14:33,430: +PARAM [/phy_simulator_planning_node/map_path] by /roslaunch
[rosmaster.master][INFO] 2026-04-24 21:14:33,431: +PARAM [/phy_simulator_planning_node/lane_net_path] by /roslaunch
[rosmaster.master][INFO] 2026-04-24 21:14:33,484: +PUB [/rosout] /test_ssc_with_eudm_0 http://ying-N8:42767/
[rosmaster.master][INFO] 2026-04-24 21:14:33,484: +SERVICE [/test_ssc_with_eudm_0/get_loggers] /test_ssc_with_eudm_0 http://ying-N8:42767/
[rosmaster.master][INFO] 2026-04-24 21:14:33,485: +SERVICE [/test_ssc_with_eudm_0/set_logger_level] /test_ssc_with_eudm_0 http://ying-N8:42767/
[rosmaster.master][INFO] 2026-04-24 21:14:33,492: +PUB [/tf] /test_ssc_with_eudm_0 http://ying-N8:42767/
[rosmaster.master][INFO] 2026-04-24 21:14:33,493: +PUB [/vis/agent_0/ego_vehicle_vis] /test_ssc_with_eudm_0 http://ying-N8:42767/
[rosmaster.master][INFO] 2026-04-24 21:14:33,494: +PUB [/vis/agent_0/obstacle_map] /test_ssc_with_eudm_0 http://ying-N8:42767/
[rosmaster.master][INFO] 2026-04-24 21:14:33,496: +PUB [/vis/agent_0/surrounding_lane_net_vis] /test_ssc_with_eudm_0 http://ying-N8:42767/
[rosmaster.master][INFO] 2026-04-24 21:14:33,497: +PUB [/vis/agent_0/local_lanes_vis] /test_ssc_with_eudm_0 http://ying-N8:42767/
[rosmaster.master][INFO] 2026-04-24 21:14:33,498: +PUB [/vis/agent_0/ego_behavior_vis] /test_ssc_with_eudm_0 http://ying-N8:42767/
[rosmaster.master][INFO] 2026-04-24 21:14:33,499: +PUB [/vis/agent_0/pred_traj_openloop_vis] /test_ssc_with_eudm_0 http://ying-N8:42767/
[rosmaster.master][INFO] 2026-04-24 21:14:33,501: +PUB [/rosout] /onlane_ai_agent_1 http://ying-N8:37713/
[rosmaster.master][INFO] 2026-04-24 21:14:33,501: +SERVICE [/onlane_ai_agent_1/get_loggers] /onlane_ai_agent_1 http://ying-N8:37713/
[rosmaster.master][INFO] 2026-04-24 21:14:33,502: +SERVICE [/onlane_ai_agent_1/set_logger_level] /onlane_ai_agent_1 http://ying-N8:37713/
[rosmaster.master][INFO] 2026-04-24 21:14:33,503: +PUB [/rosout] /onlane_ai_agent_2 http://ying-N8:39993/
[rosmaster.master][INFO] 2026-04-24 21:14:33,504: +SERVICE [/onlane_ai_agent_2/get_loggers] /onlane_ai_agent_2 http://ying-N8:39993/
[rosmaster.master][INFO] 2026-04-24 21:14:33,505: +SERVICE [/onlane_ai_agent_2/set_logger_level] /onlane_ai_agent_2 http://ying-N8:39993/
[rosmaster.master][INFO] 2026-04-24 21:14:33,507: +PUB [/vis/agent_0/pred_initial_intention_vis] /test_ssc_with_eudm_0 http://ying-N8:42767/
[rosmaster.master][INFO] 2026-04-24 21:14:33,510: +PUB [/vis/agent_0/surrounding_vehicle_vis] /test_ssc_with_eudm_0 http://ying-N8:42767/
[rosmaster.master][INFO] 2026-04-24 21:14:33,510: +PUB [/rosout] /onlane_ai_agent_3 http://ying-N8:38697/
[rosmaster.master][INFO] 2026-04-24 21:14:33,511: +PUB [/ctrl/agent_1] /onlane_ai_agent_1 http://ying-N8:37713/
[rosmaster.master][INFO] 2026-04-24 21:14:33,511: +PUB [/ctrl/agent_2] /onlane_ai_agent_2 http://ying-N8:39993/
[rosmaster.master][INFO] 2026-04-24 21:14:33,514: +PUB [/vis/agent_0/speed_limit] /test_ssc_with_eudm_0 http://ying-N8:42767/
[rosmaster.master][INFO] 2026-04-24 21:14:33,515: +SERVICE [/onlane_ai_agent_3/get_loggers] /onlane_ai_agent_3 http://ying-N8:38697/
[rosmaster.master][INFO] 2026-04-24 21:14:33,515: +SERVICE [/onlane_ai_agent_3/set_logger_level] /onlane_ai_agent_3 http://ying-N8:38697/
[rosmaster.master][INFO] 2026-04-24 21:14:33,517: +PUB [/ctrl/agent_3] /onlane_ai_agent_3 http://ying-N8:38697/
[rosmaster.master][INFO] 2026-04-24 21:14:33,521: publisherUpdate[/rosout] -> http://ying-N8:39433/ ['http://ying-N8:42767/']
[rosmaster.master][INFO] 2026-04-24 21:14:33,527: +PUB [/vis/agent_0/ssc/map_vis] /test_ssc_with_eudm_0 http://ying-N8:42767/
[rosmaster.master][INFO] 2026-04-24 21:14:33,532: +PUB [/vis/agent_0/ssc/qp_vis] /test_ssc_with_eudm_0 http://ying-N8:42767/
[rosmaster.master][INFO] 2026-04-24 21:14:33,535: publisherUpdate[/rosout] -> http://ying-N8:39433/ ['http://ying-N8:42767/']: sec=0.01, result=[1, '', 0]
[rosmaster.master][INFO] 2026-04-24 21:14:33,535: publisherUpdate[/rosout] -> http://ying-N8:39433/ ['http://ying-N8:42767/', 'http://ying-N8:37713/']
[rosmaster.master][INFO] 2026-04-24 21:14:33,536: publisherUpdate[/rosout] -> http://ying-N8:39433/ ['http://ying-N8:42767/', 'http://ying-N8:37713/']: sec=0.00, result=[1, '', 0]
[rosmaster.master][INFO] 2026-04-24 21:14:33,536: publisherUpdate[/rosout] -> http://ying-N8:39433/ ['http://ying-N8:42767/', 'http://ying-N8:37713/', 'http://ying-N8:39993/']
[rosmaster.master][INFO] 2026-04-24 21:14:33,537: publisherUpdate[/rosout] -> http://ying-N8:39433/ ['http://ying-N8:42767/', 'http://ying-N8:37713/', 'http://ying-N8:39993/']: sec=0.00, result=[1, '', 0]
[rosmaster.master][INFO] 2026-04-24 21:14:33,537: publisherUpdate[/rosout] -> http://ying-N8:39433/ ['http://ying-N8:42767/', 'http://ying-N8:37713/', 'http://ying-N8:39993/', 'http://ying-N8:38697/']
[rosmaster.master][INFO] 2026-04-24 21:14:33,538: publisherUpdate[/rosout] -> http://ying-N8:39433/ ['http://ying-N8:42767/', 'http://ying-N8:37713/', 'http://ying-N8:39993/', 'http://ying-N8:38697/']: sec=0.00, result=[1, '', 0]
[rosmaster.master][INFO] 2026-04-24 21:14:33,538: +PUB [/rosout] /onlane_ai_agent_4 http://ying-N8:39091/
[rosmaster.master][INFO] 2026-04-24 21:14:33,539: +PUB [/vis/agent_0/ssc/ego_fs_vis] /test_ssc_with_eudm_0 http://ying-N8:42767/
[rosmaster.master][INFO] 2026-04-24 21:14:33,542: +PUB [/vis/agent_0/ssc/forward_trajs_vis] /test_ssc_with_eudm_0 http://ying-N8:42767/
[rosmaster.master][INFO] 2026-04-24 21:14:33,543: +PUB [/tf] /onlane_ai_agent_1 http://ying-N8:37713/
[rosmaster.master][INFO] 2026-04-24 21:14:33,545: +SERVICE [/onlane_ai_agent_4/get_loggers] /onlane_ai_agent_4 http://ying-N8:39091/
[rosmaster.master][INFO] 2026-04-24 21:14:33,546: +PUB [/vis/agent_1/ego_vehicle_vis] /onlane_ai_agent_1 http://ying-N8:37713/
[rosmaster.master][INFO] 2026-04-24 21:14:33,547: +PUB [/vis/agent_0/ssc/sur_vehicle_trajs_vis] /test_ssc_with_eudm_0 http://ying-N8:42767/
[rosmaster.master][INFO] 2026-04-24 21:14:33,547: +PUB [/tf] /onlane_ai_agent_2 http://ying-N8:39993/
[rosmaster.master][INFO] 2026-04-24 21:14:33,548: +PUB [/tf] /onlane_ai_agent_3 http://ying-N8:38697/
[rosmaster.master][INFO] 2026-04-24 21:14:33,549: +PUB [/vis/agent_3/ego_vehicle_vis] /onlane_ai_agent_3 http://ying-N8:38697/
[rosmaster.master][INFO] 2026-04-24 21:14:33,549: +PUB [/vis/agent_3/obstacle_map] /onlane_ai_agent_3 http://ying-N8:38697/
[rosmaster.master][INFO] 2026-04-24 21:14:33,550: +PUB [/vis/agent_3/surrounding_lane_net_vis] /onlane_ai_agent_3 http://ying-N8:38697/
[rosmaster.master][INFO] 2026-04-24 21:14:33,551: +PUB [/vis/agent_3/local_lanes_vis] /onlane_ai_agent_3 http://ying-N8:38697/
[rosmaster.master][INFO] 2026-04-24 21:14:33,551: +PUB [/vis/agent_3/ego_behavior_vis] /onlane_ai_agent_3 http://ying-N8:38697/
[rosmaster.master][INFO] 2026-04-24 21:14:33,552: +SERVICE [/onlane_ai_agent_4/set_logger_level] /onlane_ai_agent_4 http://ying-N8:39091/
[rosmaster.master][INFO] 2026-04-24 21:14:33,552: +PUB [/rosout] /onlane_ai_agent_5 http://ying-N8:35331/
[rosmaster.master][INFO] 2026-04-24 21:14:33,555: +SERVICE [/onlane_ai_agent_5/get_loggers] /onlane_ai_agent_5 http://ying-N8:35331/
[rosmaster.master][INFO] 2026-04-24 21:14:33,556: +SERVICE [/onlane_ai_agent_5/set_logger_level] /onlane_ai_agent_5 http://ying-N8:35331/
[rosmaster.master][INFO] 2026-04-24 21:14:33,558: +PUB [/vis/agent_0/ssc/corridor_vis] /test_ssc_with_eudm_0 http://ying-N8:42767/
[rosmaster.master][INFO] 2026-04-24 21:14:33,559: +PUB [/vis/agent_1/obstacle_map] /onlane_ai_agent_1 http://ying-N8:37713/
[rosmaster.master][INFO] 2026-04-24 21:14:33,560: +PUB [/vis/agent_2/ego_vehicle_vis] /onlane_ai_agent_2 http://ying-N8:39993/
[rosmaster.master][INFO] 2026-04-24 21:14:33,561: +PUB [/vis/agent_3/pred_traj_openloop_vis] /onlane_ai_agent_3 http://ying-N8:38697/
[rosmaster.master][INFO] 2026-04-24 21:14:33,562: +PUB [/vis/agent_1/surrounding_lane_net_vis] /onlane_ai_agent_1 http://ying-N8:37713/
[rosmaster.master][INFO] 2026-04-24 21:14:33,564: +PUB [/ctrl/agent_4] /onlane_ai_agent_4 http://ying-N8:39091/
[rosmaster.master][INFO] 2026-04-24 21:14:33,566: +PUB [/vis/agent_2/obstacle_map] /onlane_ai_agent_2 http://ying-N8:39993/
[rosmaster.master][INFO] 2026-04-24 21:14:33,567: +PUB [/vis/agent_3/pred_initial_intention_vis] /onlane_ai_agent_3 http://ying-N8:38697/
[rosmaster.master][INFO] 2026-04-24 21:14:33,567: +PUB [/vis/agent_1/local_lanes_vis] /onlane_ai_agent_1 http://ying-N8:37713/
[rosmaster.master][INFO] 2026-04-24 21:14:33,568: +PUB [/ctrl/agent_5] /onlane_ai_agent_5 http://ying-N8:35331/
[rosmaster.master][INFO] 2026-04-24 21:14:33,569: +PUB [/vis/agent_2/surrounding_lane_net_vis] /onlane_ai_agent_2 http://ying-N8:39993/
[rosmaster.master][INFO] 2026-04-24 21:14:33,569: +SUB [/joy] /test_ssc_with_eudm_0 http://ying-N8:42767/
[rosmaster.master][INFO] 2026-04-24 21:14:33,570: +PUB [/vis/agent_3/surrounding_vehicle_vis] /onlane_ai_agent_3 http://ying-N8:38697/
[rosmaster.master][INFO] 2026-04-24 21:14:33,570: +PUB [/vis/agent_1/ego_behavior_vis] /onlane_ai_agent_1 http://ying-N8:37713/
[rosmaster.master][INFO] 2026-04-24 21:14:33,571: +PUB [/vis/agent_1/pred_traj_openloop_vis] /onlane_ai_agent_1 http://ying-N8:37713/
[rosmaster.master][INFO] 2026-04-24 21:14:33,572: +PUB [/vis/agent_2/local_lanes_vis] /onlane_ai_agent_2 http://ying-N8:39993/
[rosmaster.master][INFO] 2026-04-24 21:14:33,573: +PUB [/vis/agent_3/speed_limit] /onlane_ai_agent_3 http://ying-N8:38697/
[rosmaster.master][INFO] 2026-04-24 21:14:33,574: +PUB [/vis/agent_1/pred_initial_intention_vis] /onlane_ai_agent_1 http://ying-N8:37713/
[rosmaster.master][INFO] 2026-04-24 21:14:33,575: +PUB [/vis/agent_2/ego_behavior_vis] /onlane_ai_agent_2 http://ying-N8:39993/
[rosmaster.master][INFO] 2026-04-24 21:14:33,575: +PUB [/vis/agent_0/forward_trajs] /test_ssc_with_eudm_0 http://ying-N8:42767/
[rosmaster.master][INFO] 2026-04-24 21:14:33,576: +PUB [/vis/agent_1/surrounding_vehicle_vis] /onlane_ai_agent_1 http://ying-N8:37713/
[rosmaster.master][INFO] 2026-04-24 21:14:33,586: +PUB [/vis/agent_1/speed_limit] /onlane_ai_agent_1 http://ying-N8:37713/
[rosmaster.master][INFO] 2026-04-24 21:14:33,587: +PUB [/rosout] /onlane_ai_agent_7 http://ying-N8:44891/
[rosmaster.master][INFO] 2026-04-24 21:14:33,589: +PUB [/vis/agent_2/pred_traj_openloop_vis] /onlane_ai_agent_2 http://ying-N8:39993/
[rosmaster.master][INFO] 2026-04-24 21:14:33,592: +PUB [/rosout] /onlane_ai_agent_6 http://ying-N8:44423/
[rosmaster.master][INFO] 2026-04-24 21:14:33,593: +SERVICE [/onlane_ai_agent_7/get_loggers] /onlane_ai_agent_7 http://ying-N8:44891/
[rosmaster.master][INFO] 2026-04-24 21:14:33,595: +PUB [/vis/agent_2/pred_initial_intention_vis] /onlane_ai_agent_2 http://ying-N8:39993/
[rosmaster.master][INFO] 2026-04-24 21:14:33,595: +PUB [/ctrl/agent_0] /test_ssc_with_eudm_0 http://ying-N8:42767/
[rosmaster.master][INFO] 2026-04-24 21:14:33,596: +SERVICE [/onlane_ai_agent_7/set_logger_level] /onlane_ai_agent_7 http://ying-N8:44891/
[rosmaster.master][INFO] 2026-04-24 21:14:33,596: +SERVICE [/onlane_ai_agent_6/get_loggers] /onlane_ai_agent_6 http://ying-N8:44423/
[rosmaster.master][INFO] 2026-04-24 21:14:33,602: +PUB [/vis/agent_2/surrounding_vehicle_vis] /onlane_ai_agent_2 http://ying-N8:39993/
[rosmaster.master][INFO] 2026-04-24 21:14:33,602: +PUB [/rosout] /onlane_ai_agent_8 http://ying-N8:33871/
[rosmaster.master][INFO] 2026-04-24 21:14:33,603: +SERVICE [/onlane_ai_agent_8/get_loggers] /onlane_ai_agent_8 http://ying-N8:33871/
[rosmaster.master][INFO] 2026-04-24 21:14:33,604: +SERVICE [/onlane_ai_agent_8/set_logger_level] /onlane_ai_agent_8 http://ying-N8:33871/
[rosmaster.master][INFO] 2026-04-24 21:14:33,608: +PUB [/test_ssc_with_eudm_0/ssc_map] /test_ssc_with_eudm_0 http://ying-N8:42767/
[rosmaster.master][INFO] 2026-04-24 21:14:33,610: +PUB [/vis/agent_2/speed_limit] /onlane_ai_agent_2 http://ying-N8:39993/
[rosmaster.master][INFO] 2026-04-24 21:14:33,611: +SERVICE [/onlane_ai_agent_6/set_logger_level] /onlane_ai_agent_6 http://ying-N8:44423/
[rosmaster.master][INFO] 2026-04-24 21:14:33,611: +PUB [/tf] /onlane_ai_agent_4 http://ying-N8:39091/
[rosmaster.master][INFO] 2026-04-24 21:14:33,612: +PUB [/vis/agent_0/ssc/exec_traj] /test_ssc_with_eudm_0 http://ying-N8:42767/
[rosmaster.master][INFO] 2026-04-24 21:14:33,614: +SUB [/arena_info_static] /onlane_ai_agent_3 http://ying-N8:38697/
[rosmaster.master][INFO] 2026-04-24 21:14:33,615: +PUB [/ctrl/agent_8] /onlane_ai_agent_8 http://ying-N8:33871/
[rosmaster.master][INFO] 2026-04-24 21:14:33,621: publisherUpdate[/rosout] -> http://ying-N8:39433/ ['http://ying-N8:42767/', 'http://ying-N8:37713/', 'http://ying-N8:39993/', 'http://ying-N8:38697/', 'http://ying-N8:39091/']
[rosmaster.master][INFO] 2026-04-24 21:14:33,622: publisherUpdate[/rosout] -> http://ying-N8:39433/ ['http://ying-N8:42767/', 'http://ying-N8:37713/', 'http://ying-N8:39993/', 'http://ying-N8:38697/', 'http://ying-N8:39091/']: sec=0.00, result=[1, '', 0]
[rosmaster.master][INFO] 2026-04-24 21:14:33,622: publisherUpdate[/rosout] -> http://ying-N8:39433/ ['http://ying-N8:42767/', 'http://ying-N8:37713/', 'http://ying-N8:39993/', 'http://ying-N8:38697/', 'http://ying-N8:39091/', 'http://ying-N8:35331/']
[rosmaster.master][INFO] 2026-04-24 21:14:33,623: publisherUpdate[/rosout] -> http://ying-N8:39433/ ['http://ying-N8:42767/', 'http://ying-N8:37713/', 'http://ying-N8:39993/', 'http://ying-N8:38697/', 'http://ying-N8:39091/', 'http://ying-N8:35331/']: sec=0.00, result=[1, '', 0]
[rosmaster.master][INFO] 2026-04-24 21:14:33,623: publisherUpdate[/rosout] -> http://ying-N8:39433/ ['http://ying-N8:42767/', 'http://ying-N8:37713/', 'http://ying-N8:39993/', 'http://ying-N8:38697/', 'http://ying-N8:39091/', 'http://ying-N8:35331/', 'http://ying-N8:44891/']
[rosmaster.master][INFO] 2026-04-24 21:14:33,629: publisherUpdate[/rosout] -> http://ying-N8:39433/ ['http://ying-N8:42767/', 'http://ying-N8:37713/', 'http://ying-N8:39993/', 'http://ying-N8:38697/', 'http://ying-N8:39091/', 'http://ying-N8:35331/', 'http://ying-N8:44891/']: sec=0.00, result=[1, '', 0]
[rosmaster.master][INFO] 2026-04-24 21:14:33,629: publisherUpdate[/rosout] -> http://ying-N8:39433/ ['http://ying-N8:42767/', 'http://ying-N8:37713/', 'http://ying-N8:39993/', 'http://ying-N8:38697/', 'http://ying-N8:39091/', 'http://ying-N8:35331/', 'http://ying-N8:44891/', 'http://ying-N8:44423/']
[rosmaster.master][INFO] 2026-04-24 21:14:33,630: publisherUpdate[/rosout] -> http://ying-N8:39433/ ['http://ying-N8:42767/', 'http://ying-N8:37713/', 'http://ying-N8:39993/', 'http://ying-N8:38697/', 'http://ying-N8:39091/', 'http://ying-N8:35331/', 'http://ying-N8:44891/', 'http://ying-N8:44423/']: sec=0.00, result=[1, '', 0]
[rosmaster.master][INFO] 2026-04-24 21:14:33,630: publisherUpdate[/rosout] -> http://ying-N8:39433/ ['http://ying-N8:42767/', 'http://ying-N8:37713/', 'http://ying-N8:39993/', 'http://ying-N8:38697/', 'http://ying-N8:39091/', 'http://ying-N8:35331/', 'http://ying-N8:44891/', 'http://ying-N8:44423/', 'http://ying-N8:33871/']
[rosmaster.master][INFO] 2026-04-24 21:14:33,630: publisherUpdate[/rosout] -> http://ying-N8:39433/ ['http://ying-N8:42767/', 'http://ying-N8:37713/', 'http://ying-N8:39993/', 'http://ying-N8:38697/', 'http://ying-N8:39091/', 'http://ying-N8:35331/', 'http://ying-N8:44891/', 'http://ying-N8:44423/', 'http://ying-N8:33871/']: sec=0.00, result=[1, '', 0]
[rosmaster.master][INFO] 2026-04-24 21:14:33,631: +PUB [/vis/agent_4/ego_vehicle_vis] /onlane_ai_agent_4 http://ying-N8:39091/
[rosmaster.master][INFO] 2026-04-24 21:14:33,635: +PUB [/tf] /onlane_ai_agent_5 http://ying-N8:35331/
[rosmaster.master][INFO] 2026-04-24 21:14:33,637: +PUB [/vis/agent_5/ego_vehicle_vis] /onlane_ai_agent_5 http://ying-N8:35331/
[rosmaster.master][INFO] 2026-04-24 21:14:33,638: +PUB [/vis/agent_5/obstacle_map] /onlane_ai_agent_5 http://ying-N8:35331/
[rosmaster.master][INFO] 2026-04-24 21:14:33,643: +SUB [/arena_info_static] /test_ssc_with_eudm_0 http://ying-N8:42767/
[rosmaster.master][INFO] 2026-04-24 21:14:33,645: +SUB [/arena_info_static] /onlane_ai_agent_1 http://ying-N8:37713/
[rosmaster.master][INFO] 2026-04-24 21:14:33,645: +SUB [/arena_info_static] /onlane_ai_agent_2 http://ying-N8:39993/
[rosmaster.master][INFO] 2026-04-24 21:14:33,650: +PUB [/vis/agent_4/obstacle_map] /onlane_ai_agent_4 http://ying-N8:39091/
[rosmaster.master][INFO] 2026-04-24 21:14:33,651: +PUB [/rosout] /onlane_ai_agent_9 http://ying-N8:35271/
[rosmaster.master][INFO] 2026-04-24 21:14:33,653: +PUB [/vis/agent_5/surrounding_lane_net_vis] /onlane_ai_agent_5 http://ying-N8:35331/
[rosmaster.master][INFO] 2026-04-24 21:14:33,656: +PUB [/rosout] /phy_simulator_planning_node http://ying-N8:38873/
[rosmaster.master][INFO] 2026-04-24 21:14:33,659: +PUB [/vis/agent_4/surrounding_lane_net_vis] /onlane_ai_agent_4 http://ying-N8:39091/
[rosmaster.master][INFO] 2026-04-24 21:14:33,660: +PUB [/ctrl/agent_6] /onlane_ai_agent_6 http://ying-N8:44423/
[rosmaster.master][INFO] 2026-04-24 21:14:33,660: +SUB [/arena_info_dynamic] /test_ssc_with_eudm_0 http://ying-N8:42767/
[rosmaster.master][INFO] 2026-04-24 21:14:33,660: +PUB [/rosout] /onlane_ai_agent_10 http://ying-N8:37643/
[rosmaster.master][INFO] 2026-04-24 21:14:33,661: +PUB [/ctrl/agent_7] /onlane_ai_agent_7 http://ying-N8:44891/
[rosmaster.master][INFO] 2026-04-24 21:14:33,662: +SUB [/arena_info_dynamic] /onlane_ai_agent_2 http://ying-N8:39993/
[rosmaster.master][INFO] 2026-04-24 21:14:33,662: +SUB [/arena_info_dynamic] /onlane_ai_agent_1 http://ying-N8:37713/
[rosmaster.master][INFO] 2026-04-24 21:14:33,662: +SUB [/arena_info_dynamic] /onlane_ai_agent_3 http://ying-N8:38697/
[rosmaster.master][INFO] 2026-04-24 21:14:33,680: +SERVICE [/phy_simulator_planning_node/get_loggers] /phy_simulator_planning_node http://ying-N8:38873/
[rosmaster.master][INFO] 2026-04-24 21:14:33,682: +PUB [/vis/agent_4/local_lanes_vis] /onlane_ai_agent_4 http://ying-N8:39091/
[rosmaster.master][INFO] 2026-04-24 21:14:33,685: +PUB [/vis/agent_5/local_lanes_vis] /onlane_ai_agent_5 http://ying-N8:35331/
[rosmaster.master][INFO] 2026-04-24 21:14:33,685: +SERVICE [/onlane_ai_agent_9/get_loggers] /onlane_ai_agent_9 http://ying-N8:35271/
[rosmaster.master][INFO] 2026-04-24 21:14:33,686: +SERVICE [/onlane_ai_agent_10/get_loggers] /onlane_ai_agent_10 http://ying-N8:37643/
[rosmaster.master][INFO] 2026-04-24 21:14:33,686: +PUB [/tf] /onlane_ai_agent_8 http://ying-N8:33871/
[rosmaster.master][INFO] 2026-04-24 21:14:33,688: +SERVICE [/phy_simulator_planning_node/set_logger_level] /phy_simulator_planning_node http://ying-N8:38873/
[rosmaster.master][INFO] 2026-04-24 21:14:33,688: +PUB [/vis/agent_4/ego_behavior_vis] /onlane_ai_agent_4 http://ying-N8:39091/
[rosmaster.master][INFO] 2026-04-24 21:14:33,689: +SERVICE [/onlane_ai_agent_10/set_logger_level] /onlane_ai_agent_10 http://ying-N8:37643/
[rosmaster.master][INFO] 2026-04-24 21:14:33,690: +PUB [/vis/agent_5/ego_behavior_vis] /onlane_ai_agent_5 http://ying-N8:35331/
[rosmaster.master][INFO] 2026-04-24 21:14:33,691: +PUB [/tf] /onlane_ai_agent_6 http://ying-N8:44423/
[rosmaster.master][INFO] 2026-04-24 21:14:33,692: +PUB [/vis/agent_8/ego_vehicle_vis] /onlane_ai_agent_8 http://ying-N8:33871/
[rosmaster.master][INFO] 2026-04-24 21:14:33,693: +SUB [/joy] /onlane_ai_agent_1 http://ying-N8:37713/
[rosmaster.master][INFO] 2026-04-24 21:14:33,694: +PUB [/vis/agent_4/pred_traj_openloop_vis] /onlane_ai_agent_4 http://ying-N8:39091/
[rosmaster.master][INFO] 2026-04-24 21:14:33,694: +PUB [/vis/agent_5/pred_traj_openloop_vis] /onlane_ai_agent_5 http://ying-N8:35331/
[rosmaster.master][INFO] 2026-04-24 21:14:33,695: +PUB [/vis/agent_6/ego_vehicle_vis] /onlane_ai_agent_6 http://ying-N8:44423/
[rosmaster.master][INFO] 2026-04-24 21:14:33,695: +PUB [/tf] /onlane_ai_agent_7 http://ying-N8:44891/
[rosmaster.master][INFO] 2026-04-24 21:14:33,697: +PUB [/vis/agent_4/pred_initial_intention_vis] /onlane_ai_agent_4 http://ying-N8:39091/
[rosmaster.master][INFO] 2026-04-24 21:14:33,697: +PUB [/vis/agent_5/pred_initial_intention_vis] /onlane_ai_agent_5 http://ying-N8:35331/
[rosmaster.master][INFO] 2026-04-24 21:14:33,703: +PUB [/vis/agent_1/forward_trajs] /onlane_ai_agent_1 http://ying-N8:37713/
[rosmaster.master][INFO] 2026-04-24 21:14:33,703: +PUB [/vis/agent_6/obstacle_map] /onlane_ai_agent_6 http://ying-N8:44423/
[rosmaster.master][INFO] 2026-04-24 21:14:33,703: +PUB [/vis/agent_8/obstacle_map] /onlane_ai_agent_8 http://ying-N8:33871/
[rosmaster.master][INFO] 2026-04-24 21:14:33,703: +PUB [/vis/agent_4/surrounding_vehicle_vis] /onlane_ai_agent_4 http://ying-N8:39091/
[rosmaster.master][INFO] 2026-04-24 21:14:33,706: +PUB [/vis/agent_7/ego_vehicle_vis] /onlane_ai_agent_7 http://ying-N8:44891/
[rosmaster.master][INFO] 2026-04-24 21:14:33,709: +SUB [/joy] /onlane_ai_agent_2 http://ying-N8:39993/
[rosmaster.master][INFO] 2026-04-24 21:14:33,710: +SUB [/joy] /onlane_ai_agent_3 http://ying-N8:38697/
[rosmaster.master][INFO] 2026-04-24 21:14:33,711: +PUB [/vis/agent_5/surrounding_vehicle_vis] /onlane_ai_agent_5 http://ying-N8:35331/
[rosmaster.master][INFO] 2026-04-24 21:14:33,711: +SERVICE [/onlane_ai_agent_9/set_logger_level] /onlane_ai_agent_9 http://ying-N8:35271/
[rosmaster.master][INFO] 2026-04-24 21:14:33,711: +PUB [/vis/agent_4/speed_limit] /onlane_ai_agent_4 http://ying-N8:39091/
[rosmaster.master][INFO] 2026-04-24 21:14:33,711: +PUB [/vis/agent_6/surrounding_lane_net_vis] /onlane_ai_agent_6 http://ying-N8:44423/
[rosmaster.master][INFO] 2026-04-24 21:14:33,712: +PUB [/vis/agent_8/surrounding_lane_net_vis] /onlane_ai_agent_8 http://ying-N8:33871/
[rosmaster.master][INFO] 2026-04-24 21:14:33,712: +PUB [/vis/agent_7/obstacle_map] /onlane_ai_agent_7 http://ying-N8:44891/
[rosmaster.master][INFO] 2026-04-24 21:14:33,712: +PUB [/ctrl/agent_10] /onlane_ai_agent_10 http://ying-N8:37643/
[rosmaster.master][INFO] 2026-04-24 21:14:33,713: +PUB [/vis/agent_2/forward_trajs] /onlane_ai_agent_2 http://ying-N8:39993/
[rosmaster.master][INFO] 2026-04-24 21:14:33,714: +PUB [/vis/agent_6/local_lanes_vis] /onlane_ai_agent_6 http://ying-N8:44423/
[rosmaster.master][INFO] 2026-04-24 21:14:33,715: +PUB [/vis/agent_5/speed_limit] /onlane_ai_agent_5 http://ying-N8:35331/
[rosmaster.master][INFO] 2026-04-24 21:14:33,716: +PUB [/vis/agent_7/surrounding_lane_net_vis] /onlane_ai_agent_7 http://ying-N8:44891/
[rosmaster.master][INFO] 2026-04-24 21:14:33,716: +PUB [/vis/agent_8/local_lanes_vis] /onlane_ai_agent_8 http://ying-N8:33871/
[rosmaster.master][INFO] 2026-04-24 21:14:33,718: +PUB [/vis/agent_7/local_lanes_vis] /onlane_ai_agent_7 http://ying-N8:44891/
[rosmaster.master][INFO] 2026-04-24 21:14:33,718: +PUB [/vis/agent_8/ego_behavior_vis] /onlane_ai_agent_8 http://ying-N8:33871/
[rosmaster.master][INFO] 2026-04-24 21:14:33,719: +PUB [/vis/agent_7/ego_behavior_vis] /onlane_ai_agent_7 http://ying-N8:44891/
[rosmaster.master][INFO] 2026-04-24 21:14:33,722: +PUB [/vis/agent_6/ego_behavior_vis] /onlane_ai_agent_6 http://ying-N8:44423/
[rosmaster.master][INFO] 2026-04-24 21:14:33,722: +PUB [/vis/agent_8/pred_traj_openloop_vis] /onlane_ai_agent_8 http://ying-N8:33871/
[rosmaster.master][INFO] 2026-04-24 21:14:33,722: publisherUpdate[/rosout] -> http://ying-N8:39433/ ['http://ying-N8:42767/', 'http://ying-N8:37713/', 'http://ying-N8:39993/', 'http://ying-N8:38697/', 'http://ying-N8:39091/', 'http://ying-N8:35331/', 'http://ying-N8:44891/', 'http://ying-N8:44423/', 'http://ying-N8:33871/', 'http://ying-N8:35271/']
[rosmaster.master][INFO] 2026-04-24 21:14:33,723: publisherUpdate[/rosout] -> http://ying-N8:39433/ ['http://ying-N8:42767/', 'http://ying-N8:37713/', 'http://ying-N8:39993/', 'http://ying-N8:38697/', 'http://ying-N8:39091/', 'http://ying-N8:35331/', 'http://ying-N8:44891/', 'http://ying-N8:44423/', 'http://ying-N8:33871/', 'http://ying-N8:35271/']: sec=0.00, result=[1, '', 0]
[rosmaster.master][INFO] 2026-04-24 21:14:33,724: publisherUpdate[/rosout] -> http://ying-N8:39433/ ['http://ying-N8:42767/', 'http://ying-N8:37713/', 'http://ying-N8:39993/', 'http://ying-N8:38697/', 'http://ying-N8:39091/', 'http://ying-N8:35331/', 'http://ying-N8:44891/', 'http://ying-N8:44423/', 'http://ying-N8:33871/', 'http://ying-N8:35271/', 'http://ying-N8:38873/']
[rosmaster.master][INFO] 2026-04-24 21:14:33,724: +PUB [/ctrl/agent_9] /onlane_ai_agent_9 http://ying-N8:35271/
[rosmaster.master][INFO] 2026-04-24 21:14:33,731: +PUB [/vis/agent_7/pred_traj_openloop_vis] /onlane_ai_agent_7 http://ying-N8:44891/
[rosmaster.master][INFO] 2026-04-24 21:14:33,731: +PUB [/vis/agent_6/pred_traj_openloop_vis] /onlane_ai_agent_6 http://ying-N8:44423/
[rosmaster.master][INFO] 2026-04-24 21:14:33,732: +PUB [/vis/agent_3/forward_trajs] /onlane_ai_agent_3 http://ying-N8:38697/
[rosmaster.master][INFO] 2026-04-24 21:14:33,733: publisherUpdate[/rosout] -> http://ying-N8:39433/ ['http://ying-N8:42767/', 'http://ying-N8:37713/', 'http://ying-N8:39993/', 'http://ying-N8:38697/', 'http://ying-N8:39091/', 'http://ying-N8:35331/', 'http://ying-N8:44891/', 'http://ying-N8:44423/', 'http://ying-N8:33871/', 'http://ying-N8:35271/', 'http://ying-N8:38873/']: sec=0.00, result=[1, '', 0]
[rosmaster.master][INFO] 2026-04-24 21:14:33,734: publisherUpdate[/rosout] -> http://ying-N8:39433/ ['http://ying-N8:42767/', 'http://ying-N8:37713/', 'http://ying-N8:39993/', 'http://ying-N8:38697/', 'http://ying-N8:39091/', 'http://ying-N8:35331/', 'http://ying-N8:44891/', 'http://ying-N8:44423/', 'http://ying-N8:33871/', 'http://ying-N8:35271/', 'http://ying-N8:38873/', 'http://ying-N8:37643/']
[rosmaster.master][INFO] 2026-04-24 21:14:33,734: +PUB [/vis/agent_6/pred_initial_intention_vis] /onlane_ai_agent_6 http://ying-N8:44423/
[rosmaster.master][INFO] 2026-04-24 21:14:33,735: publisherUpdate[/rosout] -> http://ying-N8:39433/ ['http://ying-N8:42767/', 'http://ying-N8:37713/', 'http://ying-N8:39993/', 'http://ying-N8:38697/', 'http://ying-N8:39091/', 'http://ying-N8:35331/', 'http://ying-N8:44891/', 'http://ying-N8:44423/', 'http://ying-N8:33871/', 'http://ying-N8:35271/', 'http://ying-N8:38873/', 'http://ying-N8:37643/']: sec=0.00, result=[1, '', 0]
[rosmaster.master][INFO] 2026-04-24 21:14:33,736: +SUB [/arena_info_static] /onlane_ai_agent_4 http://ying-N8:39091/
[rosmaster.master][INFO] 2026-04-24 21:14:33,739: +PUB [/vis/agent_7/pred_initial_intention_vis] /onlane_ai_agent_7 http://ying-N8:44891/
[rosmaster.master][INFO] 2026-04-24 21:14:33,740: +PUB [/tf] /onlane_ai_agent_10 http://ying-N8:37643/
[rosmaster.master][INFO] 2026-04-24 21:14:33,742: +PUB [/vis/agent_8/pred_initial_intention_vis] /onlane_ai_agent_8 http://ying-N8:33871/
[rosmaster.master][INFO] 2026-04-24 21:14:33,743: +SUB [/arena_info_static] /onlane_ai_agent_5 http://ying-N8:35331/
[rosmaster.master][INFO] 2026-04-24 21:14:33,743: +PUB [/vis/agent_6/surrounding_vehicle_vis] /onlane_ai_agent_6 http://ying-N8:44423/
[rosmaster.master][INFO] 2026-04-24 21:14:33,744: +PUB [/tf] /onlane_ai_agent_9 http://ying-N8:35271/
[rosmaster.master][INFO] 2026-04-24 21:14:33,745: +PUB [/vis/agent_7/surrounding_vehicle_vis] /onlane_ai_agent_7 http://ying-N8:44891/
[rosmaster.master][INFO] 2026-04-24 21:14:33,746: +PUB [/vis/agent_10/ego_vehicle_vis] /onlane_ai_agent_10 http://ying-N8:37643/
[rosmaster.master][INFO] 2026-04-24 21:14:33,746: +SUB [/arena_info_dynamic] /onlane_ai_agent_4 http://ying-N8:39091/
[rosmaster.master][INFO] 2026-04-24 21:14:33,746: +PUB [/vis/agent_6/speed_limit] /onlane_ai_agent_6 http://ying-N8:44423/
[rosmaster.master][INFO] 2026-04-24 21:14:33,747: +PUB [/vis/agent_8/surrounding_vehicle_vis] /onlane_ai_agent_8 http://ying-N8:33871/
[rosmaster.master][INFO] 2026-04-24 21:14:33,749: +PUB [/vis/agent_9/ego_vehicle_vis] /onlane_ai_agent_9 http://ying-N8:35271/
[rosmaster.master][INFO] 2026-04-24 21:14:33,750: +PUB [/vis/agent_7/speed_limit] /onlane_ai_agent_7 http://ying-N8:44891/
[rosmaster.master][INFO] 2026-04-24 21:14:33,751: +PUB [/vis/agent_10/obstacle_map] /onlane_ai_agent_10 http://ying-N8:37643/
[rosmaster.master][INFO] 2026-04-24 21:14:33,753: +SUB [/arena_info_dynamic] /onlane_ai_agent_5 http://ying-N8:35331/
[rosmaster.master][INFO] 2026-04-24 21:14:33,753: +PUB [/vis/agent_8/speed_limit] /onlane_ai_agent_8 http://ying-N8:33871/
[rosmaster.master][INFO] 2026-04-24 21:14:33,754: +SUB [/joy] /onlane_ai_agent_4 http://ying-N8:39091/
[rosmaster.master][INFO] 2026-04-24 21:14:33,757: +PUB [/vis/agent_9/obstacle_map] /onlane_ai_agent_9 http://ying-N8:35271/
[rosmaster.master][INFO] 2026-04-24 21:14:33,759: +SUB [/arena_info_static] /onlane_ai_agent_6 http://ying-N8:44423/
[rosmaster.master][INFO] 2026-04-24 21:14:33,759: +PUB [/vis/agent_10/surrounding_lane_net_vis] /onlane_ai_agent_10 http://ying-N8:37643/
[rosmaster.master][INFO] 2026-04-24 21:14:33,760: +PUB [/vis/agent_4/forward_trajs] /onlane_ai_agent_4 http://ying-N8:39091/
[rosmaster.master][INFO] 2026-04-24 21:14:33,761: +SUB [/arena_info_static] /onlane_ai_agent_7 http://ying-N8:44891/
[rosmaster.master][INFO] 2026-04-24 21:14:33,762: +PUB [/arena_info_static] /phy_simulator_planning_node http://ying-N8:38873/
[rosmaster.master][INFO] 2026-04-24 21:14:33,764: +SUB [/arena_info_static] /onlane_ai_agent_8 http://ying-N8:33871/
[rosmaster.master][INFO] 2026-04-24 21:14:33,765: +PUB [/vis/agent_9/surrounding_lane_net_vis] /onlane_ai_agent_9 http://ying-N8:35271/
[rosmaster.master][INFO] 2026-04-24 21:14:33,766: +SUB [/joy] /onlane_ai_agent_5 http://ying-N8:35331/
[rosmaster.master][INFO] 2026-04-24 21:14:33,766: +PUB [/vis/agent_10/local_lanes_vis] /onlane_ai_agent_10 http://ying-N8:37643/
[rosmaster.master][INFO] 2026-04-24 21:14:33,767: +SUB [/arena_info_dynamic] /onlane_ai_agent_6 http://ying-N8:44423/
[rosmaster.master][INFO] 2026-04-24 21:14:33,769: +PUB [/arena_info_dynamic] /phy_simulator_planning_node http://ying-N8:38873/
[rosmaster.master][INFO] 2026-04-24 21:14:33,770: +SUB [/arena_info_dynamic] /onlane_ai_agent_7 http://ying-N8:44891/
[rosmaster.master][INFO] 2026-04-24 21:14:33,770: +PUB [/vis/agent_9/local_lanes_vis] /onlane_ai_agent_9 http://ying-N8:35271/
[rosmaster.master][INFO] 2026-04-24 21:14:33,772: +PUB [/vis/agent_5/forward_trajs] /onlane_ai_agent_5 http://ying-N8:35331/
[rosmaster.master][INFO] 2026-04-24 21:14:33,773: +PUB [/vis/agent_10/ego_behavior_vis] /onlane_ai_agent_10 http://ying-N8:37643/
[rosmaster.master][INFO] 2026-04-24 21:14:33,773: +PUB [/phy_simulator_planning_node/vis/vehicle_set_vis] /phy_simulator_planning_node http://ying-N8:38873/
[rosmaster.master][INFO] 2026-04-24 21:14:33,774: +SUB [/arena_info_dynamic] /onlane_ai_agent_8 http://ying-N8:33871/
[rosmaster.master][INFO] 2026-04-24 21:14:33,774: +SUB [/joy] /onlane_ai_agent_6 http://ying-N8:44423/
[rosmaster.master][INFO] 2026-04-24 21:14:33,775: +PUB [/vis/agent_9/ego_behavior_vis] /onlane_ai_agent_9 http://ying-N8:35271/
[rosmaster.master][INFO] 2026-04-24 21:14:33,776: +SUB [/joy] /onlane_ai_agent_7 http://ying-N8:44891/
[rosmaster.master][INFO] 2026-04-24 21:14:33,776: +PUB [/phy_simulator_planning_node/vis/lane_net_vis] /phy_simulator_planning_node http://ying-N8:38873/
[rosmaster.master][INFO] 2026-04-24 21:14:33,778: +PUB [/vis/agent_10/pred_traj_openloop_vis] /onlane_ai_agent_10 http://ying-N8:37643/
[rosmaster.master][INFO] 2026-04-24 21:14:33,779: +PUB [/vis/agent_9/pred_traj_openloop_vis] /onlane_ai_agent_9 http://ying-N8:35271/
[rosmaster.master][INFO] 2026-04-24 21:14:33,780: +PUB [/vis/agent_6/forward_trajs] /onlane_ai_agent_6 http://ying-N8:44423/
[rosmaster.master][INFO] 2026-04-24 21:14:33,780: +SUB [/joy] /onlane_ai_agent_8 http://ying-N8:33871/
[rosmaster.master][INFO] 2026-04-24 21:14:33,780: +PUB [/phy_simulator_planning_node/vis/obstacle_set_vis] /phy_simulator_planning_node http://ying-N8:38873/
[rosmaster.master][INFO] 2026-04-24 21:14:33,780: +PUB [/vis/agent_7/forward_trajs] /onlane_ai_agent_7 http://ying-N8:44891/
[rosmaster.master][INFO] 2026-04-24 21:14:33,781: +PUB [/vis/agent_10/pred_initial_intention_vis] /onlane_ai_agent_10 http://ying-N8:37643/
[rosmaster.master][INFO] 2026-04-24 21:14:33,781: +PUB [/vis/agent_9/pred_initial_intention_vis] /onlane_ai_agent_9 http://ying-N8:35271/
[rosmaster.master][INFO] 2026-04-24 21:14:33,782: +PUB [/vis/agent_8/forward_trajs] /onlane_ai_agent_8 http://ying-N8:33871/
[rosmaster.master][INFO] 2026-04-24 21:14:33,782: +PUB [/vis/agent_10/surrounding_vehicle_vis] /onlane_ai_agent_10 http://ying-N8:37643/
[rosmaster.master][INFO] 2026-04-24 21:14:33,783: +PUB [/vis/agent_9/surrounding_vehicle_vis] /onlane_ai_agent_9 http://ying-N8:35271/
[rosmaster.master][INFO] 2026-04-24 21:14:33,783: +PUB [/vis/agent_10/speed_limit] /onlane_ai_agent_10 http://ying-N8:37643/
[rosmaster.master][INFO] 2026-04-24 21:14:33,784: +PUB [/vis/agent_9/speed_limit] /onlane_ai_agent_9 http://ying-N8:35271/
[rosmaster.master][INFO] 2026-04-24 21:14:33,785: +SUB [/ctrl/agent_10] /phy_simulator_planning_node http://ying-N8:38873/
[rosmaster.master][INFO] 2026-04-24 21:14:33,787: +SUB [/arena_info_static] /onlane_ai_agent_10 http://ying-N8:37643/
[rosmaster.master][INFO] 2026-04-24 21:14:33,789: +SUB [/arena_info_static] /onlane_ai_agent_9 http://ying-N8:35271/
[rosmaster.master][INFO] 2026-04-24 21:14:33,790: +SUB [/ctrl/agent_9] /phy_simulator_planning_node http://ying-N8:38873/
[rosmaster.master][INFO] 2026-04-24 21:14:33,793: +SUB [/arena_info_dynamic] /onlane_ai_agent_9 http://ying-N8:35271/
[rosmaster.master][INFO] 2026-04-24 21:14:33,795: +SUB [/ctrl/agent_8] /phy_simulator_planning_node http://ying-N8:38873/
[rosmaster.master][INFO] 2026-04-24 21:14:33,797: +SUB [/arena_info_dynamic] /onlane_ai_agent_10 http://ying-N8:37643/
[rosmaster.master][INFO] 2026-04-24 21:14:33,798: +SUB [/ctrl/agent_7] /phy_simulator_planning_node http://ying-N8:38873/
[rosmaster.master][INFO] 2026-04-24 21:14:33,799: +SUB [/joy] /onlane_ai_agent_9 http://ying-N8:35271/
[rosmaster.master][INFO] 2026-04-24 21:14:33,801: +PUB [/vis/agent_9/forward_trajs] /onlane_ai_agent_9 http://ying-N8:35271/
[rosmaster.master][INFO] 2026-04-24 21:14:33,802: +SUB [/ctrl/agent_6] /phy_simulator_planning_node http://ying-N8:38873/
[rosmaster.master][INFO] 2026-04-24 21:14:33,803: +SUB [/joy] /onlane_ai_agent_10 http://ying-N8:37643/
[rosmaster.master][INFO] 2026-04-24 21:14:33,804: +PUB [/vis/agent_10/forward_trajs] /onlane_ai_agent_10 http://ying-N8:37643/
[rosmaster.master][INFO] 2026-04-24 21:14:33,805: +SUB [/ctrl/agent_5] /phy_simulator_planning_node http://ying-N8:38873/
[rosmaster.master][INFO] 2026-04-24 21:14:33,808: +SUB [/ctrl/agent_4] /phy_simulator_planning_node http://ying-N8:38873/
[rosmaster.master][INFO] 2026-04-24 21:14:33,810: +SUB [/ctrl/agent_3] /phy_simulator_planning_node http://ying-N8:38873/
[rosmaster.master][INFO] 2026-04-24 21:14:33,812: +SUB [/ctrl/agent_2] /phy_simulator_planning_node http://ying-N8:38873/
[rosmaster.master][INFO] 2026-04-24 21:14:33,815: +SUB [/ctrl/agent_1] /phy_simulator_planning_node http://ying-N8:38873/
[rosmaster.master][INFO] 2026-04-24 21:14:33,817: +SUB [/ctrl/agent_0] /phy_simulator_planning_node http://ying-N8:38873/
[rosmaster.master][INFO] 2026-04-24 21:14:33,819: +SUB [/initialpose] /phy_simulator_planning_node http://ying-N8:38873/
[rosmaster.master][INFO] 2026-04-24 21:14:33,821: +SUB [/move_base_simple/goal] /phy_simulator_planning_node http://ying-N8:38873/
[rosmaster.master][INFO] 2026-04-24 21:14:33,835: publisherUpdate[/arena_info_static] -> http://ying-N8:38697/ ['http://ying-N8:38873/']
[rosmaster.master][INFO] 2026-04-24 21:14:33,836: publisherUpdate[/arena_info_static] -> http://ying-N8:38697/ ['http://ying-N8:38873/']: sec=0.00, result=[1, '', 0]
[rosmaster.master][INFO] 2026-04-24 21:14:33,837: publisherUpdate[/arena_info_static] -> http://ying-N8:42767/ ['http://ying-N8:38873/']
[rosmaster.master][INFO] 2026-04-24 21:14:33,837: publisherUpdate[/arena_info_static] -> http://ying-N8:37713/ ['http://ying-N8:38873/']
[rosmaster.master][INFO] 2026-04-24 21:14:33,838: publisherUpdate[/arena_info_static] -> http://ying-N8:42767/ ['http://ying-N8:38873/']: sec=0.00, result=[1, '', 0]
[rosmaster.master][INFO] 2026-04-24 21:14:33,839: publisherUpdate[/arena_info_static] -> http://ying-N8:37713/ ['http://ying-N8:38873/']: sec=0.00, result=[1, '', 0]
[rosmaster.master][INFO] 2026-04-24 21:14:33,839: publisherUpdate[/arena_info_static] -> http://ying-N8:39993/ ['http://ying-N8:38873/']
[rosmaster.master][INFO] 2026-04-24 21:14:33,839: publisherUpdate[/arena_info_static] -> http://ying-N8:39091/ ['http://ying-N8:38873/']
[rosmaster.master][INFO] 2026-04-24 21:14:33,839: publisherUpdate[/arena_info_static] -> http://ying-N8:35331/ ['http://ying-N8:38873/']
[rosmaster.master][INFO] 2026-04-24 21:14:33,840: publisherUpdate[/arena_info_static] -> http://ying-N8:39993/ ['http://ying-N8:38873/']: sec=0.00, result=[1, '', 0]
[rosmaster.master][INFO] 2026-04-24 21:14:33,841: publisherUpdate[/arena_info_static] -> http://ying-N8:39091/ ['http://ying-N8:38873/']: sec=0.00, result=[1, '', 0]
[rosmaster.master][INFO] 2026-04-24 21:14:33,841: publisherUpdate[/arena_info_static] -> http://ying-N8:44891/ ['http://ying-N8:38873/']
[rosmaster.master][INFO] 2026-04-24 21:14:33,841: publisherUpdate[/arena_info_static] -> http://ying-N8:44423/ ['http://ying-N8:38873/']
[rosmaster.master][INFO] 2026-04-24 21:14:33,841: publisherUpdate[/arena_info_static] -> http://ying-N8:35331/ ['http://ying-N8:38873/']: sec=0.00, result=[1, '', 0]
[rosmaster.master][INFO] 2026-04-24 21:14:33,841: publisherUpdate[/arena_info_dynamic] -> http://ying-N8:42767/ ['http://ying-N8:38873/']
[rosmaster.master][INFO] 2026-04-24 21:14:33,842: publisherUpdate[/arena_info_static] -> http://ying-N8:44891/ ['http://ying-N8:38873/']: sec=0.00, result=[1, '', 0]
[rosmaster.master][INFO] 2026-04-24 21:14:33,842: publisherUpdate[/arena_info_dynamic] -> http://ying-N8:39993/ ['http://ying-N8:38873/']
[rosmaster.master][INFO] 2026-04-24 21:14:33,843: publisherUpdate[/arena_info_dynamic] -> http://ying-N8:42767/ ['http://ying-N8:38873/']: sec=0.00, result=[1, '', 0]
[rosmaster.master][INFO] 2026-04-24 21:14:33,843: publisherUpdate[/arena_info_static] -> http://ying-N8:44423/ ['http://ying-N8:38873/']: sec=0.00, result=[1, '', 0]
[rosmaster.master][INFO] 2026-04-24 21:14:33,843: publisherUpdate[/arena_info_dynamic] -> http://ying-N8:39993/ ['http://ying-N8:38873/']: sec=0.00, result=[1, '', 0]
[rosmaster.master][INFO] 2026-04-24 21:14:33,843: publisherUpdate[/arena_info_dynamic] -> http://ying-N8:37713/ ['http://ying-N8:38873/']
[rosmaster.master][INFO] 2026-04-24 21:14:33,843: publisherUpdate[/arena_info_dynamic] -> http://ying-N8:38697/ ['http://ying-N8:38873/']
[rosmaster.master][INFO] 2026-04-24 21:14:33,843: publisherUpdate[/arena_info_dynamic] -> http://ying-N8:39091/ ['http://ying-N8:38873/']
[rosmaster.master][INFO] 2026-04-24 21:14:33,844: publisherUpdate[/arena_info_dynamic] -> http://ying-N8:38697/ ['http://ying-N8:38873/']: sec=0.00, result=[1, '', 0]
[rosmaster.master][INFO] 2026-04-24 21:14:33,844: publisherUpdate[/arena_info_dynamic] -> http://ying-N8:39091/ ['http://ying-N8:38873/']: sec=0.00, result=[1, '', 0]
[rosmaster.master][INFO] 2026-04-24 21:14:33,845: publisherUpdate[/arena_info_dynamic] -> http://ying-N8:37713/ ['http://ying-N8:38873/']: sec=0.00, result=[1, '', 0]
[rosmaster.master][INFO] 2026-04-24 21:14:33,845: publisherUpdate[/arena_info_dynamic] -> http://ying-N8:35331/ ['http://ying-N8:38873/']
[rosmaster.master][INFO] 2026-04-24 21:14:33,845: publisherUpdate[/arena_info_dynamic] -> http://ying-N8:44423/ ['http://ying-N8:38873/']
[rosmaster.master][INFO] 2026-04-24 21:14:33,846: publisherUpdate[/arena_info_dynamic] -> http://ying-N8:35331/ ['http://ying-N8:38873/']: sec=0.00, result=[1, '', 0]
[rosmaster.master][INFO] 2026-04-24 21:14:33,846: publisherUpdate[/arena_info_dynamic] -> http://ying-N8:44423/ ['http://ying-N8:38873/']: sec=0.00, result=[1, '', 0]
[rosmaster.master][INFO] 2026-04-24 21:14:41,284: +PUB [/rosout] /epsilon_metric_collector_120162_1777036481215 http://ying-N8:42113/
[rosmaster.master][INFO] 2026-04-24 21:14:41,294: +SERVICE [/epsilon_metric_collector_120162_1777036481215/get_loggers] /epsilon_metric_collector_120162_1777036481215 http://ying-N8:42113/
[rosmaster.master][INFO] 2026-04-24 21:14:41,298: +SERVICE [/epsilon_metric_collector_120162_1777036481215/set_logger_level] /epsilon_metric_collector_120162_1777036481215 http://ying-N8:42113/
[rosmaster.master][INFO] 2026-04-24 21:14:41,303: +SUB [/arena_info_dynamic] /epsilon_metric_collector_120162_1777036481215 http://ying-N8:42113/
[rosmaster.master][INFO] 2026-04-24 21:14:41,361: publisherUpdate[/rosout] -> http://ying-N8:39433/ ['http://ying-N8:42767/', 'http://ying-N8:37713/', 'http://ying-N8:39993/', 'http://ying-N8:38697/', 'http://ying-N8:39091/', 'http://ying-N8:35331/', 'http://ying-N8:44891/', 'http://ying-N8:44423/', 'http://ying-N8:33871/', 'http://ying-N8:35271/', 'http://ying-N8:38873/', 'http://ying-N8:37643/', 'http://ying-N8:42113/']
[rosmaster.master][INFO] 2026-04-24 21:14:41,362: publisherUpdate[/rosout] -> http://ying-N8:39433/ ['http://ying-N8:42767/', 'http://ying-N8:37713/', 'http://ying-N8:39993/', 'http://ying-N8:38697/', 'http://ying-N8:39091/', 'http://ying-N8:35331/', 'http://ying-N8:44891/', 'http://ying-N8:44423/', 'http://ying-N8:33871/', 'http://ying-N8:35271/', 'http://ying-N8:38873/', 'http://ying-N8:37643/', 'http://ying-N8:42113/']: sec=0.00, result=[1, '', 0]
[rosmaster.master][INFO] 2026-04-24 21:16:40,175: -SUB [/arena_info_dynamic] /epsilon_metric_collector_120162_1777036481215 http://ying-N8:42113/
[rosmaster.master][INFO] 2026-04-24 21:16:40,176: -PUB [/rosout] /epsilon_metric_collector_120162_1777036481215 http://ying-N8:42113/
[rosmaster.master][INFO] 2026-04-24 21:16:40,176: -SERVICE [/epsilon_metric_collector_120162_1777036481215/get_loggers] /epsilon_metric_collector_120162_1777036481215 rosrpc://ying-N8:34535
[rosmaster.master][INFO] 2026-04-24 21:16:40,176: -SERVICE [/epsilon_metric_collector_120162_1777036481215/set_logger_level] /epsilon_metric_collector_120162_1777036481215 rosrpc://ying-N8:34535
[rosmaster.master][INFO] 2026-04-24 21:16:40,219: publisherUpdate[/rosout] -> http://ying-N8:39433/ ['http://ying-N8:42767/', 'http://ying-N8:37713/', 'http://ying-N8:39993/', 'http://ying-N8:38697/', 'http://ying-N8:39091/', 'http://ying-N8:35331/', 'http://ying-N8:44891/', 'http://ying-N8:44423/', 'http://ying-N8:33871/', 'http://ying-N8:35271/', 'http://ying-N8:38873/', 'http://ying-N8:37643/']
[rosmaster.master][INFO] 2026-04-24 21:16:40,220: publisherUpdate[/rosout] -> http://ying-N8:39433/ ['http://ying-N8:42767/', 'http://ying-N8:37713/', 'http://ying-N8:39993/', 'http://ying-N8:38697/', 'http://ying-N8:39091/', 'http://ying-N8:35331/', 'http://ying-N8:44891/', 'http://ying-N8:44423/', 'http://ying-N8:33871/', 'http://ying-N8:35271/', 'http://ying-N8:38873/', 'http://ying-N8:37643/']: sec=0.00, result=[1, '', 0]
[rosmaster.master][INFO] 2026-04-24 21:16:42,529: +PUB [/rosout] /rostopic_143390_1777036602423 http://ying-N8:36993/
[rosmaster.master][INFO] 2026-04-24 21:16:42,536: +SERVICE [/rostopic_143390_1777036602423/get_loggers] /rostopic_143390_1777036602423 http://ying-N8:36993/
[rosmaster.master][INFO] 2026-04-24 21:16:42,538: +SERVICE [/rostopic_143390_1777036602423/set_logger_level] /rostopic_143390_1777036602423 http://ying-N8:36993/
[rosmaster.master][INFO] 2026-04-24 21:16:42,623: publisherUpdate[/rosout] -> http://ying-N8:39433/ ['http://ying-N8:42767/', 'http://ying-N8:37713/', 'http://ying-N8:39993/', 'http://ying-N8:38697/', 'http://ying-N8:39091/', 'http://ying-N8:35331/', 'http://ying-N8:44891/', 'http://ying-N8:44423/', 'http://ying-N8:33871/', 'http://ying-N8:35271/', 'http://ying-N8:38873/', 'http://ying-N8:37643/', 'http://ying-N8:36993/']
[rosmaster.master][INFO] 2026-04-24 21:16:42,625: publisherUpdate[/rosout] -> http://ying-N8:39433/ ['http://ying-N8:42767/', 'http://ying-N8:37713/', 'http://ying-N8:39993/', 'http://ying-N8:38697/', 'http://ying-N8:39091/', 'http://ying-N8:35331/', 'http://ying-N8:44891/', 'http://ying-N8:44423/', 'http://ying-N8:33871/', 'http://ying-N8:35271/', 'http://ying-N8:38873/', 'http://ying-N8:37643/', 'http://ying-N8:36993/']: sec=0.00, result=[1, '', 0]
[rosmaster.master][INFO] 2026-04-24 21:16:42,697: +SUB [/arena_info_dynamic] /rostopic_143390_1777036602423 http://ying-N8:36993/
[rosmaster.master][INFO] 2026-04-24 21:16:55,968: -SUB [/arena_info_dynamic] /rostopic_143390_1777036602423 http://ying-N8:36993/
[rosmaster.master][INFO] 2026-04-24 21:16:55,968: -PUB [/rosout] /rostopic_143390_1777036602423 http://ying-N8:36993/
[rosmaster.master][INFO] 2026-04-24 21:16:55,968: -SERVICE [/rostopic_143390_1777036602423/get_loggers] /rostopic_143390_1777036602423 rosrpc://ying-N8:42357
[rosmaster.master][INFO] 2026-04-24 21:16:55,968: -SERVICE [/rostopic_143390_1777036602423/set_logger_level] /rostopic_143390_1777036602423 rosrpc://ying-N8:42357
[rosmaster.master][INFO] 2026-04-24 21:16:56,049: publisherUpdate[/rosout] -> http://ying-N8:39433/ ['http://ying-N8:42767/', 'http://ying-N8:37713/', 'http://ying-N8:39993/', 'http://ying-N8:38697/', 'http://ying-N8:39091/', 'http://ying-N8:35331/', 'http://ying-N8:44891/', 'http://ying-N8:44423/', 'http://ying-N8:33871/', 'http://ying-N8:35271/', 'http://ying-N8:38873/', 'http://ying-N8:37643/']
[rosmaster.master][INFO] 2026-04-24 21:16:56,050: publisherUpdate[/rosout] -> http://ying-N8:39433/ ['http://ying-N8:42767/', 'http://ying-N8:37713/', 'http://ying-N8:39993/', 'http://ying-N8:38697/', 'http://ying-N8:39091/', 'http://ying-N8:35331/', 'http://ying-N8:44891/', 'http://ying-N8:44423/', 'http://ying-N8:33871/', 'http://ying-N8:35271/', 'http://ying-N8:38873/', 'http://ying-N8:37643/']: sec=0.00, result=[1, '', 0]
[rosmaster.master][INFO] 2026-04-24 21:16:57,083: -PUB [/rosout] /onlane_ai_agent_7 http://ying-N8:44891/
[rosmaster.master][INFO] 2026-04-24 21:16:57,084: -PUB [/ctrl/agent_7] /onlane_ai_agent_7 http://ying-N8:44891/
[rosmaster.master][INFO] 2026-04-24 21:16:57,085: -PUB [/tf] /onlane_ai_agent_7 http://ying-N8:44891/
[rosmaster.master][INFO] 2026-04-24 21:16:57,086: -PUB [/vis/agent_7/ego_vehicle_vis] /onlane_ai_agent_7 http://ying-N8:44891/
[rosmaster.master][INFO] 2026-04-24 21:16:57,086: -PUB [/vis/agent_7/obstacle_map] /onlane_ai_agent_7 http://ying-N8:44891/
[rosmaster.master][INFO] 2026-04-24 21:16:57,087: -PUB [/vis/agent_7/surrounding_lane_net_vis] /onlane_ai_agent_7 http://ying-N8:44891/
[rosmaster.master][INFO] 2026-04-24 21:16:57,087: -PUB [/vis/agent_7/local_lanes_vis] /onlane_ai_agent_7 http://ying-N8:44891/
[rosmaster.master][INFO] 2026-04-24 21:16:57,087: -PUB [/vis/agent_7/ego_behavior_vis] /onlane_ai_agent_7 http://ying-N8:44891/
[rosmaster.master][INFO] 2026-04-24 21:16:57,088: -PUB [/vis/agent_7/pred_traj_openloop_vis] /onlane_ai_agent_7 http://ying-N8:44891/
[rosmaster.master][INFO] 2026-04-24 21:16:57,088: -PUB [/vis/agent_7/pred_initial_intention_vis] /onlane_ai_agent_7 http://ying-N8:44891/
[rosmaster.master][INFO] 2026-04-24 21:16:57,088: -PUB [/vis/agent_7/surrounding_vehicle_vis] /onlane_ai_agent_7 http://ying-N8:44891/
[rosmaster.master][INFO] 2026-04-24 21:16:57,089: -PUB [/vis/agent_7/speed_limit] /onlane_ai_agent_7 http://ying-N8:44891/
[rosmaster.master][INFO] 2026-04-24 21:16:57,089: -PUB [/vis/agent_7/forward_trajs] /onlane_ai_agent_7 http://ying-N8:44891/
[rosmaster.master][INFO] 2026-04-24 21:16:57,090: -SUB [/arena_info_static] /onlane_ai_agent_7 http://ying-N8:44891/
[rosmaster.master][INFO] 2026-04-24 21:16:57,090: -SUB [/arena_info_dynamic] /onlane_ai_agent_7 http://ying-N8:44891/
[rosmaster.master][INFO] 2026-04-24 21:16:57,091: -SUB [/joy] /onlane_ai_agent_7 http://ying-N8:44891/
[rosmaster.master][INFO] 2026-04-24 21:16:57,092: -SERVICE [/onlane_ai_agent_7/get_loggers] /onlane_ai_agent_7 rosrpc://ying-N8:54463
[rosmaster.master][INFO] 2026-04-24 21:16:57,092: -SERVICE [/onlane_ai_agent_7/set_logger_level] /onlane_ai_agent_7 rosrpc://ying-N8:54463
[rosmaster.master][INFO] 2026-04-24 21:16:57,130: -PUB [/rosout] /onlane_ai_agent_2 http://ying-N8:39993/
[rosmaster.master][INFO] 2026-04-24 21:16:57,131: -PUB [/rosout] /onlane_ai_agent_5 http://ying-N8:35331/
[rosmaster.master][INFO] 2026-04-24 21:16:57,131: -PUB [/rosout] /onlane_ai_agent_10 http://ying-N8:37643/
[rosmaster.master][INFO] 2026-04-24 21:16:57,131: -PUB [/ctrl/agent_2] /onlane_ai_agent_2 http://ying-N8:39993/
[rosmaster.master][INFO] 2026-04-24 21:16:57,132: -PUB [/ctrl/agent_5] /onlane_ai_agent_5 http://ying-N8:35331/
[rosmaster.master][INFO] 2026-04-24 21:16:57,132: -PUB [/ctrl/agent_10] /onlane_ai_agent_10 http://ying-N8:37643/
[rosmaster.master][INFO] 2026-04-24 21:16:57,132: -PUB [/tf] /onlane_ai_agent_5 http://ying-N8:35331/
[rosmaster.master][INFO] 2026-04-24 21:16:57,133: -PUB [/tf] /onlane_ai_agent_10 http://ying-N8:37643/
[rosmaster.master][INFO] 2026-04-24 21:16:57,133: -PUB [/vis/agent_5/ego_vehicle_vis] /onlane_ai_agent_5 http://ying-N8:35331/
[rosmaster.master][INFO] 2026-04-24 21:16:57,133: -PUB [/tf] /onlane_ai_agent_2 http://ying-N8:39993/
[rosmaster.master][INFO] 2026-04-24 21:16:57,134: -PUB [/vis/agent_10/ego_vehicle_vis] /onlane_ai_agent_10 http://ying-N8:37643/
[rosmaster.master][INFO] 2026-04-24 21:16:57,134: -PUB [/vis/agent_5/obstacle_map] /onlane_ai_agent_5 http://ying-N8:35331/
[rosmaster.master][INFO] 2026-04-24 21:16:57,135: -PUB [/vis/agent_2/ego_vehicle_vis] /onlane_ai_agent_2 http://ying-N8:39993/
[rosmaster.master][INFO] 2026-04-24 21:16:57,135: -PUB [/vis/agent_10/obstacle_map] /onlane_ai_agent_10 http://ying-N8:37643/
[rosmaster.master][INFO] 2026-04-24 21:16:57,135: -PUB [/vis/agent_5/surrounding_lane_net_vis] /onlane_ai_agent_5 http://ying-N8:35331/
[rosmaster.master][INFO] 2026-04-24 21:16:57,136: -PUB [/vis/agent_2/obstacle_map] /onlane_ai_agent_2 http://ying-N8:39993/
[rosmaster.master][INFO] 2026-04-24 21:16:57,136: -PUB [/vis/agent_10/surrounding_lane_net_vis] /onlane_ai_agent_10 http://ying-N8:37643/
[rosmaster.master][INFO] 2026-04-24 21:16:57,136: -PUB [/vis/agent_5/local_lanes_vis] /onlane_ai_agent_5 http://ying-N8:35331/
[rosmaster.master][INFO] 2026-04-24 21:16:57,137: -PUB [/vis/agent_2/surrounding_lane_net_vis] /onlane_ai_agent_2 http://ying-N8:39993/
[rosmaster.master][INFO] 2026-04-24 21:16:57,137: -PUB [/vis/agent_10/local_lanes_vis] /onlane_ai_agent_10 http://ying-N8:37643/
[rosmaster.master][INFO] 2026-04-24 21:16:57,138: -PUB [/vis/agent_5/ego_behavior_vis] /onlane_ai_agent_5 http://ying-N8:35331/
[rosmaster.master][INFO] 2026-04-24 21:16:57,138: -PUB [/vis/agent_2/local_lanes_vis] /onlane_ai_agent_2 http://ying-N8:39993/
[rosmaster.master][INFO] 2026-04-24 21:16:57,138: -PUB [/vis/agent_10/ego_behavior_vis] /onlane_ai_agent_10 http://ying-N8:37643/
[rosmaster.master][INFO] 2026-04-24 21:16:57,138: -PUB [/vis/agent_5/pred_traj_openloop_vis] /onlane_ai_agent_5 http://ying-N8:35331/
[rosmaster.master][INFO] 2026-04-24 21:16:57,139: -PUB [/vis/agent_2/ego_behavior_vis] /onlane_ai_agent_2 http://ying-N8:39993/
[rosmaster.master][INFO] 2026-04-24 21:16:57,139: -PUB [/vis/agent_10/pred_traj_openloop_vis] /onlane_ai_agent_10 http://ying-N8:37643/
[rosmaster.master][INFO] 2026-04-24 21:16:57,139: -PUB [/vis/agent_5/pred_initial_intention_vis] /onlane_ai_agent_5 http://ying-N8:35331/
[rosmaster.master][INFO] 2026-04-24 21:16:57,140: -PUB [/vis/agent_2/pred_traj_openloop_vis] /onlane_ai_agent_2 http://ying-N8:39993/
[rosmaster.master][INFO] 2026-04-24 21:16:57,140: -PUB [/vis/agent_5/surrounding_vehicle_vis] /onlane_ai_agent_5 http://ying-N8:35331/
[rosmaster.master][INFO] 2026-04-24 21:16:57,141: -PUB [/vis/agent_2/pred_initial_intention_vis] /onlane_ai_agent_2 http://ying-N8:39993/
[rosmaster.master][INFO] 2026-04-24 21:16:57,141: -PUB [/vis/agent_5/speed_limit] /onlane_ai_agent_5 http://ying-N8:35331/
[rosmaster.master][INFO] 2026-04-24 21:16:57,142: -PUB [/vis/agent_10/pred_initial_intention_vis] /onlane_ai_agent_10 http://ying-N8:37643/
[rosmaster.master][INFO] 2026-04-24 21:16:57,142: -PUB [/vis/agent_2/surrounding_vehicle_vis] /onlane_ai_agent_2 http://ying-N8:39993/
[rosmaster.master][INFO] 2026-04-24 21:16:57,142: -PUB [/vis/agent_5/forward_trajs] /onlane_ai_agent_5 http://ying-N8:35331/
[rosmaster.master][INFO] 2026-04-24 21:16:57,142: -PUB [/vis/agent_2/speed_limit] /onlane_ai_agent_2 http://ying-N8:39993/
[rosmaster.master][INFO] 2026-04-24 21:16:57,143: -SUB [/arena_info_static] /onlane_ai_agent_5 http://ying-N8:35331/
[rosmaster.master][INFO] 2026-04-24 21:16:57,143: -PUB [/vis/agent_10/surrounding_vehicle_vis] /onlane_ai_agent_10 http://ying-N8:37643/
[rosmaster.master][INFO] 2026-04-24 21:16:57,144: -PUB [/vis/agent_2/forward_trajs] /onlane_ai_agent_2 http://ying-N8:39993/
[rosmaster.master][INFO] 2026-04-24 21:16:57,144: -SUB [/arena_info_dynamic] /onlane_ai_agent_5 http://ying-N8:35331/
[rosmaster.master][INFO] 2026-04-24 21:16:57,144: -PUB [/vis/agent_10/speed_limit] /onlane_ai_agent_10 http://ying-N8:37643/
[rosmaster.master][INFO] 2026-04-24 21:16:57,145: -SUB [/arena_info_static] /onlane_ai_agent_2 http://ying-N8:39993/
[rosmaster.master][INFO] 2026-04-24 21:16:57,145: -SUB [/joy] /onlane_ai_agent_5 http://ying-N8:35331/
[rosmaster.master][INFO] 2026-04-24 21:16:57,146: -PUB [/vis/agent_10/forward_trajs] /onlane_ai_agent_10 http://ying-N8:37643/
[rosmaster.master][INFO] 2026-04-24 21:16:57,146: -SUB [/arena_info_dynamic] /onlane_ai_agent_2 http://ying-N8:39993/
[rosmaster.master][INFO] 2026-04-24 21:16:57,146: -SERVICE [/onlane_ai_agent_5/get_loggers] /onlane_ai_agent_5 rosrpc://ying-N8:53169
[rosmaster.master][INFO] 2026-04-24 21:16:57,147: -SUB [/arena_info_static] /onlane_ai_agent_10 http://ying-N8:37643/
[rosmaster.master][INFO] 2026-04-24 21:16:57,147: -PUB [/rosout] /onlane_ai_agent_8 http://ying-N8:33871/
[rosmaster.master][INFO] 2026-04-24 21:16:57,147: -SUB [/joy] /onlane_ai_agent_2 http://ying-N8:39993/
[rosmaster.master][INFO] 2026-04-24 21:16:57,148: -SERVICE [/onlane_ai_agent_5/set_logger_level] /onlane_ai_agent_5 rosrpc://ying-N8:53169
[rosmaster.master][INFO] 2026-04-24 21:16:57,148: -SUB [/arena_info_dynamic] /onlane_ai_agent_10 http://ying-N8:37643/
[rosmaster.master][INFO] 2026-04-24 21:16:57,148: -PUB [/ctrl/agent_8] /onlane_ai_agent_8 http://ying-N8:33871/
[rosmaster.master][INFO] 2026-04-24 21:16:57,149: -SERVICE [/onlane_ai_agent_2/get_loggers] /onlane_ai_agent_2 rosrpc://ying-N8:33379
[rosmaster.master][INFO] 2026-04-24 21:16:57,149: -SUB [/joy] /onlane_ai_agent_10 http://ying-N8:37643/
[rosmaster.master][INFO] 2026-04-24 21:16:57,149: -PUB [/tf] /onlane_ai_agent_8 http://ying-N8:33871/
[rosmaster.master][INFO] 2026-04-24 21:16:57,150: -SERVICE [/onlane_ai_agent_2/set_logger_level] /onlane_ai_agent_2 rosrpc://ying-N8:33379
[rosmaster.master][INFO] 2026-04-24 21:16:57,150: -SERVICE [/onlane_ai_agent_10/get_loggers] /onlane_ai_agent_10 rosrpc://ying-N8:44933
[rosmaster.master][INFO] 2026-04-24 21:16:57,150: -PUB [/vis/agent_8/ego_vehicle_vis] /onlane_ai_agent_8 http://ying-N8:33871/
[rosmaster.master][INFO] 2026-04-24 21:16:57,151: -SERVICE [/onlane_ai_agent_10/set_logger_level] /onlane_ai_agent_10 rosrpc://ying-N8:44933
[rosmaster.master][INFO] 2026-04-24 21:16:57,151: -PUB [/vis/agent_8/obstacle_map] /onlane_ai_agent_8 http://ying-N8:33871/
[rosmaster.master][INFO] 2026-04-24 21:16:57,151: -PUB [/vis/agent_8/surrounding_lane_net_vis] /onlane_ai_agent_8 http://ying-N8:33871/
[rosmaster.master][INFO] 2026-04-24 21:16:57,152: -PUB [/vis/agent_8/local_lanes_vis] /onlane_ai_agent_8 http://ying-N8:33871/
[rosmaster.master][INFO] 2026-04-24 21:16:57,152: -PUB [/vis/agent_8/ego_behavior_vis] /onlane_ai_agent_8 http://ying-N8:33871/
[rosmaster.master][INFO] 2026-04-24 21:16:57,152: -PUB [/vis/agent_8/pred_traj_openloop_vis] /onlane_ai_agent_8 http://ying-N8:33871/
[rosmaster.master][INFO] 2026-04-24 21:16:57,153: -PUB [/vis/agent_8/pred_initial_intention_vis] /onlane_ai_agent_8 http://ying-N8:33871/
[rosmaster.master][INFO] 2026-04-24 21:16:57,153: publisherUpdate[/rosout] -> http://ying-N8:39433/ ['http://ying-N8:42767/', 'http://ying-N8:37713/', 'http://ying-N8:39993/', 'http://ying-N8:38697/', 'http://ying-N8:39091/', 'http://ying-N8:35331/', 'http://ying-N8:44423/', 'http://ying-N8:33871/', 'http://ying-N8:35271/', 'http://ying-N8:38873/', 'http://ying-N8:37643/']
[rosmaster.master][INFO] 2026-04-24 21:16:57,153: -PUB [/vis/agent_8/surrounding_vehicle_vis] /onlane_ai_agent_8 http://ying-N8:33871/
[rosmaster.master][INFO] 2026-04-24 21:16:57,153: publisherUpdate[/ctrl/agent_7] -> http://ying-N8:38873/ []
[rosmaster.master][INFO] 2026-04-24 21:16:57,154: publisherUpdate[/rosout] -> http://ying-N8:39433/ ['http://ying-N8:42767/', 'http://ying-N8:37713/', 'http://ying-N8:39993/', 'http://ying-N8:38697/', 'http://ying-N8:39091/', 'http://ying-N8:35331/', 'http://ying-N8:44423/', 'http://ying-N8:33871/', 'http://ying-N8:35271/', 'http://ying-N8:38873/', 'http://ying-N8:37643/']: sec=0.00, result=[1, '', 0]
[rosmaster.master][INFO] 2026-04-24 21:16:57,154: publisherUpdate[/rosout] -> http://ying-N8:39433/ ['http://ying-N8:42767/', 'http://ying-N8:37713/', 'http://ying-N8:38697/', 'http://ying-N8:39091/', 'http://ying-N8:35331/', 'http://ying-N8:44423/', 'http://ying-N8:33871/', 'http://ying-N8:35271/', 'http://ying-N8:38873/', 'http://ying-N8:37643/']
[rosmaster.master][INFO] 2026-04-24 21:16:57,154: -PUB [/vis/agent_8/speed_limit] /onlane_ai_agent_8 http://ying-N8:33871/
[rosmaster.master][INFO] 2026-04-24 21:16:57,155: -PUB [/vis/agent_8/forward_trajs] /onlane_ai_agent_8 http://ying-N8:33871/
[rosmaster.master][INFO] 2026-04-24 21:16:57,155: publisherUpdate[/rosout] -> http://ying-N8:39433/ ['http://ying-N8:42767/', 'http://ying-N8:37713/', 'http://ying-N8:38697/', 'http://ying-N8:39091/', 'http://ying-N8:35331/', 'http://ying-N8:44423/', 'http://ying-N8:33871/', 'http://ying-N8:35271/', 'http://ying-N8:38873/', 'http://ying-N8:37643/']: sec=0.00, result=[1, '', 0]
[rosmaster.master][INFO] 2026-04-24 21:16:57,155: publisherUpdate[/ctrl/agent_7] -> http://ying-N8:38873/ []: sec=0.00, result=[0, 'Unknown Error', 0]
[rosmaster.master][INFO] 2026-04-24 21:16:57,156: -SUB [/arena_info_static] /onlane_ai_agent_8 http://ying-N8:33871/
[rosmaster.master][INFO] 2026-04-24 21:16:57,156: publisherUpdate[/rosout] -> http://ying-N8:39433/ ['http://ying-N8:42767/', 'http://ying-N8:37713/', 'http://ying-N8:38697/', 'http://ying-N8:39091/', 'http://ying-N8:44423/', 'http://ying-N8:33871/', 'http://ying-N8:35271/', 'http://ying-N8:38873/', 'http://ying-N8:37643/']
[rosmaster.master][INFO] 2026-04-24 21:16:57,156: publisherUpdate[/ctrl/agent_2] -> http://ying-N8:38873/ []
[rosmaster.master][INFO] 2026-04-24 21:16:57,156: -SUB [/arena_info_dynamic] /onlane_ai_agent_8 http://ying-N8:33871/
[rosmaster.master][INFO] 2026-04-24 21:16:57,157: publisherUpdate[/rosout] -> http://ying-N8:39433/ ['http://ying-N8:42767/', 'http://ying-N8:37713/', 'http://ying-N8:38697/', 'http://ying-N8:39091/', 'http://ying-N8:44423/', 'http://ying-N8:33871/', 'http://ying-N8:35271/', 'http://ying-N8:38873/', 'http://ying-N8:37643/']: sec=0.00, result=[1, '', 0]
[rosmaster.master][INFO] 2026-04-24 21:16:57,157: publisherUpdate[/rosout] -> http://ying-N8:39433/ ['http://ying-N8:42767/', 'http://ying-N8:37713/', 'http://ying-N8:38697/', 'http://ying-N8:39091/', 'http://ying-N8:44423/', 'http://ying-N8:33871/', 'http://ying-N8:35271/', 'http://ying-N8:38873/']
[rosmaster.master][INFO] 2026-04-24 21:16:57,157: publisherUpdate[/ctrl/agent_2] -> http://ying-N8:38873/ []: sec=0.00, result=[0, 'Unknown Error', 0]
[rosmaster.master][INFO] 2026-04-24 21:16:57,158: -SUB [/joy] /onlane_ai_agent_8 http://ying-N8:33871/
[rosmaster.master][INFO] 2026-04-24 21:16:57,158: publisherUpdate[/rosout] -> http://ying-N8:39433/ ['http://ying-N8:42767/', 'http://ying-N8:37713/', 'http://ying-N8:38697/', 'http://ying-N8:39091/', 'http://ying-N8:44423/', 'http://ying-N8:33871/', 'http://ying-N8:35271/', 'http://ying-N8:38873/']: sec=0.00, result=[1, '', 0]
[rosmaster.master][INFO] 2026-04-24 21:16:57,158: publisherUpdate[/ctrl/agent_5] -> http://ying-N8:38873/ []
[rosmaster.master][INFO] 2026-04-24 21:16:57,159: publisherUpdate[/rosout] -> http://ying-N8:39433/ ['http://ying-N8:42767/', 'http://ying-N8:37713/', 'http://ying-N8:38697/', 'http://ying-N8:39091/', 'http://ying-N8:44423/', 'http://ying-N8:35271/', 'http://ying-N8:38873/']
[rosmaster.master][INFO] 2026-04-24 21:16:57,159: -PUB [/rosout] /onlane_ai_agent_6 http://ying-N8:44423/
[rosmaster.master][INFO] 2026-04-24 21:16:57,159: publisherUpdate[/ctrl/agent_5] -> http://ying-N8:38873/ []: sec=0.00, result=[0, 'Unknown Error', 0]
[rosmaster.master][INFO] 2026-04-24 21:16:57,160: publisherUpdate[/rosout] -> http://ying-N8:39433/ ['http://ying-N8:42767/', 'http://ying-N8:37713/', 'http://ying-N8:38697/', 'http://ying-N8:39091/', 'http://ying-N8:44423/', 'http://ying-N8:35271/', 'http://ying-N8:38873/']: sec=0.00, result=[1, '', 0]
[rosmaster.master][INFO] 2026-04-24 21:16:57,160: publisherUpdate[/ctrl/agent_10] -> http://ying-N8:38873/ []
[rosmaster.master][INFO] 2026-04-24 21:16:57,160: -SERVICE [/onlane_ai_agent_8/get_loggers] /onlane_ai_agent_8 rosrpc://ying-N8:58611
[rosmaster.master][INFO] 2026-04-24 21:16:57,160: publisherUpdate[/rosout] -> http://ying-N8:39433/ ['http://ying-N8:42767/', 'http://ying-N8:37713/', 'http://ying-N8:38697/', 'http://ying-N8:39091/', 'http://ying-N8:35271/', 'http://ying-N8:38873/']
[rosmaster.master][INFO] 2026-04-24 21:16:57,161: publisherUpdate[/ctrl/agent_10] -> http://ying-N8:38873/ []: sec=0.00, result=[0, 'Unknown Error', 0]
[rosmaster.master][INFO] 2026-04-24 21:16:57,161: publisherUpdate[/ctrl/agent_8] -> http://ying-N8:38873/ []
[rosmaster.master][INFO] 2026-04-24 21:16:57,161: -PUB [/ctrl/agent_6] /onlane_ai_agent_6 http://ying-N8:44423/
[rosmaster.master][INFO] 2026-04-24 21:16:57,162: publisherUpdate[/ctrl/agent_8] -> http://ying-N8:38873/ []: sec=0.00, result=[0, 'Unknown Error', 0]
[rosmaster.master][INFO] 2026-04-24 21:16:57,162: publisherUpdate[/rosout] -> http://ying-N8:39433/ ['http://ying-N8:42767/', 'http://ying-N8:37713/', 'http://ying-N8:38697/', 'http://ying-N8:39091/', 'http://ying-N8:35271/', 'http://ying-N8:38873/']: sec=0.00, result=[1, '', 0]
[rosmaster.master][INFO] 2026-04-24 21:16:57,162: -SERVICE [/onlane_ai_agent_8/set_logger_level] /onlane_ai_agent_8 rosrpc://ying-N8:58611
[rosmaster.master][INFO] 2026-04-24 21:16:57,162: publisherUpdate[/ctrl/agent_6] -> http://ying-N8:38873/ []
[rosmaster.master][INFO] 2026-04-24 21:16:57,163: -PUB [/rosout] /onlane_ai_agent_9 http://ying-N8:35271/
[rosmaster.master][INFO] 2026-04-24 21:16:57,163: publisherUpdate[/ctrl/agent_6] -> http://ying-N8:38873/ []: sec=0.00, result=[0, 'Unknown Error', 0]
[rosmaster.master][INFO] 2026-04-24 21:16:57,163: -PUB [/tf] /onlane_ai_agent_6 http://ying-N8:44423/
[rosmaster.master][INFO] 2026-04-24 21:16:57,163: publisherUpdate[/rosout] -> http://ying-N8:39433/ ['http://ying-N8:42767/', 'http://ying-N8:37713/', 'http://ying-N8:38697/', 'http://ying-N8:39091/', 'http://ying-N8:38873/']
[rosmaster.master][INFO] 2026-04-24 21:16:57,164: -PUB [/ctrl/agent_9] /onlane_ai_agent_9 http://ying-N8:35271/
[rosmaster.master][INFO] 2026-04-24 21:16:57,164: publisherUpdate[/rosout] -> http://ying-N8:39433/ ['http://ying-N8:42767/', 'http://ying-N8:37713/', 'http://ying-N8:38697/', 'http://ying-N8:39091/', 'http://ying-N8:38873/']: sec=0.00, result=[1, '', 0]
[rosmaster.master][INFO] 2026-04-24 21:16:57,164: -PUB [/vis/agent_6/ego_vehicle_vis] /onlane_ai_agent_6 http://ying-N8:44423/
[rosmaster.master][INFO] 2026-04-24 21:16:57,165: publisherUpdate[/ctrl/agent_9] -> http://ying-N8:38873/ []
[rosmaster.master][INFO] 2026-04-24 21:16:57,165: -PUB [/tf] /onlane_ai_agent_9 http://ying-N8:35271/
[rosmaster.master][INFO] 2026-04-24 21:16:57,165: -PUB [/vis/agent_6/obstacle_map] /onlane_ai_agent_6 http://ying-N8:44423/
[rosmaster.master][INFO] 2026-04-24 21:16:57,166: publisherUpdate[/ctrl/agent_9] -> http://ying-N8:38873/ []: sec=0.00, result=[0, 'Unknown Error', 0]
[rosmaster.master][INFO] 2026-04-24 21:16:57,166: -PUB [/vis/agent_9/ego_vehicle_vis] /onlane_ai_agent_9 http://ying-N8:35271/
[rosmaster.master][INFO] 2026-04-24 21:16:57,166: -PUB [/vis/agent_6/surrounding_lane_net_vis] /onlane_ai_agent_6 http://ying-N8:44423/
[rosmaster.master][INFO] 2026-04-24 21:16:57,167: -PUB [/vis/agent_9/obstacle_map] /onlane_ai_agent_9 http://ying-N8:35271/
[rosmaster.master][INFO] 2026-04-24 21:16:57,167: -PUB [/vis/agent_6/local_lanes_vis] /onlane_ai_agent_6 http://ying-N8:44423/
[rosmaster.master][INFO] 2026-04-24 21:16:57,167: -PUB [/vis/agent_9/surrounding_lane_net_vis] /onlane_ai_agent_9 http://ying-N8:35271/
[rosmaster.master][INFO] 2026-04-24 21:16:57,167: -PUB [/vis/agent_6/ego_behavior_vis] /onlane_ai_agent_6 http://ying-N8:44423/
[rosmaster.master][INFO] 2026-04-24 21:16:57,168: -PUB [/vis/agent_9/local_lanes_vis] /onlane_ai_agent_9 http://ying-N8:35271/
[rosmaster.master][INFO] 2026-04-24 21:16:57,168: -PUB [/vis/agent_6/pred_traj_openloop_vis] /onlane_ai_agent_6 http://ying-N8:44423/
[rosmaster.master][INFO] 2026-04-24 21:16:57,168: -PUB [/vis/agent_9/ego_behavior_vis] /onlane_ai_agent_9 http://ying-N8:35271/
[rosmaster.master][INFO] 2026-04-24 21:16:57,168: -PUB [/vis/agent_6/pred_initial_intention_vis] /onlane_ai_agent_6 http://ying-N8:44423/
[rosmaster.master][INFO] 2026-04-24 21:16:57,169: -PUB [/vis/agent_9/pred_traj_openloop_vis] /onlane_ai_agent_9 http://ying-N8:35271/
[rosmaster.master][INFO] 2026-04-24 21:16:57,169: -PUB [/vis/agent_6/surrounding_vehicle_vis] /onlane_ai_agent_6 http://ying-N8:44423/
[rosmaster.master][INFO] 2026-04-24 21:16:57,169: -PUB [/vis/agent_9/pred_initial_intention_vis] /onlane_ai_agent_9 http://ying-N8:35271/
[rosmaster.master][INFO] 2026-04-24 21:16:57,170: -PUB [/vis/agent_6/speed_limit] /onlane_ai_agent_6 http://ying-N8:44423/
[rosmaster.master][INFO] 2026-04-24 21:16:57,170: -PUB [/vis/agent_9/surrounding_vehicle_vis] /onlane_ai_agent_9 http://ying-N8:35271/
[rosmaster.master][INFO] 2026-04-24 21:16:57,170: -PUB [/vis/agent_6/forward_trajs] /onlane_ai_agent_6 http://ying-N8:44423/
[rosmaster.master][INFO] 2026-04-24 21:16:57,170: -PUB [/vis/agent_9/speed_limit] /onlane_ai_agent_9 http://ying-N8:35271/
[rosmaster.master][INFO] 2026-04-24 21:16:57,171: -SUB [/arena_info_static] /onlane_ai_agent_6 http://ying-N8:44423/
[rosmaster.master][INFO] 2026-04-24 21:16:57,171: -PUB [/vis/agent_9/forward_trajs] /onlane_ai_agent_9 http://ying-N8:35271/
[rosmaster.master][INFO] 2026-04-24 21:16:57,171: -SUB [/arena_info_dynamic] /onlane_ai_agent_6 http://ying-N8:44423/
[rosmaster.master][INFO] 2026-04-24 21:16:57,172: -SUB [/arena_info_static] /onlane_ai_agent_9 http://ying-N8:35271/
[rosmaster.master][INFO] 2026-04-24 21:16:57,172: -SUB [/joy] /onlane_ai_agent_6 http://ying-N8:44423/
[rosmaster.master][INFO] 2026-04-24 21:16:57,172: -SUB [/arena_info_dynamic] /onlane_ai_agent_9 http://ying-N8:35271/
[rosmaster.master][INFO] 2026-04-24 21:16:57,172: -SERVICE [/onlane_ai_agent_6/get_loggers] /onlane_ai_agent_6 rosrpc://ying-N8:41805
[rosmaster.master][INFO] 2026-04-24 21:16:57,173: -SUB [/joy] /onlane_ai_agent_9 http://ying-N8:35271/
[rosmaster.master][INFO] 2026-04-24 21:16:57,173: -SERVICE [/onlane_ai_agent_6/set_logger_level] /onlane_ai_agent_6 rosrpc://ying-N8:41805
[rosmaster.master][INFO] 2026-04-24 21:16:57,173: -SERVICE [/onlane_ai_agent_9/get_loggers] /onlane_ai_agent_9 rosrpc://ying-N8:45297
[rosmaster.master][INFO] 2026-04-24 21:16:57,173: -SERVICE [/onlane_ai_agent_9/set_logger_level] /onlane_ai_agent_9 rosrpc://ying-N8:45297
[rosmaster.master][INFO] 2026-04-24 21:16:57,199: -PUB [/rosout] /onlane_ai_agent_4 http://ying-N8:39091/
[rosmaster.master][INFO] 2026-04-24 21:16:57,199: -PUB [/ctrl/agent_4] /onlane_ai_agent_4 http://ying-N8:39091/
[rosmaster.master][INFO] 2026-04-24 21:16:57,200: -PUB [/tf] /onlane_ai_agent_4 http://ying-N8:39091/
[rosmaster.master][INFO] 2026-04-24 21:16:57,200: -PUB [/vis/agent_4/ego_vehicle_vis] /onlane_ai_agent_4 http://ying-N8:39091/
[rosmaster.master][INFO] 2026-04-24 21:16:57,200: -PUB [/vis/agent_4/obstacle_map] /onlane_ai_agent_4 http://ying-N8:39091/
[rosmaster.master][INFO] 2026-04-24 21:16:57,201: -PUB [/vis/agent_4/surrounding_lane_net_vis] /onlane_ai_agent_4 http://ying-N8:39091/
[rosmaster.master][INFO] 2026-04-24 21:16:57,201: -PUB [/vis/agent_4/local_lanes_vis] /onlane_ai_agent_4 http://ying-N8:39091/
[rosmaster.master][INFO] 2026-04-24 21:16:57,202: -PUB [/vis/agent_4/ego_behavior_vis] /onlane_ai_agent_4 http://ying-N8:39091/
[rosmaster.master][INFO] 2026-04-24 21:16:57,202: -PUB [/vis/agent_4/pred_traj_openloop_vis] /onlane_ai_agent_4 http://ying-N8:39091/
[rosmaster.master][INFO] 2026-04-24 21:16:57,202: -PUB [/vis/agent_4/pred_initial_intention_vis] /onlane_ai_agent_4 http://ying-N8:39091/
[rosmaster.master][INFO] 2026-04-24 21:16:57,203: -PUB [/vis/agent_4/surrounding_vehicle_vis] /onlane_ai_agent_4 http://ying-N8:39091/
[rosmaster.master][INFO] 2026-04-24 21:16:57,203: -PUB [/vis/agent_4/speed_limit] /onlane_ai_agent_4 http://ying-N8:39091/
[rosmaster.master][INFO] 2026-04-24 21:16:57,203: -PUB [/vis/agent_4/forward_trajs] /onlane_ai_agent_4 http://ying-N8:39091/
[rosmaster.master][INFO] 2026-04-24 21:16:57,204: -SUB [/arena_info_static] /onlane_ai_agent_4 http://ying-N8:39091/
[rosmaster.master][INFO] 2026-04-24 21:16:57,204: -SUB [/arena_info_dynamic] /onlane_ai_agent_4 http://ying-N8:39091/
[rosmaster.master][INFO] 2026-04-24 21:16:57,204: -SUB [/joy] /onlane_ai_agent_4 http://ying-N8:39091/
[rosmaster.master][INFO] 2026-04-24 21:16:57,205: -SERVICE [/onlane_ai_agent_4/get_loggers] /onlane_ai_agent_4 rosrpc://ying-N8:47913
[rosmaster.master][INFO] 2026-04-24 21:16:57,205: -SERVICE [/onlane_ai_agent_4/set_logger_level] /onlane_ai_agent_4 rosrpc://ying-N8:47913
[rosmaster.master][INFO] 2026-04-24 21:16:57,217: -PUB [/rosout] /onlane_ai_agent_3 http://ying-N8:38697/
[rosmaster.master][INFO] 2026-04-24 21:16:57,218: -PUB [/ctrl/agent_3] /onlane_ai_agent_3 http://ying-N8:38697/
[rosmaster.master][INFO] 2026-04-24 21:16:57,218: -PUB [/tf] /onlane_ai_agent_3 http://ying-N8:38697/
[rosmaster.master][INFO] 2026-04-24 21:16:57,218: -PUB [/vis/agent_3/ego_vehicle_vis] /onlane_ai_agent_3 http://ying-N8:38697/
[rosmaster.master][INFO] 2026-04-24 21:16:57,219: -PUB [/vis/agent_3/obstacle_map] /onlane_ai_agent_3 http://ying-N8:38697/
[rosmaster.master][INFO] 2026-04-24 21:16:57,219: -PUB [/vis/agent_3/surrounding_lane_net_vis] /onlane_ai_agent_3 http://ying-N8:38697/
[rosmaster.master][INFO] 2026-04-24 21:16:57,219: -PUB [/vis/agent_3/local_lanes_vis] /onlane_ai_agent_3 http://ying-N8:38697/
[rosmaster.master][INFO] 2026-04-24 21:16:57,220: -PUB [/vis/agent_3/ego_behavior_vis] /onlane_ai_agent_3 http://ying-N8:38697/
[rosmaster.master][INFO] 2026-04-24 21:16:57,220: -PUB [/vis/agent_3/pred_traj_openloop_vis] /onlane_ai_agent_3 http://ying-N8:38697/
[rosmaster.master][INFO] 2026-04-24 21:16:57,220: -PUB [/vis/agent_3/pred_initial_intention_vis] /onlane_ai_agent_3 http://ying-N8:38697/
[rosmaster.master][INFO] 2026-04-24 21:16:57,221: -PUB [/vis/agent_3/surrounding_vehicle_vis] /onlane_ai_agent_3 http://ying-N8:38697/
[rosmaster.master][INFO] 2026-04-24 21:16:57,221: -PUB [/vis/agent_3/speed_limit] /onlane_ai_agent_3 http://ying-N8:38697/
[rosmaster.master][INFO] 2026-04-24 21:16:57,221: -PUB [/vis/agent_3/forward_trajs] /onlane_ai_agent_3 http://ying-N8:38697/
[rosmaster.master][INFO] 2026-04-24 21:16:57,222: -SUB [/arena_info_static] /onlane_ai_agent_3 http://ying-N8:38697/
[rosmaster.master][INFO] 2026-04-24 21:16:57,222: -SUB [/arena_info_dynamic] /onlane_ai_agent_3 http://ying-N8:38697/
[rosmaster.master][INFO] 2026-04-24 21:16:57,222: -SUB [/joy] /onlane_ai_agent_3 http://ying-N8:38697/
[rosmaster.master][INFO] 2026-04-24 21:16:57,223: -SERVICE [/onlane_ai_agent_3/get_loggers] /onlane_ai_agent_3 rosrpc://ying-N8:43947
[rosmaster.master][INFO] 2026-04-24 21:16:57,223: -SERVICE [/onlane_ai_agent_3/set_logger_level] /onlane_ai_agent_3 rosrpc://ying-N8:43947
[rosmaster.master][INFO] 2026-04-24 21:16:57,254: publisherUpdate[/rosout] -> http://ying-N8:39433/ ['http://ying-N8:42767/', 'http://ying-N8:37713/', 'http://ying-N8:38697/', 'http://ying-N8:38873/']
[rosmaster.master][INFO] 2026-04-24 21:16:57,254: publisherUpdate[/rosout] -> http://ying-N8:39433/ ['http://ying-N8:42767/', 'http://ying-N8:37713/', 'http://ying-N8:38697/', 'http://ying-N8:38873/']: sec=0.00, result=[1, '', 0]
[rosmaster.master][INFO] 2026-04-24 21:16:57,254: publisherUpdate[/ctrl/agent_4] -> http://ying-N8:38873/ []
[rosmaster.master][INFO] 2026-04-24 21:16:57,255: -PUB [/rosout] /phy_simulator_planning_node http://ying-N8:38873/
[rosmaster.master][INFO] 2026-04-24 21:16:57,255: -PUB [/arena_info_static] /phy_simulator_planning_node http://ying-N8:38873/
[rosmaster.master][INFO] 2026-04-24 21:16:57,256: -PUB [/arena_info_dynamic] /phy_simulator_planning_node http://ying-N8:38873/
[rosmaster.master][INFO] 2026-04-24 21:16:57,256: -PUB [/phy_simulator_planning_node/vis/vehicle_set_vis] /phy_simulator_planning_node http://ying-N8:38873/
[rosmaster.master][INFO] 2026-04-24 21:16:57,257: -PUB [/phy_simulator_planning_node/vis/lane_net_vis] /phy_simulator_planning_node http://ying-N8:38873/
[rosmaster.master][INFO] 2026-04-24 21:16:57,257: -PUB [/phy_simulator_planning_node/vis/obstacle_set_vis] /phy_simulator_planning_node http://ying-N8:38873/
[rosmaster.master][INFO] 2026-04-24 21:16:57,258: -SUB [/ctrl/agent_10] /phy_simulator_planning_node http://ying-N8:38873/
[rosmaster.master][INFO] 2026-04-24 21:16:57,258: -SUB [/ctrl/agent_9] /phy_simulator_planning_node http://ying-N8:38873/
[rosmaster.master][INFO] 2026-04-24 21:16:57,259: -SUB [/ctrl/agent_8] /phy_simulator_planning_node http://ying-N8:38873/
[rosmaster.master][INFO] 2026-04-24 21:16:57,259: -SUB [/ctrl/agent_7] /phy_simulator_planning_node http://ying-N8:38873/
[rosmaster.master][INFO] 2026-04-24 21:16:57,260: -SUB [/ctrl/agent_6] /phy_simulator_planning_node http://ying-N8:38873/
[rosmaster.master][INFO] 2026-04-24 21:16:57,260: -SUB [/ctrl/agent_5] /phy_simulator_planning_node http://ying-N8:38873/
[rosmaster.master][INFO] 2026-04-24 21:16:57,261: -SUB [/ctrl/agent_4] /phy_simulator_planning_node http://ying-N8:38873/
[rosmaster.master][INFO] 2026-04-24 21:16:57,261: -SUB [/ctrl/agent_3] /phy_simulator_planning_node http://ying-N8:38873/
[rosmaster.master][INFO] 2026-04-24 21:16:57,261: -SUB [/ctrl/agent_2] /phy_simulator_planning_node http://ying-N8:38873/
[rosmaster.master][INFO] 2026-04-24 21:16:57,262: -SUB [/ctrl/agent_1] /phy_simulator_planning_node http://ying-N8:38873/
[rosmaster.master][INFO] 2026-04-24 21:16:57,262: -SUB [/ctrl/agent_0] /phy_simulator_planning_node http://ying-N8:38873/
[rosmaster.master][INFO] 2026-04-24 21:16:57,262: -SUB [/initialpose] /phy_simulator_planning_node http://ying-N8:38873/
[rosmaster.master][INFO] 2026-04-24 21:16:57,263: publisherUpdate[/rosout] -> http://ying-N8:39433/ ['http://ying-N8:42767/', 'http://ying-N8:37713/', 'http://ying-N8:38873/']
[rosmaster.master][INFO] 2026-04-24 21:16:57,263: -SUB [/move_base_simple/goal] /phy_simulator_planning_node http://ying-N8:38873/
[rosmaster.master][INFO] 2026-04-24 21:16:57,263: -SERVICE [/phy_simulator_planning_node/get_loggers] /phy_simulator_planning_node rosrpc://ying-N8:56377
[rosmaster.master][INFO] 2026-04-24 21:16:57,264: publisherUpdate[/rosout] -> http://ying-N8:39433/ ['http://ying-N8:42767/', 'http://ying-N8:37713/', 'http://ying-N8:38873/']: sec=0.00, result=[1, '', 0]
[rosmaster.master][INFO] 2026-04-24 21:16:57,264: publisherUpdate[/rosout] -> http://ying-N8:39433/ ['http://ying-N8:42767/', 'http://ying-N8:37713/']
[rosmaster.master][INFO] 2026-04-24 21:16:57,264: -SERVICE [/phy_simulator_planning_node/set_logger_level] /phy_simulator_planning_node rosrpc://ying-N8:56377
[rosmaster.master][INFO] 2026-04-24 21:16:57,264: publisherUpdate[/rosout] -> http://ying-N8:39433/ ['http://ying-N8:42767/', 'http://ying-N8:37713/']: sec=0.00, result=[1, '', 0]
[rosmaster.master][INFO] 2026-04-24 21:16:57,265: publisherUpdate[/arena_info_static] -> http://ying-N8:42767/ []
[rosmaster.master][INFO] 2026-04-24 21:16:57,265: publisherUpdate[/arena_info_static] -> http://ying-N8:42767/ []: sec=0.00, result=[1, '', 0]
[rosmaster.master][INFO] 2026-04-24 21:16:57,265: publisherUpdate[/arena_info_static] -> http://ying-N8:37713/ []
[rosmaster.master][INFO] 2026-04-24 21:16:57,266: publisherUpdate[/arena_info_static] -> http://ying-N8:37713/ []: sec=0.00, result=[0, 'Unknown Error', 0]
[rosmaster.master][INFO] 2026-04-24 21:16:57,266: publisherUpdate[/arena_info_dynamic] -> http://ying-N8:42767/ []
[rosmaster.master][INFO] 2026-04-24 21:16:57,266: publisherUpdate[/arena_info_dynamic] -> http://ying-N8:42767/ []: sec=0.00, result=[1, '', 0]
[rosmaster.master][INFO] 2026-04-24 21:16:57,266: publisherUpdate[/arena_info_dynamic] -> http://ying-N8:37713/ []
[rosmaster.master][INFO] 2026-04-24 21:16:57,267: publisherUpdate[/arena_info_dynamic] -> http://ying-N8:37713/ []: sec=0.00, result=[0, 'Unknown Error', 0]
[rosmaster.master][INFO] 2026-04-24 21:16:57,267: publisherUpdate[/ctrl/agent_4] -> http://ying-N8:38873/ []: sec=0.01, exception=[Errno 111] Connection refused
[rosmaster.threadpool][ERROR] 2026-04-24 21:16:57,269: Traceback (most recent call last):
  File "/opt/ros/noetic/lib/python3/dist-packages/rosmaster/threadpool.py", line 218, in run
    result = cmd(*args)
  File "/opt/ros/noetic/lib/python3/dist-packages/rosmaster/master_api.py", line 210, in publisher_update_task
    ret = xmlrpcapi(api).publisherUpdate('/master', topic, pub_uris)
  File "/usr/lib/python3.8/xmlrpc/client.py", line 1109, in __call__
    return self.__send(self.__name, args)
  File "/usr/lib/python3.8/xmlrpc/client.py", line 1450, in __request
    response = self.__transport.request(
  File "/usr/lib/python3.8/xmlrpc/client.py", line 1153, in request
    return self.single_request(host, handler, request_body, verbose)
  File "/usr/lib/python3.8/xmlrpc/client.py", line 1165, in single_request
    http_conn = self.send_request(host, handler, request_body, verbose)
  File "/usr/lib/python3.8/xmlrpc/client.py", line 1278, in send_request
    self.send_content(connection, request_body)
  File "/usr/lib/python3.8/xmlrpc/client.py", line 1308, in send_content
    connection.endheaders(request_body)
  File "/usr/lib/python3.8/http/client.py", line 1251, in endheaders
    self._send_output(message_body, encode_chunked=encode_chunked)
  File "/usr/lib/python3.8/http/client.py", line 1011, in _send_output
    self.send(msg)
  File "/usr/lib/python3.8/http/client.py", line 951, in send
    self.connect()
  File "/usr/lib/python3.8/http/client.py", line 922, in connect
    self.sock = self._create_connection(
  File "/usr/lib/python3.8/socket.py", line 808, in create_connection
    raise err
  File "/usr/lib/python3.8/socket.py", line 796, in create_connection
    sock.connect(sa)
ConnectionRefusedError: [Errno 111] Connection refused

[rosmaster.master][INFO] 2026-04-24 21:16:57,269: publisherUpdate[/ctrl/agent_3] -> http://ying-N8:38873/ []
[rosmaster.master][INFO] 2026-04-24 21:16:57,269: publisherUpdate[/ctrl/agent_3] -> http://ying-N8:38873/ []: sec=0.00, exception=[Errno 111] Connection refused
[rosmaster.threadpool][ERROR] 2026-04-24 21:16:57,269: Traceback (most recent call last):
  File "/opt/ros/noetic/lib/python3/dist-packages/rosmaster/threadpool.py", line 218, in run
    result = cmd(*args)
  File "/opt/ros/noetic/lib/python3/dist-packages/rosmaster/master_api.py", line 210, in publisher_update_task
    ret = xmlrpcapi(api).publisherUpdate('/master', topic, pub_uris)
  File "/usr/lib/python3.8/xmlrpc/client.py", line 1109, in __call__
    return self.__send(self.__name, args)
  File "/usr/lib/python3.8/xmlrpc/client.py", line 1450, in __request
    response = self.__transport.request(
  File "/usr/lib/python3.8/xmlrpc/client.py", line 1153, in request
    return self.single_request(host, handler, request_body, verbose)
  File "/usr/lib/python3.8/xmlrpc/client.py", line 1165, in single_request
    http_conn = self.send_request(host, handler, request_body, verbose)
  File "/usr/lib/python3.8/xmlrpc/client.py", line 1278, in send_request
    self.send_content(connection, request_body)
  File "/usr/lib/python3.8/xmlrpc/client.py", line 1308, in send_content
    connection.endheaders(request_body)
  File "/usr/lib/python3.8/http/client.py", line 1251, in endheaders
    self._send_output(message_body, encode_chunked=encode_chunked)
  File "/usr/lib/python3.8/http/client.py", line 1011, in _send_output
    self.send(msg)
  File "/usr/lib/python3.8/http/client.py", line 951, in send
    self.connect()
  File "/usr/lib/python3.8/http/client.py", line 922, in connect
    self.sock = self._create_connection(
  File "/usr/lib/python3.8/socket.py", line 808, in create_connection
    raise err
  File "/usr/lib/python3.8/socket.py", line 796, in create_connection
    sock.connect(sa)
ConnectionRefusedError: [Errno 111] Connection refused

[rosmaster.master][INFO] 2026-04-24 21:16:57,367: -PUB [/rosout] /test_ssc_with_eudm_0 http://ying-N8:42767/
[rosmaster.master][INFO] 2026-04-24 21:16:57,367: publisherUpdate[/rosout] -> http://ying-N8:39433/ ['http://ying-N8:37713/']
[rosmaster.master][INFO] 2026-04-24 21:16:57,367: -PUB [/rosout] /onlane_ai_agent_1 http://ying-N8:37713/
[rosmaster.master][INFO] 2026-04-24 21:16:57,368: -PUB [/tf] /test_ssc_with_eudm_0 http://ying-N8:42767/
[rosmaster.master][INFO] 2026-04-24 21:16:57,368: publisherUpdate[/rosout] -> http://ying-N8:39433/ ['http://ying-N8:37713/']: sec=0.00, result=[1, '', 0]
[rosmaster.master][INFO] 2026-04-24 21:16:57,369: -PUB [/ctrl/agent_1] /onlane_ai_agent_1 http://ying-N8:37713/
[rosmaster.master][INFO] 2026-04-24 21:16:57,369: publisherUpdate[/rosout] -> http://ying-N8:39433/ []
[rosmaster.master][INFO] 2026-04-24 21:16:57,369: -PUB [/vis/agent_0/ego_vehicle_vis] /test_ssc_with_eudm_0 http://ying-N8:42767/
[rosmaster.master][INFO] 2026-04-24 21:16:57,370: publisherUpdate[/rosout] -> http://ying-N8:39433/ []: sec=0.00, result=[1, '', 0]
[rosmaster.master][INFO] 2026-04-24 21:16:57,370: -PUB [/tf] /onlane_ai_agent_1 http://ying-N8:37713/
[rosmaster.master][INFO] 2026-04-24 21:16:57,370: -PUB [/vis/agent_0/obstacle_map] /test_ssc_with_eudm_0 http://ying-N8:42767/
[rosmaster.master][INFO] 2026-04-24 21:16:57,371: -PUB [/vis/agent_1/ego_vehicle_vis] /onlane_ai_agent_1 http://ying-N8:37713/
[rosmaster.master][INFO] 2026-04-24 21:16:57,371: -PUB [/vis/agent_0/surrounding_lane_net_vis] /test_ssc_with_eudm_0 http://ying-N8:42767/
[rosmaster.master][INFO] 2026-04-24 21:16:57,372: -PUB [/vis/agent_1/obstacle_map] /onlane_ai_agent_1 http://ying-N8:37713/
[rosmaster.master][INFO] 2026-04-24 21:16:57,372: -PUB [/vis/agent_0/local_lanes_vis] /test_ssc_with_eudm_0 http://ying-N8:42767/
[rosmaster.master][INFO] 2026-04-24 21:16:57,372: -PUB [/vis/agent_1/surrounding_lane_net_vis] /onlane_ai_agent_1 http://ying-N8:37713/
[rosmaster.master][INFO] 2026-04-24 21:16:57,373: -PUB [/vis/agent_0/ego_behavior_vis] /test_ssc_with_eudm_0 http://ying-N8:42767/
[rosmaster.master][INFO] 2026-04-24 21:16:57,373: -PUB [/vis/agent_1/local_lanes_vis] /onlane_ai_agent_1 http://ying-N8:37713/
[rosmaster.master][INFO] 2026-04-24 21:16:57,374: -PUB [/vis/agent_0/pred_traj_openloop_vis] /test_ssc_with_eudm_0 http://ying-N8:42767/
[rosmaster.master][INFO] 2026-04-24 21:16:57,374: -PUB [/vis/agent_1/ego_behavior_vis] /onlane_ai_agent_1 http://ying-N8:37713/
[rosmaster.master][INFO] 2026-04-24 21:16:57,375: -PUB [/vis/agent_0/pred_initial_intention_vis] /test_ssc_with_eudm_0 http://ying-N8:42767/
[rosmaster.master][INFO] 2026-04-24 21:16:57,375: -PUB [/vis/agent_1/pred_traj_openloop_vis] /onlane_ai_agent_1 http://ying-N8:37713/
[rosmaster.master][INFO] 2026-04-24 21:16:57,376: -PUB [/vis/agent_0/surrounding_vehicle_vis] /test_ssc_with_eudm_0 http://ying-N8:42767/
[rosmaster.master][INFO] 2026-04-24 21:16:57,376: -PUB [/vis/agent_1/pred_initial_intention_vis] /onlane_ai_agent_1 http://ying-N8:37713/
[rosmaster.master][INFO] 2026-04-24 21:16:57,377: -PUB [/vis/agent_0/speed_limit] /test_ssc_with_eudm_0 http://ying-N8:42767/
[rosmaster.master][INFO] 2026-04-24 21:16:57,377: -PUB [/vis/agent_1/surrounding_vehicle_vis] /onlane_ai_agent_1 http://ying-N8:37713/
[rosmaster.master][INFO] 2026-04-24 21:16:57,377: -PUB [/vis/agent_0/ssc/map_vis] /test_ssc_with_eudm_0 http://ying-N8:42767/
[rosmaster.master][INFO] 2026-04-24 21:16:57,378: -PUB [/vis/agent_1/speed_limit] /onlane_ai_agent_1 http://ying-N8:37713/
[rosmaster.master][INFO] 2026-04-24 21:16:57,378: -PUB [/vis/agent_0/ssc/qp_vis] /test_ssc_with_eudm_0 http://ying-N8:42767/
[rosmaster.master][INFO] 2026-04-24 21:16:57,379: -PUB [/vis/agent_1/forward_trajs] /onlane_ai_agent_1 http://ying-N8:37713/
[rosmaster.master][INFO] 2026-04-24 21:16:57,379: -PUB [/vis/agent_0/ssc/ego_fs_vis] /test_ssc_with_eudm_0 http://ying-N8:42767/
[rosmaster.master][INFO] 2026-04-24 21:16:57,379: -SUB [/arena_info_static] /onlane_ai_agent_1 http://ying-N8:37713/
[rosmaster.master][INFO] 2026-04-24 21:16:57,380: -PUB [/vis/agent_0/ssc/forward_trajs_vis] /test_ssc_with_eudm_0 http://ying-N8:42767/
[rosmaster.master][INFO] 2026-04-24 21:16:57,380: -SUB [/arena_info_dynamic] /onlane_ai_agent_1 http://ying-N8:37713/
[rosmaster.master][INFO] 2026-04-24 21:16:57,380: -PUB [/vis/agent_0/ssc/sur_vehicle_trajs_vis] /test_ssc_with_eudm_0 http://ying-N8:42767/
[rosmaster.master][INFO] 2026-04-24 21:16:57,381: -SUB [/joy] /onlane_ai_agent_1 http://ying-N8:37713/
[rosmaster.master][INFO] 2026-04-24 21:16:57,381: -PUB [/vis/agent_0/ssc/corridor_vis] /test_ssc_with_eudm_0 http://ying-N8:42767/
[rosmaster.master][INFO] 2026-04-24 21:16:57,382: -SERVICE [/onlane_ai_agent_1/get_loggers] /onlane_ai_agent_1 rosrpc://ying-N8:45249
[rosmaster.master][INFO] 2026-04-24 21:16:57,382: -PUB [/vis/agent_0/forward_trajs] /test_ssc_with_eudm_0 http://ying-N8:42767/
[rosmaster.master][INFO] 2026-04-24 21:16:57,382: -SERVICE [/onlane_ai_agent_1/set_logger_level] /onlane_ai_agent_1 rosrpc://ying-N8:45249
[rosmaster.master][INFO] 2026-04-24 21:16:57,383: -PUB [/ctrl/agent_0] /test_ssc_with_eudm_0 http://ying-N8:42767/
[rosmaster.master][INFO] 2026-04-24 21:16:57,383: -PUB [/test_ssc_with_eudm_0/ssc_map] /test_ssc_with_eudm_0 http://ying-N8:42767/
[rosmaster.master][INFO] 2026-04-24 21:16:57,383: -PUB [/vis/agent_0/ssc/exec_traj] /test_ssc_with_eudm_0 http://ying-N8:42767/
[rosmaster.master][INFO] 2026-04-24 21:16:57,384: -SUB [/joy] /test_ssc_with_eudm_0 http://ying-N8:42767/
[rosmaster.master][INFO] 2026-04-24 21:16:57,384: -SUB [/arena_info_static] /test_ssc_with_eudm_0 http://ying-N8:42767/
[rosmaster.master][INFO] 2026-04-24 21:16:57,384: -SUB [/arena_info_dynamic] /test_ssc_with_eudm_0 http://ying-N8:42767/
[rosmaster.master][INFO] 2026-04-24 21:16:57,384: -SERVICE [/test_ssc_with_eudm_0/get_loggers] /test_ssc_with_eudm_0 rosrpc://ying-N8:49735
[rosmaster.master][INFO] 2026-04-24 21:16:57,385: -SERVICE [/test_ssc_with_eudm_0/set_logger_level] /test_ssc_with_eudm_0 rosrpc://ying-N8:49735
[rosmaster.master][INFO] 2026-04-24 21:16:57,670: -PUB [/rosout_agg] /rosout http://ying-N8:39433/
[rosmaster.master][INFO] 2026-04-24 21:16:57,671: -SUB [/rosout] /rosout http://ying-N8:39433/
[rosmaster.master][INFO] 2026-04-24 21:16:57,672: -SERVICE [/rosout/get_loggers] /rosout rosrpc://ying-N8:49983
[rosmaster.master][INFO] 2026-04-24 21:16:57,672: -SERVICE [/rosout/set_logger_level] /rosout rosrpc://ying-N8:49983
[rosmaster.main][INFO] 2026-04-24 21:16:57,737: keyboard interrupt, will exit
[rosmaster.main][INFO] 2026-04-24 21:16:57,737: stopping master...
[rospy.core][INFO] 2026-04-24 21:16:57,737: signal_shutdown [atexit]
