[rosmaster.main][INFO] 2026-05-06 19:54:45,941: initialization complete, waiting for shutdown
[rosmaster.main][INFO] 2026-05-06 19:54:45,941: Starting ROS Master Node
[xmlrpc][INFO] 2026-05-06 19:54:45,943: XML-RPC server binding to 0.0.0.0:11311
[xmlrpc][INFO] 2026-05-06 19:54:45,944: Started XML-RPC server [http://y:11311/]
[rosmaster.master][INFO] 2026-05-06 19:54:45,944: Master initialized: port[11311], uri[http://y:11311/]
[xmlrpc][INFO] 2026-05-06 19:54:45,944: xml rpc node: starting XML-RPC server
[rosmaster.master][INFO] 2026-05-06 19:54:45,955: +PARAM [/run_id] by /roslaunch
[rosmaster.master][INFO] 2026-05-06 19:54:45,955: +PARAM [/roslaunch/uris/host_y__43545] by /roslaunch
[rosmaster.master][INFO] 2026-05-06 19:54:45,976: +PARAM [/rosversion] by /roslaunch
[rosmaster.master][INFO] 2026-05-06 19:54:45,976: +PARAM [/rosdistro] by /roslaunch
[rosmaster.master][INFO] 2026-05-06 19:54:45,976: +PARAM [/test_ssc_with_eudm_0/ego_id] by /roslaunch
[rosmaster.master][INFO] 2026-05-06 19:54:45,976: +PARAM [/test_ssc_with_eudm_0/agent_config_path] by /roslaunch
[rosmaster.master][INFO] 2026-05-06 19:54:45,976: +PARAM [/test_ssc_with_eudm_0/bp_config_path] by /roslaunch
[rosmaster.master][INFO] 2026-05-06 19:54:45,976: +PARAM [/test_ssc_with_eudm_0/ssc_config_path] by /roslaunch
[rosmaster.master][INFO] 2026-05-06 19:54:45,976: +PARAM [/test_ssc_with_eudm_0/desired_vel] by /roslaunch
[rosmaster.master][INFO] 2026-05-06 19:54:45,976: +PARAM [/test_ssc_with_eudm_0/use_sim_state] by /roslaunch
[rosmaster.master][INFO] 2026-05-06 19:54:45,976: +PARAM [/onlane_ai_agent_1/ego_id] by /roslaunch
[rosmaster.master][INFO] 2026-05-06 19:54:45,976: +PARAM [/onlane_ai_agent_1/agent_config_path] by /roslaunch
[rosmaster.master][INFO] 2026-05-06 19:54:45,976: +PARAM [/onlane_ai_agent_1/desired_vel] by /roslaunch
[rosmaster.master][INFO] 2026-05-06 19:54:45,976: +PARAM [/onlane_ai_agent_1/autonomous_level] by /roslaunch
[rosmaster.master][INFO] 2026-05-06 19:54:45,976: +PARAM [/onlane_ai_agent_1/aggressiveness_level] by /roslaunch
[rosmaster.master][INFO] 2026-05-06 19:54:45,977: +PARAM [/onlane_ai_agent_2/ego_id] by /roslaunch
[rosmaster.master][INFO] 2026-05-06 19:54:45,977: +PARAM [/onlane_ai_agent_2/agent_config_path] by /roslaunch
[rosmaster.master][INFO] 2026-05-06 19:54:45,977: +PARAM [/onlane_ai_agent_2/desired_vel] by /roslaunch
[rosmaster.master][INFO] 2026-05-06 19:54:45,977: +PARAM [/onlane_ai_agent_2/autonomous_level] by /roslaunch
[rosmaster.master][INFO] 2026-05-06 19:54:45,977: +PARAM [/onlane_ai_agent_2/aggressiveness_level] by /roslaunch
[rosmaster.master][INFO] 2026-05-06 19:54:45,977: +PARAM [/onlane_ai_agent_3/ego_id] by /roslaunch
[rosmaster.master][INFO] 2026-05-06 19:54:45,977: +PARAM [/onlane_ai_agent_3/agent_config_path] by /roslaunch
[rosmaster.master][INFO] 2026-05-06 19:54:45,977: +PARAM [/onlane_ai_agent_3/desired_vel] by /roslaunch
[rosmaster.master][INFO] 2026-05-06 19:54:45,977: +PARAM [/onlane_ai_agent_3/autonomous_level] by /roslaunch
[rosmaster.master][INFO] 2026-05-06 19:54:45,977: +PARAM [/onlane_ai_agent_3/aggressiveness_level] by /roslaunch
[rosmaster.master][INFO] 2026-05-06 19:54:45,977: +PARAM [/onlane_ai_agent_4/ego_id] by /roslaunch
[rosmaster.master][INFO] 2026-05-06 19:54:45,977: +PARAM [/onlane_ai_agent_4/agent_config_path] by /roslaunch
[rosmaster.master][INFO] 2026-05-06 19:54:45,977: +PARAM [/onlane_ai_agent_4/desired_vel] by /roslaunch
[rosmaster.master][INFO] 2026-05-06 19:54:45,977: +PARAM [/onlane_ai_agent_4/autonomous_level] by /roslaunch
[rosmaster.master][INFO] 2026-05-06 19:54:45,977: +PARAM [/onlane_ai_agent_4/aggressiveness_level] by /roslaunch
[rosmaster.master][INFO] 2026-05-06 19:54:45,977: +PARAM [/onlane_ai_agent_5/ego_id] by /roslaunch
[rosmaster.master][INFO] 2026-05-06 19:54:45,977: +PARAM [/onlane_ai_agent_5/agent_config_path] by /roslaunch
[rosmaster.master][INFO] 2026-05-06 19:54:45,977: +PARAM [/onlane_ai_agent_5/desired_vel] by /roslaunch
[rosmaster.master][INFO] 2026-05-06 19:54:45,977: +PARAM [/onlane_ai_agent_5/autonomous_level] by /roslaunch
[rosmaster.master][INFO] 2026-05-06 19:54:45,977: +PARAM [/onlane_ai_agent_5/aggressiveness_level] by /roslaunch
[rosmaster.master][INFO] 2026-05-06 19:54:45,977: +PARAM [/onlane_ai_agent_6/ego_id] by /roslaunch
[rosmaster.master][INFO] 2026-05-06 19:54:45,977: +PARAM [/onlane_ai_agent_6/agent_config_path] by /roslaunch
[rosmaster.master][INFO] 2026-05-06 19:54:45,977: +SERVICE [/rosout/get_loggers] /rosout http://y:43677/
[rosmaster.master][INFO] 2026-05-06 19:54:45,977: +PARAM [/onlane_ai_agent_6/desired_vel] by /roslaunch
[rosmaster.master][INFO] 2026-05-06 19:54:45,977: +PARAM [/onlane_ai_agent_6/autonomous_level] by /roslaunch
[rosmaster.master][INFO] 2026-05-06 19:54:45,977: +SERVICE [/rosout/set_logger_level] /rosout http://y:43677/
[rosmaster.master][INFO] 2026-05-06 19:54:45,977: +PARAM [/onlane_ai_agent_6/aggressiveness_level] by /roslaunch
[rosmaster.master][INFO] 2026-05-06 19:54:45,978: +PARAM [/onlane_ai_agent_7/ego_id] by /roslaunch
[rosmaster.master][INFO] 2026-05-06 19:54:45,978: +PARAM [/onlane_ai_agent_7/agent_config_path] by /roslaunch
[rosmaster.master][INFO] 2026-05-06 19:54:45,978: +PARAM [/onlane_ai_agent_7/desired_vel] by /roslaunch
[rosmaster.master][INFO] 2026-05-06 19:54:45,978: +PARAM [/onlane_ai_agent_7/autonomous_level] by /roslaunch
[rosmaster.master][INFO] 2026-05-06 19:54:45,978: +PARAM [/onlane_ai_agent_7/aggressiveness_level] by /roslaunch
[rosmaster.master][INFO] 2026-05-06 19:54:45,978: +PARAM [/onlane_ai_agent_8/ego_id] by /roslaunch
[rosmaster.master][INFO] 2026-05-06 19:54:45,978: +PARAM [/onlane_ai_agent_8/agent_config_path] by /roslaunch
[rosmaster.master][INFO] 2026-05-06 19:54:45,978: +PARAM [/onlane_ai_agent_8/desired_vel] by /roslaunch
[rosmaster.master][INFO] 2026-05-06 19:54:45,978: +PUB [/rosout_agg] /rosout http://y:43677/
[rosmaster.master][INFO] 2026-05-06 19:54:45,978: +PARAM [/onlane_ai_agent_8/autonomous_level] by /roslaunch
[rosmaster.master][INFO] 2026-05-06 19:54:45,978: +PARAM [/onlane_ai_agent_8/aggressiveness_level] by /roslaunch
[rosmaster.master][INFO] 2026-05-06 19:54:45,978: +PARAM [/onlane_ai_agent_9/ego_id] by /roslaunch
[rosmaster.master][INFO] 2026-05-06 19:54:45,978: +PARAM [/onlane_ai_agent_9/agent_config_path] by /roslaunch
[rosmaster.master][INFO] 2026-05-06 19:54:45,978: +PARAM [/onlane_ai_agent_9/desired_vel] by /roslaunch
[rosmaster.master][INFO] 2026-05-06 19:54:45,978: +PARAM [/onlane_ai_agent_9/autonomous_level] by /roslaunch
[rosmaster.master][INFO] 2026-05-06 19:54:45,978: +PARAM [/onlane_ai_agent_9/aggressiveness_level] by /roslaunch
[rosmaster.master][INFO] 2026-05-06 19:54:45,978: +PARAM [/onlane_ai_agent_10/ego_id] by /roslaunch
[rosmaster.master][INFO] 2026-05-06 19:54:45,978: +PARAM [/onlane_ai_agent_10/agent_config_path] by /roslaunch
[rosmaster.master][INFO] 2026-05-06 19:54:45,978: +PARAM [/onlane_ai_agent_10/desired_vel] by /roslaunch
[rosmaster.master][INFO] 2026-05-06 19:54:45,979: +PARAM [/onlane_ai_agent_10/autonomous_level] by /roslaunch
[rosmaster.master][INFO] 2026-05-06 19:54:45,979: +PARAM [/onlane_ai_agent_10/aggressiveness_level] by /roslaunch
[rosmaster.master][INFO] 2026-05-06 19:54:45,979: +PARAM [/phy_simulator_planning_node/vehicle_info_path] by /roslaunch
[rosmaster.master][INFO] 2026-05-06 19:54:45,979: +PARAM [/phy_simulator_planning_node/map_path] by /roslaunch
[rosmaster.master][INFO] 2026-05-06 19:54:45,979: +PARAM [/phy_simulator_planning_node/lane_net_path] by /roslaunch
[rosmaster.master][INFO] 2026-05-06 19:54:45,979: +SUB [/rosout] /rosout http://y:43677/
[rosmaster.master][INFO] 2026-05-06 19:54:46,007: +PUB [/rosout] /onlane_ai_agent_1 http://y:39789/
[rosmaster.master][INFO] 2026-05-06 19:54:46,008: +SERVICE [/onlane_ai_agent_1/get_loggers] /onlane_ai_agent_1 http://y:39789/
[rosmaster.master][INFO] 2026-05-06 19:54:46,008: +SERVICE [/onlane_ai_agent_1/set_logger_level] /onlane_ai_agent_1 http://y:39789/
[rosmaster.master][INFO] 2026-05-06 19:54:46,013: +PUB [/rosout] /test_ssc_with_eudm_0 http://y:39149/
[rosmaster.master][INFO] 2026-05-06 19:54:46,017: +SERVICE [/test_ssc_with_eudm_0/get_loggers] /test_ssc_with_eudm_0 http://y:39149/
[rosmaster.master][INFO] 2026-05-06 19:54:46,017: +PUB [/rosout] /onlane_ai_agent_3 http://y:43423/
[rosmaster.master][INFO] 2026-05-06 19:54:46,018: +SERVICE [/test_ssc_with_eudm_0/set_logger_level] /test_ssc_with_eudm_0 http://y:39149/
[rosmaster.master][INFO] 2026-05-06 19:54:46,018: +PUB [/rosout] /onlane_ai_agent_2 http://y:46869/
[rosmaster.master][INFO] 2026-05-06 19:54:46,021: +SERVICE [/onlane_ai_agent_2/get_loggers] /onlane_ai_agent_2 http://y:46869/
[rosmaster.master][INFO] 2026-05-06 19:54:46,023: +SERVICE [/onlane_ai_agent_2/set_logger_level] /onlane_ai_agent_2 http://y:46869/
[rosmaster.master][INFO] 2026-05-06 19:54:46,023: +PUB [/rosout] /onlane_ai_agent_4 http://y:37269/
[rosmaster.master][INFO] 2026-05-06 19:54:46,024: +CACHEDPARAM [/rosout_disable_topics_generation] by /test_ssc_with_eudm_0
[rosmaster.master][INFO] 2026-05-06 19:54:46,024: +SERVICE [/onlane_ai_agent_4/get_loggers] /onlane_ai_agent_4 http://y:37269/
[rosmaster.master][INFO] 2026-05-06 19:54:46,026: +PUB [/rosout] /onlane_ai_agent_5 http://y:38193/
[rosmaster.master][INFO] 2026-05-06 19:54:46,029: +SERVICE [/onlane_ai_agent_3/get_loggers] /onlane_ai_agent_3 http://y:43423/
[rosmaster.master][INFO] 2026-05-06 19:54:46,031: +SERVICE [/onlane_ai_agent_4/set_logger_level] /onlane_ai_agent_4 http://y:37269/
[rosmaster.master][INFO] 2026-05-06 19:54:46,031: +PUB [/tf] /test_ssc_with_eudm_0 http://y:39149/
[rosmaster.master][INFO] 2026-05-06 19:54:46,032: +PUB [/vis/agent_0/ego_vehicle_vis] /test_ssc_with_eudm_0 http://y:39149/
[rosmaster.master][INFO] 2026-05-06 19:54:46,032: +PUB [/rosout] /onlane_ai_agent_6 http://y:37095/
[rosmaster.master][INFO] 2026-05-06 19:54:46,032: +PUB [/vis/agent_0/obstacle_map] /test_ssc_with_eudm_0 http://y:39149/
[rosmaster.master][INFO] 2026-05-06 19:54:46,034: +SERVICE [/onlane_ai_agent_5/get_loggers] /onlane_ai_agent_5 http://y:38193/
[rosmaster.master][INFO] 2026-05-06 19:54:46,034: +SERVICE [/onlane_ai_agent_6/get_loggers] /onlane_ai_agent_6 http://y:37095/
[rosmaster.master][INFO] 2026-05-06 19:54:46,035: +PUB [/vis/agent_0/surrounding_lane_net_vis] /test_ssc_with_eudm_0 http://y:39149/
[rosmaster.master][INFO] 2026-05-06 19:54:46,035: +SERVICE [/onlane_ai_agent_6/set_logger_level] /onlane_ai_agent_6 http://y:37095/
[rosmaster.master][INFO] 2026-05-06 19:54:46,036: +PUB [/ctrl/agent_4] /onlane_ai_agent_4 http://y:37269/
[rosmaster.master][INFO] 2026-05-06 19:54:46,037: +PUB [/ctrl/agent_6] /onlane_ai_agent_6 http://y:37095/
[rosmaster.master][INFO] 2026-05-06 19:54:46,038: +SERVICE [/onlane_ai_agent_3/set_logger_level] /onlane_ai_agent_3 http://y:43423/
[rosmaster.master][INFO] 2026-05-06 19:54:46,039: +PUB [/vis/agent_0/local_lanes_vis] /test_ssc_with_eudm_0 http://y:39149/
[rosmaster.master][INFO] 2026-05-06 19:54:46,042: publisherUpdate[/rosout] -> http://y:43677/ ['http://y:39789/']
[rosmaster.master][INFO] 2026-05-06 19:54:46,043: +PUB [/ctrl/agent_2] /onlane_ai_agent_2 http://y:46869/
[rosmaster.master][INFO] 2026-05-06 19:54:46,045: publisherUpdate[/rosout] -> http://y:43677/ ['http://y:39789/']: sec=0.00, result=[1, '', 0]
[rosmaster.master][INFO] 2026-05-06 19:54:46,045: publisherUpdate[/rosout] -> http://y:43677/ ['http://y:39789/', 'http://y:39149/']
[rosmaster.master][INFO] 2026-05-06 19:54:46,046: publisherUpdate[/rosout] -> http://y:43677/ ['http://y:39789/', 'http://y:39149/']: sec=0.00, result=[1, '', 0]
[rosmaster.master][INFO] 2026-05-06 19:54:46,046: publisherUpdate[/rosout] -> http://y:43677/ ['http://y:39789/', 'http://y:39149/', 'http://y:43423/']
[rosmaster.master][INFO] 2026-05-06 19:54:46,050: +PUB [/vis/agent_0/ego_behavior_vis] /test_ssc_with_eudm_0 http://y:39149/
[rosmaster.master][INFO] 2026-05-06 19:54:46,054: +SERVICE [/onlane_ai_agent_5/set_logger_level] /onlane_ai_agent_5 http://y:38193/
[rosmaster.master][INFO] 2026-05-06 19:54:46,054: publisherUpdate[/rosout] -> http://y:43677/ ['http://y:39789/', 'http://y:39149/', 'http://y:43423/']: sec=0.00, result=[1, '', 0]
[rosmaster.master][INFO] 2026-05-06 19:54:46,056: +PUB [/rosout] /onlane_ai_agent_7 http://y:41091/
[rosmaster.master][INFO] 2026-05-06 19:54:46,056: publisherUpdate[/rosout] -> http://y:43677/ ['http://y:39789/', 'http://y:39149/', 'http://y:43423/', 'http://y:46869/']
[rosmaster.master][INFO] 2026-05-06 19:54:46,057: +PUB [/vis/agent_0/pred_traj_openloop_vis] /test_ssc_with_eudm_0 http://y:39149/
[rosmaster.master][INFO] 2026-05-06 19:54:46,057: +PUB [/ctrl/agent_3] /onlane_ai_agent_3 http://y:43423/
[rosmaster.master][INFO] 2026-05-06 19:54:46,057: publisherUpdate[/rosout] -> http://y:43677/ ['http://y:39789/', 'http://y:39149/', 'http://y:43423/', 'http://y:46869/']: sec=0.00, result=[1, '', 0]
[rosmaster.master][INFO] 2026-05-06 19:54:46,057: publisherUpdate[/rosout] -> http://y:43677/ ['http://y:39789/', 'http://y:39149/', 'http://y:43423/', 'http://y:46869/', 'http://y:37269/']
[rosmaster.master][INFO] 2026-05-06 19:54:46,058: +PUB [/ctrl/agent_1] /onlane_ai_agent_1 http://y:39789/
[rosmaster.master][INFO] 2026-05-06 19:54:46,059: +PUB [/vis/agent_0/pred_initial_intention_vis] /test_ssc_with_eudm_0 http://y:39149/
[rosmaster.master][INFO] 2026-05-06 19:54:46,059: +PUB [/ctrl/agent_5] /onlane_ai_agent_5 http://y:38193/
[rosmaster.master][INFO] 2026-05-06 19:54:46,060: +PUB [/vis/agent_0/surrounding_vehicle_vis] /test_ssc_with_eudm_0 http://y:39149/
[rosmaster.master][INFO] 2026-05-06 19:54:46,062: +PUB [/vis/agent_0/speed_limit] /test_ssc_with_eudm_0 http://y:39149/
[rosmaster.master][INFO] 2026-05-06 19:54:46,064: publisherUpdate[/rosout] -> http://y:43677/ ['http://y:39789/', 'http://y:39149/', 'http://y:43423/', 'http://y:46869/', 'http://y:37269/']: sec=0.01, result=[1, '', 0]
[rosmaster.master][INFO] 2026-05-06 19:54:46,064: publisherUpdate[/rosout] -> http://y:43677/ ['http://y:39789/', 'http://y:39149/', 'http://y:43423/', 'http://y:46869/', 'http://y:37269/', 'http://y:38193/']
[rosmaster.master][INFO] 2026-05-06 19:54:46,064: +PUB [/rosout] /onlane_ai_agent_9 http://y:43273/
[rosmaster.master][INFO] 2026-05-06 19:54:46,065: +SERVICE [/onlane_ai_agent_9/get_loggers] /onlane_ai_agent_9 http://y:43273/
[rosmaster.master][INFO] 2026-05-06 19:54:46,065: publisherUpdate[/rosout] -> http://y:43677/ ['http://y:39789/', 'http://y:39149/', 'http://y:43423/', 'http://y:46869/', 'http://y:37269/', 'http://y:38193/']: sec=0.00, result=[1, '', 0]
[rosmaster.master][INFO] 2026-05-06 19:54:46,065: publisherUpdate[/rosout] -> http://y:43677/ ['http://y:39789/', 'http://y:39149/', 'http://y:43423/', 'http://y:46869/', 'http://y:37269/', 'http://y:38193/', 'http://y:37095/']
[rosmaster.master][INFO] 2026-05-06 19:54:46,065: +PUB [/rosout] /onlane_ai_agent_8 http://y:39791/
[rosmaster.master][INFO] 2026-05-06 19:54:46,066: publisherUpdate[/rosout] -> http://y:43677/ ['http://y:39789/', 'http://y:39149/', 'http://y:43423/', 'http://y:46869/', 'http://y:37269/', 'http://y:38193/', 'http://y:37095/']: sec=0.00, result=[1, '', 0]
[rosmaster.master][INFO] 2026-05-06 19:54:46,066: +SERVICE [/onlane_ai_agent_9/set_logger_level] /onlane_ai_agent_9 http://y:43273/
[rosmaster.master][INFO] 2026-05-06 19:54:46,066: publisherUpdate[/rosout] -> http://y:43677/ ['http://y:39789/', 'http://y:39149/', 'http://y:43423/', 'http://y:46869/', 'http://y:37269/', 'http://y:38193/', 'http://y:37095/', 'http://y:41091/']
[rosmaster.master][INFO] 2026-05-06 19:54:46,066: +PUB [/vis/agent_0/ssc/map_vis] /test_ssc_with_eudm_0 http://y:39149/
[rosmaster.master][INFO] 2026-05-06 19:54:46,066: publisherUpdate[/rosout] -> http://y:43677/ ['http://y:39789/', 'http://y:39149/', 'http://y:43423/', 'http://y:46869/', 'http://y:37269/', 'http://y:38193/', 'http://y:37095/', 'http://y:41091/']: sec=0.00, result=[1, '', 0]
[rosmaster.master][INFO] 2026-05-06 19:54:46,070: publisherUpdate[/rosout] -> http://y:43677/ ['http://y:39789/', 'http://y:39149/', 'http://y:43423/', 'http://y:46869/', 'http://y:37269/', 'http://y:38193/', 'http://y:37095/', 'http://y:41091/', 'http://y:43273/']
[rosmaster.master][INFO] 2026-05-06 19:54:46,071: publisherUpdate[/rosout] -> http://y:43677/ ['http://y:39789/', 'http://y:39149/', 'http://y:43423/', 'http://y:46869/', 'http://y:37269/', 'http://y:38193/', 'http://y:37095/', 'http://y:41091/', 'http://y:43273/']: sec=0.00, result=[1, '', 0]
[rosmaster.master][INFO] 2026-05-06 19:54:46,070: +PUB [/vis/agent_0/ssc/qp_vis] /test_ssc_with_eudm_0 http://y:39149/
[rosmaster.master][INFO] 2026-05-06 19:54:46,072: publisherUpdate[/rosout] -> http://y:43677/ ['http://y:39789/', 'http://y:39149/', 'http://y:43423/', 'http://y:46869/', 'http://y:37269/', 'http://y:38193/', 'http://y:37095/', 'http://y:41091/', 'http://y:43273/', 'http://y:39791/']
[rosmaster.master][INFO] 2026-05-06 19:54:46,073: publisherUpdate[/rosout] -> http://y:43677/ ['http://y:39789/', 'http://y:39149/', 'http://y:43423/', 'http://y:46869/', 'http://y:37269/', 'http://y:38193/', 'http://y:37095/', 'http://y:41091/', 'http://y:43273/', 'http://y:39791/']: sec=0.00, result=[1, '', 0]
[rosmaster.master][INFO] 2026-05-06 19:54:46,074: +SERVICE [/onlane_ai_agent_8/get_loggers] /onlane_ai_agent_8 http://y:39791/
[rosmaster.master][INFO] 2026-05-06 19:54:46,075: +SERVICE [/onlane_ai_agent_8/set_logger_level] /onlane_ai_agent_8 http://y:39791/
[rosmaster.master][INFO] 2026-05-06 19:54:46,077: +PUB [/ctrl/agent_8] /onlane_ai_agent_8 http://y:39791/
[rosmaster.master][INFO] 2026-05-06 19:54:46,081: +PUB [/rosout] /phy_simulator_planning_node http://y:40289/
[rosmaster.master][INFO] 2026-05-06 19:54:46,082: +PUB [/rosout] /onlane_ai_agent_10 http://y:38547/
[rosmaster.master][INFO] 2026-05-06 19:54:46,083: +SERVICE [/phy_simulator_planning_node/get_loggers] /phy_simulator_planning_node http://y:40289/
[rosmaster.master][INFO] 2026-05-06 19:54:46,083: +SERVICE [/phy_simulator_planning_node/set_logger_level] /phy_simulator_planning_node http://y:40289/
[rosmaster.master][INFO] 2026-05-06 19:54:46,084: +PUB [/ctrl/agent_9] /onlane_ai_agent_9 http://y:43273/
[rosmaster.master][INFO] 2026-05-06 19:54:46,086: +SERVICE [/onlane_ai_agent_7/get_loggers] /onlane_ai_agent_7 http://y:41091/
[rosmaster.master][INFO] 2026-05-06 19:54:46,086: +PUB [/vis/agent_0/ssc/ego_fs_vis] /test_ssc_with_eudm_0 http://y:39149/
[rosmaster.master][INFO] 2026-05-06 19:54:46,087: +PUB [/vis/agent_0/ssc/forward_trajs_vis] /test_ssc_with_eudm_0 http://y:39149/
[rosmaster.master][INFO] 2026-05-06 19:54:46,087: +PUB [/vis/agent_0/ssc/sur_vehicle_trajs_vis] /test_ssc_with_eudm_0 http://y:39149/
[rosmaster.master][INFO] 2026-05-06 19:54:46,088: +PUB [/vis/agent_0/ssc/corridor_vis] /test_ssc_with_eudm_0 http://y:39149/
[rosmaster.master][INFO] 2026-05-06 19:54:46,093: +SUB [/joy] /test_ssc_with_eudm_0 http://y:39149/
[rosmaster.master][INFO] 2026-05-06 19:54:46,094: +PUB [/vis/agent_0/forward_trajs] /test_ssc_with_eudm_0 http://y:39149/
[rosmaster.master][INFO] 2026-05-06 19:54:46,098: +PUB [/ctrl/agent_0] /test_ssc_with_eudm_0 http://y:39149/
[rosmaster.master][INFO] 2026-05-06 19:54:46,099: +SERVICE [/onlane_ai_agent_10/get_loggers] /onlane_ai_agent_10 http://y:38547/
[rosmaster.master][INFO] 2026-05-06 19:54:46,100: +SERVICE [/onlane_ai_agent_10/set_logger_level] /onlane_ai_agent_10 http://y:38547/
[rosmaster.master][INFO] 2026-05-06 19:54:46,104: +PUB [/test_ssc_with_eudm_0/ssc_map] /test_ssc_with_eudm_0 http://y:39149/
[rosmaster.master][INFO] 2026-05-06 19:54:46,120: +SERVICE [/onlane_ai_agent_7/set_logger_level] /onlane_ai_agent_7 http://y:41091/
[rosmaster.master][INFO] 2026-05-06 19:54:46,132: +PUB [/ctrl/agent_10] /onlane_ai_agent_10 http://y:38547/
[rosmaster.master][INFO] 2026-05-06 19:54:46,138: +PUB [/ctrl/agent_7] /onlane_ai_agent_7 http://y:41091/
[rosmaster.master][INFO] 2026-05-06 19:54:46,142: +PUB [/vis/agent_0/ssc/exec_traj] /test_ssc_with_eudm_0 http://y:39149/
[rosmaster.master][INFO] 2026-05-06 19:54:46,144: publisherUpdate[/rosout] -> http://y:43677/ ['http://y:39789/', 'http://y:39149/', 'http://y:43423/', 'http://y:46869/', 'http://y:37269/', 'http://y:38193/', 'http://y:37095/', 'http://y:41091/', 'http://y:43273/', 'http://y:39791/', 'http://y:40289/']
[rosmaster.master][INFO] 2026-05-06 19:54:46,144: publisherUpdate[/rosout] -> http://y:43677/ ['http://y:39789/', 'http://y:39149/', 'http://y:43423/', 'http://y:46869/', 'http://y:37269/', 'http://y:38193/', 'http://y:37095/', 'http://y:41091/', 'http://y:43273/', 'http://y:39791/', 'http://y:40289/']: sec=0.00, result=[1, '', 0]
[rosmaster.master][INFO] 2026-05-06 19:54:46,144: publisherUpdate[/rosout] -> http://y:43677/ ['http://y:39789/', 'http://y:39149/', 'http://y:43423/', 'http://y:46869/', 'http://y:37269/', 'http://y:38193/', 'http://y:37095/', 'http://y:41091/', 'http://y:43273/', 'http://y:39791/', 'http://y:40289/', 'http://y:38547/']
[rosmaster.master][INFO] 2026-05-06 19:54:46,145: +SUB [/arena_info_static] /test_ssc_with_eudm_0 http://y:39149/
[rosmaster.master][INFO] 2026-05-06 19:54:46,145: publisherUpdate[/rosout] -> http://y:43677/ ['http://y:39789/', 'http://y:39149/', 'http://y:43423/', 'http://y:46869/', 'http://y:37269/', 'http://y:38193/', 'http://y:37095/', 'http://y:41091/', 'http://y:43273/', 'http://y:39791/', 'http://y:40289/', 'http://y:38547/']: sec=0.00, result=[1, '', 0]
[rosmaster.master][INFO] 2026-05-06 19:54:46,146: +SUB [/arena_info_dynamic] /test_ssc_with_eudm_0 http://y:39149/
[rosmaster.master][INFO] 2026-05-06 19:54:46,159: +PUB [/arena_info_static] /phy_simulator_planning_node http://y:40289/
[rosmaster.master][INFO] 2026-05-06 19:54:46,170: +PUB [/arena_info_dynamic] /phy_simulator_planning_node http://y:40289/
[rosmaster.master][INFO] 2026-05-06 19:54:46,171: +PUB [/phy_simulator_planning_node/vis/vehicle_set_vis] /phy_simulator_planning_node http://y:40289/
[rosmaster.master][INFO] 2026-05-06 19:54:46,171: +PUB [/phy_simulator_planning_node/vis/lane_net_vis] /phy_simulator_planning_node http://y:40289/
[rosmaster.master][INFO] 2026-05-06 19:54:46,172: +PUB [/phy_simulator_planning_node/vis/obstacle_set_vis] /phy_simulator_planning_node http://y:40289/
[rosmaster.master][INFO] 2026-05-06 19:54:46,174: publisherUpdate[/arena_info_static] -> http://y:39149/ ['http://y:40289/']
[rosmaster.master][INFO] 2026-05-06 19:54:46,174: publisherUpdate[/arena_info_static] -> http://y:39149/ ['http://y:40289/']: sec=0.00, result=[1, '', 0]
[rosmaster.master][INFO] 2026-05-06 19:54:46,175: publisherUpdate[/arena_info_dynamic] -> http://y:39149/ ['http://y:40289/']
[rosmaster.master][INFO] 2026-05-06 19:54:46,175: publisherUpdate[/arena_info_dynamic] -> http://y:39149/ ['http://y:40289/']: sec=0.00, result=[1, '', 0]
[rosmaster.master][INFO] 2026-05-06 19:54:46,182: +SUB [/ctrl/agent_10] /phy_simulator_planning_node http://y:40289/
[rosmaster.master][INFO] 2026-05-06 19:54:46,203: +SUB [/ctrl/agent_9] /phy_simulator_planning_node http://y:40289/
[rosmaster.master][INFO] 2026-05-06 19:54:46,204: +SUB [/ctrl/agent_8] /phy_simulator_planning_node http://y:40289/
[rosmaster.master][INFO] 2026-05-06 19:54:46,205: +SUB [/ctrl/agent_7] /phy_simulator_planning_node http://y:40289/
[rosmaster.master][INFO] 2026-05-06 19:54:46,206: +SUB [/ctrl/agent_6] /phy_simulator_planning_node http://y:40289/
[rosmaster.master][INFO] 2026-05-06 19:54:46,207: +SUB [/ctrl/agent_5] /phy_simulator_planning_node http://y:40289/
[rosmaster.master][INFO] 2026-05-06 19:54:46,208: +SUB [/ctrl/agent_4] /phy_simulator_planning_node http://y:40289/
[rosmaster.master][INFO] 2026-05-06 19:54:46,209: +SUB [/ctrl/agent_3] /phy_simulator_planning_node http://y:40289/
[rosmaster.master][INFO] 2026-05-06 19:54:46,210: +SUB [/ctrl/agent_2] /phy_simulator_planning_node http://y:40289/
[rosmaster.master][INFO] 2026-05-06 19:54:46,211: +SUB [/ctrl/agent_1] /phy_simulator_planning_node http://y:40289/
[rosmaster.master][INFO] 2026-05-06 19:54:46,212: +SUB [/ctrl/agent_0] /phy_simulator_planning_node http://y:40289/
[rosmaster.master][INFO] 2026-05-06 19:54:46,213: +SUB [/initialpose] /phy_simulator_planning_node http://y:40289/
[rosmaster.master][INFO] 2026-05-06 19:54:46,214: +SUB [/move_base_simple/goal] /phy_simulator_planning_node http://y:40289/
[rosmaster.master][INFO] 2026-05-06 19:54:46,454: +CACHEDPARAM [/rosout/omit_topics] by /rosout
[rosmaster.master][INFO] 2026-05-06 19:54:53,692: +PUB [/rosout] /epsilon_metric_collector_1404011_1778068493580 http://y:41105/
[rosmaster.master][INFO] 2026-05-06 19:54:53,693: +SERVICE [/epsilon_metric_collector_1404011_1778068493580/get_loggers] /epsilon_metric_collector_1404011_1778068493580 http://y:41105/
[rosmaster.master][INFO] 2026-05-06 19:54:53,694: +SERVICE [/epsilon_metric_collector_1404011_1778068493580/set_logger_level] /epsilon_metric_collector_1404011_1778068493580 http://y:41105/
[rosmaster.master][INFO] 2026-05-06 19:54:53,695: +SUB [/arena_info_dynamic] /epsilon_metric_collector_1404011_1778068493580 http://y:41105/
[rosmaster.master][INFO] 2026-05-06 19:54:53,758: publisherUpdate[/rosout] -> http://y:43677/ ['http://y:39789/', 'http://y:39149/', 'http://y:43423/', 'http://y:46869/', 'http://y:37269/', 'http://y:38193/', 'http://y:37095/', 'http://y:41091/', 'http://y:43273/', 'http://y:39791/', 'http://y:40289/', 'http://y:38547/', 'http://y:41105/']
[rosmaster.master][INFO] 2026-05-06 19:54:53,759: publisherUpdate[/rosout] -> http://y:43677/ ['http://y:39789/', 'http://y:39149/', 'http://y:43423/', 'http://y:46869/', 'http://y:37269/', 'http://y:38193/', 'http://y:37095/', 'http://y:41091/', 'http://y:43273/', 'http://y:39791/', 'http://y:40289/', 'http://y:38547/', 'http://y:41105/']: sec=0.00, result=[1, '', 0]
[rosmaster.master][INFO] 2026-05-06 19:56:53,380: -SUB [/arena_info_dynamic] /epsilon_metric_collector_1404011_1778068493580 http://y:41105/
[rosmaster.master][INFO] 2026-05-06 19:56:53,380: -PUB [/rosout] /epsilon_metric_collector_1404011_1778068493580 http://y:41105/
[rosmaster.master][INFO] 2026-05-06 19:56:53,380: -SERVICE [/epsilon_metric_collector_1404011_1778068493580/get_loggers] /epsilon_metric_collector_1404011_1778068493580 rosrpc://y:34797
[rosmaster.master][INFO] 2026-05-06 19:56:53,380: -SERVICE [/epsilon_metric_collector_1404011_1778068493580/set_logger_level] /epsilon_metric_collector_1404011_1778068493580 rosrpc://y:34797
[rosmaster.master][INFO] 2026-05-06 19:56:53,386: publisherUpdate[/rosout] -> http://y:43677/ ['http://y:39789/', 'http://y:39149/', 'http://y:43423/', 'http://y:46869/', 'http://y:37269/', 'http://y:38193/', 'http://y:37095/', 'http://y:41091/', 'http://y:43273/', 'http://y:39791/', 'http://y:40289/', 'http://y:38547/']
[rosmaster.master][INFO] 2026-05-06 19:56:53,387: publisherUpdate[/rosout] -> http://y:43677/ ['http://y:39789/', 'http://y:39149/', 'http://y:43423/', 'http://y:46869/', 'http://y:37269/', 'http://y:38193/', 'http://y:37095/', 'http://y:41091/', 'http://y:43273/', 'http://y:39791/', 'http://y:40289/', 'http://y:38547/']: sec=0.00, result=[1, '', 0]
[rosmaster.master][INFO] 2026-05-06 19:56:54,379: +PUB [/rosout] /rostopic_1469038_1778068614267 http://y:45153/
[rosmaster.master][INFO] 2026-05-06 19:56:54,380: +SERVICE [/rostopic_1469038_1778068614267/get_loggers] /rostopic_1469038_1778068614267 http://y:45153/
[rosmaster.master][INFO] 2026-05-06 19:56:54,380: +SERVICE [/rostopic_1469038_1778068614267/set_logger_level] /rostopic_1469038_1778068614267 http://y:45153/
[rosmaster.master][INFO] 2026-05-06 19:56:54,386: +SUB [/arena_info_dynamic] /rostopic_1469038_1778068614267 http://y:45153/
[rosmaster.master][INFO] 2026-05-06 19:56:54,389: publisherUpdate[/rosout] -> http://y:43677/ ['http://y:39789/', 'http://y:39149/', 'http://y:43423/', 'http://y:46869/', 'http://y:37269/', 'http://y:38193/', 'http://y:37095/', 'http://y:41091/', 'http://y:43273/', 'http://y:39791/', 'http://y:40289/', 'http://y:38547/', 'http://y:45153/']
[rosmaster.master][INFO] 2026-05-06 19:56:54,389: publisherUpdate[/rosout] -> http://y:43677/ ['http://y:39789/', 'http://y:39149/', 'http://y:43423/', 'http://y:46869/', 'http://y:37269/', 'http://y:38193/', 'http://y:37095/', 'http://y:41091/', 'http://y:43273/', 'http://y:39791/', 'http://y:40289/', 'http://y:38547/', 'http://y:45153/']: sec=0.00, result=[1, '', 0]
[rosmaster.master][INFO] 2026-05-06 19:57:09,012: -SUB [/arena_info_dynamic] /rostopic_1469038_1778068614267 http://y:45153/
[rosmaster.master][INFO] 2026-05-06 19:57:09,012: -PUB [/rosout] /rostopic_1469038_1778068614267 http://y:45153/
[rosmaster.master][INFO] 2026-05-06 19:57:09,012: -SERVICE [/rostopic_1469038_1778068614267/get_loggers] /rostopic_1469038_1778068614267 rosrpc://y:42613
[rosmaster.master][INFO] 2026-05-06 19:57:09,012: -SERVICE [/rostopic_1469038_1778068614267/set_logger_level] /rostopic_1469038_1778068614267 rosrpc://y:42613
[rosmaster.master][INFO] 2026-05-06 19:57:09,015: publisherUpdate[/rosout] -> http://y:43677/ ['http://y:39789/', 'http://y:39149/', 'http://y:43423/', 'http://y:46869/', 'http://y:37269/', 'http://y:38193/', 'http://y:37095/', 'http://y:41091/', 'http://y:43273/', 'http://y:39791/', 'http://y:40289/', 'http://y:38547/']
[rosmaster.master][INFO] 2026-05-06 19:57:09,015: publisherUpdate[/rosout] -> http://y:43677/ ['http://y:39789/', 'http://y:39149/', 'http://y:43423/', 'http://y:46869/', 'http://y:37269/', 'http://y:38193/', 'http://y:37095/', 'http://y:41091/', 'http://y:43273/', 'http://y:39791/', 'http://y:40289/', 'http://y:38547/']: sec=0.00, result=[1, '', 0]
[rosmaster.master][INFO] 2026-05-06 19:57:09,815: -PUB [/rosout] /phy_simulator_planning_node http://y:40289/
[rosmaster.master][INFO] 2026-05-06 19:57:09,816: -PUB [/arena_info_static] /phy_simulator_planning_node http://y:40289/
[rosmaster.master][INFO] 2026-05-06 19:57:09,817: -PUB [/arena_info_dynamic] /phy_simulator_planning_node http://y:40289/
[rosmaster.master][INFO] 2026-05-06 19:57:09,817: publisherUpdate[/rosout] -> http://y:43677/ ['http://y:39789/', 'http://y:39149/', 'http://y:43423/', 'http://y:46869/', 'http://y:37269/', 'http://y:38193/', 'http://y:37095/', 'http://y:41091/', 'http://y:43273/', 'http://y:39791/', 'http://y:38547/']
[rosmaster.master][INFO] 2026-05-06 19:57:09,818: -PUB [/phy_simulator_planning_node/vis/vehicle_set_vis] /phy_simulator_planning_node http://y:40289/
[rosmaster.master][INFO] 2026-05-06 19:57:09,819: publisherUpdate[/rosout] -> http://y:43677/ ['http://y:39789/', 'http://y:39149/', 'http://y:43423/', 'http://y:46869/', 'http://y:37269/', 'http://y:38193/', 'http://y:37095/', 'http://y:41091/', 'http://y:43273/', 'http://y:39791/', 'http://y:38547/']: sec=0.00, result=[1, '', 0]
[rosmaster.master][INFO] 2026-05-06 19:57:09,819: -PUB [/phy_simulator_planning_node/vis/lane_net_vis] /phy_simulator_planning_node http://y:40289/
[rosmaster.master][INFO] 2026-05-06 19:57:09,820: publisherUpdate[/arena_info_static] -> http://y:39149/ []
[rosmaster.master][INFO] 2026-05-06 19:57:09,821: -PUB [/phy_simulator_planning_node/vis/obstacle_set_vis] /phy_simulator_planning_node http://y:40289/
[rosmaster.master][INFO] 2026-05-06 19:57:09,821: -SUB [/ctrl/agent_10] /phy_simulator_planning_node http://y:40289/
[rosmaster.master][INFO] 2026-05-06 19:57:09,822: publisherUpdate[/arena_info_static] -> http://y:39149/ []: sec=0.00, result=[0, 'Unknown Error', 0]
[rosmaster.master][INFO] 2026-05-06 19:57:09,822: publisherUpdate[/arena_info_dynamic] -> http://y:39149/ []
[rosmaster.master][INFO] 2026-05-06 19:57:09,822: -SUB [/ctrl/agent_9] /phy_simulator_planning_node http://y:40289/
[rosmaster.master][INFO] 2026-05-06 19:57:09,823: -SUB [/ctrl/agent_8] /phy_simulator_planning_node http://y:40289/
[rosmaster.master][INFO] 2026-05-06 19:57:09,823: publisherUpdate[/arena_info_dynamic] -> http://y:39149/ []: sec=0.00, result=[0, 'Unknown Error', 0]
[rosmaster.master][INFO] 2026-05-06 19:57:09,824: -SUB [/ctrl/agent_7] /phy_simulator_planning_node http://y:40289/
[rosmaster.master][INFO] 2026-05-06 19:57:09,824: -SUB [/ctrl/agent_6] /phy_simulator_planning_node http://y:40289/
[rosmaster.master][INFO] 2026-05-06 19:57:09,825: -SUB [/ctrl/agent_5] /phy_simulator_planning_node http://y:40289/
[rosmaster.master][INFO] 2026-05-06 19:57:09,825: -SUB [/ctrl/agent_4] /phy_simulator_planning_node http://y:40289/
[rosmaster.master][INFO] 2026-05-06 19:57:09,826: -SUB [/ctrl/agent_3] /phy_simulator_planning_node http://y:40289/
[rosmaster.master][INFO] 2026-05-06 19:57:09,826: -SUB [/ctrl/agent_2] /phy_simulator_planning_node http://y:40289/
[rosmaster.master][INFO] 2026-05-06 19:57:09,827: -SUB [/ctrl/agent_1] /phy_simulator_planning_node http://y:40289/
[rosmaster.master][INFO] 2026-05-06 19:57:09,827: -SUB [/ctrl/agent_0] /phy_simulator_planning_node http://y:40289/
[rosmaster.master][INFO] 2026-05-06 19:57:09,828: -SUB [/initialpose] /phy_simulator_planning_node http://y:40289/
[rosmaster.master][INFO] 2026-05-06 19:57:09,828: -SUB [/move_base_simple/goal] /phy_simulator_planning_node http://y:40289/
[rosmaster.master][INFO] 2026-05-06 19:57:09,828: -SERVICE [/phy_simulator_planning_node/get_loggers] /phy_simulator_planning_node rosrpc://y:39069
[rosmaster.master][INFO] 2026-05-06 19:57:09,829: -SERVICE [/phy_simulator_planning_node/set_logger_level] /phy_simulator_planning_node rosrpc://y:39069
[rosmaster.master][INFO] 2026-05-06 19:57:09,924: -PUB [/rosout] /test_ssc_with_eudm_0 http://y:39149/
[rosmaster.master][INFO] 2026-05-06 19:57:09,924: publisherUpdate[/rosout] -> http://y:43677/ ['http://y:39789/', 'http://y:43423/', 'http://y:46869/', 'http://y:37269/', 'http://y:38193/', 'http://y:37095/', 'http://y:41091/', 'http://y:43273/', 'http://y:39791/', 'http://y:38547/']
[rosmaster.master][INFO] 2026-05-06 19:57:09,925: -PUB [/tf] /test_ssc_with_eudm_0 http://y:39149/
[rosmaster.master][INFO] 2026-05-06 19:57:09,926: publisherUpdate[/rosout] -> http://y:43677/ ['http://y:39789/', 'http://y:43423/', 'http://y:46869/', 'http://y:37269/', 'http://y:38193/', 'http://y:37095/', 'http://y:41091/', 'http://y:43273/', 'http://y:39791/', 'http://y:38547/']: sec=0.00, result=[1, '', 0]
[rosmaster.master][INFO] 2026-05-06 19:57:09,926: -PUB [/vis/agent_0/ego_vehicle_vis] /test_ssc_with_eudm_0 http://y:39149/
[rosmaster.master][INFO] 2026-05-06 19:57:09,927: -PUB [/vis/agent_0/obstacle_map] /test_ssc_with_eudm_0 http://y:39149/
[rosmaster.master][INFO] 2026-05-06 19:57:09,928: -PUB [/vis/agent_0/surrounding_lane_net_vis] /test_ssc_with_eudm_0 http://y:39149/
[rosmaster.master][INFO] 2026-05-06 19:57:09,928: -PUB [/vis/agent_0/local_lanes_vis] /test_ssc_with_eudm_0 http://y:39149/
[rosmaster.master][INFO] 2026-05-06 19:57:09,929: -PUB [/vis/agent_0/ego_behavior_vis] /test_ssc_with_eudm_0 http://y:39149/
[rosmaster.master][INFO] 2026-05-06 19:57:09,929: -PUB [/vis/agent_0/pred_traj_openloop_vis] /test_ssc_with_eudm_0 http://y:39149/
[rosmaster.master][INFO] 2026-05-06 19:57:09,930: -PUB [/vis/agent_0/pred_initial_intention_vis] /test_ssc_with_eudm_0 http://y:39149/
[rosmaster.master][INFO] 2026-05-06 19:57:09,930: -PUB [/vis/agent_0/surrounding_vehicle_vis] /test_ssc_with_eudm_0 http://y:39149/
[rosmaster.master][INFO] 2026-05-06 19:57:09,930: -PUB [/vis/agent_0/speed_limit] /test_ssc_with_eudm_0 http://y:39149/
[rosmaster.master][INFO] 2026-05-06 19:57:09,931: -PUB [/vis/agent_0/ssc/map_vis] /test_ssc_with_eudm_0 http://y:39149/
[rosmaster.master][INFO] 2026-05-06 19:57:09,931: -PUB [/vis/agent_0/ssc/qp_vis] /test_ssc_with_eudm_0 http://y:39149/
[rosmaster.master][INFO] 2026-05-06 19:57:09,932: -PUB [/vis/agent_0/ssc/ego_fs_vis] /test_ssc_with_eudm_0 http://y:39149/
[rosmaster.master][INFO] 2026-05-06 19:57:09,932: -PUB [/vis/agent_0/ssc/forward_trajs_vis] /test_ssc_with_eudm_0 http://y:39149/
[rosmaster.master][INFO] 2026-05-06 19:57:09,932: -PUB [/vis/agent_0/ssc/sur_vehicle_trajs_vis] /test_ssc_with_eudm_0 http://y:39149/
[rosmaster.master][INFO] 2026-05-06 19:57:09,933: -PUB [/vis/agent_0/ssc/corridor_vis] /test_ssc_with_eudm_0 http://y:39149/
[rosmaster.master][INFO] 2026-05-06 19:57:09,933: -PUB [/vis/agent_0/forward_trajs] /test_ssc_with_eudm_0 http://y:39149/
[rosmaster.master][INFO] 2026-05-06 19:57:09,933: -PUB [/ctrl/agent_0] /test_ssc_with_eudm_0 http://y:39149/
[rosmaster.master][INFO] 2026-05-06 19:57:09,934: -PUB [/test_ssc_with_eudm_0/ssc_map] /test_ssc_with_eudm_0 http://y:39149/
[rosmaster.master][INFO] 2026-05-06 19:57:09,934: -PUB [/vis/agent_0/ssc/exec_traj] /test_ssc_with_eudm_0 http://y:39149/
[rosmaster.master][INFO] 2026-05-06 19:57:09,934: -SUB [/joy] /test_ssc_with_eudm_0 http://y:39149/
[rosmaster.master][INFO] 2026-05-06 19:57:09,935: -SUB [/arena_info_static] /test_ssc_with_eudm_0 http://y:39149/
[rosmaster.master][INFO] 2026-05-06 19:57:09,935: -SUB [/arena_info_dynamic] /test_ssc_with_eudm_0 http://y:39149/
[rosmaster.master][INFO] 2026-05-06 19:57:09,935: -SERVICE [/test_ssc_with_eudm_0/get_loggers] /test_ssc_with_eudm_0 rosrpc://y:52269
[rosmaster.master][INFO] 2026-05-06 19:57:09,936: -SERVICE [/test_ssc_with_eudm_0/set_logger_level] /test_ssc_with_eudm_0 rosrpc://y:52269
[rosmaster.master][INFO] 2026-05-06 19:57:09,936: -CACHEDPARAM [/rosout_disable_topics_generation] by /test_ssc_with_eudm_0
[rosmaster.master][INFO] 2026-05-06 19:57:10,226: -PUB [/rosout_agg] /rosout http://y:43677/
[rosmaster.master][INFO] 2026-05-06 19:57:10,227: -SUB [/rosout] /rosout http://y:43677/
[rosmaster.master][INFO] 2026-05-06 19:57:10,227: -SERVICE [/rosout/get_loggers] /rosout rosrpc://y:47339
[rosmaster.master][INFO] 2026-05-06 19:57:10,227: -SERVICE [/rosout/set_logger_level] /rosout rosrpc://y:47339
[rosmaster.master][INFO] 2026-05-06 19:57:10,228: -CACHEDPARAM [/rosout/omit_topics] by /rosout
[rosmaster.main][INFO] 2026-05-06 19:57:10,300: keyboard interrupt, will exit
[rosmaster.main][INFO] 2026-05-06 19:57:10,300: stopping master...
[rospy.core][INFO] 2026-05-06 19:57:10,301: signal_shutdown [atexit]
