[rosmaster.main][INFO] 2026-05-06 17:29:39,605: initialization complete, waiting for shutdown
[rosmaster.main][INFO] 2026-05-06 17:29:39,605: Starting ROS Master Node
[xmlrpc][INFO] 2026-05-06 17:29:39,614: XML-RPC server binding to 0.0.0.0:11311
[xmlrpc][INFO] 2026-05-06 17:29:39,614: Started XML-RPC server [http://y:11311/]
[rosmaster.master][INFO] 2026-05-06 17:29:39,614: Master initialized: port[11311], uri[http://y:11311/]
[xmlrpc][INFO] 2026-05-06 17:29:39,614: xml rpc node: starting XML-RPC server
[rosmaster.master][INFO] 2026-05-06 17:29:39,657: +PARAM [/run_id] by /roslaunch
[rosmaster.master][INFO] 2026-05-06 17:29:39,658: +PARAM [/roslaunch/uris/host_y__40521] by /roslaunch
[rosmaster.master][INFO] 2026-05-06 17:29:39,682: +PARAM [/rosversion] by /roslaunch
[rosmaster.master][INFO] 2026-05-06 17:29:39,682: +PARAM [/rosdistro] by /roslaunch
[rosmaster.master][INFO] 2026-05-06 17:29:39,682: +PARAM [/test_ssc_with_eudm_0/ego_id] by /roslaunch
[rosmaster.master][INFO] 2026-05-06 17:29:39,682: +PARAM [/test_ssc_with_eudm_0/agent_config_path] by /roslaunch
[rosmaster.master][INFO] 2026-05-06 17:29:39,682: +PARAM [/test_ssc_with_eudm_0/bp_config_path] by /roslaunch
[rosmaster.master][INFO] 2026-05-06 17:29:39,682: +PARAM [/test_ssc_with_eudm_0/ssc_config_path] by /roslaunch
[rosmaster.master][INFO] 2026-05-06 17:29:39,682: +PARAM [/test_ssc_with_eudm_0/desired_vel] by /roslaunch
[rosmaster.master][INFO] 2026-05-06 17:29:39,682: +PARAM [/test_ssc_with_eudm_0/use_sim_state] by /roslaunch
[rosmaster.master][INFO] 2026-05-06 17:29:39,682: +PARAM [/onlane_ai_agent_1/ego_id] by /roslaunch
[rosmaster.master][INFO] 2026-05-06 17:29:39,682: +PARAM [/onlane_ai_agent_1/agent_config_path] by /roslaunch
[rosmaster.master][INFO] 2026-05-06 17:29:39,682: +PARAM [/onlane_ai_agent_1/desired_vel] by /roslaunch
[rosmaster.master][INFO] 2026-05-06 17:29:39,682: +PARAM [/onlane_ai_agent_1/autonomous_level] by /roslaunch
[rosmaster.master][INFO] 2026-05-06 17:29:39,682: +PARAM [/onlane_ai_agent_1/aggressiveness_level] by /roslaunch
[rosmaster.master][INFO] 2026-05-06 17:29:39,683: +PARAM [/onlane_ai_agent_2/ego_id] by /roslaunch
[rosmaster.master][INFO] 2026-05-06 17:29:39,683: +PARAM [/onlane_ai_agent_2/agent_config_path] by /roslaunch
[rosmaster.master][INFO] 2026-05-06 17:29:39,683: +PARAM [/onlane_ai_agent_2/desired_vel] by /roslaunch
[rosmaster.master][INFO] 2026-05-06 17:29:39,683: +PARAM [/onlane_ai_agent_2/autonomous_level] by /roslaunch
[rosmaster.master][INFO] 2026-05-06 17:29:39,683: +PARAM [/onlane_ai_agent_2/aggressiveness_level] by /roslaunch
[rosmaster.master][INFO] 2026-05-06 17:29:39,683: +PARAM [/onlane_ai_agent_3/ego_id] by /roslaunch
[rosmaster.master][INFO] 2026-05-06 17:29:39,683: +PARAM [/onlane_ai_agent_3/agent_config_path] by /roslaunch
[rosmaster.master][INFO] 2026-05-06 17:29:39,683: +PARAM [/onlane_ai_agent_3/desired_vel] by /roslaunch
[rosmaster.master][INFO] 2026-05-06 17:29:39,683: +PARAM [/onlane_ai_agent_3/autonomous_level] by /roslaunch
[rosmaster.master][INFO] 2026-05-06 17:29:39,683: +PARAM [/onlane_ai_agent_3/aggressiveness_level] by /roslaunch
[rosmaster.master][INFO] 2026-05-06 17:29:39,683: +PARAM [/onlane_ai_agent_4/ego_id] by /roslaunch
[rosmaster.master][INFO] 2026-05-06 17:29:39,683: +PARAM [/onlane_ai_agent_4/agent_config_path] by /roslaunch
[rosmaster.master][INFO] 2026-05-06 17:29:39,683: +PARAM [/onlane_ai_agent_4/desired_vel] by /roslaunch
[rosmaster.master][INFO] 2026-05-06 17:29:39,683: +PARAM [/onlane_ai_agent_4/autonomous_level] by /roslaunch
[rosmaster.master][INFO] 2026-05-06 17:29:39,683: +PARAM [/onlane_ai_agent_4/aggressiveness_level] by /roslaunch
[rosmaster.master][INFO] 2026-05-06 17:29:39,683: +PARAM [/onlane_ai_agent_5/ego_id] by /roslaunch
[rosmaster.master][INFO] 2026-05-06 17:29:39,683: +PARAM [/onlane_ai_agent_5/agent_config_path] by /roslaunch
[rosmaster.master][INFO] 2026-05-06 17:29:39,683: +PARAM [/onlane_ai_agent_5/desired_vel] by /roslaunch
[rosmaster.master][INFO] 2026-05-06 17:29:39,683: +PARAM [/onlane_ai_agent_5/autonomous_level] by /roslaunch
[rosmaster.master][INFO] 2026-05-06 17:29:39,683: +PARAM [/onlane_ai_agent_5/aggressiveness_level] by /roslaunch
[rosmaster.master][INFO] 2026-05-06 17:29:39,683: +PARAM [/onlane_ai_agent_6/ego_id] by /roslaunch
[rosmaster.master][INFO] 2026-05-06 17:29:39,683: +PARAM [/onlane_ai_agent_6/agent_config_path] by /roslaunch
[rosmaster.master][INFO] 2026-05-06 17:29:39,683: +PARAM [/onlane_ai_agent_6/desired_vel] by /roslaunch
[rosmaster.master][INFO] 2026-05-06 17:29:39,683: +PARAM [/onlane_ai_agent_6/autonomous_level] by /roslaunch
[rosmaster.master][INFO] 2026-05-06 17:29:39,683: +PARAM [/onlane_ai_agent_6/aggressiveness_level] by /roslaunch
[rosmaster.master][INFO] 2026-05-06 17:29:39,683: +PARAM [/onlane_ai_agent_7/ego_id] by /roslaunch
[rosmaster.master][INFO] 2026-05-06 17:29:39,683: +PARAM [/onlane_ai_agent_7/agent_config_path] by /roslaunch
[rosmaster.master][INFO] 2026-05-06 17:29:39,683: +PARAM [/onlane_ai_agent_7/desired_vel] by /roslaunch
[rosmaster.master][INFO] 2026-05-06 17:29:39,683: +PARAM [/onlane_ai_agent_7/autonomous_level] by /roslaunch
[rosmaster.master][INFO] 2026-05-06 17:29:39,683: +PARAM [/onlane_ai_agent_7/aggressiveness_level] by /roslaunch
[rosmaster.master][INFO] 2026-05-06 17:29:39,684: +PARAM [/onlane_ai_agent_8/ego_id] by /roslaunch
[rosmaster.master][INFO] 2026-05-06 17:29:39,684: +PARAM [/onlane_ai_agent_8/agent_config_path] by /roslaunch
[rosmaster.master][INFO] 2026-05-06 17:29:39,684: +PARAM [/onlane_ai_agent_8/desired_vel] by /roslaunch
[rosmaster.master][INFO] 2026-05-06 17:29:39,684: +PARAM [/onlane_ai_agent_8/autonomous_level] by /roslaunch
[rosmaster.master][INFO] 2026-05-06 17:29:39,684: +PARAM [/onlane_ai_agent_8/aggressiveness_level] by /roslaunch
[rosmaster.master][INFO] 2026-05-06 17:29:39,684: +PARAM [/onlane_ai_agent_9/ego_id] by /roslaunch
[rosmaster.master][INFO] 2026-05-06 17:29:39,684: +PARAM [/onlane_ai_agent_9/agent_config_path] by /roslaunch
[rosmaster.master][INFO] 2026-05-06 17:29:39,684: +PARAM [/onlane_ai_agent_9/desired_vel] by /roslaunch
[rosmaster.master][INFO] 2026-05-06 17:29:39,684: +PARAM [/onlane_ai_agent_9/autonomous_level] by /roslaunch
[rosmaster.master][INFO] 2026-05-06 17:29:39,684: +PARAM [/onlane_ai_agent_9/aggressiveness_level] by /roslaunch
[rosmaster.master][INFO] 2026-05-06 17:29:39,684: +PARAM [/onlane_ai_agent_10/ego_id] by /roslaunch
[rosmaster.master][INFO] 2026-05-06 17:29:39,684: +PARAM [/onlane_ai_agent_10/agent_config_path] by /roslaunch
[rosmaster.master][INFO] 2026-05-06 17:29:39,684: +PARAM [/onlane_ai_agent_10/desired_vel] by /roslaunch
[rosmaster.master][INFO] 2026-05-06 17:29:39,684: +PARAM [/onlane_ai_agent_10/autonomous_level] by /roslaunch
[rosmaster.master][INFO] 2026-05-06 17:29:39,684: +PARAM [/onlane_ai_agent_10/aggressiveness_level] by /roslaunch
[rosmaster.master][INFO] 2026-05-06 17:29:39,684: +PARAM [/phy_simulator_planning_node/vehicle_info_path] by /roslaunch
[rosmaster.master][INFO] 2026-05-06 17:29:39,684: +PARAM [/phy_simulator_planning_node/map_path] by /roslaunch
[rosmaster.master][INFO] 2026-05-06 17:29:39,684: +PARAM [/phy_simulator_planning_node/lane_net_path] by /roslaunch
[rosmaster.master][INFO] 2026-05-06 17:29:39,684: +SERVICE [/rosout/get_loggers] /rosout http://y:44149/
[rosmaster.master][INFO] 2026-05-06 17:29:39,685: +SERVICE [/rosout/set_logger_level] /rosout http://y:44149/
[rosmaster.master][INFO] 2026-05-06 17:29:39,685: +PUB [/rosout_agg] /rosout http://y:44149/
[rosmaster.master][INFO] 2026-05-06 17:29:39,686: +SUB [/rosout] /rosout http://y:44149/
[rosmaster.master][INFO] 2026-05-06 17:29:39,710: +PUB [/rosout] /onlane_ai_agent_1 http://y:41341/
[rosmaster.master][INFO] 2026-05-06 17:29:39,710: +SERVICE [/onlane_ai_agent_1/get_loggers] /onlane_ai_agent_1 http://y:41341/
[rosmaster.master][INFO] 2026-05-06 17:29:39,710: +SERVICE [/onlane_ai_agent_1/set_logger_level] /onlane_ai_agent_1 http://y:41341/
[rosmaster.master][INFO] 2026-05-06 17:29:39,711: +PUB [/ctrl/agent_1] /onlane_ai_agent_1 http://y:41341/
[rosmaster.master][INFO] 2026-05-06 17:29:39,712: publisherUpdate[/rosout] -> http://y:44149/ ['http://y:41341/']
[rosmaster.master][INFO] 2026-05-06 17:29:39,715: publisherUpdate[/rosout] -> http://y:44149/ ['http://y:41341/']: sec=0.00, result=[1, '', 0]
[rosmaster.master][INFO] 2026-05-06 17:29:39,716: +PUB [/rosout] /test_ssc_with_eudm_0 http://y:46309/
[rosmaster.master][INFO] 2026-05-06 17:29:39,719: publisherUpdate[/rosout] -> http://y:44149/ ['http://y:41341/', 'http://y:46309/']
[rosmaster.master][INFO] 2026-05-06 17:29:39,720: publisherUpdate[/rosout] -> http://y:44149/ ['http://y:41341/', 'http://y:46309/']: sec=0.00, result=[1, '', 0]
[rosmaster.master][INFO] 2026-05-06 17:29:39,722: +SERVICE [/test_ssc_with_eudm_0/get_loggers] /test_ssc_with_eudm_0 http://y:46309/
[rosmaster.master][INFO] 2026-05-06 17:29:39,726: +PUB [/rosout] /onlane_ai_agent_3 http://y:40483/
[rosmaster.master][INFO] 2026-05-06 17:29:39,727: +PUB [/rosout] /onlane_ai_agent_2 http://y:46337/
[rosmaster.master][INFO] 2026-05-06 17:29:39,729: +SERVICE [/test_ssc_with_eudm_0/set_logger_level] /test_ssc_with_eudm_0 http://y:46309/
[rosmaster.master][INFO] 2026-05-06 17:29:39,729: +PUB [/rosout] /onlane_ai_agent_4 http://y:42577/
[rosmaster.master][INFO] 2026-05-06 17:29:39,729: +PUB [/rosout] /onlane_ai_agent_5 http://y:38409/
[rosmaster.master][INFO] 2026-05-06 17:29:39,730: +SERVICE [/onlane_ai_agent_5/get_loggers] /onlane_ai_agent_5 http://y:38409/
[rosmaster.master][INFO] 2026-05-06 17:29:39,730: +SERVICE [/onlane_ai_agent_3/get_loggers] /onlane_ai_agent_3 http://y:40483/
[rosmaster.master][INFO] 2026-05-06 17:29:39,730: +SERVICE [/onlane_ai_agent_5/set_logger_level] /onlane_ai_agent_5 http://y:38409/
[rosmaster.master][INFO] 2026-05-06 17:29:39,730: +SERVICE [/onlane_ai_agent_4/get_loggers] /onlane_ai_agent_4 http://y:42577/
[rosmaster.master][INFO] 2026-05-06 17:29:39,731: +SERVICE [/onlane_ai_agent_4/set_logger_level] /onlane_ai_agent_4 http://y:42577/
[rosmaster.master][INFO] 2026-05-06 17:29:39,732: +PUB [/ctrl/agent_5] /onlane_ai_agent_5 http://y:38409/
[rosmaster.master][INFO] 2026-05-06 17:29:39,733: +PUB [/ctrl/agent_4] /onlane_ai_agent_4 http://y:42577/
[rosmaster.master][INFO] 2026-05-06 17:29:39,737: +SERVICE [/onlane_ai_agent_2/get_loggers] /onlane_ai_agent_2 http://y:46337/
[rosmaster.master][INFO] 2026-05-06 17:29:39,747: +PUB [/rosout] /onlane_ai_agent_8 http://y:34221/
[rosmaster.master][INFO] 2026-05-06 17:29:39,747: +SERVICE [/onlane_ai_agent_8/get_loggers] /onlane_ai_agent_8 http://y:34221/
[rosmaster.master][INFO] 2026-05-06 17:29:39,749: +SERVICE [/onlane_ai_agent_8/set_logger_level] /onlane_ai_agent_8 http://y:34221/
[rosmaster.master][INFO] 2026-05-06 17:29:39,752: +PUB [/rosout] /onlane_ai_agent_7 http://y:46193/
[rosmaster.master][INFO] 2026-05-06 17:29:39,753: +SERVICE [/onlane_ai_agent_7/get_loggers] /onlane_ai_agent_7 http://y:46193/
[rosmaster.master][INFO] 2026-05-06 17:29:39,753: +SERVICE [/onlane_ai_agent_7/set_logger_level] /onlane_ai_agent_7 http://y:46193/
[rosmaster.master][INFO] 2026-05-06 17:29:39,754: +SERVICE [/onlane_ai_agent_2/set_logger_level] /onlane_ai_agent_2 http://y:46337/
[rosmaster.master][INFO] 2026-05-06 17:29:39,754: +PUB [/ctrl/agent_8] /onlane_ai_agent_8 http://y:34221/
[rosmaster.master][INFO] 2026-05-06 17:29:39,756: +CACHEDPARAM [/rosout_disable_topics_generation] by /test_ssc_with_eudm_0
[rosmaster.master][INFO] 2026-05-06 17:29:39,756: +PUB [/ctrl/agent_7] /onlane_ai_agent_7 http://y:46193/
[rosmaster.master][INFO] 2026-05-06 17:29:39,758: +PUB [/rosout] /onlane_ai_agent_9 http://y:33011/
[rosmaster.master][INFO] 2026-05-06 17:29:39,761: +PUB [/rosout] /onlane_ai_agent_10 http://y:44899/
[rosmaster.master][INFO] 2026-05-06 17:29:39,763: +PUB [/ctrl/agent_2] /onlane_ai_agent_2 http://y:46337/
[rosmaster.master][INFO] 2026-05-06 17:29:39,764: +SERVICE [/onlane_ai_agent_10/get_loggers] /onlane_ai_agent_10 http://y:44899/
[rosmaster.master][INFO] 2026-05-06 17:29:39,766: +PUB [/rosout] /phy_simulator_planning_node http://y:37425/
[rosmaster.master][INFO] 2026-05-06 17:29:39,767: +SERVICE [/phy_simulator_planning_node/get_loggers] /phy_simulator_planning_node http://y:37425/
[rosmaster.master][INFO] 2026-05-06 17:29:39,767: +SERVICE [/phy_simulator_planning_node/set_logger_level] /phy_simulator_planning_node http://y:37425/
[rosmaster.master][INFO] 2026-05-06 17:29:39,769: +SERVICE [/onlane_ai_agent_3/set_logger_level] /onlane_ai_agent_3 http://y:40483/
[rosmaster.master][INFO] 2026-05-06 17:29:39,771: +SERVICE [/onlane_ai_agent_10/set_logger_level] /onlane_ai_agent_10 http://y:44899/
[rosmaster.master][INFO] 2026-05-06 17:29:39,791: +PUB [/rosout] /onlane_ai_agent_6 http://y:46549/
[rosmaster.master][INFO] 2026-05-06 17:29:39,792: +SERVICE [/onlane_ai_agent_9/get_loggers] /onlane_ai_agent_9 http://y:33011/
[rosmaster.master][INFO] 2026-05-06 17:29:39,794: +PUB [/ctrl/agent_10] /onlane_ai_agent_10 http://y:44899/
[rosmaster.master][INFO] 2026-05-06 17:29:39,795: +PUB [/ctrl/agent_3] /onlane_ai_agent_3 http://y:40483/
[rosmaster.master][INFO] 2026-05-06 17:29:39,795: +SERVICE [/onlane_ai_agent_9/set_logger_level] /onlane_ai_agent_9 http://y:33011/
[rosmaster.master][INFO] 2026-05-06 17:29:39,796: +PUB [/ctrl/agent_9] /onlane_ai_agent_9 http://y:33011/
[rosmaster.master][INFO] 2026-05-06 17:29:39,804: +SERVICE [/onlane_ai_agent_6/get_loggers] /onlane_ai_agent_6 http://y:46549/
[rosmaster.master][INFO] 2026-05-06 17:29:39,806: +SERVICE [/onlane_ai_agent_6/set_logger_level] /onlane_ai_agent_6 http://y:46549/
[rosmaster.master][INFO] 2026-05-06 17:29:39,806: publisherUpdate[/rosout] -> http://y:44149/ ['http://y:41341/', 'http://y:46309/', 'http://y:40483/']
[rosmaster.master][INFO] 2026-05-06 17:29:39,809: +PUB [/ctrl/agent_6] /onlane_ai_agent_6 http://y:46549/
[rosmaster.master][INFO] 2026-05-06 17:29:39,812: publisherUpdate[/rosout] -> http://y:44149/ ['http://y:41341/', 'http://y:46309/', 'http://y:40483/']: sec=0.01, result=[1, '', 0]
[rosmaster.master][INFO] 2026-05-06 17:29:39,812: publisherUpdate[/rosout] -> http://y:44149/ ['http://y:41341/', 'http://y:46309/', 'http://y:40483/', 'http://y:46337/']
[rosmaster.master][INFO] 2026-05-06 17:29:39,815: publisherUpdate[/rosout] -> http://y:44149/ ['http://y:41341/', 'http://y:46309/', 'http://y:40483/', 'http://y:46337/']: sec=0.00, result=[1, '', 0]
[rosmaster.master][INFO] 2026-05-06 17:29:39,815: publisherUpdate[/rosout] -> http://y:44149/ ['http://y:41341/', 'http://y:46309/', 'http://y:40483/', 'http://y:46337/', 'http://y:42577/']
[rosmaster.master][INFO] 2026-05-06 17:29:39,816: publisherUpdate[/rosout] -> http://y:44149/ ['http://y:41341/', 'http://y:46309/', 'http://y:40483/', 'http://y:46337/', 'http://y:42577/']: sec=0.00, result=[1, '', 0]
[rosmaster.master][INFO] 2026-05-06 17:29:39,816: publisherUpdate[/rosout] -> http://y:44149/ ['http://y:41341/', 'http://y:46309/', 'http://y:40483/', 'http://y:46337/', 'http://y:42577/', 'http://y:38409/']
[rosmaster.master][INFO] 2026-05-06 17:29:39,816: publisherUpdate[/rosout] -> http://y:44149/ ['http://y:41341/', 'http://y:46309/', 'http://y:40483/', 'http://y:46337/', 'http://y:42577/', 'http://y:38409/']: sec=0.00, result=[1, '', 0]
[rosmaster.master][INFO] 2026-05-06 17:29:39,816: publisherUpdate[/rosout] -> http://y:44149/ ['http://y:41341/', 'http://y:46309/', 'http://y:40483/', 'http://y:46337/', 'http://y:42577/', 'http://y:38409/', 'http://y:34221/']
[rosmaster.master][INFO] 2026-05-06 17:29:39,817: publisherUpdate[/rosout] -> http://y:44149/ ['http://y:41341/', 'http://y:46309/', 'http://y:40483/', 'http://y:46337/', 'http://y:42577/', 'http://y:38409/', 'http://y:34221/']: sec=0.00, result=[1, '', 0]
[rosmaster.master][INFO] 2026-05-06 17:29:39,818: publisherUpdate[/rosout] -> http://y:44149/ ['http://y:41341/', 'http://y:46309/', 'http://y:40483/', 'http://y:46337/', 'http://y:42577/', 'http://y:38409/', 'http://y:34221/', 'http://y:46193/']
[rosmaster.master][INFO] 2026-05-06 17:29:39,819: publisherUpdate[/rosout] -> http://y:44149/ ['http://y:41341/', 'http://y:46309/', 'http://y:40483/', 'http://y:46337/', 'http://y:42577/', 'http://y:38409/', 'http://y:34221/', 'http://y:46193/']: sec=0.00, result=[1, '', 0]
[rosmaster.master][INFO] 2026-05-06 17:29:39,819: publisherUpdate[/rosout] -> http://y:44149/ ['http://y:41341/', 'http://y:46309/', 'http://y:40483/', 'http://y:46337/', 'http://y:42577/', 'http://y:38409/', 'http://y:34221/', 'http://y:46193/', 'http://y:33011/']
[rosmaster.master][INFO] 2026-05-06 17:29:39,820: publisherUpdate[/rosout] -> http://y:44149/ ['http://y:41341/', 'http://y:46309/', 'http://y:40483/', 'http://y:46337/', 'http://y:42577/', 'http://y:38409/', 'http://y:34221/', 'http://y:46193/', 'http://y:33011/']: sec=0.00, result=[1, '', 0]
[rosmaster.master][INFO] 2026-05-06 17:29:39,821: publisherUpdate[/rosout] -> http://y:44149/ ['http://y:41341/', 'http://y:46309/', 'http://y:40483/', 'http://y:46337/', 'http://y:42577/', 'http://y:38409/', 'http://y:34221/', 'http://y:46193/', 'http://y:33011/', 'http://y:44899/']
[rosmaster.master][INFO] 2026-05-06 17:29:39,822: publisherUpdate[/rosout] -> http://y:44149/ ['http://y:41341/', 'http://y:46309/', 'http://y:40483/', 'http://y:46337/', 'http://y:42577/', 'http://y:38409/', 'http://y:34221/', 'http://y:46193/', 'http://y:33011/', 'http://y:44899/']: sec=0.00, result=[1, '', 0]
[rosmaster.master][INFO] 2026-05-06 17:29:39,823: publisherUpdate[/rosout] -> http://y:44149/ ['http://y:41341/', 'http://y:46309/', 'http://y:40483/', 'http://y:46337/', 'http://y:42577/', 'http://y:38409/', 'http://y:34221/', 'http://y:46193/', 'http://y:33011/', 'http://y:44899/', 'http://y:37425/']
[rosmaster.master][INFO] 2026-05-06 17:29:39,824: publisherUpdate[/rosout] -> http://y:44149/ ['http://y:41341/', 'http://y:46309/', 'http://y:40483/', 'http://y:46337/', 'http://y:42577/', 'http://y:38409/', 'http://y:34221/', 'http://y:46193/', 'http://y:33011/', 'http://y:44899/', 'http://y:37425/']: sec=0.00, result=[1, '', 0]
[rosmaster.master][INFO] 2026-05-06 17:29:39,825: publisherUpdate[/rosout] -> http://y:44149/ ['http://y:41341/', 'http://y:46309/', 'http://y:40483/', 'http://y:46337/', 'http://y:42577/', 'http://y:38409/', 'http://y:34221/', 'http://y:46193/', 'http://y:33011/', 'http://y:44899/', 'http://y:37425/', 'http://y:46549/']
[rosmaster.master][INFO] 2026-05-06 17:29:39,826: publisherUpdate[/rosout] -> http://y:44149/ ['http://y:41341/', 'http://y:46309/', 'http://y:40483/', 'http://y:46337/', 'http://y:42577/', 'http://y:38409/', 'http://y:34221/', 'http://y:46193/', 'http://y:33011/', 'http://y:44899/', 'http://y:37425/', 'http://y:46549/']: sec=0.00, result=[1, '', 0]
[rosmaster.master][INFO] 2026-05-06 17:29:39,837: +PUB [/arena_info_static] /phy_simulator_planning_node http://y:37425/
[rosmaster.master][INFO] 2026-05-06 17:29:39,838: +PUB [/tf] /test_ssc_with_eudm_0 http://y:46309/
[rosmaster.master][INFO] 2026-05-06 17:29:39,838: +PUB [/vis/agent_0/ego_vehicle_vis] /test_ssc_with_eudm_0 http://y:46309/
[rosmaster.master][INFO] 2026-05-06 17:29:39,839: +PUB [/vis/agent_0/obstacle_map] /test_ssc_with_eudm_0 http://y:46309/
[rosmaster.master][INFO] 2026-05-06 17:29:39,839: +PUB [/vis/agent_0/surrounding_lane_net_vis] /test_ssc_with_eudm_0 http://y:46309/
[rosmaster.master][INFO] 2026-05-06 17:29:39,840: +PUB [/vis/agent_0/local_lanes_vis] /test_ssc_with_eudm_0 http://y:46309/
[rosmaster.master][INFO] 2026-05-06 17:29:39,840: +PUB [/arena_info_dynamic] /phy_simulator_planning_node http://y:37425/
[rosmaster.master][INFO] 2026-05-06 17:29:39,840: +PUB [/vis/agent_0/ego_behavior_vis] /test_ssc_with_eudm_0 http://y:46309/
[rosmaster.master][INFO] 2026-05-06 17:29:39,841: +PUB [/phy_simulator_planning_node/vis/vehicle_set_vis] /phy_simulator_planning_node http://y:37425/
[rosmaster.master][INFO] 2026-05-06 17:29:39,841: +PUB [/phy_simulator_planning_node/vis/lane_net_vis] /phy_simulator_planning_node http://y:37425/
[rosmaster.master][INFO] 2026-05-06 17:29:39,841: +PUB [/vis/agent_0/pred_traj_openloop_vis] /test_ssc_with_eudm_0 http://y:46309/
[rosmaster.master][INFO] 2026-05-06 17:29:39,842: +PUB [/phy_simulator_planning_node/vis/obstacle_set_vis] /phy_simulator_planning_node http://y:37425/
[rosmaster.master][INFO] 2026-05-06 17:29:39,844: +PUB [/vis/agent_0/pred_initial_intention_vis] /test_ssc_with_eudm_0 http://y:46309/
[rosmaster.master][INFO] 2026-05-06 17:29:39,844: +SUB [/ctrl/agent_10] /phy_simulator_planning_node http://y:37425/
[rosmaster.master][INFO] 2026-05-06 17:29:39,845: +PUB [/vis/agent_0/surrounding_vehicle_vis] /test_ssc_with_eudm_0 http://y:46309/
[rosmaster.master][INFO] 2026-05-06 17:29:39,847: +PUB [/vis/agent_0/speed_limit] /test_ssc_with_eudm_0 http://y:46309/
[rosmaster.master][INFO] 2026-05-06 17:29:39,848: +PUB [/vis/agent_0/ssc/map_vis] /test_ssc_with_eudm_0 http://y:46309/
[rosmaster.master][INFO] 2026-05-06 17:29:39,848: +PUB [/vis/agent_0/ssc/qp_vis] /test_ssc_with_eudm_0 http://y:46309/
[rosmaster.master][INFO] 2026-05-06 17:29:39,849: +PUB [/vis/agent_0/ssc/ego_fs_vis] /test_ssc_with_eudm_0 http://y:46309/
[rosmaster.master][INFO] 2026-05-06 17:29:39,850: +PUB [/vis/agent_0/ssc/forward_trajs_vis] /test_ssc_with_eudm_0 http://y:46309/
[rosmaster.master][INFO] 2026-05-06 17:29:39,850: +SUB [/ctrl/agent_9] /phy_simulator_planning_node http://y:37425/
[rosmaster.master][INFO] 2026-05-06 17:29:39,850: +PUB [/vis/agent_0/ssc/sur_vehicle_trajs_vis] /test_ssc_with_eudm_0 http://y:46309/
[rosmaster.master][INFO] 2026-05-06 17:29:39,851: +PUB [/vis/agent_0/ssc/corridor_vis] /test_ssc_with_eudm_0 http://y:46309/
[rosmaster.master][INFO] 2026-05-06 17:29:39,856: +SUB [/ctrl/agent_8] /phy_simulator_planning_node http://y:37425/
[rosmaster.master][INFO] 2026-05-06 17:29:39,857: +SUB [/joy] /test_ssc_with_eudm_0 http://y:46309/
[rosmaster.master][INFO] 2026-05-06 17:29:39,859: +PUB [/vis/agent_0/forward_trajs] /test_ssc_with_eudm_0 http://y:46309/
[rosmaster.master][INFO] 2026-05-06 17:29:39,860: +SUB [/ctrl/agent_7] /phy_simulator_planning_node http://y:37425/
[rosmaster.master][INFO] 2026-05-06 17:29:39,861: +PUB [/ctrl/agent_0] /test_ssc_with_eudm_0 http://y:46309/
[rosmaster.master][INFO] 2026-05-06 17:29:39,861: +PUB [/test_ssc_with_eudm_0/ssc_map] /test_ssc_with_eudm_0 http://y:46309/
[rosmaster.master][INFO] 2026-05-06 17:29:39,865: +PUB [/vis/agent_0/ssc/exec_traj] /test_ssc_with_eudm_0 http://y:46309/
[rosmaster.master][INFO] 2026-05-06 17:29:39,866: +SUB [/ctrl/agent_6] /phy_simulator_planning_node http://y:37425/
[rosmaster.master][INFO] 2026-05-06 17:29:39,867: +SUB [/arena_info_static] /test_ssc_with_eudm_0 http://y:46309/
[rosmaster.master][INFO] 2026-05-06 17:29:39,868: +SUB [/ctrl/agent_5] /phy_simulator_planning_node http://y:37425/
[rosmaster.master][INFO] 2026-05-06 17:29:39,869: +SUB [/arena_info_dynamic] /test_ssc_with_eudm_0 http://y:46309/
[rosmaster.master][INFO] 2026-05-06 17:29:39,870: +SUB [/ctrl/agent_4] /phy_simulator_planning_node http://y:37425/
[rosmaster.master][INFO] 2026-05-06 17:29:39,871: +SUB [/ctrl/agent_3] /phy_simulator_planning_node http://y:37425/
[rosmaster.master][INFO] 2026-05-06 17:29:39,873: +SUB [/ctrl/agent_2] /phy_simulator_planning_node http://y:37425/
[rosmaster.master][INFO] 2026-05-06 17:29:39,874: +SUB [/ctrl/agent_1] /phy_simulator_planning_node http://y:37425/
[rosmaster.master][INFO] 2026-05-06 17:29:39,876: +SUB [/ctrl/agent_0] /phy_simulator_planning_node http://y:37425/
[rosmaster.master][INFO] 2026-05-06 17:29:39,877: +SUB [/initialpose] /phy_simulator_planning_node http://y:37425/
[rosmaster.master][INFO] 2026-05-06 17:29:39,878: +SUB [/move_base_simple/goal] /phy_simulator_planning_node http://y:37425/
[rosmaster.master][INFO] 2026-05-06 17:29:40,129: +CACHEDPARAM [/rosout/omit_topics] by /rosout
[rosmaster.master][INFO] 2026-05-06 17:29:47,555: +PUB [/rosout] /epsilon_metric_collector_2488515_1778059787429 http://y:40439/
[rosmaster.master][INFO] 2026-05-06 17:29:47,557: +SERVICE [/epsilon_metric_collector_2488515_1778059787429/get_loggers] /epsilon_metric_collector_2488515_1778059787429 http://y:40439/
[rosmaster.master][INFO] 2026-05-06 17:29:47,557: +SERVICE [/epsilon_metric_collector_2488515_1778059787429/set_logger_level] /epsilon_metric_collector_2488515_1778059787429 http://y:40439/
[rosmaster.master][INFO] 2026-05-06 17:29:47,558: +SUB [/arena_info_dynamic] /epsilon_metric_collector_2488515_1778059787429 http://y:40439/
[rosmaster.master][INFO] 2026-05-06 17:29:47,629: publisherUpdate[/rosout] -> http://y:44149/ ['http://y:41341/', 'http://y:46309/', 'http://y:40483/', 'http://y:46337/', 'http://y:42577/', 'http://y:38409/', 'http://y:34221/', 'http://y:46193/', 'http://y:33011/', 'http://y:44899/', 'http://y:37425/', 'http://y:46549/', 'http://y:40439/']
[rosmaster.master][INFO] 2026-05-06 17:29:47,630: publisherUpdate[/rosout] -> http://y:44149/ ['http://y:41341/', 'http://y:46309/', 'http://y:40483/', 'http://y:46337/', 'http://y:42577/', 'http://y:38409/', 'http://y:34221/', 'http://y:46193/', 'http://y:33011/', 'http://y:44899/', 'http://y:37425/', 'http://y:46549/', 'http://y:40439/']: sec=0.00, result=[1, '', 0]
[rosmaster.master][INFO] 2026-05-06 17:30:20,040: -SUB [/arena_info_dynamic] /epsilon_metric_collector_2488515_1778059787429 http://y:40439/
[rosmaster.master][INFO] 2026-05-06 17:30:20,040: -PUB [/rosout] /epsilon_metric_collector_2488515_1778059787429 http://y:40439/
[rosmaster.master][INFO] 2026-05-06 17:30:20,040: -SERVICE [/epsilon_metric_collector_2488515_1778059787429/get_loggers] /epsilon_metric_collector_2488515_1778059787429 rosrpc://y:37893
[rosmaster.master][INFO] 2026-05-06 17:30:20,040: -SERVICE [/epsilon_metric_collector_2488515_1778059787429/set_logger_level] /epsilon_metric_collector_2488515_1778059787429 rosrpc://y:37893
[rosmaster.master][INFO] 2026-05-06 17:30:20,090: publisherUpdate[/rosout] -> http://y:44149/ ['http://y:41341/', 'http://y:46309/', 'http://y:40483/', 'http://y:46337/', 'http://y:42577/', 'http://y:38409/', 'http://y:34221/', 'http://y:46193/', 'http://y:33011/', 'http://y:44899/', 'http://y:37425/', 'http://y:46549/']
[rosmaster.master][INFO] 2026-05-06 17:30:20,092: publisherUpdate[/rosout] -> http://y:44149/ ['http://y:41341/', 'http://y:46309/', 'http://y:40483/', 'http://y:46337/', 'http://y:42577/', 'http://y:38409/', 'http://y:34221/', 'http://y:46193/', 'http://y:33011/', 'http://y:44899/', 'http://y:37425/', 'http://y:46549/']: sec=0.00, result=[1, '', 0]
[rosmaster.master][INFO] 2026-05-06 17:30:20,123: -PUB [/rosout] /test_ssc_with_eudm_0 http://y:46309/
[rosmaster.master][INFO] 2026-05-06 17:30:20,123: -PUB [/tf] /test_ssc_with_eudm_0 http://y:46309/
[rosmaster.master][INFO] 2026-05-06 17:30:20,124: -PUB [/vis/agent_0/ego_vehicle_vis] /test_ssc_with_eudm_0 http://y:46309/
[rosmaster.master][INFO] 2026-05-06 17:30:20,124: -PUB [/vis/agent_0/obstacle_map] /test_ssc_with_eudm_0 http://y:46309/
[rosmaster.master][INFO] 2026-05-06 17:30:20,124: -PUB [/vis/agent_0/surrounding_lane_net_vis] /test_ssc_with_eudm_0 http://y:46309/
[rosmaster.master][INFO] 2026-05-06 17:30:20,125: -PUB [/vis/agent_0/local_lanes_vis] /test_ssc_with_eudm_0 http://y:46309/
[rosmaster.master][INFO] 2026-05-06 17:30:20,125: -PUB [/vis/agent_0/ego_behavior_vis] /test_ssc_with_eudm_0 http://y:46309/
[rosmaster.master][INFO] 2026-05-06 17:30:20,125: -PUB [/vis/agent_0/pred_traj_openloop_vis] /test_ssc_with_eudm_0 http://y:46309/
[rosmaster.master][INFO] 2026-05-06 17:30:20,125: -PUB [/vis/agent_0/pred_initial_intention_vis] /test_ssc_with_eudm_0 http://y:46309/
[rosmaster.master][INFO] 2026-05-06 17:30:20,126: -PUB [/vis/agent_0/surrounding_vehicle_vis] /test_ssc_with_eudm_0 http://y:46309/
[rosmaster.master][INFO] 2026-05-06 17:30:20,126: -PUB [/vis/agent_0/speed_limit] /test_ssc_with_eudm_0 http://y:46309/
[rosmaster.master][INFO] 2026-05-06 17:30:20,126: -PUB [/vis/agent_0/ssc/map_vis] /test_ssc_with_eudm_0 http://y:46309/
[rosmaster.master][INFO] 2026-05-06 17:30:20,126: -PUB [/vis/agent_0/ssc/qp_vis] /test_ssc_with_eudm_0 http://y:46309/
[rosmaster.master][INFO] 2026-05-06 17:30:20,126: -PUB [/vis/agent_0/ssc/ego_fs_vis] /test_ssc_with_eudm_0 http://y:46309/
[rosmaster.master][INFO] 2026-05-06 17:30:20,126: -PUB [/vis/agent_0/ssc/forward_trajs_vis] /test_ssc_with_eudm_0 http://y:46309/
[rosmaster.master][INFO] 2026-05-06 17:30:20,127: -PUB [/vis/agent_0/ssc/sur_vehicle_trajs_vis] /test_ssc_with_eudm_0 http://y:46309/
[rosmaster.master][INFO] 2026-05-06 17:30:20,127: -PUB [/vis/agent_0/ssc/corridor_vis] /test_ssc_with_eudm_0 http://y:46309/
[rosmaster.master][INFO] 2026-05-06 17:30:20,127: -PUB [/vis/agent_0/forward_trajs] /test_ssc_with_eudm_0 http://y:46309/
[rosmaster.master][INFO] 2026-05-06 17:30:20,127: -PUB [/ctrl/agent_0] /test_ssc_with_eudm_0 http://y:46309/
[rosmaster.master][INFO] 2026-05-06 17:30:20,127: -PUB [/test_ssc_with_eudm_0/ssc_map] /test_ssc_with_eudm_0 http://y:46309/
[rosmaster.master][INFO] 2026-05-06 17:30:20,127: -PUB [/vis/agent_0/ssc/exec_traj] /test_ssc_with_eudm_0 http://y:46309/
[rosmaster.master][INFO] 2026-05-06 17:30:20,127: -SUB [/joy] /test_ssc_with_eudm_0 http://y:46309/
[rosmaster.master][INFO] 2026-05-06 17:30:20,127: -SUB [/arena_info_static] /test_ssc_with_eudm_0 http://y:46309/
[rosmaster.master][INFO] 2026-05-06 17:30:20,128: -SUB [/arena_info_dynamic] /test_ssc_with_eudm_0 http://y:46309/
[rosmaster.master][INFO] 2026-05-06 17:30:20,128: -SERVICE [/test_ssc_with_eudm_0/get_loggers] /test_ssc_with_eudm_0 rosrpc://y:35695
[rosmaster.master][INFO] 2026-05-06 17:30:20,128: -SERVICE [/test_ssc_with_eudm_0/set_logger_level] /test_ssc_with_eudm_0 rosrpc://y:35695
[rosmaster.master][INFO] 2026-05-06 17:30:20,128: -CACHEDPARAM [/rosout_disable_topics_generation] by /test_ssc_with_eudm_0
[rosmaster.master][INFO] 2026-05-06 17:30:20,193: publisherUpdate[/rosout] -> http://y:44149/ ['http://y:41341/', 'http://y:40483/', 'http://y:46337/', 'http://y:42577/', 'http://y:38409/', 'http://y:34221/', 'http://y:46193/', 'http://y:33011/', 'http://y:44899/', 'http://y:37425/', 'http://y:46549/']
[rosmaster.master][INFO] 2026-05-06 17:30:20,193: publisherUpdate[/rosout] -> http://y:44149/ ['http://y:41341/', 'http://y:40483/', 'http://y:46337/', 'http://y:42577/', 'http://y:38409/', 'http://y:34221/', 'http://y:46193/', 'http://y:33011/', 'http://y:44899/', 'http://y:37425/', 'http://y:46549/']: sec=0.00, result=[1, '', 0]
[rosmaster.master][INFO] 2026-05-06 17:30:20,193: publisherUpdate[/ctrl/agent_0] -> http://y:37425/ []
[rosmaster.master][INFO] 2026-05-06 17:30:20,194: publisherUpdate[/ctrl/agent_0] -> http://y:37425/ []: sec=0.00, result=[0, 'Unknown Error', 0]
[rosmaster.master][INFO] 2026-05-06 17:30:20,294: -PUB [/rosout] /phy_simulator_planning_node http://y:37425/
[rosmaster.master][INFO] 2026-05-06 17:30:20,295: -PUB [/arena_info_static] /phy_simulator_planning_node http://y:37425/
[rosmaster.master][INFO] 2026-05-06 17:30:20,295: -PUB [/arena_info_dynamic] /phy_simulator_planning_node http://y:37425/
[rosmaster.master][INFO] 2026-05-06 17:30:20,295: -PUB [/phy_simulator_planning_node/vis/vehicle_set_vis] /phy_simulator_planning_node http://y:37425/
[rosmaster.master][INFO] 2026-05-06 17:30:20,296: -PUB [/phy_simulator_planning_node/vis/lane_net_vis] /phy_simulator_planning_node http://y:37425/
[rosmaster.master][INFO] 2026-05-06 17:30:20,296: -PUB [/phy_simulator_planning_node/vis/obstacle_set_vis] /phy_simulator_planning_node http://y:37425/
[rosmaster.master][INFO] 2026-05-06 17:30:20,296: -SUB [/ctrl/agent_10] /phy_simulator_planning_node http://y:37425/
[rosmaster.master][INFO] 2026-05-06 17:30:20,296: -SUB [/ctrl/agent_9] /phy_simulator_planning_node http://y:37425/
[rosmaster.master][INFO] 2026-05-06 17:30:20,297: -SUB [/ctrl/agent_8] /phy_simulator_planning_node http://y:37425/
[rosmaster.master][INFO] 2026-05-06 17:30:20,297: -SUB [/ctrl/agent_7] /phy_simulator_planning_node http://y:37425/
[rosmaster.master][INFO] 2026-05-06 17:30:20,297: -SUB [/ctrl/agent_6] /phy_simulator_planning_node http://y:37425/
[rosmaster.master][INFO] 2026-05-06 17:30:20,297: -SUB [/ctrl/agent_5] /phy_simulator_planning_node http://y:37425/
[rosmaster.master][INFO] 2026-05-06 17:30:20,297: -SUB [/ctrl/agent_4] /phy_simulator_planning_node http://y:37425/
[rosmaster.master][INFO] 2026-05-06 17:30:20,297: -SUB [/ctrl/agent_3] /phy_simulator_planning_node http://y:37425/
[rosmaster.master][INFO] 2026-05-06 17:30:20,297: -SUB [/ctrl/agent_2] /phy_simulator_planning_node http://y:37425/
[rosmaster.master][INFO] 2026-05-06 17:30:20,297: -SUB [/ctrl/agent_1] /phy_simulator_planning_node http://y:37425/
[rosmaster.master][INFO] 2026-05-06 17:30:20,297: -SUB [/ctrl/agent_0] /phy_simulator_planning_node http://y:37425/
[rosmaster.master][INFO] 2026-05-06 17:30:20,298: -SUB [/initialpose] /phy_simulator_planning_node http://y:37425/
[rosmaster.master][INFO] 2026-05-06 17:30:20,298: -SUB [/move_base_simple/goal] /phy_simulator_planning_node http://y:37425/
[rosmaster.master][INFO] 2026-05-06 17:30:20,298: -SERVICE [/phy_simulator_planning_node/get_loggers] /phy_simulator_planning_node rosrpc://y:46801
[rosmaster.master][INFO] 2026-05-06 17:30:20,298: -SERVICE [/phy_simulator_planning_node/set_logger_level] /phy_simulator_planning_node rosrpc://y:46801
[rosmaster.master][INFO] 2026-05-06 17:30:20,298: publisherUpdate[/rosout] -> http://y:44149/ ['http://y:41341/', 'http://y:40483/', 'http://y:46337/', 'http://y:42577/', 'http://y:38409/', 'http://y:34221/', 'http://y:46193/', 'http://y:33011/', 'http://y:44899/', 'http://y:46549/']
[rosmaster.master][INFO] 2026-05-06 17:30:20,299: publisherUpdate[/rosout] -> http://y:44149/ ['http://y:41341/', 'http://y:40483/', 'http://y:46337/', 'http://y:42577/', 'http://y:38409/', 'http://y:34221/', 'http://y:46193/', 'http://y:33011/', 'http://y:44899/', 'http://y:46549/']: sec=0.00, result=[1, '', 0]
[rosmaster.master][INFO] 2026-05-06 17:30:20,499: -PUB [/rosout_agg] /rosout http://y:44149/
[rosmaster.master][INFO] 2026-05-06 17:30:20,500: -SUB [/rosout] /rosout http://y:44149/
[rosmaster.master][INFO] 2026-05-06 17:30:20,500: -SERVICE [/rosout/get_loggers] /rosout rosrpc://y:39203
[rosmaster.master][INFO] 2026-05-06 17:30:20,501: -SERVICE [/rosout/set_logger_level] /rosout rosrpc://y:39203
[rosmaster.master][INFO] 2026-05-06 17:30:20,501: -CACHEDPARAM [/rosout/omit_topics] by /rosout
[rosmaster.main][INFO] 2026-05-06 17:30:20,541: keyboard interrupt, will exit
[rosmaster.main][INFO] 2026-05-06 17:30:20,541: stopping master...
[rospy.core][INFO] 2026-05-06 17:30:20,541: signal_shutdown [atexit]
