[rosmaster.main][INFO] 2026-05-06 17:27:10,340: initialization complete, waiting for shutdown
[rosmaster.main][INFO] 2026-05-06 17:27:10,341: Starting ROS Master Node
[xmlrpc][INFO] 2026-05-06 17:27:10,341: XML-RPC server binding to 0.0.0.0:11311
[xmlrpc][INFO] 2026-05-06 17:27:10,341: Started XML-RPC server [http://y:11311/]
[rosmaster.master][INFO] 2026-05-06 17:27:10,342: Master initialized: port[11311], uri[http://y:11311/]
[xmlrpc][INFO] 2026-05-06 17:27:10,342: xml rpc node: starting XML-RPC server
[rosmaster.master][INFO] 2026-05-06 17:27:10,356: +PARAM [/run_id] by /roslaunch
[rosmaster.master][INFO] 2026-05-06 17:27:10,356: +PARAM [/roslaunch/uris/host_y__41797] by /roslaunch
[rosmaster.master][INFO] 2026-05-06 17:27:10,380: +PARAM [/rosversion] by /roslaunch
[rosmaster.master][INFO] 2026-05-06 17:27:10,380: +PARAM [/rosdistro] by /roslaunch
[rosmaster.master][INFO] 2026-05-06 17:27:10,380: +PARAM [/test_ssc_with_mpdm_0/ego_id] by /roslaunch
[rosmaster.master][INFO] 2026-05-06 17:27:10,380: +PARAM [/test_ssc_with_mpdm_0/agent_config_path] by /roslaunch
[rosmaster.master][INFO] 2026-05-06 17:27:10,380: +PARAM [/test_ssc_with_mpdm_0/ssc_config_path] by /roslaunch
[rosmaster.master][INFO] 2026-05-06 17:27:10,380: +PARAM [/test_ssc_with_mpdm_0/desired_vel] by /roslaunch
[rosmaster.master][INFO] 2026-05-06 17:27:10,380: +PARAM [/test_ssc_with_mpdm_0/use_sim_state] by /roslaunch
[rosmaster.master][INFO] 2026-05-06 17:27:10,380: +PARAM [/onlane_ai_agent_1/ego_id] by /roslaunch
[rosmaster.master][INFO] 2026-05-06 17:27:10,380: +PARAM [/onlane_ai_agent_1/agent_config_path] by /roslaunch
[rosmaster.master][INFO] 2026-05-06 17:27:10,380: +PARAM [/onlane_ai_agent_1/desired_vel] by /roslaunch
[rosmaster.master][INFO] 2026-05-06 17:27:10,380: +PARAM [/onlane_ai_agent_1/autonomous_level] by /roslaunch
[rosmaster.master][INFO] 2026-05-06 17:27:10,380: +PARAM [/onlane_ai_agent_1/aggressiveness_level] by /roslaunch
[rosmaster.master][INFO] 2026-05-06 17:27:10,380: +PARAM [/onlane_ai_agent_2/ego_id] by /roslaunch
[rosmaster.master][INFO] 2026-05-06 17:27:10,380: +PARAM [/onlane_ai_agent_2/agent_config_path] by /roslaunch
[rosmaster.master][INFO] 2026-05-06 17:27:10,380: +PARAM [/onlane_ai_agent_2/desired_vel] by /roslaunch
[rosmaster.master][INFO] 2026-05-06 17:27:10,380: +PARAM [/onlane_ai_agent_2/autonomous_level] by /roslaunch
[rosmaster.master][INFO] 2026-05-06 17:27:10,381: +PARAM [/onlane_ai_agent_2/aggressiveness_level] by /roslaunch
[rosmaster.master][INFO] 2026-05-06 17:27:10,381: +PARAM [/onlane_ai_agent_3/ego_id] by /roslaunch
[rosmaster.master][INFO] 2026-05-06 17:27:10,381: +PARAM [/onlane_ai_agent_3/agent_config_path] by /roslaunch
[rosmaster.master][INFO] 2026-05-06 17:27:10,381: +PARAM [/onlane_ai_agent_3/desired_vel] by /roslaunch
[rosmaster.master][INFO] 2026-05-06 17:27:10,381: +PARAM [/onlane_ai_agent_3/autonomous_level] by /roslaunch
[rosmaster.master][INFO] 2026-05-06 17:27:10,381: +PARAM [/onlane_ai_agent_3/aggressiveness_level] by /roslaunch
[rosmaster.master][INFO] 2026-05-06 17:27:10,381: +PARAM [/onlane_ai_agent_4/ego_id] by /roslaunch
[rosmaster.master][INFO] 2026-05-06 17:27:10,381: +PARAM [/onlane_ai_agent_4/agent_config_path] by /roslaunch
[rosmaster.master][INFO] 2026-05-06 17:27:10,381: +PARAM [/onlane_ai_agent_4/desired_vel] by /roslaunch
[rosmaster.master][INFO] 2026-05-06 17:27:10,381: +PARAM [/onlane_ai_agent_4/autonomous_level] by /roslaunch
[rosmaster.master][INFO] 2026-05-06 17:27:10,381: +PARAM [/onlane_ai_agent_4/aggressiveness_level] by /roslaunch
[rosmaster.master][INFO] 2026-05-06 17:27:10,381: +PARAM [/onlane_ai_agent_5/ego_id] by /roslaunch
[rosmaster.master][INFO] 2026-05-06 17:27:10,381: +PARAM [/onlane_ai_agent_5/agent_config_path] by /roslaunch
[rosmaster.master][INFO] 2026-05-06 17:27:10,381: +PARAM [/onlane_ai_agent_5/desired_vel] by /roslaunch
[rosmaster.master][INFO] 2026-05-06 17:27:10,381: +PARAM [/onlane_ai_agent_5/autonomous_level] by /roslaunch
[rosmaster.master][INFO] 2026-05-06 17:27:10,381: +PARAM [/onlane_ai_agent_5/aggressiveness_level] by /roslaunch
[rosmaster.master][INFO] 2026-05-06 17:27:10,381: +PARAM [/onlane_ai_agent_6/ego_id] by /roslaunch
[rosmaster.master][INFO] 2026-05-06 17:27:10,381: +PARAM [/onlane_ai_agent_6/agent_config_path] by /roslaunch
[rosmaster.master][INFO] 2026-05-06 17:27:10,381: +PARAM [/onlane_ai_agent_6/desired_vel] by /roslaunch
[rosmaster.master][INFO] 2026-05-06 17:27:10,381: +PARAM [/onlane_ai_agent_6/autonomous_level] by /roslaunch
[rosmaster.master][INFO] 2026-05-06 17:27:10,381: +PARAM [/onlane_ai_agent_6/aggressiveness_level] by /roslaunch
[rosmaster.master][INFO] 2026-05-06 17:27:10,381: +PARAM [/onlane_ai_agent_7/ego_id] by /roslaunch
[rosmaster.master][INFO] 2026-05-06 17:27:10,381: +PARAM [/onlane_ai_agent_7/agent_config_path] by /roslaunch
[rosmaster.master][INFO] 2026-05-06 17:27:10,381: +PARAM [/onlane_ai_agent_7/desired_vel] by /roslaunch
[rosmaster.master][INFO] 2026-05-06 17:27:10,381: +PARAM [/onlane_ai_agent_7/autonomous_level] by /roslaunch
[rosmaster.master][INFO] 2026-05-06 17:27:10,381: +PARAM [/onlane_ai_agent_7/aggressiveness_level] by /roslaunch
[rosmaster.master][INFO] 2026-05-06 17:27:10,381: +PARAM [/onlane_ai_agent_8/ego_id] by /roslaunch
[rosmaster.master][INFO] 2026-05-06 17:27:10,381: +PARAM [/onlane_ai_agent_8/agent_config_path] by /roslaunch
[rosmaster.master][INFO] 2026-05-06 17:27:10,381: +PARAM [/onlane_ai_agent_8/desired_vel] by /roslaunch
[rosmaster.master][INFO] 2026-05-06 17:27:10,381: +PARAM [/onlane_ai_agent_8/autonomous_level] by /roslaunch
[rosmaster.master][INFO] 2026-05-06 17:27:10,381: +PARAM [/onlane_ai_agent_8/aggressiveness_level] by /roslaunch
[rosmaster.master][INFO] 2026-05-06 17:27:10,381: +PARAM [/onlane_ai_agent_9/ego_id] by /roslaunch
[rosmaster.master][INFO] 2026-05-06 17:27:10,382: +PARAM [/onlane_ai_agent_9/agent_config_path] by /roslaunch
[rosmaster.master][INFO] 2026-05-06 17:27:10,382: +PARAM [/onlane_ai_agent_9/desired_vel] by /roslaunch
[rosmaster.master][INFO] 2026-05-06 17:27:10,382: +PARAM [/onlane_ai_agent_9/autonomous_level] by /roslaunch
[rosmaster.master][INFO] 2026-05-06 17:27:10,382: +PARAM [/onlane_ai_agent_9/aggressiveness_level] by /roslaunch
[rosmaster.master][INFO] 2026-05-06 17:27:10,382: +PARAM [/onlane_ai_agent_10/ego_id] by /roslaunch
[rosmaster.master][INFO] 2026-05-06 17:27:10,382: +PARAM [/onlane_ai_agent_10/agent_config_path] by /roslaunch
[rosmaster.master][INFO] 2026-05-06 17:27:10,382: +PARAM [/onlane_ai_agent_10/desired_vel] by /roslaunch
[rosmaster.master][INFO] 2026-05-06 17:27:10,382: +PARAM [/onlane_ai_agent_10/autonomous_level] by /roslaunch
[rosmaster.master][INFO] 2026-05-06 17:27:10,382: +PARAM [/onlane_ai_agent_10/aggressiveness_level] by /roslaunch
[rosmaster.master][INFO] 2026-05-06 17:27:10,382: +PARAM [/phy_simulator_planning_node/vehicle_info_path] by /roslaunch
[rosmaster.master][INFO] 2026-05-06 17:27:10,382: +PARAM [/phy_simulator_planning_node/map_path] by /roslaunch
[rosmaster.master][INFO] 2026-05-06 17:27:10,382: +PARAM [/phy_simulator_planning_node/lane_net_path] by /roslaunch
[rosmaster.master][INFO] 2026-05-06 17:27:10,382: +SERVICE [/rosout/get_loggers] /rosout http://y:42971/
[rosmaster.master][INFO] 2026-05-06 17:27:10,382: +SERVICE [/rosout/set_logger_level] /rosout http://y:42971/
[rosmaster.master][INFO] 2026-05-06 17:27:10,383: +PUB [/rosout_agg] /rosout http://y:42971/
[rosmaster.master][INFO] 2026-05-06 17:27:10,383: +SUB [/rosout] /rosout http://y:42971/
[rosmaster.master][INFO] 2026-05-06 17:27:10,409: +PUB [/rosout] /onlane_ai_agent_1 http://y:43015/
[rosmaster.master][INFO] 2026-05-06 17:27:10,409: +SERVICE [/onlane_ai_agent_1/get_loggers] /onlane_ai_agent_1 http://y:43015/
[rosmaster.master][INFO] 2026-05-06 17:27:10,410: +SERVICE [/onlane_ai_agent_1/set_logger_level] /onlane_ai_agent_1 http://y:43015/
[rosmaster.master][INFO] 2026-05-06 17:27:10,411: +PUB [/ctrl/agent_1] /onlane_ai_agent_1 http://y:43015/
[rosmaster.master][INFO] 2026-05-06 17:27:10,412: +PUB [/rosout] /onlane_ai_agent_2 http://y:44239/
[rosmaster.master][INFO] 2026-05-06 17:27:10,412: +SERVICE [/onlane_ai_agent_2/get_loggers] /onlane_ai_agent_2 http://y:44239/
[rosmaster.master][INFO] 2026-05-06 17:27:10,413: +SERVICE [/onlane_ai_agent_2/set_logger_level] /onlane_ai_agent_2 http://y:44239/
[rosmaster.master][INFO] 2026-05-06 17:27:10,414: +PUB [/ctrl/agent_2] /onlane_ai_agent_2 http://y:44239/
[rosmaster.master][INFO] 2026-05-06 17:27:10,415: +PUB [/rosout] /test_ssc_with_mpdm_0 http://y:45191/
[rosmaster.master][INFO] 2026-05-06 17:27:10,421: +PUB [/rosout] /onlane_ai_agent_4 http://y:39525/
[rosmaster.master][INFO] 2026-05-06 17:27:10,428: +PUB [/rosout] /onlane_ai_agent_3 http://y:38899/
[rosmaster.master][INFO] 2026-05-06 17:27:10,429: +PUB [/rosout] /onlane_ai_agent_5 http://y:46131/
[rosmaster.master][INFO] 2026-05-06 17:27:10,429: +SERVICE [/onlane_ai_agent_5/get_loggers] /onlane_ai_agent_5 http://y:46131/
[rosmaster.master][INFO] 2026-05-06 17:27:10,429: +SERVICE [/onlane_ai_agent_5/set_logger_level] /onlane_ai_agent_5 http://y:46131/
[rosmaster.master][INFO] 2026-05-06 17:27:10,430: +SERVICE [/onlane_ai_agent_4/get_loggers] /onlane_ai_agent_4 http://y:39525/
[rosmaster.master][INFO] 2026-05-06 17:27:10,435: +PUB [/rosout] /onlane_ai_agent_6 http://y:37107/
[rosmaster.master][INFO] 2026-05-06 17:27:10,435: +SERVICE [/test_ssc_with_mpdm_0/get_loggers] /test_ssc_with_mpdm_0 http://y:45191/
[rosmaster.master][INFO] 2026-05-06 17:27:10,435: +PUB [/ctrl/agent_5] /onlane_ai_agent_5 http://y:46131/
[rosmaster.master][INFO] 2026-05-06 17:27:10,437: +SERVICE [/onlane_ai_agent_4/set_logger_level] /onlane_ai_agent_4 http://y:39525/
[rosmaster.master][INFO] 2026-05-06 17:27:10,437: +SERVICE [/test_ssc_with_mpdm_0/set_logger_level] /test_ssc_with_mpdm_0 http://y:45191/
[rosmaster.master][INFO] 2026-05-06 17:27:10,438: +PUB [/rosout] /onlane_ai_agent_7 http://y:33837/
[rosmaster.master][INFO] 2026-05-06 17:27:10,441: publisherUpdate[/rosout] -> http://y:42971/ ['http://y:43015/']
[rosmaster.master][INFO] 2026-05-06 17:27:10,447: +SERVICE [/onlane_ai_agent_7/get_loggers] /onlane_ai_agent_7 http://y:33837/
[rosmaster.master][INFO] 2026-05-06 17:27:10,448: +SERVICE [/onlane_ai_agent_6/get_loggers] /onlane_ai_agent_6 http://y:37107/
[rosmaster.master][INFO] 2026-05-06 17:27:10,449: +SERVICE [/onlane_ai_agent_3/get_loggers] /onlane_ai_agent_3 http://y:38899/
[rosmaster.master][INFO] 2026-05-06 17:27:10,450: +PUB [/rosout] /onlane_ai_agent_8 http://y:42993/
[rosmaster.master][INFO] 2026-05-06 17:27:10,452: publisherUpdate[/rosout] -> http://y:42971/ ['http://y:43015/']: sec=0.01, result=[1, '', 0]
[rosmaster.master][INFO] 2026-05-06 17:27:10,452: publisherUpdate[/rosout] -> http://y:42971/ ['http://y:43015/', 'http://y:44239/']
[rosmaster.master][INFO] 2026-05-06 17:27:10,452: +SERVICE [/onlane_ai_agent_8/get_loggers] /onlane_ai_agent_8 http://y:42993/
[rosmaster.master][INFO] 2026-05-06 17:27:10,453: publisherUpdate[/rosout] -> http://y:42971/ ['http://y:43015/', 'http://y:44239/']: sec=0.00, result=[1, '', 0]
[rosmaster.master][INFO] 2026-05-06 17:27:10,453: publisherUpdate[/rosout] -> http://y:42971/ ['http://y:43015/', 'http://y:44239/', 'http://y:45191/']
[rosmaster.master][INFO] 2026-05-06 17:27:10,454: publisherUpdate[/rosout] -> http://y:42971/ ['http://y:43015/', 'http://y:44239/', 'http://y:45191/']: sec=0.00, result=[1, '', 0]
[rosmaster.master][INFO] 2026-05-06 17:27:10,455: publisherUpdate[/rosout] -> http://y:42971/ ['http://y:43015/', 'http://y:44239/', 'http://y:45191/', 'http://y:39525/']
[rosmaster.master][INFO] 2026-05-06 17:27:10,455: +SERVICE [/onlane_ai_agent_6/set_logger_level] /onlane_ai_agent_6 http://y:37107/
[rosmaster.master][INFO] 2026-05-06 17:27:10,456: publisherUpdate[/rosout] -> http://y:42971/ ['http://y:43015/', 'http://y:44239/', 'http://y:45191/', 'http://y:39525/']: sec=0.00, result=[1, '', 0]
[rosmaster.master][INFO] 2026-05-06 17:27:10,456: publisherUpdate[/rosout] -> http://y:42971/ ['http://y:43015/', 'http://y:44239/', 'http://y:45191/', 'http://y:39525/', 'http://y:38899/']
[rosmaster.master][INFO] 2026-05-06 17:27:10,458: +PUB [/rosout] /onlane_ai_agent_9 http://y:41001/
[rosmaster.master][INFO] 2026-05-06 17:27:10,459: publisherUpdate[/rosout] -> http://y:42971/ ['http://y:43015/', 'http://y:44239/', 'http://y:45191/', 'http://y:39525/', 'http://y:38899/']: sec=0.00, result=[1, '', 0]
[rosmaster.master][INFO] 2026-05-06 17:27:10,459: publisherUpdate[/rosout] -> http://y:42971/ ['http://y:43015/', 'http://y:44239/', 'http://y:45191/', 'http://y:39525/', 'http://y:38899/', 'http://y:46131/']
[rosmaster.master][INFO] 2026-05-06 17:27:10,461: publisherUpdate[/rosout] -> http://y:42971/ ['http://y:43015/', 'http://y:44239/', 'http://y:45191/', 'http://y:39525/', 'http://y:38899/', 'http://y:46131/']: sec=0.00, result=[1, '', 0]
[rosmaster.master][INFO] 2026-05-06 17:27:10,461: publisherUpdate[/rosout] -> http://y:42971/ ['http://y:43015/', 'http://y:44239/', 'http://y:45191/', 'http://y:39525/', 'http://y:38899/', 'http://y:46131/', 'http://y:37107/']
[rosmaster.master][INFO] 2026-05-06 17:27:10,461: +PUB [/rosout] /phy_simulator_planning_node http://y:44833/
[rosmaster.master][INFO] 2026-05-06 17:27:10,461: publisherUpdate[/rosout] -> http://y:42971/ ['http://y:43015/', 'http://y:44239/', 'http://y:45191/', 'http://y:39525/', 'http://y:38899/', 'http://y:46131/', 'http://y:37107/']: sec=0.00, result=[1, '', 0]
[rosmaster.master][INFO] 2026-05-06 17:27:10,461: publisherUpdate[/rosout] -> http://y:42971/ ['http://y:43015/', 'http://y:44239/', 'http://y:45191/', 'http://y:39525/', 'http://y:38899/', 'http://y:46131/', 'http://y:37107/', 'http://y:33837/']
[rosmaster.master][INFO] 2026-05-06 17:27:10,461: +SERVICE [/onlane_ai_agent_9/get_loggers] /onlane_ai_agent_9 http://y:41001/
[rosmaster.master][INFO] 2026-05-06 17:27:10,462: publisherUpdate[/rosout] -> http://y:42971/ ['http://y:43015/', 'http://y:44239/', 'http://y:45191/', 'http://y:39525/', 'http://y:38899/', 'http://y:46131/', 'http://y:37107/', 'http://y:33837/']: sec=0.00, result=[1, '', 0]
[rosmaster.master][INFO] 2026-05-06 17:27:10,462: publisherUpdate[/rosout] -> http://y:42971/ ['http://y:43015/', 'http://y:44239/', 'http://y:45191/', 'http://y:39525/', 'http://y:38899/', 'http://y:46131/', 'http://y:37107/', 'http://y:33837/', 'http://y:42993/']
[rosmaster.master][INFO] 2026-05-06 17:27:10,462: +PUB [/rosout] /onlane_ai_agent_10 http://y:32881/
[rosmaster.master][INFO] 2026-05-06 17:27:10,462: +SERVICE [/phy_simulator_planning_node/get_loggers] /phy_simulator_planning_node http://y:44833/
[rosmaster.master][INFO] 2026-05-06 17:27:10,463: publisherUpdate[/rosout] -> http://y:42971/ ['http://y:43015/', 'http://y:44239/', 'http://y:45191/', 'http://y:39525/', 'http://y:38899/', 'http://y:46131/', 'http://y:37107/', 'http://y:33837/', 'http://y:42993/']: sec=0.00, result=[1, '', 0]
[rosmaster.master][INFO] 2026-05-06 17:27:10,463: publisherUpdate[/rosout] -> http://y:42971/ ['http://y:43015/', 'http://y:44239/', 'http://y:45191/', 'http://y:39525/', 'http://y:38899/', 'http://y:46131/', 'http://y:37107/', 'http://y:33837/', 'http://y:42993/', 'http://y:41001/']
[rosmaster.master][INFO] 2026-05-06 17:27:10,463: +SERVICE [/phy_simulator_planning_node/set_logger_level] /phy_simulator_planning_node http://y:44833/
[rosmaster.master][INFO] 2026-05-06 17:27:10,463: +SERVICE [/onlane_ai_agent_9/set_logger_level] /onlane_ai_agent_9 http://y:41001/
[rosmaster.master][INFO] 2026-05-06 17:27:10,463: +SERVICE [/onlane_ai_agent_10/get_loggers] /onlane_ai_agent_10 http://y:32881/
[rosmaster.master][INFO] 2026-05-06 17:27:10,465: +SERVICE [/onlane_ai_agent_10/set_logger_level] /onlane_ai_agent_10 http://y:32881/
[rosmaster.master][INFO] 2026-05-06 17:27:10,466: +SERVICE [/onlane_ai_agent_7/set_logger_level] /onlane_ai_agent_7 http://y:33837/
[rosmaster.master][INFO] 2026-05-06 17:27:10,470: +SERVICE [/onlane_ai_agent_8/set_logger_level] /onlane_ai_agent_8 http://y:42993/
[rosmaster.master][INFO] 2026-05-06 17:27:10,470: publisherUpdate[/rosout] -> http://y:42971/ ['http://y:43015/', 'http://y:44239/', 'http://y:45191/', 'http://y:39525/', 'http://y:38899/', 'http://y:46131/', 'http://y:37107/', 'http://y:33837/', 'http://y:42993/', 'http://y:41001/']: sec=0.01, result=[1, '', 0]
[rosmaster.master][INFO] 2026-05-06 17:27:10,471: publisherUpdate[/rosout] -> http://y:42971/ ['http://y:43015/', 'http://y:44239/', 'http://y:45191/', 'http://y:39525/', 'http://y:38899/', 'http://y:46131/', 'http://y:37107/', 'http://y:33837/', 'http://y:42993/', 'http://y:41001/', 'http://y:44833/']
[rosmaster.master][INFO] 2026-05-06 17:27:10,471: +PUB [/ctrl/agent_10] /onlane_ai_agent_10 http://y:32881/
[rosmaster.master][INFO] 2026-05-06 17:27:10,471: publisherUpdate[/rosout] -> http://y:42971/ ['http://y:43015/', 'http://y:44239/', 'http://y:45191/', 'http://y:39525/', 'http://y:38899/', 'http://y:46131/', 'http://y:37107/', 'http://y:33837/', 'http://y:42993/', 'http://y:41001/', 'http://y:44833/']: sec=0.00, result=[1, '', 0]
[rosmaster.master][INFO] 2026-05-06 17:27:10,472: publisherUpdate[/rosout] -> http://y:42971/ ['http://y:43015/', 'http://y:44239/', 'http://y:45191/', 'http://y:39525/', 'http://y:38899/', 'http://y:46131/', 'http://y:37107/', 'http://y:33837/', 'http://y:42993/', 'http://y:41001/', 'http://y:44833/', 'http://y:32881/']
[rosmaster.master][INFO] 2026-05-06 17:27:10,472: +SERVICE [/onlane_ai_agent_3/set_logger_level] /onlane_ai_agent_3 http://y:38899/
[rosmaster.master][INFO] 2026-05-06 17:27:10,473: publisherUpdate[/rosout] -> http://y:42971/ ['http://y:43015/', 'http://y:44239/', 'http://y:45191/', 'http://y:39525/', 'http://y:38899/', 'http://y:46131/', 'http://y:37107/', 'http://y:33837/', 'http://y:42993/', 'http://y:41001/', 'http://y:44833/', 'http://y:32881/']: sec=0.00, result=[1, '', 0]
[rosmaster.master][INFO] 2026-05-06 17:27:10,474: +PUB [/ctrl/agent_4] /onlane_ai_agent_4 http://y:39525/
[rosmaster.master][INFO] 2026-05-06 17:27:10,474: +PUB [/ctrl/agent_9] /onlane_ai_agent_9 http://y:41001/
[rosmaster.master][INFO] 2026-05-06 17:27:10,475: +PUB [/ctrl/agent_6] /onlane_ai_agent_6 http://y:37107/
[rosmaster.master][INFO] 2026-05-06 17:27:10,477: +PUB [/tf] /test_ssc_with_mpdm_0 http://y:45191/
[rosmaster.master][INFO] 2026-05-06 17:27:10,478: +PUB [/vis/agent_0/ego_vehicle_vis] /test_ssc_with_mpdm_0 http://y:45191/
[rosmaster.master][INFO] 2026-05-06 17:27:10,479: +PUB [/vis/agent_0/obstacle_map] /test_ssc_with_mpdm_0 http://y:45191/
[rosmaster.master][INFO] 2026-05-06 17:27:10,481: +PUB [/vis/agent_0/surrounding_lane_net_vis] /test_ssc_with_mpdm_0 http://y:45191/
[rosmaster.master][INFO] 2026-05-06 17:27:10,487: +PUB [/vis/agent_0/local_lanes_vis] /test_ssc_with_mpdm_0 http://y:45191/
[rosmaster.master][INFO] 2026-05-06 17:27:10,488: +PUB [/vis/agent_0/ego_behavior_vis] /test_ssc_with_mpdm_0 http://y:45191/
[rosmaster.master][INFO] 2026-05-06 17:27:10,490: +PUB [/vis/agent_0/pred_traj_openloop_vis] /test_ssc_with_mpdm_0 http://y:45191/
[rosmaster.master][INFO] 2026-05-06 17:27:10,493: +PUB [/vis/agent_0/pred_initial_intention_vis] /test_ssc_with_mpdm_0 http://y:45191/
[rosmaster.master][INFO] 2026-05-06 17:27:10,494: +PUB [/vis/agent_0/surrounding_vehicle_vis] /test_ssc_with_mpdm_0 http://y:45191/
[rosmaster.master][INFO] 2026-05-06 17:27:10,494: +PUB [/vis/agent_0/speed_limit] /test_ssc_with_mpdm_0 http://y:45191/
[rosmaster.master][INFO] 2026-05-06 17:27:10,498: +PUB [/vis/agent_0/ssc/map_vis] /test_ssc_with_mpdm_0 http://y:45191/
[rosmaster.master][INFO] 2026-05-06 17:27:10,500: +PUB [/ctrl/agent_7] /onlane_ai_agent_7 http://y:33837/
[rosmaster.master][INFO] 2026-05-06 17:27:10,522: +PUB [/ctrl/agent_8] /onlane_ai_agent_8 http://y:42993/
[rosmaster.master][INFO] 2026-05-06 17:27:10,525: +PUB [/ctrl/agent_3] /onlane_ai_agent_3 http://y:38899/
[rosmaster.master][INFO] 2026-05-06 17:27:10,538: +PUB [/vis/agent_0/ssc/qp_vis] /test_ssc_with_mpdm_0 http://y:45191/
[rosmaster.master][INFO] 2026-05-06 17:27:10,538: +PUB [/vis/agent_0/ssc/ego_fs_vis] /test_ssc_with_mpdm_0 http://y:45191/
[rosmaster.master][INFO] 2026-05-06 17:27:10,542: +PUB [/vis/agent_0/ssc/forward_trajs_vis] /test_ssc_with_mpdm_0 http://y:45191/
[rosmaster.master][INFO] 2026-05-06 17:27:10,542: +PUB [/vis/agent_0/ssc/sur_vehicle_trajs_vis] /test_ssc_with_mpdm_0 http://y:45191/
[rosmaster.master][INFO] 2026-05-06 17:27:10,542: +PUB [/vis/agent_0/ssc/corridor_vis] /test_ssc_with_mpdm_0 http://y:45191/
[rosmaster.master][INFO] 2026-05-06 17:27:10,545: +PUB [/arena_info_static] /phy_simulator_planning_node http://y:44833/
[rosmaster.master][INFO] 2026-05-06 17:27:10,551: +PUB [/ctrl/agent_0] /test_ssc_with_mpdm_0 http://y:45191/
[rosmaster.master][INFO] 2026-05-06 17:27:10,551: +PUB [/test_ssc_with_mpdm_0/ssc_map] /test_ssc_with_mpdm_0 http://y:45191/
[rosmaster.master][INFO] 2026-05-06 17:27:10,552: +PUB [/vis/agent_0/ssc/exec_traj] /test_ssc_with_mpdm_0 http://y:45191/
[rosmaster.master][INFO] 2026-05-06 17:27:10,553: +SUB [/joy] /test_ssc_with_mpdm_0 http://y:45191/
[rosmaster.master][INFO] 2026-05-06 17:27:10,553: +PUB [/vis/agent_0/forward_trajs] /test_ssc_with_mpdm_0 http://y:45191/
[rosmaster.master][INFO] 2026-05-06 17:27:10,554: +PUB [/arena_info_dynamic] /phy_simulator_planning_node http://y:44833/
[rosmaster.master][INFO] 2026-05-06 17:27:10,555: +SUB [/arena_info_static] /test_ssc_with_mpdm_0 http://y:45191/
[rosmaster.master][INFO] 2026-05-06 17:27:10,555: +PUB [/phy_simulator_planning_node/vis/vehicle_set_vis] /phy_simulator_planning_node http://y:44833/
[rosmaster.master][INFO] 2026-05-06 17:27:10,555: +PUB [/phy_simulator_planning_node/vis/lane_net_vis] /phy_simulator_planning_node http://y:44833/
[rosmaster.master][INFO] 2026-05-06 17:27:10,556: +PUB [/phy_simulator_planning_node/vis/obstacle_set_vis] /phy_simulator_planning_node http://y:44833/
[rosmaster.master][INFO] 2026-05-06 17:27:10,557: +SUB [/ctrl/agent_10] /phy_simulator_planning_node http://y:44833/
[rosmaster.master][INFO] 2026-05-06 17:27:10,559: +SUB [/ctrl/agent_9] /phy_simulator_planning_node http://y:44833/
[rosmaster.master][INFO] 2026-05-06 17:27:10,562: +SUB [/arena_info_dynamic] /test_ssc_with_mpdm_0 http://y:45191/
[rosmaster.master][INFO] 2026-05-06 17:27:10,563: +SUB [/ctrl/agent_8] /phy_simulator_planning_node http://y:44833/
[rosmaster.master][INFO] 2026-05-06 17:27:10,571: +SUB [/ctrl/agent_7] /phy_simulator_planning_node http://y:44833/
[rosmaster.master][INFO] 2026-05-06 17:27:10,572: +SUB [/ctrl/agent_6] /phy_simulator_planning_node http://y:44833/
[rosmaster.master][INFO] 2026-05-06 17:27:10,573: +SUB [/ctrl/agent_5] /phy_simulator_planning_node http://y:44833/
[rosmaster.master][INFO] 2026-05-06 17:27:10,574: +SUB [/ctrl/agent_4] /phy_simulator_planning_node http://y:44833/
[rosmaster.master][INFO] 2026-05-06 17:27:10,575: +SUB [/ctrl/agent_3] /phy_simulator_planning_node http://y:44833/
[rosmaster.master][INFO] 2026-05-06 17:27:10,576: +SUB [/ctrl/agent_2] /phy_simulator_planning_node http://y:44833/
[rosmaster.master][INFO] 2026-05-06 17:27:10,577: +SUB [/ctrl/agent_1] /phy_simulator_planning_node http://y:44833/
[rosmaster.master][INFO] 2026-05-06 17:27:10,578: +SUB [/ctrl/agent_0] /phy_simulator_planning_node http://y:44833/
[rosmaster.master][INFO] 2026-05-06 17:27:10,579: +SUB [/initialpose] /phy_simulator_planning_node http://y:44833/
[rosmaster.master][INFO] 2026-05-06 17:27:10,580: +SUB [/move_base_simple/goal] /phy_simulator_planning_node http://y:44833/
[rosmaster.master][INFO] 2026-05-06 17:27:18,052: +PUB [/rosout] /epsilon_metric_collector_2483881_1778059637940 http://y:43229/
[rosmaster.master][INFO] 2026-05-06 17:27:18,053: +SERVICE [/epsilon_metric_collector_2483881_1778059637940/get_loggers] /epsilon_metric_collector_2483881_1778059637940 http://y:43229/
[rosmaster.master][INFO] 2026-05-06 17:27:18,054: +SERVICE [/epsilon_metric_collector_2483881_1778059637940/set_logger_level] /epsilon_metric_collector_2483881_1778059637940 http://y:43229/
[rosmaster.master][INFO] 2026-05-06 17:27:18,055: +SUB [/arena_info_dynamic] /epsilon_metric_collector_2483881_1778059637940 http://y:43229/
[rosmaster.master][INFO] 2026-05-06 17:27:18,056: publisherUpdate[/rosout] -> http://y:42971/ ['http://y:43015/', 'http://y:44239/', 'http://y:45191/', 'http://y:39525/', 'http://y:38899/', 'http://y:46131/', 'http://y:37107/', 'http://y:33837/', 'http://y:42993/', 'http://y:41001/', 'http://y:44833/', 'http://y:32881/', 'http://y:43229/']
[rosmaster.master][INFO] 2026-05-06 17:27:18,057: publisherUpdate[/rosout] -> http://y:42971/ ['http://y:43015/', 'http://y:44239/', 'http://y:45191/', 'http://y:39525/', 'http://y:38899/', 'http://y:46131/', 'http://y:37107/', 'http://y:33837/', 'http://y:42993/', 'http://y:41001/', 'http://y:44833/', 'http://y:32881/', 'http://y:43229/']: sec=0.00, result=[1, '', 0]
[rosmaster.master][INFO] 2026-05-06 17:29:17,758: -SUB [/arena_info_dynamic] /epsilon_metric_collector_2483881_1778059637940 http://y:43229/
[rosmaster.master][INFO] 2026-05-06 17:29:17,758: -PUB [/rosout] /epsilon_metric_collector_2483881_1778059637940 http://y:43229/
[rosmaster.master][INFO] 2026-05-06 17:29:17,758: -SERVICE [/epsilon_metric_collector_2483881_1778059637940/get_loggers] /epsilon_metric_collector_2483881_1778059637940 rosrpc://y:40387
[rosmaster.master][INFO] 2026-05-06 17:29:17,758: -SERVICE [/epsilon_metric_collector_2483881_1778059637940/set_logger_level] /epsilon_metric_collector_2483881_1778059637940 rosrpc://y:40387
[rosmaster.master][INFO] 2026-05-06 17:29:17,792: publisherUpdate[/rosout] -> http://y:42971/ ['http://y:43015/', 'http://y:44239/', 'http://y:45191/', 'http://y:39525/', 'http://y:38899/', 'http://y:46131/', 'http://y:37107/', 'http://y:33837/', 'http://y:42993/', 'http://y:41001/', 'http://y:44833/', 'http://y:32881/']
[rosmaster.master][INFO] 2026-05-06 17:29:17,793: publisherUpdate[/rosout] -> http://y:42971/ ['http://y:43015/', 'http://y:44239/', 'http://y:45191/', 'http://y:39525/', 'http://y:38899/', 'http://y:46131/', 'http://y:37107/', 'http://y:33837/', 'http://y:42993/', 'http://y:41001/', 'http://y:44833/', 'http://y:32881/']: sec=0.00, result=[1, '', 0]
[rosmaster.master][INFO] 2026-05-06 17:29:18,725: +PUB [/rosout] /rostopic_2484012_1778059758614 http://y:42469/
[rosmaster.master][INFO] 2026-05-06 17:29:18,727: +SERVICE [/rostopic_2484012_1778059758614/get_loggers] /rostopic_2484012_1778059758614 http://y:42469/
[rosmaster.master][INFO] 2026-05-06 17:29:18,727: +SERVICE [/rostopic_2484012_1778059758614/set_logger_level] /rostopic_2484012_1778059758614 http://y:42469/
[rosmaster.master][INFO] 2026-05-06 17:29:18,729: publisherUpdate[/rosout] -> http://y:42971/ ['http://y:43015/', 'http://y:44239/', 'http://y:45191/', 'http://y:39525/', 'http://y:38899/', 'http://y:46131/', 'http://y:37107/', 'http://y:33837/', 'http://y:42993/', 'http://y:41001/', 'http://y:44833/', 'http://y:32881/', 'http://y:42469/']
[rosmaster.master][INFO] 2026-05-06 17:29:18,730: publisherUpdate[/rosout] -> http://y:42971/ ['http://y:43015/', 'http://y:44239/', 'http://y:45191/', 'http://y:39525/', 'http://y:38899/', 'http://y:46131/', 'http://y:37107/', 'http://y:33837/', 'http://y:42993/', 'http://y:41001/', 'http://y:44833/', 'http://y:32881/', 'http://y:42469/']: sec=0.00, result=[1, '', 0]
[rosmaster.master][INFO] 2026-05-06 17:29:18,734: +SUB [/arena_info_dynamic] /rostopic_2484012_1778059758614 http://y:42469/
[rosmaster.master][INFO] 2026-05-06 17:29:30,057: -PUB [/rosout] /phy_simulator_planning_node http://y:44833/
[rosmaster.master][INFO] 2026-05-06 17:29:30,058: -PUB [/arena_info_static] /phy_simulator_planning_node http://y:44833/
[rosmaster.master][INFO] 2026-05-06 17:29:30,059: -PUB [/arena_info_dynamic] /phy_simulator_planning_node http://y:44833/
[rosmaster.master][INFO] 2026-05-06 17:29:30,060: -PUB [/phy_simulator_planning_node/vis/vehicle_set_vis] /phy_simulator_planning_node http://y:44833/
[rosmaster.master][INFO] 2026-05-06 17:29:30,061: -PUB [/phy_simulator_planning_node/vis/lane_net_vis] /phy_simulator_planning_node http://y:44833/
[rosmaster.master][INFO] 2026-05-06 17:29:30,062: -PUB [/phy_simulator_planning_node/vis/obstacle_set_vis] /phy_simulator_planning_node http://y:44833/
[rosmaster.master][INFO] 2026-05-06 17:29:30,063: -SUB [/ctrl/agent_10] /phy_simulator_planning_node http://y:44833/
[rosmaster.master][INFO] 2026-05-06 17:29:30,063: -SUB [/ctrl/agent_9] /phy_simulator_planning_node http://y:44833/
[rosmaster.master][INFO] 2026-05-06 17:29:30,064: -SUB [/ctrl/agent_8] /phy_simulator_planning_node http://y:44833/
[rosmaster.master][INFO] 2026-05-06 17:29:30,065: -SUB [/ctrl/agent_7] /phy_simulator_planning_node http://y:44833/
[rosmaster.master][INFO] 2026-05-06 17:29:30,065: -SUB [/ctrl/agent_6] /phy_simulator_planning_node http://y:44833/
[rosmaster.master][INFO] 2026-05-06 17:29:30,066: -SUB [/ctrl/agent_5] /phy_simulator_planning_node http://y:44833/
[rosmaster.master][INFO] 2026-05-06 17:29:30,066: -SUB [/ctrl/agent_4] /phy_simulator_planning_node http://y:44833/
[rosmaster.master][INFO] 2026-05-06 17:29:30,067: -SUB [/ctrl/agent_3] /phy_simulator_planning_node http://y:44833/
[rosmaster.master][INFO] 2026-05-06 17:29:30,067: -SUB [/ctrl/agent_2] /phy_simulator_planning_node http://y:44833/
[rosmaster.master][INFO] 2026-05-06 17:29:30,068: -SUB [/ctrl/agent_1] /phy_simulator_planning_node http://y:44833/
[rosmaster.master][INFO] 2026-05-06 17:29:30,068: -SUB [/ctrl/agent_0] /phy_simulator_planning_node http://y:44833/
[rosmaster.master][INFO] 2026-05-06 17:29:30,069: -SUB [/initialpose] /phy_simulator_planning_node http://y:44833/
[rosmaster.master][INFO] 2026-05-06 17:29:30,069: -SUB [/move_base_simple/goal] /phy_simulator_planning_node http://y:44833/
[rosmaster.master][INFO] 2026-05-06 17:29:30,069: -SERVICE [/phy_simulator_planning_node/get_loggers] /phy_simulator_planning_node rosrpc://y:50633
[rosmaster.master][INFO] 2026-05-06 17:29:30,070: -SERVICE [/phy_simulator_planning_node/set_logger_level] /phy_simulator_planning_node rosrpc://y:50633
[rosmaster.master][INFO] 2026-05-06 17:29:30,118: publisherUpdate[/rosout] -> http://y:42971/ ['http://y:43015/', 'http://y:44239/', 'http://y:45191/', 'http://y:39525/', 'http://y:38899/', 'http://y:46131/', 'http://y:37107/', 'http://y:33837/', 'http://y:42993/', 'http://y:41001/', 'http://y:32881/', 'http://y:42469/']
[rosmaster.master][INFO] 2026-05-06 17:29:30,119: publisherUpdate[/rosout] -> http://y:42971/ ['http://y:43015/', 'http://y:44239/', 'http://y:45191/', 'http://y:39525/', 'http://y:38899/', 'http://y:46131/', 'http://y:37107/', 'http://y:33837/', 'http://y:42993/', 'http://y:41001/', 'http://y:32881/', 'http://y:42469/']: sec=0.00, result=[1, '', 0]
[rosmaster.master][INFO] 2026-05-06 17:29:30,119: publisherUpdate[/arena_info_static] -> http://y:45191/ []
[rosmaster.master][INFO] 2026-05-06 17:29:30,120: publisherUpdate[/arena_info_static] -> http://y:45191/ []: sec=0.00, result=[0, 'Unknown Error', 0]
[rosmaster.master][INFO] 2026-05-06 17:29:30,121: publisherUpdate[/arena_info_dynamic] -> http://y:45191/ []
[rosmaster.master][INFO] 2026-05-06 17:29:30,121: publisherUpdate[/arena_info_dynamic] -> http://y:45191/ []: sec=0.00, result=[0, 'Unknown Error', 0]
[rosmaster.master][INFO] 2026-05-06 17:29:30,122: publisherUpdate[/arena_info_dynamic] -> http://y:42469/ []
[rosmaster.master][INFO] 2026-05-06 17:29:30,123: publisherUpdate[/arena_info_dynamic] -> http://y:42469/ []: sec=0.00, result=[1, '', 0]
[rosmaster.master][INFO] 2026-05-06 17:29:30,222: -PUB [/rosout] /test_ssc_with_mpdm_0 http://y:45191/
[rosmaster.master][INFO] 2026-05-06 17:29:30,224: -PUB [/tf] /test_ssc_with_mpdm_0 http://y:45191/
[rosmaster.master][INFO] 2026-05-06 17:29:30,224: publisherUpdate[/rosout] -> http://y:42971/ ['http://y:43015/', 'http://y:44239/', 'http://y:39525/', 'http://y:38899/', 'http://y:46131/', 'http://y:37107/', 'http://y:33837/', 'http://y:42993/', 'http://y:41001/', 'http://y:32881/', 'http://y:42469/']
[rosmaster.master][INFO] 2026-05-06 17:29:30,226: -PUB [/vis/agent_0/ego_vehicle_vis] /test_ssc_with_mpdm_0 http://y:45191/
[rosmaster.master][INFO] 2026-05-06 17:29:30,227: publisherUpdate[/rosout] -> http://y:42971/ ['http://y:43015/', 'http://y:44239/', 'http://y:39525/', 'http://y:38899/', 'http://y:46131/', 'http://y:37107/', 'http://y:33837/', 'http://y:42993/', 'http://y:41001/', 'http://y:32881/', 'http://y:42469/']: sec=0.00, result=[1, '', 0]
[rosmaster.master][INFO] 2026-05-06 17:29:30,228: -PUB [/vis/agent_0/obstacle_map] /test_ssc_with_mpdm_0 http://y:45191/
[rosmaster.master][INFO] 2026-05-06 17:29:30,229: -PUB [/vis/agent_0/surrounding_lane_net_vis] /test_ssc_with_mpdm_0 http://y:45191/
[rosmaster.master][INFO] 2026-05-06 17:29:30,229: -PUB [/vis/agent_0/local_lanes_vis] /test_ssc_with_mpdm_0 http://y:45191/
[rosmaster.master][INFO] 2026-05-06 17:29:30,230: -PUB [/vis/agent_0/ego_behavior_vis] /test_ssc_with_mpdm_0 http://y:45191/
[rosmaster.master][INFO] 2026-05-06 17:29:30,231: -PUB [/vis/agent_0/pred_traj_openloop_vis] /test_ssc_with_mpdm_0 http://y:45191/
[rosmaster.master][INFO] 2026-05-06 17:29:30,232: -PUB [/vis/agent_0/pred_initial_intention_vis] /test_ssc_with_mpdm_0 http://y:45191/
[rosmaster.master][INFO] 2026-05-06 17:29:30,233: -PUB [/vis/agent_0/surrounding_vehicle_vis] /test_ssc_with_mpdm_0 http://y:45191/
[rosmaster.master][INFO] 2026-05-06 17:29:30,233: -PUB [/vis/agent_0/speed_limit] /test_ssc_with_mpdm_0 http://y:45191/
[rosmaster.master][INFO] 2026-05-06 17:29:30,234: -PUB [/vis/agent_0/ssc/map_vis] /test_ssc_with_mpdm_0 http://y:45191/
[rosmaster.master][INFO] 2026-05-06 17:29:30,234: -PUB [/vis/agent_0/ssc/qp_vis] /test_ssc_with_mpdm_0 http://y:45191/
[rosmaster.master][INFO] 2026-05-06 17:29:30,235: -PUB [/vis/agent_0/ssc/ego_fs_vis] /test_ssc_with_mpdm_0 http://y:45191/
[rosmaster.master][INFO] 2026-05-06 17:29:30,236: -PUB [/vis/agent_0/ssc/forward_trajs_vis] /test_ssc_with_mpdm_0 http://y:45191/
[rosmaster.master][INFO] 2026-05-06 17:29:30,236: -PUB [/vis/agent_0/ssc/sur_vehicle_trajs_vis] /test_ssc_with_mpdm_0 http://y:45191/
[rosmaster.master][INFO] 2026-05-06 17:29:30,237: -PUB [/vis/agent_0/ssc/corridor_vis] /test_ssc_with_mpdm_0 http://y:45191/
[rosmaster.master][INFO] 2026-05-06 17:29:30,237: -PUB [/ctrl/agent_0] /test_ssc_with_mpdm_0 http://y:45191/
[rosmaster.master][INFO] 2026-05-06 17:29:30,238: -PUB [/test_ssc_with_mpdm_0/ssc_map] /test_ssc_with_mpdm_0 http://y:45191/
[rosmaster.master][INFO] 2026-05-06 17:29:30,238: -PUB [/vis/agent_0/ssc/exec_traj] /test_ssc_with_mpdm_0 http://y:45191/
[rosmaster.master][INFO] 2026-05-06 17:29:30,239: -PUB [/vis/agent_0/forward_trajs] /test_ssc_with_mpdm_0 http://y:45191/
[rosmaster.master][INFO] 2026-05-06 17:29:30,239: -SUB [/joy] /test_ssc_with_mpdm_0 http://y:45191/
[rosmaster.master][INFO] 2026-05-06 17:29:30,240: -SUB [/arena_info_static] /test_ssc_with_mpdm_0 http://y:45191/
[rosmaster.master][INFO] 2026-05-06 17:29:30,240: -SUB [/arena_info_dynamic] /test_ssc_with_mpdm_0 http://y:45191/
[rosmaster.master][INFO] 2026-05-06 17:29:30,241: -SERVICE [/test_ssc_with_mpdm_0/get_loggers] /test_ssc_with_mpdm_0 rosrpc://y:58761
[rosmaster.master][INFO] 2026-05-06 17:29:30,241: -SERVICE [/test_ssc_with_mpdm_0/set_logger_level] /test_ssc_with_mpdm_0 rosrpc://y:58761
[rosmaster.master][INFO] 2026-05-06 17:29:30,527: -PUB [/rosout_agg] /rosout http://y:42971/
[rosmaster.master][INFO] 2026-05-06 17:29:30,528: -SUB [/rosout] /rosout http://y:42971/
[rosmaster.master][INFO] 2026-05-06 17:29:30,528: -SERVICE [/rosout/get_loggers] /rosout rosrpc://y:38013
[rosmaster.master][INFO] 2026-05-06 17:29:30,529: -SERVICE [/rosout/set_logger_level] /rosout rosrpc://y:38013
[rosmaster.main][INFO] 2026-05-06 17:29:30,603: keyboard interrupt, will exit
[rosmaster.main][INFO] 2026-05-06 17:29:30,604: stopping master...
[rospy.core][INFO] 2026-05-06 17:29:30,604: signal_shutdown [atexit]
