[rosmaster.main][INFO] 2026-04-24 11:12:37,770: initialization complete, waiting for shutdown
[rosmaster.main][INFO] 2026-04-24 11:12:37,771: Starting ROS Master Node
[xmlrpc][INFO] 2026-04-24 11:12:37,772: XML-RPC server binding to 0.0.0.0:11311
[xmlrpc][INFO] 2026-04-24 11:12:37,772: Started XML-RPC server [http://ying-N8:11311/]
[xmlrpc][INFO] 2026-04-24 11:12:37,772: xml rpc node: starting XML-RPC server
[rosmaster.master][INFO] 2026-04-24 11:12:37,772: Master initialized: port[11311], uri[http://ying-N8:11311/]
[rosmaster.master][INFO] 2026-04-24 11:12:37,778: +PARAM [/run_id] by /roslaunch
[rosmaster.master][INFO] 2026-04-24 11:12:37,779: +PARAM [/roslaunch/uris/host_ying_n8__42137] by /roslaunch
[rosmaster.master][INFO] 2026-04-24 11:12:37,833: +PARAM [/rosversion] by /roslaunch
[rosmaster.master][INFO] 2026-04-24 11:12:37,833: +PARAM [/rosdistro] by /roslaunch
[rosmaster.master][INFO] 2026-04-24 11:12:37,833: +PARAM [/test_ssc_with_mpdm_0/ego_id] by /roslaunch
[rosmaster.master][INFO] 2026-04-24 11:12:37,833: +PARAM [/test_ssc_with_mpdm_0/agent_config_path] by /roslaunch
[rosmaster.master][INFO] 2026-04-24 11:12:37,833: +PARAM [/test_ssc_with_mpdm_0/ssc_config_path] by /roslaunch
[rosmaster.master][INFO] 2026-04-24 11:12:37,833: +PARAM [/test_ssc_with_mpdm_0/desired_vel] by /roslaunch
[rosmaster.master][INFO] 2026-04-24 11:12:37,833: +PARAM [/test_ssc_with_mpdm_0/use_sim_state] by /roslaunch
[rosmaster.master][INFO] 2026-04-24 11:12:37,833: +PARAM [/onlane_ai_agent_1/ego_id] by /roslaunch
[rosmaster.master][INFO] 2026-04-24 11:12:37,833: +PARAM [/onlane_ai_agent_1/agent_config_path] by /roslaunch
[rosmaster.master][INFO] 2026-04-24 11:12:37,834: +PARAM [/onlane_ai_agent_1/desired_vel] by /roslaunch
[rosmaster.master][INFO] 2026-04-24 11:12:37,834: +PARAM [/onlane_ai_agent_1/autonomous_level] by /roslaunch
[rosmaster.master][INFO] 2026-04-24 11:12:37,834: +PARAM [/onlane_ai_agent_1/aggressiveness_level] by /roslaunch
[rosmaster.master][INFO] 2026-04-24 11:12:37,834: +PARAM [/onlane_ai_agent_2/ego_id] by /roslaunch
[rosmaster.master][INFO] 2026-04-24 11:12:37,834: +PARAM [/onlane_ai_agent_2/agent_config_path] by /roslaunch
[rosmaster.master][INFO] 2026-04-24 11:12:37,834: +PARAM [/onlane_ai_agent_2/desired_vel] by /roslaunch
[rosmaster.master][INFO] 2026-04-24 11:12:37,834: +PARAM [/onlane_ai_agent_2/autonomous_level] by /roslaunch
[rosmaster.master][INFO] 2026-04-24 11:12:37,835: +PARAM [/onlane_ai_agent_2/aggressiveness_level] by /roslaunch
[rosmaster.master][INFO] 2026-04-24 11:12:37,835: +PARAM [/onlane_ai_agent_3/ego_id] by /roslaunch
[rosmaster.master][INFO] 2026-04-24 11:12:37,835: +PARAM [/onlane_ai_agent_3/agent_config_path] by /roslaunch
[rosmaster.master][INFO] 2026-04-24 11:12:37,835: +PARAM [/onlane_ai_agent_3/desired_vel] by /roslaunch
[rosmaster.master][INFO] 2026-04-24 11:12:37,835: +SERVICE [/rosout/get_loggers] /rosout http://ying-N8:37493/
[rosmaster.master][INFO] 2026-04-24 11:12:37,835: +PARAM [/onlane_ai_agent_3/autonomous_level] by /roslaunch
[rosmaster.master][INFO] 2026-04-24 11:12:37,835: +PARAM [/onlane_ai_agent_3/aggressiveness_level] by /roslaunch
[rosmaster.master][INFO] 2026-04-24 11:12:37,836: +SERVICE [/rosout/set_logger_level] /rosout http://ying-N8:37493/
[rosmaster.master][INFO] 2026-04-24 11:12:37,836: +PARAM [/onlane_ai_agent_4/ego_id] by /roslaunch
[rosmaster.master][INFO] 2026-04-24 11:12:37,836: +PARAM [/onlane_ai_agent_4/agent_config_path] by /roslaunch
[rosmaster.master][INFO] 2026-04-24 11:12:37,836: +PARAM [/onlane_ai_agent_4/desired_vel] by /roslaunch
[rosmaster.master][INFO] 2026-04-24 11:12:37,836: +PARAM [/onlane_ai_agent_4/autonomous_level] by /roslaunch
[rosmaster.master][INFO] 2026-04-24 11:12:37,836: +PARAM [/onlane_ai_agent_4/aggressiveness_level] by /roslaunch
[rosmaster.master][INFO] 2026-04-24 11:12:37,837: +PUB [/rosout_agg] /rosout http://ying-N8:37493/
[rosmaster.master][INFO] 2026-04-24 11:12:37,837: +PARAM [/onlane_ai_agent_5/ego_id] by /roslaunch
[rosmaster.master][INFO] 2026-04-24 11:12:37,837: +PARAM [/onlane_ai_agent_5/agent_config_path] by /roslaunch
[rosmaster.master][INFO] 2026-04-24 11:12:37,837: +PARAM [/onlane_ai_agent_5/desired_vel] by /roslaunch
[rosmaster.master][INFO] 2026-04-24 11:12:37,837: +PARAM [/onlane_ai_agent_5/autonomous_level] by /roslaunch
[rosmaster.master][INFO] 2026-04-24 11:12:37,838: +PARAM [/onlane_ai_agent_5/aggressiveness_level] by /roslaunch
[rosmaster.master][INFO] 2026-04-24 11:12:37,838: +PARAM [/onlane_ai_agent_6/ego_id] by /roslaunch
[rosmaster.master][INFO] 2026-04-24 11:12:37,838: +PARAM [/onlane_ai_agent_6/agent_config_path] by /roslaunch
[rosmaster.master][INFO] 2026-04-24 11:12:37,839: +SUB [/rosout] /rosout http://ying-N8:37493/
[rosmaster.master][INFO] 2026-04-24 11:12:37,839: +PARAM [/onlane_ai_agent_6/desired_vel] by /roslaunch
[rosmaster.master][INFO] 2026-04-24 11:12:37,839: +PARAM [/onlane_ai_agent_6/autonomous_level] by /roslaunch
[rosmaster.master][INFO] 2026-04-24 11:12:37,839: +PARAM [/onlane_ai_agent_6/aggressiveness_level] by /roslaunch
[rosmaster.master][INFO] 2026-04-24 11:12:37,839: +PARAM [/onlane_ai_agent_7/ego_id] by /roslaunch
[rosmaster.master][INFO] 2026-04-24 11:12:37,839: +PARAM [/onlane_ai_agent_7/agent_config_path] by /roslaunch
[rosmaster.master][INFO] 2026-04-24 11:12:37,839: +PARAM [/onlane_ai_agent_7/desired_vel] by /roslaunch
[rosmaster.master][INFO] 2026-04-24 11:12:37,839: +PARAM [/onlane_ai_agent_7/autonomous_level] by /roslaunch
[rosmaster.master][INFO] 2026-04-24 11:12:37,839: +PARAM [/onlane_ai_agent_7/aggressiveness_level] by /roslaunch
[rosmaster.master][INFO] 2026-04-24 11:12:37,840: +PARAM [/onlane_ai_agent_8/ego_id] by /roslaunch
[rosmaster.master][INFO] 2026-04-24 11:12:37,840: +PARAM [/onlane_ai_agent_8/agent_config_path] by /roslaunch
[rosmaster.master][INFO] 2026-04-24 11:12:37,840: +PARAM [/onlane_ai_agent_8/desired_vel] by /roslaunch
[rosmaster.master][INFO] 2026-04-24 11:12:37,840: +PARAM [/onlane_ai_agent_8/autonomous_level] by /roslaunch
[rosmaster.master][INFO] 2026-04-24 11:12:37,840: +PARAM [/onlane_ai_agent_8/aggressiveness_level] by /roslaunch
[rosmaster.master][INFO] 2026-04-24 11:12:37,840: +PARAM [/onlane_ai_agent_9/ego_id] by /roslaunch
[rosmaster.master][INFO] 2026-04-24 11:12:37,840: +PARAM [/onlane_ai_agent_9/agent_config_path] by /roslaunch
[rosmaster.master][INFO] 2026-04-24 11:12:37,840: +PARAM [/onlane_ai_agent_9/desired_vel] by /roslaunch
[rosmaster.master][INFO] 2026-04-24 11:12:37,840: +PARAM [/onlane_ai_agent_9/autonomous_level] by /roslaunch
[rosmaster.master][INFO] 2026-04-24 11:12:37,840: +PARAM [/onlane_ai_agent_9/aggressiveness_level] by /roslaunch
[rosmaster.master][INFO] 2026-04-24 11:12:37,840: +PARAM [/onlane_ai_agent_10/ego_id] by /roslaunch
[rosmaster.master][INFO] 2026-04-24 11:12:37,840: +PARAM [/onlane_ai_agent_10/agent_config_path] by /roslaunch
[rosmaster.master][INFO] 2026-04-24 11:12:37,840: +PARAM [/onlane_ai_agent_10/desired_vel] by /roslaunch
[rosmaster.master][INFO] 2026-04-24 11:12:37,840: +PARAM [/onlane_ai_agent_10/autonomous_level] by /roslaunch
[rosmaster.master][INFO] 2026-04-24 11:12:37,840: +PARAM [/onlane_ai_agent_10/aggressiveness_level] by /roslaunch
[rosmaster.master][INFO] 2026-04-24 11:12:37,840: +PARAM [/joy_node/dev] by /roslaunch
[rosmaster.master][INFO] 2026-04-24 11:12:37,840: +PARAM [/phy_simulator_planning_node/vehicle_info_path] by /roslaunch
[rosmaster.master][INFO] 2026-04-24 11:12:37,841: +PARAM [/phy_simulator_planning_node/map_path] by /roslaunch
[rosmaster.master][INFO] 2026-04-24 11:12:37,841: +PARAM [/phy_simulator_planning_node/lane_net_path] by /roslaunch
[rosmaster.master][INFO] 2026-04-24 11:12:37,903: +PUB [/rosout] /test_ssc_with_mpdm_0 http://ying-N8:36251/
[rosmaster.master][INFO] 2026-04-24 11:12:37,903: +SERVICE [/test_ssc_with_mpdm_0/get_loggers] /test_ssc_with_mpdm_0 http://ying-N8:36251/
[rosmaster.master][INFO] 2026-04-24 11:12:37,904: +SERVICE [/test_ssc_with_mpdm_0/set_logger_level] /test_ssc_with_mpdm_0 http://ying-N8:36251/
[rosmaster.master][INFO] 2026-04-24 11:12:37,910: +PUB [/tf] /test_ssc_with_mpdm_0 http://ying-N8:36251/
[rosmaster.master][INFO] 2026-04-24 11:12:37,911: +PUB [/vis/agent_0/ego_vehicle_vis] /test_ssc_with_mpdm_0 http://ying-N8:36251/
[rosmaster.master][INFO] 2026-04-24 11:12:37,912: +PUB [/vis/agent_0/obstacle_map] /test_ssc_with_mpdm_0 http://ying-N8:36251/
[rosmaster.master][INFO] 2026-04-24 11:12:37,913: +PUB [/rosout] /onlane_ai_agent_2 http://ying-N8:33145/
[rosmaster.master][INFO] 2026-04-24 11:12:37,915: +PUB [/vis/agent_0/surrounding_lane_net_vis] /test_ssc_with_mpdm_0 http://ying-N8:36251/
[rosmaster.master][INFO] 2026-04-24 11:12:37,916: +PUB [/vis/agent_0/local_lanes_vis] /test_ssc_with_mpdm_0 http://ying-N8:36251/
[rosmaster.master][INFO] 2026-04-24 11:12:37,918: +PUB [/vis/agent_0/ego_behavior_vis] /test_ssc_with_mpdm_0 http://ying-N8:36251/
[rosmaster.master][INFO] 2026-04-24 11:12:37,919: +PUB [/vis/agent_0/pred_traj_openloop_vis] /test_ssc_with_mpdm_0 http://ying-N8:36251/
[rosmaster.master][INFO] 2026-04-24 11:12:37,919: +SERVICE [/onlane_ai_agent_2/get_loggers] /onlane_ai_agent_2 http://ying-N8:33145/
[rosmaster.master][INFO] 2026-04-24 11:12:37,920: +PUB [/vis/agent_0/pred_initial_intention_vis] /test_ssc_with_mpdm_0 http://ying-N8:36251/
[rosmaster.master][INFO] 2026-04-24 11:12:37,922: +SERVICE [/onlane_ai_agent_2/set_logger_level] /onlane_ai_agent_2 http://ying-N8:33145/
[rosmaster.master][INFO] 2026-04-24 11:12:37,923: +PUB [/vis/agent_0/surrounding_vehicle_vis] /test_ssc_with_mpdm_0 http://ying-N8:36251/
[rosmaster.master][INFO] 2026-04-24 11:12:37,924: +PUB [/rosout] /onlane_ai_agent_1 http://ying-N8:42555/
[rosmaster.master][INFO] 2026-04-24 11:12:37,931: +PUB [/rosout] /onlane_ai_agent_3 http://ying-N8:42111/
[rosmaster.master][INFO] 2026-04-24 11:12:37,934: +PUB [/vis/agent_0/speed_limit] /test_ssc_with_mpdm_0 http://ying-N8:36251/
[rosmaster.master][INFO] 2026-04-24 11:12:37,934: +SERVICE [/onlane_ai_agent_1/get_loggers] /onlane_ai_agent_1 http://ying-N8:42555/
[rosmaster.master][INFO] 2026-04-24 11:12:37,935: +PUB [/ctrl/agent_2] /onlane_ai_agent_2 http://ying-N8:33145/
[rosmaster.master][INFO] 2026-04-24 11:12:37,936: +SERVICE [/onlane_ai_agent_3/get_loggers] /onlane_ai_agent_3 http://ying-N8:42111/
[rosmaster.master][INFO] 2026-04-24 11:12:37,937: +PUB [/vis/agent_0/ssc/map_vis] /test_ssc_with_mpdm_0 http://ying-N8:36251/
[rosmaster.master][INFO] 2026-04-24 11:12:37,938: +SERVICE [/onlane_ai_agent_1/set_logger_level] /onlane_ai_agent_1 http://ying-N8:42555/
[rosmaster.master][INFO] 2026-04-24 11:12:37,939: +SERVICE [/onlane_ai_agent_3/set_logger_level] /onlane_ai_agent_3 http://ying-N8:42111/
[rosmaster.master][INFO] 2026-04-24 11:12:37,952: +PUB [/vis/agent_0/ssc/qp_vis] /test_ssc_with_mpdm_0 http://ying-N8:36251/
[rosmaster.master][INFO] 2026-04-24 11:12:37,953: +PUB [/tf] /onlane_ai_agent_2 http://ying-N8:33145/
[rosmaster.master][INFO] 2026-04-24 11:12:37,955: +PUB [/vis/agent_0/ssc/ego_fs_vis] /test_ssc_with_mpdm_0 http://ying-N8:36251/
[rosmaster.master][INFO] 2026-04-24 11:12:37,956: +PUB [/vis/agent_0/ssc/forward_trajs_vis] /test_ssc_with_mpdm_0 http://ying-N8:36251/
[rosmaster.master][INFO] 2026-04-24 11:12:37,956: +PUB [/ctrl/agent_3] /onlane_ai_agent_3 http://ying-N8:42111/
[rosmaster.master][INFO] 2026-04-24 11:12:37,957: +PUB [/vis/agent_0/ssc/sur_vehicle_trajs_vis] /test_ssc_with_mpdm_0 http://ying-N8:36251/
[rosmaster.master][INFO] 2026-04-24 11:12:37,958: +PUB [/ctrl/agent_1] /onlane_ai_agent_1 http://ying-N8:42555/
[rosmaster.master][INFO] 2026-04-24 11:12:37,959: +PUB [/vis/agent_0/ssc/corridor_vis] /test_ssc_with_mpdm_0 http://ying-N8:36251/
[rosmaster.master][INFO] 2026-04-24 11:12:37,959: +PUB [/vis/agent_2/ego_vehicle_vis] /onlane_ai_agent_2 http://ying-N8:33145/
[rosmaster.master][INFO] 2026-04-24 11:12:37,964: +PUB [/rosout] /onlane_ai_agent_4 http://ying-N8:36255/
[rosmaster.master][INFO] 2026-04-24 11:12:37,968: +SERVICE [/onlane_ai_agent_4/get_loggers] /onlane_ai_agent_4 http://ying-N8:36255/
[rosmaster.master][INFO] 2026-04-24 11:12:37,969: +SERVICE [/onlane_ai_agent_4/set_logger_level] /onlane_ai_agent_4 http://ying-N8:36255/
[rosmaster.master][INFO] 2026-04-24 11:12:37,972: publisherUpdate[/rosout] -> http://ying-N8:37493/ ['http://ying-N8:36251/']
[rosmaster.master][INFO] 2026-04-24 11:12:37,973: +PUB [/rosout] /onlane_ai_agent_6 http://ying-N8:36197/
[rosmaster.master][INFO] 2026-04-24 11:12:37,976: +PUB [/vis/agent_2/obstacle_map] /onlane_ai_agent_2 http://ying-N8:33145/
[rosmaster.master][INFO] 2026-04-24 11:12:37,998: publisherUpdate[/rosout] -> http://ying-N8:37493/ ['http://ying-N8:36251/']: sec=0.03, result=[1, '', 0]
[rosmaster.master][INFO] 2026-04-24 11:12:38,001: publisherUpdate[/rosout] -> http://ying-N8:37493/ ['http://ying-N8:36251/', 'http://ying-N8:33145/']
[rosmaster.master][INFO] 2026-04-24 11:12:38,002: publisherUpdate[/rosout] -> http://ying-N8:37493/ ['http://ying-N8:36251/', 'http://ying-N8:33145/']: sec=0.00, result=[1, '', 0]
[rosmaster.master][INFO] 2026-04-24 11:12:38,003: publisherUpdate[/rosout] -> http://ying-N8:37493/ ['http://ying-N8:36251/', 'http://ying-N8:33145/', 'http://ying-N8:42555/']
[rosmaster.master][INFO] 2026-04-24 11:12:38,004: publisherUpdate[/rosout] -> http://ying-N8:37493/ ['http://ying-N8:36251/', 'http://ying-N8:33145/', 'http://ying-N8:42555/']: sec=0.00, result=[1, '', 0]
[rosmaster.master][INFO] 2026-04-24 11:12:38,004: publisherUpdate[/rosout] -> http://ying-N8:37493/ ['http://ying-N8:36251/', 'http://ying-N8:33145/', 'http://ying-N8:42555/', 'http://ying-N8:42111/']
[rosmaster.master][INFO] 2026-04-24 11:12:38,005: publisherUpdate[/rosout] -> http://ying-N8:37493/ ['http://ying-N8:36251/', 'http://ying-N8:33145/', 'http://ying-N8:42555/', 'http://ying-N8:42111/']: sec=0.00, result=[1, '', 0]
[rosmaster.master][INFO] 2026-04-24 11:12:38,005: publisherUpdate[/rosout] -> http://ying-N8:37493/ ['http://ying-N8:36251/', 'http://ying-N8:33145/', 'http://ying-N8:42555/', 'http://ying-N8:42111/', 'http://ying-N8:36255/']
[rosmaster.master][INFO] 2026-04-24 11:12:38,008: publisherUpdate[/rosout] -> http://ying-N8:37493/ ['http://ying-N8:36251/', 'http://ying-N8:33145/', 'http://ying-N8:42555/', 'http://ying-N8:42111/', 'http://ying-N8:36255/']: sec=0.00, result=[1, '', 0]
[rosmaster.master][INFO] 2026-04-24 11:12:38,013: publisherUpdate[/rosout] -> http://ying-N8:37493/ ['http://ying-N8:36251/', 'http://ying-N8:33145/', 'http://ying-N8:42555/', 'http://ying-N8:42111/', 'http://ying-N8:36255/', 'http://ying-N8:36197/']
[rosmaster.master][INFO] 2026-04-24 11:12:38,016: publisherUpdate[/rosout] -> http://ying-N8:37493/ ['http://ying-N8:36251/', 'http://ying-N8:33145/', 'http://ying-N8:42555/', 'http://ying-N8:42111/', 'http://ying-N8:36255/', 'http://ying-N8:36197/']: sec=0.00, result=[1, '', 0]
[rosmaster.master][INFO] 2026-04-24 11:12:38,016: +SERVICE [/onlane_ai_agent_6/get_loggers] /onlane_ai_agent_6 http://ying-N8:36197/
[rosmaster.master][INFO] 2026-04-24 11:12:38,024: +PUB [/tf] /onlane_ai_agent_1 http://ying-N8:42555/
[rosmaster.master][INFO] 2026-04-24 11:12:38,024: +PUB [/ctrl/agent_0] /test_ssc_with_mpdm_0 http://ying-N8:36251/
[rosmaster.master][INFO] 2026-04-24 11:12:38,025: +PUB [/ctrl/agent_4] /onlane_ai_agent_4 http://ying-N8:36255/
[rosmaster.master][INFO] 2026-04-24 11:12:38,026: +PUB [/test_ssc_with_mpdm_0/ssc_map] /test_ssc_with_mpdm_0 http://ying-N8:36251/
[rosmaster.master][INFO] 2026-04-24 11:12:38,026: +PUB [/rosout] /onlane_ai_agent_7 http://ying-N8:36789/
[rosmaster.master][INFO] 2026-04-24 11:12:38,026: +PUB [/tf] /onlane_ai_agent_3 http://ying-N8:42111/
[rosmaster.master][INFO] 2026-04-24 11:12:38,026: +PUB [/vis/agent_2/surrounding_lane_net_vis] /onlane_ai_agent_2 http://ying-N8:33145/
[rosmaster.master][INFO] 2026-04-24 11:12:38,027: +PUB [/vis/agent_1/ego_vehicle_vis] /onlane_ai_agent_1 http://ying-N8:42555/
[rosmaster.master][INFO] 2026-04-24 11:12:38,030: +PUB [/vis/agent_2/local_lanes_vis] /onlane_ai_agent_2 http://ying-N8:33145/
[rosmaster.master][INFO] 2026-04-24 11:12:38,030: +SERVICE [/onlane_ai_agent_6/set_logger_level] /onlane_ai_agent_6 http://ying-N8:36197/
[rosmaster.master][INFO] 2026-04-24 11:12:38,033: +PUB [/rosout] /onlane_ai_agent_5 http://ying-N8:33671/
[rosmaster.master][INFO] 2026-04-24 11:12:38,033: +PUB [/vis/agent_2/ego_behavior_vis] /onlane_ai_agent_2 http://ying-N8:33145/
[rosmaster.master][INFO] 2026-04-24 11:12:38,033: +PUB [/vis/agent_0/ssc/exec_traj] /test_ssc_with_mpdm_0 http://ying-N8:36251/
[rosmaster.master][INFO] 2026-04-24 11:12:38,034: +PUB [/vis/agent_1/obstacle_map] /onlane_ai_agent_1 http://ying-N8:42555/
[rosmaster.master][INFO] 2026-04-24 11:12:38,034: +PUB [/vis/agent_3/ego_vehicle_vis] /onlane_ai_agent_3 http://ying-N8:42111/
[rosmaster.master][INFO] 2026-04-24 11:12:38,034: +SERVICE [/onlane_ai_agent_7/get_loggers] /onlane_ai_agent_7 http://ying-N8:36789/
[rosmaster.master][INFO] 2026-04-24 11:12:38,036: +PUB [/vis/agent_3/obstacle_map] /onlane_ai_agent_3 http://ying-N8:42111/
[rosmaster.master][INFO] 2026-04-24 11:12:38,037: +PUB [/vis/agent_1/surrounding_lane_net_vis] /onlane_ai_agent_1 http://ying-N8:42555/
[rosmaster.master][INFO] 2026-04-24 11:12:38,037: +SERVICE [/onlane_ai_agent_7/set_logger_level] /onlane_ai_agent_7 http://ying-N8:36789/
[rosmaster.master][INFO] 2026-04-24 11:12:38,039: +PUB [/vis/agent_3/surrounding_lane_net_vis] /onlane_ai_agent_3 http://ying-N8:42111/
[rosmaster.master][INFO] 2026-04-24 11:12:38,039: +PUB [/vis/agent_1/local_lanes_vis] /onlane_ai_agent_1 http://ying-N8:42555/
[rosmaster.master][INFO] 2026-04-24 11:12:38,041: +PUB [/vis/agent_2/pred_traj_openloop_vis] /onlane_ai_agent_2 http://ying-N8:33145/
[rosmaster.master][INFO] 2026-04-24 11:12:38,042: +PUB [/vis/agent_3/local_lanes_vis] /onlane_ai_agent_3 http://ying-N8:42111/
[rosmaster.master][INFO] 2026-04-24 11:12:38,043: +SERVICE [/onlane_ai_agent_5/get_loggers] /onlane_ai_agent_5 http://ying-N8:33671/
[rosmaster.master][INFO] 2026-04-24 11:12:38,044: +PUB [/vis/agent_2/pred_initial_intention_vis] /onlane_ai_agent_2 http://ying-N8:33145/
[rosmaster.master][INFO] 2026-04-24 11:12:38,046: +PUB [/vis/agent_3/ego_behavior_vis] /onlane_ai_agent_3 http://ying-N8:42111/
[rosmaster.master][INFO] 2026-04-24 11:12:38,050: +PUB [/vis/agent_2/surrounding_vehicle_vis] /onlane_ai_agent_2 http://ying-N8:33145/
[rosmaster.master][INFO] 2026-04-24 11:12:38,052: +SUB [/joy] /test_ssc_with_mpdm_0 http://ying-N8:36251/
[rosmaster.master][INFO] 2026-04-24 11:12:38,052: +PUB [/vis/agent_2/speed_limit] /onlane_ai_agent_2 http://ying-N8:33145/
[rosmaster.master][INFO] 2026-04-24 11:12:38,054: +SERVICE [/onlane_ai_agent_5/set_logger_level] /onlane_ai_agent_5 http://ying-N8:33671/
[rosmaster.master][INFO] 2026-04-24 11:12:38,060: +PUB [/vis/agent_3/pred_traj_openloop_vis] /onlane_ai_agent_3 http://ying-N8:42111/
[rosmaster.master][INFO] 2026-04-24 11:12:38,063: +PUB [/vis/agent_1/ego_behavior_vis] /onlane_ai_agent_1 http://ying-N8:42555/
[rosmaster.master][INFO] 2026-04-24 11:12:38,064: +PUB [/vis/agent_0/forward_trajs] /test_ssc_with_mpdm_0 http://ying-N8:36251/
[rosmaster.master][INFO] 2026-04-24 11:12:38,065: +PUB [/tf] /onlane_ai_agent_4 http://ying-N8:36255/
[rosmaster.master][INFO] 2026-04-24 11:12:38,067: +PUB [/rosout] /onlane_ai_agent_8 http://ying-N8:42007/
[rosmaster.master][INFO] 2026-04-24 11:12:38,092: +PUB [/vis/agent_3/pred_initial_intention_vis] /onlane_ai_agent_3 http://ying-N8:42111/
[rosmaster.master][INFO] 2026-04-24 11:12:38,093: publisherUpdate[/rosout] -> http://ying-N8:37493/ ['http://ying-N8:36251/', 'http://ying-N8:33145/', 'http://ying-N8:42555/', 'http://ying-N8:42111/', 'http://ying-N8:36255/', 'http://ying-N8:36197/', 'http://ying-N8:36789/']
[rosmaster.master][INFO] 2026-04-24 11:12:38,093: +SUB [/arena_info_static] /onlane_ai_agent_2 http://ying-N8:33145/
[rosmaster.master][INFO] 2026-04-24 11:12:38,094: +PUB [/vis/agent_1/pred_traj_openloop_vis] /onlane_ai_agent_1 http://ying-N8:42555/
[rosmaster.master][INFO] 2026-04-24 11:12:38,094: +PUB [/ctrl/agent_6] /onlane_ai_agent_6 http://ying-N8:36197/
[rosmaster.master][INFO] 2026-04-24 11:12:38,098: publisherUpdate[/rosout] -> http://ying-N8:37493/ ['http://ying-N8:36251/', 'http://ying-N8:33145/', 'http://ying-N8:42555/', 'http://ying-N8:42111/', 'http://ying-N8:36255/', 'http://ying-N8:36197/', 'http://ying-N8:36789/']: sec=0.00, result=[1, '', 0]
[rosmaster.master][INFO] 2026-04-24 11:12:38,100: publisherUpdate[/rosout] -> http://ying-N8:37493/ ['http://ying-N8:36251/', 'http://ying-N8:33145/', 'http://ying-N8:42555/', 'http://ying-N8:42111/', 'http://ying-N8:36255/', 'http://ying-N8:36197/', 'http://ying-N8:36789/', 'http://ying-N8:33671/']
[rosmaster.master][INFO] 2026-04-24 11:12:38,107: publisherUpdate[/rosout] -> http://ying-N8:37493/ ['http://ying-N8:36251/', 'http://ying-N8:33145/', 'http://ying-N8:42555/', 'http://ying-N8:42111/', 'http://ying-N8:36255/', 'http://ying-N8:36197/', 'http://ying-N8:36789/', 'http://ying-N8:33671/']: sec=0.01, result=[1, '', 0]
[rosmaster.master][INFO] 2026-04-24 11:12:38,108: publisherUpdate[/rosout] -> http://ying-N8:37493/ ['http://ying-N8:36251/', 'http://ying-N8:33145/', 'http://ying-N8:42555/', 'http://ying-N8:42111/', 'http://ying-N8:36255/', 'http://ying-N8:36197/', 'http://ying-N8:36789/', 'http://ying-N8:33671/', 'http://ying-N8:42007/']
[rosmaster.master][INFO] 2026-04-24 11:12:38,108: +PUB [/ctrl/agent_7] /onlane_ai_agent_7 http://ying-N8:36789/
[rosmaster.master][INFO] 2026-04-24 11:12:38,109: publisherUpdate[/rosout] -> http://ying-N8:37493/ ['http://ying-N8:36251/', 'http://ying-N8:33145/', 'http://ying-N8:42555/', 'http://ying-N8:42111/', 'http://ying-N8:36255/', 'http://ying-N8:36197/', 'http://ying-N8:36789/', 'http://ying-N8:33671/', 'http://ying-N8:42007/']: sec=0.00, result=[1, '', 0]
[rosmaster.master][INFO] 2026-04-24 11:12:38,109: +PUB [/vis/agent_4/ego_vehicle_vis] /onlane_ai_agent_4 http://ying-N8:36255/
[rosmaster.master][INFO] 2026-04-24 11:12:38,109: +PUB [/vis/agent_3/surrounding_vehicle_vis] /onlane_ai_agent_3 http://ying-N8:42111/
[rosmaster.master][INFO] 2026-04-24 11:12:38,110: +SERVICE [/onlane_ai_agent_8/get_loggers] /onlane_ai_agent_8 http://ying-N8:42007/
[rosmaster.master][INFO] 2026-04-24 11:12:38,110: +PUB [/vis/agent_3/speed_limit] /onlane_ai_agent_3 http://ying-N8:42111/
[rosmaster.master][INFO] 2026-04-24 11:12:38,112: +PUB [/rosout] /onlane_ai_agent_9 http://ying-N8:42519/
[rosmaster.master][INFO] 2026-04-24 11:12:38,115: +PUB [/vis/agent_1/pred_initial_intention_vis] /onlane_ai_agent_1 http://ying-N8:42555/
[rosmaster.master][INFO] 2026-04-24 11:12:38,116: +PUB [/rosout] /onlane_ai_agent_10 http://ying-N8:38005/
[rosmaster.master][INFO] 2026-04-24 11:12:38,117: +PUB [/vis/agent_4/obstacle_map] /onlane_ai_agent_4 http://ying-N8:36255/
[rosmaster.master][INFO] 2026-04-24 11:12:38,119: +SUB [/arena_info_static] /test_ssc_with_mpdm_0 http://ying-N8:36251/
[rosmaster.master][INFO] 2026-04-24 11:12:38,121: +PUB [/ctrl/agent_5] /onlane_ai_agent_5 http://ying-N8:33671/
[rosmaster.master][INFO] 2026-04-24 11:12:38,123: +SERVICE [/onlane_ai_agent_8/set_logger_level] /onlane_ai_agent_8 http://ying-N8:42007/
[rosmaster.master][INFO] 2026-04-24 11:12:38,124: +PUB [/rosout] /phy_simulator_planning_node http://ying-N8:45981/
[rosmaster.master][INFO] 2026-04-24 11:12:38,124: +SERVICE [/onlane_ai_agent_9/get_loggers] /onlane_ai_agent_9 http://ying-N8:42519/
[rosmaster.master][INFO] 2026-04-24 11:12:38,125: +SUB [/arena_info_dynamic] /onlane_ai_agent_2 http://ying-N8:33145/
[rosmaster.master][INFO] 2026-04-24 11:12:38,125: publisherUpdate[/rosout] -> http://ying-N8:37493/ ['http://ying-N8:36251/', 'http://ying-N8:33145/', 'http://ying-N8:42555/', 'http://ying-N8:42111/', 'http://ying-N8:36255/', 'http://ying-N8:36197/', 'http://ying-N8:36789/', 'http://ying-N8:33671/', 'http://ying-N8:42007/', 'http://ying-N8:42519/']
[rosmaster.master][INFO] 2026-04-24 11:12:38,132: publisherUpdate[/rosout] -> http://ying-N8:37493/ ['http://ying-N8:36251/', 'http://ying-N8:33145/', 'http://ying-N8:42555/', 'http://ying-N8:42111/', 'http://ying-N8:36255/', 'http://ying-N8:36197/', 'http://ying-N8:36789/', 'http://ying-N8:33671/', 'http://ying-N8:42007/', 'http://ying-N8:42519/']: sec=0.01, result=[1, '', 0]
[rosmaster.master][INFO] 2026-04-24 11:12:38,133: publisherUpdate[/rosout] -> http://ying-N8:37493/ ['http://ying-N8:36251/', 'http://ying-N8:33145/', 'http://ying-N8:42555/', 'http://ying-N8:42111/', 'http://ying-N8:36255/', 'http://ying-N8:36197/', 'http://ying-N8:36789/', 'http://ying-N8:33671/', 'http://ying-N8:42007/', 'http://ying-N8:42519/', 'http://ying-N8:38005/']
[rosmaster.master][INFO] 2026-04-24 11:12:38,135: +PUB [/vis/agent_4/surrounding_lane_net_vis] /onlane_ai_agent_4 http://ying-N8:36255/
[rosmaster.master][INFO] 2026-04-24 11:12:38,136: publisherUpdate[/rosout] -> http://ying-N8:37493/ ['http://ying-N8:36251/', 'http://ying-N8:33145/', 'http://ying-N8:42555/', 'http://ying-N8:42111/', 'http://ying-N8:36255/', 'http://ying-N8:36197/', 'http://ying-N8:36789/', 'http://ying-N8:33671/', 'http://ying-N8:42007/', 'http://ying-N8:42519/', 'http://ying-N8:38005/']: sec=0.00, result=[1, '', 0]
[rosmaster.master][INFO] 2026-04-24 11:12:38,140: publisherUpdate[/rosout] -> http://ying-N8:37493/ ['http://ying-N8:36251/', 'http://ying-N8:33145/', 'http://ying-N8:42555/', 'http://ying-N8:42111/', 'http://ying-N8:36255/', 'http://ying-N8:36197/', 'http://ying-N8:36789/', 'http://ying-N8:33671/', 'http://ying-N8:42007/', 'http://ying-N8:42519/', 'http://ying-N8:38005/', 'http://ying-N8:45981/']
[rosmaster.master][INFO] 2026-04-24 11:12:38,140: +SERVICE [/onlane_ai_agent_10/get_loggers] /onlane_ai_agent_10 http://ying-N8:38005/
[rosmaster.master][INFO] 2026-04-24 11:12:38,147: +PUB [/vis/agent_1/surrounding_vehicle_vis] /onlane_ai_agent_1 http://ying-N8:42555/
[rosmaster.master][INFO] 2026-04-24 11:12:38,147: +SERVICE [/phy_simulator_planning_node/get_loggers] /phy_simulator_planning_node http://ying-N8:45981/
[rosmaster.master][INFO] 2026-04-24 11:12:38,148: +SERVICE [/onlane_ai_agent_9/set_logger_level] /onlane_ai_agent_9 http://ying-N8:42519/
[rosmaster.master][INFO] 2026-04-24 11:12:38,151: +SUB [/arena_info_static] /onlane_ai_agent_3 http://ying-N8:42111/
[rosmaster.master][INFO] 2026-04-24 11:12:38,153: publisherUpdate[/rosout] -> http://ying-N8:37493/ ['http://ying-N8:36251/', 'http://ying-N8:33145/', 'http://ying-N8:42555/', 'http://ying-N8:42111/', 'http://ying-N8:36255/', 'http://ying-N8:36197/', 'http://ying-N8:36789/', 'http://ying-N8:33671/', 'http://ying-N8:42007/', 'http://ying-N8:42519/', 'http://ying-N8:38005/', 'http://ying-N8:45981/']: sec=0.01, result=[1, '', 0]
[rosmaster.master][INFO] 2026-04-24 11:12:38,154: +PUB [/vis/agent_4/local_lanes_vis] /onlane_ai_agent_4 http://ying-N8:36255/
[rosmaster.master][INFO] 2026-04-24 11:12:38,155: +PUB [/tf] /onlane_ai_agent_6 http://ying-N8:36197/
[rosmaster.master][INFO] 2026-04-24 11:12:38,156: +PUB [/ctrl/agent_8] /onlane_ai_agent_8 http://ying-N8:42007/
[rosmaster.master][INFO] 2026-04-24 11:12:38,157: +PUB [/vis/agent_6/ego_vehicle_vis] /onlane_ai_agent_6 http://ying-N8:36197/
[rosmaster.master][INFO] 2026-04-24 11:12:38,158: +SUB [/arena_info_dynamic] /test_ssc_with_mpdm_0 http://ying-N8:36251/
[rosmaster.master][INFO] 2026-04-24 11:12:38,160: +PUB [/tf] /onlane_ai_agent_7 http://ying-N8:36789/
[rosmaster.master][INFO] 2026-04-24 11:12:38,163: +SERVICE [/onlane_ai_agent_10/set_logger_level] /onlane_ai_agent_10 http://ying-N8:38005/
[rosmaster.master][INFO] 2026-04-24 11:12:38,166: +PUB [/tf] /onlane_ai_agent_5 http://ying-N8:33671/
[rosmaster.master][INFO] 2026-04-24 11:12:38,167: +SERVICE [/phy_simulator_planning_node/set_logger_level] /phy_simulator_planning_node http://ying-N8:45981/
[rosmaster.master][INFO] 2026-04-24 11:12:38,168: +PUB [/vis/agent_5/ego_vehicle_vis] /onlane_ai_agent_5 http://ying-N8:33671/
[rosmaster.master][INFO] 2026-04-24 11:12:38,169: +PUB [/vis/agent_1/speed_limit] /onlane_ai_agent_1 http://ying-N8:42555/
[rosmaster.master][INFO] 2026-04-24 11:12:38,171: +PUB [/ctrl/agent_9] /onlane_ai_agent_9 http://ying-N8:42519/
[rosmaster.master][INFO] 2026-04-24 11:12:38,175: +SUB [/joy] /onlane_ai_agent_2 http://ying-N8:33145/
[rosmaster.master][INFO] 2026-04-24 11:12:38,178: +PUB [/vis/agent_7/ego_vehicle_vis] /onlane_ai_agent_7 http://ying-N8:36789/
[rosmaster.master][INFO] 2026-04-24 11:12:38,180: +PUB [/vis/agent_6/obstacle_map] /onlane_ai_agent_6 http://ying-N8:36197/
[rosmaster.master][INFO] 2026-04-24 11:12:38,181: +PUB [/vis/agent_5/obstacle_map] /onlane_ai_agent_5 http://ying-N8:33671/
[rosmaster.master][INFO] 2026-04-24 11:12:38,181: +PUB [/tf] /onlane_ai_agent_8 http://ying-N8:42007/
[rosmaster.master][INFO] 2026-04-24 11:12:38,182: +PUB [/vis/agent_4/ego_behavior_vis] /onlane_ai_agent_4 http://ying-N8:36255/
[rosmaster.master][INFO] 2026-04-24 11:12:38,184: +SUB [/arena_info_dynamic] /onlane_ai_agent_3 http://ying-N8:42111/
[rosmaster.master][INFO] 2026-04-24 11:12:38,185: +PUB [/ctrl/agent_10] /onlane_ai_agent_10 http://ying-N8:38005/
[rosmaster.master][INFO] 2026-04-24 11:12:38,186: +PUB [/vis/agent_2/forward_trajs] /onlane_ai_agent_2 http://ying-N8:33145/
[rosmaster.master][INFO] 2026-04-24 11:12:38,187: +PUB [/vis/agent_7/obstacle_map] /onlane_ai_agent_7 http://ying-N8:36789/
[rosmaster.master][INFO] 2026-04-24 11:12:38,188: +PUB [/vis/agent_6/surrounding_lane_net_vis] /onlane_ai_agent_6 http://ying-N8:36197/
[rosmaster.master][INFO] 2026-04-24 11:12:38,189: +SUB [/arena_info_static] /onlane_ai_agent_1 http://ying-N8:42555/
[rosmaster.master][INFO] 2026-04-24 11:12:38,193: +PUB [/tf] /onlane_ai_agent_9 http://ying-N8:42519/
[rosmaster.master][INFO] 2026-04-24 11:12:38,198: +PUB [/vis/agent_5/surrounding_lane_net_vis] /onlane_ai_agent_5 http://ying-N8:33671/
[rosmaster.master][INFO] 2026-04-24 11:12:38,200: +PUB [/vis/agent_8/ego_vehicle_vis] /onlane_ai_agent_8 http://ying-N8:42007/
[rosmaster.master][INFO] 2026-04-24 11:12:38,201: +PUB [/vis/agent_4/pred_traj_openloop_vis] /onlane_ai_agent_4 http://ying-N8:36255/
[rosmaster.master][INFO] 2026-04-24 11:12:38,202: +PUB [/vis/agent_7/surrounding_lane_net_vis] /onlane_ai_agent_7 http://ying-N8:36789/
[rosmaster.master][INFO] 2026-04-24 11:12:38,202: +PUB [/vis/agent_6/local_lanes_vis] /onlane_ai_agent_6 http://ying-N8:36197/
[rosmaster.master][INFO] 2026-04-24 11:12:38,202: +SUB [/joy] /onlane_ai_agent_3 http://ying-N8:42111/
[rosmaster.master][INFO] 2026-04-24 11:12:38,204: +PUB [/tf] /onlane_ai_agent_10 http://ying-N8:38005/
[rosmaster.master][INFO] 2026-04-24 11:12:38,205: +PUB [/vis/agent_9/ego_vehicle_vis] /onlane_ai_agent_9 http://ying-N8:42519/
[rosmaster.master][INFO] 2026-04-24 11:12:38,205: +PUB [/vis/agent_5/local_lanes_vis] /onlane_ai_agent_5 http://ying-N8:33671/
[rosmaster.master][INFO] 2026-04-24 11:12:38,206: +SUB [/arena_info_dynamic] /onlane_ai_agent_1 http://ying-N8:42555/
[rosmaster.master][INFO] 2026-04-24 11:12:38,207: +PUB [/vis/agent_8/obstacle_map] /onlane_ai_agent_8 http://ying-N8:42007/
[rosmaster.master][INFO] 2026-04-24 11:12:38,207: +PUB [/vis/agent_6/ego_behavior_vis] /onlane_ai_agent_6 http://ying-N8:36197/
[rosmaster.master][INFO] 2026-04-24 11:12:38,208: +PUB [/vis/agent_7/local_lanes_vis] /onlane_ai_agent_7 http://ying-N8:36789/
[rosmaster.master][INFO] 2026-04-24 11:12:38,209: +PUB [/vis/agent_4/pred_initial_intention_vis] /onlane_ai_agent_4 http://ying-N8:36255/
[rosmaster.master][INFO] 2026-04-24 11:12:38,210: +PUB [/vis/agent_3/forward_trajs] /onlane_ai_agent_3 http://ying-N8:42111/
[rosmaster.master][INFO] 2026-04-24 11:12:38,211: +PUB [/vis/agent_10/ego_vehicle_vis] /onlane_ai_agent_10 http://ying-N8:38005/
[rosmaster.master][INFO] 2026-04-24 11:12:38,211: +PUB [/arena_info_static] /phy_simulator_planning_node http://ying-N8:45981/
[rosmaster.master][INFO] 2026-04-24 11:12:38,212: +PUB [/vis/agent_9/obstacle_map] /onlane_ai_agent_9 http://ying-N8:42519/
[rosmaster.master][INFO] 2026-04-24 11:12:38,213: +PUB [/vis/agent_5/ego_behavior_vis] /onlane_ai_agent_5 http://ying-N8:33671/
[rosmaster.master][INFO] 2026-04-24 11:12:38,213: +PUB [/vis/agent_8/surrounding_lane_net_vis] /onlane_ai_agent_8 http://ying-N8:42007/
[rosmaster.master][INFO] 2026-04-24 11:12:38,213: +PUB [/vis/agent_6/pred_traj_openloop_vis] /onlane_ai_agent_6 http://ying-N8:36197/
[rosmaster.master][INFO] 2026-04-24 11:12:38,214: +PUB [/vis/agent_7/ego_behavior_vis] /onlane_ai_agent_7 http://ying-N8:36789/
[rosmaster.master][INFO] 2026-04-24 11:12:38,214: +PUB [/vis/agent_4/surrounding_vehicle_vis] /onlane_ai_agent_4 http://ying-N8:36255/
[rosmaster.master][INFO] 2026-04-24 11:12:38,215: +PUB [/vis/agent_10/obstacle_map] /onlane_ai_agent_10 http://ying-N8:38005/
[rosmaster.master][INFO] 2026-04-24 11:12:38,215: +SUB [/joy] /onlane_ai_agent_1 http://ying-N8:42555/
[rosmaster.master][INFO] 2026-04-24 11:12:38,216: +PUB [/arena_info_dynamic] /phy_simulator_planning_node http://ying-N8:45981/
[rosmaster.master][INFO] 2026-04-24 11:12:38,216: +PUB [/vis/agent_9/surrounding_lane_net_vis] /onlane_ai_agent_9 http://ying-N8:42519/
[rosmaster.master][INFO] 2026-04-24 11:12:38,217: +PUB [/vis/agent_8/local_lanes_vis] /onlane_ai_agent_8 http://ying-N8:42007/
[rosmaster.master][INFO] 2026-04-24 11:12:38,217: +PUB [/vis/agent_6/pred_initial_intention_vis] /onlane_ai_agent_6 http://ying-N8:36197/
[rosmaster.master][INFO] 2026-04-24 11:12:38,218: +PUB [/vis/agent_5/pred_traj_openloop_vis] /onlane_ai_agent_5 http://ying-N8:33671/
[rosmaster.master][INFO] 2026-04-24 11:12:38,218: +PUB [/vis/agent_7/pred_traj_openloop_vis] /onlane_ai_agent_7 http://ying-N8:36789/
[rosmaster.master][INFO] 2026-04-24 11:12:38,218: +PUB [/vis/agent_4/speed_limit] /onlane_ai_agent_4 http://ying-N8:36255/
[rosmaster.master][INFO] 2026-04-24 11:12:38,219: +PUB [/vis/agent_10/surrounding_lane_net_vis] /onlane_ai_agent_10 http://ying-N8:38005/
[rosmaster.master][INFO] 2026-04-24 11:12:38,219: +PUB [/vis/agent_1/forward_trajs] /onlane_ai_agent_1 http://ying-N8:42555/
[rosmaster.master][INFO] 2026-04-24 11:12:38,220: +PUB [/phy_simulator_planning_node/vis/vehicle_set_vis] /phy_simulator_planning_node http://ying-N8:45981/
[rosmaster.master][INFO] 2026-04-24 11:12:38,220: +PUB [/vis/agent_9/local_lanes_vis] /onlane_ai_agent_9 http://ying-N8:42519/
[rosmaster.master][INFO] 2026-04-24 11:12:38,222: +PUB [/vis/agent_8/ego_behavior_vis] /onlane_ai_agent_8 http://ying-N8:42007/
[rosmaster.master][INFO] 2026-04-24 11:12:38,223: +PUB [/vis/agent_6/surrounding_vehicle_vis] /onlane_ai_agent_6 http://ying-N8:36197/
[rosmaster.master][INFO] 2026-04-24 11:12:38,223: +PUB [/vis/agent_5/pred_initial_intention_vis] /onlane_ai_agent_5 http://ying-N8:33671/
[rosmaster.master][INFO] 2026-04-24 11:12:38,223: +PUB [/vis/agent_7/pred_initial_intention_vis] /onlane_ai_agent_7 http://ying-N8:36789/
[rosmaster.master][INFO] 2026-04-24 11:12:38,224: +PUB [/vis/agent_10/local_lanes_vis] /onlane_ai_agent_10 http://ying-N8:38005/
[rosmaster.master][INFO] 2026-04-24 11:12:38,224: +PUB [/phy_simulator_planning_node/vis/lane_net_vis] /phy_simulator_planning_node http://ying-N8:45981/
[rosmaster.master][INFO] 2026-04-24 11:12:38,225: +SUB [/arena_info_static] /onlane_ai_agent_4 http://ying-N8:36255/
[rosmaster.master][INFO] 2026-04-24 11:12:38,225: +PUB [/vis/agent_9/ego_behavior_vis] /onlane_ai_agent_9 http://ying-N8:42519/
[rosmaster.master][INFO] 2026-04-24 11:12:38,226: +PUB [/vis/agent_8/pred_traj_openloop_vis] /onlane_ai_agent_8 http://ying-N8:42007/
[rosmaster.master][INFO] 2026-04-24 11:12:38,227: +PUB [/vis/agent_6/speed_limit] /onlane_ai_agent_6 http://ying-N8:36197/
[rosmaster.master][INFO] 2026-04-24 11:12:38,228: +PUB [/vis/agent_5/surrounding_vehicle_vis] /onlane_ai_agent_5 http://ying-N8:33671/
[rosmaster.master][INFO] 2026-04-24 11:12:38,229: +PUB [/vis/agent_7/surrounding_vehicle_vis] /onlane_ai_agent_7 http://ying-N8:36789/
[rosmaster.master][INFO] 2026-04-24 11:12:38,230: +PUB [/vis/agent_10/ego_behavior_vis] /onlane_ai_agent_10 http://ying-N8:38005/
[rosmaster.master][INFO] 2026-04-24 11:12:38,230: +PUB [/phy_simulator_planning_node/vis/obstacle_set_vis] /phy_simulator_planning_node http://ying-N8:45981/
[rosmaster.master][INFO] 2026-04-24 11:12:38,231: +PUB [/vis/agent_9/pred_traj_openloop_vis] /onlane_ai_agent_9 http://ying-N8:42519/
[rosmaster.master][INFO] 2026-04-24 11:12:38,232: +PUB [/vis/agent_8/pred_initial_intention_vis] /onlane_ai_agent_8 http://ying-N8:42007/
[rosmaster.master][INFO] 2026-04-24 11:12:38,232: +SUB [/arena_info_dynamic] /onlane_ai_agent_4 http://ying-N8:36255/
[rosmaster.master][INFO] 2026-04-24 11:12:38,233: +PUB [/vis/agent_5/speed_limit] /onlane_ai_agent_5 http://ying-N8:33671/
[rosmaster.master][INFO] 2026-04-24 11:12:38,234: +PUB [/vis/agent_7/speed_limit] /onlane_ai_agent_7 http://ying-N8:36789/
[rosmaster.master][INFO] 2026-04-24 11:12:38,237: +PUB [/vis/agent_10/pred_traj_openloop_vis] /onlane_ai_agent_10 http://ying-N8:38005/
[rosmaster.master][INFO] 2026-04-24 11:12:38,238: +SUB [/arena_info_static] /onlane_ai_agent_6 http://ying-N8:36197/
[rosmaster.master][INFO] 2026-04-24 11:12:38,241: +PUB [/vis/agent_9/pred_initial_intention_vis] /onlane_ai_agent_9 http://ying-N8:42519/
[rosmaster.master][INFO] 2026-04-24 11:12:38,243: +PUB [/vis/agent_8/surrounding_vehicle_vis] /onlane_ai_agent_8 http://ying-N8:42007/
[rosmaster.master][INFO] 2026-04-24 11:12:38,244: +SUB [/ctrl/agent_10] /phy_simulator_planning_node http://ying-N8:45981/
[rosmaster.master][INFO] 2026-04-24 11:12:38,244: +PUB [/vis/agent_10/pred_initial_intention_vis] /onlane_ai_agent_10 http://ying-N8:38005/
[rosmaster.master][INFO] 2026-04-24 11:12:38,245: +SUB [/joy] /onlane_ai_agent_4 http://ying-N8:36255/
[rosmaster.master][INFO] 2026-04-24 11:12:38,246: +SUB [/arena_info_static] /onlane_ai_agent_5 http://ying-N8:33671/
[rosmaster.master][INFO] 2026-04-24 11:12:38,246: +PUB [/vis/agent_9/surrounding_vehicle_vis] /onlane_ai_agent_9 http://ying-N8:42519/
[rosmaster.master][INFO] 2026-04-24 11:12:38,247: +SUB [/arena_info_static] /onlane_ai_agent_7 http://ying-N8:36789/
[rosmaster.master][INFO] 2026-04-24 11:12:38,248: +SUB [/arena_info_dynamic] /onlane_ai_agent_6 http://ying-N8:36197/
[rosmaster.master][INFO] 2026-04-24 11:12:38,250: +PUB [/vis/agent_8/speed_limit] /onlane_ai_agent_8 http://ying-N8:42007/
[rosmaster.master][INFO] 2026-04-24 11:12:38,251: +PUB [/vis/agent_10/surrounding_vehicle_vis] /onlane_ai_agent_10 http://ying-N8:38005/
[rosmaster.master][INFO] 2026-04-24 11:12:38,253: +SUB [/ctrl/agent_9] /phy_simulator_planning_node http://ying-N8:45981/
[rosmaster.master][INFO] 2026-04-24 11:12:38,255: publisherUpdate[/arena_info_static] -> http://ying-N8:33145/ ['http://ying-N8:45981/']
[rosmaster.master][INFO] 2026-04-24 11:12:38,255: +PUB [/vis/agent_9/speed_limit] /onlane_ai_agent_9 http://ying-N8:42519/
[rosmaster.master][INFO] 2026-04-24 11:12:38,257: +PUB [/vis/agent_4/forward_trajs] /onlane_ai_agent_4 http://ying-N8:36255/
[rosmaster.master][INFO] 2026-04-24 11:12:38,257: publisherUpdate[/arena_info_static] -> http://ying-N8:33145/ ['http://ying-N8:45981/']: sec=0.00, result=[1, '', 0]
[rosmaster.master][INFO] 2026-04-24 11:12:38,258: +SUB [/arena_info_dynamic] /onlane_ai_agent_7 http://ying-N8:36789/
[rosmaster.master][INFO] 2026-04-24 11:12:38,258: publisherUpdate[/arena_info_static] -> http://ying-N8:36251/ ['http://ying-N8:45981/']
[rosmaster.master][INFO] 2026-04-24 11:12:38,260: +SUB [/arena_info_dynamic] /onlane_ai_agent_5 http://ying-N8:33671/
[rosmaster.master][INFO] 2026-04-24 11:12:38,263: publisherUpdate[/arena_info_static] -> http://ying-N8:36251/ ['http://ying-N8:45981/']: sec=0.00, result=[1, '', 0]
[rosmaster.master][INFO] 2026-04-24 11:12:38,263: publisherUpdate[/arena_info_static] -> http://ying-N8:42111/ ['http://ying-N8:45981/']
[rosmaster.master][INFO] 2026-04-24 11:12:38,264: +PUB [/vis/agent_10/speed_limit] /onlane_ai_agent_10 http://ying-N8:38005/
[rosmaster.master][INFO] 2026-04-24 11:12:38,265: +SUB [/joy] /onlane_ai_agent_6 http://ying-N8:36197/
[rosmaster.master][INFO] 2026-04-24 11:12:38,266: publisherUpdate[/arena_info_static] -> http://ying-N8:42111/ ['http://ying-N8:45981/']: sec=0.00, result=[1, '', 0]
[rosmaster.master][INFO] 2026-04-24 11:12:38,267: +SUB [/arena_info_static] /onlane_ai_agent_8 http://ying-N8:42007/
[rosmaster.master][INFO] 2026-04-24 11:12:38,267: publisherUpdate[/arena_info_static] -> http://ying-N8:42555/ ['http://ying-N8:45981/']
[rosmaster.master][INFO] 2026-04-24 11:12:38,268: +SUB [/ctrl/agent_8] /phy_simulator_planning_node http://ying-N8:45981/
[rosmaster.master][INFO] 2026-04-24 11:12:38,270: +SUB [/arena_info_static] /onlane_ai_agent_9 http://ying-N8:42519/
[rosmaster.master][INFO] 2026-04-24 11:12:38,271: publisherUpdate[/arena_info_static] -> http://ying-N8:42555/ ['http://ying-N8:45981/']: sec=0.00, result=[1, '', 0]
[rosmaster.master][INFO] 2026-04-24 11:12:38,273: +SUB [/joy] /onlane_ai_agent_7 http://ying-N8:36789/
[rosmaster.master][INFO] 2026-04-24 11:12:38,275: publisherUpdate[/arena_info_dynamic] -> http://ying-N8:33145/ ['http://ying-N8:45981/']
[rosmaster.master][INFO] 2026-04-24 11:12:38,276: +SUB [/joy] /onlane_ai_agent_5 http://ying-N8:33671/
[rosmaster.master][INFO] 2026-04-24 11:12:38,277: +SUB [/arena_info_static] /onlane_ai_agent_10 http://ying-N8:38005/
[rosmaster.master][INFO] 2026-04-24 11:12:38,281: +PUB [/vis/agent_6/forward_trajs] /onlane_ai_agent_6 http://ying-N8:36197/
[rosmaster.master][INFO] 2026-04-24 11:12:38,281: publisherUpdate[/arena_info_dynamic] -> http://ying-N8:33145/ ['http://ying-N8:45981/']: sec=0.00, result=[1, '', 0]
[rosmaster.master][INFO] 2026-04-24 11:12:38,282: publisherUpdate[/arena_info_dynamic] -> http://ying-N8:36251/ ['http://ying-N8:45981/']
[rosmaster.master][INFO] 2026-04-24 11:12:38,282: +SUB [/ctrl/agent_7] /phy_simulator_planning_node http://ying-N8:45981/
[rosmaster.master][INFO] 2026-04-24 11:12:38,283: +SUB [/arena_info_dynamic] /onlane_ai_agent_8 http://ying-N8:42007/
[rosmaster.master][INFO] 2026-04-24 11:12:38,284: publisherUpdate[/arena_info_dynamic] -> http://ying-N8:36251/ ['http://ying-N8:45981/']: sec=0.00, result=[1, '', 0]
[rosmaster.master][INFO] 2026-04-24 11:12:38,284: +PUB [/vis/agent_5/forward_trajs] /onlane_ai_agent_5 http://ying-N8:33671/
[rosmaster.master][INFO] 2026-04-24 11:12:38,285: publisherUpdate[/arena_info_dynamic] -> http://ying-N8:42111/ ['http://ying-N8:45981/']
[rosmaster.master][INFO] 2026-04-24 11:12:38,287: +SUB [/arena_info_dynamic] /onlane_ai_agent_9 http://ying-N8:42519/
[rosmaster.master][INFO] 2026-04-24 11:12:38,289: +PUB [/vis/agent_7/forward_trajs] /onlane_ai_agent_7 http://ying-N8:36789/
[rosmaster.master][INFO] 2026-04-24 11:12:38,290: publisherUpdate[/arena_info_dynamic] -> http://ying-N8:42111/ ['http://ying-N8:45981/']: sec=0.00, result=[1, '', 0]
[rosmaster.master][INFO] 2026-04-24 11:12:38,290: +SUB [/arena_info_dynamic] /onlane_ai_agent_10 http://ying-N8:38005/
[rosmaster.master][INFO] 2026-04-24 11:12:38,290: publisherUpdate[/arena_info_dynamic] -> http://ying-N8:42555/ ['http://ying-N8:45981/']
[rosmaster.master][INFO] 2026-04-24 11:12:38,292: +SUB [/ctrl/agent_6] /phy_simulator_planning_node http://ying-N8:45981/
[rosmaster.master][INFO] 2026-04-24 11:12:38,293: publisherUpdate[/arena_info_dynamic] -> http://ying-N8:42555/ ['http://ying-N8:45981/']: sec=0.00, result=[1, '', 0]
[rosmaster.master][INFO] 2026-04-24 11:12:38,296: +SUB [/joy] /onlane_ai_agent_8 http://ying-N8:42007/
[rosmaster.master][INFO] 2026-04-24 11:12:38,296: +SUB [/joy] /onlane_ai_agent_9 http://ying-N8:42519/
[rosmaster.master][INFO] 2026-04-24 11:12:38,298: +SUB [/joy] /onlane_ai_agent_10 http://ying-N8:38005/
[rosmaster.master][INFO] 2026-04-24 11:12:38,299: +SUB [/ctrl/agent_5] /phy_simulator_planning_node http://ying-N8:45981/
[rosmaster.master][INFO] 2026-04-24 11:12:38,299: +PUB [/vis/agent_8/forward_trajs] /onlane_ai_agent_8 http://ying-N8:42007/
[rosmaster.master][INFO] 2026-04-24 11:12:38,300: +PUB [/vis/agent_9/forward_trajs] /onlane_ai_agent_9 http://ying-N8:42519/
[rosmaster.master][INFO] 2026-04-24 11:12:38,301: +PUB [/vis/agent_10/forward_trajs] /onlane_ai_agent_10 http://ying-N8:38005/
[rosmaster.master][INFO] 2026-04-24 11:12:38,302: +SUB [/ctrl/agent_4] /phy_simulator_planning_node http://ying-N8:45981/
[rosmaster.master][INFO] 2026-04-24 11:12:38,305: +SUB [/ctrl/agent_3] /phy_simulator_planning_node http://ying-N8:45981/
[rosmaster.master][INFO] 2026-04-24 11:12:38,307: +SUB [/ctrl/agent_2] /phy_simulator_planning_node http://ying-N8:45981/
[rosmaster.master][INFO] 2026-04-24 11:12:38,310: +SUB [/ctrl/agent_1] /phy_simulator_planning_node http://ying-N8:45981/
[rosmaster.master][INFO] 2026-04-24 11:12:38,311: +SUB [/ctrl/agent_0] /phy_simulator_planning_node http://ying-N8:45981/
[rosmaster.master][INFO] 2026-04-24 11:12:38,313: +SUB [/initialpose] /phy_simulator_planning_node http://ying-N8:45981/
[rosmaster.master][INFO] 2026-04-24 11:12:38,315: +SUB [/move_base_simple/goal] /phy_simulator_planning_node http://ying-N8:45981/
[rosmaster.master][INFO] 2026-04-24 11:12:45,856: +PUB [/rosout] /epsilon_metric_collector_121320_1777000365699 http://ying-N8:34113/
[rosmaster.master][INFO] 2026-04-24 11:12:45,860: +SERVICE [/epsilon_metric_collector_121320_1777000365699/get_loggers] /epsilon_metric_collector_121320_1777000365699 http://ying-N8:34113/
[rosmaster.master][INFO] 2026-04-24 11:12:45,861: +SERVICE [/epsilon_metric_collector_121320_1777000365699/set_logger_level] /epsilon_metric_collector_121320_1777000365699 http://ying-N8:34113/
[rosmaster.master][INFO] 2026-04-24 11:12:45,863: +SUB [/arena_info_dynamic] /epsilon_metric_collector_121320_1777000365699 http://ying-N8:34113/
[rosmaster.master][INFO] 2026-04-24 11:12:45,907: publisherUpdate[/rosout] -> http://ying-N8:37493/ ['http://ying-N8:36251/', 'http://ying-N8:33145/', 'http://ying-N8:42555/', 'http://ying-N8:42111/', 'http://ying-N8:36255/', 'http://ying-N8:36197/', 'http://ying-N8:36789/', 'http://ying-N8:33671/', 'http://ying-N8:42007/', 'http://ying-N8:42519/', 'http://ying-N8:38005/', 'http://ying-N8:45981/', 'http://ying-N8:34113/']
[rosmaster.master][INFO] 2026-04-24 11:12:45,917: publisherUpdate[/rosout] -> http://ying-N8:37493/ ['http://ying-N8:36251/', 'http://ying-N8:33145/', 'http://ying-N8:42555/', 'http://ying-N8:42111/', 'http://ying-N8:36255/', 'http://ying-N8:36197/', 'http://ying-N8:36789/', 'http://ying-N8:33671/', 'http://ying-N8:42007/', 'http://ying-N8:42519/', 'http://ying-N8:38005/', 'http://ying-N8:45981/', 'http://ying-N8:34113/']: sec=0.01, result=[1, '', 0]
[rosmaster.master][INFO] 2026-04-24 11:14:44,492: -SUB [/arena_info_dynamic] /epsilon_metric_collector_121320_1777000365699 http://ying-N8:34113/
[rosmaster.master][INFO] 2026-04-24 11:14:44,493: -PUB [/rosout] /epsilon_metric_collector_121320_1777000365699 http://ying-N8:34113/
[rosmaster.master][INFO] 2026-04-24 11:14:44,493: -SERVICE [/epsilon_metric_collector_121320_1777000365699/get_loggers] /epsilon_metric_collector_121320_1777000365699 rosrpc://ying-N8:35029
[rosmaster.master][INFO] 2026-04-24 11:14:44,493: -SERVICE [/epsilon_metric_collector_121320_1777000365699/set_logger_level] /epsilon_metric_collector_121320_1777000365699 rosrpc://ying-N8:35029
[rosmaster.master][INFO] 2026-04-24 11:14:44,508: publisherUpdate[/rosout] -> http://ying-N8:37493/ ['http://ying-N8:36251/', 'http://ying-N8:33145/', 'http://ying-N8:42555/', 'http://ying-N8:42111/', 'http://ying-N8:36255/', 'http://ying-N8:36197/', 'http://ying-N8:36789/', 'http://ying-N8:33671/', 'http://ying-N8:42007/', 'http://ying-N8:42519/', 'http://ying-N8:38005/', 'http://ying-N8:45981/']
[rosmaster.master][INFO] 2026-04-24 11:14:44,509: publisherUpdate[/rosout] -> http://ying-N8:37493/ ['http://ying-N8:36251/', 'http://ying-N8:33145/', 'http://ying-N8:42555/', 'http://ying-N8:42111/', 'http://ying-N8:36255/', 'http://ying-N8:36197/', 'http://ying-N8:36789/', 'http://ying-N8:33671/', 'http://ying-N8:42007/', 'http://ying-N8:42519/', 'http://ying-N8:38005/', 'http://ying-N8:45981/']: sec=0.00, result=[1, '', 0]
[rosmaster.master][INFO] 2026-04-24 11:14:46,927: +PUB [/rosout] /rostopic_121356_1777000486752 http://ying-N8:41933/
[rosmaster.master][INFO] 2026-04-24 11:14:46,932: +SERVICE [/rostopic_121356_1777000486752/get_loggers] /rostopic_121356_1777000486752 http://ying-N8:41933/
[rosmaster.master][INFO] 2026-04-24 11:14:46,933: +SERVICE [/rostopic_121356_1777000486752/set_logger_level] /rostopic_121356_1777000486752 http://ying-N8:41933/
[rosmaster.master][INFO] 2026-04-24 11:14:46,963: publisherUpdate[/rosout] -> http://ying-N8:37493/ ['http://ying-N8:36251/', 'http://ying-N8:33145/', 'http://ying-N8:42555/', 'http://ying-N8:42111/', 'http://ying-N8:36255/', 'http://ying-N8:36197/', 'http://ying-N8:36789/', 'http://ying-N8:33671/', 'http://ying-N8:42007/', 'http://ying-N8:42519/', 'http://ying-N8:38005/', 'http://ying-N8:45981/', 'http://ying-N8:41933/']
[rosmaster.master][INFO] 2026-04-24 11:14:46,964: publisherUpdate[/rosout] -> http://ying-N8:37493/ ['http://ying-N8:36251/', 'http://ying-N8:33145/', 'http://ying-N8:42555/', 'http://ying-N8:42111/', 'http://ying-N8:36255/', 'http://ying-N8:36197/', 'http://ying-N8:36789/', 'http://ying-N8:33671/', 'http://ying-N8:42007/', 'http://ying-N8:42519/', 'http://ying-N8:38005/', 'http://ying-N8:45981/', 'http://ying-N8:41933/']: sec=0.00, result=[1, '', 0]
[rosmaster.master][INFO] 2026-04-24 11:14:46,995: +SUB [/arena_info_dynamic] /rostopic_121356_1777000486752 http://ying-N8:41933/
[rosmaster.master][INFO] 2026-04-24 11:15:00,263: -SUB [/arena_info_dynamic] /rostopic_121356_1777000486752 http://ying-N8:41933/
[rosmaster.master][INFO] 2026-04-24 11:15:00,263: -PUB [/rosout] /rostopic_121356_1777000486752 http://ying-N8:41933/
[rosmaster.master][INFO] 2026-04-24 11:15:00,263: -SERVICE [/rostopic_121356_1777000486752/get_loggers] /rostopic_121356_1777000486752 rosrpc://ying-N8:36235
[rosmaster.master][INFO] 2026-04-24 11:15:00,264: -SERVICE [/rostopic_121356_1777000486752/set_logger_level] /rostopic_121356_1777000486752 rosrpc://ying-N8:36235
[rosmaster.master][INFO] 2026-04-24 11:15:00,298: publisherUpdate[/rosout] -> http://ying-N8:37493/ ['http://ying-N8:36251/', 'http://ying-N8:33145/', 'http://ying-N8:42555/', 'http://ying-N8:42111/', 'http://ying-N8:36255/', 'http://ying-N8:36197/', 'http://ying-N8:36789/', 'http://ying-N8:33671/', 'http://ying-N8:42007/', 'http://ying-N8:42519/', 'http://ying-N8:38005/', 'http://ying-N8:45981/']
[rosmaster.master][INFO] 2026-04-24 11:15:00,299: publisherUpdate[/rosout] -> http://ying-N8:37493/ ['http://ying-N8:36251/', 'http://ying-N8:33145/', 'http://ying-N8:42555/', 'http://ying-N8:42111/', 'http://ying-N8:36255/', 'http://ying-N8:36197/', 'http://ying-N8:36789/', 'http://ying-N8:33671/', 'http://ying-N8:42007/', 'http://ying-N8:42519/', 'http://ying-N8:38005/', 'http://ying-N8:45981/']: sec=0.00, result=[1, '', 0]
[rosmaster.master][INFO] 2026-04-24 11:15:01,285: -PUB [/rosout] /onlane_ai_agent_9 http://ying-N8:42519/
[rosmaster.master][INFO] 2026-04-24 11:15:01,285: -PUB [/ctrl/agent_9] /onlane_ai_agent_9 http://ying-N8:42519/
[rosmaster.master][INFO] 2026-04-24 11:15:01,286: -PUB [/tf] /onlane_ai_agent_9 http://ying-N8:42519/
[rosmaster.master][INFO] 2026-04-24 11:15:01,301: publisherUpdate[/rosout] -> http://ying-N8:37493/ ['http://ying-N8:36251/', 'http://ying-N8:33145/', 'http://ying-N8:42555/', 'http://ying-N8:42111/', 'http://ying-N8:36255/', 'http://ying-N8:36197/', 'http://ying-N8:36789/', 'http://ying-N8:33671/', 'http://ying-N8:42007/', 'http://ying-N8:38005/', 'http://ying-N8:45981/']
[rosmaster.master][INFO] 2026-04-24 11:15:01,308: -PUB [/vis/agent_9/ego_vehicle_vis] /onlane_ai_agent_9 http://ying-N8:42519/
[rosmaster.master][INFO] 2026-04-24 11:15:01,309: publisherUpdate[/rosout] -> http://ying-N8:37493/ ['http://ying-N8:36251/', 'http://ying-N8:33145/', 'http://ying-N8:42555/', 'http://ying-N8:42111/', 'http://ying-N8:36255/', 'http://ying-N8:36197/', 'http://ying-N8:36789/', 'http://ying-N8:33671/', 'http://ying-N8:42007/', 'http://ying-N8:38005/', 'http://ying-N8:45981/']: sec=0.00, result=[1, '', 0]
[rosmaster.master][INFO] 2026-04-24 11:15:01,310: publisherUpdate[/ctrl/agent_9] -> http://ying-N8:45981/ []
[rosmaster.master][INFO] 2026-04-24 11:15:01,311: publisherUpdate[/ctrl/agent_9] -> http://ying-N8:45981/ []: sec=0.00, result=[0, 'Unknown Error', 0]
[rosmaster.master][INFO] 2026-04-24 11:15:01,312: -PUB [/vis/agent_9/obstacle_map] /onlane_ai_agent_9 http://ying-N8:42519/
[rosmaster.master][INFO] 2026-04-24 11:15:01,313: -PUB [/vis/agent_9/surrounding_lane_net_vis] /onlane_ai_agent_9 http://ying-N8:42519/
[rosmaster.master][INFO] 2026-04-24 11:15:01,313: -PUB [/vis/agent_9/local_lanes_vis] /onlane_ai_agent_9 http://ying-N8:42519/
[rosmaster.master][INFO] 2026-04-24 11:15:01,314: -PUB [/vis/agent_9/ego_behavior_vis] /onlane_ai_agent_9 http://ying-N8:42519/
[rosmaster.master][INFO] 2026-04-24 11:15:01,315: -PUB [/vis/agent_9/pred_traj_openloop_vis] /onlane_ai_agent_9 http://ying-N8:42519/
[rosmaster.master][INFO] 2026-04-24 11:15:01,315: -PUB [/vis/agent_9/pred_initial_intention_vis] /onlane_ai_agent_9 http://ying-N8:42519/
[rosmaster.master][INFO] 2026-04-24 11:15:01,316: -PUB [/vis/agent_9/surrounding_vehicle_vis] /onlane_ai_agent_9 http://ying-N8:42519/
[rosmaster.master][INFO] 2026-04-24 11:15:01,316: -PUB [/vis/agent_9/speed_limit] /onlane_ai_agent_9 http://ying-N8:42519/
[rosmaster.master][INFO] 2026-04-24 11:15:01,317: -PUB [/vis/agent_9/forward_trajs] /onlane_ai_agent_9 http://ying-N8:42519/
[rosmaster.master][INFO] 2026-04-24 11:15:01,317: -SUB [/arena_info_static] /onlane_ai_agent_9 http://ying-N8:42519/
[rosmaster.master][INFO] 2026-04-24 11:15:01,318: -SUB [/arena_info_dynamic] /onlane_ai_agent_9 http://ying-N8:42519/
[rosmaster.master][INFO] 2026-04-24 11:15:01,319: -SUB [/joy] /onlane_ai_agent_9 http://ying-N8:42519/
[rosmaster.master][INFO] 2026-04-24 11:15:01,319: -SERVICE [/onlane_ai_agent_9/get_loggers] /onlane_ai_agent_9 rosrpc://ying-N8:60025
[rosmaster.master][INFO] 2026-04-24 11:15:01,320: -SERVICE [/onlane_ai_agent_9/set_logger_level] /onlane_ai_agent_9 rosrpc://ying-N8:60025
[rosmaster.master][INFO] 2026-04-24 11:15:01,341: -PUB [/rosout] /onlane_ai_agent_5 http://ying-N8:33671/
[rosmaster.master][INFO] 2026-04-24 11:15:01,342: -PUB [/ctrl/agent_5] /onlane_ai_agent_5 http://ying-N8:33671/
[rosmaster.master][INFO] 2026-04-24 11:15:01,342: -PUB [/tf] /onlane_ai_agent_5 http://ying-N8:33671/
[rosmaster.master][INFO] 2026-04-24 11:15:01,343: -PUB [/vis/agent_5/ego_vehicle_vis] /onlane_ai_agent_5 http://ying-N8:33671/
[rosmaster.master][INFO] 2026-04-24 11:15:01,343: -PUB [/vis/agent_5/obstacle_map] /onlane_ai_agent_5 http://ying-N8:33671/
[rosmaster.master][INFO] 2026-04-24 11:15:01,343: -PUB [/vis/agent_5/surrounding_lane_net_vis] /onlane_ai_agent_5 http://ying-N8:33671/
[rosmaster.master][INFO] 2026-04-24 11:15:01,344: -PUB [/vis/agent_5/local_lanes_vis] /onlane_ai_agent_5 http://ying-N8:33671/
[rosmaster.master][INFO] 2026-04-24 11:15:01,345: -PUB [/rosout] /onlane_ai_agent_3 http://ying-N8:42111/
[rosmaster.master][INFO] 2026-04-24 11:15:01,345: -PUB [/vis/agent_5/ego_behavior_vis] /onlane_ai_agent_5 http://ying-N8:33671/
[rosmaster.master][INFO] 2026-04-24 11:15:01,346: -PUB [/ctrl/agent_3] /onlane_ai_agent_3 http://ying-N8:42111/
[rosmaster.master][INFO] 2026-04-24 11:15:01,346: -PUB [/vis/agent_5/pred_traj_openloop_vis] /onlane_ai_agent_5 http://ying-N8:33671/
[rosmaster.master][INFO] 2026-04-24 11:15:01,346: -PUB [/tf] /onlane_ai_agent_3 http://ying-N8:42111/
[rosmaster.master][INFO] 2026-04-24 11:15:01,347: -PUB [/vis/agent_5/pred_initial_intention_vis] /onlane_ai_agent_5 http://ying-N8:33671/
[rosmaster.master][INFO] 2026-04-24 11:15:01,347: -PUB [/vis/agent_3/ego_vehicle_vis] /onlane_ai_agent_3 http://ying-N8:42111/
[rosmaster.master][INFO] 2026-04-24 11:15:01,348: -PUB [/vis/agent_5/surrounding_vehicle_vis] /onlane_ai_agent_5 http://ying-N8:33671/
[rosmaster.master][INFO] 2026-04-24 11:15:01,348: -PUB [/vis/agent_3/obstacle_map] /onlane_ai_agent_3 http://ying-N8:42111/
[rosmaster.master][INFO] 2026-04-24 11:15:01,348: -PUB [/vis/agent_3/surrounding_lane_net_vis] /onlane_ai_agent_3 http://ying-N8:42111/
[rosmaster.master][INFO] 2026-04-24 11:15:01,349: publisherUpdate[/rosout] -> http://ying-N8:37493/ ['http://ying-N8:36251/', 'http://ying-N8:33145/', 'http://ying-N8:42555/', 'http://ying-N8:42111/', 'http://ying-N8:36255/', 'http://ying-N8:36197/', 'http://ying-N8:36789/', 'http://ying-N8:42007/', 'http://ying-N8:38005/', 'http://ying-N8:45981/']
[rosmaster.master][INFO] 2026-04-24 11:15:01,349: -PUB [/vis/agent_3/local_lanes_vis] /onlane_ai_agent_3 http://ying-N8:42111/
[rosmaster.master][INFO] 2026-04-24 11:15:01,350: -PUB [/vis/agent_5/speed_limit] /onlane_ai_agent_5 http://ying-N8:33671/
[rosmaster.master][INFO] 2026-04-24 11:15:01,350: -PUB [/vis/agent_3/ego_behavior_vis] /onlane_ai_agent_3 http://ying-N8:42111/
[rosmaster.master][INFO] 2026-04-24 11:15:01,351: -PUB [/vis/agent_5/forward_trajs] /onlane_ai_agent_5 http://ying-N8:33671/
[rosmaster.master][INFO] 2026-04-24 11:15:01,351: publisherUpdate[/rosout] -> http://ying-N8:37493/ ['http://ying-N8:36251/', 'http://ying-N8:33145/', 'http://ying-N8:42555/', 'http://ying-N8:42111/', 'http://ying-N8:36255/', 'http://ying-N8:36197/', 'http://ying-N8:36789/', 'http://ying-N8:42007/', 'http://ying-N8:38005/', 'http://ying-N8:45981/']: sec=0.00, result=[1, '', 0]
[rosmaster.master][INFO] 2026-04-24 11:15:01,351: -PUB [/vis/agent_3/pred_traj_openloop_vis] /onlane_ai_agent_3 http://ying-N8:42111/
[rosmaster.master][INFO] 2026-04-24 11:15:01,351: publisherUpdate[/ctrl/agent_5] -> http://ying-N8:45981/ []
[rosmaster.master][INFO] 2026-04-24 11:15:01,352: -SUB [/arena_info_static] /onlane_ai_agent_5 http://ying-N8:33671/
[rosmaster.master][INFO] 2026-04-24 11:15:01,352: -PUB [/vis/agent_3/pred_initial_intention_vis] /onlane_ai_agent_3 http://ying-N8:42111/
[rosmaster.master][INFO] 2026-04-24 11:15:01,353: -SUB [/arena_info_dynamic] /onlane_ai_agent_5 http://ying-N8:33671/
[rosmaster.master][INFO] 2026-04-24 11:15:01,353: -PUB [/rosout] /phy_simulator_planning_node http://ying-N8:45981/
[rosmaster.master][INFO] 2026-04-24 11:15:01,354: -PUB [/vis/agent_3/surrounding_vehicle_vis] /onlane_ai_agent_3 http://ying-N8:42111/
[rosmaster.master][INFO] 2026-04-24 11:15:01,354: -SUB [/joy] /onlane_ai_agent_5 http://ying-N8:33671/
[rosmaster.master][INFO] 2026-04-24 11:15:01,354: publisherUpdate[/rosout] -> http://ying-N8:37493/ ['http://ying-N8:36251/', 'http://ying-N8:33145/', 'http://ying-N8:42555/', 'http://ying-N8:36255/', 'http://ying-N8:36197/', 'http://ying-N8:36789/', 'http://ying-N8:42007/', 'http://ying-N8:38005/', 'http://ying-N8:45981/']
[rosmaster.master][INFO] 2026-04-24 11:15:01,355: -PUB [/arena_info_static] /phy_simulator_planning_node http://ying-N8:45981/
[rosmaster.master][INFO] 2026-04-24 11:15:01,355: -PUB [/vis/agent_3/speed_limit] /onlane_ai_agent_3 http://ying-N8:42111/
[rosmaster.master][INFO] 2026-04-24 11:15:01,356: publisherUpdate[/rosout] -> http://ying-N8:37493/ ['http://ying-N8:36251/', 'http://ying-N8:33145/', 'http://ying-N8:42555/', 'http://ying-N8:36255/', 'http://ying-N8:36197/', 'http://ying-N8:36789/', 'http://ying-N8:42007/', 'http://ying-N8:38005/', 'http://ying-N8:45981/']: sec=0.00, result=[1, '', 0]
[rosmaster.master][INFO] 2026-04-24 11:15:01,356: -SERVICE [/onlane_ai_agent_5/get_loggers] /onlane_ai_agent_5 rosrpc://ying-N8:48793
[rosmaster.master][INFO] 2026-04-24 11:15:01,356: publisherUpdate[/rosout] -> http://ying-N8:37493/ ['http://ying-N8:36251/', 'http://ying-N8:33145/', 'http://ying-N8:42555/', 'http://ying-N8:36255/', 'http://ying-N8:36197/', 'http://ying-N8:36789/', 'http://ying-N8:42007/', 'http://ying-N8:38005/']
[rosmaster.master][INFO] 2026-04-24 11:15:01,357: -PUB [/arena_info_dynamic] /phy_simulator_planning_node http://ying-N8:45981/
[rosmaster.master][INFO] 2026-04-24 11:15:01,357: -PUB [/vis/agent_3/forward_trajs] /onlane_ai_agent_3 http://ying-N8:42111/
[rosmaster.master][INFO] 2026-04-24 11:15:01,358: publisherUpdate[/rosout] -> http://ying-N8:37493/ ['http://ying-N8:36251/', 'http://ying-N8:33145/', 'http://ying-N8:42555/', 'http://ying-N8:36255/', 'http://ying-N8:36197/', 'http://ying-N8:36789/', 'http://ying-N8:42007/', 'http://ying-N8:38005/']: sec=0.00, result=[1, '', 0]
[rosmaster.master][INFO] 2026-04-24 11:15:01,358: -SERVICE [/onlane_ai_agent_5/set_logger_level] /onlane_ai_agent_5 rosrpc://ying-N8:48793
[rosmaster.master][INFO] 2026-04-24 11:15:01,358: publisherUpdate[/arena_info_static] -> http://ying-N8:33145/ []
[rosmaster.master][INFO] 2026-04-24 11:15:01,359: -PUB [/phy_simulator_planning_node/vis/vehicle_set_vis] /phy_simulator_planning_node http://ying-N8:45981/
[rosmaster.master][INFO] 2026-04-24 11:15:01,359: -SUB [/arena_info_static] /onlane_ai_agent_3 http://ying-N8:42111/
[rosmaster.master][INFO] 2026-04-24 11:15:01,359: publisherUpdate[/arena_info_static] -> http://ying-N8:33145/ []: sec=0.00, result=[1, '', 0]
[rosmaster.master][INFO] 2026-04-24 11:15:01,360: -PUB [/phy_simulator_planning_node/vis/lane_net_vis] /phy_simulator_planning_node http://ying-N8:45981/
[rosmaster.master][INFO] 2026-04-24 11:15:01,360: publisherUpdate[/arena_info_static] -> http://ying-N8:36251/ []
[rosmaster.master][INFO] 2026-04-24 11:15:01,360: -SUB [/arena_info_dynamic] /onlane_ai_agent_3 http://ying-N8:42111/
[rosmaster.master][INFO] 2026-04-24 11:15:01,361: publisherUpdate[/arena_info_static] -> http://ying-N8:36251/ []: sec=0.00, result=[1, '', 0]
[rosmaster.master][INFO] 2026-04-24 11:15:01,361: -PUB [/phy_simulator_planning_node/vis/obstacle_set_vis] /phy_simulator_planning_node http://ying-N8:45981/
[rosmaster.master][INFO] 2026-04-24 11:15:01,361: publisherUpdate[/arena_info_static] -> http://ying-N8:42111/ []
[rosmaster.master][INFO] 2026-04-24 11:15:01,361: -SUB [/joy] /onlane_ai_agent_3 http://ying-N8:42111/
[rosmaster.master][INFO] 2026-04-24 11:15:01,362: publisherUpdate[/arena_info_static] -> http://ying-N8:42111/ []: sec=0.00, exception=<Fault -1: 'publisherUpdate: unknown method name'>
[rosmaster.master][INFO] 2026-04-24 11:15:01,363: -SUB [/ctrl/agent_10] /phy_simulator_planning_node http://ying-N8:45981/
[rosmaster.master][INFO] 2026-04-24 11:15:01,363: publisherUpdate[/ctrl/agent_5] -> http://ying-N8:45981/ []: sec=0.01, exception=<Fault -1: 'publisherUpdate: unknown method name'>
[rosmaster.master][INFO] 2026-04-24 11:15:01,364: -SERVICE [/onlane_ai_agent_3/get_loggers] /onlane_ai_agent_3 rosrpc://ying-N8:46387
[rosmaster.master][INFO] 2026-04-24 11:15:01,365: -SUB [/ctrl/agent_9] /phy_simulator_planning_node http://ying-N8:45981/
[rosmaster.master][INFO] 2026-04-24 11:15:01,365: -SERVICE [/onlane_ai_agent_3/set_logger_level] /onlane_ai_agent_3 rosrpc://ying-N8:46387
[rosmaster.master][INFO] 2026-04-24 11:15:01,366: -SUB [/ctrl/agent_8] /phy_simulator_planning_node http://ying-N8:45981/
[rosmaster.threadpool][ERROR] 2026-04-24 11:15:01,366: Traceback (most recent call last):
  File "/opt/ros/noetic/lib/python3/dist-packages/rosmaster/threadpool.py", line 218, in run
    result = cmd(*args)
  File "/opt/ros/noetic/lib/python3/dist-packages/rosmaster/master_api.py", line 210, in publisher_update_task
    ret = xmlrpcapi(api).publisherUpdate('/master', topic, pub_uris)
  File "/usr/lib/python3.8/xmlrpc/client.py", line 1109, in __call__
    return self.__send(self.__name, args)
  File "/usr/lib/python3.8/xmlrpc/client.py", line 1450, in __request
    response = self.__transport.request(
  File "/usr/lib/python3.8/xmlrpc/client.py", line 1153, in request
    return self.single_request(host, handler, request_body, verbose)
  File "/usr/lib/python3.8/xmlrpc/client.py", line 1169, in single_request
    return self.parse_response(resp)
  File "/usr/lib/python3.8/xmlrpc/client.py", line 1341, in parse_response
    return u.close()
  File "/usr/lib/python3.8/xmlrpc/client.py", line 655, in close
    raise Fault(**self._stack[0])
xmlrpc.client.Fault: <Fault -1: 'publisherUpdate: unknown method name'>

[rosmaster.master][INFO] 2026-04-24 11:15:01,367: -SUB [/ctrl/agent_7] /phy_simulator_planning_node http://ying-N8:45981/
[rosmaster.threadpool][ERROR] 2026-04-24 11:15:01,367: Traceback (most recent call last):
  File "/opt/ros/noetic/lib/python3/dist-packages/rosmaster/threadpool.py", line 218, in run
    result = cmd(*args)
  File "/opt/ros/noetic/lib/python3/dist-packages/rosmaster/master_api.py", line 210, in publisher_update_task
    ret = xmlrpcapi(api).publisherUpdate('/master', topic, pub_uris)
  File "/usr/lib/python3.8/xmlrpc/client.py", line 1109, in __call__
    return self.__send(self.__name, args)
  File "/usr/lib/python3.8/xmlrpc/client.py", line 1450, in __request
    response = self.__transport.request(
  File "/usr/lib/python3.8/xmlrpc/client.py", line 1153, in request
    return self.single_request(host, handler, request_body, verbose)
  File "/usr/lib/python3.8/xmlrpc/client.py", line 1169, in single_request
    return self.parse_response(resp)
  File "/usr/lib/python3.8/xmlrpc/client.py", line 1341, in parse_response
    return u.close()
  File "/usr/lib/python3.8/xmlrpc/client.py", line 655, in close
    raise Fault(**self._stack[0])
xmlrpc.client.Fault: <Fault -1: 'publisherUpdate: unknown method name'>

[rosmaster.master][INFO] 2026-04-24 11:15:01,367: publisherUpdate[/ctrl/agent_3] -> http://ying-N8:45981/ []
[rosmaster.master][INFO] 2026-04-24 11:15:01,367: publisherUpdate[/arena_info_static] -> http://ying-N8:42555/ []
[rosmaster.master][INFO] 2026-04-24 11:15:01,368: -SUB [/ctrl/agent_6] /phy_simulator_planning_node http://ying-N8:45981/
[rosmaster.master][INFO] 2026-04-24 11:15:01,369: publisherUpdate[/ctrl/agent_3] -> http://ying-N8:45981/ []: sec=0.00, exception=<Fault -1: 'publisherUpdate: unknown method name'>
[rosmaster.master][INFO] 2026-04-24 11:15:01,369: -SUB [/ctrl/agent_5] /phy_simulator_planning_node http://ying-N8:45981/
[rosmaster.master][INFO] 2026-04-24 11:15:01,370: publisherUpdate[/arena_info_static] -> http://ying-N8:42555/ []: sec=0.00, result=[1, '', 0]
[rosmaster.threadpool][ERROR] 2026-04-24 11:15:01,370: Traceback (most recent call last):
  File "/opt/ros/noetic/lib/python3/dist-packages/rosmaster/threadpool.py", line 218, in run
    result = cmd(*args)
  File "/opt/ros/noetic/lib/python3/dist-packages/rosmaster/master_api.py", line 210, in publisher_update_task
    ret = xmlrpcapi(api).publisherUpdate('/master', topic, pub_uris)
  File "/usr/lib/python3.8/xmlrpc/client.py", line 1109, in __call__
    return self.__send(self.__name, args)
  File "/usr/lib/python3.8/xmlrpc/client.py", line 1450, in __request
    response = self.__transport.request(
  File "/usr/lib/python3.8/xmlrpc/client.py", line 1153, in request
    return self.single_request(host, handler, request_body, verbose)
  File "/usr/lib/python3.8/xmlrpc/client.py", line 1169, in single_request
    return self.parse_response(resp)
  File "/usr/lib/python3.8/xmlrpc/client.py", line 1341, in parse_response
    return u.close()
  File "/usr/lib/python3.8/xmlrpc/client.py", line 655, in close
    raise Fault(**self._stack[0])
xmlrpc.client.Fault: <Fault -1: 'publisherUpdate: unknown method name'>

[rosmaster.master][INFO] 2026-04-24 11:15:01,370: publisherUpdate[/arena_info_static] -> http://ying-N8:36255/ []
[rosmaster.master][INFO] 2026-04-24 11:15:01,371: -SUB [/ctrl/agent_4] /phy_simulator_planning_node http://ying-N8:45981/
[rosmaster.master][INFO] 2026-04-24 11:15:01,371: publisherUpdate[/arena_info_static] -> http://ying-N8:36197/ []
[rosmaster.master][INFO] 2026-04-24 11:15:01,371: publisherUpdate[/arena_info_static] -> http://ying-N8:36255/ []: sec=0.00, result=[1, '', 0]
[rosmaster.master][INFO] 2026-04-24 11:15:01,372: publisherUpdate[/arena_info_static] -> http://ying-N8:36789/ []
[rosmaster.master][INFO] 2026-04-24 11:15:01,372: -SUB [/ctrl/agent_3] /phy_simulator_planning_node http://ying-N8:45981/
[rosmaster.master][INFO] 2026-04-24 11:15:01,373: publisherUpdate[/arena_info_static] -> http://ying-N8:36197/ []: sec=0.00, result=[1, '', 0]
[rosmaster.master][INFO] 2026-04-24 11:15:01,373: publisherUpdate[/arena_info_static] -> http://ying-N8:36789/ []: sec=0.00, result=[0, 'Unknown Error', 0]
[rosmaster.master][INFO] 2026-04-24 11:15:01,373: -SUB [/ctrl/agent_2] /phy_simulator_planning_node http://ying-N8:45981/
[rosmaster.master][INFO] 2026-04-24 11:15:01,373: publisherUpdate[/arena_info_static] -> http://ying-N8:42007/ []
[rosmaster.master][INFO] 2026-04-24 11:15:01,373: publisherUpdate[/arena_info_static] -> http://ying-N8:38005/ []
[rosmaster.master][INFO] 2026-04-24 11:15:01,374: -SUB [/ctrl/agent_1] /phy_simulator_planning_node http://ying-N8:45981/
[rosmaster.master][INFO] 2026-04-24 11:15:01,375: publisherUpdate[/arena_info_static] -> http://ying-N8:42007/ []: sec=0.00, result=[0, 'Unknown Error', 0]
[rosmaster.master][INFO] 2026-04-24 11:15:01,375: publisherUpdate[/arena_info_static] -> http://ying-N8:38005/ []: sec=0.00, result=[1, '', 0]
[rosmaster.master][INFO] 2026-04-24 11:15:01,375: publisherUpdate[/arena_info_dynamic] -> http://ying-N8:33145/ []
[rosmaster.master][INFO] 2026-04-24 11:15:01,376: -SUB [/ctrl/agent_0] /phy_simulator_planning_node http://ying-N8:45981/
[rosmaster.master][INFO] 2026-04-24 11:15:01,376: publisherUpdate[/arena_info_dynamic] -> http://ying-N8:36251/ []
[rosmaster.master][INFO] 2026-04-24 11:15:01,376: publisherUpdate[/arena_info_dynamic] -> http://ying-N8:33145/ []: sec=0.00, result=[0, 'Unknown Error', 0]
[rosmaster.master][INFO] 2026-04-24 11:15:01,376: -SUB [/initialpose] /phy_simulator_planning_node http://ying-N8:45981/
[rosmaster.master][INFO] 2026-04-24 11:15:01,377: publisherUpdate[/arena_info_dynamic] -> http://ying-N8:42111/ []
[rosmaster.master][INFO] 2026-04-24 11:15:01,377: -SUB [/move_base_simple/goal] /phy_simulator_planning_node http://ying-N8:45981/
[rosmaster.master][INFO] 2026-04-24 11:15:01,378: publisherUpdate[/arena_info_dynamic] -> http://ying-N8:36251/ []: sec=0.00, result=[1, '', 0]
[rosmaster.master][INFO] 2026-04-24 11:15:01,378: publisherUpdate[/arena_info_dynamic] -> http://ying-N8:42111/ []: sec=0.00, exception=<Fault -1: 'publisherUpdate: unknown method name'>
[rosmaster.master][INFO] 2026-04-24 11:15:01,379: -SERVICE [/phy_simulator_planning_node/get_loggers] /phy_simulator_planning_node rosrpc://ying-N8:45597
[rosmaster.master][INFO] 2026-04-24 11:15:01,379: publisherUpdate[/arena_info_dynamic] -> http://ying-N8:42555/ []
[rosmaster.master][INFO] 2026-04-24 11:15:01,379: -SERVICE [/phy_simulator_planning_node/set_logger_level] /phy_simulator_planning_node rosrpc://ying-N8:45597
[rosmaster.threadpool][ERROR] 2026-04-24 11:15:01,379: Traceback (most recent call last):
  File "/opt/ros/noetic/lib/python3/dist-packages/rosmaster/threadpool.py", line 218, in run
    result = cmd(*args)
  File "/opt/ros/noetic/lib/python3/dist-packages/rosmaster/master_api.py", line 210, in publisher_update_task
    ret = xmlrpcapi(api).publisherUpdate('/master', topic, pub_uris)
  File "/usr/lib/python3.8/xmlrpc/client.py", line 1109, in __call__
    return self.__send(self.__name, args)
  File "/usr/lib/python3.8/xmlrpc/client.py", line 1450, in __request
    response = self.__transport.request(
  File "/usr/lib/python3.8/xmlrpc/client.py", line 1153, in request
    return self.single_request(host, handler, request_body, verbose)
  File "/usr/lib/python3.8/xmlrpc/client.py", line 1169, in single_request
    return self.parse_response(resp)
  File "/usr/lib/python3.8/xmlrpc/client.py", line 1341, in parse_response
    return u.close()
  File "/usr/lib/python3.8/xmlrpc/client.py", line 655, in close
    raise Fault(**self._stack[0])
xmlrpc.client.Fault: <Fault -1: 'publisherUpdate: unknown method name'>

[rosmaster.master][INFO] 2026-04-24 11:15:01,380: publisherUpdate[/arena_info_dynamic] -> http://ying-N8:42555/ []: sec=0.00, result=[1, '', 0]
[rosmaster.master][INFO] 2026-04-24 11:15:01,380: publisherUpdate[/arena_info_dynamic] -> http://ying-N8:36255/ []
[rosmaster.master][INFO] 2026-04-24 11:15:01,380: publisherUpdate[/arena_info_dynamic] -> http://ying-N8:36197/ []
[rosmaster.master][INFO] 2026-04-24 11:15:01,381: publisherUpdate[/arena_info_dynamic] -> http://ying-N8:36197/ []: sec=0.00, result=[1, '', 0]
[rosmaster.master][INFO] 2026-04-24 11:15:01,381: publisherUpdate[/arena_info_dynamic] -> http://ying-N8:36255/ []: sec=0.00, result=[1, '', 0]
[rosmaster.master][INFO] 2026-04-24 11:15:01,381: publisherUpdate[/arena_info_dynamic] -> http://ying-N8:36789/ []
[rosmaster.master][INFO] 2026-04-24 11:15:01,381: publisherUpdate[/arena_info_dynamic] -> http://ying-N8:42007/ []
[rosmaster.master][INFO] 2026-04-24 11:15:01,382: publisherUpdate[/arena_info_dynamic] -> http://ying-N8:36789/ []: sec=0.00, result=[0, 'Unknown Error', 0]
[rosmaster.master][INFO] 2026-04-24 11:15:01,382: publisherUpdate[/arena_info_dynamic] -> http://ying-N8:42007/ []: sec=0.00, result=[0, 'Unknown Error', 0]
[rosmaster.master][INFO] 2026-04-24 11:15:01,382: publisherUpdate[/arena_info_dynamic] -> http://ying-N8:38005/ []
[rosmaster.master][INFO] 2026-04-24 11:15:01,383: publisherUpdate[/arena_info_dynamic] -> http://ying-N8:38005/ []: sec=0.00, result=[1, '', 0]
[rosmaster.master][INFO] 2026-04-24 11:15:01,477: -PUB [/rosout] /onlane_ai_agent_2 http://ying-N8:33145/
[rosmaster.master][INFO] 2026-04-24 11:15:01,478: -PUB [/ctrl/agent_2] /onlane_ai_agent_2 http://ying-N8:33145/
[rosmaster.master][INFO] 2026-04-24 11:15:01,479: -PUB [/tf] /onlane_ai_agent_2 http://ying-N8:33145/
[rosmaster.master][INFO] 2026-04-24 11:15:01,480: -PUB [/vis/agent_2/ego_vehicle_vis] /onlane_ai_agent_2 http://ying-N8:33145/
[rosmaster.master][INFO] 2026-04-24 11:15:01,481: -PUB [/vis/agent_2/obstacle_map] /onlane_ai_agent_2 http://ying-N8:33145/
[rosmaster.master][INFO] 2026-04-24 11:15:01,482: -PUB [/rosout] /onlane_ai_agent_6 http://ying-N8:36197/
[rosmaster.master][INFO] 2026-04-24 11:15:01,483: publisherUpdate[/rosout] -> http://ying-N8:37493/ ['http://ying-N8:36251/', 'http://ying-N8:42555/', 'http://ying-N8:36255/', 'http://ying-N8:36197/', 'http://ying-N8:36789/', 'http://ying-N8:42007/', 'http://ying-N8:38005/']
[rosmaster.master][INFO] 2026-04-24 11:15:01,483: -PUB [/rosout] /onlane_ai_agent_4 http://ying-N8:36255/
[rosmaster.master][INFO] 2026-04-24 11:15:01,484: -PUB [/rosout] /onlane_ai_agent_7 http://ying-N8:36789/
[rosmaster.master][INFO] 2026-04-24 11:15:01,485: -PUB [/vis/agent_2/surrounding_lane_net_vis] /onlane_ai_agent_2 http://ying-N8:33145/
[rosmaster.master][INFO] 2026-04-24 11:15:01,485: -PUB [/rosout] /onlane_ai_agent_8 http://ying-N8:42007/
[rosmaster.master][INFO] 2026-04-24 11:15:01,486: -PUB [/rosout] /onlane_ai_agent_10 http://ying-N8:38005/
[rosmaster.master][INFO] 2026-04-24 11:15:01,486: publisherUpdate[/rosout] -> http://ying-N8:37493/ ['http://ying-N8:36251/', 'http://ying-N8:42555/', 'http://ying-N8:36255/', 'http://ying-N8:36197/', 'http://ying-N8:36789/', 'http://ying-N8:42007/', 'http://ying-N8:38005/']: sec=0.00, result=[1, '', 0]
[rosmaster.master][INFO] 2026-04-24 11:15:01,487: -PUB [/ctrl/agent_6] /onlane_ai_agent_6 http://ying-N8:36197/
[rosmaster.master][INFO] 2026-04-24 11:15:01,487: publisherUpdate[/rosout] -> http://ying-N8:37493/ ['http://ying-N8:36251/', 'http://ying-N8:42555/', 'http://ying-N8:36255/', 'http://ying-N8:36789/', 'http://ying-N8:42007/', 'http://ying-N8:38005/']
[rosmaster.master][INFO] 2026-04-24 11:15:01,487: -PUB [/vis/agent_2/local_lanes_vis] /onlane_ai_agent_2 http://ying-N8:33145/
[rosmaster.master][INFO] 2026-04-24 11:15:01,488: -PUB [/ctrl/agent_7] /onlane_ai_agent_7 http://ying-N8:36789/
[rosmaster.master][INFO] 2026-04-24 11:15:01,488: publisherUpdate[/rosout] -> http://ying-N8:37493/ ['http://ying-N8:36251/', 'http://ying-N8:42555/', 'http://ying-N8:36255/', 'http://ying-N8:36789/', 'http://ying-N8:42007/', 'http://ying-N8:38005/']: sec=0.00, result=[1, '', 0]
[rosmaster.master][INFO] 2026-04-24 11:15:01,489: -PUB [/ctrl/agent_4] /onlane_ai_agent_4 http://ying-N8:36255/
[rosmaster.master][INFO] 2026-04-24 11:15:01,489: publisherUpdate[/rosout] -> http://ying-N8:37493/ ['http://ying-N8:36251/', 'http://ying-N8:42555/', 'http://ying-N8:36789/', 'http://ying-N8:42007/', 'http://ying-N8:38005/']
[rosmaster.master][INFO] 2026-04-24 11:15:01,490: -PUB [/ctrl/agent_8] /onlane_ai_agent_8 http://ying-N8:42007/
[rosmaster.master][INFO] 2026-04-24 11:15:01,490: -PUB [/ctrl/agent_10] /onlane_ai_agent_10 http://ying-N8:38005/
[rosmaster.master][INFO] 2026-04-24 11:15:01,491: publisherUpdate[/rosout] -> http://ying-N8:37493/ ['http://ying-N8:36251/', 'http://ying-N8:42555/', 'http://ying-N8:36789/', 'http://ying-N8:42007/', 'http://ying-N8:38005/']: sec=0.00, result=[1, '', 0]
[rosmaster.master][INFO] 2026-04-24 11:15:01,491: publisherUpdate[/rosout] -> http://ying-N8:37493/ ['http://ying-N8:36251/', 'http://ying-N8:42555/', 'http://ying-N8:42007/', 'http://ying-N8:38005/']
[rosmaster.master][INFO] 2026-04-24 11:15:01,491: -PUB [/tf] /onlane_ai_agent_6 http://ying-N8:36197/
[rosmaster.master][INFO] 2026-04-24 11:15:01,492: -PUB [/vis/agent_2/ego_behavior_vis] /onlane_ai_agent_2 http://ying-N8:33145/
[rosmaster.master][INFO] 2026-04-24 11:15:01,493: publisherUpdate[/rosout] -> http://ying-N8:37493/ ['http://ying-N8:36251/', 'http://ying-N8:42555/', 'http://ying-N8:42007/', 'http://ying-N8:38005/']: sec=0.00, result=[1, '', 0]
[rosmaster.master][INFO] 2026-04-24 11:15:01,493: -PUB [/tf] /onlane_ai_agent_7 http://ying-N8:36789/
[rosmaster.master][INFO] 2026-04-24 11:15:01,493: publisherUpdate[/rosout] -> http://ying-N8:37493/ ['http://ying-N8:36251/', 'http://ying-N8:42555/', 'http://ying-N8:38005/']
[rosmaster.master][INFO] 2026-04-24 11:15:01,494: -PUB [/tf] /onlane_ai_agent_4 http://ying-N8:36255/
[rosmaster.master][INFO] 2026-04-24 11:15:01,494: -PUB [/tf] /onlane_ai_agent_8 http://ying-N8:42007/
[rosmaster.master][INFO] 2026-04-24 11:15:01,495: publisherUpdate[/rosout] -> http://ying-N8:37493/ ['http://ying-N8:36251/', 'http://ying-N8:42555/', 'http://ying-N8:38005/']: sec=0.00, result=[1, '', 0]
[rosmaster.master][INFO] 2026-04-24 11:15:01,495: -PUB [/tf] /onlane_ai_agent_10 http://ying-N8:38005/
[rosmaster.master][INFO] 2026-04-24 11:15:01,495: publisherUpdate[/rosout] -> http://ying-N8:37493/ ['http://ying-N8:36251/', 'http://ying-N8:42555/']
[rosmaster.master][INFO] 2026-04-24 11:15:01,496: -PUB [/vis/agent_6/ego_vehicle_vis] /onlane_ai_agent_6 http://ying-N8:36197/
[rosmaster.master][INFO] 2026-04-24 11:15:01,497: publisherUpdate[/rosout] -> http://ying-N8:37493/ ['http://ying-N8:36251/', 'http://ying-N8:42555/']: sec=0.00, result=[1, '', 0]
[rosmaster.master][INFO] 2026-04-24 11:15:01,497: -PUB [/vis/agent_2/pred_traj_openloop_vis] /onlane_ai_agent_2 http://ying-N8:33145/
[rosmaster.master][INFO] 2026-04-24 11:15:01,497: -PUB [/vis/agent_7/ego_vehicle_vis] /onlane_ai_agent_7 http://ying-N8:36789/
[rosmaster.master][INFO] 2026-04-24 11:15:01,497: -PUB [/vis/agent_4/ego_vehicle_vis] /onlane_ai_agent_4 http://ying-N8:36255/
[rosmaster.master][INFO] 2026-04-24 11:15:01,498: -PUB [/vis/agent_8/ego_vehicle_vis] /onlane_ai_agent_8 http://ying-N8:42007/
[rosmaster.master][INFO] 2026-04-24 11:15:01,498: -PUB [/vis/agent_10/ego_vehicle_vis] /onlane_ai_agent_10 http://ying-N8:38005/
[rosmaster.master][INFO] 2026-04-24 11:15:01,499: -PUB [/vis/agent_6/obstacle_map] /onlane_ai_agent_6 http://ying-N8:36197/
[rosmaster.master][INFO] 2026-04-24 11:15:01,499: -PUB [/vis/agent_7/obstacle_map] /onlane_ai_agent_7 http://ying-N8:36789/
[rosmaster.master][INFO] 2026-04-24 11:15:01,500: -PUB [/vis/agent_2/pred_initial_intention_vis] /onlane_ai_agent_2 http://ying-N8:33145/
[rosmaster.master][INFO] 2026-04-24 11:15:01,500: -PUB [/vis/agent_4/obstacle_map] /onlane_ai_agent_4 http://ying-N8:36255/
[rosmaster.master][INFO] 2026-04-24 11:15:01,501: -PUB [/vis/agent_8/obstacle_map] /onlane_ai_agent_8 http://ying-N8:42007/
[rosmaster.master][INFO] 2026-04-24 11:15:01,501: -PUB [/vis/agent_10/obstacle_map] /onlane_ai_agent_10 http://ying-N8:38005/
[rosmaster.master][INFO] 2026-04-24 11:15:01,502: -PUB [/vis/agent_6/surrounding_lane_net_vis] /onlane_ai_agent_6 http://ying-N8:36197/
[rosmaster.master][INFO] 2026-04-24 11:15:01,502: -PUB [/vis/agent_7/surrounding_lane_net_vis] /onlane_ai_agent_7 http://ying-N8:36789/
[rosmaster.master][INFO] 2026-04-24 11:15:01,503: -PUB [/vis/agent_2/surrounding_vehicle_vis] /onlane_ai_agent_2 http://ying-N8:33145/
[rosmaster.master][INFO] 2026-04-24 11:15:01,503: -PUB [/vis/agent_4/surrounding_lane_net_vis] /onlane_ai_agent_4 http://ying-N8:36255/
[rosmaster.master][INFO] 2026-04-24 11:15:01,504: -PUB [/vis/agent_8/surrounding_lane_net_vis] /onlane_ai_agent_8 http://ying-N8:42007/
[rosmaster.master][INFO] 2026-04-24 11:15:01,504: -PUB [/vis/agent_10/surrounding_lane_net_vis] /onlane_ai_agent_10 http://ying-N8:38005/
[rosmaster.master][INFO] 2026-04-24 11:15:01,504: -PUB [/vis/agent_6/local_lanes_vis] /onlane_ai_agent_6 http://ying-N8:36197/
[rosmaster.master][INFO] 2026-04-24 11:15:01,505: -PUB [/vis/agent_7/local_lanes_vis] /onlane_ai_agent_7 http://ying-N8:36789/
[rosmaster.master][INFO] 2026-04-24 11:15:01,506: -PUB [/vis/agent_2/speed_limit] /onlane_ai_agent_2 http://ying-N8:33145/
[rosmaster.master][INFO] 2026-04-24 11:15:01,506: -PUB [/vis/agent_4/local_lanes_vis] /onlane_ai_agent_4 http://ying-N8:36255/
[rosmaster.master][INFO] 2026-04-24 11:15:01,506: -PUB [/vis/agent_8/local_lanes_vis] /onlane_ai_agent_8 http://ying-N8:42007/
[rosmaster.master][INFO] 2026-04-24 11:15:01,507: -PUB [/vis/agent_10/local_lanes_vis] /onlane_ai_agent_10 http://ying-N8:38005/
[rosmaster.master][INFO] 2026-04-24 11:15:01,507: -PUB [/vis/agent_6/ego_behavior_vis] /onlane_ai_agent_6 http://ying-N8:36197/
[rosmaster.master][INFO] 2026-04-24 11:15:01,508: -PUB [/vis/agent_7/ego_behavior_vis] /onlane_ai_agent_7 http://ying-N8:36789/
[rosmaster.master][INFO] 2026-04-24 11:15:01,508: -PUB [/vis/agent_2/forward_trajs] /onlane_ai_agent_2 http://ying-N8:33145/
[rosmaster.master][INFO] 2026-04-24 11:15:01,508: -PUB [/vis/agent_4/ego_behavior_vis] /onlane_ai_agent_4 http://ying-N8:36255/
[rosmaster.master][INFO] 2026-04-24 11:15:01,509: -PUB [/vis/agent_8/ego_behavior_vis] /onlane_ai_agent_8 http://ying-N8:42007/
[rosmaster.master][INFO] 2026-04-24 11:15:01,509: -PUB [/vis/agent_10/ego_behavior_vis] /onlane_ai_agent_10 http://ying-N8:38005/
[rosmaster.master][INFO] 2026-04-24 11:15:01,510: -PUB [/vis/agent_6/pred_traj_openloop_vis] /onlane_ai_agent_6 http://ying-N8:36197/
[rosmaster.master][INFO] 2026-04-24 11:15:01,510: -PUB [/vis/agent_7/pred_traj_openloop_vis] /onlane_ai_agent_7 http://ying-N8:36789/
[rosmaster.master][INFO] 2026-04-24 11:15:01,511: -SUB [/arena_info_static] /onlane_ai_agent_2 http://ying-N8:33145/
[rosmaster.master][INFO] 2026-04-24 11:15:01,511: -PUB [/vis/agent_4/pred_traj_openloop_vis] /onlane_ai_agent_4 http://ying-N8:36255/
[rosmaster.master][INFO] 2026-04-24 11:15:01,511: -PUB [/vis/agent_8/pred_traj_openloop_vis] /onlane_ai_agent_8 http://ying-N8:42007/
[rosmaster.master][INFO] 2026-04-24 11:15:01,512: -PUB [/vis/agent_10/pred_traj_openloop_vis] /onlane_ai_agent_10 http://ying-N8:38005/
[rosmaster.master][INFO] 2026-04-24 11:15:01,512: -PUB [/vis/agent_6/pred_initial_intention_vis] /onlane_ai_agent_6 http://ying-N8:36197/
[rosmaster.master][INFO] 2026-04-24 11:15:01,513: -PUB [/vis/agent_7/pred_initial_intention_vis] /onlane_ai_agent_7 http://ying-N8:36789/
[rosmaster.master][INFO] 2026-04-24 11:15:01,513: -SUB [/arena_info_dynamic] /onlane_ai_agent_2 http://ying-N8:33145/
[rosmaster.master][INFO] 2026-04-24 11:15:01,514: -PUB [/vis/agent_4/pred_initial_intention_vis] /onlane_ai_agent_4 http://ying-N8:36255/
[rosmaster.master][INFO] 2026-04-24 11:15:01,514: -PUB [/vis/agent_8/pred_initial_intention_vis] /onlane_ai_agent_8 http://ying-N8:42007/
[rosmaster.master][INFO] 2026-04-24 11:15:01,514: -PUB [/vis/agent_10/pred_initial_intention_vis] /onlane_ai_agent_10 http://ying-N8:38005/
[rosmaster.master][INFO] 2026-04-24 11:15:01,515: -PUB [/vis/agent_6/surrounding_vehicle_vis] /onlane_ai_agent_6 http://ying-N8:36197/
[rosmaster.master][INFO] 2026-04-24 11:15:01,515: -PUB [/vis/agent_7/surrounding_vehicle_vis] /onlane_ai_agent_7 http://ying-N8:36789/
[rosmaster.master][INFO] 2026-04-24 11:15:01,516: -SUB [/joy] /onlane_ai_agent_2 http://ying-N8:33145/
[rosmaster.master][INFO] 2026-04-24 11:15:01,516: -PUB [/vis/agent_4/surrounding_vehicle_vis] /onlane_ai_agent_4 http://ying-N8:36255/
[rosmaster.master][INFO] 2026-04-24 11:15:01,517: -PUB [/vis/agent_8/surrounding_vehicle_vis] /onlane_ai_agent_8 http://ying-N8:42007/
[rosmaster.master][INFO] 2026-04-24 11:15:01,517: -PUB [/vis/agent_10/surrounding_vehicle_vis] /onlane_ai_agent_10 http://ying-N8:38005/
[rosmaster.master][INFO] 2026-04-24 11:15:01,518: -PUB [/vis/agent_6/speed_limit] /onlane_ai_agent_6 http://ying-N8:36197/
[rosmaster.master][INFO] 2026-04-24 11:15:01,518: -PUB [/vis/agent_7/speed_limit] /onlane_ai_agent_7 http://ying-N8:36789/
[rosmaster.master][INFO] 2026-04-24 11:15:01,518: -SERVICE [/onlane_ai_agent_2/get_loggers] /onlane_ai_agent_2 rosrpc://ying-N8:45349
[rosmaster.master][INFO] 2026-04-24 11:15:01,519: -PUB [/vis/agent_4/speed_limit] /onlane_ai_agent_4 http://ying-N8:36255/
[rosmaster.master][INFO] 2026-04-24 11:15:01,520: -PUB [/vis/agent_8/speed_limit] /onlane_ai_agent_8 http://ying-N8:42007/
[rosmaster.master][INFO] 2026-04-24 11:15:01,520: -PUB [/vis/agent_10/speed_limit] /onlane_ai_agent_10 http://ying-N8:38005/
[rosmaster.master][INFO] 2026-04-24 11:15:01,520: -PUB [/vis/agent_6/forward_trajs] /onlane_ai_agent_6 http://ying-N8:36197/
[rosmaster.master][INFO] 2026-04-24 11:15:01,521: -PUB [/vis/agent_7/forward_trajs] /onlane_ai_agent_7 http://ying-N8:36789/
[rosmaster.master][INFO] 2026-04-24 11:15:01,521: -SERVICE [/onlane_ai_agent_2/set_logger_level] /onlane_ai_agent_2 rosrpc://ying-N8:45349
[rosmaster.master][INFO] 2026-04-24 11:15:01,521: -PUB [/vis/agent_4/forward_trajs] /onlane_ai_agent_4 http://ying-N8:36255/
[rosmaster.master][INFO] 2026-04-24 11:15:01,522: -PUB [/vis/agent_8/forward_trajs] /onlane_ai_agent_8 http://ying-N8:42007/
[rosmaster.master][INFO] 2026-04-24 11:15:01,522: -PUB [/vis/agent_10/forward_trajs] /onlane_ai_agent_10 http://ying-N8:38005/
[rosmaster.master][INFO] 2026-04-24 11:15:01,522: -SUB [/arena_info_static] /onlane_ai_agent_6 http://ying-N8:36197/
[rosmaster.master][INFO] 2026-04-24 11:15:01,523: -SUB [/arena_info_static] /onlane_ai_agent_7 http://ying-N8:36789/
[rosmaster.master][INFO] 2026-04-24 11:15:01,523: -SUB [/arena_info_static] /onlane_ai_agent_4 http://ying-N8:36255/
[rosmaster.master][INFO] 2026-04-24 11:15:01,524: -SUB [/arena_info_static] /onlane_ai_agent_8 http://ying-N8:42007/
[rosmaster.master][INFO] 2026-04-24 11:15:01,524: -SUB [/arena_info_static] /onlane_ai_agent_10 http://ying-N8:38005/
[rosmaster.master][INFO] 2026-04-24 11:15:01,524: -SUB [/arena_info_dynamic] /onlane_ai_agent_6 http://ying-N8:36197/
[rosmaster.master][INFO] 2026-04-24 11:15:01,525: -SUB [/arena_info_dynamic] /onlane_ai_agent_7 http://ying-N8:36789/
[rosmaster.master][INFO] 2026-04-24 11:15:01,526: -SUB [/arena_info_dynamic] /onlane_ai_agent_4 http://ying-N8:36255/
[rosmaster.master][INFO] 2026-04-24 11:15:01,527: -SUB [/arena_info_dynamic] /onlane_ai_agent_10 http://ying-N8:38005/
[rosmaster.master][INFO] 2026-04-24 11:15:01,528: -SUB [/arena_info_dynamic] /onlane_ai_agent_8 http://ying-N8:42007/
[rosmaster.master][INFO] 2026-04-24 11:15:01,528: -SUB [/joy] /onlane_ai_agent_6 http://ying-N8:36197/
[rosmaster.master][INFO] 2026-04-24 11:15:01,528: -SUB [/joy] /onlane_ai_agent_7 http://ying-N8:36789/
[rosmaster.master][INFO] 2026-04-24 11:15:01,529: -SUB [/joy] /onlane_ai_agent_4 http://ying-N8:36255/
[rosmaster.master][INFO] 2026-04-24 11:15:01,529: -SUB [/joy] /onlane_ai_agent_10 http://ying-N8:38005/
[rosmaster.master][INFO] 2026-04-24 11:15:01,530: -SUB [/joy] /onlane_ai_agent_8 http://ying-N8:42007/
[rosmaster.master][INFO] 2026-04-24 11:15:01,530: -SERVICE [/onlane_ai_agent_6/get_loggers] /onlane_ai_agent_6 rosrpc://ying-N8:35263
[rosmaster.master][INFO] 2026-04-24 11:15:01,530: -SERVICE [/onlane_ai_agent_7/get_loggers] /onlane_ai_agent_7 rosrpc://ying-N8:48035
[rosmaster.master][INFO] 2026-04-24 11:15:01,531: -SERVICE [/onlane_ai_agent_4/get_loggers] /onlane_ai_agent_4 rosrpc://ying-N8:38745
[rosmaster.master][INFO] 2026-04-24 11:15:01,531: -SERVICE [/onlane_ai_agent_10/get_loggers] /onlane_ai_agent_10 rosrpc://ying-N8:38653
[rosmaster.master][INFO] 2026-04-24 11:15:01,532: -SERVICE [/onlane_ai_agent_8/get_loggers] /onlane_ai_agent_8 rosrpc://ying-N8:32815
[rosmaster.master][INFO] 2026-04-24 11:15:01,532: -SERVICE [/onlane_ai_agent_6/set_logger_level] /onlane_ai_agent_6 rosrpc://ying-N8:35263
[rosmaster.master][INFO] 2026-04-24 11:15:01,533: -SERVICE [/onlane_ai_agent_7/set_logger_level] /onlane_ai_agent_7 rosrpc://ying-N8:48035
[rosmaster.master][INFO] 2026-04-24 11:15:01,533: -SERVICE [/onlane_ai_agent_4/set_logger_level] /onlane_ai_agent_4 rosrpc://ying-N8:38745
[rosmaster.master][INFO] 2026-04-24 11:15:01,533: -SERVICE [/onlane_ai_agent_10/set_logger_level] /onlane_ai_agent_10 rosrpc://ying-N8:38653
[rosmaster.master][INFO] 2026-04-24 11:15:01,533: -SERVICE [/onlane_ai_agent_8/set_logger_level] /onlane_ai_agent_8 rosrpc://ying-N8:32815
[rosmaster.master][INFO] 2026-04-24 11:15:01,578: -PUB [/rosout] /test_ssc_with_mpdm_0 http://ying-N8:36251/
[rosmaster.master][INFO] 2026-04-24 11:15:01,578: -PUB [/tf] /test_ssc_with_mpdm_0 http://ying-N8:36251/
[rosmaster.master][INFO] 2026-04-24 11:15:01,579: -PUB [/vis/agent_0/ego_vehicle_vis] /test_ssc_with_mpdm_0 http://ying-N8:36251/
[rosmaster.master][INFO] 2026-04-24 11:15:01,579: -PUB [/vis/agent_0/obstacle_map] /test_ssc_with_mpdm_0 http://ying-N8:36251/
[rosmaster.master][INFO] 2026-04-24 11:15:01,579: -PUB [/vis/agent_0/surrounding_lane_net_vis] /test_ssc_with_mpdm_0 http://ying-N8:36251/
[rosmaster.master][INFO] 2026-04-24 11:15:01,580: -PUB [/vis/agent_0/local_lanes_vis] /test_ssc_with_mpdm_0 http://ying-N8:36251/
[rosmaster.master][INFO] 2026-04-24 11:15:01,580: -PUB [/rosout] /onlane_ai_agent_1 http://ying-N8:42555/
[rosmaster.master][INFO] 2026-04-24 11:15:01,580: -PUB [/vis/agent_0/ego_behavior_vis] /test_ssc_with_mpdm_0 http://ying-N8:36251/
[rosmaster.master][INFO] 2026-04-24 11:15:01,581: -PUB [/ctrl/agent_1] /onlane_ai_agent_1 http://ying-N8:42555/
[rosmaster.master][INFO] 2026-04-24 11:15:01,581: -PUB [/vis/agent_0/pred_traj_openloop_vis] /test_ssc_with_mpdm_0 http://ying-N8:36251/
[rosmaster.master][INFO] 2026-04-24 11:15:01,582: -PUB [/tf] /onlane_ai_agent_1 http://ying-N8:42555/
[rosmaster.master][INFO] 2026-04-24 11:15:01,582: -PUB [/vis/agent_1/ego_vehicle_vis] /onlane_ai_agent_1 http://ying-N8:42555/
[rosmaster.master][INFO] 2026-04-24 11:15:01,583: -PUB [/vis/agent_0/pred_initial_intention_vis] /test_ssc_with_mpdm_0 http://ying-N8:36251/
[rosmaster.master][INFO] 2026-04-24 11:15:01,583: -PUB [/vis/agent_1/obstacle_map] /onlane_ai_agent_1 http://ying-N8:42555/
[rosmaster.master][INFO] 2026-04-24 11:15:01,583: -PUB [/vis/agent_0/surrounding_vehicle_vis] /test_ssc_with_mpdm_0 http://ying-N8:36251/
[rosmaster.master][INFO] 2026-04-24 11:15:01,584: publisherUpdate[/rosout] -> http://ying-N8:37493/ ['http://ying-N8:42555/']
[rosmaster.master][INFO] 2026-04-24 11:15:01,584: -PUB [/vis/agent_1/surrounding_lane_net_vis] /onlane_ai_agent_1 http://ying-N8:42555/
[rosmaster.master][INFO] 2026-04-24 11:15:01,584: -PUB [/vis/agent_0/speed_limit] /test_ssc_with_mpdm_0 http://ying-N8:36251/
[rosmaster.master][INFO] 2026-04-24 11:15:01,585: publisherUpdate[/rosout] -> http://ying-N8:37493/ ['http://ying-N8:42555/']: sec=0.00, result=[1, '', 0]
[rosmaster.master][INFO] 2026-04-24 11:15:01,585: -PUB [/vis/agent_1/local_lanes_vis] /onlane_ai_agent_1 http://ying-N8:42555/
[rosmaster.master][INFO] 2026-04-24 11:15:01,586: publisherUpdate[/rosout] -> http://ying-N8:37493/ []
[rosmaster.master][INFO] 2026-04-24 11:15:01,586: -PUB [/vis/agent_0/ssc/map_vis] /test_ssc_with_mpdm_0 http://ying-N8:36251/
[rosmaster.master][INFO] 2026-04-24 11:15:01,587: publisherUpdate[/rosout] -> http://ying-N8:37493/ []: sec=0.00, result=[1, '', 0]
[rosmaster.master][INFO] 2026-04-24 11:15:01,587: -PUB [/vis/agent_1/ego_behavior_vis] /onlane_ai_agent_1 http://ying-N8:42555/
[rosmaster.master][INFO] 2026-04-24 11:15:01,587: -PUB [/vis/agent_0/ssc/qp_vis] /test_ssc_with_mpdm_0 http://ying-N8:36251/
[rosmaster.master][INFO] 2026-04-24 11:15:01,587: -PUB [/vis/agent_1/pred_traj_openloop_vis] /onlane_ai_agent_1 http://ying-N8:42555/
[rosmaster.master][INFO] 2026-04-24 11:15:01,588: -PUB [/vis/agent_0/ssc/ego_fs_vis] /test_ssc_with_mpdm_0 http://ying-N8:36251/
[rosmaster.master][INFO] 2026-04-24 11:15:01,588: -PUB [/vis/agent_1/pred_initial_intention_vis] /onlane_ai_agent_1 http://ying-N8:42555/
[rosmaster.master][INFO] 2026-04-24 11:15:01,588: -PUB [/vis/agent_0/ssc/forward_trajs_vis] /test_ssc_with_mpdm_0 http://ying-N8:36251/
[rosmaster.master][INFO] 2026-04-24 11:15:01,589: -PUB [/vis/agent_1/surrounding_vehicle_vis] /onlane_ai_agent_1 http://ying-N8:42555/
[rosmaster.master][INFO] 2026-04-24 11:15:01,589: -PUB [/vis/agent_0/ssc/sur_vehicle_trajs_vis] /test_ssc_with_mpdm_0 http://ying-N8:36251/
[rosmaster.master][INFO] 2026-04-24 11:15:01,589: -PUB [/vis/agent_1/speed_limit] /onlane_ai_agent_1 http://ying-N8:42555/
[rosmaster.master][INFO] 2026-04-24 11:15:01,590: -PUB [/vis/agent_0/ssc/corridor_vis] /test_ssc_with_mpdm_0 http://ying-N8:36251/
[rosmaster.master][INFO] 2026-04-24 11:15:01,590: -PUB [/vis/agent_1/forward_trajs] /onlane_ai_agent_1 http://ying-N8:42555/
[rosmaster.master][INFO] 2026-04-24 11:15:01,591: -PUB [/ctrl/agent_0] /test_ssc_with_mpdm_0 http://ying-N8:36251/
[rosmaster.master][INFO] 2026-04-24 11:15:01,592: -SUB [/arena_info_static] /onlane_ai_agent_1 http://ying-N8:42555/
[rosmaster.master][INFO] 2026-04-24 11:15:01,592: -PUB [/test_ssc_with_mpdm_0/ssc_map] /test_ssc_with_mpdm_0 http://ying-N8:36251/
[rosmaster.master][INFO] 2026-04-24 11:15:01,593: -SUB [/arena_info_dynamic] /onlane_ai_agent_1 http://ying-N8:42555/
[rosmaster.master][INFO] 2026-04-24 11:15:01,594: -PUB [/vis/agent_0/ssc/exec_traj] /test_ssc_with_mpdm_0 http://ying-N8:36251/
[rosmaster.master][INFO] 2026-04-24 11:15:01,595: -SUB [/joy] /onlane_ai_agent_1 http://ying-N8:42555/
[rosmaster.master][INFO] 2026-04-24 11:15:01,595: -PUB [/vis/agent_0/forward_trajs] /test_ssc_with_mpdm_0 http://ying-N8:36251/
[rosmaster.master][INFO] 2026-04-24 11:15:01,596: -SERVICE [/onlane_ai_agent_1/get_loggers] /onlane_ai_agent_1 rosrpc://ying-N8:58879
[rosmaster.master][INFO] 2026-04-24 11:15:01,596: -SUB [/joy] /test_ssc_with_mpdm_0 http://ying-N8:36251/
[rosmaster.master][INFO] 2026-04-24 11:15:01,596: -SERVICE [/onlane_ai_agent_1/set_logger_level] /onlane_ai_agent_1 rosrpc://ying-N8:58879
[rosmaster.master][INFO] 2026-04-24 11:15:01,597: -SUB [/arena_info_static] /test_ssc_with_mpdm_0 http://ying-N8:36251/
[rosmaster.master][INFO] 2026-04-24 11:15:01,597: -SUB [/arena_info_dynamic] /test_ssc_with_mpdm_0 http://ying-N8:36251/
[rosmaster.master][INFO] 2026-04-24 11:15:01,598: -SERVICE [/test_ssc_with_mpdm_0/get_loggers] /test_ssc_with_mpdm_0 rosrpc://ying-N8:45533
[rosmaster.master][INFO] 2026-04-24 11:15:01,598: -SERVICE [/test_ssc_with_mpdm_0/set_logger_level] /test_ssc_with_mpdm_0 rosrpc://ying-N8:45533
[rosmaster.master][INFO] 2026-04-24 11:15:01,887: -PUB [/rosout_agg] /rosout http://ying-N8:37493/
[rosmaster.master][INFO] 2026-04-24 11:15:01,888: -SUB [/rosout] /rosout http://ying-N8:37493/
[rosmaster.master][INFO] 2026-04-24 11:15:01,888: -SERVICE [/rosout/get_loggers] /rosout rosrpc://ying-N8:60459
[rosmaster.master][INFO] 2026-04-24 11:15:01,889: -SERVICE [/rosout/set_logger_level] /rosout rosrpc://ying-N8:60459
[rosmaster.main][INFO] 2026-04-24 11:15:01,970: keyboard interrupt, will exit
[rosmaster.main][INFO] 2026-04-24 11:15:01,970: stopping master...
[rospy.core][INFO] 2026-04-24 11:15:01,970: signal_shutdown [atexit]
