[rosmaster.main][INFO] 2026-05-06 17:07:33,090: initialization complete, waiting for shutdown
[rosmaster.main][INFO] 2026-05-06 17:07:33,090: Starting ROS Master Node
[xmlrpc][INFO] 2026-05-06 17:07:33,105: XML-RPC server binding to 0.0.0.0:11311
[xmlrpc][INFO] 2026-05-06 17:07:33,105: Started XML-RPC server [http://y:11311/]
[xmlrpc][INFO] 2026-05-06 17:07:33,106: xml rpc node: starting XML-RPC server
[rosmaster.master][INFO] 2026-05-06 17:07:33,106: Master initialized: port[11311], uri[http://y:11311/]
[rosmaster.master][INFO] 2026-05-06 17:07:33,141: +PARAM [/run_id] by /roslaunch
[rosmaster.master][INFO] 2026-05-06 17:07:33,141: +PARAM [/roslaunch/uris/host_y__34275] by /roslaunch
[rosmaster.master][INFO] 2026-05-06 17:07:33,193: +PARAM [/rosversion] by /roslaunch
[rosmaster.master][INFO] 2026-05-06 17:07:33,193: +PARAM [/rosdistro] by /roslaunch
[rosmaster.master][INFO] 2026-05-06 17:07:33,193: +PARAM [/test_ssc_with_eudm_0/ego_id] by /roslaunch
[rosmaster.master][INFO] 2026-05-06 17:07:33,193: +PARAM [/test_ssc_with_eudm_0/agent_config_path] by /roslaunch
[rosmaster.master][INFO] 2026-05-06 17:07:33,193: +PARAM [/test_ssc_with_eudm_0/bp_config_path] by /roslaunch
[rosmaster.master][INFO] 2026-05-06 17:07:33,193: +PARAM [/test_ssc_with_eudm_0/ssc_config_path] by /roslaunch
[rosmaster.master][INFO] 2026-05-06 17:07:33,193: +PARAM [/test_ssc_with_eudm_0/desired_vel] by /roslaunch
[rosmaster.master][INFO] 2026-05-06 17:07:33,193: +PARAM [/test_ssc_with_eudm_0/use_sim_state] by /roslaunch
[rosmaster.master][INFO] 2026-05-06 17:07:33,193: +PARAM [/onlane_ai_agent_1/ego_id] by /roslaunch
[rosmaster.master][INFO] 2026-05-06 17:07:33,193: +PARAM [/onlane_ai_agent_1/agent_config_path] by /roslaunch
[rosmaster.master][INFO] 2026-05-06 17:07:33,193: +PARAM [/onlane_ai_agent_1/desired_vel] by /roslaunch
[rosmaster.master][INFO] 2026-05-06 17:07:33,193: +PARAM [/onlane_ai_agent_1/autonomous_level] by /roslaunch
[rosmaster.master][INFO] 2026-05-06 17:07:33,193: +PARAM [/onlane_ai_agent_1/aggressiveness_level] by /roslaunch
[rosmaster.master][INFO] 2026-05-06 17:07:33,193: +PARAM [/onlane_ai_agent_2/ego_id] by /roslaunch
[rosmaster.master][INFO] 2026-05-06 17:07:33,194: +PARAM [/onlane_ai_agent_2/agent_config_path] by /roslaunch
[rosmaster.master][INFO] 2026-05-06 17:07:33,194: +PARAM [/onlane_ai_agent_2/desired_vel] by /roslaunch
[rosmaster.master][INFO] 2026-05-06 17:07:33,194: +PARAM [/onlane_ai_agent_2/autonomous_level] by /roslaunch
[rosmaster.master][INFO] 2026-05-06 17:07:33,194: +PARAM [/onlane_ai_agent_2/aggressiveness_level] by /roslaunch
[rosmaster.master][INFO] 2026-05-06 17:07:33,194: +PARAM [/onlane_ai_agent_3/ego_id] by /roslaunch
[rosmaster.master][INFO] 2026-05-06 17:07:33,194: +PARAM [/onlane_ai_agent_3/agent_config_path] by /roslaunch
[rosmaster.master][INFO] 2026-05-06 17:07:33,194: +PARAM [/onlane_ai_agent_3/desired_vel] by /roslaunch
[rosmaster.master][INFO] 2026-05-06 17:07:33,194: +PARAM [/onlane_ai_agent_3/autonomous_level] by /roslaunch
[rosmaster.master][INFO] 2026-05-06 17:07:33,194: +PARAM [/onlane_ai_agent_3/aggressiveness_level] by /roslaunch
[rosmaster.master][INFO] 2026-05-06 17:07:33,194: +PARAM [/onlane_ai_agent_4/ego_id] by /roslaunch
[rosmaster.master][INFO] 2026-05-06 17:07:33,194: +PARAM [/onlane_ai_agent_4/agent_config_path] by /roslaunch
[rosmaster.master][INFO] 2026-05-06 17:07:33,194: +PARAM [/onlane_ai_agent_4/desired_vel] by /roslaunch
[rosmaster.master][INFO] 2026-05-06 17:07:33,194: +PARAM [/onlane_ai_agent_4/autonomous_level] by /roslaunch
[rosmaster.master][INFO] 2026-05-06 17:07:33,194: +PARAM [/onlane_ai_agent_4/aggressiveness_level] by /roslaunch
[rosmaster.master][INFO] 2026-05-06 17:07:33,194: +PARAM [/onlane_ai_agent_5/ego_id] by /roslaunch
[rosmaster.master][INFO] 2026-05-06 17:07:33,194: +PARAM [/onlane_ai_agent_5/agent_config_path] by /roslaunch
[rosmaster.master][INFO] 2026-05-06 17:07:33,194: +PARAM [/onlane_ai_agent_5/desired_vel] by /roslaunch
[rosmaster.master][INFO] 2026-05-06 17:07:33,194: +PARAM [/onlane_ai_agent_5/autonomous_level] by /roslaunch
[rosmaster.master][INFO] 2026-05-06 17:07:33,194: +PARAM [/onlane_ai_agent_5/aggressiveness_level] by /roslaunch
[rosmaster.master][INFO] 2026-05-06 17:07:33,194: +PARAM [/onlane_ai_agent_6/ego_id] by /roslaunch
[rosmaster.master][INFO] 2026-05-06 17:07:33,194: +PARAM [/onlane_ai_agent_6/agent_config_path] by /roslaunch
[rosmaster.master][INFO] 2026-05-06 17:07:33,194: +PARAM [/onlane_ai_agent_6/desired_vel] by /roslaunch
[rosmaster.master][INFO] 2026-05-06 17:07:33,194: +PARAM [/onlane_ai_agent_6/autonomous_level] by /roslaunch
[rosmaster.master][INFO] 2026-05-06 17:07:33,194: +PARAM [/onlane_ai_agent_6/aggressiveness_level] by /roslaunch
[rosmaster.master][INFO] 2026-05-06 17:07:33,194: +PARAM [/onlane_ai_agent_7/ego_id] by /roslaunch
[rosmaster.master][INFO] 2026-05-06 17:07:33,194: +PARAM [/onlane_ai_agent_7/agent_config_path] by /roslaunch
[rosmaster.master][INFO] 2026-05-06 17:07:33,194: +PARAM [/onlane_ai_agent_7/desired_vel] by /roslaunch
[rosmaster.master][INFO] 2026-05-06 17:07:33,194: +PARAM [/onlane_ai_agent_7/autonomous_level] by /roslaunch
[rosmaster.master][INFO] 2026-05-06 17:07:33,194: +PARAM [/onlane_ai_agent_7/aggressiveness_level] by /roslaunch
[rosmaster.master][INFO] 2026-05-06 17:07:33,194: +PARAM [/onlane_ai_agent_8/ego_id] by /roslaunch
[rosmaster.master][INFO] 2026-05-06 17:07:33,194: +PARAM [/onlane_ai_agent_8/agent_config_path] by /roslaunch
[rosmaster.master][INFO] 2026-05-06 17:07:33,194: +PARAM [/onlane_ai_agent_8/desired_vel] by /roslaunch
[rosmaster.master][INFO] 2026-05-06 17:07:33,195: +PARAM [/onlane_ai_agent_8/autonomous_level] by /roslaunch
[rosmaster.master][INFO] 2026-05-06 17:07:33,195: +PARAM [/onlane_ai_agent_8/aggressiveness_level] by /roslaunch
[rosmaster.master][INFO] 2026-05-06 17:07:33,195: +PARAM [/onlane_ai_agent_9/ego_id] by /roslaunch
[rosmaster.master][INFO] 2026-05-06 17:07:33,195: +PARAM [/onlane_ai_agent_9/agent_config_path] by /roslaunch
[rosmaster.master][INFO] 2026-05-06 17:07:33,195: +PARAM [/onlane_ai_agent_9/desired_vel] by /roslaunch
[rosmaster.master][INFO] 2026-05-06 17:07:33,195: +PARAM [/onlane_ai_agent_9/autonomous_level] by /roslaunch
[rosmaster.master][INFO] 2026-05-06 17:07:33,195: +PARAM [/onlane_ai_agent_9/aggressiveness_level] by /roslaunch
[rosmaster.master][INFO] 2026-05-06 17:07:33,195: +PARAM [/onlane_ai_agent_10/ego_id] by /roslaunch
[rosmaster.master][INFO] 2026-05-06 17:07:33,195: +PARAM [/onlane_ai_agent_10/agent_config_path] by /roslaunch
[rosmaster.master][INFO] 2026-05-06 17:07:33,195: +PARAM [/onlane_ai_agent_10/desired_vel] by /roslaunch
[rosmaster.master][INFO] 2026-05-06 17:07:33,195: +PARAM [/onlane_ai_agent_10/autonomous_level] by /roslaunch
[rosmaster.master][INFO] 2026-05-06 17:07:33,195: +PARAM [/onlane_ai_agent_10/aggressiveness_level] by /roslaunch
[rosmaster.master][INFO] 2026-05-06 17:07:33,195: +PARAM [/phy_simulator_planning_node/vehicle_info_path] by /roslaunch
[rosmaster.master][INFO] 2026-05-06 17:07:33,195: +PARAM [/phy_simulator_planning_node/map_path] by /roslaunch
[rosmaster.master][INFO] 2026-05-06 17:07:33,195: +PARAM [/phy_simulator_planning_node/lane_net_path] by /roslaunch
[rosmaster.master][INFO] 2026-05-06 17:07:33,195: +SERVICE [/rosout/get_loggers] /rosout http://y:45741/
[rosmaster.master][INFO] 2026-05-06 17:07:33,196: +SERVICE [/rosout/set_logger_level] /rosout http://y:45741/
[rosmaster.master][INFO] 2026-05-06 17:07:33,196: +PUB [/rosout_agg] /rosout http://y:45741/
[rosmaster.master][INFO] 2026-05-06 17:07:33,197: +SUB [/rosout] /rosout http://y:45741/
[rosmaster.master][INFO] 2026-05-06 17:07:33,227: +PUB [/rosout] /onlane_ai_agent_1 http://y:37911/
[rosmaster.master][INFO] 2026-05-06 17:07:33,227: +PUB [/rosout] /test_ssc_with_eudm_0 http://y:41259/
[rosmaster.master][INFO] 2026-05-06 17:07:33,228: +SERVICE [/test_ssc_with_eudm_0/get_loggers] /test_ssc_with_eudm_0 http://y:41259/
[rosmaster.master][INFO] 2026-05-06 17:07:33,228: +SERVICE [/test_ssc_with_eudm_0/set_logger_level] /test_ssc_with_eudm_0 http://y:41259/
[rosmaster.master][INFO] 2026-05-06 17:07:33,229: +SERVICE [/onlane_ai_agent_1/get_loggers] /onlane_ai_agent_1 http://y:37911/
[rosmaster.master][INFO] 2026-05-06 17:07:33,230: +SERVICE [/onlane_ai_agent_1/set_logger_level] /onlane_ai_agent_1 http://y:37911/
[rosmaster.master][INFO] 2026-05-06 17:07:33,233: +CACHEDPARAM [/rosout_disable_topics_generation] by /test_ssc_with_eudm_0
[rosmaster.master][INFO] 2026-05-06 17:07:33,236: +PUB [/ctrl/agent_1] /onlane_ai_agent_1 http://y:37911/
[rosmaster.master][INFO] 2026-05-06 17:07:33,237: +PUB [/rosout] /onlane_ai_agent_2 http://y:38197/
[rosmaster.master][INFO] 2026-05-06 17:07:33,241: +SERVICE [/onlane_ai_agent_2/get_loggers] /onlane_ai_agent_2 http://y:38197/
[rosmaster.master][INFO] 2026-05-06 17:07:33,246: +SERVICE [/onlane_ai_agent_2/set_logger_level] /onlane_ai_agent_2 http://y:38197/
[rosmaster.master][INFO] 2026-05-06 17:07:33,247: +PUB [/ctrl/agent_2] /onlane_ai_agent_2 http://y:38197/
[rosmaster.master][INFO] 2026-05-06 17:07:33,251: +PUB [/rosout] /onlane_ai_agent_3 http://y:45699/
[rosmaster.master][INFO] 2026-05-06 17:07:33,258: +SERVICE [/onlane_ai_agent_3/get_loggers] /onlane_ai_agent_3 http://y:45699/
[rosmaster.master][INFO] 2026-05-06 17:07:33,258: +SERVICE [/onlane_ai_agent_3/set_logger_level] /onlane_ai_agent_3 http://y:45699/
[rosmaster.master][INFO] 2026-05-06 17:07:33,259: +PUB [/tf] /test_ssc_with_eudm_0 http://y:41259/
[rosmaster.master][INFO] 2026-05-06 17:07:33,260: +PUB [/rosout] /onlane_ai_agent_5 http://y:44001/
[rosmaster.master][INFO] 2026-05-06 17:07:33,262: +PUB [/vis/agent_0/ego_vehicle_vis] /test_ssc_with_eudm_0 http://y:41259/
[rosmaster.master][INFO] 2026-05-06 17:07:33,263: +PUB [/rosout] /onlane_ai_agent_6 http://y:46617/
[rosmaster.master][INFO] 2026-05-06 17:07:33,263: +SERVICE [/onlane_ai_agent_5/get_loggers] /onlane_ai_agent_5 http://y:44001/
[rosmaster.master][INFO] 2026-05-06 17:07:33,264: +PUB [/vis/agent_0/obstacle_map] /test_ssc_with_eudm_0 http://y:41259/
[rosmaster.master][INFO] 2026-05-06 17:07:33,264: +PUB [/rosout] /onlane_ai_agent_4 http://y:39953/
[rosmaster.master][INFO] 2026-05-06 17:07:33,264: +SERVICE [/onlane_ai_agent_5/set_logger_level] /onlane_ai_agent_5 http://y:44001/
[rosmaster.master][INFO] 2026-05-06 17:07:33,265: +PUB [/vis/agent_0/surrounding_lane_net_vis] /test_ssc_with_eudm_0 http://y:41259/
[rosmaster.master][INFO] 2026-05-06 17:07:33,265: +PUB [/vis/agent_0/local_lanes_vis] /test_ssc_with_eudm_0 http://y:41259/
[rosmaster.master][INFO] 2026-05-06 17:07:33,265: +PUB [/vis/agent_0/ego_behavior_vis] /test_ssc_with_eudm_0 http://y:41259/
[rosmaster.master][INFO] 2026-05-06 17:07:33,266: +PUB [/vis/agent_0/pred_traj_openloop_vis] /test_ssc_with_eudm_0 http://y:41259/
[rosmaster.master][INFO] 2026-05-06 17:07:33,266: +PUB [/vis/agent_0/pred_initial_intention_vis] /test_ssc_with_eudm_0 http://y:41259/
[rosmaster.master][INFO] 2026-05-06 17:07:33,266: +PUB [/vis/agent_0/surrounding_vehicle_vis] /test_ssc_with_eudm_0 http://y:41259/
[rosmaster.master][INFO] 2026-05-06 17:07:33,267: +PUB [/vis/agent_0/speed_limit] /test_ssc_with_eudm_0 http://y:41259/
[rosmaster.master][INFO] 2026-05-06 17:07:33,267: +PUB [/ctrl/agent_5] /onlane_ai_agent_5 http://y:44001/
[rosmaster.master][INFO] 2026-05-06 17:07:33,267: +PUB [/vis/agent_0/ssc/map_vis] /test_ssc_with_eudm_0 http://y:41259/
[rosmaster.master][INFO] 2026-05-06 17:07:33,268: +PUB [/vis/agent_0/ssc/qp_vis] /test_ssc_with_eudm_0 http://y:41259/
[rosmaster.master][INFO] 2026-05-06 17:07:33,268: +PUB [/vis/agent_0/ssc/ego_fs_vis] /test_ssc_with_eudm_0 http://y:41259/
[rosmaster.master][INFO] 2026-05-06 17:07:33,269: +PUB [/vis/agent_0/ssc/forward_trajs_vis] /test_ssc_with_eudm_0 http://y:41259/
[rosmaster.master][INFO] 2026-05-06 17:07:33,269: +PUB [/vis/agent_0/ssc/sur_vehicle_trajs_vis] /test_ssc_with_eudm_0 http://y:41259/
[rosmaster.master][INFO] 2026-05-06 17:07:33,270: +PUB [/vis/agent_0/ssc/corridor_vis] /test_ssc_with_eudm_0 http://y:41259/
[rosmaster.master][INFO] 2026-05-06 17:07:33,273: +PUB [/ctrl/agent_3] /onlane_ai_agent_3 http://y:45699/
[rosmaster.master][INFO] 2026-05-06 17:07:33,273: +SERVICE [/onlane_ai_agent_6/get_loggers] /onlane_ai_agent_6 http://y:46617/
[rosmaster.master][INFO] 2026-05-06 17:07:33,278: +SERVICE [/onlane_ai_agent_6/set_logger_level] /onlane_ai_agent_6 http://y:46617/
[rosmaster.master][INFO] 2026-05-06 17:07:33,280: +SUB [/joy] /test_ssc_with_eudm_0 http://y:41259/
[rosmaster.master][INFO] 2026-05-06 17:07:33,280: +PUB [/vis/agent_0/forward_trajs] /test_ssc_with_eudm_0 http://y:41259/
[rosmaster.master][INFO] 2026-05-06 17:07:33,281: +PUB [/ctrl/agent_0] /test_ssc_with_eudm_0 http://y:41259/
[rosmaster.master][INFO] 2026-05-06 17:07:33,282: +PUB [/test_ssc_with_eudm_0/ssc_map] /test_ssc_with_eudm_0 http://y:41259/
[rosmaster.master][INFO] 2026-05-06 17:07:33,282: +PUB [/vis/agent_0/ssc/exec_traj] /test_ssc_with_eudm_0 http://y:41259/
[rosmaster.master][INFO] 2026-05-06 17:07:33,282: +PUB [/rosout] /onlane_ai_agent_8 http://y:43723/
[rosmaster.master][INFO] 2026-05-06 17:07:33,283: +SUB [/arena_info_static] /test_ssc_with_eudm_0 http://y:41259/
[rosmaster.master][INFO] 2026-05-06 17:07:33,284: +SERVICE [/onlane_ai_agent_4/get_loggers] /onlane_ai_agent_4 http://y:39953/
[rosmaster.master][INFO] 2026-05-06 17:07:33,285: +SUB [/arena_info_dynamic] /test_ssc_with_eudm_0 http://y:41259/
[rosmaster.master][INFO] 2026-05-06 17:07:33,295: +PUB [/rosout] /onlane_ai_agent_7 http://y:42303/
[rosmaster.master][INFO] 2026-05-06 17:07:33,295: +SERVICE [/onlane_ai_agent_7/get_loggers] /onlane_ai_agent_7 http://y:42303/
[rosmaster.master][INFO] 2026-05-06 17:07:33,300: +SERVICE [/onlane_ai_agent_7/set_logger_level] /onlane_ai_agent_7 http://y:42303/
[rosmaster.master][INFO] 2026-05-06 17:07:33,303: +PUB [/ctrl/agent_7] /onlane_ai_agent_7 http://y:42303/
[rosmaster.master][INFO] 2026-05-06 17:07:33,303: publisherUpdate[/rosout] -> http://y:45741/ ['http://y:37911/']
[rosmaster.master][INFO] 2026-05-06 17:07:33,305: +SERVICE [/onlane_ai_agent_8/get_loggers] /onlane_ai_agent_8 http://y:43723/
[rosmaster.master][INFO] 2026-05-06 17:07:33,306: +PUB [/ctrl/agent_6] /onlane_ai_agent_6 http://y:46617/
[rosmaster.master][INFO] 2026-05-06 17:07:33,307: +SERVICE [/onlane_ai_agent_4/set_logger_level] /onlane_ai_agent_4 http://y:39953/
[rosmaster.master][INFO] 2026-05-06 17:07:33,309: publisherUpdate[/rosout] -> http://y:45741/ ['http://y:37911/']: sec=0.01, result=[1, '', 0]
[rosmaster.master][INFO] 2026-05-06 17:07:33,309: publisherUpdate[/rosout] -> http://y:45741/ ['http://y:37911/', 'http://y:41259/']
[rosmaster.master][INFO] 2026-05-06 17:07:33,310: publisherUpdate[/rosout] -> http://y:45741/ ['http://y:37911/', 'http://y:41259/']: sec=0.00, result=[1, '', 0]
[rosmaster.master][INFO] 2026-05-06 17:07:33,310: publisherUpdate[/rosout] -> http://y:45741/ ['http://y:37911/', 'http://y:41259/', 'http://y:38197/']
[rosmaster.master][INFO] 2026-05-06 17:07:33,311: publisherUpdate[/rosout] -> http://y:45741/ ['http://y:37911/', 'http://y:41259/', 'http://y:38197/']: sec=0.00, result=[1, '', 0]
[rosmaster.master][INFO] 2026-05-06 17:07:33,312: publisherUpdate[/rosout] -> http://y:45741/ ['http://y:37911/', 'http://y:41259/', 'http://y:38197/', 'http://y:45699/']
[rosmaster.master][INFO] 2026-05-06 17:07:33,312: publisherUpdate[/rosout] -> http://y:45741/ ['http://y:37911/', 'http://y:41259/', 'http://y:38197/', 'http://y:45699/']: sec=0.00, result=[1, '', 0]
[rosmaster.master][INFO] 2026-05-06 17:07:33,312: publisherUpdate[/rosout] -> http://y:45741/ ['http://y:37911/', 'http://y:41259/', 'http://y:38197/', 'http://y:45699/', 'http://y:44001/']
[rosmaster.master][INFO] 2026-05-06 17:07:33,316: publisherUpdate[/rosout] -> http://y:45741/ ['http://y:37911/', 'http://y:41259/', 'http://y:38197/', 'http://y:45699/', 'http://y:44001/']: sec=0.00, result=[1, '', 0]
[rosmaster.master][INFO] 2026-05-06 17:07:33,316: publisherUpdate[/rosout] -> http://y:45741/ ['http://y:37911/', 'http://y:41259/', 'http://y:38197/', 'http://y:45699/', 'http://y:44001/', 'http://y:46617/']
[rosmaster.master][INFO] 2026-05-06 17:07:33,317: publisherUpdate[/rosout] -> http://y:45741/ ['http://y:37911/', 'http://y:41259/', 'http://y:38197/', 'http://y:45699/', 'http://y:44001/', 'http://y:46617/']: sec=0.00, result=[1, '', 0]
[rosmaster.master][INFO] 2026-05-06 17:07:33,317: publisherUpdate[/rosout] -> http://y:45741/ ['http://y:37911/', 'http://y:41259/', 'http://y:38197/', 'http://y:45699/', 'http://y:44001/', 'http://y:46617/', 'http://y:39953/']
[rosmaster.master][INFO] 2026-05-06 17:07:33,317: publisherUpdate[/rosout] -> http://y:45741/ ['http://y:37911/', 'http://y:41259/', 'http://y:38197/', 'http://y:45699/', 'http://y:44001/', 'http://y:46617/', 'http://y:39953/']: sec=0.00, result=[1, '', 0]
[rosmaster.master][INFO] 2026-05-06 17:07:33,318: publisherUpdate[/rosout] -> http://y:45741/ ['http://y:37911/', 'http://y:41259/', 'http://y:38197/', 'http://y:45699/', 'http://y:44001/', 'http://y:46617/', 'http://y:39953/', 'http://y:43723/']
[rosmaster.master][INFO] 2026-05-06 17:07:33,318: publisherUpdate[/rosout] -> http://y:45741/ ['http://y:37911/', 'http://y:41259/', 'http://y:38197/', 'http://y:45699/', 'http://y:44001/', 'http://y:46617/', 'http://y:39953/', 'http://y:43723/']: sec=0.00, result=[1, '', 0]
[rosmaster.master][INFO] 2026-05-06 17:07:33,318: publisherUpdate[/rosout] -> http://y:45741/ ['http://y:37911/', 'http://y:41259/', 'http://y:38197/', 'http://y:45699/', 'http://y:44001/', 'http://y:46617/', 'http://y:39953/', 'http://y:43723/', 'http://y:42303/']
[rosmaster.master][INFO] 2026-05-06 17:07:33,319: publisherUpdate[/rosout] -> http://y:45741/ ['http://y:37911/', 'http://y:41259/', 'http://y:38197/', 'http://y:45699/', 'http://y:44001/', 'http://y:46617/', 'http://y:39953/', 'http://y:43723/', 'http://y:42303/']: sec=0.00, result=[1, '', 0]
[rosmaster.master][INFO] 2026-05-06 17:07:33,322: +PUB [/rosout] /onlane_ai_agent_10 http://y:36203/
[rosmaster.master][INFO] 2026-05-06 17:07:33,325: +PUB [/rosout] /phy_simulator_planning_node http://y:37913/
[rosmaster.master][INFO] 2026-05-06 17:07:33,327: +PUB [/rosout] /onlane_ai_agent_9 http://y:37743/
[rosmaster.master][INFO] 2026-05-06 17:07:33,327: +SERVICE [/onlane_ai_agent_8/set_logger_level] /onlane_ai_agent_8 http://y:43723/
[rosmaster.master][INFO] 2026-05-06 17:07:33,327: +SERVICE [/phy_simulator_planning_node/get_loggers] /phy_simulator_planning_node http://y:37913/
[rosmaster.master][INFO] 2026-05-06 17:07:33,327: +SERVICE [/onlane_ai_agent_9/get_loggers] /onlane_ai_agent_9 http://y:37743/
[rosmaster.master][INFO] 2026-05-06 17:07:33,328: +SERVICE [/phy_simulator_planning_node/set_logger_level] /phy_simulator_planning_node http://y:37913/
[rosmaster.master][INFO] 2026-05-06 17:07:33,332: +SERVICE [/onlane_ai_agent_10/get_loggers] /onlane_ai_agent_10 http://y:36203/
[rosmaster.master][INFO] 2026-05-06 17:07:33,333: +SERVICE [/onlane_ai_agent_10/set_logger_level] /onlane_ai_agent_10 http://y:36203/
[rosmaster.master][INFO] 2026-05-06 17:07:33,335: +PUB [/ctrl/agent_10] /onlane_ai_agent_10 http://y:36203/
[rosmaster.master][INFO] 2026-05-06 17:07:33,342: +PUB [/ctrl/agent_8] /onlane_ai_agent_8 http://y:43723/
[rosmaster.master][INFO] 2026-05-06 17:07:33,348: +SERVICE [/onlane_ai_agent_9/set_logger_level] /onlane_ai_agent_9 http://y:37743/
[rosmaster.master][INFO] 2026-05-06 17:07:33,350: +PUB [/ctrl/agent_4] /onlane_ai_agent_4 http://y:39953/
[rosmaster.master][INFO] 2026-05-06 17:07:33,360: +PUB [/ctrl/agent_9] /onlane_ai_agent_9 http://y:37743/
[rosmaster.master][INFO] 2026-05-06 17:07:33,367: +PUB [/arena_info_static] /phy_simulator_planning_node http://y:37913/
[rosmaster.master][INFO] 2026-05-06 17:07:33,377: +PUB [/arena_info_dynamic] /phy_simulator_planning_node http://y:37913/
[rosmaster.master][INFO] 2026-05-06 17:07:33,381: +PUB [/phy_simulator_planning_node/vis/vehicle_set_vis] /phy_simulator_planning_node http://y:37913/
[rosmaster.master][INFO] 2026-05-06 17:07:33,382: +PUB [/phy_simulator_planning_node/vis/lane_net_vis] /phy_simulator_planning_node http://y:37913/
[rosmaster.master][INFO] 2026-05-06 17:07:33,387: +PUB [/phy_simulator_planning_node/vis/obstacle_set_vis] /phy_simulator_planning_node http://y:37913/
[rosmaster.master][INFO] 2026-05-06 17:07:33,389: +SUB [/ctrl/agent_10] /phy_simulator_planning_node http://y:37913/
[rosmaster.master][INFO] 2026-05-06 17:07:33,399: +SUB [/ctrl/agent_9] /phy_simulator_planning_node http://y:37913/
[rosmaster.master][INFO] 2026-05-06 17:07:33,401: +SUB [/ctrl/agent_8] /phy_simulator_planning_node http://y:37913/
[rosmaster.master][INFO] 2026-05-06 17:07:33,402: +SUB [/ctrl/agent_7] /phy_simulator_planning_node http://y:37913/
[rosmaster.master][INFO] 2026-05-06 17:07:33,404: +SUB [/ctrl/agent_6] /phy_simulator_planning_node http://y:37913/
[rosmaster.master][INFO] 2026-05-06 17:07:33,406: +SUB [/ctrl/agent_5] /phy_simulator_planning_node http://y:37913/
[rosmaster.master][INFO] 2026-05-06 17:07:33,406: publisherUpdate[/rosout] -> http://y:45741/ ['http://y:37911/', 'http://y:41259/', 'http://y:38197/', 'http://y:45699/', 'http://y:44001/', 'http://y:46617/', 'http://y:39953/', 'http://y:43723/', 'http://y:42303/', 'http://y:36203/']
[rosmaster.master][INFO] 2026-05-06 17:07:33,406: publisherUpdate[/arena_info_static] -> http://y:41259/ ['http://y:37913/']
[rosmaster.master][INFO] 2026-05-06 17:07:33,408: publisherUpdate[/arena_info_static] -> http://y:41259/ ['http://y:37913/']: sec=0.00, result=[1, '', 0]
[rosmaster.master][INFO] 2026-05-06 17:07:33,408: publisherUpdate[/arena_info_dynamic] -> http://y:41259/ ['http://y:37913/']
[rosmaster.master][INFO] 2026-05-06 17:07:33,408: publisherUpdate[/rosout] -> http://y:45741/ ['http://y:37911/', 'http://y:41259/', 'http://y:38197/', 'http://y:45699/', 'http://y:44001/', 'http://y:46617/', 'http://y:39953/', 'http://y:43723/', 'http://y:42303/', 'http://y:36203/']: sec=0.00, result=[1, '', 0]
[rosmaster.master][INFO] 2026-05-06 17:07:33,408: publisherUpdate[/rosout] -> http://y:45741/ ['http://y:37911/', 'http://y:41259/', 'http://y:38197/', 'http://y:45699/', 'http://y:44001/', 'http://y:46617/', 'http://y:39953/', 'http://y:43723/', 'http://y:42303/', 'http://y:36203/', 'http://y:37913/']
[rosmaster.master][INFO] 2026-05-06 17:07:33,409: +SUB [/ctrl/agent_4] /phy_simulator_planning_node http://y:37913/
[rosmaster.master][INFO] 2026-05-06 17:07:33,409: publisherUpdate[/rosout] -> http://y:45741/ ['http://y:37911/', 'http://y:41259/', 'http://y:38197/', 'http://y:45699/', 'http://y:44001/', 'http://y:46617/', 'http://y:39953/', 'http://y:43723/', 'http://y:42303/', 'http://y:36203/', 'http://y:37913/']: sec=0.00, result=[1, '', 0]
[rosmaster.master][INFO] 2026-05-06 17:07:33,409: publisherUpdate[/rosout] -> http://y:45741/ ['http://y:37911/', 'http://y:41259/', 'http://y:38197/', 'http://y:45699/', 'http://y:44001/', 'http://y:46617/', 'http://y:39953/', 'http://y:43723/', 'http://y:42303/', 'http://y:36203/', 'http://y:37913/', 'http://y:37743/']
[rosmaster.master][INFO] 2026-05-06 17:07:33,409: publisherUpdate[/arena_info_dynamic] -> http://y:41259/ ['http://y:37913/']: sec=0.00, result=[1, '', 0]
[rosmaster.master][INFO] 2026-05-06 17:07:33,410: publisherUpdate[/rosout] -> http://y:45741/ ['http://y:37911/', 'http://y:41259/', 'http://y:38197/', 'http://y:45699/', 'http://y:44001/', 'http://y:46617/', 'http://y:39953/', 'http://y:43723/', 'http://y:42303/', 'http://y:36203/', 'http://y:37913/', 'http://y:37743/']: sec=0.00, result=[1, '', 0]
[rosmaster.master][INFO] 2026-05-06 17:07:33,411: +SUB [/ctrl/agent_3] /phy_simulator_planning_node http://y:37913/
[rosmaster.master][INFO] 2026-05-06 17:07:33,412: +SUB [/ctrl/agent_2] /phy_simulator_planning_node http://y:37913/
[rosmaster.master][INFO] 2026-05-06 17:07:33,414: +SUB [/ctrl/agent_1] /phy_simulator_planning_node http://y:37913/
[rosmaster.master][INFO] 2026-05-06 17:07:33,416: +SUB [/ctrl/agent_0] /phy_simulator_planning_node http://y:37913/
[rosmaster.master][INFO] 2026-05-06 17:07:33,423: +SUB [/initialpose] /phy_simulator_planning_node http://y:37913/
[rosmaster.master][INFO] 2026-05-06 17:07:33,425: +SUB [/move_base_simple/goal] /phy_simulator_planning_node http://y:37913/
[rosmaster.master][INFO] 2026-05-06 17:07:33,695: +CACHEDPARAM [/rosout/omit_topics] by /rosout
[rosmaster.master][INFO] 2026-05-06 17:07:40,892: +PUB [/rosout] /epsilon_metric_collector_2018164_1778058460778 http://y:40691/
[rosmaster.master][INFO] 2026-05-06 17:07:40,893: +SERVICE [/epsilon_metric_collector_2018164_1778058460778/get_loggers] /epsilon_metric_collector_2018164_1778058460778 http://y:40691/
[rosmaster.master][INFO] 2026-05-06 17:07:40,894: +SERVICE [/epsilon_metric_collector_2018164_1778058460778/set_logger_level] /epsilon_metric_collector_2018164_1778058460778 http://y:40691/
[rosmaster.master][INFO] 2026-05-06 17:07:40,895: +SUB [/arena_info_dynamic] /epsilon_metric_collector_2018164_1778058460778 http://y:40691/
[rosmaster.master][INFO] 2026-05-06 17:07:40,922: publisherUpdate[/rosout] -> http://y:45741/ ['http://y:37911/', 'http://y:41259/', 'http://y:38197/', 'http://y:45699/', 'http://y:44001/', 'http://y:46617/', 'http://y:39953/', 'http://y:43723/', 'http://y:42303/', 'http://y:36203/', 'http://y:37913/', 'http://y:37743/', 'http://y:40691/']
[rosmaster.master][INFO] 2026-05-06 17:07:40,923: publisherUpdate[/rosout] -> http://y:45741/ ['http://y:37911/', 'http://y:41259/', 'http://y:38197/', 'http://y:45699/', 'http://y:44001/', 'http://y:46617/', 'http://y:39953/', 'http://y:43723/', 'http://y:42303/', 'http://y:36203/', 'http://y:37913/', 'http://y:37743/', 'http://y:40691/']: sec=0.00, result=[1, '', 0]
[rosmaster.master][INFO] 2026-05-06 17:09:40,588: -SUB [/arena_info_dynamic] /epsilon_metric_collector_2018164_1778058460778 http://y:40691/
[rosmaster.master][INFO] 2026-05-06 17:09:40,588: -PUB [/rosout] /epsilon_metric_collector_2018164_1778058460778 http://y:40691/
[rosmaster.master][INFO] 2026-05-06 17:09:40,588: -SERVICE [/epsilon_metric_collector_2018164_1778058460778/get_loggers] /epsilon_metric_collector_2018164_1778058460778 rosrpc://y:34325
[rosmaster.master][INFO] 2026-05-06 17:09:40,588: -SERVICE [/epsilon_metric_collector_2018164_1778058460778/set_logger_level] /epsilon_metric_collector_2018164_1778058460778 rosrpc://y:34325
[rosmaster.master][INFO] 2026-05-06 17:09:40,639: publisherUpdate[/rosout] -> http://y:45741/ ['http://y:37911/', 'http://y:41259/', 'http://y:38197/', 'http://y:45699/', 'http://y:44001/', 'http://y:46617/', 'http://y:39953/', 'http://y:43723/', 'http://y:42303/', 'http://y:36203/', 'http://y:37913/', 'http://y:37743/']
[rosmaster.master][INFO] 2026-05-06 17:09:40,640: publisherUpdate[/rosout] -> http://y:45741/ ['http://y:37911/', 'http://y:41259/', 'http://y:38197/', 'http://y:45699/', 'http://y:44001/', 'http://y:46617/', 'http://y:39953/', 'http://y:43723/', 'http://y:42303/', 'http://y:36203/', 'http://y:37913/', 'http://y:37743/']: sec=0.00, result=[1, '', 0]
[rosmaster.master][INFO] 2026-05-06 17:09:41,573: +PUB [/rosout] /rostopic_2083332_1778058581449 http://y:38111/
[rosmaster.master][INFO] 2026-05-06 17:09:41,574: +SERVICE [/rostopic_2083332_1778058581449/get_loggers] /rostopic_2083332_1778058581449 http://y:38111/
[rosmaster.master][INFO] 2026-05-06 17:09:41,575: +SERVICE [/rostopic_2083332_1778058581449/set_logger_level] /rostopic_2083332_1778058581449 http://y:38111/
[rosmaster.master][INFO] 2026-05-06 17:09:41,586: +SUB [/arena_info_dynamic] /rostopic_2083332_1778058581449 http://y:38111/
[rosmaster.master][INFO] 2026-05-06 17:09:41,642: publisherUpdate[/rosout] -> http://y:45741/ ['http://y:37911/', 'http://y:41259/', 'http://y:38197/', 'http://y:45699/', 'http://y:44001/', 'http://y:46617/', 'http://y:39953/', 'http://y:43723/', 'http://y:42303/', 'http://y:36203/', 'http://y:37913/', 'http://y:37743/', 'http://y:38111/']
[rosmaster.master][INFO] 2026-05-06 17:09:41,643: publisherUpdate[/rosout] -> http://y:45741/ ['http://y:37911/', 'http://y:41259/', 'http://y:38197/', 'http://y:45699/', 'http://y:44001/', 'http://y:46617/', 'http://y:39953/', 'http://y:43723/', 'http://y:42303/', 'http://y:36203/', 'http://y:37913/', 'http://y:37743/', 'http://y:38111/']: sec=0.00, result=[1, '', 0]
[rosmaster.master][INFO] 2026-05-06 17:09:56,223: -SUB [/arena_info_dynamic] /rostopic_2083332_1778058581449 http://y:38111/
[rosmaster.master][INFO] 2026-05-06 17:09:56,223: -PUB [/rosout] /rostopic_2083332_1778058581449 http://y:38111/
[rosmaster.master][INFO] 2026-05-06 17:09:56,223: -SERVICE [/rostopic_2083332_1778058581449/get_loggers] /rostopic_2083332_1778058581449 rosrpc://y:43599
[rosmaster.master][INFO] 2026-05-06 17:09:56,223: -SERVICE [/rostopic_2083332_1778058581449/set_logger_level] /rostopic_2083332_1778058581449 rosrpc://y:43599
[rosmaster.master][INFO] 2026-05-06 17:09:56,272: publisherUpdate[/rosout] -> http://y:45741/ ['http://y:37911/', 'http://y:41259/', 'http://y:38197/', 'http://y:45699/', 'http://y:44001/', 'http://y:46617/', 'http://y:39953/', 'http://y:43723/', 'http://y:42303/', 'http://y:36203/', 'http://y:37913/', 'http://y:37743/']
[rosmaster.master][INFO] 2026-05-06 17:09:56,272: publisherUpdate[/rosout] -> http://y:45741/ ['http://y:37911/', 'http://y:41259/', 'http://y:38197/', 'http://y:45699/', 'http://y:44001/', 'http://y:46617/', 'http://y:39953/', 'http://y:43723/', 'http://y:42303/', 'http://y:36203/', 'http://y:37913/', 'http://y:37743/']: sec=0.00, result=[1, '', 0]
[rosmaster.master][INFO] 2026-05-06 17:09:56,973: -PUB [/rosout] /test_ssc_with_eudm_0 http://y:41259/
[rosmaster.master][INFO] 2026-05-06 17:09:56,973: -PUB [/tf] /test_ssc_with_eudm_0 http://y:41259/
[rosmaster.master][INFO] 2026-05-06 17:09:56,973: -PUB [/vis/agent_0/ego_vehicle_vis] /test_ssc_with_eudm_0 http://y:41259/
[rosmaster.master][INFO] 2026-05-06 17:09:56,973: -PUB [/vis/agent_0/obstacle_map] /test_ssc_with_eudm_0 http://y:41259/
[rosmaster.master][INFO] 2026-05-06 17:09:56,974: -PUB [/vis/agent_0/surrounding_lane_net_vis] /test_ssc_with_eudm_0 http://y:41259/
[rosmaster.master][INFO] 2026-05-06 17:09:56,974: publisherUpdate[/rosout] -> http://y:45741/ ['http://y:37911/', 'http://y:38197/', 'http://y:45699/', 'http://y:44001/', 'http://y:46617/', 'http://y:39953/', 'http://y:43723/', 'http://y:42303/', 'http://y:36203/', 'http://y:37913/', 'http://y:37743/']
[rosmaster.master][INFO] 2026-05-06 17:09:56,974: -PUB [/vis/agent_0/local_lanes_vis] /test_ssc_with_eudm_0 http://y:41259/
[rosmaster.master][INFO] 2026-05-06 17:09:56,974: -PUB [/vis/agent_0/ego_behavior_vis] /test_ssc_with_eudm_0 http://y:41259/
[rosmaster.master][INFO] 2026-05-06 17:09:56,974: publisherUpdate[/rosout] -> http://y:45741/ ['http://y:37911/', 'http://y:38197/', 'http://y:45699/', 'http://y:44001/', 'http://y:46617/', 'http://y:39953/', 'http://y:43723/', 'http://y:42303/', 'http://y:36203/', 'http://y:37913/', 'http://y:37743/']: sec=0.00, result=[1, '', 0]
[rosmaster.master][INFO] 2026-05-06 17:09:56,975: -PUB [/vis/agent_0/pred_traj_openloop_vis] /test_ssc_with_eudm_0 http://y:41259/
[rosmaster.master][INFO] 2026-05-06 17:09:56,975: -PUB [/vis/agent_0/pred_initial_intention_vis] /test_ssc_with_eudm_0 http://y:41259/
[rosmaster.master][INFO] 2026-05-06 17:09:56,975: -PUB [/vis/agent_0/surrounding_vehicle_vis] /test_ssc_with_eudm_0 http://y:41259/
[rosmaster.master][INFO] 2026-05-06 17:09:56,975: -PUB [/vis/agent_0/speed_limit] /test_ssc_with_eudm_0 http://y:41259/
[rosmaster.master][INFO] 2026-05-06 17:09:56,975: -PUB [/vis/agent_0/ssc/map_vis] /test_ssc_with_eudm_0 http://y:41259/
[rosmaster.master][INFO] 2026-05-06 17:09:56,975: -PUB [/vis/agent_0/ssc/qp_vis] /test_ssc_with_eudm_0 http://y:41259/
[rosmaster.master][INFO] 2026-05-06 17:09:56,975: -PUB [/vis/agent_0/ssc/ego_fs_vis] /test_ssc_with_eudm_0 http://y:41259/
[rosmaster.master][INFO] 2026-05-06 17:09:56,976: -PUB [/vis/agent_0/ssc/forward_trajs_vis] /test_ssc_with_eudm_0 http://y:41259/
[rosmaster.master][INFO] 2026-05-06 17:09:56,976: -PUB [/vis/agent_0/ssc/sur_vehicle_trajs_vis] /test_ssc_with_eudm_0 http://y:41259/
[rosmaster.master][INFO] 2026-05-06 17:09:56,976: -PUB [/vis/agent_0/ssc/corridor_vis] /test_ssc_with_eudm_0 http://y:41259/
[rosmaster.master][INFO] 2026-05-06 17:09:56,976: -PUB [/vis/agent_0/forward_trajs] /test_ssc_with_eudm_0 http://y:41259/
[rosmaster.master][INFO] 2026-05-06 17:09:56,976: -PUB [/ctrl/agent_0] /test_ssc_with_eudm_0 http://y:41259/
[rosmaster.master][INFO] 2026-05-06 17:09:56,976: -PUB [/test_ssc_with_eudm_0/ssc_map] /test_ssc_with_eudm_0 http://y:41259/
[rosmaster.master][INFO] 2026-05-06 17:09:56,976: -PUB [/vis/agent_0/ssc/exec_traj] /test_ssc_with_eudm_0 http://y:41259/
[rosmaster.master][INFO] 2026-05-06 17:09:56,977: -SUB [/joy] /test_ssc_with_eudm_0 http://y:41259/
[rosmaster.master][INFO] 2026-05-06 17:09:56,977: -SUB [/arena_info_static] /test_ssc_with_eudm_0 http://y:41259/
[rosmaster.master][INFO] 2026-05-06 17:09:56,977: -SUB [/arena_info_dynamic] /test_ssc_with_eudm_0 http://y:41259/
[rosmaster.master][INFO] 2026-05-06 17:09:56,977: -SERVICE [/test_ssc_with_eudm_0/get_loggers] /test_ssc_with_eudm_0 rosrpc://y:43191
[rosmaster.master][INFO] 2026-05-06 17:09:56,977: -SERVICE [/test_ssc_with_eudm_0/set_logger_level] /test_ssc_with_eudm_0 rosrpc://y:43191
[rosmaster.master][INFO] 2026-05-06 17:09:56,977: -CACHEDPARAM [/rosout_disable_topics_generation] by /test_ssc_with_eudm_0
[rosmaster.master][INFO] 2026-05-06 17:09:56,981: publisherUpdate[/ctrl/agent_0] -> http://y:37913/ []
[rosmaster.master][INFO] 2026-05-06 17:09:56,981: publisherUpdate[/ctrl/agent_0] -> http://y:37913/ []: sec=0.00, result=[0, 'Unknown Error', 0]
[rosmaster.master][INFO] 2026-05-06 17:09:57,082: -PUB [/rosout] /phy_simulator_planning_node http://y:37913/
[rosmaster.master][INFO] 2026-05-06 17:09:57,084: -PUB [/arena_info_static] /phy_simulator_planning_node http://y:37913/
[rosmaster.master][INFO] 2026-05-06 17:09:57,085: -PUB [/arena_info_dynamic] /phy_simulator_planning_node http://y:37913/
[rosmaster.master][INFO] 2026-05-06 17:09:57,086: -PUB [/phy_simulator_planning_node/vis/vehicle_set_vis] /phy_simulator_planning_node http://y:37913/
[rosmaster.master][INFO] 2026-05-06 17:09:57,087: -PUB [/phy_simulator_planning_node/vis/lane_net_vis] /phy_simulator_planning_node http://y:37913/
[rosmaster.master][INFO] 2026-05-06 17:09:57,088: -PUB [/phy_simulator_planning_node/vis/obstacle_set_vis] /phy_simulator_planning_node http://y:37913/
[rosmaster.master][INFO] 2026-05-06 17:09:57,089: -SUB [/ctrl/agent_10] /phy_simulator_planning_node http://y:37913/
[rosmaster.master][INFO] 2026-05-06 17:09:57,090: -SUB [/ctrl/agent_9] /phy_simulator_planning_node http://y:37913/
[rosmaster.master][INFO] 2026-05-06 17:09:57,091: -SUB [/ctrl/agent_8] /phy_simulator_planning_node http://y:37913/
[rosmaster.master][INFO] 2026-05-06 17:09:57,092: -SUB [/ctrl/agent_7] /phy_simulator_planning_node http://y:37913/
[rosmaster.master][INFO] 2026-05-06 17:09:57,092: -SUB [/ctrl/agent_6] /phy_simulator_planning_node http://y:37913/
[rosmaster.master][INFO] 2026-05-06 17:09:57,093: -SUB [/ctrl/agent_5] /phy_simulator_planning_node http://y:37913/
[rosmaster.master][INFO] 2026-05-06 17:09:57,094: -SUB [/ctrl/agent_4] /phy_simulator_planning_node http://y:37913/
[rosmaster.master][INFO] 2026-05-06 17:09:57,094: -SUB [/ctrl/agent_3] /phy_simulator_planning_node http://y:37913/
[rosmaster.master][INFO] 2026-05-06 17:09:57,095: -SUB [/ctrl/agent_2] /phy_simulator_planning_node http://y:37913/
[rosmaster.master][INFO] 2026-05-06 17:09:57,096: -SUB [/ctrl/agent_1] /phy_simulator_planning_node http://y:37913/
[rosmaster.master][INFO] 2026-05-06 17:09:57,097: -SUB [/ctrl/agent_0] /phy_simulator_planning_node http://y:37913/
[rosmaster.master][INFO] 2026-05-06 17:09:57,098: -SUB [/initialpose] /phy_simulator_planning_node http://y:37913/
[rosmaster.master][INFO] 2026-05-06 17:09:57,099: -SUB [/move_base_simple/goal] /phy_simulator_planning_node http://y:37913/
[rosmaster.master][INFO] 2026-05-06 17:09:57,100: -SERVICE [/phy_simulator_planning_node/get_loggers] /phy_simulator_planning_node rosrpc://y:43263
[rosmaster.master][INFO] 2026-05-06 17:09:57,101: -SERVICE [/phy_simulator_planning_node/set_logger_level] /phy_simulator_planning_node rosrpc://y:43263
[rosmaster.master][INFO] 2026-05-06 17:09:57,175: publisherUpdate[/rosout] -> http://y:45741/ ['http://y:37911/', 'http://y:38197/', 'http://y:45699/', 'http://y:44001/', 'http://y:46617/', 'http://y:39953/', 'http://y:43723/', 'http://y:42303/', 'http://y:36203/', 'http://y:37743/']
[rosmaster.master][INFO] 2026-05-06 17:09:57,177: publisherUpdate[/rosout] -> http://y:45741/ ['http://y:37911/', 'http://y:38197/', 'http://y:45699/', 'http://y:44001/', 'http://y:46617/', 'http://y:39953/', 'http://y:43723/', 'http://y:42303/', 'http://y:36203/', 'http://y:37743/']: sec=0.00, result=[1, '', 0]
[rosmaster.master][INFO] 2026-05-06 17:09:57,377: -PUB [/rosout_agg] /rosout http://y:45741/
[rosmaster.master][INFO] 2026-05-06 17:09:57,378: -SUB [/rosout] /rosout http://y:45741/
[rosmaster.master][INFO] 2026-05-06 17:09:57,378: -SERVICE [/rosout/get_loggers] /rosout rosrpc://y:60351
[rosmaster.master][INFO] 2026-05-06 17:09:57,378: -SERVICE [/rosout/set_logger_level] /rosout rosrpc://y:60351
[rosmaster.master][INFO] 2026-05-06 17:09:57,378: -CACHEDPARAM [/rosout/omit_topics] by /rosout
[rosmaster.main][INFO] 2026-05-06 17:09:57,481: keyboard interrupt, will exit
[rosmaster.main][INFO] 2026-05-06 17:09:57,482: stopping master...
[rospy.core][INFO] 2026-05-06 17:09:57,482: signal_shutdown [atexit]
