[rosmaster.main][INFO] 2026-04-25 18:26:53,588: initialization complete, waiting for shutdown
[rosmaster.main][INFO] 2026-04-25 18:26:53,588: Starting ROS Master Node
[xmlrpc][INFO] 2026-04-25 18:26:53,589: XML-RPC server binding to 0.0.0.0:11311
[xmlrpc][INFO] 2026-04-25 18:26:53,589: Started XML-RPC server [http://y:11311/]
[xmlrpc][INFO] 2026-04-25 18:26:53,589: xml rpc node: starting XML-RPC server
[rosmaster.master][INFO] 2026-04-25 18:26:53,589: Master initialized: port[11311], uri[http://y:11311/]
[rosmaster.master][INFO] 2026-04-25 18:26:53,683: +PARAM [/run_id] by /roslaunch
[rosmaster.master][INFO] 2026-04-25 18:26:53,684: +PARAM [/roslaunch/uris/host_y__37175] by /roslaunch
[rosmaster.master][INFO] 2026-04-25 18:26:53,703: +PARAM [/rosversion] by /roslaunch
[rosmaster.master][INFO] 2026-04-25 18:26:53,704: +PARAM [/rosdistro] by /roslaunch
[rosmaster.master][INFO] 2026-04-25 18:26:53,704: +PARAM [/test_ssc_with_eudm_0/ego_id] by /roslaunch
[rosmaster.master][INFO] 2026-04-25 18:26:53,704: +PARAM [/test_ssc_with_eudm_0/agent_config_path] by /roslaunch
[rosmaster.master][INFO] 2026-04-25 18:26:53,704: +PARAM [/test_ssc_with_eudm_0/bp_config_path] by /roslaunch
[rosmaster.master][INFO] 2026-04-25 18:26:53,704: +PARAM [/test_ssc_with_eudm_0/ssc_config_path] by /roslaunch
[rosmaster.master][INFO] 2026-04-25 18:26:53,704: +PARAM [/test_ssc_with_eudm_0/desired_vel] by /roslaunch
[rosmaster.master][INFO] 2026-04-25 18:26:53,704: +PARAM [/test_ssc_with_eudm_0/use_sim_state] by /roslaunch
[rosmaster.master][INFO] 2026-04-25 18:26:53,704: +PARAM [/onlane_ai_agent_1/ego_id] by /roslaunch
[rosmaster.master][INFO] 2026-04-25 18:26:53,704: +PARAM [/onlane_ai_agent_1/agent_config_path] by /roslaunch
[rosmaster.master][INFO] 2026-04-25 18:26:53,704: +PARAM [/onlane_ai_agent_1/desired_vel] by /roslaunch
[rosmaster.master][INFO] 2026-04-25 18:26:53,704: +PARAM [/onlane_ai_agent_1/autonomous_level] by /roslaunch
[rosmaster.master][INFO] 2026-04-25 18:26:53,704: +PARAM [/onlane_ai_agent_1/aggressiveness_level] by /roslaunch
[rosmaster.master][INFO] 2026-04-25 18:26:53,704: +PARAM [/onlane_ai_agent_2/ego_id] by /roslaunch
[rosmaster.master][INFO] 2026-04-25 18:26:53,704: +PARAM [/onlane_ai_agent_2/agent_config_path] by /roslaunch
[rosmaster.master][INFO] 2026-04-25 18:26:53,704: +PARAM [/onlane_ai_agent_2/desired_vel] by /roslaunch
[rosmaster.master][INFO] 2026-04-25 18:26:53,704: +PARAM [/onlane_ai_agent_2/autonomous_level] by /roslaunch
[rosmaster.master][INFO] 2026-04-25 18:26:53,704: +PARAM [/onlane_ai_agent_2/aggressiveness_level] by /roslaunch
[rosmaster.master][INFO] 2026-04-25 18:26:53,704: +PARAM [/onlane_ai_agent_3/ego_id] by /roslaunch
[rosmaster.master][INFO] 2026-04-25 18:26:53,704: +PARAM [/onlane_ai_agent_3/agent_config_path] by /roslaunch
[rosmaster.master][INFO] 2026-04-25 18:26:53,704: +PARAM [/onlane_ai_agent_3/desired_vel] by /roslaunch
[rosmaster.master][INFO] 2026-04-25 18:26:53,704: +PARAM [/onlane_ai_agent_3/autonomous_level] by /roslaunch
[rosmaster.master][INFO] 2026-04-25 18:26:53,704: +PARAM [/onlane_ai_agent_3/aggressiveness_level] by /roslaunch
[rosmaster.master][INFO] 2026-04-25 18:26:53,704: +PARAM [/onlane_ai_agent_4/ego_id] by /roslaunch
[rosmaster.master][INFO] 2026-04-25 18:26:53,704: +PARAM [/onlane_ai_agent_4/agent_config_path] by /roslaunch
[rosmaster.master][INFO] 2026-04-25 18:26:53,705: +PARAM [/onlane_ai_agent_4/desired_vel] by /roslaunch
[rosmaster.master][INFO] 2026-04-25 18:26:53,705: +PARAM [/onlane_ai_agent_4/autonomous_level] by /roslaunch
[rosmaster.master][INFO] 2026-04-25 18:26:53,705: +PARAM [/onlane_ai_agent_4/aggressiveness_level] by /roslaunch
[rosmaster.master][INFO] 2026-04-25 18:26:53,705: +PARAM [/onlane_ai_agent_5/ego_id] by /roslaunch
[rosmaster.master][INFO] 2026-04-25 18:26:53,705: +PARAM [/onlane_ai_agent_5/agent_config_path] by /roslaunch
[rosmaster.master][INFO] 2026-04-25 18:26:53,705: +PARAM [/onlane_ai_agent_5/desired_vel] by /roslaunch
[rosmaster.master][INFO] 2026-04-25 18:26:53,705: +PARAM [/onlane_ai_agent_5/autonomous_level] by /roslaunch
[rosmaster.master][INFO] 2026-04-25 18:26:53,705: +PARAM [/onlane_ai_agent_5/aggressiveness_level] by /roslaunch
[rosmaster.master][INFO] 2026-04-25 18:26:53,705: +PARAM [/onlane_ai_agent_6/ego_id] by /roslaunch
[rosmaster.master][INFO] 2026-04-25 18:26:53,705: +PARAM [/onlane_ai_agent_6/agent_config_path] by /roslaunch
[rosmaster.master][INFO] 2026-04-25 18:26:53,705: +PARAM [/onlane_ai_agent_6/desired_vel] by /roslaunch
[rosmaster.master][INFO] 2026-04-25 18:26:53,705: +PARAM [/onlane_ai_agent_6/autonomous_level] by /roslaunch
[rosmaster.master][INFO] 2026-04-25 18:26:53,705: +PARAM [/onlane_ai_agent_6/aggressiveness_level] by /roslaunch
[rosmaster.master][INFO] 2026-04-25 18:26:53,705: +PARAM [/onlane_ai_agent_7/ego_id] by /roslaunch
[rosmaster.master][INFO] 2026-04-25 18:26:53,705: +PARAM [/onlane_ai_agent_7/agent_config_path] by /roslaunch
[rosmaster.master][INFO] 2026-04-25 18:26:53,705: +PARAM [/onlane_ai_agent_7/desired_vel] by /roslaunch
[rosmaster.master][INFO] 2026-04-25 18:26:53,705: +PARAM [/onlane_ai_agent_7/autonomous_level] by /roslaunch
[rosmaster.master][INFO] 2026-04-25 18:26:53,705: +PARAM [/onlane_ai_agent_7/aggressiveness_level] by /roslaunch
[rosmaster.master][INFO] 2026-04-25 18:26:53,705: +PARAM [/onlane_ai_agent_8/ego_id] by /roslaunch
[rosmaster.master][INFO] 2026-04-25 18:26:53,705: +PARAM [/onlane_ai_agent_8/agent_config_path] by /roslaunch
[rosmaster.master][INFO] 2026-04-25 18:26:53,705: +PARAM [/onlane_ai_agent_8/desired_vel] by /roslaunch
[rosmaster.master][INFO] 2026-04-25 18:26:53,705: +PARAM [/onlane_ai_agent_8/autonomous_level] by /roslaunch
[rosmaster.master][INFO] 2026-04-25 18:26:53,705: +PARAM [/onlane_ai_agent_8/aggressiveness_level] by /roslaunch
[rosmaster.master][INFO] 2026-04-25 18:26:53,705: +PARAM [/onlane_ai_agent_9/ego_id] by /roslaunch
[rosmaster.master][INFO] 2026-04-25 18:26:53,705: +PARAM [/onlane_ai_agent_9/agent_config_path] by /roslaunch
[rosmaster.master][INFO] 2026-04-25 18:26:53,705: +PARAM [/onlane_ai_agent_9/desired_vel] by /roslaunch
[rosmaster.master][INFO] 2026-04-25 18:26:53,705: +PARAM [/onlane_ai_agent_9/autonomous_level] by /roslaunch
[rosmaster.master][INFO] 2026-04-25 18:26:53,705: +PARAM [/onlane_ai_agent_9/aggressiveness_level] by /roslaunch
[rosmaster.master][INFO] 2026-04-25 18:26:53,705: +PARAM [/onlane_ai_agent_10/ego_id] by /roslaunch
[rosmaster.master][INFO] 2026-04-25 18:26:53,705: +PARAM [/onlane_ai_agent_10/agent_config_path] by /roslaunch
[rosmaster.master][INFO] 2026-04-25 18:26:53,705: +PARAM [/onlane_ai_agent_10/desired_vel] by /roslaunch
[rosmaster.master][INFO] 2026-04-25 18:26:53,705: +PARAM [/onlane_ai_agent_10/autonomous_level] by /roslaunch
[rosmaster.master][INFO] 2026-04-25 18:26:53,705: +PARAM [/onlane_ai_agent_10/aggressiveness_level] by /roslaunch
[rosmaster.master][INFO] 2026-04-25 18:26:53,705: +PARAM [/joy_node/dev] by /roslaunch
[rosmaster.master][INFO] 2026-04-25 18:26:53,705: +PARAM [/phy_simulator_planning_node/vehicle_info_path] by /roslaunch
[rosmaster.master][INFO] 2026-04-25 18:26:53,705: +PARAM [/phy_simulator_planning_node/map_path] by /roslaunch
[rosmaster.master][INFO] 2026-04-25 18:26:53,705: +PARAM [/phy_simulator_planning_node/lane_net_path] by /roslaunch
[rosmaster.master][INFO] 2026-04-25 18:26:53,706: +SERVICE [/rosout/get_loggers] /rosout http://y:40463/
[rosmaster.master][INFO] 2026-04-25 18:26:53,706: +SERVICE [/rosout/set_logger_level] /rosout http://y:40463/
[rosmaster.master][INFO] 2026-04-25 18:26:53,706: +PUB [/rosout_agg] /rosout http://y:40463/
[rosmaster.master][INFO] 2026-04-25 18:26:53,707: +SUB [/rosout] /rosout http://y:40463/
[rosmaster.master][INFO] 2026-04-25 18:26:53,734: +PUB [/rosout] /onlane_ai_agent_1 http://y:39319/
[rosmaster.master][INFO] 2026-04-25 18:26:53,735: +SERVICE [/onlane_ai_agent_1/get_loggers] /onlane_ai_agent_1 http://y:39319/
[rosmaster.master][INFO] 2026-04-25 18:26:53,736: +PUB [/rosout] /test_ssc_with_eudm_0 http://y:36701/
[rosmaster.master][INFO] 2026-04-25 18:26:53,736: +SERVICE [/onlane_ai_agent_1/set_logger_level] /onlane_ai_agent_1 http://y:39319/
[rosmaster.master][INFO] 2026-04-25 18:26:53,736: +PUB [/rosout] /onlane_ai_agent_2 http://y:35835/
[rosmaster.master][INFO] 2026-04-25 18:26:53,737: +SERVICE [/onlane_ai_agent_2/get_loggers] /onlane_ai_agent_2 http://y:35835/
[rosmaster.master][INFO] 2026-04-25 18:26:53,737: +PUB [/ctrl/agent_1] /onlane_ai_agent_1 http://y:39319/
[rosmaster.master][INFO] 2026-04-25 18:26:53,738: +SERVICE [/test_ssc_with_eudm_0/get_loggers] /test_ssc_with_eudm_0 http://y:36701/
[rosmaster.master][INFO] 2026-04-25 18:26:53,738: +SERVICE [/onlane_ai_agent_2/set_logger_level] /onlane_ai_agent_2 http://y:35835/
[rosmaster.master][INFO] 2026-04-25 18:26:53,738: +SERVICE [/test_ssc_with_eudm_0/set_logger_level] /test_ssc_with_eudm_0 http://y:36701/
[rosmaster.master][INFO] 2026-04-25 18:26:53,739: +PUB [/ctrl/agent_2] /onlane_ai_agent_2 http://y:35835/
[rosmaster.master][INFO] 2026-04-25 18:26:53,741: +PUB [/tf] /onlane_ai_agent_1 http://y:39319/
[rosmaster.master][INFO] 2026-04-25 18:26:53,741: +PUB [/vis/agent_1/ego_vehicle_vis] /onlane_ai_agent_1 http://y:39319/
[rosmaster.master][INFO] 2026-04-25 18:26:53,744: +PUB [/rosout] /onlane_ai_agent_3 http://y:32839/
[rosmaster.master][INFO] 2026-04-25 18:26:53,744: +PUB [/vis/agent_1/obstacle_map] /onlane_ai_agent_1 http://y:39319/
[rosmaster.master][INFO] 2026-04-25 18:26:53,745: +PUB [/tf] /onlane_ai_agent_2 http://y:35835/
[rosmaster.master][INFO] 2026-04-25 18:26:53,745: +SERVICE [/onlane_ai_agent_3/get_loggers] /onlane_ai_agent_3 http://y:32839/
[rosmaster.master][INFO] 2026-04-25 18:26:53,745: +PUB [/vis/agent_1/surrounding_lane_net_vis] /onlane_ai_agent_1 http://y:39319/
[rosmaster.master][INFO] 2026-04-25 18:26:53,746: +PUB [/rosout] /onlane_ai_agent_4 http://y:33071/
[rosmaster.master][INFO] 2026-04-25 18:26:53,746: +SERVICE [/onlane_ai_agent_3/set_logger_level] /onlane_ai_agent_3 http://y:32839/
[rosmaster.master][INFO] 2026-04-25 18:26:53,748: +SERVICE [/onlane_ai_agent_4/get_loggers] /onlane_ai_agent_4 http://y:33071/
[rosmaster.master][INFO] 2026-04-25 18:26:53,750: +PUB [/vis/agent_1/local_lanes_vis] /onlane_ai_agent_1 http://y:39319/
[rosmaster.master][INFO] 2026-04-25 18:26:53,751: +PUB [/vis/agent_2/ego_vehicle_vis] /onlane_ai_agent_2 http://y:35835/
[rosmaster.master][INFO] 2026-04-25 18:26:53,752: +PUB [/ctrl/agent_3] /onlane_ai_agent_3 http://y:32839/
[rosmaster.master][INFO] 2026-04-25 18:26:53,755: +PUB [/vis/agent_1/ego_behavior_vis] /onlane_ai_agent_1 http://y:39319/
[rosmaster.master][INFO] 2026-04-25 18:26:53,756: +PUB [/vis/agent_2/obstacle_map] /onlane_ai_agent_2 http://y:35835/
[rosmaster.master][INFO] 2026-04-25 18:26:53,756: +PUB [/rosout] /onlane_ai_agent_5 http://y:42793/
[rosmaster.master][INFO] 2026-04-25 18:26:53,759: +SERVICE [/onlane_ai_agent_5/get_loggers] /onlane_ai_agent_5 http://y:42793/
[rosmaster.master][INFO] 2026-04-25 18:26:53,759: +PUB [/rosout] /onlane_ai_agent_6 http://y:33003/
[rosmaster.master][INFO] 2026-04-25 18:26:53,759: +PUB [/tf] /onlane_ai_agent_3 http://y:32839/
[rosmaster.master][INFO] 2026-04-25 18:26:53,760: +SERVICE [/onlane_ai_agent_5/set_logger_level] /onlane_ai_agent_5 http://y:42793/
[rosmaster.master][INFO] 2026-04-25 18:26:53,760: +PUB [/vis/agent_1/pred_traj_openloop_vis] /onlane_ai_agent_1 http://y:39319/
[rosmaster.master][INFO] 2026-04-25 18:26:53,760: +SERVICE [/onlane_ai_agent_6/get_loggers] /onlane_ai_agent_6 http://y:33003/
[rosmaster.master][INFO] 2026-04-25 18:26:53,761: +SERVICE [/onlane_ai_agent_6/set_logger_level] /onlane_ai_agent_6 http://y:33003/
[rosmaster.master][INFO] 2026-04-25 18:26:53,761: +SERVICE [/onlane_ai_agent_4/set_logger_level] /onlane_ai_agent_4 http://y:33071/
[rosmaster.master][INFO] 2026-04-25 18:26:53,761: +PUB [/vis/agent_3/ego_vehicle_vis] /onlane_ai_agent_3 http://y:32839/
[rosmaster.master][INFO] 2026-04-25 18:26:53,762: +PUB [/vis/agent_1/pred_initial_intention_vis] /onlane_ai_agent_1 http://y:39319/
[rosmaster.master][INFO] 2026-04-25 18:26:53,762: +PUB [/vis/agent_2/surrounding_lane_net_vis] /onlane_ai_agent_2 http://y:35835/
[rosmaster.master][INFO] 2026-04-25 18:26:53,763: +PUB [/vis/agent_1/surrounding_vehicle_vis] /onlane_ai_agent_1 http://y:39319/
[rosmaster.master][INFO] 2026-04-25 18:26:53,764: +PUB [/vis/agent_3/obstacle_map] /onlane_ai_agent_3 http://y:32839/
[rosmaster.master][INFO] 2026-04-25 18:26:53,765: +PUB [/ctrl/agent_6] /onlane_ai_agent_6 http://y:33003/
[rosmaster.master][INFO] 2026-04-25 18:26:53,765: +PUB [/vis/agent_1/speed_limit] /onlane_ai_agent_1 http://y:39319/
[rosmaster.master][INFO] 2026-04-25 18:26:53,765: +PUB [/vis/agent_3/surrounding_lane_net_vis] /onlane_ai_agent_3 http://y:32839/
[rosmaster.master][INFO] 2026-04-25 18:26:53,766: +PUB [/vis/agent_3/local_lanes_vis] /onlane_ai_agent_3 http://y:32839/
[rosmaster.master][INFO] 2026-04-25 18:26:53,766: +SUB [/arena_info_static] /onlane_ai_agent_1 http://y:39319/
[rosmaster.master][INFO] 2026-04-25 18:26:53,767: +PUB [/vis/agent_3/ego_behavior_vis] /onlane_ai_agent_3 http://y:32839/
[rosmaster.master][INFO] 2026-04-25 18:26:53,768: +PUB [/vis/agent_3/pred_traj_openloop_vis] /onlane_ai_agent_3 http://y:32839/
[rosmaster.master][INFO] 2026-04-25 18:26:53,768: +PUB [/tf] /onlane_ai_agent_6 http://y:33003/
[rosmaster.master][INFO] 2026-04-25 18:26:53,769: +PUB [/vis/agent_3/pred_initial_intention_vis] /onlane_ai_agent_3 http://y:32839/
[rosmaster.master][INFO] 2026-04-25 18:26:53,769: +PUB [/vis/agent_6/ego_vehicle_vis] /onlane_ai_agent_6 http://y:33003/
[rosmaster.master][INFO] 2026-04-25 18:26:53,769: +PUB [/rosout] /onlane_ai_agent_7 http://y:41635/
[rosmaster.master][INFO] 2026-04-25 18:26:53,769: +SUB [/arena_info_dynamic] /onlane_ai_agent_1 http://y:39319/
[rosmaster.master][INFO] 2026-04-25 18:26:53,770: +PUB [/vis/agent_6/obstacle_map] /onlane_ai_agent_6 http://y:33003/
[rosmaster.master][INFO] 2026-04-25 18:26:53,770: +PUB [/vis/agent_3/surrounding_vehicle_vis] /onlane_ai_agent_3 http://y:32839/
[rosmaster.master][INFO] 2026-04-25 18:26:53,770: +PUB [/vis/agent_6/surrounding_lane_net_vis] /onlane_ai_agent_6 http://y:33003/
[rosmaster.master][INFO] 2026-04-25 18:26:53,771: +PUB [/vis/agent_3/speed_limit] /onlane_ai_agent_3 http://y:32839/
[rosmaster.master][INFO] 2026-04-25 18:26:53,771: +PUB [/vis/agent_6/local_lanes_vis] /onlane_ai_agent_6 http://y:33003/
[rosmaster.master][INFO] 2026-04-25 18:26:53,772: +PUB [/vis/agent_6/ego_behavior_vis] /onlane_ai_agent_6 http://y:33003/
[rosmaster.master][INFO] 2026-04-25 18:26:53,774: +PUB [/vis/agent_2/local_lanes_vis] /onlane_ai_agent_2 http://y:35835/
[rosmaster.master][INFO] 2026-04-25 18:26:53,775: +SERVICE [/onlane_ai_agent_7/get_loggers] /onlane_ai_agent_7 http://y:41635/
[rosmaster.master][INFO] 2026-04-25 18:26:53,776: +PUB [/vis/agent_6/pred_traj_openloop_vis] /onlane_ai_agent_6 http://y:33003/
[rosmaster.master][INFO] 2026-04-25 18:26:53,778: +SUB [/joy] /onlane_ai_agent_1 http://y:39319/
[rosmaster.master][INFO] 2026-04-25 18:26:53,778: +SERVICE [/onlane_ai_agent_7/set_logger_level] /onlane_ai_agent_7 http://y:41635/
[rosmaster.master][INFO] 2026-04-25 18:26:53,778: +PUB [/vis/agent_1/forward_trajs] /onlane_ai_agent_1 http://y:39319/
[rosmaster.master][INFO] 2026-04-25 18:26:53,780: +PUB [/rosout] /onlane_ai_agent_8 http://y:33301/
[rosmaster.master][INFO] 2026-04-25 18:26:53,780: +PUB [/ctrl/agent_5] /onlane_ai_agent_5 http://y:42793/
[rosmaster.master][INFO] 2026-04-25 18:26:53,781: +PUB [/vis/agent_2/ego_behavior_vis] /onlane_ai_agent_2 http://y:35835/
[rosmaster.master][INFO] 2026-04-25 18:26:53,781: +PUB [/vis/agent_6/pred_initial_intention_vis] /onlane_ai_agent_6 http://y:33003/
[rosmaster.master][INFO] 2026-04-25 18:26:53,782: +SERVICE [/onlane_ai_agent_8/get_loggers] /onlane_ai_agent_8 http://y:33301/
[rosmaster.master][INFO] 2026-04-25 18:26:53,782: +SUB [/arena_info_static] /onlane_ai_agent_3 http://y:32839/
[rosmaster.master][INFO] 2026-04-25 18:26:53,782: +PUB [/vis/agent_2/pred_traj_openloop_vis] /onlane_ai_agent_2 http://y:35835/
[rosmaster.master][INFO] 2026-04-25 18:26:53,783: +PUB [/vis/agent_6/surrounding_vehicle_vis] /onlane_ai_agent_6 http://y:33003/
[rosmaster.master][INFO] 2026-04-25 18:26:53,783: +PUB [/vis/agent_2/pred_initial_intention_vis] /onlane_ai_agent_2 http://y:35835/
[rosmaster.master][INFO] 2026-04-25 18:26:53,784: +PUB [/vis/agent_6/speed_limit] /onlane_ai_agent_6 http://y:33003/
[rosmaster.master][INFO] 2026-04-25 18:26:53,785: +PUB [/rosout] /onlane_ai_agent_9 http://y:36879/
[rosmaster.master][INFO] 2026-04-25 18:26:53,787: +PUB [/vis/agent_2/surrounding_vehicle_vis] /onlane_ai_agent_2 http://y:35835/
[rosmaster.master][INFO] 2026-04-25 18:26:53,789: publisherUpdate[/rosout] -> http://y:40463/ ['http://y:39319/']
[rosmaster.master][INFO] 2026-04-25 18:26:53,791: +SERVICE [/onlane_ai_agent_9/get_loggers] /onlane_ai_agent_9 http://y:36879/
[rosmaster.master][INFO] 2026-04-25 18:26:53,791: +SUB [/arena_info_dynamic] /onlane_ai_agent_3 http://y:32839/
[rosmaster.master][INFO] 2026-04-25 18:26:53,791: publisherUpdate[/rosout] -> http://y:40463/ ['http://y:39319/']: sec=0.00, result=[1, '', 0]
[rosmaster.master][INFO] 2026-04-25 18:26:53,791: publisherUpdate[/rosout] -> http://y:40463/ ['http://y:39319/', 'http://y:36701/']
[rosmaster.master][INFO] 2026-04-25 18:26:53,791: +SERVICE [/onlane_ai_agent_9/set_logger_level] /onlane_ai_agent_9 http://y:36879/
[rosmaster.master][INFO] 2026-04-25 18:26:53,791: publisherUpdate[/rosout] -> http://y:40463/ ['http://y:39319/', 'http://y:36701/']: sec=0.00, result=[1, '', 0]
[rosmaster.master][INFO] 2026-04-25 18:26:53,792: publisherUpdate[/rosout] -> http://y:40463/ ['http://y:39319/', 'http://y:36701/', 'http://y:35835/']
[rosmaster.master][INFO] 2026-04-25 18:26:53,792: publisherUpdate[/rosout] -> http://y:40463/ ['http://y:39319/', 'http://y:36701/', 'http://y:35835/']: sec=0.00, result=[1, '', 0]
[rosmaster.master][INFO] 2026-04-25 18:26:53,792: publisherUpdate[/rosout] -> http://y:40463/ ['http://y:39319/', 'http://y:36701/', 'http://y:35835/', 'http://y:32839/']
[rosmaster.master][INFO] 2026-04-25 18:26:53,792: publisherUpdate[/rosout] -> http://y:40463/ ['http://y:39319/', 'http://y:36701/', 'http://y:35835/', 'http://y:32839/']: sec=0.00, result=[1, '', 0]
[rosmaster.master][INFO] 2026-04-25 18:26:53,792: publisherUpdate[/rosout] -> http://y:40463/ ['http://y:39319/', 'http://y:36701/', 'http://y:35835/', 'http://y:32839/', 'http://y:33071/']
[rosmaster.master][INFO] 2026-04-25 18:26:53,793: publisherUpdate[/rosout] -> http://y:40463/ ['http://y:39319/', 'http://y:36701/', 'http://y:35835/', 'http://y:32839/', 'http://y:33071/']: sec=0.00, result=[1, '', 0]
[rosmaster.master][INFO] 2026-04-25 18:26:53,793: publisherUpdate[/rosout] -> http://y:40463/ ['http://y:39319/', 'http://y:36701/', 'http://y:35835/', 'http://y:32839/', 'http://y:33071/', 'http://y:42793/']
[rosmaster.master][INFO] 2026-04-25 18:26:53,793: publisherUpdate[/rosout] -> http://y:40463/ ['http://y:39319/', 'http://y:36701/', 'http://y:35835/', 'http://y:32839/', 'http://y:33071/', 'http://y:42793/']: sec=0.00, result=[1, '', 0]
[rosmaster.master][INFO] 2026-04-25 18:26:53,793: publisherUpdate[/rosout] -> http://y:40463/ ['http://y:39319/', 'http://y:36701/', 'http://y:35835/', 'http://y:32839/', 'http://y:33071/', 'http://y:42793/', 'http://y:33003/']
[rosmaster.master][INFO] 2026-04-25 18:26:53,793: publisherUpdate[/rosout] -> http://y:40463/ ['http://y:39319/', 'http://y:36701/', 'http://y:35835/', 'http://y:32839/', 'http://y:33071/', 'http://y:42793/', 'http://y:33003/']: sec=0.00, result=[1, '', 0]
[rosmaster.master][INFO] 2026-04-25 18:26:53,794: publisherUpdate[/rosout] -> http://y:40463/ ['http://y:39319/', 'http://y:36701/', 'http://y:35835/', 'http://y:32839/', 'http://y:33071/', 'http://y:42793/', 'http://y:33003/', 'http://y:41635/']
[rosmaster.master][INFO] 2026-04-25 18:26:53,796: publisherUpdate[/rosout] -> http://y:40463/ ['http://y:39319/', 'http://y:36701/', 'http://y:35835/', 'http://y:32839/', 'http://y:33071/', 'http://y:42793/', 'http://y:33003/', 'http://y:41635/']: sec=0.00, result=[1, '', 0]
[rosmaster.master][INFO] 2026-04-25 18:26:53,796: publisherUpdate[/rosout] -> http://y:40463/ ['http://y:39319/', 'http://y:36701/', 'http://y:35835/', 'http://y:32839/', 'http://y:33071/', 'http://y:42793/', 'http://y:33003/', 'http://y:41635/', 'http://y:33301/']
[rosmaster.master][INFO] 2026-04-25 18:26:53,797: publisherUpdate[/rosout] -> http://y:40463/ ['http://y:39319/', 'http://y:36701/', 'http://y:35835/', 'http://y:32839/', 'http://y:33071/', 'http://y:42793/', 'http://y:33003/', 'http://y:41635/', 'http://y:33301/']: sec=0.00, result=[1, '', 0]
[rosmaster.master][INFO] 2026-04-25 18:26:53,798: publisherUpdate[/rosout] -> http://y:40463/ ['http://y:39319/', 'http://y:36701/', 'http://y:35835/', 'http://y:32839/', 'http://y:33071/', 'http://y:42793/', 'http://y:33003/', 'http://y:41635/', 'http://y:33301/', 'http://y:36879/']
[rosmaster.master][INFO] 2026-04-25 18:26:53,801: +PUB [/rosout] /onlane_ai_agent_10 http://y:45939/
[rosmaster.master][INFO] 2026-04-25 18:26:53,802: publisherUpdate[/rosout] -> http://y:40463/ ['http://y:39319/', 'http://y:36701/', 'http://y:35835/', 'http://y:32839/', 'http://y:33071/', 'http://y:42793/', 'http://y:33003/', 'http://y:41635/', 'http://y:33301/', 'http://y:36879/']: sec=0.00, result=[1, '', 0]
[rosmaster.master][INFO] 2026-04-25 18:26:53,803: publisherUpdate[/rosout] -> http://y:40463/ ['http://y:39319/', 'http://y:36701/', 'http://y:35835/', 'http://y:32839/', 'http://y:33071/', 'http://y:42793/', 'http://y:33003/', 'http://y:41635/', 'http://y:33301/', 'http://y:36879/', 'http://y:45939/']
[rosmaster.master][INFO] 2026-04-25 18:26:53,804: +SUB [/joy] /onlane_ai_agent_3 http://y:32839/
[rosmaster.master][INFO] 2026-04-25 18:26:53,805: publisherUpdate[/rosout] -> http://y:40463/ ['http://y:39319/', 'http://y:36701/', 'http://y:35835/', 'http://y:32839/', 'http://y:33071/', 'http://y:42793/', 'http://y:33003/', 'http://y:41635/', 'http://y:33301/', 'http://y:36879/', 'http://y:45939/']: sec=0.00, result=[1, '', 0]
[rosmaster.master][INFO] 2026-04-25 18:26:53,805: publisherUpdate[/rosout] -> http://y:40463/ ['http://y:39319/', 'http://y:36701/', 'http://y:35835/', 'http://y:32839/', 'http://y:33071/', 'http://y:42793/', 'http://y:33003/', 'http://y:41635/', 'http://y:33301/', 'http://y:36879/', 'http://y:45939/', 'http://y:39297/']
[rosmaster.master][INFO] 2026-04-25 18:26:53,805: +PUB [/rosout] /phy_simulator_planning_node http://y:39297/
[rosmaster.master][INFO] 2026-04-25 18:26:53,808: +SERVICE [/onlane_ai_agent_8/set_logger_level] /onlane_ai_agent_8 http://y:33301/
[rosmaster.master][INFO] 2026-04-25 18:26:53,808: publisherUpdate[/rosout] -> http://y:40463/ ['http://y:39319/', 'http://y:36701/', 'http://y:35835/', 'http://y:32839/', 'http://y:33071/', 'http://y:42793/', 'http://y:33003/', 'http://y:41635/', 'http://y:33301/', 'http://y:36879/', 'http://y:45939/', 'http://y:39297/']: sec=0.00, result=[1, '', 0]
[rosmaster.master][INFO] 2026-04-25 18:26:53,809: +PUB [/tf] /test_ssc_with_eudm_0 http://y:36701/
[rosmaster.master][INFO] 2026-04-25 18:26:53,810: +PUB [/ctrl/agent_4] /onlane_ai_agent_4 http://y:33071/
[rosmaster.master][INFO] 2026-04-25 18:26:53,811: +SERVICE [/onlane_ai_agent_10/get_loggers] /onlane_ai_agent_10 http://y:45939/
[rosmaster.master][INFO] 2026-04-25 18:26:53,812: +SERVICE [/onlane_ai_agent_10/set_logger_level] /onlane_ai_agent_10 http://y:45939/
[rosmaster.master][INFO] 2026-04-25 18:26:53,813: +PUB [/vis/agent_2/speed_limit] /onlane_ai_agent_2 http://y:35835/
[rosmaster.master][INFO] 2026-04-25 18:26:53,815: +SUB [/arena_info_static] /onlane_ai_agent_6 http://y:33003/
[rosmaster.master][INFO] 2026-04-25 18:26:53,816: +PUB [/ctrl/agent_9] /onlane_ai_agent_9 http://y:36879/
[rosmaster.master][INFO] 2026-04-25 18:26:53,817: +SERVICE [/phy_simulator_planning_node/get_loggers] /phy_simulator_planning_node http://y:39297/
[rosmaster.master][INFO] 2026-04-25 18:26:53,817: +PUB [/vis/agent_3/forward_trajs] /onlane_ai_agent_3 http://y:32839/
[rosmaster.master][INFO] 2026-04-25 18:26:53,818: +SERVICE [/phy_simulator_planning_node/set_logger_level] /phy_simulator_planning_node http://y:39297/
[rosmaster.master][INFO] 2026-04-25 18:26:53,825: +PUB [/vis/agent_0/ego_vehicle_vis] /test_ssc_with_eudm_0 http://y:36701/
[rosmaster.master][INFO] 2026-04-25 18:26:53,826: +PUB [/ctrl/agent_7] /onlane_ai_agent_7 http://y:41635/
[rosmaster.master][INFO] 2026-04-25 18:26:53,827: +SUB [/arena_info_static] /onlane_ai_agent_2 http://y:35835/
[rosmaster.master][INFO] 2026-04-25 18:26:53,828: +PUB [/tf] /onlane_ai_agent_9 http://y:36879/
[rosmaster.master][INFO] 2026-04-25 18:26:53,829: +PUB [/vis/agent_9/ego_vehicle_vis] /onlane_ai_agent_9 http://y:36879/
[rosmaster.master][INFO] 2026-04-25 18:26:53,829: +PUB [/vis/agent_9/obstacle_map] /onlane_ai_agent_9 http://y:36879/
[rosmaster.master][INFO] 2026-04-25 18:26:53,830: +PUB [/vis/agent_9/surrounding_lane_net_vis] /onlane_ai_agent_9 http://y:36879/
[rosmaster.master][INFO] 2026-04-25 18:26:53,831: +SUB [/arena_info_dynamic] /onlane_ai_agent_2 http://y:35835/
[rosmaster.master][INFO] 2026-04-25 18:26:53,832: +PUB [/vis/agent_9/local_lanes_vis] /onlane_ai_agent_9 http://y:36879/
[rosmaster.master][INFO] 2026-04-25 18:26:53,834: +SUB [/joy] /onlane_ai_agent_2 http://y:35835/
[rosmaster.master][INFO] 2026-04-25 18:26:53,835: +PUB [/vis/agent_0/obstacle_map] /test_ssc_with_eudm_0 http://y:36701/
[rosmaster.master][INFO] 2026-04-25 18:26:53,836: +PUB [/vis/agent_2/forward_trajs] /onlane_ai_agent_2 http://y:35835/
[rosmaster.master][INFO] 2026-04-25 18:26:53,837: +PUB [/vis/agent_9/ego_behavior_vis] /onlane_ai_agent_9 http://y:36879/
[rosmaster.master][INFO] 2026-04-25 18:26:53,837: +PUB [/ctrl/agent_10] /onlane_ai_agent_10 http://y:45939/
[rosmaster.master][INFO] 2026-04-25 18:26:53,842: +PUB [/vis/agent_9/pred_traj_openloop_vis] /onlane_ai_agent_9 http://y:36879/
[rosmaster.master][INFO] 2026-04-25 18:26:53,845: +PUB [/tf] /onlane_ai_agent_7 http://y:41635/
[rosmaster.master][INFO] 2026-04-25 18:26:53,848: +PUB [/tf] /onlane_ai_agent_4 http://y:33071/
[rosmaster.master][INFO] 2026-04-25 18:26:53,849: +PUB [/vis/agent_0/surrounding_lane_net_vis] /test_ssc_with_eudm_0 http://y:36701/
[rosmaster.master][INFO] 2026-04-25 18:26:53,849: +PUB [/vis/agent_0/local_lanes_vis] /test_ssc_with_eudm_0 http://y:36701/
[rosmaster.master][INFO] 2026-04-25 18:26:53,850: +PUB [/vis/agent_0/ego_behavior_vis] /test_ssc_with_eudm_0 http://y:36701/
[rosmaster.master][INFO] 2026-04-25 18:26:53,850: +PUB [/vis/agent_0/pred_traj_openloop_vis] /test_ssc_with_eudm_0 http://y:36701/
[rosmaster.master][INFO] 2026-04-25 18:26:53,851: +PUB [/vis/agent_0/pred_initial_intention_vis] /test_ssc_with_eudm_0 http://y:36701/
[rosmaster.master][INFO] 2026-04-25 18:26:53,852: +PUB [/vis/agent_0/surrounding_vehicle_vis] /test_ssc_with_eudm_0 http://y:36701/
[rosmaster.master][INFO] 2026-04-25 18:26:53,852: +PUB [/vis/agent_0/speed_limit] /test_ssc_with_eudm_0 http://y:36701/
[rosmaster.master][INFO] 2026-04-25 18:26:53,854: +SUB [/arena_info_dynamic] /onlane_ai_agent_6 http://y:33003/
[rosmaster.master][INFO] 2026-04-25 18:26:53,857: +PUB [/tf] /onlane_ai_agent_5 http://y:42793/
[rosmaster.master][INFO] 2026-04-25 18:26:53,857: +PUB [/vis/agent_9/pred_initial_intention_vis] /onlane_ai_agent_9 http://y:36879/
[rosmaster.master][INFO] 2026-04-25 18:26:53,858: +PUB [/tf] /onlane_ai_agent_10 http://y:45939/
[rosmaster.master][INFO] 2026-04-25 18:26:53,858: +PUB [/vis/agent_9/surrounding_vehicle_vis] /onlane_ai_agent_9 http://y:36879/
[rosmaster.master][INFO] 2026-04-25 18:26:53,859: +PUB [/vis/agent_9/speed_limit] /onlane_ai_agent_9 http://y:36879/
[rosmaster.master][INFO] 2026-04-25 18:26:53,860: +PUB [/vis/agent_4/ego_vehicle_vis] /onlane_ai_agent_4 http://y:33071/
[rosmaster.master][INFO] 2026-04-25 18:26:53,861: +PUB [/vis/agent_4/obstacle_map] /onlane_ai_agent_4 http://y:33071/
[rosmaster.master][INFO] 2026-04-25 18:26:53,861: +PUB [/vis/agent_4/surrounding_lane_net_vis] /onlane_ai_agent_4 http://y:33071/
[rosmaster.master][INFO] 2026-04-25 18:26:53,861: +PUB [/arena_info_static] /phy_simulator_planning_node http://y:39297/
[rosmaster.master][INFO] 2026-04-25 18:26:53,862: +PUB [/vis/agent_4/local_lanes_vis] /onlane_ai_agent_4 http://y:33071/
[rosmaster.master][INFO] 2026-04-25 18:26:53,862: +PUB [/vis/agent_7/ego_vehicle_vis] /onlane_ai_agent_7 http://y:41635/
[rosmaster.master][INFO] 2026-04-25 18:26:53,862: +PUB [/vis/agent_4/ego_behavior_vis] /onlane_ai_agent_4 http://y:33071/
[rosmaster.master][INFO] 2026-04-25 18:26:53,863: +PUB [/vis/agent_4/pred_traj_openloop_vis] /onlane_ai_agent_4 http://y:33071/
[rosmaster.master][INFO] 2026-04-25 18:26:53,863: +PUB [/vis/agent_4/pred_initial_intention_vis] /onlane_ai_agent_4 http://y:33071/
[rosmaster.master][INFO] 2026-04-25 18:26:53,863: +PUB [/vis/agent_4/surrounding_vehicle_vis] /onlane_ai_agent_4 http://y:33071/
[rosmaster.master][INFO] 2026-04-25 18:26:53,863: +PUB [/vis/agent_4/speed_limit] /onlane_ai_agent_4 http://y:33071/
[rosmaster.master][INFO] 2026-04-25 18:26:53,864: +PUB [/vis/agent_10/ego_vehicle_vis] /onlane_ai_agent_10 http://y:45939/
[rosmaster.master][INFO] 2026-04-25 18:26:53,865: +PUB [/vis/agent_0/ssc/map_vis] /test_ssc_with_eudm_0 http://y:36701/
[rosmaster.master][INFO] 2026-04-25 18:26:53,866: +PUB [/vis/agent_5/ego_vehicle_vis] /onlane_ai_agent_5 http://y:42793/
[rosmaster.master][INFO] 2026-04-25 18:26:53,866: +PUB [/vis/agent_10/obstacle_map] /onlane_ai_agent_10 http://y:45939/
[rosmaster.master][INFO] 2026-04-25 18:26:53,866: +SUB [/arena_info_static] /onlane_ai_agent_4 http://y:33071/
[rosmaster.master][INFO] 2026-04-25 18:26:53,867: +PUB [/arena_info_dynamic] /phy_simulator_planning_node http://y:39297/
[rosmaster.master][INFO] 2026-04-25 18:26:53,867: +PUB [/vis/agent_0/ssc/qp_vis] /test_ssc_with_eudm_0 http://y:36701/
[rosmaster.master][INFO] 2026-04-25 18:26:53,867: +PUB [/vis/agent_5/obstacle_map] /onlane_ai_agent_5 http://y:42793/
[rosmaster.master][INFO] 2026-04-25 18:26:53,868: +SUB [/arena_info_static] /onlane_ai_agent_9 http://y:36879/
[rosmaster.master][INFO] 2026-04-25 18:26:53,868: +PUB [/vis/agent_10/surrounding_lane_net_vis] /onlane_ai_agent_10 http://y:45939/
[rosmaster.master][INFO] 2026-04-25 18:26:53,869: +PUB [/phy_simulator_planning_node/vis/vehicle_set_vis] /phy_simulator_planning_node http://y:39297/
[rosmaster.master][INFO] 2026-04-25 18:26:53,869: +PUB [/vis/agent_0/ssc/ego_fs_vis] /test_ssc_with_eudm_0 http://y:36701/
[rosmaster.master][INFO] 2026-04-25 18:26:53,869: +PUB [/vis/agent_5/surrounding_lane_net_vis] /onlane_ai_agent_5 http://y:42793/
[rosmaster.master][INFO] 2026-04-25 18:26:53,870: +PUB [/ctrl/agent_8] /onlane_ai_agent_8 http://y:33301/
[rosmaster.master][INFO] 2026-04-25 18:26:53,870: +PUB [/vis/agent_10/local_lanes_vis] /onlane_ai_agent_10 http://y:45939/
[rosmaster.master][INFO] 2026-04-25 18:26:53,871: +PUB [/vis/agent_7/obstacle_map] /onlane_ai_agent_7 http://y:41635/
[rosmaster.master][INFO] 2026-04-25 18:26:53,871: +PUB [/vis/agent_0/ssc/forward_trajs_vis] /test_ssc_with_eudm_0 http://y:36701/
[rosmaster.master][INFO] 2026-04-25 18:26:53,871: +SUB [/arena_info_dynamic] /onlane_ai_agent_4 http://y:33071/
[rosmaster.master][INFO] 2026-04-25 18:26:53,871: +PUB [/phy_simulator_planning_node/vis/lane_net_vis] /phy_simulator_planning_node http://y:39297/
[rosmaster.master][INFO] 2026-04-25 18:26:53,872: +PUB [/vis/agent_5/local_lanes_vis] /onlane_ai_agent_5 http://y:42793/
[rosmaster.master][INFO] 2026-04-25 18:26:53,873: +PUB [/vis/agent_10/ego_behavior_vis] /onlane_ai_agent_10 http://y:45939/
[rosmaster.master][INFO] 2026-04-25 18:26:53,874: +SUB [/arena_info_dynamic] /onlane_ai_agent_9 http://y:36879/
[rosmaster.master][INFO] 2026-04-25 18:26:53,874: +PUB [/vis/agent_0/ssc/sur_vehicle_trajs_vis] /test_ssc_with_eudm_0 http://y:36701/
[rosmaster.master][INFO] 2026-04-25 18:26:53,875: +PUB [/phy_simulator_planning_node/vis/obstacle_set_vis] /phy_simulator_planning_node http://y:39297/
[rosmaster.master][INFO] 2026-04-25 18:26:53,875: +PUB [/vis/agent_5/ego_behavior_vis] /onlane_ai_agent_5 http://y:42793/
[rosmaster.master][INFO] 2026-04-25 18:26:53,876: +PUB [/vis/agent_7/surrounding_lane_net_vis] /onlane_ai_agent_7 http://y:41635/
[rosmaster.master][INFO] 2026-04-25 18:26:53,877: +PUB [/vis/agent_10/pred_traj_openloop_vis] /onlane_ai_agent_10 http://y:45939/
[rosmaster.master][INFO] 2026-04-25 18:26:53,877: +SUB [/joy] /onlane_ai_agent_4 http://y:33071/
[rosmaster.master][INFO] 2026-04-25 18:26:53,878: +PUB [/vis/agent_0/ssc/corridor_vis] /test_ssc_with_eudm_0 http://y:36701/
[rosmaster.master][INFO] 2026-04-25 18:26:53,878: +PUB [/vis/agent_5/pred_traj_openloop_vis] /onlane_ai_agent_5 http://y:42793/
[rosmaster.master][INFO] 2026-04-25 18:26:53,878: +SUB [/joy] /onlane_ai_agent_9 http://y:36879/
[rosmaster.master][INFO] 2026-04-25 18:26:53,878: +SUB [/ctrl/agent_10] /phy_simulator_planning_node http://y:39297/
[rosmaster.master][INFO] 2026-04-25 18:26:53,879: +PUB [/vis/agent_10/pred_initial_intention_vis] /onlane_ai_agent_10 http://y:45939/
[rosmaster.master][INFO] 2026-04-25 18:26:53,880: +PUB [/vis/agent_4/forward_trajs] /onlane_ai_agent_4 http://y:33071/
[rosmaster.master][INFO] 2026-04-25 18:26:53,880: +PUB [/vis/agent_5/pred_initial_intention_vis] /onlane_ai_agent_5 http://y:42793/
[rosmaster.master][INFO] 2026-04-25 18:26:53,881: +PUB [/vis/agent_9/forward_trajs] /onlane_ai_agent_9 http://y:36879/
[rosmaster.master][INFO] 2026-04-25 18:26:53,881: +PUB [/vis/agent_10/surrounding_vehicle_vis] /onlane_ai_agent_10 http://y:45939/
[rosmaster.master][INFO] 2026-04-25 18:26:53,882: +PUB [/vis/agent_10/speed_limit] /onlane_ai_agent_10 http://y:45939/
[rosmaster.master][INFO] 2026-04-25 18:26:53,888: +PUB [/vis/agent_5/surrounding_vehicle_vis] /onlane_ai_agent_5 http://y:42793/
[rosmaster.master][INFO] 2026-04-25 18:26:53,889: +SUB [/ctrl/agent_9] /phy_simulator_planning_node http://y:39297/
[rosmaster.master][INFO] 2026-04-25 18:26:53,889: publisherUpdate[/arena_info_static] -> http://y:39319/ ['http://y:39297/']
[rosmaster.master][INFO] 2026-04-25 18:26:53,891: +PUB [/vis/agent_5/speed_limit] /onlane_ai_agent_5 http://y:42793/
[rosmaster.master][INFO] 2026-04-25 18:26:53,892: +PUB [/vis/agent_7/local_lanes_vis] /onlane_ai_agent_7 http://y:41635/
[rosmaster.master][INFO] 2026-04-25 18:26:53,894: publisherUpdate[/arena_info_static] -> http://y:39319/ ['http://y:39297/']: sec=0.00, result=[1, '', 0]
[rosmaster.master][INFO] 2026-04-25 18:26:53,894: publisherUpdate[/arena_info_static] -> http://y:32839/ ['http://y:39297/']
[rosmaster.master][INFO] 2026-04-25 18:26:53,895: +SUB [/joy] /onlane_ai_agent_6 http://y:33003/
[rosmaster.master][INFO] 2026-04-25 18:26:53,895: publisherUpdate[/arena_info_static] -> http://y:32839/ ['http://y:39297/']: sec=0.00, result=[1, '', 0]
[rosmaster.master][INFO] 2026-04-25 18:26:53,895: publisherUpdate[/arena_info_static] -> http://y:33003/ ['http://y:39297/']
[rosmaster.master][INFO] 2026-04-25 18:26:53,895: +PUB [/vis/agent_7/ego_behavior_vis] /onlane_ai_agent_7 http://y:41635/
[rosmaster.master][INFO] 2026-04-25 18:26:53,896: +PUB [/tf] /onlane_ai_agent_8 http://y:33301/
[rosmaster.master][INFO] 2026-04-25 18:26:53,896: +SUB [/joy] /test_ssc_with_eudm_0 http://y:36701/
[rosmaster.master][INFO] 2026-04-25 18:26:53,897: +SUB [/arena_info_static] /onlane_ai_agent_5 http://y:42793/
[rosmaster.master][INFO] 2026-04-25 18:26:53,897: +PUB [/vis/agent_7/pred_traj_openloop_vis] /onlane_ai_agent_7 http://y:41635/
[rosmaster.master][INFO] 2026-04-25 18:26:53,898: publisherUpdate[/arena_info_static] -> http://y:33003/ ['http://y:39297/']: sec=0.00, result=[1, '', 0]
[rosmaster.master][INFO] 2026-04-25 18:26:53,898: +PUB [/vis/agent_6/forward_trajs] /onlane_ai_agent_6 http://y:33003/
[rosmaster.master][INFO] 2026-04-25 18:26:53,899: publisherUpdate[/arena_info_static] -> http://y:35835/ ['http://y:39297/']
[rosmaster.master][INFO] 2026-04-25 18:26:53,900: +PUB [/vis/agent_8/ego_vehicle_vis] /onlane_ai_agent_8 http://y:33301/
[rosmaster.master][INFO] 2026-04-25 18:26:53,900: +SUB [/arena_info_static] /onlane_ai_agent_10 http://y:45939/
[rosmaster.master][INFO] 2026-04-25 18:26:53,900: +PUB [/vis/agent_7/pred_initial_intention_vis] /onlane_ai_agent_7 http://y:41635/
[rosmaster.master][INFO] 2026-04-25 18:26:53,900: publisherUpdate[/arena_info_static] -> http://y:35835/ ['http://y:39297/']: sec=0.00, result=[1, '', 0]
[rosmaster.master][INFO] 2026-04-25 18:26:53,901: publisherUpdate[/arena_info_dynamic] -> http://y:39319/ ['http://y:39297/']
[rosmaster.master][INFO] 2026-04-25 18:26:53,903: +SUB [/arena_info_dynamic] /onlane_ai_agent_5 http://y:42793/
[rosmaster.master][INFO] 2026-04-25 18:26:53,903: publisherUpdate[/arena_info_dynamic] -> http://y:32839/ ['http://y:39297/']
[rosmaster.master][INFO] 2026-04-25 18:26:53,903: +PUB [/vis/agent_0/forward_trajs] /test_ssc_with_eudm_0 http://y:36701/
[rosmaster.master][INFO] 2026-04-25 18:26:53,904: publisherUpdate[/arena_info_dynamic] -> http://y:39319/ ['http://y:39297/']: sec=0.00, result=[1, '', 0]
[rosmaster.master][INFO] 2026-04-25 18:26:53,905: publisherUpdate[/arena_info_dynamic] -> http://y:32839/ ['http://y:39297/']: sec=0.00, result=[1, '', 0]
[rosmaster.master][INFO] 2026-04-25 18:26:53,905: +PUB [/vis/agent_8/obstacle_map] /onlane_ai_agent_8 http://y:33301/
[rosmaster.master][INFO] 2026-04-25 18:26:53,906: publisherUpdate[/arena_info_dynamic] -> http://y:35835/ ['http://y:39297/']
[rosmaster.master][INFO] 2026-04-25 18:26:53,906: publisherUpdate[/arena_info_dynamic] -> http://y:33003/ ['http://y:39297/']
[rosmaster.master][INFO] 2026-04-25 18:26:53,906: +PUB [/vis/agent_7/surrounding_vehicle_vis] /onlane_ai_agent_7 http://y:41635/
[rosmaster.master][INFO] 2026-04-25 18:26:53,907: +SUB [/arena_info_dynamic] /onlane_ai_agent_10 http://y:45939/
[rosmaster.master][INFO] 2026-04-25 18:26:53,907: publisherUpdate[/arena_info_dynamic] -> http://y:33003/ ['http://y:39297/']: sec=0.00, result=[1, '', 0]
[rosmaster.master][INFO] 2026-04-25 18:26:53,907: publisherUpdate[/arena_info_dynamic] -> http://y:35835/ ['http://y:39297/']: sec=0.00, result=[1, '', 0]
[rosmaster.master][INFO] 2026-04-25 18:26:53,907: +SUB [/ctrl/agent_8] /phy_simulator_planning_node http://y:39297/
[rosmaster.master][INFO] 2026-04-25 18:26:53,908: +SUB [/joy] /onlane_ai_agent_5 http://y:42793/
[rosmaster.master][INFO] 2026-04-25 18:26:53,909: +PUB [/ctrl/agent_0] /test_ssc_with_eudm_0 http://y:36701/
[rosmaster.master][INFO] 2026-04-25 18:26:53,909: +PUB [/vis/agent_8/surrounding_lane_net_vis] /onlane_ai_agent_8 http://y:33301/
[rosmaster.master][INFO] 2026-04-25 18:26:53,910: +PUB [/vis/agent_7/speed_limit] /onlane_ai_agent_7 http://y:41635/
[rosmaster.master][INFO] 2026-04-25 18:26:53,910: +PUB [/vis/agent_5/forward_trajs] /onlane_ai_agent_5 http://y:42793/
[rosmaster.master][INFO] 2026-04-25 18:26:53,911: +PUB [/test_ssc_with_eudm_0/ssc_map] /test_ssc_with_eudm_0 http://y:36701/
[rosmaster.master][INFO] 2026-04-25 18:26:53,911: +SUB [/joy] /onlane_ai_agent_10 http://y:45939/
[rosmaster.master][INFO] 2026-04-25 18:26:53,912: +PUB [/vis/agent_8/local_lanes_vis] /onlane_ai_agent_8 http://y:33301/
[rosmaster.master][INFO] 2026-04-25 18:26:53,912: +SUB [/ctrl/agent_7] /phy_simulator_planning_node http://y:39297/
[rosmaster.master][INFO] 2026-04-25 18:26:53,913: +PUB [/vis/agent_0/ssc/exec_traj] /test_ssc_with_eudm_0 http://y:36701/
[rosmaster.master][INFO] 2026-04-25 18:26:53,913: +PUB [/vis/agent_10/forward_trajs] /onlane_ai_agent_10 http://y:45939/
[rosmaster.master][INFO] 2026-04-25 18:26:53,914: +SUB [/arena_info_static] /onlane_ai_agent_7 http://y:41635/
[rosmaster.master][INFO] 2026-04-25 18:26:53,915: +PUB [/vis/agent_8/ego_behavior_vis] /onlane_ai_agent_8 http://y:33301/
[rosmaster.master][INFO] 2026-04-25 18:26:53,915: +SUB [/arena_info_static] /test_ssc_with_eudm_0 http://y:36701/
[rosmaster.master][INFO] 2026-04-25 18:26:53,916: +SUB [/ctrl/agent_6] /phy_simulator_planning_node http://y:39297/
[rosmaster.master][INFO] 2026-04-25 18:26:53,917: +PUB [/vis/agent_8/pred_traj_openloop_vis] /onlane_ai_agent_8 http://y:33301/
[rosmaster.master][INFO] 2026-04-25 18:26:53,917: +SUB [/arena_info_dynamic] /onlane_ai_agent_7 http://y:41635/
[rosmaster.master][INFO] 2026-04-25 18:26:53,917: +SUB [/arena_info_dynamic] /test_ssc_with_eudm_0 http://y:36701/
[rosmaster.master][INFO] 2026-04-25 18:26:53,918: +PUB [/vis/agent_8/pred_initial_intention_vis] /onlane_ai_agent_8 http://y:33301/
[rosmaster.master][INFO] 2026-04-25 18:26:53,918: +PUB [/vis/agent_8/surrounding_vehicle_vis] /onlane_ai_agent_8 http://y:33301/
[rosmaster.master][INFO] 2026-04-25 18:26:53,919: +SUB [/ctrl/agent_5] /phy_simulator_planning_node http://y:39297/
[rosmaster.master][INFO] 2026-04-25 18:26:53,920: +SUB [/joy] /onlane_ai_agent_7 http://y:41635/
[rosmaster.master][INFO] 2026-04-25 18:26:53,920: +PUB [/vis/agent_8/speed_limit] /onlane_ai_agent_8 http://y:33301/
[rosmaster.master][INFO] 2026-04-25 18:26:53,920: +PUB [/vis/agent_7/forward_trajs] /onlane_ai_agent_7 http://y:41635/
[rosmaster.master][INFO] 2026-04-25 18:26:53,922: +SUB [/arena_info_static] /onlane_ai_agent_8 http://y:33301/
[rosmaster.master][INFO] 2026-04-25 18:26:53,922: +SUB [/ctrl/agent_4] /phy_simulator_planning_node http://y:39297/
[rosmaster.master][INFO] 2026-04-25 18:26:53,923: +SUB [/arena_info_dynamic] /onlane_ai_agent_8 http://y:33301/
[rosmaster.master][INFO] 2026-04-25 18:26:53,924: +SUB [/ctrl/agent_3] /phy_simulator_planning_node http://y:39297/
[rosmaster.master][INFO] 2026-04-25 18:26:53,926: +SUB [/ctrl/agent_2] /phy_simulator_planning_node http://y:39297/
[rosmaster.master][INFO] 2026-04-25 18:26:53,926: +SUB [/joy] /onlane_ai_agent_8 http://y:33301/
[rosmaster.master][INFO] 2026-04-25 18:26:53,926: +PUB [/vis/agent_8/forward_trajs] /onlane_ai_agent_8 http://y:33301/
[rosmaster.master][INFO] 2026-04-25 18:26:53,927: +SUB [/ctrl/agent_1] /phy_simulator_planning_node http://y:39297/
[rosmaster.master][INFO] 2026-04-25 18:26:53,928: +SUB [/ctrl/agent_0] /phy_simulator_planning_node http://y:39297/
[rosmaster.master][INFO] 2026-04-25 18:26:53,929: +SUB [/initialpose] /phy_simulator_planning_node http://y:39297/
[rosmaster.master][INFO] 2026-04-25 18:26:53,930: +SUB [/move_base_simple/goal] /phy_simulator_planning_node http://y:39297/
[rosmaster.master][INFO] 2026-04-25 18:27:01,384: +PUB [/rosout] /epsilon_metric_collector_300194_1777112821268 http://y:44977/
[rosmaster.master][INFO] 2026-04-25 18:27:01,386: +SERVICE [/epsilon_metric_collector_300194_1777112821268/get_loggers] /epsilon_metric_collector_300194_1777112821268 http://y:44977/
[rosmaster.master][INFO] 2026-04-25 18:27:01,387: +SERVICE [/epsilon_metric_collector_300194_1777112821268/set_logger_level] /epsilon_metric_collector_300194_1777112821268 http://y:44977/
[rosmaster.master][INFO] 2026-04-25 18:27:01,388: +SUB [/arena_info_dynamic] /epsilon_metric_collector_300194_1777112821268 http://y:44977/
[rosmaster.master][INFO] 2026-04-25 18:27:01,419: publisherUpdate[/rosout] -> http://y:40463/ ['http://y:39319/', 'http://y:36701/', 'http://y:35835/', 'http://y:32839/', 'http://y:33071/', 'http://y:42793/', 'http://y:33003/', 'http://y:41635/', 'http://y:33301/', 'http://y:36879/', 'http://y:45939/', 'http://y:39297/', 'http://y:44977/']
[rosmaster.master][INFO] 2026-04-25 18:27:01,420: publisherUpdate[/rosout] -> http://y:40463/ ['http://y:39319/', 'http://y:36701/', 'http://y:35835/', 'http://y:32839/', 'http://y:33071/', 'http://y:42793/', 'http://y:33003/', 'http://y:41635/', 'http://y:33301/', 'http://y:36879/', 'http://y:45939/', 'http://y:39297/', 'http://y:44977/']: sec=0.00, result=[1, '', 0]
[rosmaster.master][INFO] 2026-04-25 18:29:01,035: -SUB [/arena_info_dynamic] /epsilon_metric_collector_300194_1777112821268 http://y:44977/
[rosmaster.master][INFO] 2026-04-25 18:29:01,035: -PUB [/rosout] /epsilon_metric_collector_300194_1777112821268 http://y:44977/
[rosmaster.master][INFO] 2026-04-25 18:29:01,035: -SERVICE [/epsilon_metric_collector_300194_1777112821268/get_loggers] /epsilon_metric_collector_300194_1777112821268 rosrpc://y:41703
[rosmaster.master][INFO] 2026-04-25 18:29:01,035: -SERVICE [/epsilon_metric_collector_300194_1777112821268/set_logger_level] /epsilon_metric_collector_300194_1777112821268 rosrpc://y:41703
[rosmaster.master][INFO] 2026-04-25 18:29:01,110: publisherUpdate[/rosout] -> http://y:40463/ ['http://y:39319/', 'http://y:36701/', 'http://y:35835/', 'http://y:32839/', 'http://y:33071/', 'http://y:42793/', 'http://y:33003/', 'http://y:41635/', 'http://y:33301/', 'http://y:36879/', 'http://y:45939/', 'http://y:39297/']
[rosmaster.master][INFO] 2026-04-25 18:29:01,110: publisherUpdate[/rosout] -> http://y:40463/ ['http://y:39319/', 'http://y:36701/', 'http://y:35835/', 'http://y:32839/', 'http://y:33071/', 'http://y:42793/', 'http://y:33003/', 'http://y:41635/', 'http://y:33301/', 'http://y:36879/', 'http://y:45939/', 'http://y:39297/']: sec=0.00, result=[1, '', 0]
[rosmaster.master][INFO] 2026-04-25 18:29:02,089: +PUB [/rosout] /rostopic_365278_1777112941976 http://y:44399/
[rosmaster.master][INFO] 2026-04-25 18:29:02,090: +SERVICE [/rostopic_365278_1777112941976/get_loggers] /rostopic_365278_1777112941976 http://y:44399/
[rosmaster.master][INFO] 2026-04-25 18:29:02,091: +SERVICE [/rostopic_365278_1777112941976/set_logger_level] /rostopic_365278_1777112941976 http://y:44399/
[rosmaster.master][INFO] 2026-04-25 18:29:02,098: +SUB [/arena_info_dynamic] /rostopic_365278_1777112941976 http://y:44399/
[rosmaster.master][INFO] 2026-04-25 18:29:02,112: publisherUpdate[/rosout] -> http://y:40463/ ['http://y:39319/', 'http://y:36701/', 'http://y:35835/', 'http://y:32839/', 'http://y:33071/', 'http://y:42793/', 'http://y:33003/', 'http://y:41635/', 'http://y:33301/', 'http://y:36879/', 'http://y:45939/', 'http://y:39297/', 'http://y:44399/']
[rosmaster.master][INFO] 2026-04-25 18:29:02,113: publisherUpdate[/rosout] -> http://y:40463/ ['http://y:39319/', 'http://y:36701/', 'http://y:35835/', 'http://y:32839/', 'http://y:33071/', 'http://y:42793/', 'http://y:33003/', 'http://y:41635/', 'http://y:33301/', 'http://y:36879/', 'http://y:45939/', 'http://y:39297/', 'http://y:44399/']: sec=0.00, result=[1, '', 0]
[rosmaster.master][INFO] 2026-04-25 18:29:16,670: -SUB [/arena_info_dynamic] /rostopic_365278_1777112941976 http://y:44399/
[rosmaster.master][INFO] 2026-04-25 18:29:16,670: -PUB [/rosout] /rostopic_365278_1777112941976 http://y:44399/
[rosmaster.master][INFO] 2026-04-25 18:29:16,670: -SERVICE [/rostopic_365278_1777112941976/get_loggers] /rostopic_365278_1777112941976 rosrpc://y:33481
[rosmaster.master][INFO] 2026-04-25 18:29:16,671: -SERVICE [/rostopic_365278_1777112941976/set_logger_level] /rostopic_365278_1777112941976 rosrpc://y:33481
[rosmaster.master][INFO] 2026-04-25 18:29:16,736: publisherUpdate[/rosout] -> http://y:40463/ ['http://y:39319/', 'http://y:36701/', 'http://y:35835/', 'http://y:32839/', 'http://y:33071/', 'http://y:42793/', 'http://y:33003/', 'http://y:41635/', 'http://y:33301/', 'http://y:36879/', 'http://y:45939/', 'http://y:39297/']
[rosmaster.master][INFO] 2026-04-25 18:29:16,737: publisherUpdate[/rosout] -> http://y:40463/ ['http://y:39319/', 'http://y:36701/', 'http://y:35835/', 'http://y:32839/', 'http://y:33071/', 'http://y:42793/', 'http://y:33003/', 'http://y:41635/', 'http://y:33301/', 'http://y:36879/', 'http://y:45939/', 'http://y:39297/']: sec=0.00, result=[1, '', 0]
[rosmaster.master][INFO] 2026-04-25 18:29:17,453: -PUB [/rosout] /onlane_ai_agent_10 http://y:45939/
[rosmaster.master][INFO] 2026-04-25 18:29:17,454: -PUB [/ctrl/agent_10] /onlane_ai_agent_10 http://y:45939/
[rosmaster.master][INFO] 2026-04-25 18:29:17,454: -PUB [/tf] /onlane_ai_agent_10 http://y:45939/
[rosmaster.master][INFO] 2026-04-25 18:29:17,455: -PUB [/vis/agent_10/ego_vehicle_vis] /onlane_ai_agent_10 http://y:45939/
[rosmaster.master][INFO] 2026-04-25 18:29:17,455: -PUB [/vis/agent_10/obstacle_map] /onlane_ai_agent_10 http://y:45939/
[rosmaster.master][INFO] 2026-04-25 18:29:17,456: -PUB [/vis/agent_10/surrounding_lane_net_vis] /onlane_ai_agent_10 http://y:45939/
[rosmaster.master][INFO] 2026-04-25 18:29:17,456: -PUB [/vis/agent_10/local_lanes_vis] /onlane_ai_agent_10 http://y:45939/
[rosmaster.master][INFO] 2026-04-25 18:29:17,457: -PUB [/vis/agent_10/ego_behavior_vis] /onlane_ai_agent_10 http://y:45939/
[rosmaster.master][INFO] 2026-04-25 18:29:17,457: -PUB [/vis/agent_10/pred_traj_openloop_vis] /onlane_ai_agent_10 http://y:45939/
[rosmaster.master][INFO] 2026-04-25 18:29:17,457: -PUB [/vis/agent_10/pred_initial_intention_vis] /onlane_ai_agent_10 http://y:45939/
[rosmaster.master][INFO] 2026-04-25 18:29:17,458: -PUB [/vis/agent_10/surrounding_vehicle_vis] /onlane_ai_agent_10 http://y:45939/
[rosmaster.master][INFO] 2026-04-25 18:29:17,458: -PUB [/vis/agent_10/speed_limit] /onlane_ai_agent_10 http://y:45939/
[rosmaster.master][INFO] 2026-04-25 18:29:17,458: -PUB [/vis/agent_10/forward_trajs] /onlane_ai_agent_10 http://y:45939/
[rosmaster.master][INFO] 2026-04-25 18:29:17,459: -SUB [/arena_info_static] /onlane_ai_agent_10 http://y:45939/
[rosmaster.master][INFO] 2026-04-25 18:29:17,459: -SUB [/arena_info_dynamic] /onlane_ai_agent_10 http://y:45939/
[rosmaster.master][INFO] 2026-04-25 18:29:17,460: -SUB [/joy] /onlane_ai_agent_10 http://y:45939/
[rosmaster.master][INFO] 2026-04-25 18:29:17,460: -SERVICE [/onlane_ai_agent_10/get_loggers] /onlane_ai_agent_10 rosrpc://y:33281
[rosmaster.master][INFO] 2026-04-25 18:29:17,461: -SERVICE [/onlane_ai_agent_10/set_logger_level] /onlane_ai_agent_10 rosrpc://y:33281
[rosmaster.master][INFO] 2026-04-25 18:29:17,490: -PUB [/rosout] /onlane_ai_agent_6 http://y:33003/
[rosmaster.master][INFO] 2026-04-25 18:29:17,491: -PUB [/ctrl/agent_6] /onlane_ai_agent_6 http://y:33003/
[rosmaster.master][INFO] 2026-04-25 18:29:17,491: -PUB [/tf] /onlane_ai_agent_6 http://y:33003/
[rosmaster.master][INFO] 2026-04-25 18:29:17,491: -PUB [/vis/agent_6/ego_vehicle_vis] /onlane_ai_agent_6 http://y:33003/
[rosmaster.master][INFO] 2026-04-25 18:29:17,492: -PUB [/vis/agent_6/obstacle_map] /onlane_ai_agent_6 http://y:33003/
[rosmaster.master][INFO] 2026-04-25 18:29:17,492: -PUB [/vis/agent_6/surrounding_lane_net_vis] /onlane_ai_agent_6 http://y:33003/
[rosmaster.master][INFO] 2026-04-25 18:29:17,492: -PUB [/vis/agent_6/local_lanes_vis] /onlane_ai_agent_6 http://y:33003/
[rosmaster.master][INFO] 2026-04-25 18:29:17,493: -PUB [/rosout] /onlane_ai_agent_8 http://y:33301/
[rosmaster.master][INFO] 2026-04-25 18:29:17,493: -PUB [/vis/agent_6/ego_behavior_vis] /onlane_ai_agent_6 http://y:33003/
[rosmaster.master][INFO] 2026-04-25 18:29:17,493: -PUB [/rosout] /onlane_ai_agent_5 http://y:42793/
[rosmaster.master][INFO] 2026-04-25 18:29:17,493: -PUB [/vis/agent_6/pred_traj_openloop_vis] /onlane_ai_agent_6 http://y:33003/
[rosmaster.master][INFO] 2026-04-25 18:29:17,494: -PUB [/ctrl/agent_8] /onlane_ai_agent_8 http://y:33301/
[rosmaster.master][INFO] 2026-04-25 18:29:17,494: -PUB [/vis/agent_6/pred_initial_intention_vis] /onlane_ai_agent_6 http://y:33003/
[rosmaster.master][INFO] 2026-04-25 18:29:17,494: -PUB [/ctrl/agent_5] /onlane_ai_agent_5 http://y:42793/
[rosmaster.master][INFO] 2026-04-25 18:29:17,494: -PUB [/tf] /onlane_ai_agent_8 http://y:33301/
[rosmaster.master][INFO] 2026-04-25 18:29:17,495: -PUB [/rosout] /onlane_ai_agent_3 http://y:32839/
[rosmaster.master][INFO] 2026-04-25 18:29:17,495: -PUB [/vis/agent_6/surrounding_vehicle_vis] /onlane_ai_agent_6 http://y:33003/
[rosmaster.master][INFO] 2026-04-25 18:29:17,495: -PUB [/tf] /onlane_ai_agent_5 http://y:42793/
[rosmaster.master][INFO] 2026-04-25 18:29:17,495: -PUB [/vis/agent_8/ego_vehicle_vis] /onlane_ai_agent_8 http://y:33301/
[rosmaster.master][INFO] 2026-04-25 18:29:17,496: -PUB [/rosout] /onlane_ai_agent_2 http://y:35835/
[rosmaster.master][INFO] 2026-04-25 18:29:17,496: -PUB [/ctrl/agent_3] /onlane_ai_agent_3 http://y:32839/
[rosmaster.master][INFO] 2026-04-25 18:29:17,496: -PUB [/vis/agent_6/speed_limit] /onlane_ai_agent_6 http://y:33003/
[rosmaster.master][INFO] 2026-04-25 18:29:17,496: -PUB [/vis/agent_5/ego_vehicle_vis] /onlane_ai_agent_5 http://y:42793/
[rosmaster.master][INFO] 2026-04-25 18:29:17,496: -PUB [/vis/agent_8/obstacle_map] /onlane_ai_agent_8 http://y:33301/
[rosmaster.master][INFO] 2026-04-25 18:29:17,497: -PUB [/ctrl/agent_2] /onlane_ai_agent_2 http://y:35835/
[rosmaster.master][INFO] 2026-04-25 18:29:17,497: -PUB [/tf] /onlane_ai_agent_3 http://y:32839/
[rosmaster.master][INFO] 2026-04-25 18:29:17,497: -PUB [/vis/agent_6/forward_trajs] /onlane_ai_agent_6 http://y:33003/
[rosmaster.master][INFO] 2026-04-25 18:29:17,497: -PUB [/vis/agent_5/obstacle_map] /onlane_ai_agent_5 http://y:42793/
[rosmaster.master][INFO] 2026-04-25 18:29:17,497: -PUB [/vis/agent_8/surrounding_lane_net_vis] /onlane_ai_agent_8 http://y:33301/
[rosmaster.master][INFO] 2026-04-25 18:29:17,497: -PUB [/tf] /onlane_ai_agent_2 http://y:35835/
[rosmaster.master][INFO] 2026-04-25 18:29:17,498: -PUB [/vis/agent_3/ego_vehicle_vis] /onlane_ai_agent_3 http://y:32839/
[rosmaster.master][INFO] 2026-04-25 18:29:17,498: -SUB [/arena_info_static] /onlane_ai_agent_6 http://y:33003/
[rosmaster.master][INFO] 2026-04-25 18:29:17,498: -PUB [/vis/agent_5/surrounding_lane_net_vis] /onlane_ai_agent_5 http://y:42793/
[rosmaster.master][INFO] 2026-04-25 18:29:17,498: -PUB [/vis/agent_8/local_lanes_vis] /onlane_ai_agent_8 http://y:33301/
[rosmaster.master][INFO] 2026-04-25 18:29:17,498: -PUB [/vis/agent_2/ego_vehicle_vis] /onlane_ai_agent_2 http://y:35835/
[rosmaster.master][INFO] 2026-04-25 18:29:17,498: -PUB [/vis/agent_3/obstacle_map] /onlane_ai_agent_3 http://y:32839/
[rosmaster.master][INFO] 2026-04-25 18:29:17,498: -SUB [/arena_info_dynamic] /onlane_ai_agent_6 http://y:33003/
[rosmaster.master][INFO] 2026-04-25 18:29:17,499: -PUB [/vis/agent_5/local_lanes_vis] /onlane_ai_agent_5 http://y:42793/
[rosmaster.master][INFO] 2026-04-25 18:29:17,499: -PUB [/vis/agent_8/ego_behavior_vis] /onlane_ai_agent_8 http://y:33301/
[rosmaster.master][INFO] 2026-04-25 18:29:17,499: -PUB [/vis/agent_2/obstacle_map] /onlane_ai_agent_2 http://y:35835/
[rosmaster.master][INFO] 2026-04-25 18:29:17,499: -PUB [/vis/agent_3/surrounding_lane_net_vis] /onlane_ai_agent_3 http://y:32839/
[rosmaster.master][INFO] 2026-04-25 18:29:17,499: -SUB [/joy] /onlane_ai_agent_6 http://y:33003/
[rosmaster.master][INFO] 2026-04-25 18:29:17,499: -PUB [/vis/agent_5/ego_behavior_vis] /onlane_ai_agent_5 http://y:42793/
[rosmaster.master][INFO] 2026-04-25 18:29:17,499: -PUB [/vis/agent_8/pred_traj_openloop_vis] /onlane_ai_agent_8 http://y:33301/
[rosmaster.master][INFO] 2026-04-25 18:29:17,500: -PUB [/vis/agent_2/surrounding_lane_net_vis] /onlane_ai_agent_2 http://y:35835/
[rosmaster.master][INFO] 2026-04-25 18:29:17,500: -PUB [/vis/agent_3/local_lanes_vis] /onlane_ai_agent_3 http://y:32839/
[rosmaster.master][INFO] 2026-04-25 18:29:17,500: -SERVICE [/onlane_ai_agent_6/get_loggers] /onlane_ai_agent_6 rosrpc://y:47629
[rosmaster.master][INFO] 2026-04-25 18:29:17,500: -PUB [/vis/agent_5/pred_traj_openloop_vis] /onlane_ai_agent_5 http://y:42793/
[rosmaster.master][INFO] 2026-04-25 18:29:17,500: -PUB [/vis/agent_8/pred_initial_intention_vis] /onlane_ai_agent_8 http://y:33301/
[rosmaster.master][INFO] 2026-04-25 18:29:17,501: -PUB [/vis/agent_3/ego_behavior_vis] /onlane_ai_agent_3 http://y:32839/
[rosmaster.master][INFO] 2026-04-25 18:29:17,501: -PUB [/vis/agent_2/local_lanes_vis] /onlane_ai_agent_2 http://y:35835/
[rosmaster.master][INFO] 2026-04-25 18:29:17,501: -SERVICE [/onlane_ai_agent_6/set_logger_level] /onlane_ai_agent_6 rosrpc://y:47629
[rosmaster.master][INFO] 2026-04-25 18:29:17,501: -PUB [/vis/agent_5/pred_initial_intention_vis] /onlane_ai_agent_5 http://y:42793/
[rosmaster.master][INFO] 2026-04-25 18:29:17,501: -PUB [/vis/agent_8/surrounding_vehicle_vis] /onlane_ai_agent_8 http://y:33301/
[rosmaster.master][INFO] 2026-04-25 18:29:17,501: -PUB [/vis/agent_3/pred_traj_openloop_vis] /onlane_ai_agent_3 http://y:32839/
[rosmaster.master][INFO] 2026-04-25 18:29:17,501: -PUB [/vis/agent_2/ego_behavior_vis] /onlane_ai_agent_2 http://y:35835/
[rosmaster.master][INFO] 2026-04-25 18:29:17,501: -PUB [/vis/agent_5/surrounding_vehicle_vis] /onlane_ai_agent_5 http://y:42793/
[rosmaster.master][INFO] 2026-04-25 18:29:17,502: -PUB [/vis/agent_8/speed_limit] /onlane_ai_agent_8 http://y:33301/
[rosmaster.master][INFO] 2026-04-25 18:29:17,502: -PUB [/vis/agent_3/pred_initial_intention_vis] /onlane_ai_agent_3 http://y:32839/
[rosmaster.master][INFO] 2026-04-25 18:29:17,502: -PUB [/vis/agent_5/speed_limit] /onlane_ai_agent_5 http://y:42793/
[rosmaster.master][INFO] 2026-04-25 18:29:17,502: -PUB [/vis/agent_2/pred_traj_openloop_vis] /onlane_ai_agent_2 http://y:35835/
[rosmaster.master][INFO] 2026-04-25 18:29:17,502: -PUB [/vis/agent_8/forward_trajs] /onlane_ai_agent_8 http://y:33301/
[rosmaster.master][INFO] 2026-04-25 18:29:17,503: -PUB [/vis/agent_3/surrounding_vehicle_vis] /onlane_ai_agent_3 http://y:32839/
[rosmaster.master][INFO] 2026-04-25 18:29:17,503: -PUB [/vis/agent_5/forward_trajs] /onlane_ai_agent_5 http://y:42793/
[rosmaster.master][INFO] 2026-04-25 18:29:17,503: -PUB [/vis/agent_2/pred_initial_intention_vis] /onlane_ai_agent_2 http://y:35835/
[rosmaster.master][INFO] 2026-04-25 18:29:17,503: -SUB [/arena_info_static] /onlane_ai_agent_8 http://y:33301/
[rosmaster.master][INFO] 2026-04-25 18:29:17,503: -PUB [/vis/agent_3/speed_limit] /onlane_ai_agent_3 http://y:32839/
[rosmaster.master][INFO] 2026-04-25 18:29:17,503: -SUB [/arena_info_static] /onlane_ai_agent_5 http://y:42793/
[rosmaster.master][INFO] 2026-04-25 18:29:17,504: -PUB [/vis/agent_2/surrounding_vehicle_vis] /onlane_ai_agent_2 http://y:35835/
[rosmaster.master][INFO] 2026-04-25 18:29:17,504: -SUB [/arena_info_dynamic] /onlane_ai_agent_8 http://y:33301/
[rosmaster.master][INFO] 2026-04-25 18:29:17,504: -PUB [/vis/agent_3/forward_trajs] /onlane_ai_agent_3 http://y:32839/
[rosmaster.master][INFO] 2026-04-25 18:29:17,504: -SUB [/arena_info_dynamic] /onlane_ai_agent_5 http://y:42793/
[rosmaster.master][INFO] 2026-04-25 18:29:17,504: -PUB [/vis/agent_2/speed_limit] /onlane_ai_agent_2 http://y:35835/
[rosmaster.master][INFO] 2026-04-25 18:29:17,504: -SUB [/joy] /onlane_ai_agent_8 http://y:33301/
[rosmaster.master][INFO] 2026-04-25 18:29:17,504: -SUB [/arena_info_static] /onlane_ai_agent_3 http://y:32839/
[rosmaster.master][INFO] 2026-04-25 18:29:17,504: -SUB [/joy] /onlane_ai_agent_5 http://y:42793/
[rosmaster.master][INFO] 2026-04-25 18:29:17,505: -PUB [/vis/agent_2/forward_trajs] /onlane_ai_agent_2 http://y:35835/
[rosmaster.master][INFO] 2026-04-25 18:29:17,505: -SERVICE [/onlane_ai_agent_8/get_loggers] /onlane_ai_agent_8 rosrpc://y:56693
[rosmaster.master][INFO] 2026-04-25 18:29:17,505: -SUB [/arena_info_dynamic] /onlane_ai_agent_3 http://y:32839/
[rosmaster.master][INFO] 2026-04-25 18:29:17,505: -SERVICE [/onlane_ai_agent_5/get_loggers] /onlane_ai_agent_5 rosrpc://y:45673
[rosmaster.master][INFO] 2026-04-25 18:29:17,505: -SUB [/arena_info_static] /onlane_ai_agent_2 http://y:35835/
[rosmaster.master][INFO] 2026-04-25 18:29:17,506: -SERVICE [/onlane_ai_agent_8/set_logger_level] /onlane_ai_agent_8 rosrpc://y:56693
[rosmaster.master][INFO] 2026-04-25 18:29:17,506: -SUB [/joy] /onlane_ai_agent_3 http://y:32839/
[rosmaster.master][INFO] 2026-04-25 18:29:17,506: -SERVICE [/onlane_ai_agent_5/set_logger_level] /onlane_ai_agent_5 rosrpc://y:45673
[rosmaster.master][INFO] 2026-04-25 18:29:17,506: -SUB [/arena_info_dynamic] /onlane_ai_agent_2 http://y:35835/
[rosmaster.master][INFO] 2026-04-25 18:29:17,506: -SERVICE [/onlane_ai_agent_3/get_loggers] /onlane_ai_agent_3 rosrpc://y:35573
[rosmaster.master][INFO] 2026-04-25 18:29:17,506: -SERVICE [/onlane_ai_agent_3/set_logger_level] /onlane_ai_agent_3 rosrpc://y:35573
[rosmaster.master][INFO] 2026-04-25 18:29:17,506: -SUB [/joy] /onlane_ai_agent_2 http://y:35835/
[rosmaster.master][INFO] 2026-04-25 18:29:17,507: -SERVICE [/onlane_ai_agent_2/get_loggers] /onlane_ai_agent_2 rosrpc://y:40687
[rosmaster.master][INFO] 2026-04-25 18:29:17,507: -SERVICE [/onlane_ai_agent_2/set_logger_level] /onlane_ai_agent_2 rosrpc://y:40687
[rosmaster.master][INFO] 2026-04-25 18:29:17,523: -PUB [/rosout] /phy_simulator_planning_node http://y:39297/
[rosmaster.master][INFO] 2026-04-25 18:29:17,523: -PUB [/arena_info_static] /phy_simulator_planning_node http://y:39297/
[rosmaster.master][INFO] 2026-04-25 18:29:17,524: -PUB [/arena_info_dynamic] /phy_simulator_planning_node http://y:39297/
[rosmaster.master][INFO] 2026-04-25 18:29:17,524: -PUB [/phy_simulator_planning_node/vis/vehicle_set_vis] /phy_simulator_planning_node http://y:39297/
[rosmaster.master][INFO] 2026-04-25 18:29:17,524: -PUB [/phy_simulator_planning_node/vis/lane_net_vis] /phy_simulator_planning_node http://y:39297/
[rosmaster.master][INFO] 2026-04-25 18:29:17,525: -PUB [/phy_simulator_planning_node/vis/obstacle_set_vis] /phy_simulator_planning_node http://y:39297/
[rosmaster.master][INFO] 2026-04-25 18:29:17,525: -SUB [/ctrl/agent_10] /phy_simulator_planning_node http://y:39297/
[rosmaster.master][INFO] 2026-04-25 18:29:17,525: -SUB [/ctrl/agent_9] /phy_simulator_planning_node http://y:39297/
[rosmaster.master][INFO] 2026-04-25 18:29:17,526: -SUB [/ctrl/agent_8] /phy_simulator_planning_node http://y:39297/
[rosmaster.master][INFO] 2026-04-25 18:29:17,526: -SUB [/ctrl/agent_7] /phy_simulator_planning_node http://y:39297/
[rosmaster.master][INFO] 2026-04-25 18:29:17,526: -SUB [/ctrl/agent_6] /phy_simulator_planning_node http://y:39297/
[rosmaster.master][INFO] 2026-04-25 18:29:17,527: -SUB [/ctrl/agent_5] /phy_simulator_planning_node http://y:39297/
[rosmaster.master][INFO] 2026-04-25 18:29:17,527: -SUB [/ctrl/agent_4] /phy_simulator_planning_node http://y:39297/
[rosmaster.master][INFO] 2026-04-25 18:29:17,527: -SUB [/ctrl/agent_3] /phy_simulator_planning_node http://y:39297/
[rosmaster.master][INFO] 2026-04-25 18:29:17,528: -SUB [/ctrl/agent_2] /phy_simulator_planning_node http://y:39297/
[rosmaster.master][INFO] 2026-04-25 18:29:17,528: -SUB [/ctrl/agent_1] /phy_simulator_planning_node http://y:39297/
[rosmaster.master][INFO] 2026-04-25 18:29:17,529: -SUB [/ctrl/agent_0] /phy_simulator_planning_node http://y:39297/
[rosmaster.master][INFO] 2026-04-25 18:29:17,529: -SUB [/initialpose] /phy_simulator_planning_node http://y:39297/
[rosmaster.master][INFO] 2026-04-25 18:29:17,529: -SUB [/move_base_simple/goal] /phy_simulator_planning_node http://y:39297/
[rosmaster.master][INFO] 2026-04-25 18:29:17,530: -SERVICE [/phy_simulator_planning_node/get_loggers] /phy_simulator_planning_node rosrpc://y:37541
[rosmaster.master][INFO] 2026-04-25 18:29:17,530: -SERVICE [/phy_simulator_planning_node/set_logger_level] /phy_simulator_planning_node rosrpc://y:37541
[rosmaster.master][INFO] 2026-04-25 18:29:17,538: publisherUpdate[/rosout] -> http://y:40463/ ['http://y:39319/', 'http://y:36701/', 'http://y:35835/', 'http://y:32839/', 'http://y:33071/', 'http://y:42793/', 'http://y:33003/', 'http://y:41635/', 'http://y:33301/', 'http://y:36879/', 'http://y:39297/']
[rosmaster.master][INFO] 2026-04-25 18:29:17,538: publisherUpdate[/ctrl/agent_10] -> http://y:39297/ []
[rosmaster.master][INFO] 2026-04-25 18:29:17,538: publisherUpdate[/arena_info_static] -> http://y:39319/ []
[rosmaster.master][INFO] 2026-04-25 18:29:17,538: publisherUpdate[/rosout] -> http://y:40463/ ['http://y:39319/', 'http://y:36701/', 'http://y:35835/', 'http://y:32839/', 'http://y:33071/', 'http://y:42793/', 'http://y:33003/', 'http://y:41635/', 'http://y:33301/', 'http://y:36879/', 'http://y:39297/']: sec=0.00, result=[1, '', 0]
[rosmaster.master][INFO] 2026-04-25 18:29:17,539: publisherUpdate[/rosout] -> http://y:40463/ ['http://y:39319/', 'http://y:36701/', 'http://y:35835/', 'http://y:32839/', 'http://y:33071/', 'http://y:42793/', 'http://y:41635/', 'http://y:33301/', 'http://y:36879/', 'http://y:39297/']
[rosmaster.master][INFO] 2026-04-25 18:29:17,539: publisherUpdate[/ctrl/agent_10] -> http://y:39297/ []: sec=0.00, exception=[Errno 111] Connection refused
[rosmaster.master][INFO] 2026-04-25 18:29:17,539: publisherUpdate[/arena_info_static] -> http://y:39319/ []: sec=0.00, result=[1, '', 0]
[rosmaster.master][INFO] 2026-04-25 18:29:17,539: publisherUpdate[/ctrl/agent_6] -> http://y:39297/ []
[rosmaster.master][INFO] 2026-04-25 18:29:17,539: publisherUpdate[/rosout] -> http://y:40463/ ['http://y:39319/', 'http://y:36701/', 'http://y:35835/', 'http://y:32839/', 'http://y:33071/', 'http://y:42793/', 'http://y:41635/', 'http://y:33301/', 'http://y:36879/', 'http://y:39297/']: sec=0.00, result=[1, '', 0]
[rosmaster.master][INFO] 2026-04-25 18:29:17,539: publisherUpdate[/rosout] -> http://y:40463/ ['http://y:39319/', 'http://y:36701/', 'http://y:35835/', 'http://y:32839/', 'http://y:33071/', 'http://y:42793/', 'http://y:41635/', 'http://y:36879/', 'http://y:39297/']
[rosmaster.master][INFO] 2026-04-25 18:29:17,540: publisherUpdate[/ctrl/agent_6] -> http://y:39297/ []: sec=0.00, exception=[Errno 111] Connection refused
[rosmaster.master][INFO] 2026-04-25 18:29:17,540: publisherUpdate[/rosout] -> http://y:40463/ ['http://y:39319/', 'http://y:36701/', 'http://y:35835/', 'http://y:32839/', 'http://y:33071/', 'http://y:42793/', 'http://y:41635/', 'http://y:36879/', 'http://y:39297/']: sec=0.00, result=[1, '', 0]
[rosmaster.master][INFO] 2026-04-25 18:29:17,540: publisherUpdate[/rosout] -> http://y:40463/ ['http://y:39319/', 'http://y:36701/', 'http://y:35835/', 'http://y:32839/', 'http://y:33071/', 'http://y:41635/', 'http://y:36879/', 'http://y:39297/']
[rosmaster.threadpool][ERROR] 2026-04-25 18:29:17,540: Traceback (most recent call last):
  File "/opt/ros/noetic/lib/python3/dist-packages/rosmaster/threadpool.py", line 218, in run
    result = cmd(*args)
  File "/opt/ros/noetic/lib/python3/dist-packages/rosmaster/master_api.py", line 210, in publisher_update_task
    ret = xmlrpcapi(api).publisherUpdate('/master', topic, pub_uris)
  File "/usr/lib/python3.8/xmlrpc/client.py", line 1109, in __call__
    return self.__send(self.__name, args)
  File "/usr/lib/python3.8/xmlrpc/client.py", line 1450, in __request
    response = self.__transport.request(
  File "/usr/lib/python3.8/xmlrpc/client.py", line 1153, in request
    return self.single_request(host, handler, request_body, verbose)
  File "/usr/lib/python3.8/xmlrpc/client.py", line 1165, in single_request
    http_conn = self.send_request(host, handler, request_body, verbose)
  File "/usr/lib/python3.8/xmlrpc/client.py", line 1278, in send_request
    self.send_content(connection, request_body)
  File "/usr/lib/python3.8/xmlrpc/client.py", line 1308, in send_content
    connection.endheaders(request_body)
  File "/usr/lib/python3.8/http/client.py", line 1251, in endheaders
    self._send_output(message_body, encode_chunked=encode_chunked)
  File "/usr/lib/python3.8/http/client.py", line 1011, in _send_output
    self.send(msg)
  File "/usr/lib/python3.8/http/client.py", line 951, in send
    self.connect()
  File "/usr/lib/python3.8/http/client.py", line 922, in connect
    self.sock = self._create_connection(
  File "/usr/lib/python3.8/socket.py", line 808, in create_connection
    raise err
  File "/usr/lib/python3.8/socket.py", line 796, in create_connection
    sock.connect(sa)
ConnectionRefusedError: [Errno 111] Connection refused

[rosmaster.master][INFO] 2026-04-25 18:29:17,541: publisherUpdate[/rosout] -> http://y:40463/ ['http://y:39319/', 'http://y:36701/', 'http://y:35835/', 'http://y:32839/', 'http://y:33071/', 'http://y:41635/', 'http://y:36879/', 'http://y:39297/']: sec=0.00, result=[1, '', 0]
[rosmaster.master][INFO] 2026-04-25 18:29:17,541: publisherUpdate[/ctrl/agent_8] -> http://y:39297/ []
[rosmaster.master][INFO] 2026-04-25 18:29:17,541: publisherUpdate[/rosout] -> http://y:40463/ ['http://y:39319/', 'http://y:36701/', 'http://y:35835/', 'http://y:33071/', 'http://y:41635/', 'http://y:36879/', 'http://y:39297/']
[rosmaster.threadpool][ERROR] 2026-04-25 18:29:17,541: Traceback (most recent call last):
  File "/opt/ros/noetic/lib/python3/dist-packages/rosmaster/threadpool.py", line 218, in run
    result = cmd(*args)
  File "/opt/ros/noetic/lib/python3/dist-packages/rosmaster/master_api.py", line 210, in publisher_update_task
    ret = xmlrpcapi(api).publisherUpdate('/master', topic, pub_uris)
  File "/usr/lib/python3.8/xmlrpc/client.py", line 1109, in __call__
    return self.__send(self.__name, args)
  File "/usr/lib/python3.8/xmlrpc/client.py", line 1450, in __request
    response = self.__transport.request(
  File "/usr/lib/python3.8/xmlrpc/client.py", line 1153, in request
    return self.single_request(host, handler, request_body, verbose)
  File "/usr/lib/python3.8/xmlrpc/client.py", line 1165, in single_request
    http_conn = self.send_request(host, handler, request_body, verbose)
  File "/usr/lib/python3.8/xmlrpc/client.py", line 1278, in send_request
    self.send_content(connection, request_body)
  File "/usr/lib/python3.8/xmlrpc/client.py", line 1308, in send_content
    connection.endheaders(request_body)
  File "/usr/lib/python3.8/http/client.py", line 1251, in endheaders
    self._send_output(message_body, encode_chunked=encode_chunked)
  File "/usr/lib/python3.8/http/client.py", line 1011, in _send_output
    self.send(msg)
  File "/usr/lib/python3.8/http/client.py", line 951, in send
    self.connect()
  File "/usr/lib/python3.8/http/client.py", line 922, in connect
    self.sock = self._create_connection(
  File "/usr/lib/python3.8/socket.py", line 808, in create_connection
    raise err
  File "/usr/lib/python3.8/socket.py", line 796, in create_connection
    sock.connect(sa)
ConnectionRefusedError: [Errno 111] Connection refused

[rosmaster.master][INFO] 2026-04-25 18:29:17,541: publisherUpdate[/ctrl/agent_8] -> http://y:39297/ []: sec=0.00, exception=[Errno 111] Connection refused
[rosmaster.master][INFO] 2026-04-25 18:29:17,541: publisherUpdate[/arena_info_static] -> http://y:33071/ []
[rosmaster.master][INFO] 2026-04-25 18:29:17,541: publisherUpdate[/rosout] -> http://y:40463/ ['http://y:39319/', 'http://y:36701/', 'http://y:35835/', 'http://y:33071/', 'http://y:41635/', 'http://y:36879/', 'http://y:39297/']: sec=0.00, result=[1, '', 0]
[rosmaster.threadpool][ERROR] 2026-04-25 18:29:17,541: Traceback (most recent call last):
  File "/opt/ros/noetic/lib/python3/dist-packages/rosmaster/threadpool.py", line 218, in run
    result = cmd(*args)
  File "/opt/ros/noetic/lib/python3/dist-packages/rosmaster/master_api.py", line 210, in publisher_update_task
    ret = xmlrpcapi(api).publisherUpdate('/master', topic, pub_uris)
  File "/usr/lib/python3.8/xmlrpc/client.py", line 1109, in __call__
    return self.__send(self.__name, args)
  File "/usr/lib/python3.8/xmlrpc/client.py", line 1450, in __request
    response = self.__transport.request(
  File "/usr/lib/python3.8/xmlrpc/client.py", line 1153, in request
    return self.single_request(host, handler, request_body, verbose)
  File "/usr/lib/python3.8/xmlrpc/client.py", line 1165, in single_request
    http_conn = self.send_request(host, handler, request_body, verbose)
  File "/usr/lib/python3.8/xmlrpc/client.py", line 1278, in send_request
    self.send_content(connection, request_body)
  File "/usr/lib/python3.8/xmlrpc/client.py", line 1308, in send_content
    connection.endheaders(request_body)
  File "/usr/lib/python3.8/http/client.py", line 1251, in endheaders
    self._send_output(message_body, encode_chunked=encode_chunked)
  File "/usr/lib/python3.8/http/client.py", line 1011, in _send_output
    self.send(msg)
  File "/usr/lib/python3.8/http/client.py", line 951, in send
    self.connect()
  File "/usr/lib/python3.8/http/client.py", line 922, in connect
    self.sock = self._create_connection(
  File "/usr/lib/python3.8/socket.py", line 808, in create_connection
    raise err
  File "/usr/lib/python3.8/socket.py", line 796, in create_connection
    sock.connect(sa)
ConnectionRefusedError: [Errno 111] Connection refused

[rosmaster.master][INFO] 2026-04-25 18:29:17,542: publisherUpdate[/ctrl/agent_5] -> http://y:39297/ []
[rosmaster.master][INFO] 2026-04-25 18:29:17,542: publisherUpdate[/rosout] -> http://y:40463/ ['http://y:39319/', 'http://y:36701/', 'http://y:33071/', 'http://y:41635/', 'http://y:36879/', 'http://y:39297/']
[rosmaster.master][INFO] 2026-04-25 18:29:17,542: publisherUpdate[/ctrl/agent_5] -> http://y:39297/ []: sec=0.00, exception=[Errno 111] Connection refused
[rosmaster.master][INFO] 2026-04-25 18:29:17,542: publisherUpdate[/rosout] -> http://y:40463/ ['http://y:39319/', 'http://y:36701/', 'http://y:33071/', 'http://y:41635/', 'http://y:36879/', 'http://y:39297/']: sec=0.00, result=[1, '', 0]
[rosmaster.threadpool][ERROR] 2026-04-25 18:29:17,542: Traceback (most recent call last):
  File "/opt/ros/noetic/lib/python3/dist-packages/rosmaster/threadpool.py", line 218, in run
    result = cmd(*args)
  File "/opt/ros/noetic/lib/python3/dist-packages/rosmaster/master_api.py", line 210, in publisher_update_task
    ret = xmlrpcapi(api).publisherUpdate('/master', topic, pub_uris)
  File "/usr/lib/python3.8/xmlrpc/client.py", line 1109, in __call__
    return self.__send(self.__name, args)
  File "/usr/lib/python3.8/xmlrpc/client.py", line 1450, in __request
    response = self.__transport.request(
  File "/usr/lib/python3.8/xmlrpc/client.py", line 1153, in request
    return self.single_request(host, handler, request_body, verbose)
  File "/usr/lib/python3.8/xmlrpc/client.py", line 1165, in single_request
    http_conn = self.send_request(host, handler, request_body, verbose)
  File "/usr/lib/python3.8/xmlrpc/client.py", line 1278, in send_request
    self.send_content(connection, request_body)
  File "/usr/lib/python3.8/xmlrpc/client.py", line 1308, in send_content
    connection.endheaders(request_body)
  File "/usr/lib/python3.8/http/client.py", line 1251, in endheaders
    self._send_output(message_body, encode_chunked=encode_chunked)
  File "/usr/lib/python3.8/http/client.py", line 1011, in _send_output
    self.send(msg)
  File "/usr/lib/python3.8/http/client.py", line 951, in send
    self.connect()
  File "/usr/lib/python3.8/http/client.py", line 922, in connect
    self.sock = self._create_connection(
  File "/usr/lib/python3.8/socket.py", line 808, in create_connection
    raise err
  File "/usr/lib/python3.8/socket.py", line 796, in create_connection
    sock.connect(sa)
ConnectionRefusedError: [Errno 111] Connection refused

[rosmaster.master][INFO] 2026-04-25 18:29:17,542: publisherUpdate[/ctrl/agent_3] -> http://y:39297/ []
[rosmaster.master][INFO] 2026-04-25 18:29:17,542: publisherUpdate[/arena_info_static] -> http://y:33071/ []: sec=0.00, result=[0, 'Unknown Error', 0]
[rosmaster.master][INFO] 2026-04-25 18:29:17,542: publisherUpdate[/rosout] -> http://y:40463/ ['http://y:39319/', 'http://y:36701/', 'http://y:33071/', 'http://y:41635/', 'http://y:36879/']
[rosmaster.master][INFO] 2026-04-25 18:29:17,542: publisherUpdate[/arena_info_static] -> http://y:36879/ []
[rosmaster.master][INFO] 2026-04-25 18:29:17,543: publisherUpdate[/ctrl/agent_3] -> http://y:39297/ []: sec=0.00, exception=[Errno 111] Connection refused
[rosmaster.master][INFO] 2026-04-25 18:29:17,543: publisherUpdate[/rosout] -> http://y:40463/ ['http://y:39319/', 'http://y:36701/', 'http://y:33071/', 'http://y:41635/', 'http://y:36879/']: sec=0.00, result=[1, '', 0]
[rosmaster.master][INFO] 2026-04-25 18:29:17,543: publisherUpdate[/ctrl/agent_2] -> http://y:39297/ []
[rosmaster.threadpool][ERROR] 2026-04-25 18:29:17,543: Traceback (most recent call last):
  File "/opt/ros/noetic/lib/python3/dist-packages/rosmaster/threadpool.py", line 218, in run
    result = cmd(*args)
  File "/opt/ros/noetic/lib/python3/dist-packages/rosmaster/master_api.py", line 210, in publisher_update_task
    ret = xmlrpcapi(api).publisherUpdate('/master', topic, pub_uris)
  File "/usr/lib/python3.8/xmlrpc/client.py", line 1109, in __call__
    return self.__send(self.__name, args)
  File "/usr/lib/python3.8/xmlrpc/client.py", line 1450, in __request
    response = self.__transport.request(
  File "/usr/lib/python3.8/xmlrpc/client.py", line 1153, in request
    return self.single_request(host, handler, request_body, verbose)
  File "/usr/lib/python3.8/xmlrpc/client.py", line 1165, in single_request
    http_conn = self.send_request(host, handler, request_body, verbose)
  File "/usr/lib/python3.8/xmlrpc/client.py", line 1278, in send_request
    self.send_content(connection, request_body)
  File "/usr/lib/python3.8/xmlrpc/client.py", line 1308, in send_content
    connection.endheaders(request_body)
  File "/usr/lib/python3.8/http/client.py", line 1251, in endheaders
    self._send_output(message_body, encode_chunked=encode_chunked)
  File "/usr/lib/python3.8/http/client.py", line 1011, in _send_output
    self.send(msg)
  File "/usr/lib/python3.8/http/client.py", line 951, in send
    self.connect()
  File "/usr/lib/python3.8/http/client.py", line 922, in connect
    self.sock = self._create_connection(
  File "/usr/lib/python3.8/socket.py", line 808, in create_connection
    raise err
  File "/usr/lib/python3.8/socket.py", line 796, in create_connection
    sock.connect(sa)
ConnectionRefusedError: [Errno 111] Connection refused

[rosmaster.master][INFO] 2026-04-25 18:29:17,543: publisherUpdate[/arena_info_static] -> http://y:41635/ []
[rosmaster.master][INFO] 2026-04-25 18:29:17,543: publisherUpdate[/ctrl/agent_2] -> http://y:39297/ []: sec=0.00, exception=[Errno 111] Connection refused
[rosmaster.threadpool][ERROR] 2026-04-25 18:29:17,543: Traceback (most recent call last):
  File "/opt/ros/noetic/lib/python3/dist-packages/rosmaster/threadpool.py", line 218, in run
    result = cmd(*args)
  File "/opt/ros/noetic/lib/python3/dist-packages/rosmaster/master_api.py", line 210, in publisher_update_task
    ret = xmlrpcapi(api).publisherUpdate('/master', topic, pub_uris)
  File "/usr/lib/python3.8/xmlrpc/client.py", line 1109, in __call__
    return self.__send(self.__name, args)
  File "/usr/lib/python3.8/xmlrpc/client.py", line 1450, in __request
    response = self.__transport.request(
  File "/usr/lib/python3.8/xmlrpc/client.py", line 1153, in request
    return self.single_request(host, handler, request_body, verbose)
  File "/usr/lib/python3.8/xmlrpc/client.py", line 1165, in single_request
    http_conn = self.send_request(host, handler, request_body, verbose)
  File "/usr/lib/python3.8/xmlrpc/client.py", line 1278, in send_request
    self.send_content(connection, request_body)
  File "/usr/lib/python3.8/xmlrpc/client.py", line 1308, in send_content
    connection.endheaders(request_body)
  File "/usr/lib/python3.8/http/client.py", line 1251, in endheaders
    self._send_output(message_body, encode_chunked=encode_chunked)
  File "/usr/lib/python3.8/http/client.py", line 1011, in _send_output
    self.send(msg)
  File "/usr/lib/python3.8/http/client.py", line 951, in send
    self.connect()
  File "/usr/lib/python3.8/http/client.py", line 922, in connect
    self.sock = self._create_connection(
  File "/usr/lib/python3.8/socket.py", line 808, in create_connection
    raise err
  File "/usr/lib/python3.8/socket.py", line 796, in create_connection
    sock.connect(sa)
ConnectionRefusedError: [Errno 111] Connection refused

[rosmaster.master][INFO] 2026-04-25 18:29:17,543: publisherUpdate[/arena_info_static] -> http://y:36701/ []
[rosmaster.master][INFO] 2026-04-25 18:29:17,544: publisherUpdate[/arena_info_static] -> http://y:36879/ []: sec=0.00, result=[0, 'Unknown Error', 0]
[rosmaster.master][INFO] 2026-04-25 18:29:17,544: publisherUpdate[/arena_info_static] -> http://y:41635/ []: sec=0.00, result=[0, 'Unknown Error', 0]
[rosmaster.master][INFO] 2026-04-25 18:29:17,544: publisherUpdate[/arena_info_dynamic] -> http://y:39319/ []
[rosmaster.master][INFO] 2026-04-25 18:29:17,544: publisherUpdate[/arena_info_dynamic] -> http://y:33071/ []
[rosmaster.master][INFO] 2026-04-25 18:29:17,544: publisherUpdate[/arena_info_static] -> http://y:36701/ []: sec=0.00, result=[1, '', 0]
[rosmaster.master][INFO] 2026-04-25 18:29:17,544: publisherUpdate[/arena_info_dynamic] -> http://y:39319/ []: sec=0.00, result=[1, '', 0]
[rosmaster.master][INFO] 2026-04-25 18:29:17,544: publisherUpdate[/arena_info_dynamic] -> http://y:36879/ []
[rosmaster.master][INFO] 2026-04-25 18:29:17,544: publisherUpdate[/arena_info_dynamic] -> http://y:41635/ []
[rosmaster.master][INFO] 2026-04-25 18:29:17,545: publisherUpdate[/arena_info_dynamic] -> http://y:33071/ []: sec=0.00, result=[0, 'Unknown Error', 0]
[rosmaster.master][INFO] 2026-04-25 18:29:17,545: publisherUpdate[/arena_info_dynamic] -> http://y:36701/ []
[rosmaster.master][INFO] 2026-04-25 18:29:17,545: publisherUpdate[/arena_info_dynamic] -> http://y:41635/ []: sec=0.00, result=[0, 'Unknown Error', 0]
[rosmaster.master][INFO] 2026-04-25 18:29:17,545: publisherUpdate[/arena_info_dynamic] -> http://y:36879/ []: sec=0.00, result=[0, 'Unknown Error', 0]
[rosmaster.master][INFO] 2026-04-25 18:29:17,545: publisherUpdate[/arena_info_dynamic] -> http://y:36701/ []: sec=0.00, result=[1, '', 0]
[rosmaster.master][INFO] 2026-04-25 18:29:17,645: -PUB [/rosout] /onlane_ai_agent_1 http://y:39319/
[rosmaster.master][INFO] 2026-04-25 18:29:17,645: -PUB [/rosout] /onlane_ai_agent_4 http://y:33071/
[rosmaster.master][INFO] 2026-04-25 18:29:17,646: publisherUpdate[/rosout] -> http://y:40463/ ['http://y:36701/', 'http://y:33071/', 'http://y:41635/', 'http://y:36879/']
[rosmaster.master][INFO] 2026-04-25 18:29:17,646: -PUB [/rosout] /onlane_ai_agent_7 http://y:41635/
[rosmaster.master][INFO] 2026-04-25 18:29:17,646: -PUB [/rosout] /onlane_ai_agent_9 http://y:36879/
[rosmaster.master][INFO] 2026-04-25 18:29:17,647: publisherUpdate[/rosout] -> http://y:40463/ ['http://y:36701/', 'http://y:33071/', 'http://y:41635/', 'http://y:36879/']: sec=0.00, result=[1, '', 0]
[rosmaster.master][INFO] 2026-04-25 18:29:17,647: -PUB [/ctrl/agent_4] /onlane_ai_agent_4 http://y:33071/
[rosmaster.master][INFO] 2026-04-25 18:29:17,647: publisherUpdate[/rosout] -> http://y:40463/ ['http://y:36701/', 'http://y:41635/', 'http://y:36879/']
[rosmaster.master][INFO] 2026-04-25 18:29:17,648: -PUB [/ctrl/agent_1] /onlane_ai_agent_1 http://y:39319/
[rosmaster.master][INFO] 2026-04-25 18:29:17,648: publisherUpdate[/rosout] -> http://y:40463/ ['http://y:36701/', 'http://y:41635/', 'http://y:36879/']: sec=0.00, result=[1, '', 0]
[rosmaster.master][INFO] 2026-04-25 18:29:17,648: publisherUpdate[/rosout] -> http://y:40463/ ['http://y:36701/', 'http://y:36879/']
[rosmaster.master][INFO] 2026-04-25 18:29:17,649: -PUB [/ctrl/agent_7] /onlane_ai_agent_7 http://y:41635/
[rosmaster.master][INFO] 2026-04-25 18:29:17,649: publisherUpdate[/rosout] -> http://y:40463/ ['http://y:36701/', 'http://y:36879/']: sec=0.00, result=[1, '', 0]
[rosmaster.master][INFO] 2026-04-25 18:29:17,649: publisherUpdate[/rosout] -> http://y:40463/ ['http://y:36701/']
[rosmaster.master][INFO] 2026-04-25 18:29:17,649: -PUB [/ctrl/agent_9] /onlane_ai_agent_9 http://y:36879/
[rosmaster.master][INFO] 2026-04-25 18:29:17,649: publisherUpdate[/rosout] -> http://y:40463/ ['http://y:36701/']: sec=0.00, result=[1, '', 0]
[rosmaster.master][INFO] 2026-04-25 18:29:17,650: -PUB [/tf] /onlane_ai_agent_4 http://y:33071/
[rosmaster.master][INFO] 2026-04-25 18:29:17,650: -PUB [/tf] /onlane_ai_agent_1 http://y:39319/
[rosmaster.master][INFO] 2026-04-25 18:29:17,650: -PUB [/tf] /onlane_ai_agent_7 http://y:41635/
[rosmaster.master][INFO] 2026-04-25 18:29:17,650: -PUB [/tf] /onlane_ai_agent_9 http://y:36879/
[rosmaster.master][INFO] 2026-04-25 18:29:17,651: -PUB [/vis/agent_4/ego_vehicle_vis] /onlane_ai_agent_4 http://y:33071/
[rosmaster.master][INFO] 2026-04-25 18:29:17,651: -PUB [/vis/agent_1/ego_vehicle_vis] /onlane_ai_agent_1 http://y:39319/
[rosmaster.master][INFO] 2026-04-25 18:29:17,651: -PUB [/vis/agent_7/ego_vehicle_vis] /onlane_ai_agent_7 http://y:41635/
[rosmaster.master][INFO] 2026-04-25 18:29:17,651: -PUB [/vis/agent_9/ego_vehicle_vis] /onlane_ai_agent_9 http://y:36879/
[rosmaster.master][INFO] 2026-04-25 18:29:17,652: -PUB [/vis/agent_4/obstacle_map] /onlane_ai_agent_4 http://y:33071/
[rosmaster.master][INFO] 2026-04-25 18:29:17,652: -PUB [/vis/agent_7/obstacle_map] /onlane_ai_agent_7 http://y:41635/
[rosmaster.master][INFO] 2026-04-25 18:29:17,652: -PUB [/vis/agent_1/obstacle_map] /onlane_ai_agent_1 http://y:39319/
[rosmaster.master][INFO] 2026-04-25 18:29:17,652: -PUB [/vis/agent_9/obstacle_map] /onlane_ai_agent_9 http://y:36879/
[rosmaster.master][INFO] 2026-04-25 18:29:17,652: -PUB [/vis/agent_4/surrounding_lane_net_vis] /onlane_ai_agent_4 http://y:33071/
[rosmaster.master][INFO] 2026-04-25 18:29:17,653: -PUB [/vis/agent_7/surrounding_lane_net_vis] /onlane_ai_agent_7 http://y:41635/
[rosmaster.master][INFO] 2026-04-25 18:29:17,653: -PUB [/vis/agent_1/surrounding_lane_net_vis] /onlane_ai_agent_1 http://y:39319/
[rosmaster.master][INFO] 2026-04-25 18:29:17,653: -PUB [/vis/agent_9/surrounding_lane_net_vis] /onlane_ai_agent_9 http://y:36879/
[rosmaster.master][INFO] 2026-04-25 18:29:17,653: -PUB [/vis/agent_7/local_lanes_vis] /onlane_ai_agent_7 http://y:41635/
[rosmaster.master][INFO] 2026-04-25 18:29:17,654: -PUB [/vis/agent_4/local_lanes_vis] /onlane_ai_agent_4 http://y:33071/
[rosmaster.master][INFO] 2026-04-25 18:29:17,654: -PUB [/vis/agent_1/local_lanes_vis] /onlane_ai_agent_1 http://y:39319/
[rosmaster.master][INFO] 2026-04-25 18:29:17,654: -PUB [/vis/agent_9/local_lanes_vis] /onlane_ai_agent_9 http://y:36879/
[rosmaster.master][INFO] 2026-04-25 18:29:17,654: -PUB [/vis/agent_7/ego_behavior_vis] /onlane_ai_agent_7 http://y:41635/
[rosmaster.master][INFO] 2026-04-25 18:29:17,654: -PUB [/vis/agent_4/ego_behavior_vis] /onlane_ai_agent_4 http://y:33071/
[rosmaster.master][INFO] 2026-04-25 18:29:17,655: -PUB [/vis/agent_1/ego_behavior_vis] /onlane_ai_agent_1 http://y:39319/
[rosmaster.master][INFO] 2026-04-25 18:29:17,655: -PUB [/vis/agent_9/ego_behavior_vis] /onlane_ai_agent_9 http://y:36879/
[rosmaster.master][INFO] 2026-04-25 18:29:17,655: -PUB [/vis/agent_7/pred_traj_openloop_vis] /onlane_ai_agent_7 http://y:41635/
[rosmaster.master][INFO] 2026-04-25 18:29:17,655: -PUB [/vis/agent_4/pred_traj_openloop_vis] /onlane_ai_agent_4 http://y:33071/
[rosmaster.master][INFO] 2026-04-25 18:29:17,656: -PUB [/vis/agent_1/pred_traj_openloop_vis] /onlane_ai_agent_1 http://y:39319/
[rosmaster.master][INFO] 2026-04-25 18:29:17,656: -PUB [/vis/agent_9/pred_traj_openloop_vis] /onlane_ai_agent_9 http://y:36879/
[rosmaster.master][INFO] 2026-04-25 18:29:17,656: -PUB [/vis/agent_7/pred_initial_intention_vis] /onlane_ai_agent_7 http://y:41635/
[rosmaster.master][INFO] 2026-04-25 18:29:17,656: -PUB [/vis/agent_4/pred_initial_intention_vis] /onlane_ai_agent_4 http://y:33071/
[rosmaster.master][INFO] 2026-04-25 18:29:17,657: -PUB [/vis/agent_1/pred_initial_intention_vis] /onlane_ai_agent_1 http://y:39319/
[rosmaster.master][INFO] 2026-04-25 18:29:17,657: -PUB [/vis/agent_9/pred_initial_intention_vis] /onlane_ai_agent_9 http://y:36879/
[rosmaster.master][INFO] 2026-04-25 18:29:17,657: -PUB [/vis/agent_7/surrounding_vehicle_vis] /onlane_ai_agent_7 http://y:41635/
[rosmaster.master][INFO] 2026-04-25 18:29:17,657: -PUB [/vis/agent_4/surrounding_vehicle_vis] /onlane_ai_agent_4 http://y:33071/
[rosmaster.master][INFO] 2026-04-25 18:29:17,657: -PUB [/vis/agent_1/surrounding_vehicle_vis] /onlane_ai_agent_1 http://y:39319/
[rosmaster.master][INFO] 2026-04-25 18:29:17,658: -PUB [/vis/agent_9/surrounding_vehicle_vis] /onlane_ai_agent_9 http://y:36879/
[rosmaster.master][INFO] 2026-04-25 18:29:17,658: -PUB [/vis/agent_7/speed_limit] /onlane_ai_agent_7 http://y:41635/
[rosmaster.master][INFO] 2026-04-25 18:29:17,658: -PUB [/vis/agent_4/speed_limit] /onlane_ai_agent_4 http://y:33071/
[rosmaster.master][INFO] 2026-04-25 18:29:17,658: -PUB [/vis/agent_1/speed_limit] /onlane_ai_agent_1 http://y:39319/
[rosmaster.master][INFO] 2026-04-25 18:29:17,658: -PUB [/vis/agent_9/speed_limit] /onlane_ai_agent_9 http://y:36879/
[rosmaster.master][INFO] 2026-04-25 18:29:17,659: -PUB [/vis/agent_7/forward_trajs] /onlane_ai_agent_7 http://y:41635/
[rosmaster.master][INFO] 2026-04-25 18:29:17,659: -PUB [/vis/agent_4/forward_trajs] /onlane_ai_agent_4 http://y:33071/
[rosmaster.master][INFO] 2026-04-25 18:29:17,659: -PUB [/vis/agent_9/forward_trajs] /onlane_ai_agent_9 http://y:36879/
[rosmaster.master][INFO] 2026-04-25 18:29:17,659: -PUB [/vis/agent_1/forward_trajs] /onlane_ai_agent_1 http://y:39319/
[rosmaster.master][INFO] 2026-04-25 18:29:17,660: -SUB [/arena_info_static] /onlane_ai_agent_7 http://y:41635/
[rosmaster.master][INFO] 2026-04-25 18:29:17,660: -SUB [/arena_info_static] /onlane_ai_agent_9 http://y:36879/
[rosmaster.master][INFO] 2026-04-25 18:29:17,660: -SUB [/arena_info_static] /onlane_ai_agent_4 http://y:33071/
[rosmaster.master][INFO] 2026-04-25 18:29:17,660: -SUB [/arena_info_static] /onlane_ai_agent_1 http://y:39319/
[rosmaster.master][INFO] 2026-04-25 18:29:17,661: -SUB [/arena_info_dynamic] /onlane_ai_agent_7 http://y:41635/
[rosmaster.master][INFO] 2026-04-25 18:29:17,661: -SUB [/arena_info_dynamic] /onlane_ai_agent_9 http://y:36879/
[rosmaster.master][INFO] 2026-04-25 18:29:17,661: -SUB [/arena_info_dynamic] /onlane_ai_agent_4 http://y:33071/
[rosmaster.master][INFO] 2026-04-25 18:29:17,661: -SUB [/arena_info_dynamic] /onlane_ai_agent_1 http://y:39319/
[rosmaster.master][INFO] 2026-04-25 18:29:17,662: -SUB [/joy] /onlane_ai_agent_9 http://y:36879/
[rosmaster.master][INFO] 2026-04-25 18:29:17,662: -SUB [/joy] /onlane_ai_agent_7 http://y:41635/
[rosmaster.master][INFO] 2026-04-25 18:29:17,662: -SUB [/joy] /onlane_ai_agent_4 http://y:33071/
[rosmaster.master][INFO] 2026-04-25 18:29:17,662: -SUB [/joy] /onlane_ai_agent_1 http://y:39319/
[rosmaster.master][INFO] 2026-04-25 18:29:17,662: -SERVICE [/onlane_ai_agent_9/get_loggers] /onlane_ai_agent_9 rosrpc://y:56417
[rosmaster.master][INFO] 2026-04-25 18:29:17,663: -SERVICE [/onlane_ai_agent_7/get_loggers] /onlane_ai_agent_7 rosrpc://y:41697
[rosmaster.master][INFO] 2026-04-25 18:29:17,663: -SERVICE [/onlane_ai_agent_1/get_loggers] /onlane_ai_agent_1 rosrpc://y:32845
[rosmaster.master][INFO] 2026-04-25 18:29:17,663: -SERVICE [/onlane_ai_agent_9/set_logger_level] /onlane_ai_agent_9 rosrpc://y:56417
[rosmaster.master][INFO] 2026-04-25 18:29:17,663: -SERVICE [/onlane_ai_agent_4/get_loggers] /onlane_ai_agent_4 rosrpc://y:38525
[rosmaster.master][INFO] 2026-04-25 18:29:17,664: -SERVICE [/onlane_ai_agent_7/set_logger_level] /onlane_ai_agent_7 rosrpc://y:41697
[rosmaster.master][INFO] 2026-04-25 18:29:17,664: -SERVICE [/onlane_ai_agent_1/set_logger_level] /onlane_ai_agent_1 rosrpc://y:32845
[rosmaster.master][INFO] 2026-04-25 18:29:17,664: -SERVICE [/onlane_ai_agent_4/set_logger_level] /onlane_ai_agent_4 rosrpc://y:38525
[rosmaster.master][INFO] 2026-04-25 18:29:17,746: -PUB [/rosout] /test_ssc_with_eudm_0 http://y:36701/
[rosmaster.master][INFO] 2026-04-25 18:29:17,746: -PUB [/tf] /test_ssc_with_eudm_0 http://y:36701/
[rosmaster.master][INFO] 2026-04-25 18:29:17,746: -PUB [/vis/agent_0/ego_vehicle_vis] /test_ssc_with_eudm_0 http://y:36701/
[rosmaster.master][INFO] 2026-04-25 18:29:17,747: -PUB [/vis/agent_0/obstacle_map] /test_ssc_with_eudm_0 http://y:36701/
[rosmaster.master][INFO] 2026-04-25 18:29:17,747: -PUB [/vis/agent_0/surrounding_lane_net_vis] /test_ssc_with_eudm_0 http://y:36701/
[rosmaster.master][INFO] 2026-04-25 18:29:17,747: publisherUpdate[/rosout] -> http://y:40463/ []
[rosmaster.master][INFO] 2026-04-25 18:29:17,747: -PUB [/vis/agent_0/local_lanes_vis] /test_ssc_with_eudm_0 http://y:36701/
[rosmaster.master][INFO] 2026-04-25 18:29:17,747: -PUB [/vis/agent_0/ego_behavior_vis] /test_ssc_with_eudm_0 http://y:36701/
[rosmaster.master][INFO] 2026-04-25 18:29:17,747: -PUB [/vis/agent_0/pred_traj_openloop_vis] /test_ssc_with_eudm_0 http://y:36701/
[rosmaster.master][INFO] 2026-04-25 18:29:17,748: -PUB [/vis/agent_0/pred_initial_intention_vis] /test_ssc_with_eudm_0 http://y:36701/
[rosmaster.master][INFO] 2026-04-25 18:29:17,748: publisherUpdate[/rosout] -> http://y:40463/ []: sec=0.00, result=[1, '', 0]
[rosmaster.master][INFO] 2026-04-25 18:29:17,748: -PUB [/vis/agent_0/surrounding_vehicle_vis] /test_ssc_with_eudm_0 http://y:36701/
[rosmaster.master][INFO] 2026-04-25 18:29:17,748: -PUB [/vis/agent_0/speed_limit] /test_ssc_with_eudm_0 http://y:36701/
[rosmaster.master][INFO] 2026-04-25 18:29:17,748: -PUB [/vis/agent_0/ssc/map_vis] /test_ssc_with_eudm_0 http://y:36701/
[rosmaster.master][INFO] 2026-04-25 18:29:17,748: -PUB [/vis/agent_0/ssc/qp_vis] /test_ssc_with_eudm_0 http://y:36701/
[rosmaster.master][INFO] 2026-04-25 18:29:17,748: -PUB [/vis/agent_0/ssc/ego_fs_vis] /test_ssc_with_eudm_0 http://y:36701/
[rosmaster.master][INFO] 2026-04-25 18:29:17,748: -PUB [/vis/agent_0/ssc/forward_trajs_vis] /test_ssc_with_eudm_0 http://y:36701/
[rosmaster.master][INFO] 2026-04-25 18:29:17,749: -PUB [/vis/agent_0/ssc/sur_vehicle_trajs_vis] /test_ssc_with_eudm_0 http://y:36701/
[rosmaster.master][INFO] 2026-04-25 18:29:17,749: -PUB [/vis/agent_0/ssc/corridor_vis] /test_ssc_with_eudm_0 http://y:36701/
[rosmaster.master][INFO] 2026-04-25 18:29:17,749: -PUB [/vis/agent_0/forward_trajs] /test_ssc_with_eudm_0 http://y:36701/
[rosmaster.master][INFO] 2026-04-25 18:29:17,749: -PUB [/ctrl/agent_0] /test_ssc_with_eudm_0 http://y:36701/
[rosmaster.master][INFO] 2026-04-25 18:29:17,749: -PUB [/test_ssc_with_eudm_0/ssc_map] /test_ssc_with_eudm_0 http://y:36701/
[rosmaster.master][INFO] 2026-04-25 18:29:17,749: -PUB [/vis/agent_0/ssc/exec_traj] /test_ssc_with_eudm_0 http://y:36701/
[rosmaster.master][INFO] 2026-04-25 18:29:17,750: -SUB [/joy] /test_ssc_with_eudm_0 http://y:36701/
[rosmaster.master][INFO] 2026-04-25 18:29:17,750: -SUB [/arena_info_static] /test_ssc_with_eudm_0 http://y:36701/
[rosmaster.master][INFO] 2026-04-25 18:29:17,750: -SUB [/arena_info_dynamic] /test_ssc_with_eudm_0 http://y:36701/
[rosmaster.master][INFO] 2026-04-25 18:29:17,750: -SERVICE [/test_ssc_with_eudm_0/get_loggers] /test_ssc_with_eudm_0 rosrpc://y:53857
[rosmaster.master][INFO] 2026-04-25 18:29:17,750: -SERVICE [/test_ssc_with_eudm_0/set_logger_level] /test_ssc_with_eudm_0 rosrpc://y:53857
[rosmaster.master][INFO] 2026-04-25 18:29:17,948: -PUB [/rosout_agg] /rosout http://y:40463/
[rosmaster.master][INFO] 2026-04-25 18:29:17,949: -SUB [/rosout] /rosout http://y:40463/
[rosmaster.master][INFO] 2026-04-25 18:29:17,949: -SERVICE [/rosout/get_loggers] /rosout rosrpc://y:51613
[rosmaster.master][INFO] 2026-04-25 18:29:17,949: -SERVICE [/rosout/set_logger_level] /rosout rosrpc://y:51613
[rosmaster.main][INFO] 2026-04-25 18:29:18,018: keyboard interrupt, will exit
[rosmaster.main][INFO] 2026-04-25 18:29:18,018: stopping master...
[rospy.core][INFO] 2026-04-25 18:29:18,018: signal_shutdown [atexit]
