[rosmaster.main][INFO] 2026-05-06 17:00:13,777: initialization complete, waiting for shutdown
[rosmaster.main][INFO] 2026-05-06 17:00:13,777: Starting ROS Master Node
[xmlrpc][INFO] 2026-05-06 17:00:13,783: XML-RPC server binding to 0.0.0.0:11311
[xmlrpc][INFO] 2026-05-06 17:00:13,783: Started XML-RPC server [http://y:11311/]
[rosmaster.master][INFO] 2026-05-06 17:00:13,783: Master initialized: port[11311], uri[http://y:11311/]
[xmlrpc][INFO] 2026-05-06 17:00:13,783: xml rpc node: starting XML-RPC server
[rosmaster.master][INFO] 2026-05-06 17:00:13,791: +PARAM [/run_id] by /roslaunch
[rosmaster.master][INFO] 2026-05-06 17:00:13,792: +PARAM [/roslaunch/uris/host_y__34307] by /roslaunch
[rosmaster.master][INFO] 2026-05-06 17:00:13,815: +PARAM [/rosversion] by /roslaunch
[rosmaster.master][INFO] 2026-05-06 17:00:13,815: +PARAM [/rosdistro] by /roslaunch
[rosmaster.master][INFO] 2026-05-06 17:00:13,815: +PARAM [/test_ssc_with_eudm_0/ego_id] by /roslaunch
[rosmaster.master][INFO] 2026-05-06 17:00:13,815: +PARAM [/test_ssc_with_eudm_0/agent_config_path] by /roslaunch
[rosmaster.master][INFO] 2026-05-06 17:00:13,815: +PARAM [/test_ssc_with_eudm_0/bp_config_path] by /roslaunch
[rosmaster.master][INFO] 2026-05-06 17:00:13,815: +PARAM [/test_ssc_with_eudm_0/ssc_config_path] by /roslaunch
[rosmaster.master][INFO] 2026-05-06 17:00:13,815: +PARAM [/test_ssc_with_eudm_0/desired_vel] by /roslaunch
[rosmaster.master][INFO] 2026-05-06 17:00:13,815: +PARAM [/test_ssc_with_eudm_0/use_sim_state] by /roslaunch
[rosmaster.master][INFO] 2026-05-06 17:00:13,815: +PARAM [/onlane_ai_agent_1/ego_id] by /roslaunch
[rosmaster.master][INFO] 2026-05-06 17:00:13,815: +PARAM [/onlane_ai_agent_1/agent_config_path] by /roslaunch
[rosmaster.master][INFO] 2026-05-06 17:00:13,815: +PARAM [/onlane_ai_agent_1/desired_vel] by /roslaunch
[rosmaster.master][INFO] 2026-05-06 17:00:13,815: +PARAM [/onlane_ai_agent_1/autonomous_level] by /roslaunch
[rosmaster.master][INFO] 2026-05-06 17:00:13,815: +PARAM [/onlane_ai_agent_1/aggressiveness_level] by /roslaunch
[rosmaster.master][INFO] 2026-05-06 17:00:13,815: +PARAM [/onlane_ai_agent_2/ego_id] by /roslaunch
[rosmaster.master][INFO] 2026-05-06 17:00:13,815: +PARAM [/onlane_ai_agent_2/agent_config_path] by /roslaunch
[rosmaster.master][INFO] 2026-05-06 17:00:13,815: +PARAM [/onlane_ai_agent_2/desired_vel] by /roslaunch
[rosmaster.master][INFO] 2026-05-06 17:00:13,815: +PARAM [/onlane_ai_agent_2/autonomous_level] by /roslaunch
[rosmaster.master][INFO] 2026-05-06 17:00:13,815: +PARAM [/onlane_ai_agent_2/aggressiveness_level] by /roslaunch
[rosmaster.master][INFO] 2026-05-06 17:00:13,815: +PARAM [/onlane_ai_agent_3/ego_id] by /roslaunch
[rosmaster.master][INFO] 2026-05-06 17:00:13,815: +PARAM [/onlane_ai_agent_3/agent_config_path] by /roslaunch
[rosmaster.master][INFO] 2026-05-06 17:00:13,815: +PARAM [/onlane_ai_agent_3/desired_vel] by /roslaunch
[rosmaster.master][INFO] 2026-05-06 17:00:13,815: +PARAM [/onlane_ai_agent_3/autonomous_level] by /roslaunch
[rosmaster.master][INFO] 2026-05-06 17:00:13,815: +PARAM [/onlane_ai_agent_3/aggressiveness_level] by /roslaunch
[rosmaster.master][INFO] 2026-05-06 17:00:13,815: +PARAM [/onlane_ai_agent_4/ego_id] by /roslaunch
[rosmaster.master][INFO] 2026-05-06 17:00:13,815: +PARAM [/onlane_ai_agent_4/agent_config_path] by /roslaunch
[rosmaster.master][INFO] 2026-05-06 17:00:13,815: +PARAM [/onlane_ai_agent_4/desired_vel] by /roslaunch
[rosmaster.master][INFO] 2026-05-06 17:00:13,815: +PARAM [/onlane_ai_agent_4/autonomous_level] by /roslaunch
[rosmaster.master][INFO] 2026-05-06 17:00:13,816: +PARAM [/onlane_ai_agent_4/aggressiveness_level] by /roslaunch
[rosmaster.master][INFO] 2026-05-06 17:00:13,816: +PARAM [/onlane_ai_agent_5/ego_id] by /roslaunch
[rosmaster.master][INFO] 2026-05-06 17:00:13,816: +PARAM [/onlane_ai_agent_5/agent_config_path] by /roslaunch
[rosmaster.master][INFO] 2026-05-06 17:00:13,816: +PARAM [/onlane_ai_agent_5/desired_vel] by /roslaunch
[rosmaster.master][INFO] 2026-05-06 17:00:13,816: +PARAM [/onlane_ai_agent_5/autonomous_level] by /roslaunch
[rosmaster.master][INFO] 2026-05-06 17:00:13,816: +PARAM [/onlane_ai_agent_5/aggressiveness_level] by /roslaunch
[rosmaster.master][INFO] 2026-05-06 17:00:13,816: +PARAM [/onlane_ai_agent_6/ego_id] by /roslaunch
[rosmaster.master][INFO] 2026-05-06 17:00:13,816: +PARAM [/onlane_ai_agent_6/agent_config_path] by /roslaunch
[rosmaster.master][INFO] 2026-05-06 17:00:13,816: +PARAM [/onlane_ai_agent_6/desired_vel] by /roslaunch
[rosmaster.master][INFO] 2026-05-06 17:00:13,816: +PARAM [/onlane_ai_agent_6/autonomous_level] by /roslaunch
[rosmaster.master][INFO] 2026-05-06 17:00:13,816: +PARAM [/onlane_ai_agent_6/aggressiveness_level] by /roslaunch
[rosmaster.master][INFO] 2026-05-06 17:00:13,816: +PARAM [/onlane_ai_agent_7/ego_id] by /roslaunch
[rosmaster.master][INFO] 2026-05-06 17:00:13,816: +PARAM [/onlane_ai_agent_7/agent_config_path] by /roslaunch
[rosmaster.master][INFO] 2026-05-06 17:00:13,816: +PARAM [/onlane_ai_agent_7/desired_vel] by /roslaunch
[rosmaster.master][INFO] 2026-05-06 17:00:13,816: +PARAM [/onlane_ai_agent_7/autonomous_level] by /roslaunch
[rosmaster.master][INFO] 2026-05-06 17:00:13,816: +PARAM [/onlane_ai_agent_7/aggressiveness_level] by /roslaunch
[rosmaster.master][INFO] 2026-05-06 17:00:13,816: +PARAM [/onlane_ai_agent_8/ego_id] by /roslaunch
[rosmaster.master][INFO] 2026-05-06 17:00:13,816: +PARAM [/onlane_ai_agent_8/agent_config_path] by /roslaunch
[rosmaster.master][INFO] 2026-05-06 17:00:13,816: +PARAM [/onlane_ai_agent_8/desired_vel] by /roslaunch
[rosmaster.master][INFO] 2026-05-06 17:00:13,816: +PARAM [/onlane_ai_agent_8/autonomous_level] by /roslaunch
[rosmaster.master][INFO] 2026-05-06 17:00:13,816: +PARAM [/onlane_ai_agent_8/aggressiveness_level] by /roslaunch
[rosmaster.master][INFO] 2026-05-06 17:00:13,816: +PARAM [/onlane_ai_agent_9/ego_id] by /roslaunch
[rosmaster.master][INFO] 2026-05-06 17:00:13,816: +PARAM [/onlane_ai_agent_9/agent_config_path] by /roslaunch
[rosmaster.master][INFO] 2026-05-06 17:00:13,816: +PARAM [/onlane_ai_agent_9/desired_vel] by /roslaunch
[rosmaster.master][INFO] 2026-05-06 17:00:13,816: +PARAM [/onlane_ai_agent_9/autonomous_level] by /roslaunch
[rosmaster.master][INFO] 2026-05-06 17:00:13,816: +PARAM [/onlane_ai_agent_9/aggressiveness_level] by /roslaunch
[rosmaster.master][INFO] 2026-05-06 17:00:13,816: +PARAM [/onlane_ai_agent_10/ego_id] by /roslaunch
[rosmaster.master][INFO] 2026-05-06 17:00:13,816: +PARAM [/onlane_ai_agent_10/agent_config_path] by /roslaunch
[rosmaster.master][INFO] 2026-05-06 17:00:13,816: +PARAM [/onlane_ai_agent_10/desired_vel] by /roslaunch
[rosmaster.master][INFO] 2026-05-06 17:00:13,817: +PARAM [/onlane_ai_agent_10/autonomous_level] by /roslaunch
[rosmaster.master][INFO] 2026-05-06 17:00:13,817: +PARAM [/onlane_ai_agent_10/aggressiveness_level] by /roslaunch
[rosmaster.master][INFO] 2026-05-06 17:00:13,817: +PARAM [/phy_simulator_planning_node/vehicle_info_path] by /roslaunch
[rosmaster.master][INFO] 2026-05-06 17:00:13,817: +PARAM [/phy_simulator_planning_node/map_path] by /roslaunch
[rosmaster.master][INFO] 2026-05-06 17:00:13,817: +PARAM [/phy_simulator_planning_node/lane_net_path] by /roslaunch
[rosmaster.master][INFO] 2026-05-06 17:00:13,817: +SERVICE [/rosout/get_loggers] /rosout http://y:37461/
[rosmaster.master][INFO] 2026-05-06 17:00:13,817: +SERVICE [/rosout/set_logger_level] /rosout http://y:37461/
[rosmaster.master][INFO] 2026-05-06 17:00:13,818: +PUB [/rosout_agg] /rosout http://y:37461/
[rosmaster.master][INFO] 2026-05-06 17:00:13,819: +SUB [/rosout] /rosout http://y:37461/
[rosmaster.master][INFO] 2026-05-06 17:00:13,853: +PUB [/rosout] /onlane_ai_agent_1 http://y:41823/
[rosmaster.master][INFO] 2026-05-06 17:00:13,853: +PUB [/rosout] /onlane_ai_agent_2 http://y:42885/
[rosmaster.master][INFO] 2026-05-06 17:00:13,856: +PUB [/rosout] /onlane_ai_agent_3 http://y:33187/
[rosmaster.master][INFO] 2026-05-06 17:00:13,859: +PUB [/rosout] /onlane_ai_agent_4 http://y:39183/
[rosmaster.master][INFO] 2026-05-06 17:00:13,862: +PUB [/rosout] /test_ssc_with_eudm_0 http://y:46175/
[rosmaster.master][INFO] 2026-05-06 17:00:13,862: +SERVICE [/onlane_ai_agent_3/get_loggers] /onlane_ai_agent_3 http://y:33187/
[rosmaster.master][INFO] 2026-05-06 17:00:13,862: +SERVICE [/onlane_ai_agent_1/get_loggers] /onlane_ai_agent_1 http://y:41823/
[rosmaster.master][INFO] 2026-05-06 17:00:13,862: +SERVICE [/test_ssc_with_eudm_0/get_loggers] /test_ssc_with_eudm_0 http://y:46175/
[rosmaster.master][INFO] 2026-05-06 17:00:13,863: +SERVICE [/onlane_ai_agent_4/get_loggers] /onlane_ai_agent_4 http://y:39183/
[rosmaster.master][INFO] 2026-05-06 17:00:13,863: +SERVICE [/onlane_ai_agent_3/set_logger_level] /onlane_ai_agent_3 http://y:33187/
[rosmaster.master][INFO] 2026-05-06 17:00:13,863: +SERVICE [/onlane_ai_agent_4/set_logger_level] /onlane_ai_agent_4 http://y:39183/
[rosmaster.master][INFO] 2026-05-06 17:00:13,868: +SERVICE [/onlane_ai_agent_2/get_loggers] /onlane_ai_agent_2 http://y:42885/
[rosmaster.master][INFO] 2026-05-06 17:00:13,875: +PUB [/rosout] /onlane_ai_agent_5 http://y:37401/
[rosmaster.master][INFO] 2026-05-06 17:00:13,876: +SERVICE [/onlane_ai_agent_1/set_logger_level] /onlane_ai_agent_1 http://y:41823/
[rosmaster.master][INFO] 2026-05-06 17:00:13,883: +PUB [/ctrl/agent_4] /onlane_ai_agent_4 http://y:39183/
[rosmaster.master][INFO] 2026-05-06 17:00:13,883: publisherUpdate[/rosout] -> http://y:37461/ ['http://y:41823/']
[rosmaster.master][INFO] 2026-05-06 17:00:13,885: +SERVICE [/onlane_ai_agent_2/set_logger_level] /onlane_ai_agent_2 http://y:42885/
[rosmaster.master][INFO] 2026-05-06 17:00:13,886: +SERVICE [/test_ssc_with_eudm_0/set_logger_level] /test_ssc_with_eudm_0 http://y:46175/
[rosmaster.master][INFO] 2026-05-06 17:00:13,886: +SERVICE [/onlane_ai_agent_5/get_loggers] /onlane_ai_agent_5 http://y:37401/
[rosmaster.master][INFO] 2026-05-06 17:00:13,888: publisherUpdate[/rosout] -> http://y:37461/ ['http://y:41823/']: sec=0.00, result=[1, '', 0]
[rosmaster.master][INFO] 2026-05-06 17:00:13,888: publisherUpdate[/rosout] -> http://y:37461/ ['http://y:41823/', 'http://y:42885/']
[rosmaster.master][INFO] 2026-05-06 17:00:13,889: +PUB [/ctrl/agent_3] /onlane_ai_agent_3 http://y:33187/
[rosmaster.master][INFO] 2026-05-06 17:00:13,889: publisherUpdate[/rosout] -> http://y:37461/ ['http://y:41823/', 'http://y:42885/']: sec=0.00, result=[1, '', 0]
[rosmaster.master][INFO] 2026-05-06 17:00:13,889: publisherUpdate[/rosout] -> http://y:37461/ ['http://y:41823/', 'http://y:42885/', 'http://y:33187/']
[rosmaster.master][INFO] 2026-05-06 17:00:13,890: +PUB [/rosout] /onlane_ai_agent_6 http://y:43499/
[rosmaster.master][INFO] 2026-05-06 17:00:13,891: +PUB [/rosout] /onlane_ai_agent_7 http://y:37427/
[rosmaster.master][INFO] 2026-05-06 17:00:13,892: +CACHEDPARAM [/rosout_disable_topics_generation] by /test_ssc_with_eudm_0
[rosmaster.master][INFO] 2026-05-06 17:00:13,892: publisherUpdate[/rosout] -> http://y:37461/ ['http://y:41823/', 'http://y:42885/', 'http://y:33187/']: sec=0.00, result=[1, '', 0]
[rosmaster.master][INFO] 2026-05-06 17:00:13,893: publisherUpdate[/rosout] -> http://y:37461/ ['http://y:41823/', 'http://y:42885/', 'http://y:33187/', 'http://y:39183/']
[rosmaster.master][INFO] 2026-05-06 17:00:13,892: +PUB [/tf] /onlane_ai_agent_4 http://y:39183/
[rosmaster.master][INFO] 2026-05-06 17:00:13,893: +SERVICE [/onlane_ai_agent_5/set_logger_level] /onlane_ai_agent_5 http://y:37401/
[rosmaster.master][INFO] 2026-05-06 17:00:13,893: publisherUpdate[/rosout] -> http://y:37461/ ['http://y:41823/', 'http://y:42885/', 'http://y:33187/', 'http://y:39183/']: sec=0.00, result=[1, '', 0]
[rosmaster.master][INFO] 2026-05-06 17:00:13,894: publisherUpdate[/rosout] -> http://y:37461/ ['http://y:41823/', 'http://y:42885/', 'http://y:33187/', 'http://y:39183/', 'http://y:46175/']
[rosmaster.master][INFO] 2026-05-06 17:00:13,893: +PUB [/vis/agent_4/ego_vehicle_vis] /onlane_ai_agent_4 http://y:39183/
[rosmaster.master][INFO] 2026-05-06 17:00:13,895: publisherUpdate[/rosout] -> http://y:37461/ ['http://y:41823/', 'http://y:42885/', 'http://y:33187/', 'http://y:39183/', 'http://y:46175/']: sec=0.00, result=[1, '', 0]
[rosmaster.master][INFO] 2026-05-06 17:00:13,895: +PUB [/tf] /onlane_ai_agent_3 http://y:33187/
[rosmaster.master][INFO] 2026-05-06 17:00:13,896: publisherUpdate[/rosout] -> http://y:37461/ ['http://y:41823/', 'http://y:42885/', 'http://y:33187/', 'http://y:39183/', 'http://y:46175/', 'http://y:37401/']
[rosmaster.master][INFO] 2026-05-06 17:00:13,897: +PUB [/vis/agent_4/obstacle_map] /onlane_ai_agent_4 http://y:39183/
[rosmaster.master][INFO] 2026-05-06 17:00:13,898: +SERVICE [/onlane_ai_agent_7/get_loggers] /onlane_ai_agent_7 http://y:37427/
[rosmaster.master][INFO] 2026-05-06 17:00:13,898: +PUB [/ctrl/agent_1] /onlane_ai_agent_1 http://y:41823/
[rosmaster.master][INFO] 2026-05-06 17:00:13,898: publisherUpdate[/rosout] -> http://y:37461/ ['http://y:41823/', 'http://y:42885/', 'http://y:33187/', 'http://y:39183/', 'http://y:46175/', 'http://y:37401/']: sec=0.00, result=[1, '', 0]
[rosmaster.master][INFO] 2026-05-06 17:00:13,899: publisherUpdate[/rosout] -> http://y:37461/ ['http://y:41823/', 'http://y:42885/', 'http://y:33187/', 'http://y:39183/', 'http://y:46175/', 'http://y:37401/', 'http://y:43499/']
[rosmaster.master][INFO] 2026-05-06 17:00:13,899: +PUB [/tf] /test_ssc_with_eudm_0 http://y:46175/
[rosmaster.master][INFO] 2026-05-06 17:00:13,899: +PUB [/vis/agent_3/ego_vehicle_vis] /onlane_ai_agent_3 http://y:33187/
[rosmaster.master][INFO] 2026-05-06 17:00:13,899: +PUB [/vis/agent_4/surrounding_lane_net_vis] /onlane_ai_agent_4 http://y:39183/
[rosmaster.master][INFO] 2026-05-06 17:00:13,900: +PUB [/vis/agent_0/ego_vehicle_vis] /test_ssc_with_eudm_0 http://y:46175/
[rosmaster.master][INFO] 2026-05-06 17:00:13,901: publisherUpdate[/rosout] -> http://y:37461/ ['http://y:41823/', 'http://y:42885/', 'http://y:33187/', 'http://y:39183/', 'http://y:46175/', 'http://y:37401/', 'http://y:43499/']: sec=0.00, result=[1, '', 0]
[rosmaster.master][INFO] 2026-05-06 17:00:13,901: publisherUpdate[/rosout] -> http://y:37461/ ['http://y:41823/', 'http://y:42885/', 'http://y:33187/', 'http://y:39183/', 'http://y:46175/', 'http://y:37401/', 'http://y:43499/', 'http://y:37427/']
[rosmaster.master][INFO] 2026-05-06 17:00:13,901: +PUB [/ctrl/agent_5] /onlane_ai_agent_5 http://y:37401/
[rosmaster.master][INFO] 2026-05-06 17:00:13,901: +PUB [/vis/agent_3/obstacle_map] /onlane_ai_agent_3 http://y:33187/
[rosmaster.master][INFO] 2026-05-06 17:00:13,904: +PUB [/vis/agent_4/local_lanes_vis] /onlane_ai_agent_4 http://y:39183/
[rosmaster.master][INFO] 2026-05-06 17:00:13,908: +PUB [/vis/agent_0/obstacle_map] /test_ssc_with_eudm_0 http://y:46175/
[rosmaster.master][INFO] 2026-05-06 17:00:13,909: publisherUpdate[/rosout] -> http://y:37461/ ['http://y:41823/', 'http://y:42885/', 'http://y:33187/', 'http://y:39183/', 'http://y:46175/', 'http://y:37401/', 'http://y:43499/', 'http://y:37427/']: sec=0.01, result=[1, '', 0]
[rosmaster.master][INFO] 2026-05-06 17:00:13,909: +SERVICE [/onlane_ai_agent_7/set_logger_level] /onlane_ai_agent_7 http://y:37427/
[rosmaster.master][INFO] 2026-05-06 17:00:13,910: +SERVICE [/onlane_ai_agent_6/get_loggers] /onlane_ai_agent_6 http://y:43499/
[rosmaster.master][INFO] 2026-05-06 17:00:13,913: +PUB [/rosout] /onlane_ai_agent_9 http://y:44905/
[rosmaster.master][INFO] 2026-05-06 17:00:13,914: +PUB [/vis/agent_0/surrounding_lane_net_vis] /test_ssc_with_eudm_0 http://y:46175/
[rosmaster.master][INFO] 2026-05-06 17:00:13,914: +PUB [/tf] /onlane_ai_agent_1 http://y:41823/
[rosmaster.master][INFO] 2026-05-06 17:00:13,915: +PUB [/vis/agent_3/surrounding_lane_net_vis] /onlane_ai_agent_3 http://y:33187/
[rosmaster.master][INFO] 2026-05-06 17:00:13,915: +SERVICE [/onlane_ai_agent_9/get_loggers] /onlane_ai_agent_9 http://y:44905/
[rosmaster.master][INFO] 2026-05-06 17:00:13,915: +PUB [/vis/agent_4/ego_behavior_vis] /onlane_ai_agent_4 http://y:39183/
[rosmaster.master][INFO] 2026-05-06 17:00:13,916: +PUB [/vis/agent_3/local_lanes_vis] /onlane_ai_agent_3 http://y:33187/
[rosmaster.master][INFO] 2026-05-06 17:00:13,916: +PUB [/ctrl/agent_2] /onlane_ai_agent_2 http://y:42885/
[rosmaster.master][INFO] 2026-05-06 17:00:13,917: +PUB [/vis/agent_4/pred_traj_openloop_vis] /onlane_ai_agent_4 http://y:39183/
[rosmaster.master][INFO] 2026-05-06 17:00:13,917: +PUB [/vis/agent_0/local_lanes_vis] /test_ssc_with_eudm_0 http://y:46175/
[rosmaster.master][INFO] 2026-05-06 17:00:13,917: +SERVICE [/onlane_ai_agent_9/set_logger_level] /onlane_ai_agent_9 http://y:44905/
[rosmaster.master][INFO] 2026-05-06 17:00:13,917: +PUB [/vis/agent_0/ego_behavior_vis] /test_ssc_with_eudm_0 http://y:46175/
[rosmaster.master][INFO] 2026-05-06 17:00:13,918: +PUB [/vis/agent_0/pred_traj_openloop_vis] /test_ssc_with_eudm_0 http://y:46175/
[rosmaster.master][INFO] 2026-05-06 17:00:13,918: +PUB [/vis/agent_4/pred_initial_intention_vis] /onlane_ai_agent_4 http://y:39183/
[rosmaster.master][INFO] 2026-05-06 17:00:13,918: +PUB [/vis/agent_4/surrounding_vehicle_vis] /onlane_ai_agent_4 http://y:39183/
[rosmaster.master][INFO] 2026-05-06 17:00:13,918: +PUB [/vis/agent_0/pred_initial_intention_vis] /test_ssc_with_eudm_0 http://y:46175/
[rosmaster.master][INFO] 2026-05-06 17:00:13,918: +PUB [/vis/agent_4/speed_limit] /onlane_ai_agent_4 http://y:39183/
[rosmaster.master][INFO] 2026-05-06 17:00:13,919: +PUB [/vis/agent_0/surrounding_vehicle_vis] /test_ssc_with_eudm_0 http://y:46175/
[rosmaster.master][INFO] 2026-05-06 17:00:13,919: +PUB [/tf] /onlane_ai_agent_5 http://y:37401/
[rosmaster.master][INFO] 2026-05-06 17:00:13,922: +PUB [/vis/agent_3/ego_behavior_vis] /onlane_ai_agent_3 http://y:33187/
[rosmaster.master][INFO] 2026-05-06 17:00:13,922: +PUB [/vis/agent_1/ego_vehicle_vis] /onlane_ai_agent_1 http://y:41823/
[rosmaster.master][INFO] 2026-05-06 17:00:13,922: +PUB [/vis/agent_3/pred_traj_openloop_vis] /onlane_ai_agent_3 http://y:33187/
[rosmaster.master][INFO] 2026-05-06 17:00:13,923: +PUB [/vis/agent_0/speed_limit] /test_ssc_with_eudm_0 http://y:46175/
[rosmaster.master][INFO] 2026-05-06 17:00:13,925: +PUB [/vis/agent_3/pred_initial_intention_vis] /onlane_ai_agent_3 http://y:33187/
[rosmaster.master][INFO] 2026-05-06 17:00:13,927: +PUB [/rosout] /onlane_ai_agent_10 http://y:37211/
[rosmaster.master][INFO] 2026-05-06 17:00:13,927: +PUB [/vis/agent_3/surrounding_vehicle_vis] /onlane_ai_agent_3 http://y:33187/
[rosmaster.master][INFO] 2026-05-06 17:00:13,927: +SERVICE [/onlane_ai_agent_10/get_loggers] /onlane_ai_agent_10 http://y:37211/
[rosmaster.master][INFO] 2026-05-06 17:00:13,930: +PUB [/rosout] /phy_simulator_planning_node http://y:36905/
[rosmaster.master][INFO] 2026-05-06 17:00:13,931: +PUB [/vis/agent_5/ego_vehicle_vis] /onlane_ai_agent_5 http://y:37401/
[rosmaster.master][INFO] 2026-05-06 17:00:13,931: +PUB [/vis/agent_3/speed_limit] /onlane_ai_agent_3 http://y:33187/
[rosmaster.master][INFO] 2026-05-06 17:00:13,932: +SUB [/arena_info_static] /onlane_ai_agent_4 http://y:39183/
[rosmaster.master][INFO] 2026-05-06 17:00:13,933: +SERVICE [/onlane_ai_agent_6/set_logger_level] /onlane_ai_agent_6 http://y:43499/
[rosmaster.master][INFO] 2026-05-06 17:00:13,934: +SERVICE [/onlane_ai_agent_10/set_logger_level] /onlane_ai_agent_10 http://y:37211/
[rosmaster.master][INFO] 2026-05-06 17:00:13,935: +PUB [/ctrl/agent_6] /onlane_ai_agent_6 http://y:43499/
[rosmaster.master][INFO] 2026-05-06 17:00:13,936: +PUB [/vis/agent_0/ssc/map_vis] /test_ssc_with_eudm_0 http://y:46175/
[rosmaster.master][INFO] 2026-05-06 17:00:13,936: +PUB [/ctrl/agent_9] /onlane_ai_agent_9 http://y:44905/
[rosmaster.master][INFO] 2026-05-06 17:00:13,937: +PUB [/vis/agent_0/ssc/qp_vis] /test_ssc_with_eudm_0 http://y:46175/
[rosmaster.master][INFO] 2026-05-06 17:00:13,938: +PUB [/rosout] /onlane_ai_agent_8 http://y:34233/
[rosmaster.master][INFO] 2026-05-06 17:00:13,939: +PUB [/vis/agent_0/ssc/ego_fs_vis] /test_ssc_with_eudm_0 http://y:46175/
[rosmaster.master][INFO] 2026-05-06 17:00:13,939: +PUB [/vis/agent_1/obstacle_map] /onlane_ai_agent_1 http://y:41823/
[rosmaster.master][INFO] 2026-05-06 17:00:13,940: +SUB [/arena_info_dynamic] /onlane_ai_agent_4 http://y:39183/
[rosmaster.master][INFO] 2026-05-06 17:00:13,940: +PUB [/vis/agent_0/ssc/forward_trajs_vis] /test_ssc_with_eudm_0 http://y:46175/
[rosmaster.master][INFO] 2026-05-06 17:00:13,941: +SERVICE [/onlane_ai_agent_8/get_loggers] /onlane_ai_agent_8 http://y:34233/
[rosmaster.master][INFO] 2026-05-06 17:00:13,942: +PUB [/vis/agent_0/ssc/sur_vehicle_trajs_vis] /test_ssc_with_eudm_0 http://y:46175/
[rosmaster.master][INFO] 2026-05-06 17:00:13,943: +PUB [/tf] /onlane_ai_agent_6 http://y:43499/
[rosmaster.master][INFO] 2026-05-06 17:00:13,943: +PUB [/vis/agent_0/ssc/corridor_vis] /test_ssc_with_eudm_0 http://y:46175/
[rosmaster.master][INFO] 2026-05-06 17:00:13,944: +PUB [/vis/agent_6/ego_vehicle_vis] /onlane_ai_agent_6 http://y:43499/
[rosmaster.master][INFO] 2026-05-06 17:00:13,945: +PUB [/ctrl/agent_10] /onlane_ai_agent_10 http://y:37211/
[rosmaster.master][INFO] 2026-05-06 17:00:13,946: +PUB [/vis/agent_6/obstacle_map] /onlane_ai_agent_6 http://y:43499/
[rosmaster.master][INFO] 2026-05-06 17:00:13,946: +SERVICE [/onlane_ai_agent_8/set_logger_level] /onlane_ai_agent_8 http://y:34233/
[rosmaster.master][INFO] 2026-05-06 17:00:13,947: +PUB [/vis/agent_6/surrounding_lane_net_vis] /onlane_ai_agent_6 http://y:43499/
[rosmaster.master][INFO] 2026-05-06 17:00:13,949: +PUB [/tf] /onlane_ai_agent_9 http://y:44905/
[rosmaster.master][INFO] 2026-05-06 17:00:13,950: +PUB [/vis/agent_6/local_lanes_vis] /onlane_ai_agent_6 http://y:43499/
[rosmaster.master][INFO] 2026-05-06 17:00:13,950: +SUB [/joy] /onlane_ai_agent_4 http://y:39183/
[rosmaster.master][INFO] 2026-05-06 17:00:13,951: +PUB [/vis/agent_6/ego_behavior_vis] /onlane_ai_agent_6 http://y:43499/
[rosmaster.master][INFO] 2026-05-06 17:00:13,952: +PUB [/ctrl/agent_8] /onlane_ai_agent_8 http://y:34233/
[rosmaster.master][INFO] 2026-05-06 17:00:13,953: +PUB [/vis/agent_9/ego_vehicle_vis] /onlane_ai_agent_9 http://y:44905/
[rosmaster.master][INFO] 2026-05-06 17:00:13,955: +PUB [/vis/agent_5/obstacle_map] /onlane_ai_agent_5 http://y:37401/
[rosmaster.master][INFO] 2026-05-06 17:00:13,955: +PUB [/vis/agent_4/forward_trajs] /onlane_ai_agent_4 http://y:39183/
[rosmaster.master][INFO] 2026-05-06 17:00:13,956: +PUB [/vis/agent_6/pred_traj_openloop_vis] /onlane_ai_agent_6 http://y:43499/
[rosmaster.master][INFO] 2026-05-06 17:00:13,956: +PUB [/tf] /onlane_ai_agent_10 http://y:37211/
[rosmaster.master][INFO] 2026-05-06 17:00:13,956: +PUB [/vis/agent_9/obstacle_map] /onlane_ai_agent_9 http://y:44905/
[rosmaster.master][INFO] 2026-05-06 17:00:13,956: +SUB [/joy] /test_ssc_with_eudm_0 http://y:46175/
[rosmaster.master][INFO] 2026-05-06 17:00:13,956: +PUB [/vis/agent_1/surrounding_lane_net_vis] /onlane_ai_agent_1 http://y:41823/
[rosmaster.master][INFO] 2026-05-06 17:00:13,957: +PUB [/vis/agent_9/surrounding_lane_net_vis] /onlane_ai_agent_9 http://y:44905/
[rosmaster.master][INFO] 2026-05-06 17:00:13,957: +PUB [/vis/agent_1/local_lanes_vis] /onlane_ai_agent_1 http://y:41823/
[rosmaster.master][INFO] 2026-05-06 17:00:13,958: +PUB [/vis/agent_0/forward_trajs] /test_ssc_with_eudm_0 http://y:46175/
[rosmaster.master][INFO] 2026-05-06 17:00:13,958: +PUB [/vis/agent_6/pred_initial_intention_vis] /onlane_ai_agent_6 http://y:43499/
[rosmaster.master][INFO] 2026-05-06 17:00:13,959: +PUB [/vis/agent_1/ego_behavior_vis] /onlane_ai_agent_1 http://y:41823/
[rosmaster.master][INFO] 2026-05-06 17:00:13,959: +SERVICE [/phy_simulator_planning_node/get_loggers] /phy_simulator_planning_node http://y:36905/
[rosmaster.master][INFO] 2026-05-06 17:00:13,960: +PUB [/tf] /onlane_ai_agent_8 http://y:34233/
[rosmaster.master][INFO] 2026-05-06 17:00:13,960: +PUB [/vis/agent_6/surrounding_vehicle_vis] /onlane_ai_agent_6 http://y:43499/
[rosmaster.master][INFO] 2026-05-06 17:00:13,961: +PUB [/ctrl/agent_7] /onlane_ai_agent_7 http://y:37427/
[rosmaster.master][INFO] 2026-05-06 17:00:13,961: +PUB [/vis/agent_1/pred_traj_openloop_vis] /onlane_ai_agent_1 http://y:41823/
[rosmaster.master][INFO] 2026-05-06 17:00:13,961: +PUB [/vis/agent_9/local_lanes_vis] /onlane_ai_agent_9 http://y:44905/
[rosmaster.master][INFO] 2026-05-06 17:00:13,961: +PUB [/vis/agent_10/ego_vehicle_vis] /onlane_ai_agent_10 http://y:37211/
[rosmaster.master][INFO] 2026-05-06 17:00:13,962: +PUB [/vis/agent_9/ego_behavior_vis] /onlane_ai_agent_9 http://y:44905/
[rosmaster.master][INFO] 2026-05-06 17:00:13,962: +PUB [/vis/agent_6/speed_limit] /onlane_ai_agent_6 http://y:43499/
[rosmaster.master][INFO] 2026-05-06 17:00:13,962: +PUB [/vis/agent_1/pred_initial_intention_vis] /onlane_ai_agent_1 http://y:41823/
[rosmaster.master][INFO] 2026-05-06 17:00:13,963: +PUB [/vis/agent_10/obstacle_map] /onlane_ai_agent_10 http://y:37211/
[rosmaster.master][INFO] 2026-05-06 17:00:13,963: +PUB [/vis/agent_8/ego_vehicle_vis] /onlane_ai_agent_8 http://y:34233/
[rosmaster.master][INFO] 2026-05-06 17:00:13,963: +PUB [/vis/agent_10/surrounding_lane_net_vis] /onlane_ai_agent_10 http://y:37211/
[rosmaster.master][INFO] 2026-05-06 17:00:13,964: +PUB [/vis/agent_1/surrounding_vehicle_vis] /onlane_ai_agent_1 http://y:41823/
[rosmaster.master][INFO] 2026-05-06 17:00:13,964: +PUB [/vis/agent_8/obstacle_map] /onlane_ai_agent_8 http://y:34233/
[rosmaster.master][INFO] 2026-05-06 17:00:13,965: +PUB [/vis/agent_9/pred_traj_openloop_vis] /onlane_ai_agent_9 http://y:44905/
[rosmaster.master][INFO] 2026-05-06 17:00:13,966: +PUB [/ctrl/agent_0] /test_ssc_with_eudm_0 http://y:46175/
[rosmaster.master][INFO] 2026-05-06 17:00:13,966: +SUB [/arena_info_static] /onlane_ai_agent_6 http://y:43499/
[rosmaster.master][INFO] 2026-05-06 17:00:13,966: +PUB [/vis/agent_8/surrounding_lane_net_vis] /onlane_ai_agent_8 http://y:34233/
[rosmaster.master][INFO] 2026-05-06 17:00:13,966: +PUB [/vis/agent_10/local_lanes_vis] /onlane_ai_agent_10 http://y:37211/
[rosmaster.master][INFO] 2026-05-06 17:00:13,967: +PUB [/vis/agent_5/surrounding_lane_net_vis] /onlane_ai_agent_5 http://y:37401/
[rosmaster.master][INFO] 2026-05-06 17:00:13,969: +PUB [/vis/agent_9/pred_initial_intention_vis] /onlane_ai_agent_9 http://y:44905/
[rosmaster.master][INFO] 2026-05-06 17:00:13,969: +PUB [/vis/agent_10/ego_behavior_vis] /onlane_ai_agent_10 http://y:37211/
[rosmaster.master][INFO] 2026-05-06 17:00:13,969: +PUB [/vis/agent_8/local_lanes_vis] /onlane_ai_agent_8 http://y:34233/
[rosmaster.master][INFO] 2026-05-06 17:00:13,969: +SUB [/arena_info_dynamic] /onlane_ai_agent_6 http://y:43499/
[rosmaster.master][INFO] 2026-05-06 17:00:13,969: +PUB [/vis/agent_9/surrounding_vehicle_vis] /onlane_ai_agent_9 http://y:44905/
[rosmaster.master][INFO] 2026-05-06 17:00:13,970: +PUB [/vis/agent_9/speed_limit] /onlane_ai_agent_9 http://y:44905/
[rosmaster.master][INFO] 2026-05-06 17:00:13,970: +PUB [/vis/agent_10/pred_traj_openloop_vis] /onlane_ai_agent_10 http://y:37211/
[rosmaster.master][INFO] 2026-05-06 17:00:13,971: +PUB [/vis/agent_1/speed_limit] /onlane_ai_agent_1 http://y:41823/
[rosmaster.master][INFO] 2026-05-06 17:00:13,971: +PUB [/test_ssc_with_eudm_0/ssc_map] /test_ssc_with_eudm_0 http://y:46175/
[rosmaster.master][INFO] 2026-05-06 17:00:13,973: +PUB [/vis/agent_5/local_lanes_vis] /onlane_ai_agent_5 http://y:37401/
[rosmaster.master][INFO] 2026-05-06 17:00:13,973: +PUB [/vis/agent_8/ego_behavior_vis] /onlane_ai_agent_8 http://y:34233/
[rosmaster.master][INFO] 2026-05-06 17:00:13,974: +PUB [/vis/agent_10/pred_initial_intention_vis] /onlane_ai_agent_10 http://y:37211/
[rosmaster.master][INFO] 2026-05-06 17:00:13,974: +PUB [/vis/agent_0/ssc/exec_traj] /test_ssc_with_eudm_0 http://y:46175/
[rosmaster.master][INFO] 2026-05-06 17:00:13,974: +SUB [/arena_info_static] /onlane_ai_agent_9 http://y:44905/
[rosmaster.master][INFO] 2026-05-06 17:00:13,974: +PUB [/tf] /onlane_ai_agent_7 http://y:37427/
[rosmaster.master][INFO] 2026-05-06 17:00:13,975: +SERVICE [/phy_simulator_planning_node/set_logger_level] /phy_simulator_planning_node http://y:36905/
[rosmaster.master][INFO] 2026-05-06 17:00:13,975: +SUB [/arena_info_static] /onlane_ai_agent_1 http://y:41823/
[rosmaster.master][INFO] 2026-05-06 17:00:13,975: +PUB [/vis/agent_5/ego_behavior_vis] /onlane_ai_agent_5 http://y:37401/
[rosmaster.master][INFO] 2026-05-06 17:00:13,976: +SUB [/joy] /onlane_ai_agent_6 http://y:43499/
[rosmaster.master][INFO] 2026-05-06 17:00:13,977: +PUB [/vis/agent_8/pred_traj_openloop_vis] /onlane_ai_agent_8 http://y:34233/
[rosmaster.master][INFO] 2026-05-06 17:00:13,977: +PUB [/vis/agent_10/surrounding_vehicle_vis] /onlane_ai_agent_10 http://y:37211/
[rosmaster.master][INFO] 2026-05-06 17:00:13,978: +SUB [/arena_info_static] /onlane_ai_agent_3 http://y:33187/
[rosmaster.master][INFO] 2026-05-06 17:00:13,979: +PUB [/vis/agent_5/pred_traj_openloop_vis] /onlane_ai_agent_5 http://y:37401/
[rosmaster.master][INFO] 2026-05-06 17:00:13,979: +PUB [/tf] /onlane_ai_agent_2 http://y:42885/
[rosmaster.master][INFO] 2026-05-06 17:00:13,979: +PUB [/vis/agent_8/pred_initial_intention_vis] /onlane_ai_agent_8 http://y:34233/
[rosmaster.master][INFO] 2026-05-06 17:00:13,979: +PUB [/vis/agent_6/forward_trajs] /onlane_ai_agent_6 http://y:43499/
[rosmaster.master][INFO] 2026-05-06 17:00:13,980: +PUB [/vis/agent_10/speed_limit] /onlane_ai_agent_10 http://y:37211/
[rosmaster.master][INFO] 2026-05-06 17:00:13,984: publisherUpdate[/rosout] -> http://y:37461/ ['http://y:41823/', 'http://y:42885/', 'http://y:33187/', 'http://y:39183/', 'http://y:46175/', 'http://y:37401/', 'http://y:43499/', 'http://y:37427/', 'http://y:44905/']
[rosmaster.master][INFO] 2026-05-06 17:00:13,985: +SUB [/arena_info_dynamic] /onlane_ai_agent_1 http://y:41823/
[rosmaster.master][INFO] 2026-05-06 17:00:13,987: +SUB [/arena_info_static] /test_ssc_with_eudm_0 http://y:46175/
[rosmaster.master][INFO] 2026-05-06 17:00:13,987: +PUB [/vis/agent_5/pred_initial_intention_vis] /onlane_ai_agent_5 http://y:37401/
[rosmaster.master][INFO] 2026-05-06 17:00:13,988: publisherUpdate[/rosout] -> http://y:37461/ ['http://y:41823/', 'http://y:42885/', 'http://y:33187/', 'http://y:39183/', 'http://y:46175/', 'http://y:37401/', 'http://y:43499/', 'http://y:37427/', 'http://y:44905/']: sec=0.00, result=[1, '', 0]
[rosmaster.master][INFO] 2026-05-06 17:00:13,988: +PUB [/vis/agent_2/ego_vehicle_vis] /onlane_ai_agent_2 http://y:42885/
[rosmaster.master][INFO] 2026-05-06 17:00:13,988: publisherUpdate[/rosout] -> http://y:37461/ ['http://y:41823/', 'http://y:42885/', 'http://y:33187/', 'http://y:39183/', 'http://y:46175/', 'http://y:37401/', 'http://y:43499/', 'http://y:37427/', 'http://y:44905/', 'http://y:37211/']
[rosmaster.master][INFO] 2026-05-06 17:00:13,989: +SUB [/arena_info_dynamic] /onlane_ai_agent_3 http://y:33187/
[rosmaster.master][INFO] 2026-05-06 17:00:13,992: publisherUpdate[/rosout] -> http://y:37461/ ['http://y:41823/', 'http://y:42885/', 'http://y:33187/', 'http://y:39183/', 'http://y:46175/', 'http://y:37401/', 'http://y:43499/', 'http://y:37427/', 'http://y:44905/', 'http://y:37211/']: sec=0.00, result=[1, '', 0]
[rosmaster.master][INFO] 2026-05-06 17:00:13,992: publisherUpdate[/rosout] -> http://y:37461/ ['http://y:41823/', 'http://y:42885/', 'http://y:33187/', 'http://y:39183/', 'http://y:46175/', 'http://y:37401/', 'http://y:43499/', 'http://y:37427/', 'http://y:44905/', 'http://y:37211/', 'http://y:36905/']
[rosmaster.master][INFO] 2026-05-06 17:00:13,992: +SUB [/arena_info_dynamic] /onlane_ai_agent_9 http://y:44905/
[rosmaster.master][INFO] 2026-05-06 17:00:13,993: +PUB [/vis/agent_7/ego_vehicle_vis] /onlane_ai_agent_7 http://y:37427/
[rosmaster.master][INFO] 2026-05-06 17:00:13,993: +PUB [/vis/agent_5/surrounding_vehicle_vis] /onlane_ai_agent_5 http://y:37401/
[rosmaster.master][INFO] 2026-05-06 17:00:13,994: +PUB [/vis/agent_8/surrounding_vehicle_vis] /onlane_ai_agent_8 http://y:34233/
[rosmaster.master][INFO] 2026-05-06 17:00:13,995: publisherUpdate[/rosout] -> http://y:37461/ ['http://y:41823/', 'http://y:42885/', 'http://y:33187/', 'http://y:39183/', 'http://y:46175/', 'http://y:37401/', 'http://y:43499/', 'http://y:37427/', 'http://y:44905/', 'http://y:37211/', 'http://y:36905/']: sec=0.00, result=[1, '', 0]
[rosmaster.master][INFO] 2026-05-06 17:00:13,995: publisherUpdate[/rosout] -> http://y:37461/ ['http://y:41823/', 'http://y:42885/', 'http://y:33187/', 'http://y:39183/', 'http://y:46175/', 'http://y:37401/', 'http://y:43499/', 'http://y:37427/', 'http://y:44905/', 'http://y:37211/', 'http://y:36905/', 'http://y:34233/']
[rosmaster.master][INFO] 2026-05-06 17:00:13,995: +SUB [/arena_info_static] /onlane_ai_agent_10 http://y:37211/
[rosmaster.master][INFO] 2026-05-06 17:00:13,998: publisherUpdate[/rosout] -> http://y:37461/ ['http://y:41823/', 'http://y:42885/', 'http://y:33187/', 'http://y:39183/', 'http://y:46175/', 'http://y:37401/', 'http://y:43499/', 'http://y:37427/', 'http://y:44905/', 'http://y:37211/', 'http://y:36905/', 'http://y:34233/']: sec=0.00, result=[1, '', 0]
[rosmaster.master][INFO] 2026-05-06 17:00:14,002: +PUB [/vis/agent_2/obstacle_map] /onlane_ai_agent_2 http://y:42885/
[rosmaster.master][INFO] 2026-05-06 17:00:14,002: +PUB [/vis/agent_5/speed_limit] /onlane_ai_agent_5 http://y:37401/
[rosmaster.master][INFO] 2026-05-06 17:00:14,003: +PUB [/vis/agent_8/speed_limit] /onlane_ai_agent_8 http://y:34233/
[rosmaster.master][INFO] 2026-05-06 17:00:14,003: +SUB [/joy] /onlane_ai_agent_1 http://y:41823/
[rosmaster.master][INFO] 2026-05-06 17:00:14,003: +PUB [/vis/agent_7/obstacle_map] /onlane_ai_agent_7 http://y:37427/
[rosmaster.master][INFO] 2026-05-06 17:00:14,005: +SUB [/joy] /onlane_ai_agent_3 http://y:33187/
[rosmaster.master][INFO] 2026-05-06 17:00:14,005: +PUB [/vis/agent_2/surrounding_lane_net_vis] /onlane_ai_agent_2 http://y:42885/
[rosmaster.master][INFO] 2026-05-06 17:00:14,005: +PUB [/arena_info_static] /phy_simulator_planning_node http://y:36905/
[rosmaster.master][INFO] 2026-05-06 17:00:14,006: +SUB [/arena_info_dynamic] /test_ssc_with_eudm_0 http://y:46175/
[rosmaster.master][INFO] 2026-05-06 17:00:14,007: +PUB [/vis/agent_7/surrounding_lane_net_vis] /onlane_ai_agent_7 http://y:37427/
[rosmaster.master][INFO] 2026-05-06 17:00:14,007: +PUB [/vis/agent_2/local_lanes_vis] /onlane_ai_agent_2 http://y:42885/
[rosmaster.master][INFO] 2026-05-06 17:00:14,007: +SUB [/arena_info_static] /onlane_ai_agent_8 http://y:34233/
[rosmaster.master][INFO] 2026-05-06 17:00:14,007: +PUB [/vis/agent_3/forward_trajs] /onlane_ai_agent_3 http://y:33187/
[rosmaster.master][INFO] 2026-05-06 17:00:14,008: +SUB [/joy] /onlane_ai_agent_9 http://y:44905/
[rosmaster.master][INFO] 2026-05-06 17:00:14,009: +PUB [/vis/agent_1/forward_trajs] /onlane_ai_agent_1 http://y:41823/
[rosmaster.master][INFO] 2026-05-06 17:00:14,010: +PUB [/arena_info_dynamic] /phy_simulator_planning_node http://y:36905/
[rosmaster.master][INFO] 2026-05-06 17:00:14,010: publisherUpdate[/arena_info_static] -> http://y:39183/ ['http://y:36905/']
[rosmaster.master][INFO] 2026-05-06 17:00:14,010: +SUB [/arena_info_static] /onlane_ai_agent_5 http://y:37401/
[rosmaster.master][INFO] 2026-05-06 17:00:14,011: +SUB [/arena_info_dynamic] /onlane_ai_agent_10 http://y:37211/
[rosmaster.master][INFO] 2026-05-06 17:00:14,012: +PUB [/vis/agent_7/local_lanes_vis] /onlane_ai_agent_7 http://y:37427/
[rosmaster.master][INFO] 2026-05-06 17:00:14,012: +PUB [/vis/agent_2/ego_behavior_vis] /onlane_ai_agent_2 http://y:42885/
[rosmaster.master][INFO] 2026-05-06 17:00:14,013: publisherUpdate[/arena_info_static] -> http://y:39183/ ['http://y:36905/']: sec=0.00, result=[1, '', 0]
[rosmaster.master][INFO] 2026-05-06 17:00:14,014: +PUB [/vis/agent_9/forward_trajs] /onlane_ai_agent_9 http://y:44905/
[rosmaster.master][INFO] 2026-05-06 17:00:14,014: publisherUpdate[/arena_info_static] -> http://y:43499/ ['http://y:36905/']
[rosmaster.master][INFO] 2026-05-06 17:00:14,015: +PUB [/phy_simulator_planning_node/vis/vehicle_set_vis] /phy_simulator_planning_node http://y:36905/
[rosmaster.master][INFO] 2026-05-06 17:00:14,015: +SUB [/arena_info_dynamic] /onlane_ai_agent_8 http://y:34233/
[rosmaster.master][INFO] 2026-05-06 17:00:14,016: publisherUpdate[/arena_info_static] -> http://y:43499/ ['http://y:36905/']: sec=0.00, result=[1, '', 0]
[rosmaster.master][INFO] 2026-05-06 17:00:14,016: publisherUpdate[/arena_info_static] -> http://y:44905/ ['http://y:36905/']
[rosmaster.master][INFO] 2026-05-06 17:00:14,016: +PUB [/vis/agent_7/ego_behavior_vis] /onlane_ai_agent_7 http://y:37427/
[rosmaster.master][INFO] 2026-05-06 17:00:14,017: +PUB [/vis/agent_2/pred_traj_openloop_vis] /onlane_ai_agent_2 http://y:42885/
[rosmaster.master][INFO] 2026-05-06 17:00:14,017: +SUB [/arena_info_dynamic] /onlane_ai_agent_5 http://y:37401/
[rosmaster.master][INFO] 2026-05-06 17:00:14,017: +PUB [/phy_simulator_planning_node/vis/lane_net_vis] /phy_simulator_planning_node http://y:36905/
[rosmaster.master][INFO] 2026-05-06 17:00:14,018: +SUB [/joy] /onlane_ai_agent_10 http://y:37211/
[rosmaster.master][INFO] 2026-05-06 17:00:14,018: +PUB [/vis/agent_7/pred_traj_openloop_vis] /onlane_ai_agent_7 http://y:37427/
[rosmaster.master][INFO] 2026-05-06 17:00:14,019: +PUB [/vis/agent_2/pred_initial_intention_vis] /onlane_ai_agent_2 http://y:42885/
[rosmaster.master][INFO] 2026-05-06 17:00:14,021: +PUB [/phy_simulator_planning_node/vis/obstacle_set_vis] /phy_simulator_planning_node http://y:36905/
[rosmaster.master][INFO] 2026-05-06 17:00:14,022: +PUB [/vis/agent_10/forward_trajs] /onlane_ai_agent_10 http://y:37211/
[rosmaster.master][INFO] 2026-05-06 17:00:14,022: +SUB [/joy] /onlane_ai_agent_8 http://y:34233/
[rosmaster.master][INFO] 2026-05-06 17:00:14,023: +PUB [/vis/agent_7/pred_initial_intention_vis] /onlane_ai_agent_7 http://y:37427/
[rosmaster.master][INFO] 2026-05-06 17:00:14,023: +PUB [/vis/agent_2/surrounding_vehicle_vis] /onlane_ai_agent_2 http://y:42885/
[rosmaster.master][INFO] 2026-05-06 17:00:14,023: +SUB [/joy] /onlane_ai_agent_5 http://y:37401/
[rosmaster.master][INFO] 2026-05-06 17:00:14,023: +SUB [/ctrl/agent_10] /phy_simulator_planning_node http://y:36905/
[rosmaster.master][INFO] 2026-05-06 17:00:14,024: +PUB [/vis/agent_7/surrounding_vehicle_vis] /onlane_ai_agent_7 http://y:37427/
[rosmaster.master][INFO] 2026-05-06 17:00:14,024: +PUB [/vis/agent_8/forward_trajs] /onlane_ai_agent_8 http://y:34233/
[rosmaster.master][INFO] 2026-05-06 17:00:14,024: publisherUpdate[/arena_info_static] -> http://y:44905/ ['http://y:36905/']: sec=0.01, result=[1, '', 0]
[rosmaster.master][INFO] 2026-05-06 17:00:14,025: publisherUpdate[/arena_info_static] -> http://y:41823/ ['http://y:36905/']
[rosmaster.master][INFO] 2026-05-06 17:00:14,025: +PUB [/vis/agent_2/speed_limit] /onlane_ai_agent_2 http://y:42885/
[rosmaster.master][INFO] 2026-05-06 17:00:14,026: +PUB [/vis/agent_5/forward_trajs] /onlane_ai_agent_5 http://y:37401/
[rosmaster.master][INFO] 2026-05-06 17:00:14,027: +PUB [/vis/agent_7/speed_limit] /onlane_ai_agent_7 http://y:37427/
[rosmaster.master][INFO] 2026-05-06 17:00:14,027: +SUB [/ctrl/agent_9] /phy_simulator_planning_node http://y:36905/
[rosmaster.master][INFO] 2026-05-06 17:00:14,028: +SUB [/arena_info_static] /onlane_ai_agent_7 http://y:37427/
[rosmaster.master][INFO] 2026-05-06 17:00:14,029: +SUB [/arena_info_static] /onlane_ai_agent_2 http://y:42885/
[rosmaster.master][INFO] 2026-05-06 17:00:14,031: publisherUpdate[/arena_info_static] -> http://y:41823/ ['http://y:36905/']: sec=0.01, result=[1, '', 0]
[rosmaster.master][INFO] 2026-05-06 17:00:14,031: +SUB [/arena_info_dynamic] /onlane_ai_agent_2 http://y:42885/
[rosmaster.master][INFO] 2026-05-06 17:00:14,032: publisherUpdate[/arena_info_static] -> http://y:33187/ ['http://y:36905/']
[rosmaster.master][INFO] 2026-05-06 17:00:14,032: +SUB [/ctrl/agent_8] /phy_simulator_planning_node http://y:36905/
[rosmaster.master][INFO] 2026-05-06 17:00:14,033: +SUB [/arena_info_dynamic] /onlane_ai_agent_7 http://y:37427/
[rosmaster.master][INFO] 2026-05-06 17:00:14,034: +SUB [/joy] /onlane_ai_agent_2 http://y:42885/
[rosmaster.master][INFO] 2026-05-06 17:00:14,034: +SUB [/ctrl/agent_7] /phy_simulator_planning_node http://y:36905/
[rosmaster.master][INFO] 2026-05-06 17:00:14,035: publisherUpdate[/arena_info_static] -> http://y:33187/ ['http://y:36905/']: sec=0.00, result=[1, '', 0]
[rosmaster.master][INFO] 2026-05-06 17:00:14,035: +PUB [/vis/agent_2/forward_trajs] /onlane_ai_agent_2 http://y:42885/
[rosmaster.master][INFO] 2026-05-06 17:00:14,035: publisherUpdate[/arena_info_static] -> http://y:46175/ ['http://y:36905/']
[rosmaster.master][INFO] 2026-05-06 17:00:14,037: +SUB [/ctrl/agent_6] /phy_simulator_planning_node http://y:36905/
[rosmaster.master][INFO] 2026-05-06 17:00:14,037: +SUB [/joy] /onlane_ai_agent_7 http://y:37427/
[rosmaster.master][INFO] 2026-05-06 17:00:14,037: publisherUpdate[/arena_info_static] -> http://y:46175/ ['http://y:36905/']: sec=0.00, result=[1, '', 0]
[rosmaster.master][INFO] 2026-05-06 17:00:14,038: publisherUpdate[/arena_info_static] -> http://y:37211/ ['http://y:36905/']
[rosmaster.master][INFO] 2026-05-06 17:00:14,038: +PUB [/vis/agent_7/forward_trajs] /onlane_ai_agent_7 http://y:37427/
[rosmaster.master][INFO] 2026-05-06 17:00:14,038: +SUB [/ctrl/agent_5] /phy_simulator_planning_node http://y:36905/
[rosmaster.master][INFO] 2026-05-06 17:00:14,039: publisherUpdate[/arena_info_static] -> http://y:37211/ ['http://y:36905/']: sec=0.00, result=[1, '', 0]
[rosmaster.master][INFO] 2026-05-06 17:00:14,039: publisherUpdate[/arena_info_dynamic] -> http://y:39183/ ['http://y:36905/']
[rosmaster.master][INFO] 2026-05-06 17:00:14,040: +SUB [/ctrl/agent_4] /phy_simulator_planning_node http://y:36905/
[rosmaster.master][INFO] 2026-05-06 17:00:14,040: publisherUpdate[/arena_info_dynamic] -> http://y:39183/ ['http://y:36905/']: sec=0.00, result=[1, '', 0]
[rosmaster.master][INFO] 2026-05-06 17:00:14,040: publisherUpdate[/arena_info_dynamic] -> http://y:43499/ ['http://y:36905/']
[rosmaster.master][INFO] 2026-05-06 17:00:14,040: publisherUpdate[/arena_info_dynamic] -> http://y:43499/ ['http://y:36905/']: sec=0.00, result=[1, '', 0]
[rosmaster.master][INFO] 2026-05-06 17:00:14,041: publisherUpdate[/arena_info_dynamic] -> http://y:41823/ ['http://y:36905/']
[rosmaster.master][INFO] 2026-05-06 17:00:14,041: +SUB [/ctrl/agent_3] /phy_simulator_planning_node http://y:36905/
[rosmaster.master][INFO] 2026-05-06 17:00:14,041: publisherUpdate[/arena_info_dynamic] -> http://y:41823/ ['http://y:36905/']: sec=0.00, result=[1, '', 0]
[rosmaster.master][INFO] 2026-05-06 17:00:14,041: publisherUpdate[/arena_info_dynamic] -> http://y:33187/ ['http://y:36905/']
[rosmaster.master][INFO] 2026-05-06 17:00:14,042: publisherUpdate[/arena_info_dynamic] -> http://y:33187/ ['http://y:36905/']: sec=0.00, result=[1, '', 0]
[rosmaster.master][INFO] 2026-05-06 17:00:14,042: publisherUpdate[/arena_info_dynamic] -> http://y:44905/ ['http://y:36905/']
[rosmaster.master][INFO] 2026-05-06 17:00:14,042: +SUB [/ctrl/agent_2] /phy_simulator_planning_node http://y:36905/
[rosmaster.master][INFO] 2026-05-06 17:00:14,042: publisherUpdate[/arena_info_dynamic] -> http://y:44905/ ['http://y:36905/']: sec=0.00, result=[1, '', 0]
[rosmaster.master][INFO] 2026-05-06 17:00:14,043: publisherUpdate[/arena_info_dynamic] -> http://y:46175/ ['http://y:36905/']
[rosmaster.master][INFO] 2026-05-06 17:00:14,043: publisherUpdate[/arena_info_dynamic] -> http://y:46175/ ['http://y:36905/']: sec=0.00, result=[1, '', 0]
[rosmaster.master][INFO] 2026-05-06 17:00:14,043: +SUB [/ctrl/agent_1] /phy_simulator_planning_node http://y:36905/
[rosmaster.master][INFO] 2026-05-06 17:00:14,044: +SUB [/ctrl/agent_0] /phy_simulator_planning_node http://y:36905/
[rosmaster.master][INFO] 2026-05-06 17:00:14,045: +SUB [/initialpose] /phy_simulator_planning_node http://y:36905/
[rosmaster.master][INFO] 2026-05-06 17:00:14,046: +SUB [/move_base_simple/goal] /phy_simulator_planning_node http://y:36905/
[rosmaster.master][INFO] 2026-05-06 17:00:14,326: +CACHEDPARAM [/rosout/omit_topics] by /rosout
[rosmaster.master][INFO] 2026-05-06 17:00:21,669: +PUB [/rosout] /epsilon_metric_collector_1861319_1778058021543 http://y:39153/
[rosmaster.master][INFO] 2026-05-06 17:00:21,672: +SERVICE [/epsilon_metric_collector_1861319_1778058021543/get_loggers] /epsilon_metric_collector_1861319_1778058021543 http://y:39153/
[rosmaster.master][INFO] 2026-05-06 17:00:21,672: +SERVICE [/epsilon_metric_collector_1861319_1778058021543/set_logger_level] /epsilon_metric_collector_1861319_1778058021543 http://y:39153/
[rosmaster.master][INFO] 2026-05-06 17:00:21,673: +SUB [/arena_info_dynamic] /epsilon_metric_collector_1861319_1778058021543 http://y:39153/
[rosmaster.master][INFO] 2026-05-06 17:00:21,698: publisherUpdate[/rosout] -> http://y:37461/ ['http://y:41823/', 'http://y:42885/', 'http://y:33187/', 'http://y:39183/', 'http://y:46175/', 'http://y:37401/', 'http://y:43499/', 'http://y:37427/', 'http://y:44905/', 'http://y:37211/', 'http://y:36905/', 'http://y:34233/', 'http://y:39153/']
[rosmaster.master][INFO] 2026-05-06 17:00:21,699: publisherUpdate[/rosout] -> http://y:37461/ ['http://y:41823/', 'http://y:42885/', 'http://y:33187/', 'http://y:39183/', 'http://y:46175/', 'http://y:37401/', 'http://y:43499/', 'http://y:37427/', 'http://y:44905/', 'http://y:37211/', 'http://y:36905/', 'http://y:34233/', 'http://y:39153/']: sec=0.00, result=[1, '', 0]
[rosmaster.master][INFO] 2026-05-06 17:02:21,294: -SUB [/arena_info_dynamic] /epsilon_metric_collector_1861319_1778058021543 http://y:39153/
[rosmaster.master][INFO] 2026-05-06 17:02:21,294: -PUB [/rosout] /epsilon_metric_collector_1861319_1778058021543 http://y:39153/
[rosmaster.master][INFO] 2026-05-06 17:02:21,294: -SERVICE [/epsilon_metric_collector_1861319_1778058021543/get_loggers] /epsilon_metric_collector_1861319_1778058021543 rosrpc://y:39671
[rosmaster.master][INFO] 2026-05-06 17:02:21,294: -SERVICE [/epsilon_metric_collector_1861319_1778058021543/set_logger_level] /epsilon_metric_collector_1861319_1778058021543 rosrpc://y:39671
[rosmaster.master][INFO] 2026-05-06 17:02:21,295: publisherUpdate[/rosout] -> http://y:37461/ ['http://y:41823/', 'http://y:42885/', 'http://y:33187/', 'http://y:39183/', 'http://y:46175/', 'http://y:37401/', 'http://y:43499/', 'http://y:37427/', 'http://y:44905/', 'http://y:37211/', 'http://y:36905/', 'http://y:34233/']
[rosmaster.master][INFO] 2026-05-06 17:02:21,295: publisherUpdate[/rosout] -> http://y:37461/ ['http://y:41823/', 'http://y:42885/', 'http://y:33187/', 'http://y:39183/', 'http://y:46175/', 'http://y:37401/', 'http://y:43499/', 'http://y:37427/', 'http://y:44905/', 'http://y:37211/', 'http://y:36905/', 'http://y:34233/']: sec=0.00, result=[1, '', 0]
[rosmaster.master][INFO] 2026-05-06 17:02:22,331: +PUB [/rosout] /rostopic_1926402_1778058142214 http://y:44735/
[rosmaster.master][INFO] 2026-05-06 17:02:22,333: +SERVICE [/rostopic_1926402_1778058142214/get_loggers] /rostopic_1926402_1778058142214 http://y:44735/
[rosmaster.master][INFO] 2026-05-06 17:02:22,333: +SERVICE [/rostopic_1926402_1778058142214/set_logger_level] /rostopic_1926402_1778058142214 http://y:44735/
[rosmaster.master][INFO] 2026-05-06 17:02:22,345: +SUB [/arena_info_dynamic] /rostopic_1926402_1778058142214 http://y:44735/
[rosmaster.master][INFO] 2026-05-06 17:02:22,356: publisherUpdate[/rosout] -> http://y:37461/ ['http://y:41823/', 'http://y:42885/', 'http://y:33187/', 'http://y:39183/', 'http://y:46175/', 'http://y:37401/', 'http://y:43499/', 'http://y:37427/', 'http://y:44905/', 'http://y:37211/', 'http://y:36905/', 'http://y:34233/', 'http://y:44735/']
[rosmaster.master][INFO] 2026-05-06 17:02:22,357: publisherUpdate[/rosout] -> http://y:37461/ ['http://y:41823/', 'http://y:42885/', 'http://y:33187/', 'http://y:39183/', 'http://y:46175/', 'http://y:37401/', 'http://y:43499/', 'http://y:37427/', 'http://y:44905/', 'http://y:37211/', 'http://y:36905/', 'http://y:34233/', 'http://y:44735/']: sec=0.00, result=[1, '', 0]
[rosmaster.master][INFO] 2026-05-06 17:02:36,924: -SUB [/arena_info_dynamic] /rostopic_1926402_1778058142214 http://y:44735/
[rosmaster.master][INFO] 2026-05-06 17:02:36,924: -PUB [/rosout] /rostopic_1926402_1778058142214 http://y:44735/
[rosmaster.master][INFO] 2026-05-06 17:02:36,924: -SERVICE [/rostopic_1926402_1778058142214/get_loggers] /rostopic_1926402_1778058142214 rosrpc://y:41213
[rosmaster.master][INFO] 2026-05-06 17:02:36,924: -SERVICE [/rostopic_1926402_1778058142214/set_logger_level] /rostopic_1926402_1778058142214 rosrpc://y:41213
[rosmaster.master][INFO] 2026-05-06 17:02:36,933: publisherUpdate[/rosout] -> http://y:37461/ ['http://y:41823/', 'http://y:42885/', 'http://y:33187/', 'http://y:39183/', 'http://y:46175/', 'http://y:37401/', 'http://y:43499/', 'http://y:37427/', 'http://y:44905/', 'http://y:37211/', 'http://y:36905/', 'http://y:34233/']
[rosmaster.master][INFO] 2026-05-06 17:02:36,934: publisherUpdate[/rosout] -> http://y:37461/ ['http://y:41823/', 'http://y:42885/', 'http://y:33187/', 'http://y:39183/', 'http://y:46175/', 'http://y:37401/', 'http://y:43499/', 'http://y:37427/', 'http://y:44905/', 'http://y:37211/', 'http://y:36905/', 'http://y:34233/']: sec=0.00, result=[1, '', 0]
[rosmaster.master][INFO] 2026-05-06 17:02:37,670: -PUB [/rosout] /phy_simulator_planning_node http://y:36905/
[rosmaster.master][INFO] 2026-05-06 17:02:37,670: -PUB [/arena_info_static] /phy_simulator_planning_node http://y:36905/
[rosmaster.master][INFO] 2026-05-06 17:02:37,671: -PUB [/arena_info_dynamic] /phy_simulator_planning_node http://y:36905/
[rosmaster.master][INFO] 2026-05-06 17:02:37,671: -PUB [/phy_simulator_planning_node/vis/vehicle_set_vis] /phy_simulator_planning_node http://y:36905/
[rosmaster.master][INFO] 2026-05-06 17:02:37,671: -PUB [/phy_simulator_planning_node/vis/lane_net_vis] /phy_simulator_planning_node http://y:36905/
[rosmaster.master][INFO] 2026-05-06 17:02:37,672: -PUB [/phy_simulator_planning_node/vis/obstacle_set_vis] /phy_simulator_planning_node http://y:36905/
[rosmaster.master][INFO] 2026-05-06 17:02:37,672: -SUB [/ctrl/agent_10] /phy_simulator_planning_node http://y:36905/
[rosmaster.master][INFO] 2026-05-06 17:02:37,672: -SUB [/ctrl/agent_9] /phy_simulator_planning_node http://y:36905/
[rosmaster.master][INFO] 2026-05-06 17:02:37,672: -SUB [/ctrl/agent_8] /phy_simulator_planning_node http://y:36905/
[rosmaster.master][INFO] 2026-05-06 17:02:37,673: -SUB [/ctrl/agent_7] /phy_simulator_planning_node http://y:36905/
[rosmaster.master][INFO] 2026-05-06 17:02:37,673: -SUB [/ctrl/agent_6] /phy_simulator_planning_node http://y:36905/
[rosmaster.master][INFO] 2026-05-06 17:02:37,673: -SUB [/ctrl/agent_5] /phy_simulator_planning_node http://y:36905/
[rosmaster.master][INFO] 2026-05-06 17:02:37,673: -SUB [/ctrl/agent_4] /phy_simulator_planning_node http://y:36905/
[rosmaster.master][INFO] 2026-05-06 17:02:37,673: -SUB [/ctrl/agent_3] /phy_simulator_planning_node http://y:36905/
[rosmaster.master][INFO] 2026-05-06 17:02:37,674: -SUB [/ctrl/agent_2] /phy_simulator_planning_node http://y:36905/
[rosmaster.master][INFO] 2026-05-06 17:02:37,674: -SUB [/ctrl/agent_1] /phy_simulator_planning_node http://y:36905/
[rosmaster.master][INFO] 2026-05-06 17:02:37,674: -SUB [/ctrl/agent_0] /phy_simulator_planning_node http://y:36905/
[rosmaster.master][INFO] 2026-05-06 17:02:37,674: -SUB [/initialpose] /phy_simulator_planning_node http://y:36905/
[rosmaster.master][INFO] 2026-05-06 17:02:37,674: -SUB [/move_base_simple/goal] /phy_simulator_planning_node http://y:36905/
[rosmaster.master][INFO] 2026-05-06 17:02:37,674: -SERVICE [/phy_simulator_planning_node/get_loggers] /phy_simulator_planning_node rosrpc://y:60705
[rosmaster.master][INFO] 2026-05-06 17:02:37,675: -SERVICE [/phy_simulator_planning_node/set_logger_level] /phy_simulator_planning_node rosrpc://y:60705
[rosmaster.master][INFO] 2026-05-06 17:02:37,683: publisherUpdate[/rosout] -> http://y:37461/ ['http://y:41823/', 'http://y:42885/', 'http://y:33187/', 'http://y:39183/', 'http://y:46175/', 'http://y:37401/', 'http://y:43499/', 'http://y:37427/', 'http://y:44905/', 'http://y:37211/', 'http://y:34233/']
[rosmaster.master][INFO] 2026-05-06 17:02:37,684: publisherUpdate[/rosout] -> http://y:37461/ ['http://y:41823/', 'http://y:42885/', 'http://y:33187/', 'http://y:39183/', 'http://y:46175/', 'http://y:37401/', 'http://y:43499/', 'http://y:37427/', 'http://y:44905/', 'http://y:37211/', 'http://y:34233/']: sec=0.00, result=[1, '', 0]
[rosmaster.master][INFO] 2026-05-06 17:02:37,684: publisherUpdate[/arena_info_static] -> http://y:39183/ []
[rosmaster.master][INFO] 2026-05-06 17:02:37,684: publisherUpdate[/arena_info_static] -> http://y:39183/ []: sec=0.00, result=[1, '', 0]
[rosmaster.master][INFO] 2026-05-06 17:02:37,684: publisherUpdate[/arena_info_static] -> http://y:43499/ []
[rosmaster.master][INFO] 2026-05-06 17:02:37,685: publisherUpdate[/arena_info_static] -> http://y:43499/ []: sec=0.00, result=[0, 'Unknown Error', 0]
[rosmaster.master][INFO] 2026-05-06 17:02:37,685: publisherUpdate[/arena_info_static] -> http://y:44905/ []
[rosmaster.master][INFO] 2026-05-06 17:02:37,685: publisherUpdate[/arena_info_static] -> http://y:44905/ []: sec=0.00, result=[0, 'Unknown Error', 0]
[rosmaster.master][INFO] 2026-05-06 17:02:37,685: publisherUpdate[/arena_info_static] -> http://y:41823/ []
[rosmaster.master][INFO] 2026-05-06 17:02:37,686: publisherUpdate[/arena_info_static] -> http://y:41823/ []: sec=0.00, result=[1, '', 0]
[rosmaster.master][INFO] 2026-05-06 17:02:37,686: publisherUpdate[/arena_info_static] -> http://y:33187/ []
[rosmaster.master][INFO] 2026-05-06 17:02:37,686: publisherUpdate[/arena_info_static] -> http://y:33187/ []: sec=0.00, result=[1, '', 0]
[rosmaster.master][INFO] 2026-05-06 17:02:37,686: publisherUpdate[/arena_info_static] -> http://y:46175/ []
[rosmaster.master][INFO] 2026-05-06 17:02:37,687: publisherUpdate[/arena_info_static] -> http://y:46175/ []: sec=0.00, result=[1, '', 0]
[rosmaster.master][INFO] 2026-05-06 17:02:37,687: publisherUpdate[/arena_info_static] -> http://y:37211/ []
[rosmaster.master][INFO] 2026-05-06 17:02:37,687: publisherUpdate[/arena_info_static] -> http://y:37211/ []: sec=0.00, result=[0, 'Unknown Error', 0]
[rosmaster.master][INFO] 2026-05-06 17:02:37,687: publisherUpdate[/arena_info_static] -> http://y:34233/ []
[rosmaster.master][INFO] 2026-05-06 17:02:37,687: publisherUpdate[/arena_info_static] -> http://y:34233/ []: sec=0.00, result=[1, '', 0]
[rosmaster.master][INFO] 2026-05-06 17:02:37,688: publisherUpdate[/arena_info_static] -> http://y:37401/ []
[rosmaster.master][INFO] 2026-05-06 17:02:37,688: publisherUpdate[/arena_info_static] -> http://y:37401/ []: sec=0.00, result=[1, '', 0]
[rosmaster.master][INFO] 2026-05-06 17:02:37,688: publisherUpdate[/arena_info_static] -> http://y:37427/ []
[rosmaster.master][INFO] 2026-05-06 17:02:37,688: publisherUpdate[/arena_info_static] -> http://y:37427/ []: sec=0.00, result=[0, 'Unknown Error', 0]
[rosmaster.master][INFO] 2026-05-06 17:02:37,688: publisherUpdate[/arena_info_static] -> http://y:42885/ []
[rosmaster.master][INFO] 2026-05-06 17:02:37,689: publisherUpdate[/arena_info_static] -> http://y:42885/ []: sec=0.00, result=[1, '', 0]
[rosmaster.master][INFO] 2026-05-06 17:02:37,689: publisherUpdate[/arena_info_dynamic] -> http://y:39183/ []
[rosmaster.master][INFO] 2026-05-06 17:02:37,689: publisherUpdate[/arena_info_dynamic] -> http://y:39183/ []: sec=0.00, result=[1, '', 0]
[rosmaster.master][INFO] 2026-05-06 17:02:37,689: publisherUpdate[/arena_info_dynamic] -> http://y:43499/ []
[rosmaster.master][INFO] 2026-05-06 17:02:37,689: publisherUpdate[/arena_info_dynamic] -> http://y:43499/ []: sec=0.00, result=[0, 'Unknown Error', 0]
[rosmaster.master][INFO] 2026-05-06 17:02:37,689: publisherUpdate[/arena_info_dynamic] -> http://y:41823/ []
[rosmaster.master][INFO] 2026-05-06 17:02:37,690: publisherUpdate[/arena_info_dynamic] -> http://y:41823/ []: sec=0.00, result=[1, '', 0]
[rosmaster.master][INFO] 2026-05-06 17:02:37,690: publisherUpdate[/arena_info_dynamic] -> http://y:33187/ []
[rosmaster.master][INFO] 2026-05-06 17:02:37,690: publisherUpdate[/arena_info_dynamic] -> http://y:33187/ []: sec=0.00, result=[1, '', 0]
[rosmaster.master][INFO] 2026-05-06 17:02:37,690: publisherUpdate[/arena_info_dynamic] -> http://y:44905/ []
[rosmaster.master][INFO] 2026-05-06 17:02:37,691: publisherUpdate[/arena_info_dynamic] -> http://y:44905/ []: sec=0.00, result=[0, 'Unknown Error', 0]
[rosmaster.master][INFO] 2026-05-06 17:02:37,691: publisherUpdate[/arena_info_dynamic] -> http://y:46175/ []
[rosmaster.master][INFO] 2026-05-06 17:02:37,691: publisherUpdate[/arena_info_dynamic] -> http://y:46175/ []: sec=0.00, result=[1, '', 0]
[rosmaster.master][INFO] 2026-05-06 17:02:37,691: publisherUpdate[/arena_info_dynamic] -> http://y:37211/ []
[rosmaster.master][INFO] 2026-05-06 17:02:37,692: publisherUpdate[/arena_info_dynamic] -> http://y:37211/ []: sec=0.00, result=[0, 'Unknown Error', 0]
[rosmaster.master][INFO] 2026-05-06 17:02:37,692: publisherUpdate[/arena_info_dynamic] -> http://y:34233/ []
[rosmaster.master][INFO] 2026-05-06 17:02:37,692: publisherUpdate[/arena_info_dynamic] -> http://y:34233/ []: sec=0.00, result=[0, 'Unknown Error', 0]
[rosmaster.master][INFO] 2026-05-06 17:02:37,692: publisherUpdate[/arena_info_dynamic] -> http://y:37401/ []
[rosmaster.master][INFO] 2026-05-06 17:02:37,693: publisherUpdate[/arena_info_dynamic] -> http://y:37401/ []: sec=0.00, result=[1, '', 0]
[rosmaster.master][INFO] 2026-05-06 17:02:37,693: publisherUpdate[/arena_info_dynamic] -> http://y:42885/ []
[rosmaster.master][INFO] 2026-05-06 17:02:37,693: publisherUpdate[/arena_info_dynamic] -> http://y:42885/ []: sec=0.00, result=[1, '', 0]
[rosmaster.master][INFO] 2026-05-06 17:02:37,693: publisherUpdate[/arena_info_dynamic] -> http://y:37427/ []
[rosmaster.master][INFO] 2026-05-06 17:02:37,693: publisherUpdate[/arena_info_dynamic] -> http://y:37427/ []: sec=0.00, result=[0, 'Unknown Error', 0]
[rosmaster.master][INFO] 2026-05-06 17:02:37,790: -PUB [/rosout] /onlane_ai_agent_4 http://y:39183/
[rosmaster.master][INFO] 2026-05-06 17:02:37,792: -PUB [/rosout] /onlane_ai_agent_6 http://y:43499/
[rosmaster.master][INFO] 2026-05-06 17:02:37,794: -PUB [/rosout] /onlane_ai_agent_3 http://y:33187/
[rosmaster.master][INFO] 2026-05-06 17:02:37,795: -PUB [/rosout] /onlane_ai_agent_9 http://y:44905/
[rosmaster.master][INFO] 2026-05-06 17:02:37,795: publisherUpdate[/rosout] -> http://y:37461/ ['http://y:41823/', 'http://y:42885/', 'http://y:33187/', 'http://y:46175/', 'http://y:37401/', 'http://y:43499/', 'http://y:37427/', 'http://y:44905/', 'http://y:37211/', 'http://y:34233/']
[rosmaster.master][INFO] 2026-05-06 17:02:37,797: -PUB [/rosout] /onlane_ai_agent_10 http://y:37211/
[rosmaster.master][INFO] 2026-05-06 17:02:37,798: publisherUpdate[/rosout] -> http://y:37461/ ['http://y:41823/', 'http://y:42885/', 'http://y:33187/', 'http://y:46175/', 'http://y:37401/', 'http://y:43499/', 'http://y:37427/', 'http://y:44905/', 'http://y:37211/', 'http://y:34233/']: sec=0.00, result=[1, '', 0]
[rosmaster.master][INFO] 2026-05-06 17:02:37,798: -PUB [/ctrl/agent_4] /onlane_ai_agent_4 http://y:39183/
[rosmaster.master][INFO] 2026-05-06 17:02:37,798: publisherUpdate[/rosout] -> http://y:37461/ ['http://y:41823/', 'http://y:42885/', 'http://y:33187/', 'http://y:46175/', 'http://y:37401/', 'http://y:37427/', 'http://y:44905/', 'http://y:37211/', 'http://y:34233/']
[rosmaster.master][INFO] 2026-05-06 17:02:37,798: -PUB [/rosout] /onlane_ai_agent_8 http://y:34233/
[rosmaster.master][INFO] 2026-05-06 17:02:37,799: publisherUpdate[/rosout] -> http://y:37461/ ['http://y:41823/', 'http://y:42885/', 'http://y:33187/', 'http://y:46175/', 'http://y:37401/', 'http://y:37427/', 'http://y:44905/', 'http://y:37211/', 'http://y:34233/']: sec=0.00, result=[1, '', 0]
[rosmaster.master][INFO] 2026-05-06 17:02:37,799: publisherUpdate[/rosout] -> http://y:37461/ ['http://y:41823/', 'http://y:42885/', 'http://y:46175/', 'http://y:37401/', 'http://y:37427/', 'http://y:44905/', 'http://y:37211/', 'http://y:34233/']
[rosmaster.master][INFO] 2026-05-06 17:02:37,799: -PUB [/rosout] /onlane_ai_agent_7 http://y:37427/
[rosmaster.master][INFO] 2026-05-06 17:02:37,800: publisherUpdate[/rosout] -> http://y:37461/ ['http://y:41823/', 'http://y:42885/', 'http://y:46175/', 'http://y:37401/', 'http://y:37427/', 'http://y:44905/', 'http://y:37211/', 'http://y:34233/']: sec=0.00, result=[1, '', 0]
[rosmaster.master][INFO] 2026-05-06 17:02:37,800: -PUB [/rosout] /onlane_ai_agent_2 http://y:42885/
[rosmaster.master][INFO] 2026-05-06 17:02:37,800: publisherUpdate[/rosout] -> http://y:37461/ ['http://y:41823/', 'http://y:42885/', 'http://y:46175/', 'http://y:37401/', 'http://y:37427/', 'http://y:37211/', 'http://y:34233/']
[rosmaster.master][INFO] 2026-05-06 17:02:37,801: publisherUpdate[/rosout] -> http://y:37461/ ['http://y:41823/', 'http://y:42885/', 'http://y:46175/', 'http://y:37401/', 'http://y:37427/', 'http://y:37211/', 'http://y:34233/']: sec=0.00, result=[1, '', 0]
[rosmaster.master][INFO] 2026-05-06 17:02:37,801: publisherUpdate[/rosout] -> http://y:37461/ ['http://y:41823/', 'http://y:42885/', 'http://y:46175/', 'http://y:37401/', 'http://y:37427/', 'http://y:34233/']
[rosmaster.master][INFO] 2026-05-06 17:02:37,801: -PUB [/ctrl/agent_3] /onlane_ai_agent_3 http://y:33187/
[rosmaster.master][INFO] 2026-05-06 17:02:37,801: publisherUpdate[/rosout] -> http://y:37461/ ['http://y:41823/', 'http://y:42885/', 'http://y:46175/', 'http://y:37401/', 'http://y:37427/', 'http://y:34233/']: sec=0.00, result=[1, '', 0]
[rosmaster.master][INFO] 2026-05-06 17:02:37,802: -PUB [/ctrl/agent_6] /onlane_ai_agent_6 http://y:43499/
[rosmaster.master][INFO] 2026-05-06 17:02:37,802: publisherUpdate[/rosout] -> http://y:37461/ ['http://y:41823/', 'http://y:42885/', 'http://y:46175/', 'http://y:37401/', 'http://y:37427/']
[rosmaster.master][INFO] 2026-05-06 17:02:37,803: -PUB [/ctrl/agent_9] /onlane_ai_agent_9 http://y:44905/
[rosmaster.master][INFO] 2026-05-06 17:02:37,803: -PUB [/rosout] /onlane_ai_agent_5 http://y:37401/
[rosmaster.master][INFO] 2026-05-06 17:02:37,803: publisherUpdate[/rosout] -> http://y:37461/ ['http://y:41823/', 'http://y:42885/', 'http://y:46175/', 'http://y:37401/', 'http://y:37427/']: sec=0.00, result=[1, '', 0]
[rosmaster.master][INFO] 2026-05-06 17:02:37,804: publisherUpdate[/rosout] -> http://y:37461/ ['http://y:41823/', 'http://y:42885/', 'http://y:46175/', 'http://y:37401/']
[rosmaster.master][INFO] 2026-05-06 17:02:37,804: -PUB [/ctrl/agent_10] /onlane_ai_agent_10 http://y:37211/
[rosmaster.master][INFO] 2026-05-06 17:02:37,804: -PUB [/tf] /onlane_ai_agent_4 http://y:39183/
[rosmaster.master][INFO] 2026-05-06 17:02:37,805: publisherUpdate[/rosout] -> http://y:37461/ ['http://y:41823/', 'http://y:42885/', 'http://y:46175/', 'http://y:37401/']: sec=0.00, result=[1, '', 0]
[rosmaster.master][INFO] 2026-05-06 17:02:37,806: -PUB [/ctrl/agent_8] /onlane_ai_agent_8 http://y:34233/
[rosmaster.master][INFO] 2026-05-06 17:02:37,806: publisherUpdate[/rosout] -> http://y:37461/ ['http://y:41823/', 'http://y:46175/', 'http://y:37401/']
[rosmaster.master][INFO] 2026-05-06 17:02:37,807: publisherUpdate[/rosout] -> http://y:37461/ ['http://y:41823/', 'http://y:46175/', 'http://y:37401/']: sec=0.00, result=[1, '', 0]
[rosmaster.master][INFO] 2026-05-06 17:02:37,808: -PUB [/ctrl/agent_7] /onlane_ai_agent_7 http://y:37427/
[rosmaster.master][INFO] 2026-05-06 17:02:37,808: publisherUpdate[/rosout] -> http://y:37461/ ['http://y:41823/', 'http://y:46175/']
[rosmaster.master][INFO] 2026-05-06 17:02:37,808: -PUB [/ctrl/agent_2] /onlane_ai_agent_2 http://y:42885/
[rosmaster.master][INFO] 2026-05-06 17:02:37,810: -PUB [/tf] /onlane_ai_agent_3 http://y:33187/
[rosmaster.master][INFO] 2026-05-06 17:02:37,811: publisherUpdate[/rosout] -> http://y:37461/ ['http://y:41823/', 'http://y:46175/']: sec=0.00, result=[1, '', 0]
[rosmaster.master][INFO] 2026-05-06 17:02:37,811: -PUB [/tf] /onlane_ai_agent_6 http://y:43499/
[rosmaster.master][INFO] 2026-05-06 17:02:37,812: -PUB [/tf] /onlane_ai_agent_9 http://y:44905/
[rosmaster.master][INFO] 2026-05-06 17:02:37,813: -PUB [/tf] /onlane_ai_agent_10 http://y:37211/
[rosmaster.master][INFO] 2026-05-06 17:02:37,814: -PUB [/ctrl/agent_5] /onlane_ai_agent_5 http://y:37401/
[rosmaster.master][INFO] 2026-05-06 17:02:37,815: -PUB [/vis/agent_4/ego_vehicle_vis] /onlane_ai_agent_4 http://y:39183/
[rosmaster.master][INFO] 2026-05-06 17:02:37,816: -PUB [/tf] /onlane_ai_agent_8 http://y:34233/
[rosmaster.master][INFO] 2026-05-06 17:02:37,816: -PUB [/tf] /onlane_ai_agent_7 http://y:37427/
[rosmaster.master][INFO] 2026-05-06 17:02:37,817: -PUB [/tf] /onlane_ai_agent_2 http://y:42885/
[rosmaster.master][INFO] 2026-05-06 17:02:37,818: -PUB [/vis/agent_6/ego_vehicle_vis] /onlane_ai_agent_6 http://y:43499/
[rosmaster.master][INFO] 2026-05-06 17:02:37,818: -PUB [/vis/agent_3/ego_vehicle_vis] /onlane_ai_agent_3 http://y:33187/
[rosmaster.master][INFO] 2026-05-06 17:02:37,819: -PUB [/vis/agent_9/ego_vehicle_vis] /onlane_ai_agent_9 http://y:44905/
[rosmaster.master][INFO] 2026-05-06 17:02:37,820: -PUB [/vis/agent_10/ego_vehicle_vis] /onlane_ai_agent_10 http://y:37211/
[rosmaster.master][INFO] 2026-05-06 17:02:37,821: -PUB [/tf] /onlane_ai_agent_5 http://y:37401/
[rosmaster.master][INFO] 2026-05-06 17:02:37,822: -PUB [/vis/agent_4/obstacle_map] /onlane_ai_agent_4 http://y:39183/
[rosmaster.master][INFO] 2026-05-06 17:02:37,823: -PUB [/vis/agent_8/ego_vehicle_vis] /onlane_ai_agent_8 http://y:34233/
[rosmaster.master][INFO] 2026-05-06 17:02:37,824: -PUB [/vis/agent_7/ego_vehicle_vis] /onlane_ai_agent_7 http://y:37427/
[rosmaster.master][INFO] 2026-05-06 17:02:37,825: -PUB [/vis/agent_2/ego_vehicle_vis] /onlane_ai_agent_2 http://y:42885/
[rosmaster.master][INFO] 2026-05-06 17:02:37,826: -PUB [/vis/agent_6/obstacle_map] /onlane_ai_agent_6 http://y:43499/
[rosmaster.master][INFO] 2026-05-06 17:02:37,826: -PUB [/vis/agent_3/obstacle_map] /onlane_ai_agent_3 http://y:33187/
[rosmaster.master][INFO] 2026-05-06 17:02:37,827: -PUB [/vis/agent_9/obstacle_map] /onlane_ai_agent_9 http://y:44905/
[rosmaster.master][INFO] 2026-05-06 17:02:37,827: -PUB [/vis/agent_10/obstacle_map] /onlane_ai_agent_10 http://y:37211/
[rosmaster.master][INFO] 2026-05-06 17:02:37,829: -PUB [/vis/agent_5/ego_vehicle_vis] /onlane_ai_agent_5 http://y:37401/
[rosmaster.master][INFO] 2026-05-06 17:02:37,829: -PUB [/vis/agent_4/surrounding_lane_net_vis] /onlane_ai_agent_4 http://y:39183/
[rosmaster.master][INFO] 2026-05-06 17:02:37,830: -PUB [/vis/agent_8/obstacle_map] /onlane_ai_agent_8 http://y:34233/
[rosmaster.master][INFO] 2026-05-06 17:02:37,831: -PUB [/vis/agent_7/obstacle_map] /onlane_ai_agent_7 http://y:37427/
[rosmaster.master][INFO] 2026-05-06 17:02:37,831: -PUB [/vis/agent_2/obstacle_map] /onlane_ai_agent_2 http://y:42885/
[rosmaster.master][INFO] 2026-05-06 17:02:37,832: -PUB [/vis/agent_6/surrounding_lane_net_vis] /onlane_ai_agent_6 http://y:43499/
[rosmaster.master][INFO] 2026-05-06 17:02:37,833: -PUB [/vis/agent_9/surrounding_lane_net_vis] /onlane_ai_agent_9 http://y:44905/
[rosmaster.master][INFO] 2026-05-06 17:02:37,834: -PUB [/vis/agent_10/surrounding_lane_net_vis] /onlane_ai_agent_10 http://y:37211/
[rosmaster.master][INFO] 2026-05-06 17:02:37,834: -PUB [/vis/agent_3/surrounding_lane_net_vis] /onlane_ai_agent_3 http://y:33187/
[rosmaster.master][INFO] 2026-05-06 17:02:37,835: -PUB [/vis/agent_5/obstacle_map] /onlane_ai_agent_5 http://y:37401/
[rosmaster.master][INFO] 2026-05-06 17:02:37,836: -PUB [/vis/agent_4/local_lanes_vis] /onlane_ai_agent_4 http://y:39183/
[rosmaster.master][INFO] 2026-05-06 17:02:37,836: -PUB [/vis/agent_8/surrounding_lane_net_vis] /onlane_ai_agent_8 http://y:34233/
[rosmaster.master][INFO] 2026-05-06 17:02:37,837: -PUB [/vis/agent_2/surrounding_lane_net_vis] /onlane_ai_agent_2 http://y:42885/
[rosmaster.master][INFO] 2026-05-06 17:02:37,837: -PUB [/vis/agent_7/surrounding_lane_net_vis] /onlane_ai_agent_7 http://y:37427/
[rosmaster.master][INFO] 2026-05-06 17:02:37,838: -PUB [/vis/agent_6/local_lanes_vis] /onlane_ai_agent_6 http://y:43499/
[rosmaster.master][INFO] 2026-05-06 17:02:37,839: -PUB [/vis/agent_9/local_lanes_vis] /onlane_ai_agent_9 http://y:44905/
[rosmaster.master][INFO] 2026-05-06 17:02:37,839: -PUB [/vis/agent_10/local_lanes_vis] /onlane_ai_agent_10 http://y:37211/
[rosmaster.master][INFO] 2026-05-06 17:02:37,841: -PUB [/vis/agent_3/local_lanes_vis] /onlane_ai_agent_3 http://y:33187/
[rosmaster.master][INFO] 2026-05-06 17:02:37,841: -PUB [/vis/agent_5/surrounding_lane_net_vis] /onlane_ai_agent_5 http://y:37401/
[rosmaster.master][INFO] 2026-05-06 17:02:37,842: -PUB [/vis/agent_4/ego_behavior_vis] /onlane_ai_agent_4 http://y:39183/
[rosmaster.master][INFO] 2026-05-06 17:02:37,842: -PUB [/vis/agent_8/local_lanes_vis] /onlane_ai_agent_8 http://y:34233/
[rosmaster.master][INFO] 2026-05-06 17:02:37,843: -PUB [/vis/agent_2/local_lanes_vis] /onlane_ai_agent_2 http://y:42885/
[rosmaster.master][INFO] 2026-05-06 17:02:37,844: -PUB [/vis/agent_9/ego_behavior_vis] /onlane_ai_agent_9 http://y:44905/
[rosmaster.master][INFO] 2026-05-06 17:02:37,844: -PUB [/vis/agent_6/ego_behavior_vis] /onlane_ai_agent_6 http://y:43499/
[rosmaster.master][INFO] 2026-05-06 17:02:37,845: -PUB [/vis/agent_7/local_lanes_vis] /onlane_ai_agent_7 http://y:37427/
[rosmaster.master][INFO] 2026-05-06 17:02:37,846: -PUB [/vis/agent_10/ego_behavior_vis] /onlane_ai_agent_10 http://y:37211/
[rosmaster.master][INFO] 2026-05-06 17:02:37,847: -PUB [/vis/agent_5/local_lanes_vis] /onlane_ai_agent_5 http://y:37401/
[rosmaster.master][INFO] 2026-05-06 17:02:37,847: -PUB [/vis/agent_4/pred_traj_openloop_vis] /onlane_ai_agent_4 http://y:39183/
[rosmaster.master][INFO] 2026-05-06 17:02:37,848: -PUB [/vis/agent_8/ego_behavior_vis] /onlane_ai_agent_8 http://y:34233/
[rosmaster.master][INFO] 2026-05-06 17:02:37,849: -PUB [/vis/agent_3/ego_behavior_vis] /onlane_ai_agent_3 http://y:33187/
[rosmaster.master][INFO] 2026-05-06 17:02:37,850: -PUB [/vis/agent_2/ego_behavior_vis] /onlane_ai_agent_2 http://y:42885/
[rosmaster.master][INFO] 2026-05-06 17:02:37,850: -PUB [/vis/agent_9/pred_traj_openloop_vis] /onlane_ai_agent_9 http://y:44905/
[rosmaster.master][INFO] 2026-05-06 17:02:37,851: -PUB [/vis/agent_6/pred_traj_openloop_vis] /onlane_ai_agent_6 http://y:43499/
[rosmaster.master][INFO] 2026-05-06 17:02:37,851: -PUB [/vis/agent_7/ego_behavior_vis] /onlane_ai_agent_7 http://y:37427/
[rosmaster.master][INFO] 2026-05-06 17:02:37,852: -PUB [/vis/agent_4/pred_initial_intention_vis] /onlane_ai_agent_4 http://y:39183/
[rosmaster.master][INFO] 2026-05-06 17:02:37,853: -PUB [/vis/agent_10/pred_traj_openloop_vis] /onlane_ai_agent_10 http://y:37211/
[rosmaster.master][INFO] 2026-05-06 17:02:37,853: -PUB [/vis/agent_5/ego_behavior_vis] /onlane_ai_agent_5 http://y:37401/
[rosmaster.master][INFO] 2026-05-06 17:02:37,854: -PUB [/vis/agent_8/pred_traj_openloop_vis] /onlane_ai_agent_8 http://y:34233/
[rosmaster.master][INFO] 2026-05-06 17:02:37,854: -PUB [/vis/agent_2/pred_traj_openloop_vis] /onlane_ai_agent_2 http://y:42885/
[rosmaster.master][INFO] 2026-05-06 17:02:37,855: -PUB [/vis/agent_9/pred_initial_intention_vis] /onlane_ai_agent_9 http://y:44905/
[rosmaster.master][INFO] 2026-05-06 17:02:37,855: -PUB [/vis/agent_6/pred_initial_intention_vis] /onlane_ai_agent_6 http://y:43499/
[rosmaster.master][INFO] 2026-05-06 17:02:37,856: -PUB [/vis/agent_7/pred_traj_openloop_vis] /onlane_ai_agent_7 http://y:37427/
[rosmaster.master][INFO] 2026-05-06 17:02:37,857: -PUB [/vis/agent_3/pred_traj_openloop_vis] /onlane_ai_agent_3 http://y:33187/
[rosmaster.master][INFO] 2026-05-06 17:02:37,858: -PUB [/vis/agent_4/surrounding_vehicle_vis] /onlane_ai_agent_4 http://y:39183/
[rosmaster.master][INFO] 2026-05-06 17:02:37,858: -PUB [/vis/agent_10/pred_initial_intention_vis] /onlane_ai_agent_10 http://y:37211/
[rosmaster.master][INFO] 2026-05-06 17:02:37,859: -PUB [/vis/agent_8/pred_initial_intention_vis] /onlane_ai_agent_8 http://y:34233/
[rosmaster.master][INFO] 2026-05-06 17:02:37,859: -PUB [/vis/agent_2/pred_initial_intention_vis] /onlane_ai_agent_2 http://y:42885/
[rosmaster.master][INFO] 2026-05-06 17:02:37,859: -PUB [/vis/agent_9/surrounding_vehicle_vis] /onlane_ai_agent_9 http://y:44905/
[rosmaster.master][INFO] 2026-05-06 17:02:37,860: -PUB [/vis/agent_5/pred_traj_openloop_vis] /onlane_ai_agent_5 http://y:37401/
[rosmaster.master][INFO] 2026-05-06 17:02:37,861: -PUB [/vis/agent_6/surrounding_vehicle_vis] /onlane_ai_agent_6 http://y:43499/
[rosmaster.master][INFO] 2026-05-06 17:02:37,861: -PUB [/vis/agent_7/pred_initial_intention_vis] /onlane_ai_agent_7 http://y:37427/
[rosmaster.master][INFO] 2026-05-06 17:02:37,863: -PUB [/vis/agent_3/pred_initial_intention_vis] /onlane_ai_agent_3 http://y:33187/
[rosmaster.master][INFO] 2026-05-06 17:02:37,863: -PUB [/vis/agent_4/speed_limit] /onlane_ai_agent_4 http://y:39183/
[rosmaster.master][INFO] 2026-05-06 17:02:37,864: -PUB [/vis/agent_8/surrounding_vehicle_vis] /onlane_ai_agent_8 http://y:34233/
[rosmaster.master][INFO] 2026-05-06 17:02:37,864: -PUB [/vis/agent_2/surrounding_vehicle_vis] /onlane_ai_agent_2 http://y:42885/
[rosmaster.master][INFO] 2026-05-06 17:02:37,865: -PUB [/vis/agent_10/surrounding_vehicle_vis] /onlane_ai_agent_10 http://y:37211/
[rosmaster.master][INFO] 2026-05-06 17:02:37,866: -PUB [/vis/agent_9/speed_limit] /onlane_ai_agent_9 http://y:44905/
[rosmaster.master][INFO] 2026-05-06 17:02:37,866: -PUB [/vis/agent_5/pred_initial_intention_vis] /onlane_ai_agent_5 http://y:37401/
[rosmaster.master][INFO] 2026-05-06 17:02:37,868: -PUB [/vis/agent_6/speed_limit] /onlane_ai_agent_6 http://y:43499/
[rosmaster.master][INFO] 2026-05-06 17:02:37,868: -PUB [/vis/agent_7/surrounding_vehicle_vis] /onlane_ai_agent_7 http://y:37427/
[rosmaster.master][INFO] 2026-05-06 17:02:37,869: -PUB [/vis/agent_4/forward_trajs] /onlane_ai_agent_4 http://y:39183/
[rosmaster.master][INFO] 2026-05-06 17:02:37,870: -PUB [/vis/agent_8/speed_limit] /onlane_ai_agent_8 http://y:34233/
[rosmaster.master][INFO] 2026-05-06 17:02:37,870: -PUB [/vis/agent_3/surrounding_vehicle_vis] /onlane_ai_agent_3 http://y:33187/
[rosmaster.master][INFO] 2026-05-06 17:02:37,871: -PUB [/vis/agent_2/speed_limit] /onlane_ai_agent_2 http://y:42885/
[rosmaster.master][INFO] 2026-05-06 17:02:37,872: -PUB [/vis/agent_10/speed_limit] /onlane_ai_agent_10 http://y:37211/
[rosmaster.master][INFO] 2026-05-06 17:02:37,872: -PUB [/vis/agent_9/forward_trajs] /onlane_ai_agent_9 http://y:44905/
[rosmaster.master][INFO] 2026-05-06 17:02:37,872: -PUB [/vis/agent_5/surrounding_vehicle_vis] /onlane_ai_agent_5 http://y:37401/
[rosmaster.master][INFO] 2026-05-06 17:02:37,873: -PUB [/vis/agent_7/speed_limit] /onlane_ai_agent_7 http://y:37427/
[rosmaster.master][INFO] 2026-05-06 17:02:37,874: -PUB [/vis/agent_6/forward_trajs] /onlane_ai_agent_6 http://y:43499/
[rosmaster.master][INFO] 2026-05-06 17:02:37,875: -SUB [/arena_info_static] /onlane_ai_agent_4 http://y:39183/
[rosmaster.master][INFO] 2026-05-06 17:02:37,875: -PUB [/vis/agent_8/forward_trajs] /onlane_ai_agent_8 http://y:34233/
[rosmaster.master][INFO] 2026-05-06 17:02:37,875: -PUB [/vis/agent_2/forward_trajs] /onlane_ai_agent_2 http://y:42885/
[rosmaster.master][INFO] 2026-05-06 17:02:37,877: -PUB [/vis/agent_3/speed_limit] /onlane_ai_agent_3 http://y:33187/
[rosmaster.master][INFO] 2026-05-06 17:02:37,877: -SUB [/arena_info_static] /onlane_ai_agent_9 http://y:44905/
[rosmaster.master][INFO] 2026-05-06 17:02:37,877: -PUB [/vis/agent_10/forward_trajs] /onlane_ai_agent_10 http://y:37211/
[rosmaster.master][INFO] 2026-05-06 17:02:37,878: -PUB [/vis/agent_5/speed_limit] /onlane_ai_agent_5 http://y:37401/
[rosmaster.master][INFO] 2026-05-06 17:02:37,879: -PUB [/vis/agent_7/forward_trajs] /onlane_ai_agent_7 http://y:37427/
[rosmaster.master][INFO] 2026-05-06 17:02:37,880: -SUB [/arena_info_static] /onlane_ai_agent_8 http://y:34233/
[rosmaster.master][INFO] 2026-05-06 17:02:37,880: -SUB [/arena_info_dynamic] /onlane_ai_agent_4 http://y:39183/
[rosmaster.master][INFO] 2026-05-06 17:02:37,881: -SUB [/arena_info_static] /onlane_ai_agent_2 http://y:42885/
[rosmaster.master][INFO] 2026-05-06 17:02:37,882: -SUB [/arena_info_static] /onlane_ai_agent_6 http://y:43499/
[rosmaster.master][INFO] 2026-05-06 17:02:37,883: -SUB [/arena_info_dynamic] /onlane_ai_agent_9 http://y:44905/
[rosmaster.master][INFO] 2026-05-06 17:02:37,883: -PUB [/vis/agent_3/forward_trajs] /onlane_ai_agent_3 http://y:33187/
[rosmaster.master][INFO] 2026-05-06 17:02:37,884: -SUB [/arena_info_static] /onlane_ai_agent_10 http://y:37211/
[rosmaster.master][INFO] 2026-05-06 17:02:37,885: -SUB [/arena_info_static] /onlane_ai_agent_7 http://y:37427/
[rosmaster.master][INFO] 2026-05-06 17:02:37,885: -SUB [/arena_info_dynamic] /onlane_ai_agent_8 http://y:34233/
[rosmaster.master][INFO] 2026-05-06 17:02:37,886: -PUB [/vis/agent_5/forward_trajs] /onlane_ai_agent_5 http://y:37401/
[rosmaster.master][INFO] 2026-05-06 17:02:37,887: -SUB [/joy] /onlane_ai_agent_4 http://y:39183/
[rosmaster.master][INFO] 2026-05-06 17:02:37,888: -SUB [/arena_info_dynamic] /onlane_ai_agent_2 http://y:42885/
[rosmaster.master][INFO] 2026-05-06 17:02:37,888: -SUB [/arena_info_dynamic] /onlane_ai_agent_6 http://y:43499/
[rosmaster.master][INFO] 2026-05-06 17:02:37,889: -SUB [/joy] /onlane_ai_agent_9 http://y:44905/
[rosmaster.master][INFO] 2026-05-06 17:02:37,890: -SUB [/arena_info_static] /onlane_ai_agent_3 http://y:33187/
[rosmaster.master][INFO] 2026-05-06 17:02:37,890: -SUB [/arena_info_dynamic] /onlane_ai_agent_7 http://y:37427/
[rosmaster.master][INFO] 2026-05-06 17:02:37,891: -SUB [/joy] /onlane_ai_agent_8 http://y:34233/
[rosmaster.master][INFO] 2026-05-06 17:02:37,891: -SUB [/arena_info_dynamic] /onlane_ai_agent_10 http://y:37211/
[rosmaster.master][INFO] 2026-05-06 17:02:37,892: -SUB [/arena_info_static] /onlane_ai_agent_5 http://y:37401/
[rosmaster.master][INFO] 2026-05-06 17:02:37,893: -SUB [/joy] /onlane_ai_agent_2 http://y:42885/
[rosmaster.master][INFO] 2026-05-06 17:02:37,893: -SERVICE [/onlane_ai_agent_4/get_loggers] /onlane_ai_agent_4 rosrpc://y:44287
[rosmaster.master][INFO] 2026-05-06 17:02:37,894: -SUB [/joy] /onlane_ai_agent_6 http://y:43499/
[rosmaster.master][INFO] 2026-05-06 17:02:37,894: -PUB [/rosout] /onlane_ai_agent_1 http://y:41823/
[rosmaster.master][INFO] 2026-05-06 17:02:37,894: -SERVICE [/onlane_ai_agent_9/get_loggers] /onlane_ai_agent_9 rosrpc://y:60485
[rosmaster.master][INFO] 2026-05-06 17:02:37,895: -SUB [/joy] /onlane_ai_agent_7 http://y:37427/
[rosmaster.master][INFO] 2026-05-06 17:02:37,895: -SERVICE [/onlane_ai_agent_8/get_loggers] /onlane_ai_agent_8 rosrpc://y:48309
[rosmaster.master][INFO] 2026-05-06 17:02:37,896: -SUB [/arena_info_dynamic] /onlane_ai_agent_3 http://y:33187/
[rosmaster.master][INFO] 2026-05-06 17:02:37,896: -SUB [/joy] /onlane_ai_agent_10 http://y:37211/
[rosmaster.master][INFO] 2026-05-06 17:02:37,896: -SUB [/arena_info_dynamic] /onlane_ai_agent_5 http://y:37401/
[rosmaster.master][INFO] 2026-05-06 17:02:37,897: -SERVICE [/onlane_ai_agent_2/get_loggers] /onlane_ai_agent_2 rosrpc://y:59959
[rosmaster.master][INFO] 2026-05-06 17:02:37,897: -SERVICE [/onlane_ai_agent_6/get_loggers] /onlane_ai_agent_6 rosrpc://y:38947
[rosmaster.master][INFO] 2026-05-06 17:02:37,897: -PUB [/ctrl/agent_1] /onlane_ai_agent_1 http://y:41823/
[rosmaster.master][INFO] 2026-05-06 17:02:37,897: -SERVICE [/onlane_ai_agent_9/set_logger_level] /onlane_ai_agent_9 rosrpc://y:60485
[rosmaster.master][INFO] 2026-05-06 17:02:37,898: -SERVICE [/onlane_ai_agent_4/set_logger_level] /onlane_ai_agent_4 rosrpc://y:44287
[rosmaster.master][INFO] 2026-05-06 17:02:37,898: -SERVICE [/onlane_ai_agent_7/get_loggers] /onlane_ai_agent_7 rosrpc://y:44249
[rosmaster.master][INFO] 2026-05-06 17:02:37,898: -SERVICE [/onlane_ai_agent_8/set_logger_level] /onlane_ai_agent_8 rosrpc://y:48309
[rosmaster.master][INFO] 2026-05-06 17:02:37,898: -SUB [/joy] /onlane_ai_agent_3 http://y:33187/
[rosmaster.master][INFO] 2026-05-06 17:02:37,898: -SERVICE [/onlane_ai_agent_10/get_loggers] /onlane_ai_agent_10 rosrpc://y:33143
[rosmaster.master][INFO] 2026-05-06 17:02:37,899: -SUB [/joy] /onlane_ai_agent_5 http://y:37401/
[rosmaster.master][INFO] 2026-05-06 17:02:37,899: -SERVICE [/onlane_ai_agent_2/set_logger_level] /onlane_ai_agent_2 rosrpc://y:59959
[rosmaster.master][INFO] 2026-05-06 17:02:37,900: -SERVICE [/onlane_ai_agent_6/set_logger_level] /onlane_ai_agent_6 rosrpc://y:38947
[rosmaster.master][INFO] 2026-05-06 17:02:37,900: -PUB [/tf] /onlane_ai_agent_1 http://y:41823/
[rosmaster.master][INFO] 2026-05-06 17:02:37,900: -SERVICE [/onlane_ai_agent_7/set_logger_level] /onlane_ai_agent_7 rosrpc://y:44249
[rosmaster.master][INFO] 2026-05-06 17:02:37,900: -SERVICE [/onlane_ai_agent_10/set_logger_level] /onlane_ai_agent_10 rosrpc://y:33143
[rosmaster.master][INFO] 2026-05-06 17:02:37,900: -SERVICE [/onlane_ai_agent_3/get_loggers] /onlane_ai_agent_3 rosrpc://y:57861
[rosmaster.master][INFO] 2026-05-06 17:02:37,901: -SERVICE [/onlane_ai_agent_5/get_loggers] /onlane_ai_agent_5 rosrpc://y:41743
[rosmaster.master][INFO] 2026-05-06 17:02:37,901: -PUB [/vis/agent_1/ego_vehicle_vis] /onlane_ai_agent_1 http://y:41823/
[rosmaster.master][INFO] 2026-05-06 17:02:37,901: -SERVICE [/onlane_ai_agent_3/set_logger_level] /onlane_ai_agent_3 rosrpc://y:57861
[rosmaster.master][INFO] 2026-05-06 17:02:37,902: -SERVICE [/onlane_ai_agent_5/set_logger_level] /onlane_ai_agent_5 rosrpc://y:41743
[rosmaster.master][INFO] 2026-05-06 17:02:37,902: -PUB [/vis/agent_1/obstacle_map] /onlane_ai_agent_1 http://y:41823/
[rosmaster.master][INFO] 2026-05-06 17:02:37,902: -PUB [/vis/agent_1/surrounding_lane_net_vis] /onlane_ai_agent_1 http://y:41823/
[rosmaster.master][INFO] 2026-05-06 17:02:37,903: -PUB [/vis/agent_1/local_lanes_vis] /onlane_ai_agent_1 http://y:41823/
[rosmaster.master][INFO] 2026-05-06 17:02:37,903: -PUB [/vis/agent_1/ego_behavior_vis] /onlane_ai_agent_1 http://y:41823/
[rosmaster.master][INFO] 2026-05-06 17:02:37,903: -PUB [/vis/agent_1/pred_traj_openloop_vis] /onlane_ai_agent_1 http://y:41823/
[rosmaster.master][INFO] 2026-05-06 17:02:37,904: -PUB [/vis/agent_1/pred_initial_intention_vis] /onlane_ai_agent_1 http://y:41823/
[rosmaster.master][INFO] 2026-05-06 17:02:37,904: -PUB [/vis/agent_1/surrounding_vehicle_vis] /onlane_ai_agent_1 http://y:41823/
[rosmaster.master][INFO] 2026-05-06 17:02:37,904: -PUB [/vis/agent_1/speed_limit] /onlane_ai_agent_1 http://y:41823/
[rosmaster.master][INFO] 2026-05-06 17:02:37,905: -PUB [/vis/agent_1/forward_trajs] /onlane_ai_agent_1 http://y:41823/
[rosmaster.master][INFO] 2026-05-06 17:02:37,905: -SUB [/arena_info_static] /onlane_ai_agent_1 http://y:41823/
[rosmaster.master][INFO] 2026-05-06 17:02:37,905: -SUB [/arena_info_dynamic] /onlane_ai_agent_1 http://y:41823/
[rosmaster.master][INFO] 2026-05-06 17:02:37,906: -SUB [/joy] /onlane_ai_agent_1 http://y:41823/
[rosmaster.master][INFO] 2026-05-06 17:02:37,906: -SERVICE [/onlane_ai_agent_1/get_loggers] /onlane_ai_agent_1 rosrpc://y:39579
[rosmaster.master][INFO] 2026-05-06 17:02:37,907: -SERVICE [/onlane_ai_agent_1/set_logger_level] /onlane_ai_agent_1 rosrpc://y:39579
[rosmaster.master][INFO] 2026-05-06 17:02:37,912: publisherUpdate[/rosout] -> http://y:37461/ ['http://y:46175/']
[rosmaster.master][INFO] 2026-05-06 17:02:37,913: publisherUpdate[/rosout] -> http://y:37461/ ['http://y:46175/']: sec=0.00, result=[1, '', 0]
[rosmaster.master][INFO] 2026-05-06 17:02:38,093: -PUB [/rosout] /test_ssc_with_eudm_0 http://y:46175/
[rosmaster.master][INFO] 2026-05-06 17:02:38,094: -PUB [/tf] /test_ssc_with_eudm_0 http://y:46175/
[rosmaster.master][INFO] 2026-05-06 17:02:38,095: -PUB [/vis/agent_0/ego_vehicle_vis] /test_ssc_with_eudm_0 http://y:46175/
[rosmaster.master][INFO] 2026-05-06 17:02:38,096: -PUB [/vis/agent_0/obstacle_map] /test_ssc_with_eudm_0 http://y:46175/
[rosmaster.master][INFO] 2026-05-06 17:02:38,097: -PUB [/vis/agent_0/surrounding_lane_net_vis] /test_ssc_with_eudm_0 http://y:46175/
[rosmaster.master][INFO] 2026-05-06 17:02:38,098: -PUB [/vis/agent_0/local_lanes_vis] /test_ssc_with_eudm_0 http://y:46175/
[rosmaster.master][INFO] 2026-05-06 17:02:38,098: -PUB [/vis/agent_0/ego_behavior_vis] /test_ssc_with_eudm_0 http://y:46175/
[rosmaster.master][INFO] 2026-05-06 17:02:38,099: -PUB [/vis/agent_0/pred_traj_openloop_vis] /test_ssc_with_eudm_0 http://y:46175/
[rosmaster.master][INFO] 2026-05-06 17:02:38,100: -PUB [/vis/agent_0/pred_initial_intention_vis] /test_ssc_with_eudm_0 http://y:46175/
[rosmaster.master][INFO] 2026-05-06 17:02:38,100: -PUB [/vis/agent_0/surrounding_vehicle_vis] /test_ssc_with_eudm_0 http://y:46175/
[rosmaster.master][INFO] 2026-05-06 17:02:38,101: -PUB [/vis/agent_0/speed_limit] /test_ssc_with_eudm_0 http://y:46175/
[rosmaster.master][INFO] 2026-05-06 17:02:38,102: -PUB [/vis/agent_0/ssc/map_vis] /test_ssc_with_eudm_0 http://y:46175/
[rosmaster.master][INFO] 2026-05-06 17:02:38,102: -PUB [/vis/agent_0/ssc/qp_vis] /test_ssc_with_eudm_0 http://y:46175/
[rosmaster.master][INFO] 2026-05-06 17:02:38,103: -PUB [/vis/agent_0/ssc/ego_fs_vis] /test_ssc_with_eudm_0 http://y:46175/
[rosmaster.master][INFO] 2026-05-06 17:02:38,104: -PUB [/vis/agent_0/ssc/forward_trajs_vis] /test_ssc_with_eudm_0 http://y:46175/
[rosmaster.master][INFO] 2026-05-06 17:02:38,104: -PUB [/vis/agent_0/ssc/sur_vehicle_trajs_vis] /test_ssc_with_eudm_0 http://y:46175/
[rosmaster.master][INFO] 2026-05-06 17:02:38,105: -PUB [/vis/agent_0/ssc/corridor_vis] /test_ssc_with_eudm_0 http://y:46175/
[rosmaster.master][INFO] 2026-05-06 17:02:38,106: -PUB [/vis/agent_0/forward_trajs] /test_ssc_with_eudm_0 http://y:46175/
[rosmaster.master][INFO] 2026-05-06 17:02:38,106: -PUB [/ctrl/agent_0] /test_ssc_with_eudm_0 http://y:46175/
[rosmaster.master][INFO] 2026-05-06 17:02:38,107: -PUB [/test_ssc_with_eudm_0/ssc_map] /test_ssc_with_eudm_0 http://y:46175/
[rosmaster.master][INFO] 2026-05-06 17:02:38,108: -PUB [/vis/agent_0/ssc/exec_traj] /test_ssc_with_eudm_0 http://y:46175/
[rosmaster.master][INFO] 2026-05-06 17:02:38,108: -SUB [/joy] /test_ssc_with_eudm_0 http://y:46175/
[rosmaster.master][INFO] 2026-05-06 17:02:38,109: -SUB [/arena_info_static] /test_ssc_with_eudm_0 http://y:46175/
[rosmaster.master][INFO] 2026-05-06 17:02:38,110: -SUB [/arena_info_dynamic] /test_ssc_with_eudm_0 http://y:46175/
[rosmaster.master][INFO] 2026-05-06 17:02:38,110: -SERVICE [/test_ssc_with_eudm_0/get_loggers] /test_ssc_with_eudm_0 rosrpc://y:40299
[rosmaster.master][INFO] 2026-05-06 17:02:38,111: -SERVICE [/test_ssc_with_eudm_0/set_logger_level] /test_ssc_with_eudm_0 rosrpc://y:40299
[rosmaster.master][INFO] 2026-05-06 17:02:38,112: -CACHEDPARAM [/rosout_disable_topics_generation] by /test_ssc_with_eudm_0
[rosmaster.master][INFO] 2026-05-06 17:02:38,114: publisherUpdate[/rosout] -> http://y:37461/ []
[rosmaster.master][INFO] 2026-05-06 17:02:38,114: publisherUpdate[/rosout] -> http://y:37461/ []: sec=0.00, result=[1, '', 0]
[rosmaster.master][INFO] 2026-05-06 17:02:38,415: -PUB [/rosout_agg] /rosout http://y:37461/
[rosmaster.master][INFO] 2026-05-06 17:02:38,416: -SUB [/rosout] /rosout http://y:37461/
[rosmaster.master][INFO] 2026-05-06 17:02:38,416: -SERVICE [/rosout/get_loggers] /rosout rosrpc://y:43047
[rosmaster.master][INFO] 2026-05-06 17:02:38,417: -SERVICE [/rosout/set_logger_level] /rosout rosrpc://y:43047
[rosmaster.master][INFO] 2026-05-06 17:02:38,417: -CACHEDPARAM [/rosout/omit_topics] by /rosout
[rosmaster.main][INFO] 2026-05-06 17:02:38,429: keyboard interrupt, will exit
[rosmaster.main][INFO] 2026-05-06 17:02:38,429: stopping master...
[rospy.core][INFO] 2026-05-06 17:02:38,429: signal_shutdown [atexit]
