[rosmaster.main][INFO] 2026-04-23 10:59:19,423: initialization complete, waiting for shutdown
[rosmaster.main][INFO] 2026-04-23 10:59:19,423: Starting ROS Master Node
[xmlrpc][INFO] 2026-04-23 10:59:19,424: XML-RPC server binding to 0.0.0.0:11311
[xmlrpc][INFO] 2026-04-23 10:59:19,424: Started XML-RPC server [http://ying-N8:11311/]
[rosmaster.master][INFO] 2026-04-23 10:59:19,424: Master initialized: port[11311], uri[http://ying-N8:11311/]
[xmlrpc][INFO] 2026-04-23 10:59:19,424: xml rpc node: starting XML-RPC server
[rosmaster.master][INFO] 2026-04-23 10:59:19,444: +PARAM [/run_id] by /roslaunch
[rosmaster.master][INFO] 2026-04-23 10:59:19,444: +PARAM [/roslaunch/uris/host_ying_n8__41707] by /roslaunch
[rosmaster.master][INFO] 2026-04-23 10:59:19,486: +PARAM [/rosversion] by /roslaunch
[rosmaster.master][INFO] 2026-04-23 10:59:19,486: +PARAM [/rosdistro] by /roslaunch
[rosmaster.master][INFO] 2026-04-23 10:59:19,486: +PARAM [/test_ssc_with_mpdm_0/ego_id] by /roslaunch
[rosmaster.master][INFO] 2026-04-23 10:59:19,486: +PARAM [/test_ssc_with_mpdm_0/agent_config_path] by /roslaunch
[rosmaster.master][INFO] 2026-04-23 10:59:19,486: +PARAM [/test_ssc_with_mpdm_0/ssc_config_path] by /roslaunch
[rosmaster.master][INFO] 2026-04-23 10:59:19,486: +PARAM [/test_ssc_with_mpdm_0/desired_vel] by /roslaunch
[rosmaster.master][INFO] 2026-04-23 10:59:19,486: +PARAM [/test_ssc_with_mpdm_0/use_sim_state] by /roslaunch
[rosmaster.master][INFO] 2026-04-23 10:59:19,486: +PARAM [/onlane_ai_agent_1/ego_id] by /roslaunch
[rosmaster.master][INFO] 2026-04-23 10:59:19,486: +PARAM [/onlane_ai_agent_1/agent_config_path] by /roslaunch
[rosmaster.master][INFO] 2026-04-23 10:59:19,486: +PARAM [/onlane_ai_agent_1/desired_vel] by /roslaunch
[rosmaster.master][INFO] 2026-04-23 10:59:19,486: +PARAM [/onlane_ai_agent_1/autonomous_level] by /roslaunch
[rosmaster.master][INFO] 2026-04-23 10:59:19,487: +PARAM [/onlane_ai_agent_1/aggressiveness_level] by /roslaunch
[rosmaster.master][INFO] 2026-04-23 10:59:19,487: +PARAM [/onlane_ai_agent_2/ego_id] by /roslaunch
[rosmaster.master][INFO] 2026-04-23 10:59:19,487: +PARAM [/onlane_ai_agent_2/agent_config_path] by /roslaunch
[rosmaster.master][INFO] 2026-04-23 10:59:19,487: +PARAM [/onlane_ai_agent_2/desired_vel] by /roslaunch
[rosmaster.master][INFO] 2026-04-23 10:59:19,487: +PARAM [/onlane_ai_agent_2/autonomous_level] by /roslaunch
[rosmaster.master][INFO] 2026-04-23 10:59:19,487: +PARAM [/onlane_ai_agent_2/aggressiveness_level] by /roslaunch
[rosmaster.master][INFO] 2026-04-23 10:59:19,487: +PARAM [/onlane_ai_agent_3/ego_id] by /roslaunch
[rosmaster.master][INFO] 2026-04-23 10:59:19,487: +PARAM [/onlane_ai_agent_3/agent_config_path] by /roslaunch
[rosmaster.master][INFO] 2026-04-23 10:59:19,487: +PARAM [/onlane_ai_agent_3/desired_vel] by /roslaunch
[rosmaster.master][INFO] 2026-04-23 10:59:19,488: +PARAM [/onlane_ai_agent_3/autonomous_level] by /roslaunch
[rosmaster.master][INFO] 2026-04-23 10:59:19,488: +PARAM [/onlane_ai_agent_3/aggressiveness_level] by /roslaunch
[rosmaster.master][INFO] 2026-04-23 10:59:19,487: +SERVICE [/rosout/get_loggers] /rosout http://ying-N8:36403/
[rosmaster.master][INFO] 2026-04-23 10:59:19,488: +PARAM [/onlane_ai_agent_4/ego_id] by /roslaunch
[rosmaster.master][INFO] 2026-04-23 10:59:19,488: +PARAM [/onlane_ai_agent_4/agent_config_path] by /roslaunch
[rosmaster.master][INFO] 2026-04-23 10:59:19,488: +PARAM [/onlane_ai_agent_4/desired_vel] by /roslaunch
[rosmaster.master][INFO] 2026-04-23 10:59:19,488: +PARAM [/onlane_ai_agent_4/autonomous_level] by /roslaunch
[rosmaster.master][INFO] 2026-04-23 10:59:19,488: +SERVICE [/rosout/set_logger_level] /rosout http://ying-N8:36403/
[rosmaster.master][INFO] 2026-04-23 10:59:19,488: +PARAM [/onlane_ai_agent_4/aggressiveness_level] by /roslaunch
[rosmaster.master][INFO] 2026-04-23 10:59:19,489: +PARAM [/onlane_ai_agent_5/ego_id] by /roslaunch
[rosmaster.master][INFO] 2026-04-23 10:59:19,489: +PARAM [/onlane_ai_agent_5/agent_config_path] by /roslaunch
[rosmaster.master][INFO] 2026-04-23 10:59:19,489: +PARAM [/onlane_ai_agent_5/desired_vel] by /roslaunch
[rosmaster.master][INFO] 2026-04-23 10:59:19,489: +PUB [/rosout_agg] /rosout http://ying-N8:36403/
[rosmaster.master][INFO] 2026-04-23 10:59:19,489: +PARAM [/onlane_ai_agent_5/autonomous_level] by /roslaunch
[rosmaster.master][INFO] 2026-04-23 10:59:19,489: +PARAM [/onlane_ai_agent_5/aggressiveness_level] by /roslaunch
[rosmaster.master][INFO] 2026-04-23 10:59:19,489: +PARAM [/onlane_ai_agent_6/ego_id] by /roslaunch
[rosmaster.master][INFO] 2026-04-23 10:59:19,490: +PARAM [/onlane_ai_agent_6/agent_config_path] by /roslaunch
[rosmaster.master][INFO] 2026-04-23 10:59:19,490: +PARAM [/onlane_ai_agent_6/desired_vel] by /roslaunch
[rosmaster.master][INFO] 2026-04-23 10:59:19,490: +PARAM [/onlane_ai_agent_6/autonomous_level] by /roslaunch
[rosmaster.master][INFO] 2026-04-23 10:59:19,490: +PARAM [/onlane_ai_agent_6/aggressiveness_level] by /roslaunch
[rosmaster.master][INFO] 2026-04-23 10:59:19,491: +SUB [/rosout] /rosout http://ying-N8:36403/
[rosmaster.master][INFO] 2026-04-23 10:59:19,491: +PARAM [/onlane_ai_agent_7/ego_id] by /roslaunch
[rosmaster.master][INFO] 2026-04-23 10:59:19,491: +PARAM [/onlane_ai_agent_7/agent_config_path] by /roslaunch
[rosmaster.master][INFO] 2026-04-23 10:59:19,491: +PARAM [/onlane_ai_agent_7/desired_vel] by /roslaunch
[rosmaster.master][INFO] 2026-04-23 10:59:19,491: +PARAM [/onlane_ai_agent_7/autonomous_level] by /roslaunch
[rosmaster.master][INFO] 2026-04-23 10:59:19,491: +PARAM [/onlane_ai_agent_7/aggressiveness_level] by /roslaunch
[rosmaster.master][INFO] 2026-04-23 10:59:19,491: +PARAM [/onlane_ai_agent_8/ego_id] by /roslaunch
[rosmaster.master][INFO] 2026-04-23 10:59:19,491: +PARAM [/onlane_ai_agent_8/agent_config_path] by /roslaunch
[rosmaster.master][INFO] 2026-04-23 10:59:19,491: +PARAM [/onlane_ai_agent_8/desired_vel] by /roslaunch
[rosmaster.master][INFO] 2026-04-23 10:59:19,491: +PARAM [/onlane_ai_agent_8/autonomous_level] by /roslaunch
[rosmaster.master][INFO] 2026-04-23 10:59:19,491: +PARAM [/onlane_ai_agent_8/aggressiveness_level] by /roslaunch
[rosmaster.master][INFO] 2026-04-23 10:59:19,491: +PARAM [/onlane_ai_agent_9/ego_id] by /roslaunch
[rosmaster.master][INFO] 2026-04-23 10:59:19,491: +PARAM [/onlane_ai_agent_9/agent_config_path] by /roslaunch
[rosmaster.master][INFO] 2026-04-23 10:59:19,491: +PARAM [/onlane_ai_agent_9/desired_vel] by /roslaunch
[rosmaster.master][INFO] 2026-04-23 10:59:19,492: +PARAM [/onlane_ai_agent_9/autonomous_level] by /roslaunch
[rosmaster.master][INFO] 2026-04-23 10:59:19,492: +PARAM [/onlane_ai_agent_9/aggressiveness_level] by /roslaunch
[rosmaster.master][INFO] 2026-04-23 10:59:19,492: +PARAM [/onlane_ai_agent_10/ego_id] by /roslaunch
[rosmaster.master][INFO] 2026-04-23 10:59:19,492: +PARAM [/onlane_ai_agent_10/agent_config_path] by /roslaunch
[rosmaster.master][INFO] 2026-04-23 10:59:19,492: +PARAM [/onlane_ai_agent_10/desired_vel] by /roslaunch
[rosmaster.master][INFO] 2026-04-23 10:59:19,492: +PARAM [/onlane_ai_agent_10/autonomous_level] by /roslaunch
[rosmaster.master][INFO] 2026-04-23 10:59:19,492: +PARAM [/onlane_ai_agent_10/aggressiveness_level] by /roslaunch
[rosmaster.master][INFO] 2026-04-23 10:59:19,492: +PARAM [/joy_node/dev] by /roslaunch
[rosmaster.master][INFO] 2026-04-23 10:59:19,492: +PARAM [/phy_simulator_planning_node/vehicle_info_path] by /roslaunch
[rosmaster.master][INFO] 2026-04-23 10:59:19,492: +PARAM [/phy_simulator_planning_node/map_path] by /roslaunch
[rosmaster.master][INFO] 2026-04-23 10:59:19,492: +PARAM [/phy_simulator_planning_node/lane_net_path] by /roslaunch
[rosmaster.master][INFO] 2026-04-23 10:59:19,536: +PUB [/rosout] /onlane_ai_agent_1 http://ying-N8:36715/
[rosmaster.master][INFO] 2026-04-23 10:59:19,537: +PUB [/rosout] /test_ssc_with_mpdm_0 http://ying-N8:38363/
[rosmaster.master][INFO] 2026-04-23 10:59:19,537: +SERVICE [/onlane_ai_agent_1/get_loggers] /onlane_ai_agent_1 http://ying-N8:36715/
[rosmaster.master][INFO] 2026-04-23 10:59:19,537: +SERVICE [/onlane_ai_agent_1/set_logger_level] /onlane_ai_agent_1 http://ying-N8:36715/
[rosmaster.master][INFO] 2026-04-23 10:59:19,539: +PUB [/ctrl/agent_1] /onlane_ai_agent_1 http://ying-N8:36715/
[rosmaster.master][INFO] 2026-04-23 10:59:19,539: +SERVICE [/test_ssc_with_mpdm_0/get_loggers] /test_ssc_with_mpdm_0 http://ying-N8:38363/
[rosmaster.master][INFO] 2026-04-23 10:59:19,541: +SERVICE [/test_ssc_with_mpdm_0/set_logger_level] /test_ssc_with_mpdm_0 http://ying-N8:38363/
[rosmaster.master][INFO] 2026-04-23 10:59:19,542: +PUB [/tf] /onlane_ai_agent_1 http://ying-N8:36715/
[rosmaster.master][INFO] 2026-04-23 10:59:19,547: +PUB [/rosout] /onlane_ai_agent_2 http://ying-N8:39791/
[rosmaster.master][INFO] 2026-04-23 10:59:19,548: +SERVICE [/onlane_ai_agent_2/get_loggers] /onlane_ai_agent_2 http://ying-N8:39791/
[rosmaster.master][INFO] 2026-04-23 10:59:19,548: +SERVICE [/onlane_ai_agent_2/set_logger_level] /onlane_ai_agent_2 http://ying-N8:39791/
[rosmaster.master][INFO] 2026-04-23 10:59:19,550: +PUB [/ctrl/agent_2] /onlane_ai_agent_2 http://ying-N8:39791/
[rosmaster.master][INFO] 2026-04-23 10:59:19,552: +PUB [/tf] /onlane_ai_agent_2 http://ying-N8:39791/
[rosmaster.master][INFO] 2026-04-23 10:59:19,553: +PUB [/vis/agent_2/ego_vehicle_vis] /onlane_ai_agent_2 http://ying-N8:39791/
[rosmaster.master][INFO] 2026-04-23 10:59:19,554: +PUB [/vis/agent_1/ego_vehicle_vis] /onlane_ai_agent_1 http://ying-N8:36715/
[rosmaster.master][INFO] 2026-04-23 10:59:19,556: +PUB [/vis/agent_1/obstacle_map] /onlane_ai_agent_1 http://ying-N8:36715/
[rosmaster.master][INFO] 2026-04-23 10:59:19,556: +PUB [/vis/agent_2/obstacle_map] /onlane_ai_agent_2 http://ying-N8:39791/
[rosmaster.master][INFO] 2026-04-23 10:59:19,557: +PUB [/vis/agent_1/surrounding_lane_net_vis] /onlane_ai_agent_1 http://ying-N8:36715/
[rosmaster.master][INFO] 2026-04-23 10:59:19,558: +PUB [/tf] /test_ssc_with_mpdm_0 http://ying-N8:38363/
[rosmaster.master][INFO] 2026-04-23 10:59:19,559: +PUB [/vis/agent_2/surrounding_lane_net_vis] /onlane_ai_agent_2 http://ying-N8:39791/
[rosmaster.master][INFO] 2026-04-23 10:59:19,559: +PUB [/rosout] /onlane_ai_agent_3 http://ying-N8:35113/
[rosmaster.master][INFO] 2026-04-23 10:59:19,560: +PUB [/vis/agent_1/local_lanes_vis] /onlane_ai_agent_1 http://ying-N8:36715/
[rosmaster.master][INFO] 2026-04-23 10:59:19,560: +SERVICE [/onlane_ai_agent_3/get_loggers] /onlane_ai_agent_3 http://ying-N8:35113/
[rosmaster.master][INFO] 2026-04-23 10:59:19,560: +PUB [/vis/agent_2/local_lanes_vis] /onlane_ai_agent_2 http://ying-N8:39791/
[rosmaster.master][INFO] 2026-04-23 10:59:19,561: +PUB [/vis/agent_1/ego_behavior_vis] /onlane_ai_agent_1 http://ying-N8:36715/
[rosmaster.master][INFO] 2026-04-23 10:59:19,561: +SERVICE [/onlane_ai_agent_3/set_logger_level] /onlane_ai_agent_3 http://ying-N8:35113/
[rosmaster.master][INFO] 2026-04-23 10:59:19,562: +PUB [/vis/agent_2/ego_behavior_vis] /onlane_ai_agent_2 http://ying-N8:39791/
[rosmaster.master][INFO] 2026-04-23 10:59:19,562: +PUB [/vis/agent_1/pred_traj_openloop_vis] /onlane_ai_agent_1 http://ying-N8:36715/
[rosmaster.master][INFO] 2026-04-23 10:59:19,563: +PUB [/vis/agent_2/pred_traj_openloop_vis] /onlane_ai_agent_2 http://ying-N8:39791/
[rosmaster.master][INFO] 2026-04-23 10:59:19,563: +PUB [/vis/agent_1/pred_initial_intention_vis] /onlane_ai_agent_1 http://ying-N8:36715/
[rosmaster.master][INFO] 2026-04-23 10:59:19,564: +PUB [/vis/agent_2/pred_initial_intention_vis] /onlane_ai_agent_2 http://ying-N8:39791/
[rosmaster.master][INFO] 2026-04-23 10:59:19,565: +PUB [/vis/agent_1/surrounding_vehicle_vis] /onlane_ai_agent_1 http://ying-N8:36715/
[rosmaster.master][INFO] 2026-04-23 10:59:19,566: +PUB [/vis/agent_2/surrounding_vehicle_vis] /onlane_ai_agent_2 http://ying-N8:39791/
[rosmaster.master][INFO] 2026-04-23 10:59:19,566: +PUB [/vis/agent_1/speed_limit] /onlane_ai_agent_1 http://ying-N8:36715/
[rosmaster.master][INFO] 2026-04-23 10:59:19,567: +PUB [/vis/agent_2/speed_limit] /onlane_ai_agent_2 http://ying-N8:39791/
[rosmaster.master][INFO] 2026-04-23 10:59:19,570: +PUB [/vis/agent_0/ego_vehicle_vis] /test_ssc_with_mpdm_0 http://ying-N8:38363/
[rosmaster.master][INFO] 2026-04-23 10:59:19,572: +PUB [/vis/agent_0/obstacle_map] /test_ssc_with_mpdm_0 http://ying-N8:38363/
[rosmaster.master][INFO] 2026-04-23 10:59:19,573: +PUB [/rosout] /onlane_ai_agent_5 http://ying-N8:33293/
[rosmaster.master][INFO] 2026-04-23 10:59:19,581: +SERVICE [/onlane_ai_agent_5/get_loggers] /onlane_ai_agent_5 http://ying-N8:33293/
[rosmaster.master][INFO] 2026-04-23 10:59:19,582: +PUB [/rosout] /onlane_ai_agent_4 http://ying-N8:44015/
[rosmaster.master][INFO] 2026-04-23 10:59:19,582: +PUB [/ctrl/agent_3] /onlane_ai_agent_3 http://ying-N8:35113/
[rosmaster.master][INFO] 2026-04-23 10:59:19,583: +SERVICE [/onlane_ai_agent_4/get_loggers] /onlane_ai_agent_4 http://ying-N8:44015/
[rosmaster.master][INFO] 2026-04-23 10:59:19,589: +SERVICE [/onlane_ai_agent_5/set_logger_level] /onlane_ai_agent_5 http://ying-N8:33293/
[rosmaster.master][INFO] 2026-04-23 10:59:19,590: +PUB [/vis/agent_0/surrounding_lane_net_vis] /test_ssc_with_mpdm_0 http://ying-N8:38363/
[rosmaster.master][INFO] 2026-04-23 10:59:19,591: +SERVICE [/onlane_ai_agent_4/set_logger_level] /onlane_ai_agent_4 http://ying-N8:44015/
[rosmaster.master][INFO] 2026-04-23 10:59:19,595: +PUB [/vis/agent_0/local_lanes_vis] /test_ssc_with_mpdm_0 http://ying-N8:38363/
[rosmaster.master][INFO] 2026-04-23 10:59:19,595: +SUB [/arena_info_static] /onlane_ai_agent_2 http://ying-N8:39791/
[rosmaster.master][INFO] 2026-04-23 10:59:19,601: +PUB [/tf] /onlane_ai_agent_3 http://ying-N8:35113/
[rosmaster.master][INFO] 2026-04-23 10:59:19,601: +PUB [/ctrl/agent_5] /onlane_ai_agent_5 http://ying-N8:33293/
[rosmaster.master][INFO] 2026-04-23 10:59:19,602: +PUB [/ctrl/agent_4] /onlane_ai_agent_4 http://ying-N8:44015/
[rosmaster.master][INFO] 2026-04-23 10:59:19,604: +PUB [/vis/agent_0/ego_behavior_vis] /test_ssc_with_mpdm_0 http://ying-N8:38363/
[rosmaster.master][INFO] 2026-04-23 10:59:19,604: +PUB [/vis/agent_3/ego_vehicle_vis] /onlane_ai_agent_3 http://ying-N8:35113/
[rosmaster.master][INFO] 2026-04-23 10:59:19,605: +PUB [/rosout] /onlane_ai_agent_8 http://ying-N8:45221/
[rosmaster.master][INFO] 2026-04-23 10:59:19,607: +PUB [/vis/agent_0/pred_traj_openloop_vis] /test_ssc_with_mpdm_0 http://ying-N8:38363/
[rosmaster.master][INFO] 2026-04-23 10:59:19,607: +PUB [/vis/agent_3/obstacle_map] /onlane_ai_agent_3 http://ying-N8:35113/
[rosmaster.master][INFO] 2026-04-23 10:59:19,607: +SUB [/arena_info_static] /onlane_ai_agent_1 http://ying-N8:36715/
[rosmaster.master][INFO] 2026-04-23 10:59:19,609: +SERVICE [/onlane_ai_agent_8/get_loggers] /onlane_ai_agent_8 http://ying-N8:45221/
[rosmaster.master][INFO] 2026-04-23 10:59:19,609: +PUB [/vis/agent_0/pred_initial_intention_vis] /test_ssc_with_mpdm_0 http://ying-N8:38363/
[rosmaster.master][INFO] 2026-04-23 10:59:19,609: +SUB [/arena_info_dynamic] /onlane_ai_agent_2 http://ying-N8:39791/
[rosmaster.master][INFO] 2026-04-23 10:59:19,610: +PUB [/vis/agent_3/surrounding_lane_net_vis] /onlane_ai_agent_3 http://ying-N8:35113/
[rosmaster.master][INFO] 2026-04-23 10:59:19,612: +SERVICE [/onlane_ai_agent_8/set_logger_level] /onlane_ai_agent_8 http://ying-N8:45221/
[rosmaster.master][INFO] 2026-04-23 10:59:19,614: +PUB [/vis/agent_0/surrounding_vehicle_vis] /test_ssc_with_mpdm_0 http://ying-N8:38363/
[rosmaster.master][INFO] 2026-04-23 10:59:19,614: +PUB [/vis/agent_0/speed_limit] /test_ssc_with_mpdm_0 http://ying-N8:38363/
[rosmaster.master][INFO] 2026-04-23 10:59:19,616: +PUB [/vis/agent_0/ssc/map_vis] /test_ssc_with_mpdm_0 http://ying-N8:38363/
[rosmaster.master][INFO] 2026-04-23 10:59:19,617: +PUB [/vis/agent_0/ssc/qp_vis] /test_ssc_with_mpdm_0 http://ying-N8:38363/
[rosmaster.master][INFO] 2026-04-23 10:59:19,618: +PUB [/vis/agent_0/ssc/ego_fs_vis] /test_ssc_with_mpdm_0 http://ying-N8:38363/
[rosmaster.master][INFO] 2026-04-23 10:59:19,620: +PUB [/vis/agent_0/ssc/forward_trajs_vis] /test_ssc_with_mpdm_0 http://ying-N8:38363/
[rosmaster.master][INFO] 2026-04-23 10:59:19,621: +PUB [/vis/agent_0/ssc/sur_vehicle_trajs_vis] /test_ssc_with_mpdm_0 http://ying-N8:38363/
[rosmaster.master][INFO] 2026-04-23 10:59:19,622: +PUB [/vis/agent_0/ssc/corridor_vis] /test_ssc_with_mpdm_0 http://ying-N8:38363/
[rosmaster.master][INFO] 2026-04-23 10:59:19,624: publisherUpdate[/rosout] -> http://ying-N8:36403/ ['http://ying-N8:36715/']
[rosmaster.master][INFO] 2026-04-23 10:59:19,626: +PUB [/vis/agent_3/local_lanes_vis] /onlane_ai_agent_3 http://ying-N8:35113/
[rosmaster.master][INFO] 2026-04-23 10:59:19,640: publisherUpdate[/rosout] -> http://ying-N8:36403/ ['http://ying-N8:36715/']: sec=0.02, result=[1, '', 0]
[rosmaster.master][INFO] 2026-04-23 10:59:19,640: publisherUpdate[/rosout] -> http://ying-N8:36403/ ['http://ying-N8:36715/', 'http://ying-N8:38363/']
[rosmaster.master][INFO] 2026-04-23 10:59:19,641: publisherUpdate[/rosout] -> http://ying-N8:36403/ ['http://ying-N8:36715/', 'http://ying-N8:38363/']: sec=0.00, result=[1, '', 0]
[rosmaster.master][INFO] 2026-04-23 10:59:19,641: publisherUpdate[/rosout] -> http://ying-N8:36403/ ['http://ying-N8:36715/', 'http://ying-N8:38363/', 'http://ying-N8:39791/']
[rosmaster.master][INFO] 2026-04-23 10:59:19,642: publisherUpdate[/rosout] -> http://ying-N8:36403/ ['http://ying-N8:36715/', 'http://ying-N8:38363/', 'http://ying-N8:39791/']: sec=0.00, result=[1, '', 0]
[rosmaster.master][INFO] 2026-04-23 10:59:19,642: publisherUpdate[/rosout] -> http://ying-N8:36403/ ['http://ying-N8:36715/', 'http://ying-N8:38363/', 'http://ying-N8:39791/', 'http://ying-N8:35113/']
[rosmaster.master][INFO] 2026-04-23 10:59:19,649: publisherUpdate[/rosout] -> http://ying-N8:36403/ ['http://ying-N8:36715/', 'http://ying-N8:38363/', 'http://ying-N8:39791/', 'http://ying-N8:35113/']: sec=0.01, result=[1, '', 0]
[rosmaster.master][INFO] 2026-04-23 10:59:19,650: publisherUpdate[/rosout] -> http://ying-N8:36403/ ['http://ying-N8:36715/', 'http://ying-N8:38363/', 'http://ying-N8:39791/', 'http://ying-N8:35113/', 'http://ying-N8:33293/']
[rosmaster.master][INFO] 2026-04-23 10:59:19,651: publisherUpdate[/rosout] -> http://ying-N8:36403/ ['http://ying-N8:36715/', 'http://ying-N8:38363/', 'http://ying-N8:39791/', 'http://ying-N8:35113/', 'http://ying-N8:33293/']: sec=0.00, result=[1, '', 0]
[rosmaster.master][INFO] 2026-04-23 10:59:19,651: publisherUpdate[/rosout] -> http://ying-N8:36403/ ['http://ying-N8:36715/', 'http://ying-N8:38363/', 'http://ying-N8:39791/', 'http://ying-N8:35113/', 'http://ying-N8:33293/', 'http://ying-N8:44015/']
[rosmaster.master][INFO] 2026-04-23 10:59:19,652: publisherUpdate[/rosout] -> http://ying-N8:36403/ ['http://ying-N8:36715/', 'http://ying-N8:38363/', 'http://ying-N8:39791/', 'http://ying-N8:35113/', 'http://ying-N8:33293/', 'http://ying-N8:44015/']: sec=0.00, result=[1, '', 0]
[rosmaster.master][INFO] 2026-04-23 10:59:19,652: publisherUpdate[/rosout] -> http://ying-N8:36403/ ['http://ying-N8:36715/', 'http://ying-N8:38363/', 'http://ying-N8:39791/', 'http://ying-N8:35113/', 'http://ying-N8:33293/', 'http://ying-N8:44015/', 'http://ying-N8:45221/']
[rosmaster.master][INFO] 2026-04-23 10:59:19,653: publisherUpdate[/rosout] -> http://ying-N8:36403/ ['http://ying-N8:36715/', 'http://ying-N8:38363/', 'http://ying-N8:39791/', 'http://ying-N8:35113/', 'http://ying-N8:33293/', 'http://ying-N8:44015/', 'http://ying-N8:45221/']: sec=0.00, result=[1, '', 0]
[rosmaster.master][INFO] 2026-04-23 10:59:19,649: +PUB [/ctrl/agent_8] /onlane_ai_agent_8 http://ying-N8:45221/
[rosmaster.master][INFO] 2026-04-23 10:59:19,655: +PUB [/rosout] /onlane_ai_agent_7 http://ying-N8:39177/
[rosmaster.master][INFO] 2026-04-23 10:59:19,659: +PUB [/vis/agent_3/ego_behavior_vis] /onlane_ai_agent_3 http://ying-N8:35113/
[rosmaster.master][INFO] 2026-04-23 10:59:19,660: +SUB [/arena_info_dynamic] /onlane_ai_agent_1 http://ying-N8:36715/
[rosmaster.master][INFO] 2026-04-23 10:59:19,661: +PUB [/rosout] /onlane_ai_agent_6 http://ying-N8:38907/
[rosmaster.master][INFO] 2026-04-23 10:59:19,661: +PUB [/rosout] /onlane_ai_agent_9 http://ying-N8:35305/
[rosmaster.master][INFO] 2026-04-23 10:59:19,664: +SUB [/joy] /onlane_ai_agent_2 http://ying-N8:39791/
[rosmaster.master][INFO] 2026-04-23 10:59:19,665: +SERVICE [/onlane_ai_agent_6/get_loggers] /onlane_ai_agent_6 http://ying-N8:38907/
[rosmaster.master][INFO] 2026-04-23 10:59:19,666: +SERVICE [/onlane_ai_agent_9/get_loggers] /onlane_ai_agent_9 http://ying-N8:35305/
[rosmaster.master][INFO] 2026-04-23 10:59:19,668: +SERVICE [/onlane_ai_agent_7/get_loggers] /onlane_ai_agent_7 http://ying-N8:39177/
[rosmaster.master][INFO] 2026-04-23 10:59:19,668: +PUB [/vis/agent_3/pred_traj_openloop_vis] /onlane_ai_agent_3 http://ying-N8:35113/
[rosmaster.master][INFO] 2026-04-23 10:59:19,670: +SERVICE [/onlane_ai_agent_6/set_logger_level] /onlane_ai_agent_6 http://ying-N8:38907/
[rosmaster.master][INFO] 2026-04-23 10:59:19,670: +PUB [/vis/agent_2/forward_trajs] /onlane_ai_agent_2 http://ying-N8:39791/
[rosmaster.master][INFO] 2026-04-23 10:59:19,670: +SERVICE [/onlane_ai_agent_9/set_logger_level] /onlane_ai_agent_9 http://ying-N8:35305/
[rosmaster.master][INFO] 2026-04-23 10:59:19,671: +PUB [/ctrl/agent_0] /test_ssc_with_mpdm_0 http://ying-N8:38363/
[rosmaster.master][INFO] 2026-04-23 10:59:19,671: +PUB [/tf] /onlane_ai_agent_4 http://ying-N8:44015/
[rosmaster.master][INFO] 2026-04-23 10:59:19,671: +PUB [/vis/agent_4/ego_vehicle_vis] /onlane_ai_agent_4 http://ying-N8:44015/
[rosmaster.master][INFO] 2026-04-23 10:59:19,672: +PUB [/vis/agent_3/pred_initial_intention_vis] /onlane_ai_agent_3 http://ying-N8:35113/
[rosmaster.master][INFO] 2026-04-23 10:59:19,673: +PUB [/test_ssc_with_mpdm_0/ssc_map] /test_ssc_with_mpdm_0 http://ying-N8:38363/
[rosmaster.master][INFO] 2026-04-23 10:59:19,674: +PUB [/vis/agent_4/obstacle_map] /onlane_ai_agent_4 http://ying-N8:44015/
[rosmaster.master][INFO] 2026-04-23 10:59:19,675: +PUB [/vis/agent_3/surrounding_vehicle_vis] /onlane_ai_agent_3 http://ying-N8:35113/
[rosmaster.master][INFO] 2026-04-23 10:59:19,676: +PUB [/tf] /onlane_ai_agent_5 http://ying-N8:33293/
[rosmaster.master][INFO] 2026-04-23 10:59:19,677: +PUB [/vis/agent_4/surrounding_lane_net_vis] /onlane_ai_agent_4 http://ying-N8:44015/
[rosmaster.master][INFO] 2026-04-23 10:59:19,678: +PUB [/vis/agent_0/ssc/exec_traj] /test_ssc_with_mpdm_0 http://ying-N8:38363/
[rosmaster.master][INFO] 2026-04-23 10:59:19,678: +PUB [/ctrl/agent_9] /onlane_ai_agent_9 http://ying-N8:35305/
[rosmaster.master][INFO] 2026-04-23 10:59:19,680: +SERVICE [/onlane_ai_agent_7/set_logger_level] /onlane_ai_agent_7 http://ying-N8:39177/
[rosmaster.master][INFO] 2026-04-23 10:59:19,696: +PUB [/vis/agent_3/speed_limit] /onlane_ai_agent_3 http://ying-N8:35113/
[rosmaster.master][INFO] 2026-04-23 10:59:19,698: +PUB [/vis/agent_5/ego_vehicle_vis] /onlane_ai_agent_5 http://ying-N8:33293/
[rosmaster.master][INFO] 2026-04-23 10:59:19,698: +SUB [/joy] /onlane_ai_agent_1 http://ying-N8:36715/
[rosmaster.master][INFO] 2026-04-23 10:59:19,699: +PUB [/tf] /onlane_ai_agent_8 http://ying-N8:45221/
[rosmaster.master][INFO] 2026-04-23 10:59:19,699: +PUB [/vis/agent_4/local_lanes_vis] /onlane_ai_agent_4 http://ying-N8:44015/
[rosmaster.master][INFO] 2026-04-23 10:59:19,700: +PUB [/rosout] /phy_simulator_planning_node http://ying-N8:40141/
[rosmaster.master][INFO] 2026-04-23 10:59:19,704: +PUB [/vis/agent_5/obstacle_map] /onlane_ai_agent_5 http://ying-N8:33293/
[rosmaster.master][INFO] 2026-04-23 10:59:19,706: +PUB [/vis/agent_8/ego_vehicle_vis] /onlane_ai_agent_8 http://ying-N8:45221/
[rosmaster.master][INFO] 2026-04-23 10:59:19,707: +PUB [/vis/agent_4/ego_behavior_vis] /onlane_ai_agent_4 http://ying-N8:44015/
[rosmaster.master][INFO] 2026-04-23 10:59:19,707: +SERVICE [/phy_simulator_planning_node/get_loggers] /phy_simulator_planning_node http://ying-N8:40141/
[rosmaster.master][INFO] 2026-04-23 10:59:19,708: +SERVICE [/phy_simulator_planning_node/set_logger_level] /phy_simulator_planning_node http://ying-N8:40141/
[rosmaster.master][INFO] 2026-04-23 10:59:19,709: +PUB [/vis/agent_5/surrounding_lane_net_vis] /onlane_ai_agent_5 http://ying-N8:33293/
[rosmaster.master][INFO] 2026-04-23 10:59:19,711: +SUB [/joy] /test_ssc_with_mpdm_0 http://ying-N8:38363/
[rosmaster.master][INFO] 2026-04-23 10:59:19,712: +PUB [/vis/agent_1/forward_trajs] /onlane_ai_agent_1 http://ying-N8:36715/
[rosmaster.master][INFO] 2026-04-23 10:59:19,716: +PUB [/vis/agent_8/obstacle_map] /onlane_ai_agent_8 http://ying-N8:45221/
[rosmaster.master][INFO] 2026-04-23 10:59:19,716: +PUB [/vis/agent_4/pred_traj_openloop_vis] /onlane_ai_agent_4 http://ying-N8:44015/
[rosmaster.master][INFO] 2026-04-23 10:59:19,716: +PUB [/ctrl/agent_6] /onlane_ai_agent_6 http://ying-N8:38907/
[rosmaster.master][INFO] 2026-04-23 10:59:19,717: +PUB [/vis/agent_5/local_lanes_vis] /onlane_ai_agent_5 http://ying-N8:33293/
[rosmaster.master][INFO] 2026-04-23 10:59:19,717: +SUB [/arena_info_static] /onlane_ai_agent_3 http://ying-N8:35113/
[rosmaster.master][INFO] 2026-04-23 10:59:19,718: +PUB [/rosout] /onlane_ai_agent_10 http://ying-N8:37909/
[rosmaster.master][INFO] 2026-04-23 10:59:19,719: +PUB [/vis/agent_0/forward_trajs] /test_ssc_with_mpdm_0 http://ying-N8:38363/
[rosmaster.master][INFO] 2026-04-23 10:59:19,720: +PUB [/vis/agent_5/ego_behavior_vis] /onlane_ai_agent_5 http://ying-N8:33293/
[rosmaster.master][INFO] 2026-04-23 10:59:19,721: +PUB [/vis/agent_8/surrounding_lane_net_vis] /onlane_ai_agent_8 http://ying-N8:45221/
[rosmaster.master][INFO] 2026-04-23 10:59:19,722: +PUB [/vis/agent_4/pred_initial_intention_vis] /onlane_ai_agent_4 http://ying-N8:44015/
[rosmaster.master][INFO] 2026-04-23 10:59:19,723: +SERVICE [/onlane_ai_agent_10/get_loggers] /onlane_ai_agent_10 http://ying-N8:37909/
[rosmaster.master][INFO] 2026-04-23 10:59:19,726: +SERVICE [/onlane_ai_agent_10/set_logger_level] /onlane_ai_agent_10 http://ying-N8:37909/
[rosmaster.master][INFO] 2026-04-23 10:59:19,727: publisherUpdate[/rosout] -> http://ying-N8:36403/ ['http://ying-N8:36715/', 'http://ying-N8:38363/', 'http://ying-N8:39791/', 'http://ying-N8:35113/', 'http://ying-N8:33293/', 'http://ying-N8:44015/', 'http://ying-N8:45221/', 'http://ying-N8:39177/']
[rosmaster.master][INFO] 2026-04-23 10:59:19,727: +PUB [/vis/agent_4/surrounding_vehicle_vis] /onlane_ai_agent_4 http://ying-N8:44015/
[rosmaster.master][INFO] 2026-04-23 10:59:19,729: +PUB [/vis/agent_4/speed_limit] /onlane_ai_agent_4 http://ying-N8:44015/
[rosmaster.master][INFO] 2026-04-23 10:59:19,730: publisherUpdate[/rosout] -> http://ying-N8:36403/ ['http://ying-N8:36715/', 'http://ying-N8:38363/', 'http://ying-N8:39791/', 'http://ying-N8:35113/', 'http://ying-N8:33293/', 'http://ying-N8:44015/', 'http://ying-N8:45221/', 'http://ying-N8:39177/']: sec=0.00, result=[1, '', 0]
[rosmaster.master][INFO] 2026-04-23 10:59:19,730: publisherUpdate[/rosout] -> http://ying-N8:36403/ ['http://ying-N8:36715/', 'http://ying-N8:38363/', 'http://ying-N8:39791/', 'http://ying-N8:35113/', 'http://ying-N8:33293/', 'http://ying-N8:44015/', 'http://ying-N8:45221/', 'http://ying-N8:39177/', 'http://ying-N8:38907/']
[rosmaster.master][INFO] 2026-04-23 10:59:19,731: +PUB [/vis/agent_5/pred_traj_openloop_vis] /onlane_ai_agent_5 http://ying-N8:33293/
[rosmaster.master][INFO] 2026-04-23 10:59:19,732: publisherUpdate[/rosout] -> http://ying-N8:36403/ ['http://ying-N8:36715/', 'http://ying-N8:38363/', 'http://ying-N8:39791/', 'http://ying-N8:35113/', 'http://ying-N8:33293/', 'http://ying-N8:44015/', 'http://ying-N8:45221/', 'http://ying-N8:39177/', 'http://ying-N8:38907/']: sec=0.00, result=[1, '', 0]
[rosmaster.master][INFO] 2026-04-23 10:59:19,732: publisherUpdate[/rosout] -> http://ying-N8:36403/ ['http://ying-N8:36715/', 'http://ying-N8:38363/', 'http://ying-N8:39791/', 'http://ying-N8:35113/', 'http://ying-N8:33293/', 'http://ying-N8:44015/', 'http://ying-N8:45221/', 'http://ying-N8:39177/', 'http://ying-N8:38907/', 'http://ying-N8:35305/']
[rosmaster.master][INFO] 2026-04-23 10:59:19,733: +PUB [/vis/agent_5/pred_initial_intention_vis] /onlane_ai_agent_5 http://ying-N8:33293/
[rosmaster.master][INFO] 2026-04-23 10:59:19,736: publisherUpdate[/rosout] -> http://ying-N8:36403/ ['http://ying-N8:36715/', 'http://ying-N8:38363/', 'http://ying-N8:39791/', 'http://ying-N8:35113/', 'http://ying-N8:33293/', 'http://ying-N8:44015/', 'http://ying-N8:45221/', 'http://ying-N8:39177/', 'http://ying-N8:38907/', 'http://ying-N8:35305/']: sec=0.00, result=[1, '', 0]
[rosmaster.master][INFO] 2026-04-23 10:59:19,737: publisherUpdate[/rosout] -> http://ying-N8:36403/ ['http://ying-N8:36715/', 'http://ying-N8:38363/', 'http://ying-N8:39791/', 'http://ying-N8:35113/', 'http://ying-N8:33293/', 'http://ying-N8:44015/', 'http://ying-N8:45221/', 'http://ying-N8:39177/', 'http://ying-N8:38907/', 'http://ying-N8:35305/', 'http://ying-N8:40141/']
[rosmaster.master][INFO] 2026-04-23 10:59:19,737: +PUB [/vis/agent_8/local_lanes_vis] /onlane_ai_agent_8 http://ying-N8:45221/
[rosmaster.master][INFO] 2026-04-23 10:59:19,739: +PUB [/tf] /onlane_ai_agent_9 http://ying-N8:35305/
[rosmaster.master][INFO] 2026-04-23 10:59:19,740: publisherUpdate[/rosout] -> http://ying-N8:36403/ ['http://ying-N8:36715/', 'http://ying-N8:38363/', 'http://ying-N8:39791/', 'http://ying-N8:35113/', 'http://ying-N8:33293/', 'http://ying-N8:44015/', 'http://ying-N8:45221/', 'http://ying-N8:39177/', 'http://ying-N8:38907/', 'http://ying-N8:35305/', 'http://ying-N8:40141/']: sec=0.00, result=[1, '', 0]
[rosmaster.master][INFO] 2026-04-23 10:59:19,743: +SUB [/arena_info_static] /test_ssc_with_mpdm_0 http://ying-N8:38363/
[rosmaster.master][INFO] 2026-04-23 10:59:19,745: publisherUpdate[/rosout] -> http://ying-N8:36403/ ['http://ying-N8:36715/', 'http://ying-N8:38363/', 'http://ying-N8:39791/', 'http://ying-N8:35113/', 'http://ying-N8:33293/', 'http://ying-N8:44015/', 'http://ying-N8:45221/', 'http://ying-N8:39177/', 'http://ying-N8:38907/', 'http://ying-N8:35305/', 'http://ying-N8:40141/', 'http://ying-N8:37909/']
[rosmaster.master][INFO] 2026-04-23 10:59:19,753: +SUB [/arena_info_dynamic] /onlane_ai_agent_3 http://ying-N8:35113/
[rosmaster.master][INFO] 2026-04-23 10:59:19,753: publisherUpdate[/rosout] -> http://ying-N8:36403/ ['http://ying-N8:36715/', 'http://ying-N8:38363/', 'http://ying-N8:39791/', 'http://ying-N8:35113/', 'http://ying-N8:33293/', 'http://ying-N8:44015/', 'http://ying-N8:45221/', 'http://ying-N8:39177/', 'http://ying-N8:38907/', 'http://ying-N8:35305/', 'http://ying-N8:40141/', 'http://ying-N8:37909/']: sec=0.00, result=[1, '', 0]
[rosmaster.master][INFO] 2026-04-23 10:59:19,754: +PUB [/vis/agent_9/ego_vehicle_vis] /onlane_ai_agent_9 http://ying-N8:35305/
[rosmaster.master][INFO] 2026-04-23 10:59:19,755: +PUB [/tf] /onlane_ai_agent_6 http://ying-N8:38907/
[rosmaster.master][INFO] 2026-04-23 10:59:19,755: +PUB [/ctrl/agent_7] /onlane_ai_agent_7 http://ying-N8:39177/
[rosmaster.master][INFO] 2026-04-23 10:59:19,756: +SUB [/arena_info_static] /onlane_ai_agent_4 http://ying-N8:44015/
[rosmaster.master][INFO] 2026-04-23 10:59:19,756: +PUB [/vis/agent_5/surrounding_vehicle_vis] /onlane_ai_agent_5 http://ying-N8:33293/
[rosmaster.master][INFO] 2026-04-23 10:59:19,756: +PUB [/vis/agent_8/ego_behavior_vis] /onlane_ai_agent_8 http://ying-N8:45221/
[rosmaster.master][INFO] 2026-04-23 10:59:19,757: +PUB [/ctrl/agent_10] /onlane_ai_agent_10 http://ying-N8:37909/
[rosmaster.master][INFO] 2026-04-23 10:59:19,758: +PUB [/vis/agent_5/speed_limit] /onlane_ai_agent_5 http://ying-N8:33293/
[rosmaster.master][INFO] 2026-04-23 10:59:19,760: +PUB [/vis/agent_9/obstacle_map] /onlane_ai_agent_9 http://ying-N8:35305/
[rosmaster.master][INFO] 2026-04-23 10:59:19,761: +SUB [/joy] /onlane_ai_agent_3 http://ying-N8:35113/
[rosmaster.master][INFO] 2026-04-23 10:59:19,770: +PUB [/vis/agent_6/ego_vehicle_vis] /onlane_ai_agent_6 http://ying-N8:38907/
[rosmaster.master][INFO] 2026-04-23 10:59:19,770: +PUB [/arena_info_static] /phy_simulator_planning_node http://ying-N8:40141/
[rosmaster.master][INFO] 2026-04-23 10:59:19,771: +SUB [/arena_info_dynamic] /test_ssc_with_mpdm_0 http://ying-N8:38363/
[rosmaster.master][INFO] 2026-04-23 10:59:19,771: +PUB [/vis/agent_8/pred_traj_openloop_vis] /onlane_ai_agent_8 http://ying-N8:45221/
[rosmaster.master][INFO] 2026-04-23 10:59:19,772: +SUB [/arena_info_dynamic] /onlane_ai_agent_4 http://ying-N8:44015/
[rosmaster.master][INFO] 2026-04-23 10:59:19,772: +PUB [/vis/agent_3/forward_trajs] /onlane_ai_agent_3 http://ying-N8:35113/
[rosmaster.master][INFO] 2026-04-23 10:59:19,773: +PUB [/tf] /onlane_ai_agent_10 http://ying-N8:37909/
[rosmaster.master][INFO] 2026-04-23 10:59:19,775: +SUB [/arena_info_static] /onlane_ai_agent_5 http://ying-N8:33293/
[rosmaster.master][INFO] 2026-04-23 10:59:19,775: +PUB [/arena_info_dynamic] /phy_simulator_planning_node http://ying-N8:40141/
[rosmaster.master][INFO] 2026-04-23 10:59:19,776: +PUB [/vis/agent_9/surrounding_lane_net_vis] /onlane_ai_agent_9 http://ying-N8:35305/
[rosmaster.master][INFO] 2026-04-23 10:59:19,778: +PUB [/vis/agent_9/local_lanes_vis] /onlane_ai_agent_9 http://ying-N8:35305/
[rosmaster.master][INFO] 2026-04-23 10:59:19,778: +PUB [/vis/agent_8/pred_initial_intention_vis] /onlane_ai_agent_8 http://ying-N8:45221/
[rosmaster.master][INFO] 2026-04-23 10:59:19,778: +PUB [/vis/agent_10/ego_vehicle_vis] /onlane_ai_agent_10 http://ying-N8:37909/
[rosmaster.master][INFO] 2026-04-23 10:59:19,781: +PUB [/phy_simulator_planning_node/vis/vehicle_set_vis] /phy_simulator_planning_node http://ying-N8:40141/
[rosmaster.master][INFO] 2026-04-23 10:59:19,783: +PUB [/vis/agent_6/obstacle_map] /onlane_ai_agent_6 http://ying-N8:38907/
[rosmaster.master][INFO] 2026-04-23 10:59:19,784: +PUB [/vis/agent_8/surrounding_vehicle_vis] /onlane_ai_agent_8 http://ying-N8:45221/
[rosmaster.master][INFO] 2026-04-23 10:59:19,784: +PUB [/vis/agent_9/ego_behavior_vis] /onlane_ai_agent_9 http://ying-N8:35305/
[rosmaster.master][INFO] 2026-04-23 10:59:19,785: +PUB [/vis/agent_8/speed_limit] /onlane_ai_agent_8 http://ying-N8:45221/
[rosmaster.master][INFO] 2026-04-23 10:59:19,785: +PUB [/phy_simulator_planning_node/vis/lane_net_vis] /phy_simulator_planning_node http://ying-N8:40141/
[rosmaster.master][INFO] 2026-04-23 10:59:19,785: +SUB [/arena_info_dynamic] /onlane_ai_agent_5 http://ying-N8:33293/
[rosmaster.master][INFO] 2026-04-23 10:59:19,787: +SUB [/joy] /onlane_ai_agent_4 http://ying-N8:44015/
[rosmaster.master][INFO] 2026-04-23 10:59:19,790: +PUB [/vis/agent_10/obstacle_map] /onlane_ai_agent_10 http://ying-N8:37909/
[rosmaster.master][INFO] 2026-04-23 10:59:19,790: +PUB [/vis/agent_6/surrounding_lane_net_vis] /onlane_ai_agent_6 http://ying-N8:38907/
[rosmaster.master][INFO] 2026-04-23 10:59:19,791: +PUB [/tf] /onlane_ai_agent_7 http://ying-N8:39177/
[rosmaster.master][INFO] 2026-04-23 10:59:19,791: +SUB [/arena_info_static] /onlane_ai_agent_8 http://ying-N8:45221/
[rosmaster.master][INFO] 2026-04-23 10:59:19,794: +PUB [/phy_simulator_planning_node/vis/obstacle_set_vis] /phy_simulator_planning_node http://ying-N8:40141/
[rosmaster.master][INFO] 2026-04-23 10:59:19,796: +PUB [/vis/agent_9/pred_traj_openloop_vis] /onlane_ai_agent_9 http://ying-N8:35305/
[rosmaster.master][INFO] 2026-04-23 10:59:19,796: +PUB [/vis/agent_4/forward_trajs] /onlane_ai_agent_4 http://ying-N8:44015/
[rosmaster.master][INFO] 2026-04-23 10:59:19,799: +PUB [/vis/agent_10/surrounding_lane_net_vis] /onlane_ai_agent_10 http://ying-N8:37909/
[rosmaster.master][INFO] 2026-04-23 10:59:19,800: +PUB [/vis/agent_7/ego_vehicle_vis] /onlane_ai_agent_7 http://ying-N8:39177/
[rosmaster.master][INFO] 2026-04-23 10:59:19,800: +SUB [/joy] /onlane_ai_agent_5 http://ying-N8:33293/
[rosmaster.master][INFO] 2026-04-23 10:59:19,802: +SUB [/arena_info_dynamic] /onlane_ai_agent_8 http://ying-N8:45221/
[rosmaster.master][INFO] 2026-04-23 10:59:19,802: +PUB [/vis/agent_9/pred_initial_intention_vis] /onlane_ai_agent_9 http://ying-N8:35305/
[rosmaster.master][INFO] 2026-04-23 10:59:19,802: +PUB [/vis/agent_6/local_lanes_vis] /onlane_ai_agent_6 http://ying-N8:38907/
[rosmaster.master][INFO] 2026-04-23 10:59:19,803: +PUB [/vis/agent_10/local_lanes_vis] /onlane_ai_agent_10 http://ying-N8:37909/
[rosmaster.master][INFO] 2026-04-23 10:59:19,803: +PUB [/vis/agent_7/obstacle_map] /onlane_ai_agent_7 http://ying-N8:39177/
[rosmaster.master][INFO] 2026-04-23 10:59:19,807: +SUB [/ctrl/agent_10] /phy_simulator_planning_node http://ying-N8:40141/
[rosmaster.master][INFO] 2026-04-23 10:59:19,807: +PUB [/vis/agent_6/ego_behavior_vis] /onlane_ai_agent_6 http://ying-N8:38907/
[rosmaster.master][INFO] 2026-04-23 10:59:19,807: +PUB [/vis/agent_9/surrounding_vehicle_vis] /onlane_ai_agent_9 http://ying-N8:35305/
[rosmaster.master][INFO] 2026-04-23 10:59:19,808: +PUB [/vis/agent_10/ego_behavior_vis] /onlane_ai_agent_10 http://ying-N8:37909/
[rosmaster.master][INFO] 2026-04-23 10:59:19,809: +PUB [/vis/agent_7/surrounding_lane_net_vis] /onlane_ai_agent_7 http://ying-N8:39177/
[rosmaster.master][INFO] 2026-04-23 10:59:19,810: +PUB [/vis/agent_5/forward_trajs] /onlane_ai_agent_5 http://ying-N8:33293/
[rosmaster.master][INFO] 2026-04-23 10:59:19,810: +PUB [/vis/agent_6/pred_traj_openloop_vis] /onlane_ai_agent_6 http://ying-N8:38907/
[rosmaster.master][INFO] 2026-04-23 10:59:19,811: +SUB [/joy] /onlane_ai_agent_8 http://ying-N8:45221/
[rosmaster.master][INFO] 2026-04-23 10:59:19,811: +PUB [/vis/agent_9/speed_limit] /onlane_ai_agent_9 http://ying-N8:35305/
[rosmaster.master][INFO] 2026-04-23 10:59:19,813: +PUB [/vis/agent_7/local_lanes_vis] /onlane_ai_agent_7 http://ying-N8:39177/
[rosmaster.master][INFO] 2026-04-23 10:59:19,813: +PUB [/vis/agent_10/pred_traj_openloop_vis] /onlane_ai_agent_10 http://ying-N8:37909/
[rosmaster.master][INFO] 2026-04-23 10:59:19,814: +SUB [/ctrl/agent_9] /phy_simulator_planning_node http://ying-N8:40141/
[rosmaster.master][INFO] 2026-04-23 10:59:19,814: +PUB [/vis/agent_6/pred_initial_intention_vis] /onlane_ai_agent_6 http://ying-N8:38907/
[rosmaster.master][INFO] 2026-04-23 10:59:19,814: +PUB [/vis/agent_8/forward_trajs] /onlane_ai_agent_8 http://ying-N8:45221/
[rosmaster.master][INFO] 2026-04-23 10:59:19,815: +SUB [/arena_info_static] /onlane_ai_agent_9 http://ying-N8:35305/
[rosmaster.master][INFO] 2026-04-23 10:59:19,815: +PUB [/vis/agent_7/ego_behavior_vis] /onlane_ai_agent_7 http://ying-N8:39177/
[rosmaster.master][INFO] 2026-04-23 10:59:19,816: +PUB [/vis/agent_10/pred_initial_intention_vis] /onlane_ai_agent_10 http://ying-N8:37909/
[rosmaster.master][INFO] 2026-04-23 10:59:19,817: +PUB [/vis/agent_6/surrounding_vehicle_vis] /onlane_ai_agent_6 http://ying-N8:38907/
[rosmaster.master][INFO] 2026-04-23 10:59:19,818: +PUB [/vis/agent_7/pred_traj_openloop_vis] /onlane_ai_agent_7 http://ying-N8:39177/
[rosmaster.master][INFO] 2026-04-23 10:59:19,819: +PUB [/vis/agent_10/surrounding_vehicle_vis] /onlane_ai_agent_10 http://ying-N8:37909/
[rosmaster.master][INFO] 2026-04-23 10:59:19,820: +SUB [/ctrl/agent_8] /phy_simulator_planning_node http://ying-N8:40141/
[rosmaster.master][INFO] 2026-04-23 10:59:19,820: +SUB [/arena_info_dynamic] /onlane_ai_agent_9 http://ying-N8:35305/
[rosmaster.master][INFO] 2026-04-23 10:59:19,820: +PUB [/vis/agent_7/pred_initial_intention_vis] /onlane_ai_agent_7 http://ying-N8:39177/
[rosmaster.master][INFO] 2026-04-23 10:59:19,821: +PUB [/vis/agent_6/speed_limit] /onlane_ai_agent_6 http://ying-N8:38907/
[rosmaster.master][INFO] 2026-04-23 10:59:19,821: +PUB [/vis/agent_10/speed_limit] /onlane_ai_agent_10 http://ying-N8:37909/
[rosmaster.master][INFO] 2026-04-23 10:59:19,824: +PUB [/vis/agent_7/surrounding_vehicle_vis] /onlane_ai_agent_7 http://ying-N8:39177/
[rosmaster.master][INFO] 2026-04-23 10:59:19,825: +PUB [/vis/agent_7/speed_limit] /onlane_ai_agent_7 http://ying-N8:39177/
[rosmaster.master][INFO] 2026-04-23 10:59:19,827: +SUB [/joy] /onlane_ai_agent_9 http://ying-N8:35305/
[rosmaster.master][INFO] 2026-04-23 10:59:19,828: +SUB [/arena_info_static] /onlane_ai_agent_6 http://ying-N8:38907/
[rosmaster.master][INFO] 2026-04-23 10:59:19,829: publisherUpdate[/arena_info_static] -> http://ying-N8:39791/ ['http://ying-N8:40141/']
[rosmaster.master][INFO] 2026-04-23 10:59:19,829: +SUB [/arena_info_static] /onlane_ai_agent_10 http://ying-N8:37909/
[rosmaster.master][INFO] 2026-04-23 10:59:19,831: +PUB [/vis/agent_9/forward_trajs] /onlane_ai_agent_9 http://ying-N8:35305/
[rosmaster.master][INFO] 2026-04-23 10:59:19,832: publisherUpdate[/arena_info_static] -> http://ying-N8:39791/ ['http://ying-N8:40141/']: sec=0.00, result=[1, '', 0]
[rosmaster.master][INFO] 2026-04-23 10:59:19,832: +SUB [/arena_info_static] /onlane_ai_agent_7 http://ying-N8:39177/
[rosmaster.master][INFO] 2026-04-23 10:59:19,833: publisherUpdate[/arena_info_static] -> http://ying-N8:36715/ ['http://ying-N8:40141/']
[rosmaster.master][INFO] 2026-04-23 10:59:19,835: +SUB [/ctrl/agent_7] /phy_simulator_planning_node http://ying-N8:40141/
[rosmaster.master][INFO] 2026-04-23 10:59:19,835: +SUB [/arena_info_dynamic] /onlane_ai_agent_10 http://ying-N8:37909/
[rosmaster.master][INFO] 2026-04-23 10:59:19,836: +SUB [/arena_info_dynamic] /onlane_ai_agent_6 http://ying-N8:38907/
[rosmaster.master][INFO] 2026-04-23 10:59:19,837: publisherUpdate[/arena_info_static] -> http://ying-N8:36715/ ['http://ying-N8:40141/']: sec=0.00, result=[1, '', 0]
[rosmaster.master][INFO] 2026-04-23 10:59:19,847: publisherUpdate[/arena_info_static] -> http://ying-N8:35113/ ['http://ying-N8:40141/']
[rosmaster.master][INFO] 2026-04-23 10:59:19,849: +SUB [/ctrl/agent_6] /phy_simulator_planning_node http://ying-N8:40141/
[rosmaster.master][INFO] 2026-04-23 10:59:19,849: publisherUpdate[/arena_info_static] -> http://ying-N8:35113/ ['http://ying-N8:40141/']: sec=0.00, result=[1, '', 0]
[rosmaster.master][INFO] 2026-04-23 10:59:19,850: +SUB [/arena_info_dynamic] /onlane_ai_agent_7 http://ying-N8:39177/
[rosmaster.master][INFO] 2026-04-23 10:59:19,850: publisherUpdate[/arena_info_static] -> http://ying-N8:38363/ ['http://ying-N8:40141/']
[rosmaster.master][INFO] 2026-04-23 10:59:19,851: +SUB [/joy] /onlane_ai_agent_10 http://ying-N8:37909/
[rosmaster.master][INFO] 2026-04-23 10:59:19,853: +SUB [/joy] /onlane_ai_agent_6 http://ying-N8:38907/
[rosmaster.master][INFO] 2026-04-23 10:59:19,854: publisherUpdate[/arena_info_static] -> http://ying-N8:38363/ ['http://ying-N8:40141/']: sec=0.00, result=[1, '', 0]
[rosmaster.master][INFO] 2026-04-23 10:59:19,855: publisherUpdate[/arena_info_static] -> http://ying-N8:44015/ ['http://ying-N8:40141/']
[rosmaster.master][INFO] 2026-04-23 10:59:19,855: +SUB [/ctrl/agent_5] /phy_simulator_planning_node http://ying-N8:40141/
[rosmaster.master][INFO] 2026-04-23 10:59:19,856: publisherUpdate[/arena_info_dynamic] -> http://ying-N8:39791/ ['http://ying-N8:40141/']
[rosmaster.master][INFO] 2026-04-23 10:59:19,857: +PUB [/vis/agent_10/forward_trajs] /onlane_ai_agent_10 http://ying-N8:37909/
[rosmaster.master][INFO] 2026-04-23 10:59:19,857: publisherUpdate[/arena_info_dynamic] -> http://ying-N8:39791/ ['http://ying-N8:40141/']: sec=0.00, result=[1, '', 0]
[rosmaster.master][INFO] 2026-04-23 10:59:19,858: publisherUpdate[/arena_info_static] -> http://ying-N8:44015/ ['http://ying-N8:40141/']: sec=0.00, result=[1, '', 0]
[rosmaster.master][INFO] 2026-04-23 10:59:19,858: publisherUpdate[/arena_info_dynamic] -> http://ying-N8:36715/ ['http://ying-N8:40141/']
[rosmaster.master][INFO] 2026-04-23 10:59:19,858: +SUB [/joy] /onlane_ai_agent_7 http://ying-N8:39177/
[rosmaster.master][INFO] 2026-04-23 10:59:19,859: publisherUpdate[/arena_info_dynamic] -> http://ying-N8:35113/ ['http://ying-N8:40141/']
[rosmaster.master][INFO] 2026-04-23 10:59:19,860: publisherUpdate[/arena_info_dynamic] -> http://ying-N8:38363/ ['http://ying-N8:40141/']
[rosmaster.master][INFO] 2026-04-23 10:59:19,860: +PUB [/vis/agent_6/forward_trajs] /onlane_ai_agent_6 http://ying-N8:38907/
[rosmaster.master][INFO] 2026-04-23 10:59:19,860: publisherUpdate[/arena_info_dynamic] -> http://ying-N8:36715/ ['http://ying-N8:40141/']: sec=0.00, result=[1, '', 0]
[rosmaster.master][INFO] 2026-04-23 10:59:19,862: publisherUpdate[/arena_info_dynamic] -> http://ying-N8:35113/ ['http://ying-N8:40141/']: sec=0.00, result=[1, '', 0]
[rosmaster.master][INFO] 2026-04-23 10:59:19,862: +SUB [/ctrl/agent_4] /phy_simulator_planning_node http://ying-N8:40141/
[rosmaster.master][INFO] 2026-04-23 10:59:19,862: publisherUpdate[/arena_info_dynamic] -> http://ying-N8:44015/ ['http://ying-N8:40141/']
[rosmaster.master][INFO] 2026-04-23 10:59:19,862: +PUB [/vis/agent_7/forward_trajs] /onlane_ai_agent_7 http://ying-N8:39177/
[rosmaster.master][INFO] 2026-04-23 10:59:19,863: publisherUpdate[/arena_info_dynamic] -> http://ying-N8:38363/ ['http://ying-N8:40141/']: sec=0.00, result=[1, '', 0]
[rosmaster.master][INFO] 2026-04-23 10:59:19,864: publisherUpdate[/arena_info_dynamic] -> http://ying-N8:44015/ ['http://ying-N8:40141/']: sec=0.00, result=[1, '', 0]
[rosmaster.master][INFO] 2026-04-23 10:59:19,865: +SUB [/ctrl/agent_3] /phy_simulator_planning_node http://ying-N8:40141/
[rosmaster.master][INFO] 2026-04-23 10:59:19,866: +SUB [/ctrl/agent_2] /phy_simulator_planning_node http://ying-N8:40141/
[rosmaster.master][INFO] 2026-04-23 10:59:19,868: +SUB [/ctrl/agent_1] /phy_simulator_planning_node http://ying-N8:40141/
[rosmaster.master][INFO] 2026-04-23 10:59:19,869: +SUB [/ctrl/agent_0] /phy_simulator_planning_node http://ying-N8:40141/
[rosmaster.master][INFO] 2026-04-23 10:59:19,871: +SUB [/initialpose] /phy_simulator_planning_node http://ying-N8:40141/
[rosmaster.master][INFO] 2026-04-23 10:59:19,872: +SUB [/move_base_simple/goal] /phy_simulator_planning_node http://ying-N8:40141/
[rosmaster.master][INFO] 2026-04-23 10:59:27,731: +PUB [/rosout] /epsilon_metric_collector_57588_1776913167548 http://ying-N8:42527/
[rosmaster.master][INFO] 2026-04-23 10:59:27,735: +SERVICE [/epsilon_metric_collector_57588_1776913167548/get_loggers] /epsilon_metric_collector_57588_1776913167548 http://ying-N8:42527/
[rosmaster.master][INFO] 2026-04-23 10:59:27,736: +SERVICE [/epsilon_metric_collector_57588_1776913167548/set_logger_level] /epsilon_metric_collector_57588_1776913167548 http://ying-N8:42527/
[rosmaster.master][INFO] 2026-04-23 10:59:27,739: +SUB [/arena_info_dynamic] /epsilon_metric_collector_57588_1776913167548 http://ying-N8:42527/
[rosmaster.master][INFO] 2026-04-23 10:59:27,775: publisherUpdate[/rosout] -> http://ying-N8:36403/ ['http://ying-N8:36715/', 'http://ying-N8:38363/', 'http://ying-N8:39791/', 'http://ying-N8:35113/', 'http://ying-N8:33293/', 'http://ying-N8:44015/', 'http://ying-N8:45221/', 'http://ying-N8:39177/', 'http://ying-N8:38907/', 'http://ying-N8:35305/', 'http://ying-N8:40141/', 'http://ying-N8:37909/', 'http://ying-N8:42527/']
[rosmaster.master][INFO] 2026-04-23 10:59:27,777: publisherUpdate[/rosout] -> http://ying-N8:36403/ ['http://ying-N8:36715/', 'http://ying-N8:38363/', 'http://ying-N8:39791/', 'http://ying-N8:35113/', 'http://ying-N8:33293/', 'http://ying-N8:44015/', 'http://ying-N8:45221/', 'http://ying-N8:39177/', 'http://ying-N8:38907/', 'http://ying-N8:35305/', 'http://ying-N8:40141/', 'http://ying-N8:37909/', 'http://ying-N8:42527/']: sec=0.00, result=[1, '', 0]
[rosmaster.master][INFO] 2026-04-23 10:59:38,326: -SUB [/arena_info_dynamic] /epsilon_metric_collector_57588_1776913167548 http://ying-N8:42527/
[rosmaster.master][INFO] 2026-04-23 10:59:38,327: -PUB [/rosout] /epsilon_metric_collector_57588_1776913167548 http://ying-N8:42527/
[rosmaster.master][INFO] 2026-04-23 10:59:38,327: -SERVICE [/epsilon_metric_collector_57588_1776913167548/get_loggers] /epsilon_metric_collector_57588_1776913167548 rosrpc://ying-N8:46855
[rosmaster.master][INFO] 2026-04-23 10:59:38,327: -SERVICE [/epsilon_metric_collector_57588_1776913167548/set_logger_level] /epsilon_metric_collector_57588_1776913167548 rosrpc://ying-N8:46855
[rosmaster.master][INFO] 2026-04-23 10:59:38,393: publisherUpdate[/rosout] -> http://ying-N8:36403/ ['http://ying-N8:36715/', 'http://ying-N8:38363/', 'http://ying-N8:39791/', 'http://ying-N8:35113/', 'http://ying-N8:33293/', 'http://ying-N8:44015/', 'http://ying-N8:45221/', 'http://ying-N8:39177/', 'http://ying-N8:38907/', 'http://ying-N8:35305/', 'http://ying-N8:40141/', 'http://ying-N8:37909/']
[rosmaster.master][INFO] 2026-04-23 10:59:38,394: publisherUpdate[/rosout] -> http://ying-N8:36403/ ['http://ying-N8:36715/', 'http://ying-N8:38363/', 'http://ying-N8:39791/', 'http://ying-N8:35113/', 'http://ying-N8:33293/', 'http://ying-N8:44015/', 'http://ying-N8:45221/', 'http://ying-N8:39177/', 'http://ying-N8:38907/', 'http://ying-N8:35305/', 'http://ying-N8:40141/', 'http://ying-N8:37909/']: sec=0.00, result=[1, '', 0]
[rosmaster.master][INFO] 2026-04-23 10:59:40,584: +PUB [/rosout] /rostopic_57615_1776913180399 http://ying-N8:32955/
[rosmaster.master][INFO] 2026-04-23 10:59:40,589: +SERVICE [/rostopic_57615_1776913180399/get_loggers] /rostopic_57615_1776913180399 http://ying-N8:32955/
[rosmaster.master][INFO] 2026-04-23 10:59:40,590: +SERVICE [/rostopic_57615_1776913180399/set_logger_level] /rostopic_57615_1776913180399 http://ying-N8:32955/
[rosmaster.master][INFO] 2026-04-23 10:59:40,597: publisherUpdate[/rosout] -> http://ying-N8:36403/ ['http://ying-N8:36715/', 'http://ying-N8:38363/', 'http://ying-N8:39791/', 'http://ying-N8:35113/', 'http://ying-N8:33293/', 'http://ying-N8:44015/', 'http://ying-N8:45221/', 'http://ying-N8:39177/', 'http://ying-N8:38907/', 'http://ying-N8:35305/', 'http://ying-N8:40141/', 'http://ying-N8:37909/', 'http://ying-N8:32955/']
[rosmaster.master][INFO] 2026-04-23 10:59:40,598: publisherUpdate[/rosout] -> http://ying-N8:36403/ ['http://ying-N8:36715/', 'http://ying-N8:38363/', 'http://ying-N8:39791/', 'http://ying-N8:35113/', 'http://ying-N8:33293/', 'http://ying-N8:44015/', 'http://ying-N8:45221/', 'http://ying-N8:39177/', 'http://ying-N8:38907/', 'http://ying-N8:35305/', 'http://ying-N8:40141/', 'http://ying-N8:37909/', 'http://ying-N8:32955/']: sec=0.00, result=[1, '', 0]
[rosmaster.master][INFO] 2026-04-23 10:59:40,643: +SUB [/arena_info_dynamic] /rostopic_57615_1776913180399 http://ying-N8:32955/
[rosmaster.master][INFO] 2026-04-23 10:59:54,076: -SUB [/arena_info_dynamic] /rostopic_57615_1776913180399 http://ying-N8:32955/
[rosmaster.master][INFO] 2026-04-23 10:59:54,076: -PUB [/rosout] /rostopic_57615_1776913180399 http://ying-N8:32955/
[rosmaster.master][INFO] 2026-04-23 10:59:54,076: -SERVICE [/rostopic_57615_1776913180399/get_loggers] /rostopic_57615_1776913180399 rosrpc://ying-N8:43429
[rosmaster.master][INFO] 2026-04-23 10:59:54,076: -SERVICE [/rostopic_57615_1776913180399/set_logger_level] /rostopic_57615_1776913180399 rosrpc://ying-N8:43429
[rosmaster.master][INFO] 2026-04-23 10:59:54,145: publisherUpdate[/rosout] -> http://ying-N8:36403/ ['http://ying-N8:36715/', 'http://ying-N8:38363/', 'http://ying-N8:39791/', 'http://ying-N8:35113/', 'http://ying-N8:33293/', 'http://ying-N8:44015/', 'http://ying-N8:45221/', 'http://ying-N8:39177/', 'http://ying-N8:38907/', 'http://ying-N8:35305/', 'http://ying-N8:40141/', 'http://ying-N8:37909/']
[rosmaster.master][INFO] 2026-04-23 10:59:54,146: publisherUpdate[/rosout] -> http://ying-N8:36403/ ['http://ying-N8:36715/', 'http://ying-N8:38363/', 'http://ying-N8:39791/', 'http://ying-N8:35113/', 'http://ying-N8:33293/', 'http://ying-N8:44015/', 'http://ying-N8:45221/', 'http://ying-N8:39177/', 'http://ying-N8:38907/', 'http://ying-N8:35305/', 'http://ying-N8:40141/', 'http://ying-N8:37909/']: sec=0.00, result=[1, '', 0]
[rosmaster.master][INFO] 2026-04-23 10:59:54,926: -PUB [/rosout] /onlane_ai_agent_6 http://ying-N8:38907/
[rosmaster.master][INFO] 2026-04-23 10:59:54,927: -PUB [/ctrl/agent_6] /onlane_ai_agent_6 http://ying-N8:38907/
[rosmaster.master][INFO] 2026-04-23 10:59:54,927: -PUB [/tf] /onlane_ai_agent_6 http://ying-N8:38907/
[rosmaster.master][INFO] 2026-04-23 10:59:54,928: -PUB [/vis/agent_6/ego_vehicle_vis] /onlane_ai_agent_6 http://ying-N8:38907/
[rosmaster.master][INFO] 2026-04-23 10:59:54,929: -PUB [/vis/agent_6/obstacle_map] /onlane_ai_agent_6 http://ying-N8:38907/
[rosmaster.master][INFO] 2026-04-23 10:59:54,929: -PUB [/vis/agent_6/surrounding_lane_net_vis] /onlane_ai_agent_6 http://ying-N8:38907/
[rosmaster.master][INFO] 2026-04-23 10:59:54,930: -PUB [/vis/agent_6/local_lanes_vis] /onlane_ai_agent_6 http://ying-N8:38907/
[rosmaster.master][INFO] 2026-04-23 10:59:54,930: -PUB [/vis/agent_6/ego_behavior_vis] /onlane_ai_agent_6 http://ying-N8:38907/
[rosmaster.master][INFO] 2026-04-23 10:59:54,931: -PUB [/vis/agent_6/pred_traj_openloop_vis] /onlane_ai_agent_6 http://ying-N8:38907/
[rosmaster.master][INFO] 2026-04-23 10:59:54,931: -PUB [/vis/agent_6/pred_initial_intention_vis] /onlane_ai_agent_6 http://ying-N8:38907/
[rosmaster.master][INFO] 2026-04-23 10:59:54,932: -PUB [/vis/agent_6/surrounding_vehicle_vis] /onlane_ai_agent_6 http://ying-N8:38907/
[rosmaster.master][INFO] 2026-04-23 10:59:54,932: -PUB [/vis/agent_6/speed_limit] /onlane_ai_agent_6 http://ying-N8:38907/
[rosmaster.master][INFO] 2026-04-23 10:59:54,933: -PUB [/vis/agent_6/forward_trajs] /onlane_ai_agent_6 http://ying-N8:38907/
[rosmaster.master][INFO] 2026-04-23 10:59:54,933: -SUB [/arena_info_static] /onlane_ai_agent_6 http://ying-N8:38907/
[rosmaster.master][INFO] 2026-04-23 10:59:54,934: -SUB [/arena_info_dynamic] /onlane_ai_agent_6 http://ying-N8:38907/
[rosmaster.master][INFO] 2026-04-23 10:59:54,934: -SUB [/joy] /onlane_ai_agent_6 http://ying-N8:38907/
[rosmaster.master][INFO] 2026-04-23 10:59:54,934: -SERVICE [/onlane_ai_agent_6/get_loggers] /onlane_ai_agent_6 rosrpc://ying-N8:42157
[rosmaster.master][INFO] 2026-04-23 10:59:54,935: -SERVICE [/onlane_ai_agent_6/set_logger_level] /onlane_ai_agent_6 rosrpc://ying-N8:42157
[rosmaster.master][INFO] 2026-04-23 10:59:54,947: publisherUpdate[/rosout] -> http://ying-N8:36403/ ['http://ying-N8:36715/', 'http://ying-N8:38363/', 'http://ying-N8:39791/', 'http://ying-N8:35113/', 'http://ying-N8:33293/', 'http://ying-N8:44015/', 'http://ying-N8:45221/', 'http://ying-N8:39177/', 'http://ying-N8:35305/', 'http://ying-N8:40141/', 'http://ying-N8:37909/']
[rosmaster.master][INFO] 2026-04-23 10:59:54,947: publisherUpdate[/rosout] -> http://ying-N8:36403/ ['http://ying-N8:36715/', 'http://ying-N8:38363/', 'http://ying-N8:39791/', 'http://ying-N8:35113/', 'http://ying-N8:33293/', 'http://ying-N8:44015/', 'http://ying-N8:45221/', 'http://ying-N8:39177/', 'http://ying-N8:35305/', 'http://ying-N8:40141/', 'http://ying-N8:37909/']: sec=0.00, result=[1, '', 0]
[rosmaster.master][INFO] 2026-04-23 10:59:54,947: publisherUpdate[/ctrl/agent_6] -> http://ying-N8:40141/ []
[rosmaster.master][INFO] 2026-04-23 10:59:54,948: publisherUpdate[/ctrl/agent_6] -> http://ying-N8:40141/ []: sec=0.00, result=[1, '', 0]
[rosmaster.master][INFO] 2026-04-23 10:59:54,966: -PUB [/rosout] /onlane_ai_agent_4 http://ying-N8:44015/
[rosmaster.master][INFO] 2026-04-23 10:59:54,966: -PUB [/ctrl/agent_4] /onlane_ai_agent_4 http://ying-N8:44015/
[rosmaster.master][INFO] 2026-04-23 10:59:54,967: -PUB [/tf] /onlane_ai_agent_4 http://ying-N8:44015/
[rosmaster.master][INFO] 2026-04-23 10:59:54,967: -PUB [/vis/agent_4/ego_vehicle_vis] /onlane_ai_agent_4 http://ying-N8:44015/
[rosmaster.master][INFO] 2026-04-23 10:59:54,967: -PUB [/vis/agent_4/obstacle_map] /onlane_ai_agent_4 http://ying-N8:44015/
[rosmaster.master][INFO] 2026-04-23 10:59:54,968: -PUB [/vis/agent_4/surrounding_lane_net_vis] /onlane_ai_agent_4 http://ying-N8:44015/
[rosmaster.master][INFO] 2026-04-23 10:59:54,968: -PUB [/vis/agent_4/local_lanes_vis] /onlane_ai_agent_4 http://ying-N8:44015/
[rosmaster.master][INFO] 2026-04-23 10:59:54,968: -PUB [/vis/agent_4/ego_behavior_vis] /onlane_ai_agent_4 http://ying-N8:44015/
[rosmaster.master][INFO] 2026-04-23 10:59:54,969: -PUB [/vis/agent_4/pred_traj_openloop_vis] /onlane_ai_agent_4 http://ying-N8:44015/
[rosmaster.master][INFO] 2026-04-23 10:59:54,969: -PUB [/vis/agent_4/pred_initial_intention_vis] /onlane_ai_agent_4 http://ying-N8:44015/
[rosmaster.master][INFO] 2026-04-23 10:59:54,969: -PUB [/vis/agent_4/surrounding_vehicle_vis] /onlane_ai_agent_4 http://ying-N8:44015/
[rosmaster.master][INFO] 2026-04-23 10:59:54,969: -PUB [/vis/agent_4/speed_limit] /onlane_ai_agent_4 http://ying-N8:44015/
[rosmaster.master][INFO] 2026-04-23 10:59:54,970: -PUB [/vis/agent_4/forward_trajs] /onlane_ai_agent_4 http://ying-N8:44015/
[rosmaster.master][INFO] 2026-04-23 10:59:54,970: -SUB [/arena_info_static] /onlane_ai_agent_4 http://ying-N8:44015/
[rosmaster.master][INFO] 2026-04-23 10:59:54,970: -SUB [/arena_info_dynamic] /onlane_ai_agent_4 http://ying-N8:44015/
[rosmaster.master][INFO] 2026-04-23 10:59:54,971: -SUB [/joy] /onlane_ai_agent_4 http://ying-N8:44015/
[rosmaster.master][INFO] 2026-04-23 10:59:54,971: -SERVICE [/onlane_ai_agent_4/get_loggers] /onlane_ai_agent_4 rosrpc://ying-N8:55475
[rosmaster.master][INFO] 2026-04-23 10:59:54,971: -SERVICE [/onlane_ai_agent_4/set_logger_level] /onlane_ai_agent_4 rosrpc://ying-N8:55475
[rosmaster.master][INFO] 2026-04-23 10:59:54,981: -PUB [/rosout] /onlane_ai_agent_10 http://ying-N8:37909/
[rosmaster.master][INFO] 2026-04-23 10:59:54,981: -PUB [/ctrl/agent_10] /onlane_ai_agent_10 http://ying-N8:37909/
[rosmaster.master][INFO] 2026-04-23 10:59:54,981: -PUB [/tf] /onlane_ai_agent_10 http://ying-N8:37909/
[rosmaster.master][INFO] 2026-04-23 10:59:54,982: -PUB [/vis/agent_10/ego_vehicle_vis] /onlane_ai_agent_10 http://ying-N8:37909/
[rosmaster.master][INFO] 2026-04-23 10:59:54,982: -PUB [/vis/agent_10/obstacle_map] /onlane_ai_agent_10 http://ying-N8:37909/
[rosmaster.master][INFO] 2026-04-23 10:59:54,982: -PUB [/vis/agent_10/surrounding_lane_net_vis] /onlane_ai_agent_10 http://ying-N8:37909/
[rosmaster.master][INFO] 2026-04-23 10:59:54,983: -PUB [/rosout] /onlane_ai_agent_3 http://ying-N8:35113/
[rosmaster.master][INFO] 2026-04-23 10:59:54,983: -PUB [/vis/agent_10/local_lanes_vis] /onlane_ai_agent_10 http://ying-N8:37909/
[rosmaster.master][INFO] 2026-04-23 10:59:54,984: -PUB [/ctrl/agent_3] /onlane_ai_agent_3 http://ying-N8:35113/
[rosmaster.master][INFO] 2026-04-23 10:59:54,984: -PUB [/vis/agent_10/ego_behavior_vis] /onlane_ai_agent_10 http://ying-N8:37909/
[rosmaster.master][INFO] 2026-04-23 10:59:54,984: -PUB [/tf] /onlane_ai_agent_3 http://ying-N8:35113/
[rosmaster.master][INFO] 2026-04-23 10:59:54,985: -PUB [/vis/agent_10/pred_traj_openloop_vis] /onlane_ai_agent_10 http://ying-N8:37909/
[rosmaster.master][INFO] 2026-04-23 10:59:54,985: -PUB [/vis/agent_3/ego_vehicle_vis] /onlane_ai_agent_3 http://ying-N8:35113/
[rosmaster.master][INFO] 2026-04-23 10:59:54,985: -PUB [/vis/agent_10/pred_initial_intention_vis] /onlane_ai_agent_10 http://ying-N8:37909/
[rosmaster.master][INFO] 2026-04-23 10:59:54,986: -PUB [/vis/agent_3/obstacle_map] /onlane_ai_agent_3 http://ying-N8:35113/
[rosmaster.master][INFO] 2026-04-23 10:59:54,986: -PUB [/vis/agent_10/surrounding_vehicle_vis] /onlane_ai_agent_10 http://ying-N8:37909/
[rosmaster.master][INFO] 2026-04-23 10:59:54,986: -PUB [/vis/agent_3/surrounding_lane_net_vis] /onlane_ai_agent_3 http://ying-N8:35113/
[rosmaster.master][INFO] 2026-04-23 10:59:54,987: -PUB [/vis/agent_10/speed_limit] /onlane_ai_agent_10 http://ying-N8:37909/
[rosmaster.master][INFO] 2026-04-23 10:59:54,987: -PUB [/vis/agent_3/local_lanes_vis] /onlane_ai_agent_3 http://ying-N8:35113/
[rosmaster.master][INFO] 2026-04-23 10:59:54,988: -PUB [/vis/agent_10/forward_trajs] /onlane_ai_agent_10 http://ying-N8:37909/
[rosmaster.master][INFO] 2026-04-23 10:59:54,988: -PUB [/vis/agent_3/ego_behavior_vis] /onlane_ai_agent_3 http://ying-N8:35113/
[rosmaster.master][INFO] 2026-04-23 10:59:54,988: -PUB [/vis/agent_3/pred_traj_openloop_vis] /onlane_ai_agent_3 http://ying-N8:35113/
[rosmaster.master][INFO] 2026-04-23 10:59:54,988: -SUB [/arena_info_static] /onlane_ai_agent_10 http://ying-N8:37909/
[rosmaster.master][INFO] 2026-04-23 10:59:54,989: -PUB [/vis/agent_3/pred_initial_intention_vis] /onlane_ai_agent_3 http://ying-N8:35113/
[rosmaster.master][INFO] 2026-04-23 10:59:54,989: -SUB [/arena_info_dynamic] /onlane_ai_agent_10 http://ying-N8:37909/
[rosmaster.master][INFO] 2026-04-23 10:59:54,989: -PUB [/vis/agent_3/surrounding_vehicle_vis] /onlane_ai_agent_3 http://ying-N8:35113/
[rosmaster.master][INFO] 2026-04-23 10:59:54,990: -SUB [/joy] /onlane_ai_agent_10 http://ying-N8:37909/
[rosmaster.master][INFO] 2026-04-23 10:59:54,990: -PUB [/vis/agent_3/speed_limit] /onlane_ai_agent_3 http://ying-N8:35113/
[rosmaster.master][INFO] 2026-04-23 10:59:54,990: -SERVICE [/onlane_ai_agent_10/get_loggers] /onlane_ai_agent_10 rosrpc://ying-N8:56907
[rosmaster.master][INFO] 2026-04-23 10:59:54,991: -PUB [/vis/agent_3/forward_trajs] /onlane_ai_agent_3 http://ying-N8:35113/
[rosmaster.master][INFO] 2026-04-23 10:59:54,991: -SERVICE [/onlane_ai_agent_10/set_logger_level] /onlane_ai_agent_10 rosrpc://ying-N8:56907
[rosmaster.master][INFO] 2026-04-23 10:59:54,991: -SUB [/arena_info_static] /onlane_ai_agent_3 http://ying-N8:35113/
[rosmaster.master][INFO] 2026-04-23 10:59:54,992: -SUB [/arena_info_dynamic] /onlane_ai_agent_3 http://ying-N8:35113/
[rosmaster.master][INFO] 2026-04-23 10:59:54,992: -SUB [/joy] /onlane_ai_agent_3 http://ying-N8:35113/
[rosmaster.master][INFO] 2026-04-23 10:59:54,992: -SERVICE [/onlane_ai_agent_3/get_loggers] /onlane_ai_agent_3 rosrpc://ying-N8:46101
[rosmaster.master][INFO] 2026-04-23 10:59:54,993: -SERVICE [/onlane_ai_agent_3/set_logger_level] /onlane_ai_agent_3 rosrpc://ying-N8:46101
[rosmaster.master][INFO] 2026-04-23 10:59:54,998: -PUB [/rosout] /onlane_ai_agent_5 http://ying-N8:33293/
[rosmaster.master][INFO] 2026-04-23 10:59:54,998: -PUB [/ctrl/agent_5] /onlane_ai_agent_5 http://ying-N8:33293/
[rosmaster.master][INFO] 2026-04-23 10:59:54,999: -PUB [/tf] /onlane_ai_agent_5 http://ying-N8:33293/
[rosmaster.master][INFO] 2026-04-23 10:59:54,999: -PUB [/vis/agent_5/ego_vehicle_vis] /onlane_ai_agent_5 http://ying-N8:33293/
[rosmaster.master][INFO] 2026-04-23 10:59:54,999: -PUB [/vis/agent_5/obstacle_map] /onlane_ai_agent_5 http://ying-N8:33293/
[rosmaster.master][INFO] 2026-04-23 10:59:55,000: -PUB [/vis/agent_5/surrounding_lane_net_vis] /onlane_ai_agent_5 http://ying-N8:33293/
[rosmaster.master][INFO] 2026-04-23 10:59:55,000: -PUB [/vis/agent_5/local_lanes_vis] /onlane_ai_agent_5 http://ying-N8:33293/
[rosmaster.master][INFO] 2026-04-23 10:59:55,000: -PUB [/vis/agent_5/ego_behavior_vis] /onlane_ai_agent_5 http://ying-N8:33293/
[rosmaster.master][INFO] 2026-04-23 10:59:55,000: -PUB [/vis/agent_5/pred_traj_openloop_vis] /onlane_ai_agent_5 http://ying-N8:33293/
[rosmaster.master][INFO] 2026-04-23 10:59:55,001: -PUB [/vis/agent_5/pred_initial_intention_vis] /onlane_ai_agent_5 http://ying-N8:33293/
[rosmaster.master][INFO] 2026-04-23 10:59:55,001: -PUB [/vis/agent_5/surrounding_vehicle_vis] /onlane_ai_agent_5 http://ying-N8:33293/
[rosmaster.master][INFO] 2026-04-23 10:59:55,001: -PUB [/vis/agent_5/speed_limit] /onlane_ai_agent_5 http://ying-N8:33293/
[rosmaster.master][INFO] 2026-04-23 10:59:55,001: -PUB [/vis/agent_5/forward_trajs] /onlane_ai_agent_5 http://ying-N8:33293/
[rosmaster.master][INFO] 2026-04-23 10:59:55,002: -SUB [/arena_info_static] /onlane_ai_agent_5 http://ying-N8:33293/
[rosmaster.master][INFO] 2026-04-23 10:59:55,002: -SUB [/arena_info_dynamic] /onlane_ai_agent_5 http://ying-N8:33293/
[rosmaster.master][INFO] 2026-04-23 10:59:55,003: -SUB [/joy] /onlane_ai_agent_5 http://ying-N8:33293/
[rosmaster.master][INFO] 2026-04-23 10:59:55,003: -SERVICE [/onlane_ai_agent_5/get_loggers] /onlane_ai_agent_5 rosrpc://ying-N8:32965
[rosmaster.master][INFO] 2026-04-23 10:59:55,003: -SERVICE [/onlane_ai_agent_5/set_logger_level] /onlane_ai_agent_5 rosrpc://ying-N8:32965
[rosmaster.master][INFO] 2026-04-23 10:59:55,008: -PUB [/rosout] /onlane_ai_agent_9 http://ying-N8:35305/
[rosmaster.master][INFO] 2026-04-23 10:59:55,009: -PUB [/ctrl/agent_9] /onlane_ai_agent_9 http://ying-N8:35305/
[rosmaster.master][INFO] 2026-04-23 10:59:55,009: -PUB [/tf] /onlane_ai_agent_9 http://ying-N8:35305/
[rosmaster.master][INFO] 2026-04-23 10:59:55,009: -PUB [/vis/agent_9/ego_vehicle_vis] /onlane_ai_agent_9 http://ying-N8:35305/
[rosmaster.master][INFO] 2026-04-23 10:59:55,010: -PUB [/vis/agent_9/obstacle_map] /onlane_ai_agent_9 http://ying-N8:35305/
[rosmaster.master][INFO] 2026-04-23 10:59:55,010: -PUB [/vis/agent_9/surrounding_lane_net_vis] /onlane_ai_agent_9 http://ying-N8:35305/
[rosmaster.master][INFO] 2026-04-23 10:59:55,010: -PUB [/vis/agent_9/local_lanes_vis] /onlane_ai_agent_9 http://ying-N8:35305/
[rosmaster.master][INFO] 2026-04-23 10:59:55,011: -PUB [/vis/agent_9/ego_behavior_vis] /onlane_ai_agent_9 http://ying-N8:35305/
[rosmaster.master][INFO] 2026-04-23 10:59:55,011: -PUB [/vis/agent_9/pred_traj_openloop_vis] /onlane_ai_agent_9 http://ying-N8:35305/
[rosmaster.master][INFO] 2026-04-23 10:59:55,011: -PUB [/vis/agent_9/pred_initial_intention_vis] /onlane_ai_agent_9 http://ying-N8:35305/
[rosmaster.master][INFO] 2026-04-23 10:59:55,012: -PUB [/vis/agent_9/surrounding_vehicle_vis] /onlane_ai_agent_9 http://ying-N8:35305/
[rosmaster.master][INFO] 2026-04-23 10:59:55,012: -PUB [/vis/agent_9/speed_limit] /onlane_ai_agent_9 http://ying-N8:35305/
[rosmaster.master][INFO] 2026-04-23 10:59:55,012: -PUB [/vis/agent_9/forward_trajs] /onlane_ai_agent_9 http://ying-N8:35305/
[rosmaster.master][INFO] 2026-04-23 10:59:55,012: -SUB [/arena_info_static] /onlane_ai_agent_9 http://ying-N8:35305/
[rosmaster.master][INFO] 2026-04-23 10:59:55,013: -SUB [/arena_info_dynamic] /onlane_ai_agent_9 http://ying-N8:35305/
[rosmaster.master][INFO] 2026-04-23 10:59:55,013: -SUB [/joy] /onlane_ai_agent_9 http://ying-N8:35305/
[rosmaster.master][INFO] 2026-04-23 10:59:55,013: -SERVICE [/onlane_ai_agent_9/get_loggers] /onlane_ai_agent_9 rosrpc://ying-N8:39595
[rosmaster.master][INFO] 2026-04-23 10:59:55,014: -SERVICE [/onlane_ai_agent_9/set_logger_level] /onlane_ai_agent_9 rosrpc://ying-N8:39595
[rosmaster.master][INFO] 2026-04-23 10:59:55,048: publisherUpdate[/rosout] -> http://ying-N8:36403/ ['http://ying-N8:36715/', 'http://ying-N8:38363/', 'http://ying-N8:39791/', 'http://ying-N8:35113/', 'http://ying-N8:33293/', 'http://ying-N8:45221/', 'http://ying-N8:39177/', 'http://ying-N8:35305/', 'http://ying-N8:40141/', 'http://ying-N8:37909/']
[rosmaster.master][INFO] 2026-04-23 10:59:55,048: -PUB [/rosout] /phy_simulator_planning_node http://ying-N8:40141/
[rosmaster.master][INFO] 2026-04-23 10:59:55,049: publisherUpdate[/ctrl/agent_4] -> http://ying-N8:40141/ []
[rosmaster.master][INFO] 2026-04-23 10:59:55,049: -PUB [/arena_info_static] /phy_simulator_planning_node http://ying-N8:40141/
[rosmaster.master][INFO] 2026-04-23 10:59:55,050: -PUB [/arena_info_dynamic] /phy_simulator_planning_node http://ying-N8:40141/
[rosmaster.master][INFO] 2026-04-23 10:59:55,051: publisherUpdate[/rosout] -> http://ying-N8:36403/ ['http://ying-N8:36715/', 'http://ying-N8:38363/', 'http://ying-N8:39791/', 'http://ying-N8:35113/', 'http://ying-N8:33293/', 'http://ying-N8:45221/', 'http://ying-N8:39177/', 'http://ying-N8:35305/', 'http://ying-N8:40141/', 'http://ying-N8:37909/']: sec=0.00, result=[1, '', 0]
[rosmaster.master][INFO] 2026-04-23 10:59:55,051: publisherUpdate[/rosout] -> http://ying-N8:36403/ ['http://ying-N8:36715/', 'http://ying-N8:38363/', 'http://ying-N8:39791/', 'http://ying-N8:35113/', 'http://ying-N8:33293/', 'http://ying-N8:45221/', 'http://ying-N8:39177/', 'http://ying-N8:35305/', 'http://ying-N8:40141/']
[rosmaster.master][INFO] 2026-04-23 10:59:55,051: -PUB [/phy_simulator_planning_node/vis/vehicle_set_vis] /phy_simulator_planning_node http://ying-N8:40141/
[rosmaster.master][INFO] 2026-04-23 10:59:55,052: -PUB [/phy_simulator_planning_node/vis/lane_net_vis] /phy_simulator_planning_node http://ying-N8:40141/
[rosmaster.master][INFO] 2026-04-23 10:59:55,052: publisherUpdate[/arena_info_static] -> http://ying-N8:39791/ []
[rosmaster.master][INFO] 2026-04-23 10:59:55,052: publisherUpdate[/rosout] -> http://ying-N8:36403/ ['http://ying-N8:36715/', 'http://ying-N8:38363/', 'http://ying-N8:39791/', 'http://ying-N8:35113/', 'http://ying-N8:33293/', 'http://ying-N8:45221/', 'http://ying-N8:39177/', 'http://ying-N8:35305/', 'http://ying-N8:40141/']: sec=0.00, result=[1, '', 0]
[rosmaster.master][INFO] 2026-04-23 10:59:55,053: publisherUpdate[/rosout] -> http://ying-N8:36403/ ['http://ying-N8:36715/', 'http://ying-N8:38363/', 'http://ying-N8:39791/', 'http://ying-N8:33293/', 'http://ying-N8:45221/', 'http://ying-N8:39177/', 'http://ying-N8:35305/', 'http://ying-N8:40141/']
[rosmaster.master][INFO] 2026-04-23 10:59:55,053: publisherUpdate[/arena_info_static] -> http://ying-N8:39791/ []: sec=0.00, result=[0, 'Unknown Error', 0]
[rosmaster.master][INFO] 2026-04-23 10:59:55,053: publisherUpdate[/arena_info_static] -> http://ying-N8:36715/ []
[rosmaster.master][INFO] 2026-04-23 10:59:55,054: publisherUpdate[/arena_info_static] -> http://ying-N8:36715/ []: sec=0.00, result=[1, '', 0]
[rosmaster.master][INFO] 2026-04-23 10:59:55,054: publisherUpdate[/arena_info_static] -> http://ying-N8:38363/ []
[rosmaster.master][INFO] 2026-04-23 10:59:55,055: publisherUpdate[/arena_info_static] -> http://ying-N8:38363/ []: sec=0.00, result=[1, '', 0]
[rosmaster.master][INFO] 2026-04-23 10:59:55,055: publisherUpdate[/arena_info_static] -> http://ying-N8:45221/ []
[rosmaster.master][INFO] 2026-04-23 10:59:55,056: publisherUpdate[/arena_info_static] -> http://ying-N8:45221/ []: sec=0.00, result=[0, 'Unknown Error', 0]
[rosmaster.master][INFO] 2026-04-23 10:59:55,056: publisherUpdate[/arena_info_static] -> http://ying-N8:39177/ []
[rosmaster.master][INFO] 2026-04-23 10:59:55,057: publisherUpdate[/arena_info_static] -> http://ying-N8:39177/ []: sec=0.00, result=[0, 'Unknown Error', 0]
[rosmaster.master][INFO] 2026-04-23 10:59:55,057: publisherUpdate[/arena_info_dynamic] -> http://ying-N8:39791/ []
[rosmaster.master][INFO] 2026-04-23 10:59:55,057: publisherUpdate[/arena_info_dynamic] -> http://ying-N8:39791/ []: sec=0.00, result=[0, 'Unknown Error', 0]
[rosmaster.master][INFO] 2026-04-23 10:59:55,057: publisherUpdate[/arena_info_dynamic] -> http://ying-N8:36715/ []
[rosmaster.master][INFO] 2026-04-23 10:59:55,058: publisherUpdate[/arena_info_dynamic] -> http://ying-N8:36715/ []: sec=0.00, result=[1, '', 0]
[rosmaster.master][INFO] 2026-04-23 10:59:55,059: publisherUpdate[/ctrl/agent_4] -> http://ying-N8:40141/ []: sec=0.01, exception=<Fault -1: 'publisherUpdate: unknown method name'>
[rosmaster.threadpool][ERROR] 2026-04-23 10:59:55,060: Traceback (most recent call last):
  File "/opt/ros/noetic/lib/python3/dist-packages/rosmaster/threadpool.py", line 218, in run
    result = cmd(*args)
  File "/opt/ros/noetic/lib/python3/dist-packages/rosmaster/master_api.py", line 210, in publisher_update_task
    ret = xmlrpcapi(api).publisherUpdate('/master', topic, pub_uris)
  File "/usr/lib/python3.8/xmlrpc/client.py", line 1109, in __call__
    return self.__send(self.__name, args)
  File "/usr/lib/python3.8/xmlrpc/client.py", line 1450, in __request
    response = self.__transport.request(
  File "/usr/lib/python3.8/xmlrpc/client.py", line 1153, in request
    return self.single_request(host, handler, request_body, verbose)
  File "/usr/lib/python3.8/xmlrpc/client.py", line 1169, in single_request
    return self.parse_response(resp)
  File "/usr/lib/python3.8/xmlrpc/client.py", line 1341, in parse_response
    return u.close()
  File "/usr/lib/python3.8/xmlrpc/client.py", line 655, in close
    raise Fault(**self._stack[0])
xmlrpc.client.Fault: <Fault -1: 'publisherUpdate: unknown method name'>

[rosmaster.master][INFO] 2026-04-23 10:59:55,060: publisherUpdate[/ctrl/agent_10] -> http://ying-N8:40141/ []
[rosmaster.master][INFO] 2026-04-23 10:59:55,061: publisherUpdate[/ctrl/agent_10] -> http://ying-N8:40141/ []: sec=0.00, exception=<Fault -1: 'publisherUpdate: unknown method name'>
[rosmaster.threadpool][ERROR] 2026-04-23 10:59:55,061: Traceback (most recent call last):
  File "/opt/ros/noetic/lib/python3/dist-packages/rosmaster/threadpool.py", line 218, in run
    result = cmd(*args)
  File "/opt/ros/noetic/lib/python3/dist-packages/rosmaster/master_api.py", line 210, in publisher_update_task
    ret = xmlrpcapi(api).publisherUpdate('/master', topic, pub_uris)
  File "/usr/lib/python3.8/xmlrpc/client.py", line 1109, in __call__
    return self.__send(self.__name, args)
  File "/usr/lib/python3.8/xmlrpc/client.py", line 1450, in __request
    response = self.__transport.request(
  File "/usr/lib/python3.8/xmlrpc/client.py", line 1153, in request
    return self.single_request(host, handler, request_body, verbose)
  File "/usr/lib/python3.8/xmlrpc/client.py", line 1169, in single_request
    return self.parse_response(resp)
  File "/usr/lib/python3.8/xmlrpc/client.py", line 1341, in parse_response
    return u.close()
  File "/usr/lib/python3.8/xmlrpc/client.py", line 655, in close
    raise Fault(**self._stack[0])
xmlrpc.client.Fault: <Fault -1: 'publisherUpdate: unknown method name'>

[rosmaster.master][INFO] 2026-04-23 10:59:55,061: publisherUpdate[/ctrl/agent_3] -> http://ying-N8:40141/ []
[rosmaster.master][INFO] 2026-04-23 10:59:55,062: publisherUpdate[/ctrl/agent_3] -> http://ying-N8:40141/ []: sec=0.00, exception=<Fault -1: 'publisherUpdate: unknown method name'>
[rosmaster.threadpool][ERROR] 2026-04-23 10:59:55,062: Traceback (most recent call last):
  File "/opt/ros/noetic/lib/python3/dist-packages/rosmaster/threadpool.py", line 218, in run
    result = cmd(*args)
  File "/opt/ros/noetic/lib/python3/dist-packages/rosmaster/master_api.py", line 210, in publisher_update_task
    ret = xmlrpcapi(api).publisherUpdate('/master', topic, pub_uris)
  File "/usr/lib/python3.8/xmlrpc/client.py", line 1109, in __call__
    return self.__send(self.__name, args)
  File "/usr/lib/python3.8/xmlrpc/client.py", line 1450, in __request
    response = self.__transport.request(
  File "/usr/lib/python3.8/xmlrpc/client.py", line 1153, in request
    return self.single_request(host, handler, request_body, verbose)
  File "/usr/lib/python3.8/xmlrpc/client.py", line 1169, in single_request
    return self.parse_response(resp)
  File "/usr/lib/python3.8/xmlrpc/client.py", line 1341, in parse_response
    return u.close()
  File "/usr/lib/python3.8/xmlrpc/client.py", line 655, in close
    raise Fault(**self._stack[0])
xmlrpc.client.Fault: <Fault -1: 'publisherUpdate: unknown method name'>

[rosmaster.master][INFO] 2026-04-23 10:59:55,062: publisherUpdate[/ctrl/agent_5] -> http://ying-N8:40141/ []
[rosmaster.master][INFO] 2026-04-23 10:59:55,063: publisherUpdate[/ctrl/agent_5] -> http://ying-N8:40141/ []: sec=0.00, exception=<Fault -1: 'publisherUpdate: unknown method name'>
[rosmaster.threadpool][ERROR] 2026-04-23 10:59:55,063: Traceback (most recent call last):
  File "/opt/ros/noetic/lib/python3/dist-packages/rosmaster/threadpool.py", line 218, in run
    result = cmd(*args)
  File "/opt/ros/noetic/lib/python3/dist-packages/rosmaster/master_api.py", line 210, in publisher_update_task
    ret = xmlrpcapi(api).publisherUpdate('/master', topic, pub_uris)
  File "/usr/lib/python3.8/xmlrpc/client.py", line 1109, in __call__
    return self.__send(self.__name, args)
  File "/usr/lib/python3.8/xmlrpc/client.py", line 1450, in __request
    response = self.__transport.request(
  File "/usr/lib/python3.8/xmlrpc/client.py", line 1153, in request
    return self.single_request(host, handler, request_body, verbose)
  File "/usr/lib/python3.8/xmlrpc/client.py", line 1169, in single_request
    return self.parse_response(resp)
  File "/usr/lib/python3.8/xmlrpc/client.py", line 1341, in parse_response
    return u.close()
  File "/usr/lib/python3.8/xmlrpc/client.py", line 655, in close
    raise Fault(**self._stack[0])
xmlrpc.client.Fault: <Fault -1: 'publisherUpdate: unknown method name'>

[rosmaster.master][INFO] 2026-04-23 10:59:55,063: publisherUpdate[/ctrl/agent_9] -> http://ying-N8:40141/ []
[rosmaster.master][INFO] 2026-04-23 10:59:55,064: publisherUpdate[/ctrl/agent_9] -> http://ying-N8:40141/ []: sec=0.00, exception=<Fault -1: 'publisherUpdate: unknown method name'>
[rosmaster.threadpool][ERROR] 2026-04-23 10:59:55,064: Traceback (most recent call last):
  File "/opt/ros/noetic/lib/python3/dist-packages/rosmaster/threadpool.py", line 218, in run
    result = cmd(*args)
  File "/opt/ros/noetic/lib/python3/dist-packages/rosmaster/master_api.py", line 210, in publisher_update_task
    ret = xmlrpcapi(api).publisherUpdate('/master', topic, pub_uris)
  File "/usr/lib/python3.8/xmlrpc/client.py", line 1109, in __call__
    return self.__send(self.__name, args)
  File "/usr/lib/python3.8/xmlrpc/client.py", line 1450, in __request
    response = self.__transport.request(
  File "/usr/lib/python3.8/xmlrpc/client.py", line 1153, in request
    return self.single_request(host, handler, request_body, verbose)
  File "/usr/lib/python3.8/xmlrpc/client.py", line 1169, in single_request
    return self.parse_response(resp)
  File "/usr/lib/python3.8/xmlrpc/client.py", line 1341, in parse_response
    return u.close()
  File "/usr/lib/python3.8/xmlrpc/client.py", line 655, in close
    raise Fault(**self._stack[0])
xmlrpc.client.Fault: <Fault -1: 'publisherUpdate: unknown method name'>

[rosmaster.master][INFO] 2026-04-23 10:59:55,064: publisherUpdate[/arena_info_dynamic] -> http://ying-N8:45221/ []
[rosmaster.master][INFO] 2026-04-23 10:59:55,059: publisherUpdate[/arena_info_dynamic] -> http://ying-N8:38363/ []
[rosmaster.master][INFO] 2026-04-23 10:59:55,065: -PUB [/rosout] /onlane_ai_agent_8 http://ying-N8:45221/
[rosmaster.master][INFO] 2026-04-23 10:59:55,066: -PUB [/ctrl/agent_8] /onlane_ai_agent_8 http://ying-N8:45221/
[rosmaster.master][INFO] 2026-04-23 10:59:55,066: publisherUpdate[/arena_info_dynamic] -> http://ying-N8:38363/ []: sec=0.00, result=[1, '', 0]
[rosmaster.master][INFO] 2026-04-23 10:59:55,068: publisherUpdate[/arena_info_dynamic] -> http://ying-N8:39177/ []
[rosmaster.master][INFO] 2026-04-23 10:59:55,069: publisherUpdate[/rosout] -> http://ying-N8:36403/ ['http://ying-N8:36715/', 'http://ying-N8:38363/', 'http://ying-N8:39791/', 'http://ying-N8:33293/', 'http://ying-N8:45221/', 'http://ying-N8:39177/', 'http://ying-N8:35305/', 'http://ying-N8:40141/']: sec=0.02, result=[1, '', 0]
[rosmaster.master][INFO] 2026-04-23 10:59:55,069: -PUB [/phy_simulator_planning_node/vis/obstacle_set_vis] /phy_simulator_planning_node http://ying-N8:40141/
[rosmaster.master][INFO] 2026-04-23 10:59:55,070: publisherUpdate[/rosout] -> http://ying-N8:36403/ ['http://ying-N8:36715/', 'http://ying-N8:38363/', 'http://ying-N8:39791/', 'http://ying-N8:45221/', 'http://ying-N8:39177/', 'http://ying-N8:35305/', 'http://ying-N8:40141/']
[rosmaster.master][INFO] 2026-04-23 10:59:55,070: publisherUpdate[/arena_info_dynamic] -> http://ying-N8:39177/ []: sec=0.00, result=[0, 'Unknown Error', 0]
[rosmaster.master][INFO] 2026-04-23 10:59:55,070: -PUB [/tf] /onlane_ai_agent_8 http://ying-N8:45221/
[rosmaster.master][INFO] 2026-04-23 10:59:55,071: publisherUpdate[/ctrl/agent_8] -> http://ying-N8:40141/ []
[rosmaster.master][INFO] 2026-04-23 10:59:55,071: publisherUpdate[/rosout] -> http://ying-N8:36403/ ['http://ying-N8:36715/', 'http://ying-N8:38363/', 'http://ying-N8:39791/', 'http://ying-N8:45221/', 'http://ying-N8:39177/', 'http://ying-N8:35305/', 'http://ying-N8:40141/']: sec=0.00, result=[1, '', 0]
[rosmaster.master][INFO] 2026-04-23 10:59:55,072: -SUB [/ctrl/agent_10] /phy_simulator_planning_node http://ying-N8:40141/
[rosmaster.master][INFO] 2026-04-23 10:59:55,072: publisherUpdate[/rosout] -> http://ying-N8:36403/ ['http://ying-N8:36715/', 'http://ying-N8:38363/', 'http://ying-N8:39791/', 'http://ying-N8:45221/', 'http://ying-N8:39177/', 'http://ying-N8:40141/']
[rosmaster.master][INFO] 2026-04-23 10:59:55,072: -PUB [/vis/agent_8/ego_vehicle_vis] /onlane_ai_agent_8 http://ying-N8:45221/
[rosmaster.master][INFO] 2026-04-23 10:59:55,073: publisherUpdate[/ctrl/agent_8] -> http://ying-N8:40141/ []: sec=0.00, exception=<Fault -1: 'publisherUpdate: unknown method name'>
[rosmaster.master][INFO] 2026-04-23 10:59:55,073: -SUB [/ctrl/agent_9] /phy_simulator_planning_node http://ying-N8:40141/
[rosmaster.master][INFO] 2026-04-23 10:59:55,074: publisherUpdate[/rosout] -> http://ying-N8:36403/ ['http://ying-N8:36715/', 'http://ying-N8:38363/', 'http://ying-N8:39791/', 'http://ying-N8:45221/', 'http://ying-N8:39177/', 'http://ying-N8:40141/']: sec=0.00, result=[1, '', 0]
[rosmaster.threadpool][ERROR] 2026-04-23 10:59:55,074: Traceback (most recent call last):
  File "/opt/ros/noetic/lib/python3/dist-packages/rosmaster/threadpool.py", line 218, in run
    result = cmd(*args)
  File "/opt/ros/noetic/lib/python3/dist-packages/rosmaster/master_api.py", line 210, in publisher_update_task
    ret = xmlrpcapi(api).publisherUpdate('/master', topic, pub_uris)
  File "/usr/lib/python3.8/xmlrpc/client.py", line 1109, in __call__
    return self.__send(self.__name, args)
  File "/usr/lib/python3.8/xmlrpc/client.py", line 1450, in __request
    response = self.__transport.request(
  File "/usr/lib/python3.8/xmlrpc/client.py", line 1153, in request
    return self.single_request(host, handler, request_body, verbose)
  File "/usr/lib/python3.8/xmlrpc/client.py", line 1169, in single_request
    return self.parse_response(resp)
  File "/usr/lib/python3.8/xmlrpc/client.py", line 1341, in parse_response
    return u.close()
  File "/usr/lib/python3.8/xmlrpc/client.py", line 655, in close
    raise Fault(**self._stack[0])
xmlrpc.client.Fault: <Fault -1: 'publisherUpdate: unknown method name'>

[rosmaster.master][INFO] 2026-04-23 10:59:55,075: publisherUpdate[/rosout] -> http://ying-N8:36403/ ['http://ying-N8:36715/', 'http://ying-N8:38363/', 'http://ying-N8:39791/', 'http://ying-N8:45221/', 'http://ying-N8:39177/']
[rosmaster.master][INFO] 2026-04-23 10:59:55,075: -PUB [/vis/agent_8/obstacle_map] /onlane_ai_agent_8 http://ying-N8:45221/
[rosmaster.master][INFO] 2026-04-23 10:59:55,075: publisherUpdate[/arena_info_dynamic] -> http://ying-N8:45221/ []: sec=0.01, exception=<Fault -1: 'publisherUpdate: unknown method name'>
[rosmaster.master][INFO] 2026-04-23 10:59:55,076: publisherUpdate[/rosout] -> http://ying-N8:36403/ ['http://ying-N8:36715/', 'http://ying-N8:38363/', 'http://ying-N8:39791/', 'http://ying-N8:45221/', 'http://ying-N8:39177/']: sec=0.00, result=[1, '', 0]
[rosmaster.master][INFO] 2026-04-23 10:59:55,076: -SUB [/ctrl/agent_8] /phy_simulator_planning_node http://ying-N8:40141/
[rosmaster.threadpool][ERROR] 2026-04-23 10:59:55,076: Traceback (most recent call last):
  File "/opt/ros/noetic/lib/python3/dist-packages/rosmaster/threadpool.py", line 218, in run
    result = cmd(*args)
  File "/opt/ros/noetic/lib/python3/dist-packages/rosmaster/master_api.py", line 210, in publisher_update_task
    ret = xmlrpcapi(api).publisherUpdate('/master', topic, pub_uris)
  File "/usr/lib/python3.8/xmlrpc/client.py", line 1109, in __call__
    return self.__send(self.__name, args)
  File "/usr/lib/python3.8/xmlrpc/client.py", line 1450, in __request
    response = self.__transport.request(
  File "/usr/lib/python3.8/xmlrpc/client.py", line 1153, in request
    return self.single_request(host, handler, request_body, verbose)
  File "/usr/lib/python3.8/xmlrpc/client.py", line 1169, in single_request
    return self.parse_response(resp)
  File "/usr/lib/python3.8/xmlrpc/client.py", line 1341, in parse_response
    return u.close()
  File "/usr/lib/python3.8/xmlrpc/client.py", line 655, in close
    raise Fault(**self._stack[0])
xmlrpc.client.Fault: <Fault -1: 'publisherUpdate: unknown method name'>

[rosmaster.master][INFO] 2026-04-23 10:59:55,076: publisherUpdate[/rosout] -> http://ying-N8:36403/ ['http://ying-N8:36715/', 'http://ying-N8:38363/', 'http://ying-N8:39791/', 'http://ying-N8:39177/']
[rosmaster.master][INFO] 2026-04-23 10:59:55,077: -PUB [/vis/agent_8/surrounding_lane_net_vis] /onlane_ai_agent_8 http://ying-N8:45221/
[rosmaster.master][INFO] 2026-04-23 10:59:55,077: -SUB [/ctrl/agent_7] /phy_simulator_planning_node http://ying-N8:40141/
[rosmaster.master][INFO] 2026-04-23 10:59:55,078: publisherUpdate[/rosout] -> http://ying-N8:36403/ ['http://ying-N8:36715/', 'http://ying-N8:38363/', 'http://ying-N8:39791/', 'http://ying-N8:39177/']: sec=0.00, result=[1, '', 0]
[rosmaster.master][INFO] 2026-04-23 10:59:55,078: -PUB [/vis/agent_8/local_lanes_vis] /onlane_ai_agent_8 http://ying-N8:45221/
[rosmaster.master][INFO] 2026-04-23 10:59:55,079: -SUB [/ctrl/agent_6] /phy_simulator_planning_node http://ying-N8:40141/
[rosmaster.master][INFO] 2026-04-23 10:59:55,079: -PUB [/vis/agent_8/ego_behavior_vis] /onlane_ai_agent_8 http://ying-N8:45221/
[rosmaster.master][INFO] 2026-04-23 10:59:55,080: -SUB [/ctrl/agent_5] /phy_simulator_planning_node http://ying-N8:40141/
[rosmaster.master][INFO] 2026-04-23 10:59:55,080: -PUB [/vis/agent_8/pred_traj_openloop_vis] /onlane_ai_agent_8 http://ying-N8:45221/
[rosmaster.master][INFO] 2026-04-23 10:59:55,081: -SUB [/ctrl/agent_4] /phy_simulator_planning_node http://ying-N8:40141/
[rosmaster.master][INFO] 2026-04-23 10:59:55,081: -PUB [/vis/agent_8/pred_initial_intention_vis] /onlane_ai_agent_8 http://ying-N8:45221/
[rosmaster.master][INFO] 2026-04-23 10:59:55,081: -SUB [/ctrl/agent_3] /phy_simulator_planning_node http://ying-N8:40141/
[rosmaster.master][INFO] 2026-04-23 10:59:55,082: -PUB [/vis/agent_8/surrounding_vehicle_vis] /onlane_ai_agent_8 http://ying-N8:45221/
[rosmaster.master][INFO] 2026-04-23 10:59:55,082: -SUB [/ctrl/agent_2] /phy_simulator_planning_node http://ying-N8:40141/
[rosmaster.master][INFO] 2026-04-23 10:59:55,083: -SUB [/ctrl/agent_1] /phy_simulator_planning_node http://ying-N8:40141/
[rosmaster.master][INFO] 2026-04-23 10:59:55,083: -PUB [/vis/agent_8/speed_limit] /onlane_ai_agent_8 http://ying-N8:45221/
[rosmaster.master][INFO] 2026-04-23 10:59:55,084: -SUB [/ctrl/agent_0] /phy_simulator_planning_node http://ying-N8:40141/
[rosmaster.master][INFO] 2026-04-23 10:59:55,084: -PUB [/vis/agent_8/forward_trajs] /onlane_ai_agent_8 http://ying-N8:45221/
[rosmaster.master][INFO] 2026-04-23 10:59:55,084: -SUB [/initialpose] /phy_simulator_planning_node http://ying-N8:40141/
[rosmaster.master][INFO] 2026-04-23 10:59:55,085: -SUB [/arena_info_static] /onlane_ai_agent_8 http://ying-N8:45221/
[rosmaster.master][INFO] 2026-04-23 10:59:55,085: -SUB [/move_base_simple/goal] /phy_simulator_planning_node http://ying-N8:40141/
[rosmaster.master][INFO] 2026-04-23 10:59:55,086: -SUB [/arena_info_dynamic] /onlane_ai_agent_8 http://ying-N8:45221/
[rosmaster.master][INFO] 2026-04-23 10:59:55,086: -SERVICE [/phy_simulator_planning_node/get_loggers] /phy_simulator_planning_node rosrpc://ying-N8:50649
[rosmaster.master][INFO] 2026-04-23 10:59:55,087: -SUB [/joy] /onlane_ai_agent_8 http://ying-N8:45221/
[rosmaster.master][INFO] 2026-04-23 10:59:55,087: -SERVICE [/phy_simulator_planning_node/set_logger_level] /phy_simulator_planning_node rosrpc://ying-N8:50649
[rosmaster.master][INFO] 2026-04-23 10:59:55,087: -SERVICE [/onlane_ai_agent_8/get_loggers] /onlane_ai_agent_8 rosrpc://ying-N8:59999
[rosmaster.master][INFO] 2026-04-23 10:59:55,088: -SERVICE [/onlane_ai_agent_8/set_logger_level] /onlane_ai_agent_8 rosrpc://ying-N8:59999
[rosmaster.master][INFO] 2026-04-23 10:59:55,158: -PUB [/rosout] /onlane_ai_agent_2 http://ying-N8:39791/
[rosmaster.master][INFO] 2026-04-23 10:59:55,158: -PUB [/ctrl/agent_2] /onlane_ai_agent_2 http://ying-N8:39791/
[rosmaster.master][INFO] 2026-04-23 10:59:55,158: -PUB [/rosout] /onlane_ai_agent_1 http://ying-N8:36715/
[rosmaster.master][INFO] 2026-04-23 10:59:55,159: -PUB [/tf] /onlane_ai_agent_2 http://ying-N8:39791/
[rosmaster.master][INFO] 2026-04-23 10:59:55,159: -PUB [/ctrl/agent_1] /onlane_ai_agent_1 http://ying-N8:36715/
[rosmaster.master][INFO] 2026-04-23 10:59:55,159: -PUB [/vis/agent_2/ego_vehicle_vis] /onlane_ai_agent_2 http://ying-N8:39791/
[rosmaster.master][INFO] 2026-04-23 10:59:55,160: -PUB [/tf] /onlane_ai_agent_1 http://ying-N8:36715/
[rosmaster.master][INFO] 2026-04-23 10:59:55,160: -PUB [/vis/agent_2/obstacle_map] /onlane_ai_agent_2 http://ying-N8:39791/
[rosmaster.master][INFO] 2026-04-23 10:59:55,161: -PUB [/vis/agent_1/ego_vehicle_vis] /onlane_ai_agent_1 http://ying-N8:36715/
[rosmaster.master][INFO] 2026-04-23 10:59:55,161: -PUB [/vis/agent_2/surrounding_lane_net_vis] /onlane_ai_agent_2 http://ying-N8:39791/
[rosmaster.master][INFO] 2026-04-23 10:59:55,161: -PUB [/vis/agent_1/obstacle_map] /onlane_ai_agent_1 http://ying-N8:36715/
[rosmaster.master][INFO] 2026-04-23 10:59:55,162: -PUB [/vis/agent_2/local_lanes_vis] /onlane_ai_agent_2 http://ying-N8:39791/
[rosmaster.master][INFO] 2026-04-23 10:59:55,162: -PUB [/vis/agent_1/surrounding_lane_net_vis] /onlane_ai_agent_1 http://ying-N8:36715/
[rosmaster.master][INFO] 2026-04-23 10:59:55,162: -PUB [/vis/agent_2/ego_behavior_vis] /onlane_ai_agent_2 http://ying-N8:39791/
[rosmaster.master][INFO] 2026-04-23 10:59:55,163: -PUB [/vis/agent_1/local_lanes_vis] /onlane_ai_agent_1 http://ying-N8:36715/
[rosmaster.master][INFO] 2026-04-23 10:59:55,163: -PUB [/vis/agent_2/pred_traj_openloop_vis] /onlane_ai_agent_2 http://ying-N8:39791/
[rosmaster.master][INFO] 2026-04-23 10:59:55,163: -PUB [/vis/agent_1/ego_behavior_vis] /onlane_ai_agent_1 http://ying-N8:36715/
[rosmaster.master][INFO] 2026-04-23 10:59:55,164: -PUB [/vis/agent_2/pred_initial_intention_vis] /onlane_ai_agent_2 http://ying-N8:39791/
[rosmaster.master][INFO] 2026-04-23 10:59:55,164: -PUB [/vis/agent_1/pred_traj_openloop_vis] /onlane_ai_agent_1 http://ying-N8:36715/
[rosmaster.master][INFO] 2026-04-23 10:59:55,164: -PUB [/vis/agent_2/surrounding_vehicle_vis] /onlane_ai_agent_2 http://ying-N8:39791/
[rosmaster.master][INFO] 2026-04-23 10:59:55,165: -PUB [/vis/agent_1/pred_initial_intention_vis] /onlane_ai_agent_1 http://ying-N8:36715/
[rosmaster.master][INFO] 2026-04-23 10:59:55,165: -PUB [/vis/agent_2/speed_limit] /onlane_ai_agent_2 http://ying-N8:39791/
[rosmaster.master][INFO] 2026-04-23 10:59:55,165: -PUB [/vis/agent_1/surrounding_vehicle_vis] /onlane_ai_agent_1 http://ying-N8:36715/
[rosmaster.master][INFO] 2026-04-23 10:59:55,165: -PUB [/vis/agent_2/forward_trajs] /onlane_ai_agent_2 http://ying-N8:39791/
[rosmaster.master][INFO] 2026-04-23 10:59:55,166: -PUB [/vis/agent_1/speed_limit] /onlane_ai_agent_1 http://ying-N8:36715/
[rosmaster.master][INFO] 2026-04-23 10:59:55,166: -PUB [/rosout] /test_ssc_with_mpdm_0 http://ying-N8:38363/
[rosmaster.master][INFO] 2026-04-23 10:59:55,167: -SUB [/arena_info_static] /onlane_ai_agent_2 http://ying-N8:39791/
[rosmaster.master][INFO] 2026-04-23 10:59:55,167: -PUB [/vis/agent_1/forward_trajs] /onlane_ai_agent_1 http://ying-N8:36715/
[rosmaster.master][INFO] 2026-04-23 10:59:55,168: -PUB [/tf] /test_ssc_with_mpdm_0 http://ying-N8:38363/
[rosmaster.master][INFO] 2026-04-23 10:59:55,168: -SUB [/arena_info_dynamic] /onlane_ai_agent_2 http://ying-N8:39791/
[rosmaster.master][INFO] 2026-04-23 10:59:55,168: -SUB [/arena_info_static] /onlane_ai_agent_1 http://ying-N8:36715/
[rosmaster.master][INFO] 2026-04-23 10:59:55,169: -PUB [/vis/agent_0/ego_vehicle_vis] /test_ssc_with_mpdm_0 http://ying-N8:38363/
[rosmaster.master][INFO] 2026-04-23 10:59:55,169: -SUB [/joy] /onlane_ai_agent_2 http://ying-N8:39791/
[rosmaster.master][INFO] 2026-04-23 10:59:55,169: -SUB [/arena_info_dynamic] /onlane_ai_agent_1 http://ying-N8:36715/
[rosmaster.master][INFO] 2026-04-23 10:59:55,170: -PUB [/vis/agent_0/obstacle_map] /test_ssc_with_mpdm_0 http://ying-N8:38363/
[rosmaster.master][INFO] 2026-04-23 10:59:55,170: -SERVICE [/onlane_ai_agent_2/get_loggers] /onlane_ai_agent_2 rosrpc://ying-N8:48739
[rosmaster.master][INFO] 2026-04-23 10:59:55,171: -PUB [/rosout] /onlane_ai_agent_7 http://ying-N8:39177/
[rosmaster.master][INFO] 2026-04-23 10:59:55,171: -SUB [/joy] /onlane_ai_agent_1 http://ying-N8:36715/
[rosmaster.master][INFO] 2026-04-23 10:59:55,171: -PUB [/vis/agent_0/surrounding_lane_net_vis] /test_ssc_with_mpdm_0 http://ying-N8:38363/
[rosmaster.master][INFO] 2026-04-23 10:59:55,172: -SERVICE [/onlane_ai_agent_2/set_logger_level] /onlane_ai_agent_2 rosrpc://ying-N8:48739
[rosmaster.master][INFO] 2026-04-23 10:59:55,172: -PUB [/ctrl/agent_7] /onlane_ai_agent_7 http://ying-N8:39177/
[rosmaster.master][INFO] 2026-04-23 10:59:55,172: -SERVICE [/onlane_ai_agent_1/get_loggers] /onlane_ai_agent_1 rosrpc://ying-N8:43733
[rosmaster.master][INFO] 2026-04-23 10:59:55,173: -PUB [/vis/agent_0/local_lanes_vis] /test_ssc_with_mpdm_0 http://ying-N8:38363/
[rosmaster.master][INFO] 2026-04-23 10:59:55,173: -PUB [/tf] /onlane_ai_agent_7 http://ying-N8:39177/
[rosmaster.master][INFO] 2026-04-23 10:59:55,173: -SERVICE [/onlane_ai_agent_1/set_logger_level] /onlane_ai_agent_1 rosrpc://ying-N8:43733
[rosmaster.master][INFO] 2026-04-23 10:59:55,174: -PUB [/vis/agent_0/ego_behavior_vis] /test_ssc_with_mpdm_0 http://ying-N8:38363/
[rosmaster.master][INFO] 2026-04-23 10:59:55,174: -PUB [/vis/agent_7/ego_vehicle_vis] /onlane_ai_agent_7 http://ying-N8:39177/
[rosmaster.master][INFO] 2026-04-23 10:59:55,174: -PUB [/vis/agent_0/pred_traj_openloop_vis] /test_ssc_with_mpdm_0 http://ying-N8:38363/
[rosmaster.master][INFO] 2026-04-23 10:59:55,175: -PUB [/vis/agent_7/obstacle_map] /onlane_ai_agent_7 http://ying-N8:39177/
[rosmaster.master][INFO] 2026-04-23 10:59:55,175: -PUB [/vis/agent_0/pred_initial_intention_vis] /test_ssc_with_mpdm_0 http://ying-N8:38363/
[rosmaster.master][INFO] 2026-04-23 10:59:55,176: publisherUpdate[/rosout] -> http://ying-N8:36403/ ['http://ying-N8:36715/', 'http://ying-N8:38363/', 'http://ying-N8:39177/']
[rosmaster.master][INFO] 2026-04-23 10:59:55,176: -PUB [/vis/agent_7/surrounding_lane_net_vis] /onlane_ai_agent_7 http://ying-N8:39177/
[rosmaster.master][INFO] 2026-04-23 10:59:55,176: -PUB [/vis/agent_0/surrounding_vehicle_vis] /test_ssc_with_mpdm_0 http://ying-N8:38363/
[rosmaster.master][INFO] 2026-04-23 10:59:55,177: -PUB [/vis/agent_7/local_lanes_vis] /onlane_ai_agent_7 http://ying-N8:39177/
[rosmaster.master][INFO] 2026-04-23 10:59:55,177: -PUB [/vis/agent_0/speed_limit] /test_ssc_with_mpdm_0 http://ying-N8:38363/
[rosmaster.master][INFO] 2026-04-23 10:59:55,177: publisherUpdate[/rosout] -> http://ying-N8:36403/ ['http://ying-N8:36715/', 'http://ying-N8:38363/', 'http://ying-N8:39177/']: sec=0.00, result=[1, '', 0]
[rosmaster.master][INFO] 2026-04-23 10:59:55,178: publisherUpdate[/rosout] -> http://ying-N8:36403/ ['http://ying-N8:38363/', 'http://ying-N8:39177/']
[rosmaster.master][INFO] 2026-04-23 10:59:55,178: -PUB [/vis/agent_7/ego_behavior_vis] /onlane_ai_agent_7 http://ying-N8:39177/
[rosmaster.master][INFO] 2026-04-23 10:59:55,178: -PUB [/vis/agent_0/ssc/map_vis] /test_ssc_with_mpdm_0 http://ying-N8:38363/
[rosmaster.master][INFO] 2026-04-23 10:59:55,179: publisherUpdate[/rosout] -> http://ying-N8:36403/ ['http://ying-N8:38363/', 'http://ying-N8:39177/']: sec=0.00, result=[1, '', 0]
[rosmaster.master][INFO] 2026-04-23 10:59:55,179: publisherUpdate[/rosout] -> http://ying-N8:36403/ ['http://ying-N8:39177/']
[rosmaster.master][INFO] 2026-04-23 10:59:55,179: -PUB [/vis/agent_7/pred_traj_openloop_vis] /onlane_ai_agent_7 http://ying-N8:39177/
[rosmaster.master][INFO] 2026-04-23 10:59:55,180: publisherUpdate[/rosout] -> http://ying-N8:36403/ ['http://ying-N8:39177/']: sec=0.00, result=[1, '', 0]
[rosmaster.master][INFO] 2026-04-23 10:59:55,180: publisherUpdate[/rosout] -> http://ying-N8:36403/ []
[rosmaster.master][INFO] 2026-04-23 10:59:55,180: -PUB [/vis/agent_0/ssc/qp_vis] /test_ssc_with_mpdm_0 http://ying-N8:38363/
[rosmaster.master][INFO] 2026-04-23 10:59:55,181: publisherUpdate[/rosout] -> http://ying-N8:36403/ []: sec=0.00, result=[1, '', 0]
[rosmaster.master][INFO] 2026-04-23 10:59:55,181: -PUB [/vis/agent_7/pred_initial_intention_vis] /onlane_ai_agent_7 http://ying-N8:39177/
[rosmaster.master][INFO] 2026-04-23 10:59:55,181: -PUB [/vis/agent_0/ssc/ego_fs_vis] /test_ssc_with_mpdm_0 http://ying-N8:38363/
[rosmaster.master][INFO] 2026-04-23 10:59:55,181: -PUB [/vis/agent_7/surrounding_vehicle_vis] /onlane_ai_agent_7 http://ying-N8:39177/
[rosmaster.master][INFO] 2026-04-23 10:59:55,182: -PUB [/vis/agent_0/ssc/forward_trajs_vis] /test_ssc_with_mpdm_0 http://ying-N8:38363/
[rosmaster.master][INFO] 2026-04-23 10:59:55,182: -PUB [/vis/agent_7/speed_limit] /onlane_ai_agent_7 http://ying-N8:39177/
[rosmaster.master][INFO] 2026-04-23 10:59:55,183: -PUB [/vis/agent_0/ssc/sur_vehicle_trajs_vis] /test_ssc_with_mpdm_0 http://ying-N8:38363/
[rosmaster.master][INFO] 2026-04-23 10:59:55,183: -PUB [/vis/agent_7/forward_trajs] /onlane_ai_agent_7 http://ying-N8:39177/
[rosmaster.master][INFO] 2026-04-23 10:59:55,183: -PUB [/vis/agent_0/ssc/corridor_vis] /test_ssc_with_mpdm_0 http://ying-N8:38363/
[rosmaster.master][INFO] 2026-04-23 10:59:55,184: -SUB [/arena_info_static] /onlane_ai_agent_7 http://ying-N8:39177/
[rosmaster.master][INFO] 2026-04-23 10:59:55,184: -PUB [/ctrl/agent_0] /test_ssc_with_mpdm_0 http://ying-N8:38363/
[rosmaster.master][INFO] 2026-04-23 10:59:55,184: -SUB [/arena_info_dynamic] /onlane_ai_agent_7 http://ying-N8:39177/
[rosmaster.master][INFO] 2026-04-23 10:59:55,185: -PUB [/test_ssc_with_mpdm_0/ssc_map] /test_ssc_with_mpdm_0 http://ying-N8:38363/
[rosmaster.master][INFO] 2026-04-23 10:59:55,185: -SUB [/joy] /onlane_ai_agent_7 http://ying-N8:39177/
[rosmaster.master][INFO] 2026-04-23 10:59:55,185: -PUB [/vis/agent_0/ssc/exec_traj] /test_ssc_with_mpdm_0 http://ying-N8:38363/
[rosmaster.master][INFO] 2026-04-23 10:59:55,186: -SERVICE [/onlane_ai_agent_7/get_loggers] /onlane_ai_agent_7 rosrpc://ying-N8:42177
[rosmaster.master][INFO] 2026-04-23 10:59:55,186: -PUB [/vis/agent_0/forward_trajs] /test_ssc_with_mpdm_0 http://ying-N8:38363/
[rosmaster.master][INFO] 2026-04-23 10:59:55,186: -SERVICE [/onlane_ai_agent_7/set_logger_level] /onlane_ai_agent_7 rosrpc://ying-N8:42177
[rosmaster.master][INFO] 2026-04-23 10:59:55,187: -SUB [/joy] /test_ssc_with_mpdm_0 http://ying-N8:38363/
[rosmaster.master][INFO] 2026-04-23 10:59:55,187: -SUB [/arena_info_static] /test_ssc_with_mpdm_0 http://ying-N8:38363/
[rosmaster.master][INFO] 2026-04-23 10:59:55,187: -SUB [/arena_info_dynamic] /test_ssc_with_mpdm_0 http://ying-N8:38363/
[rosmaster.master][INFO] 2026-04-23 10:59:55,188: -SERVICE [/test_ssc_with_mpdm_0/get_loggers] /test_ssc_with_mpdm_0 rosrpc://ying-N8:53553
[rosmaster.master][INFO] 2026-04-23 10:59:55,188: -SERVICE [/test_ssc_with_mpdm_0/set_logger_level] /test_ssc_with_mpdm_0 rosrpc://ying-N8:53553
[rosmaster.master][INFO] 2026-04-23 10:59:55,481: -PUB [/rosout_agg] /rosout http://ying-N8:36403/
[rosmaster.master][INFO] 2026-04-23 10:59:55,482: -SUB [/rosout] /rosout http://ying-N8:36403/
[rosmaster.master][INFO] 2026-04-23 10:59:55,482: -SERVICE [/rosout/get_loggers] /rosout rosrpc://ying-N8:50727
[rosmaster.master][INFO] 2026-04-23 10:59:55,483: -SERVICE [/rosout/set_logger_level] /rosout rosrpc://ying-N8:50727
[rosmaster.main][INFO] 2026-04-23 10:59:55,499: keyboard interrupt, will exit
[rosmaster.main][INFO] 2026-04-23 10:59:55,499: stopping master...
[rospy.core][INFO] 2026-04-23 10:59:55,499: signal_shutdown [atexit]
