[rosmaster.main][INFO] 2026-05-06 16:18:29,748: initialization complete, waiting for shutdown
[rosmaster.main][INFO] 2026-05-06 16:18:29,748: Starting ROS Master Node
[xmlrpc][INFO] 2026-05-06 16:18:29,752: XML-RPC server binding to 0.0.0.0:11311
[xmlrpc][INFO] 2026-05-06 16:18:29,752: Started XML-RPC server [http://y:11311/]
[xmlrpc][INFO] 2026-05-06 16:18:29,752: xml rpc node: starting XML-RPC server
[rosmaster.master][INFO] 2026-05-06 16:18:29,752: Master initialized: port[11311], uri[http://y:11311/]
[rosmaster.master][INFO] 2026-05-06 16:18:29,776: +PARAM [/run_id] by /roslaunch
[rosmaster.master][INFO] 2026-05-06 16:18:29,776: +PARAM [/roslaunch/uris/host_y__38153] by /roslaunch
[rosmaster.master][INFO] 2026-05-06 16:18:29,796: +PARAM [/rosversion] by /roslaunch
[rosmaster.master][INFO] 2026-05-06 16:18:29,796: +PARAM [/rosdistro] by /roslaunch
[rosmaster.master][INFO] 2026-05-06 16:18:29,796: +PARAM [/test_ssc_with_eudm_0/ego_id] by /roslaunch
[rosmaster.master][INFO] 2026-05-06 16:18:29,796: +PARAM [/test_ssc_with_eudm_0/agent_config_path] by /roslaunch
[rosmaster.master][INFO] 2026-05-06 16:18:29,796: +PARAM [/test_ssc_with_eudm_0/bp_config_path] by /roslaunch
[rosmaster.master][INFO] 2026-05-06 16:18:29,796: +PARAM [/test_ssc_with_eudm_0/ssc_config_path] by /roslaunch
[rosmaster.master][INFO] 2026-05-06 16:18:29,796: +PARAM [/test_ssc_with_eudm_0/desired_vel] by /roslaunch
[rosmaster.master][INFO] 2026-05-06 16:18:29,796: +PARAM [/test_ssc_with_eudm_0/use_sim_state] by /roslaunch
[rosmaster.master][INFO] 2026-05-06 16:18:29,796: +PARAM [/onlane_ai_agent_1/ego_id] by /roslaunch
[rosmaster.master][INFO] 2026-05-06 16:18:29,796: +PARAM [/onlane_ai_agent_1/agent_config_path] by /roslaunch
[rosmaster.master][INFO] 2026-05-06 16:18:29,796: +PARAM [/onlane_ai_agent_1/desired_vel] by /roslaunch
[rosmaster.master][INFO] 2026-05-06 16:18:29,796: +PARAM [/onlane_ai_agent_1/autonomous_level] by /roslaunch
[rosmaster.master][INFO] 2026-05-06 16:18:29,796: +PARAM [/onlane_ai_agent_1/aggressiveness_level] by /roslaunch
[rosmaster.master][INFO] 2026-05-06 16:18:29,796: +PARAM [/onlane_ai_agent_2/ego_id] by /roslaunch
[rosmaster.master][INFO] 2026-05-06 16:18:29,796: +PARAM [/onlane_ai_agent_2/agent_config_path] by /roslaunch
[rosmaster.master][INFO] 2026-05-06 16:18:29,796: +PARAM [/onlane_ai_agent_2/desired_vel] by /roslaunch
[rosmaster.master][INFO] 2026-05-06 16:18:29,796: +PARAM [/onlane_ai_agent_2/autonomous_level] by /roslaunch
[rosmaster.master][INFO] 2026-05-06 16:18:29,796: +PARAM [/onlane_ai_agent_2/aggressiveness_level] by /roslaunch
[rosmaster.master][INFO] 2026-05-06 16:18:29,796: +PARAM [/onlane_ai_agent_3/ego_id] by /roslaunch
[rosmaster.master][INFO] 2026-05-06 16:18:29,796: +PARAM [/onlane_ai_agent_3/agent_config_path] by /roslaunch
[rosmaster.master][INFO] 2026-05-06 16:18:29,797: +PARAM [/onlane_ai_agent_3/desired_vel] by /roslaunch
[rosmaster.master][INFO] 2026-05-06 16:18:29,797: +PARAM [/onlane_ai_agent_3/autonomous_level] by /roslaunch
[rosmaster.master][INFO] 2026-05-06 16:18:29,797: +PARAM [/onlane_ai_agent_3/aggressiveness_level] by /roslaunch
[rosmaster.master][INFO] 2026-05-06 16:18:29,797: +PARAM [/onlane_ai_agent_4/ego_id] by /roslaunch
[rosmaster.master][INFO] 2026-05-06 16:18:29,797: +PARAM [/onlane_ai_agent_4/agent_config_path] by /roslaunch
[rosmaster.master][INFO] 2026-05-06 16:18:29,797: +PARAM [/onlane_ai_agent_4/desired_vel] by /roslaunch
[rosmaster.master][INFO] 2026-05-06 16:18:29,797: +PARAM [/onlane_ai_agent_4/autonomous_level] by /roslaunch
[rosmaster.master][INFO] 2026-05-06 16:18:29,797: +PARAM [/onlane_ai_agent_4/aggressiveness_level] by /roslaunch
[rosmaster.master][INFO] 2026-05-06 16:18:29,797: +PARAM [/onlane_ai_agent_5/ego_id] by /roslaunch
[rosmaster.master][INFO] 2026-05-06 16:18:29,797: +PARAM [/onlane_ai_agent_5/agent_config_path] by /roslaunch
[rosmaster.master][INFO] 2026-05-06 16:18:29,797: +PARAM [/onlane_ai_agent_5/desired_vel] by /roslaunch
[rosmaster.master][INFO] 2026-05-06 16:18:29,797: +PARAM [/onlane_ai_agent_5/autonomous_level] by /roslaunch
[rosmaster.master][INFO] 2026-05-06 16:18:29,797: +PARAM [/onlane_ai_agent_5/aggressiveness_level] by /roslaunch
[rosmaster.master][INFO] 2026-05-06 16:18:29,797: +PARAM [/onlane_ai_agent_6/ego_id] by /roslaunch
[rosmaster.master][INFO] 2026-05-06 16:18:29,797: +PARAM [/onlane_ai_agent_6/agent_config_path] by /roslaunch
[rosmaster.master][INFO] 2026-05-06 16:18:29,797: +PARAM [/onlane_ai_agent_6/desired_vel] by /roslaunch
[rosmaster.master][INFO] 2026-05-06 16:18:29,797: +PARAM [/onlane_ai_agent_6/autonomous_level] by /roslaunch
[rosmaster.master][INFO] 2026-05-06 16:18:29,797: +PARAM [/onlane_ai_agent_6/aggressiveness_level] by /roslaunch
[rosmaster.master][INFO] 2026-05-06 16:18:29,797: +PARAM [/onlane_ai_agent_7/ego_id] by /roslaunch
[rosmaster.master][INFO] 2026-05-06 16:18:29,797: +PARAM [/onlane_ai_agent_7/agent_config_path] by /roslaunch
[rosmaster.master][INFO] 2026-05-06 16:18:29,797: +PARAM [/onlane_ai_agent_7/desired_vel] by /roslaunch
[rosmaster.master][INFO] 2026-05-06 16:18:29,797: +PARAM [/onlane_ai_agent_7/autonomous_level] by /roslaunch
[rosmaster.master][INFO] 2026-05-06 16:18:29,797: +PARAM [/onlane_ai_agent_7/aggressiveness_level] by /roslaunch
[rosmaster.master][INFO] 2026-05-06 16:18:29,797: +PARAM [/onlane_ai_agent_8/ego_id] by /roslaunch
[rosmaster.master][INFO] 2026-05-06 16:18:29,797: +PARAM [/onlane_ai_agent_8/agent_config_path] by /roslaunch
[rosmaster.master][INFO] 2026-05-06 16:18:29,797: +PARAM [/onlane_ai_agent_8/desired_vel] by /roslaunch
[rosmaster.master][INFO] 2026-05-06 16:18:29,797: +PARAM [/onlane_ai_agent_8/autonomous_level] by /roslaunch
[rosmaster.master][INFO] 2026-05-06 16:18:29,797: +PARAM [/onlane_ai_agent_8/aggressiveness_level] by /roslaunch
[rosmaster.master][INFO] 2026-05-06 16:18:29,797: +PARAM [/onlane_ai_agent_9/ego_id] by /roslaunch
[rosmaster.master][INFO] 2026-05-06 16:18:29,797: +PARAM [/onlane_ai_agent_9/agent_config_path] by /roslaunch
[rosmaster.master][INFO] 2026-05-06 16:18:29,797: +PARAM [/onlane_ai_agent_9/desired_vel] by /roslaunch
[rosmaster.master][INFO] 2026-05-06 16:18:29,797: +PARAM [/onlane_ai_agent_9/autonomous_level] by /roslaunch
[rosmaster.master][INFO] 2026-05-06 16:18:29,797: +PARAM [/onlane_ai_agent_9/aggressiveness_level] by /roslaunch
[rosmaster.master][INFO] 2026-05-06 16:18:29,797: +PARAM [/onlane_ai_agent_10/ego_id] by /roslaunch
[rosmaster.master][INFO] 2026-05-06 16:18:29,798: +PARAM [/onlane_ai_agent_10/agent_config_path] by /roslaunch
[rosmaster.master][INFO] 2026-05-06 16:18:29,798: +PARAM [/onlane_ai_agent_10/desired_vel] by /roslaunch
[rosmaster.master][INFO] 2026-05-06 16:18:29,798: +PARAM [/onlane_ai_agent_10/autonomous_level] by /roslaunch
[rosmaster.master][INFO] 2026-05-06 16:18:29,798: +PARAM [/onlane_ai_agent_10/aggressiveness_level] by /roslaunch
[rosmaster.master][INFO] 2026-05-06 16:18:29,798: +PARAM [/phy_simulator_planning_node/vehicle_info_path] by /roslaunch
[rosmaster.master][INFO] 2026-05-06 16:18:29,798: +PARAM [/phy_simulator_planning_node/map_path] by /roslaunch
[rosmaster.master][INFO] 2026-05-06 16:18:29,798: +PARAM [/phy_simulator_planning_node/lane_net_path] by /roslaunch
[rosmaster.master][INFO] 2026-05-06 16:18:29,799: +SERVICE [/rosout/get_loggers] /rosout http://y:41937/
[rosmaster.master][INFO] 2026-05-06 16:18:29,799: +SERVICE [/rosout/set_logger_level] /rosout http://y:41937/
[rosmaster.master][INFO] 2026-05-06 16:18:29,800: +PUB [/rosout_agg] /rosout http://y:41937/
[rosmaster.master][INFO] 2026-05-06 16:18:29,801: +SUB [/rosout] /rosout http://y:41937/
[rosmaster.master][INFO] 2026-05-06 16:18:29,829: +PUB [/rosout] /onlane_ai_agent_1 http://y:37815/
[rosmaster.master][INFO] 2026-05-06 16:18:29,830: +SERVICE [/onlane_ai_agent_1/get_loggers] /onlane_ai_agent_1 http://y:37815/
[rosmaster.master][INFO] 2026-05-06 16:18:29,830: +PUB [/rosout] /onlane_ai_agent_2 http://y:37023/
[rosmaster.master][INFO] 2026-05-06 16:18:29,830: +SERVICE [/onlane_ai_agent_1/set_logger_level] /onlane_ai_agent_1 http://y:37815/
[rosmaster.master][INFO] 2026-05-06 16:18:29,831: +PUB [/ctrl/agent_1] /onlane_ai_agent_1 http://y:37815/
[rosmaster.master][INFO] 2026-05-06 16:18:29,831: +SERVICE [/onlane_ai_agent_2/get_loggers] /onlane_ai_agent_2 http://y:37023/
[rosmaster.master][INFO] 2026-05-06 16:18:29,832: +PUB [/rosout] /test_ssc_with_eudm_0 http://y:43005/
[rosmaster.master][INFO] 2026-05-06 16:18:29,833: +PUB [/tf] /onlane_ai_agent_1 http://y:37815/
[rosmaster.master][INFO] 2026-05-06 16:18:29,833: +PUB [/rosout] /onlane_ai_agent_3 http://y:34155/
[rosmaster.master][INFO] 2026-05-06 16:18:29,833: +PUB [/vis/agent_1/ego_vehicle_vis] /onlane_ai_agent_1 http://y:37815/
[rosmaster.master][INFO] 2026-05-06 16:18:29,835: +PUB [/vis/agent_1/obstacle_map] /onlane_ai_agent_1 http://y:37815/
[rosmaster.master][INFO] 2026-05-06 16:18:29,835: +SERVICE [/onlane_ai_agent_3/get_loggers] /onlane_ai_agent_3 http://y:34155/
[rosmaster.master][INFO] 2026-05-06 16:18:29,836: +PUB [/vis/agent_1/surrounding_lane_net_vis] /onlane_ai_agent_1 http://y:37815/
[rosmaster.master][INFO] 2026-05-06 16:18:29,836: +PUB [/vis/agent_1/local_lanes_vis] /onlane_ai_agent_1 http://y:37815/
[rosmaster.master][INFO] 2026-05-06 16:18:29,837: +SERVICE [/onlane_ai_agent_3/set_logger_level] /onlane_ai_agent_3 http://y:34155/
[rosmaster.master][INFO] 2026-05-06 16:18:29,837: +PUB [/vis/agent_1/ego_behavior_vis] /onlane_ai_agent_1 http://y:37815/
[rosmaster.master][INFO] 2026-05-06 16:18:29,837: +PUB [/vis/agent_1/pred_traj_openloop_vis] /onlane_ai_agent_1 http://y:37815/
[rosmaster.master][INFO] 2026-05-06 16:18:29,838: +PUB [/vis/agent_1/pred_initial_intention_vis] /onlane_ai_agent_1 http://y:37815/
[rosmaster.master][INFO] 2026-05-06 16:18:29,838: +PUB [/vis/agent_1/surrounding_vehicle_vis] /onlane_ai_agent_1 http://y:37815/
[rosmaster.master][INFO] 2026-05-06 16:18:29,838: +PUB [/ctrl/agent_3] /onlane_ai_agent_3 http://y:34155/
[rosmaster.master][INFO] 2026-05-06 16:18:29,838: +PUB [/vis/agent_1/speed_limit] /onlane_ai_agent_1 http://y:37815/
[rosmaster.master][INFO] 2026-05-06 16:18:29,840: +SUB [/arena_info_static] /onlane_ai_agent_1 http://y:37815/
[rosmaster.master][INFO] 2026-05-06 16:18:29,841: +PUB [/tf] /onlane_ai_agent_3 http://y:34155/
[rosmaster.master][INFO] 2026-05-06 16:18:29,841: +PUB [/rosout] /onlane_ai_agent_5 http://y:45281/
[rosmaster.master][INFO] 2026-05-06 16:18:29,842: +PUB [/vis/agent_3/ego_vehicle_vis] /onlane_ai_agent_3 http://y:34155/
[rosmaster.master][INFO] 2026-05-06 16:18:29,842: +SERVICE [/onlane_ai_agent_5/get_loggers] /onlane_ai_agent_5 http://y:45281/
[rosmaster.master][INFO] 2026-05-06 16:18:29,843: +PUB [/vis/agent_3/obstacle_map] /onlane_ai_agent_3 http://y:34155/
[rosmaster.master][INFO] 2026-05-06 16:18:29,844: +SUB [/arena_info_dynamic] /onlane_ai_agent_1 http://y:37815/
[rosmaster.master][INFO] 2026-05-06 16:18:29,845: +SERVICE [/onlane_ai_agent_5/set_logger_level] /onlane_ai_agent_5 http://y:45281/
[rosmaster.master][INFO] 2026-05-06 16:18:29,845: +PUB [/vis/agent_3/surrounding_lane_net_vis] /onlane_ai_agent_3 http://y:34155/
[rosmaster.master][INFO] 2026-05-06 16:18:29,845: +SERVICE [/onlane_ai_agent_2/set_logger_level] /onlane_ai_agent_2 http://y:37023/
[rosmaster.master][INFO] 2026-05-06 16:18:29,846: +PUB [/vis/agent_3/local_lanes_vis] /onlane_ai_agent_3 http://y:34155/
[rosmaster.master][INFO] 2026-05-06 16:18:29,846: +PUB [/vis/agent_3/ego_behavior_vis] /onlane_ai_agent_3 http://y:34155/
[rosmaster.master][INFO] 2026-05-06 16:18:29,847: +PUB [/vis/agent_3/pred_traj_openloop_vis] /onlane_ai_agent_3 http://y:34155/
[rosmaster.master][INFO] 2026-05-06 16:18:29,849: +PUB [/ctrl/agent_5] /onlane_ai_agent_5 http://y:45281/
[rosmaster.master][INFO] 2026-05-06 16:18:29,849: +SUB [/joy] /onlane_ai_agent_1 http://y:37815/
[rosmaster.master][INFO] 2026-05-06 16:18:29,849: +PUB [/vis/agent_3/pred_initial_intention_vis] /onlane_ai_agent_3 http://y:34155/
[rosmaster.master][INFO] 2026-05-06 16:18:29,850: +PUB [/rosout] /onlane_ai_agent_6 http://y:37577/
[rosmaster.master][INFO] 2026-05-06 16:18:29,853: publisherUpdate[/rosout] -> http://y:41937/ ['http://y:37815/']
[rosmaster.master][INFO] 2026-05-06 16:18:29,853: +PUB [/rosout] /onlane_ai_agent_4 http://y:44453/
[rosmaster.master][INFO] 2026-05-06 16:18:29,854: +PUB [/vis/agent_1/forward_trajs] /onlane_ai_agent_1 http://y:37815/
[rosmaster.master][INFO] 2026-05-06 16:18:29,855: +PUB [/vis/agent_3/surrounding_vehicle_vis] /onlane_ai_agent_3 http://y:34155/
[rosmaster.master][INFO] 2026-05-06 16:18:29,855: +SERVICE [/test_ssc_with_eudm_0/get_loggers] /test_ssc_with_eudm_0 http://y:43005/
[rosmaster.master][INFO] 2026-05-06 16:18:29,856: +PUB [/tf] /onlane_ai_agent_5 http://y:45281/
[rosmaster.master][INFO] 2026-05-06 16:18:29,856: +SERVICE [/onlane_ai_agent_6/get_loggers] /onlane_ai_agent_6 http://y:37577/
[rosmaster.master][INFO] 2026-05-06 16:18:29,856: +PUB [/rosout] /onlane_ai_agent_8 http://y:42429/
[rosmaster.master][INFO] 2026-05-06 16:18:29,856: +PUB [/vis/agent_3/speed_limit] /onlane_ai_agent_3 http://y:34155/
[rosmaster.master][INFO] 2026-05-06 16:18:29,856: +SERVICE [/onlane_ai_agent_8/get_loggers] /onlane_ai_agent_8 http://y:42429/
[rosmaster.master][INFO] 2026-05-06 16:18:29,857: +PUB [/vis/agent_5/ego_vehicle_vis] /onlane_ai_agent_5 http://y:45281/
[rosmaster.master][INFO] 2026-05-06 16:18:29,858: +PUB [/vis/agent_5/obstacle_map] /onlane_ai_agent_5 http://y:45281/
[rosmaster.master][INFO] 2026-05-06 16:18:29,859: +PUB [/vis/agent_5/surrounding_lane_net_vis] /onlane_ai_agent_5 http://y:45281/
[rosmaster.master][INFO] 2026-05-06 16:18:29,859: +PUB [/vis/agent_5/local_lanes_vis] /onlane_ai_agent_5 http://y:45281/
[rosmaster.master][INFO] 2026-05-06 16:18:29,860: +SUB [/arena_info_static] /onlane_ai_agent_3 http://y:34155/
[rosmaster.master][INFO] 2026-05-06 16:18:29,860: +PUB [/vis/agent_5/ego_behavior_vis] /onlane_ai_agent_5 http://y:45281/
[rosmaster.master][INFO] 2026-05-06 16:18:29,860: +SERVICE [/onlane_ai_agent_8/set_logger_level] /onlane_ai_agent_8 http://y:42429/
[rosmaster.master][INFO] 2026-05-06 16:18:29,861: publisherUpdate[/rosout] -> http://y:41937/ ['http://y:37815/']: sec=0.01, result=[1, '', 0]
[rosmaster.master][INFO] 2026-05-06 16:18:29,861: publisherUpdate[/rosout] -> http://y:41937/ ['http://y:37815/', 'http://y:37023/']
[rosmaster.master][INFO] 2026-05-06 16:18:29,861: +PUB [/vis/agent_5/pred_traj_openloop_vis] /onlane_ai_agent_5 http://y:45281/
[rosmaster.master][INFO] 2026-05-06 16:18:29,861: +SERVICE [/onlane_ai_agent_4/get_loggers] /onlane_ai_agent_4 http://y:44453/
[rosmaster.master][INFO] 2026-05-06 16:18:29,862: +PUB [/vis/agent_5/pred_initial_intention_vis] /onlane_ai_agent_5 http://y:45281/
[rosmaster.master][INFO] 2026-05-06 16:18:29,862: publisherUpdate[/rosout] -> http://y:41937/ ['http://y:37815/', 'http://y:37023/']: sec=0.00, result=[1, '', 0]
[rosmaster.master][INFO] 2026-05-06 16:18:29,862: publisherUpdate[/rosout] -> http://y:41937/ ['http://y:37815/', 'http://y:37023/', 'http://y:43005/']
[rosmaster.master][INFO] 2026-05-06 16:18:29,863: +PUB [/vis/agent_5/surrounding_vehicle_vis] /onlane_ai_agent_5 http://y:45281/
[rosmaster.master][INFO] 2026-05-06 16:18:29,863: +PUB [/ctrl/agent_8] /onlane_ai_agent_8 http://y:42429/
[rosmaster.master][INFO] 2026-05-06 16:18:29,863: +PUB [/vis/agent_5/speed_limit] /onlane_ai_agent_5 http://y:45281/
[rosmaster.master][INFO] 2026-05-06 16:18:29,863: publisherUpdate[/rosout] -> http://y:41937/ ['http://y:37815/', 'http://y:37023/', 'http://y:43005/']: sec=0.00, result=[1, '', 0]
[rosmaster.master][INFO] 2026-05-06 16:18:29,863: publisherUpdate[/rosout] -> http://y:41937/ ['http://y:37815/', 'http://y:37023/', 'http://y:43005/', 'http://y:34155/']
[rosmaster.master][INFO] 2026-05-06 16:18:29,864: +SERVICE [/onlane_ai_agent_4/set_logger_level] /onlane_ai_agent_4 http://y:44453/
[rosmaster.master][INFO] 2026-05-06 16:18:29,865: publisherUpdate[/rosout] -> http://y:41937/ ['http://y:37815/', 'http://y:37023/', 'http://y:43005/', 'http://y:34155/']: sec=0.00, result=[1, '', 0]
[rosmaster.master][INFO] 2026-05-06 16:18:29,865: publisherUpdate[/rosout] -> http://y:41937/ ['http://y:37815/', 'http://y:37023/', 'http://y:43005/', 'http://y:34155/', 'http://y:45281/']
[rosmaster.master][INFO] 2026-05-06 16:18:29,868: +PUB [/rosout] /onlane_ai_agent_7 http://y:45223/
[rosmaster.master][INFO] 2026-05-06 16:18:29,869: +PUB [/rosout] /onlane_ai_agent_9 http://y:43467/
[rosmaster.master][INFO] 2026-05-06 16:18:29,869: +PUB [/ctrl/agent_4] /onlane_ai_agent_4 http://y:44453/
[rosmaster.master][INFO] 2026-05-06 16:18:29,869: +SERVICE [/onlane_ai_agent_7/get_loggers] /onlane_ai_agent_7 http://y:45223/
[rosmaster.master][INFO] 2026-05-06 16:18:29,870: publisherUpdate[/rosout] -> http://y:41937/ ['http://y:37815/', 'http://y:37023/', 'http://y:43005/', 'http://y:34155/', 'http://y:45281/']: sec=0.00, result=[1, '', 0]
[rosmaster.master][INFO] 2026-05-06 16:18:29,871: +SUB [/arena_info_dynamic] /onlane_ai_agent_3 http://y:34155/
[rosmaster.master][INFO] 2026-05-06 16:18:29,871: publisherUpdate[/rosout] -> http://y:41937/ ['http://y:37815/', 'http://y:37023/', 'http://y:43005/', 'http://y:34155/', 'http://y:45281/', 'http://y:37577/']
[rosmaster.master][INFO] 2026-05-06 16:18:29,872: +SERVICE [/onlane_ai_agent_6/set_logger_level] /onlane_ai_agent_6 http://y:37577/
[rosmaster.master][INFO] 2026-05-06 16:18:29,875: +SERVICE [/onlane_ai_agent_7/set_logger_level] /onlane_ai_agent_7 http://y:45223/
[rosmaster.master][INFO] 2026-05-06 16:18:29,875: +SUB [/arena_info_static] /onlane_ai_agent_5 http://y:45281/
[rosmaster.master][INFO] 2026-05-06 16:18:29,872: publisherUpdate[/rosout] -> http://y:41937/ ['http://y:37815/', 'http://y:37023/', 'http://y:43005/', 'http://y:34155/', 'http://y:45281/', 'http://y:37577/']: sec=0.00, result=[1, '', 0]
[rosmaster.master][INFO] 2026-05-06 16:18:29,875: +PUB [/tf] /onlane_ai_agent_8 http://y:42429/
[rosmaster.master][INFO] 2026-05-06 16:18:29,875: publisherUpdate[/rosout] -> http://y:41937/ ['http://y:37815/', 'http://y:37023/', 'http://y:43005/', 'http://y:34155/', 'http://y:45281/', 'http://y:37577/', 'http://y:44453/']
[rosmaster.master][INFO] 2026-05-06 16:18:29,877: +PUB [/tf] /onlane_ai_agent_4 http://y:44453/
[rosmaster.master][INFO] 2026-05-06 16:18:29,878: publisherUpdate[/rosout] -> http://y:41937/ ['http://y:37815/', 'http://y:37023/', 'http://y:43005/', 'http://y:34155/', 'http://y:45281/', 'http://y:37577/', 'http://y:44453/']: sec=0.00, result=[1, '', 0]
[rosmaster.master][INFO] 2026-05-06 16:18:29,879: publisherUpdate[/rosout] -> http://y:41937/ ['http://y:37815/', 'http://y:37023/', 'http://y:43005/', 'http://y:34155/', 'http://y:45281/', 'http://y:37577/', 'http://y:44453/', 'http://y:42429/']
[rosmaster.master][INFO] 2026-05-06 16:18:29,879: +SERVICE [/onlane_ai_agent_9/get_loggers] /onlane_ai_agent_9 http://y:43467/
[rosmaster.master][INFO] 2026-05-06 16:18:29,880: +PUB [/vis/agent_8/ego_vehicle_vis] /onlane_ai_agent_8 http://y:42429/
[rosmaster.master][INFO] 2026-05-06 16:18:29,880: +SERVICE [/test_ssc_with_eudm_0/set_logger_level] /test_ssc_with_eudm_0 http://y:43005/
[rosmaster.master][INFO] 2026-05-06 16:18:29,880: +PUB [/vis/agent_8/obstacle_map] /onlane_ai_agent_8 http://y:42429/
[rosmaster.master][INFO] 2026-05-06 16:18:29,880: publisherUpdate[/rosout] -> http://y:41937/ ['http://y:37815/', 'http://y:37023/', 'http://y:43005/', 'http://y:34155/', 'http://y:45281/', 'http://y:37577/', 'http://y:44453/', 'http://y:42429/']: sec=0.00, result=[1, '', 0]
[rosmaster.master][INFO] 2026-05-06 16:18:29,881: publisherUpdate[/rosout] -> http://y:41937/ ['http://y:37815/', 'http://y:37023/', 'http://y:43005/', 'http://y:34155/', 'http://y:45281/', 'http://y:37577/', 'http://y:44453/', 'http://y:42429/', 'http://y:45223/']
[rosmaster.master][INFO] 2026-05-06 16:18:29,881: +SUB [/joy] /onlane_ai_agent_3 http://y:34155/
[rosmaster.master][INFO] 2026-05-06 16:18:29,881: +PUB [/vis/agent_4/ego_vehicle_vis] /onlane_ai_agent_4 http://y:44453/
[rosmaster.master][INFO] 2026-05-06 16:18:29,882: publisherUpdate[/rosout] -> http://y:41937/ ['http://y:37815/', 'http://y:37023/', 'http://y:43005/', 'http://y:34155/', 'http://y:45281/', 'http://y:37577/', 'http://y:44453/', 'http://y:42429/', 'http://y:45223/']: sec=0.00, result=[1, '', 0]
[rosmaster.master][INFO] 2026-05-06 16:18:29,882: publisherUpdate[/rosout] -> http://y:41937/ ['http://y:37815/', 'http://y:37023/', 'http://y:43005/', 'http://y:34155/', 'http://y:45281/', 'http://y:37577/', 'http://y:44453/', 'http://y:42429/', 'http://y:45223/', 'http://y:43467/']
[rosmaster.master][INFO] 2026-05-06 16:18:29,882: +PUB [/ctrl/agent_7] /onlane_ai_agent_7 http://y:45223/
[rosmaster.master][INFO] 2026-05-06 16:18:29,882: +PUB [/ctrl/agent_6] /onlane_ai_agent_6 http://y:37577/
[rosmaster.master][INFO] 2026-05-06 16:18:29,882: +PUB [/vis/agent_8/surrounding_lane_net_vis] /onlane_ai_agent_8 http://y:42429/
[rosmaster.master][INFO] 2026-05-06 16:18:29,882: +SUB [/arena_info_dynamic] /onlane_ai_agent_5 http://y:45281/
[rosmaster.master][INFO] 2026-05-06 16:18:29,883: +PUB [/vis/agent_4/obstacle_map] /onlane_ai_agent_4 http://y:44453/
[rosmaster.master][INFO] 2026-05-06 16:18:29,883: +PUB [/vis/agent_8/local_lanes_vis] /onlane_ai_agent_8 http://y:42429/
[rosmaster.master][INFO] 2026-05-06 16:18:29,883: +PUB [/vis/agent_3/forward_trajs] /onlane_ai_agent_3 http://y:34155/
[rosmaster.master][INFO] 2026-05-06 16:18:29,883: publisherUpdate[/rosout] -> http://y:41937/ ['http://y:37815/', 'http://y:37023/', 'http://y:43005/', 'http://y:34155/', 'http://y:45281/', 'http://y:37577/', 'http://y:44453/', 'http://y:42429/', 'http://y:45223/', 'http://y:43467/']: sec=0.00, result=[1, '', 0]
[rosmaster.master][INFO] 2026-05-06 16:18:29,884: +PUB [/vis/agent_4/surrounding_lane_net_vis] /onlane_ai_agent_4 http://y:44453/
[rosmaster.master][INFO] 2026-05-06 16:18:29,884: +PUB [/vis/agent_8/ego_behavior_vis] /onlane_ai_agent_8 http://y:42429/
[rosmaster.master][INFO] 2026-05-06 16:18:29,886: +PUB [/vis/agent_4/local_lanes_vis] /onlane_ai_agent_4 http://y:44453/
[rosmaster.master][INFO] 2026-05-06 16:18:29,887: +PUB [/vis/agent_8/pred_traj_openloop_vis] /onlane_ai_agent_8 http://y:42429/
[rosmaster.master][INFO] 2026-05-06 16:18:29,888: +PUB [/vis/agent_4/ego_behavior_vis] /onlane_ai_agent_4 http://y:44453/
[rosmaster.master][INFO] 2026-05-06 16:18:29,888: +PUB [/vis/agent_8/pred_initial_intention_vis] /onlane_ai_agent_8 http://y:42429/
[rosmaster.master][INFO] 2026-05-06 16:18:29,889: +PUB [/vis/agent_4/pred_traj_openloop_vis] /onlane_ai_agent_4 http://y:44453/
[rosmaster.master][INFO] 2026-05-06 16:18:29,889: +PUB [/vis/agent_8/surrounding_vehicle_vis] /onlane_ai_agent_8 http://y:42429/
[rosmaster.master][INFO] 2026-05-06 16:18:29,890: +PUB [/vis/agent_4/pred_initial_intention_vis] /onlane_ai_agent_4 http://y:44453/
[rosmaster.master][INFO] 2026-05-06 16:18:29,890: +PUB [/tf] /onlane_ai_agent_7 http://y:45223/
[rosmaster.master][INFO] 2026-05-06 16:18:29,891: +PUB [/vis/agent_8/speed_limit] /onlane_ai_agent_8 http://y:42429/
[rosmaster.master][INFO] 2026-05-06 16:18:29,891: +PUB [/vis/agent_4/surrounding_vehicle_vis] /onlane_ai_agent_4 http://y:44453/
[rosmaster.master][INFO] 2026-05-06 16:18:29,892: +PUB [/vis/agent_4/speed_limit] /onlane_ai_agent_4 http://y:44453/
[rosmaster.master][INFO] 2026-05-06 16:18:29,892: +PUB [/vis/agent_7/ego_vehicle_vis] /onlane_ai_agent_7 http://y:45223/
[rosmaster.master][INFO] 2026-05-06 16:18:29,894: +SERVICE [/onlane_ai_agent_9/set_logger_level] /onlane_ai_agent_9 http://y:43467/
[rosmaster.master][INFO] 2026-05-06 16:18:29,895: +PUB [/vis/agent_7/obstacle_map] /onlane_ai_agent_7 http://y:45223/
[rosmaster.master][INFO] 2026-05-06 16:18:29,896: +SUB [/arena_info_static] /onlane_ai_agent_4 http://y:44453/
[rosmaster.master][INFO] 2026-05-06 16:18:29,897: +SUB [/arena_info_static] /onlane_ai_agent_8 http://y:42429/
[rosmaster.master][INFO] 2026-05-06 16:18:29,898: +SUB [/joy] /onlane_ai_agent_5 http://y:45281/
[rosmaster.master][INFO] 2026-05-06 16:18:29,898: +PUB [/rosout] /onlane_ai_agent_10 http://y:45241/
[rosmaster.master][INFO] 2026-05-06 16:18:29,899: +PUB [/vis/agent_7/surrounding_lane_net_vis] /onlane_ai_agent_7 http://y:45223/
[rosmaster.master][INFO] 2026-05-06 16:18:29,899: +PUB [/vis/agent_5/forward_trajs] /onlane_ai_agent_5 http://y:45281/
[rosmaster.master][INFO] 2026-05-06 16:18:29,900: +PUB [/vis/agent_7/local_lanes_vis] /onlane_ai_agent_7 http://y:45223/
[rosmaster.master][INFO] 2026-05-06 16:18:29,900: +SUB [/arena_info_dynamic] /onlane_ai_agent_4 http://y:44453/
[rosmaster.master][INFO] 2026-05-06 16:18:29,901: +PUB [/vis/agent_7/ego_behavior_vis] /onlane_ai_agent_7 http://y:45223/
[rosmaster.master][INFO] 2026-05-06 16:18:29,901: +PUB [/vis/agent_7/pred_traj_openloop_vis] /onlane_ai_agent_7 http://y:45223/
[rosmaster.master][INFO] 2026-05-06 16:18:29,902: +PUB [/vis/agent_7/pred_initial_intention_vis] /onlane_ai_agent_7 http://y:45223/
[rosmaster.master][INFO] 2026-05-06 16:18:29,902: +SUB [/arena_info_dynamic] /onlane_ai_agent_8 http://y:42429/
[rosmaster.master][INFO] 2026-05-06 16:18:29,902: +PUB [/vis/agent_7/surrounding_vehicle_vis] /onlane_ai_agent_7 http://y:45223/
[rosmaster.master][INFO] 2026-05-06 16:18:29,903: +SUB [/joy] /onlane_ai_agent_4 http://y:44453/
[rosmaster.master][INFO] 2026-05-06 16:18:29,904: +PUB [/vis/agent_4/forward_trajs] /onlane_ai_agent_4 http://y:44453/
[rosmaster.master][INFO] 2026-05-06 16:18:29,904: +PUB [/vis/agent_7/speed_limit] /onlane_ai_agent_7 http://y:45223/
[rosmaster.master][INFO] 2026-05-06 16:18:29,904: +SUB [/joy] /onlane_ai_agent_8 http://y:42429/
[rosmaster.master][INFO] 2026-05-06 16:18:29,905: +SERVICE [/onlane_ai_agent_10/get_loggers] /onlane_ai_agent_10 http://y:45241/
[rosmaster.master][INFO] 2026-05-06 16:18:29,906: +SERVICE [/onlane_ai_agent_10/set_logger_level] /onlane_ai_agent_10 http://y:45241/
[rosmaster.master][INFO] 2026-05-06 16:18:29,907: +PUB [/vis/agent_8/forward_trajs] /onlane_ai_agent_8 http://y:42429/
[rosmaster.master][INFO] 2026-05-06 16:18:29,907: +PUB [/ctrl/agent_9] /onlane_ai_agent_9 http://y:43467/
[rosmaster.master][INFO] 2026-05-06 16:18:29,907: +PUB [/ctrl/agent_10] /onlane_ai_agent_10 http://y:45241/
[rosmaster.master][INFO] 2026-05-06 16:18:29,908: +PUB [/ctrl/agent_2] /onlane_ai_agent_2 http://y:37023/
[rosmaster.master][INFO] 2026-05-06 16:18:29,911: +PUB [/rosout] /phy_simulator_planning_node http://y:41881/
[rosmaster.master][INFO] 2026-05-06 16:18:29,912: +SERVICE [/phy_simulator_planning_node/get_loggers] /phy_simulator_planning_node http://y:41881/
[rosmaster.master][INFO] 2026-05-06 16:18:29,913: +SERVICE [/phy_simulator_planning_node/set_logger_level] /phy_simulator_planning_node http://y:41881/
[rosmaster.master][INFO] 2026-05-06 16:18:29,917: +PUB [/tf] /onlane_ai_agent_10 http://y:45241/
[rosmaster.master][INFO] 2026-05-06 16:18:29,918: +PUB [/tf] /onlane_ai_agent_2 http://y:37023/
[rosmaster.master][INFO] 2026-05-06 16:18:29,918: +PUB [/vis/agent_10/ego_vehicle_vis] /onlane_ai_agent_10 http://y:45241/
[rosmaster.master][INFO] 2026-05-06 16:18:29,919: +PUB [/vis/agent_2/ego_vehicle_vis] /onlane_ai_agent_2 http://y:37023/
[rosmaster.master][INFO] 2026-05-06 16:18:29,919: +PUB [/vis/agent_10/obstacle_map] /onlane_ai_agent_10 http://y:45241/
[rosmaster.master][INFO] 2026-05-06 16:18:29,919: +PUB [/vis/agent_2/obstacle_map] /onlane_ai_agent_2 http://y:37023/
[rosmaster.master][INFO] 2026-05-06 16:18:29,919: +PUB [/vis/agent_10/surrounding_lane_net_vis] /onlane_ai_agent_10 http://y:45241/
[rosmaster.master][INFO] 2026-05-06 16:18:29,919: +PUB [/vis/agent_2/surrounding_lane_net_vis] /onlane_ai_agent_2 http://y:37023/
[rosmaster.master][INFO] 2026-05-06 16:18:29,920: +PUB [/vis/agent_10/local_lanes_vis] /onlane_ai_agent_10 http://y:45241/
[rosmaster.master][INFO] 2026-05-06 16:18:29,920: +PUB [/vis/agent_2/local_lanes_vis] /onlane_ai_agent_2 http://y:37023/
[rosmaster.master][INFO] 2026-05-06 16:18:29,920: +PUB [/vis/agent_10/ego_behavior_vis] /onlane_ai_agent_10 http://y:45241/
[rosmaster.master][INFO] 2026-05-06 16:18:29,920: +PUB [/vis/agent_2/ego_behavior_vis] /onlane_ai_agent_2 http://y:37023/
[rosmaster.master][INFO] 2026-05-06 16:18:29,921: +PUB [/vis/agent_10/pred_traj_openloop_vis] /onlane_ai_agent_10 http://y:45241/
[rosmaster.master][INFO] 2026-05-06 16:18:29,921: +PUB [/vis/agent_2/pred_traj_openloop_vis] /onlane_ai_agent_2 http://y:37023/
[rosmaster.master][INFO] 2026-05-06 16:18:29,921: +PUB [/vis/agent_10/pred_initial_intention_vis] /onlane_ai_agent_10 http://y:45241/
[rosmaster.master][INFO] 2026-05-06 16:18:29,921: +PUB [/vis/agent_2/pred_initial_intention_vis] /onlane_ai_agent_2 http://y:37023/
[rosmaster.master][INFO] 2026-05-06 16:18:29,921: +PUB [/vis/agent_10/surrounding_vehicle_vis] /onlane_ai_agent_10 http://y:45241/
[rosmaster.master][INFO] 2026-05-06 16:18:29,922: +PUB [/vis/agent_2/surrounding_vehicle_vis] /onlane_ai_agent_2 http://y:37023/
[rosmaster.master][INFO] 2026-05-06 16:18:29,922: +PUB [/vis/agent_10/speed_limit] /onlane_ai_agent_10 http://y:45241/
[rosmaster.master][INFO] 2026-05-06 16:18:29,922: +PUB [/vis/agent_2/speed_limit] /onlane_ai_agent_2 http://y:37023/
[rosmaster.master][INFO] 2026-05-06 16:18:29,925: +SUB [/arena_info_static] /onlane_ai_agent_2 http://y:37023/
[rosmaster.master][INFO] 2026-05-06 16:18:29,925: +SUB [/arena_info_static] /onlane_ai_agent_10 http://y:45241/
[rosmaster.master][INFO] 2026-05-06 16:18:29,927: +SUB [/arena_info_dynamic] /onlane_ai_agent_2 http://y:37023/
[rosmaster.master][INFO] 2026-05-06 16:18:29,927: +SUB [/arena_info_dynamic] /onlane_ai_agent_10 http://y:45241/
[rosmaster.master][INFO] 2026-05-06 16:18:29,929: +SUB [/joy] /onlane_ai_agent_2 http://y:37023/
[rosmaster.master][INFO] 2026-05-06 16:18:29,930: +CACHEDPARAM [/rosout_disable_topics_generation] by /test_ssc_with_eudm_0
[rosmaster.master][INFO] 2026-05-06 16:18:29,930: +PUB [/vis/agent_2/forward_trajs] /onlane_ai_agent_2 http://y:37023/
[rosmaster.master][INFO] 2026-05-06 16:18:29,931: +SUB [/joy] /onlane_ai_agent_10 http://y:45241/
[rosmaster.master][INFO] 2026-05-06 16:18:29,932: +PUB [/vis/agent_10/forward_trajs] /onlane_ai_agent_10 http://y:45241/
[rosmaster.master][INFO] 2026-05-06 16:18:29,932: +PUB [/tf] /onlane_ai_agent_9 http://y:43467/
[rosmaster.master][INFO] 2026-05-06 16:18:29,933: +PUB [/vis/agent_9/ego_vehicle_vis] /onlane_ai_agent_9 http://y:43467/
[rosmaster.master][INFO] 2026-05-06 16:18:29,933: +PUB [/vis/agent_9/obstacle_map] /onlane_ai_agent_9 http://y:43467/
[rosmaster.master][INFO] 2026-05-06 16:18:29,933: +PUB [/vis/agent_9/surrounding_lane_net_vis] /onlane_ai_agent_9 http://y:43467/
[rosmaster.master][INFO] 2026-05-06 16:18:29,934: +PUB [/vis/agent_9/local_lanes_vis] /onlane_ai_agent_9 http://y:43467/
[rosmaster.master][INFO] 2026-05-06 16:18:29,934: +PUB [/vis/agent_9/ego_behavior_vis] /onlane_ai_agent_9 http://y:43467/
[rosmaster.master][INFO] 2026-05-06 16:18:29,934: +PUB [/vis/agent_9/pred_traj_openloop_vis] /onlane_ai_agent_9 http://y:43467/
[rosmaster.master][INFO] 2026-05-06 16:18:29,935: +PUB [/vis/agent_9/pred_initial_intention_vis] /onlane_ai_agent_9 http://y:43467/
[rosmaster.master][INFO] 2026-05-06 16:18:29,935: +PUB [/vis/agent_9/surrounding_vehicle_vis] /onlane_ai_agent_9 http://y:43467/
[rosmaster.master][INFO] 2026-05-06 16:18:29,935: +PUB [/vis/agent_9/speed_limit] /onlane_ai_agent_9 http://y:43467/
[rosmaster.master][INFO] 2026-05-06 16:18:29,939: +PUB [/tf] /onlane_ai_agent_6 http://y:37577/
[rosmaster.master][INFO] 2026-05-06 16:18:29,939: +SUB [/arena_info_static] /onlane_ai_agent_7 http://y:45223/
[rosmaster.master][INFO] 2026-05-06 16:18:29,940: +PUB [/vis/agent_6/ego_vehicle_vis] /onlane_ai_agent_6 http://y:37577/
[rosmaster.master][INFO] 2026-05-06 16:18:29,942: +PUB [/tf] /test_ssc_with_eudm_0 http://y:43005/
[rosmaster.master][INFO] 2026-05-06 16:18:29,942: +PUB [/vis/agent_0/ego_vehicle_vis] /test_ssc_with_eudm_0 http://y:43005/
[rosmaster.master][INFO] 2026-05-06 16:18:29,942: +PUB [/vis/agent_0/obstacle_map] /test_ssc_with_eudm_0 http://y:43005/
[rosmaster.master][INFO] 2026-05-06 16:18:29,942: +PUB [/vis/agent_0/surrounding_lane_net_vis] /test_ssc_with_eudm_0 http://y:43005/
[rosmaster.master][INFO] 2026-05-06 16:18:29,943: +PUB [/vis/agent_0/local_lanes_vis] /test_ssc_with_eudm_0 http://y:43005/
[rosmaster.master][INFO] 2026-05-06 16:18:29,943: +PUB [/vis/agent_0/ego_behavior_vis] /test_ssc_with_eudm_0 http://y:43005/
[rosmaster.master][INFO] 2026-05-06 16:18:29,943: +PUB [/vis/agent_0/pred_traj_openloop_vis] /test_ssc_with_eudm_0 http://y:43005/
[rosmaster.master][INFO] 2026-05-06 16:18:29,943: +PUB [/vis/agent_0/pred_initial_intention_vis] /test_ssc_with_eudm_0 http://y:43005/
[rosmaster.master][INFO] 2026-05-06 16:18:29,944: +PUB [/vis/agent_0/surrounding_vehicle_vis] /test_ssc_with_eudm_0 http://y:43005/
[rosmaster.master][INFO] 2026-05-06 16:18:29,944: +PUB [/vis/agent_0/speed_limit] /test_ssc_with_eudm_0 http://y:43005/
[rosmaster.master][INFO] 2026-05-06 16:18:29,944: +PUB [/vis/agent_0/ssc/map_vis] /test_ssc_with_eudm_0 http://y:43005/
[rosmaster.master][INFO] 2026-05-06 16:18:29,944: +PUB [/vis/agent_0/ssc/qp_vis] /test_ssc_with_eudm_0 http://y:43005/
[rosmaster.master][INFO] 2026-05-06 16:18:29,945: +PUB [/vis/agent_0/ssc/ego_fs_vis] /test_ssc_with_eudm_0 http://y:43005/
[rosmaster.master][INFO] 2026-05-06 16:18:29,945: +PUB [/vis/agent_0/ssc/forward_trajs_vis] /test_ssc_with_eudm_0 http://y:43005/
[rosmaster.master][INFO] 2026-05-06 16:18:29,945: +PUB [/vis/agent_0/ssc/sur_vehicle_trajs_vis] /test_ssc_with_eudm_0 http://y:43005/
[rosmaster.master][INFO] 2026-05-06 16:18:29,945: +PUB [/vis/agent_0/ssc/corridor_vis] /test_ssc_with_eudm_0 http://y:43005/
[rosmaster.master][INFO] 2026-05-06 16:18:29,947: +SUB [/joy] /test_ssc_with_eudm_0 http://y:43005/
[rosmaster.master][INFO] 2026-05-06 16:18:29,948: +PUB [/vis/agent_0/forward_trajs] /test_ssc_with_eudm_0 http://y:43005/
[rosmaster.master][INFO] 2026-05-06 16:18:29,949: +PUB [/ctrl/agent_0] /test_ssc_with_eudm_0 http://y:43005/
[rosmaster.master][INFO] 2026-05-06 16:18:29,950: +PUB [/test_ssc_with_eudm_0/ssc_map] /test_ssc_with_eudm_0 http://y:43005/
[rosmaster.master][INFO] 2026-05-06 16:18:29,950: +PUB [/vis/agent_6/obstacle_map] /onlane_ai_agent_6 http://y:37577/
[rosmaster.master][INFO] 2026-05-06 16:18:29,950: +PUB [/vis/agent_0/ssc/exec_traj] /test_ssc_with_eudm_0 http://y:43005/
[rosmaster.master][INFO] 2026-05-06 16:18:29,951: +SUB [/arena_info_static] /test_ssc_with_eudm_0 http://y:43005/
[rosmaster.master][INFO] 2026-05-06 16:18:29,952: +PUB [/vis/agent_6/surrounding_lane_net_vis] /onlane_ai_agent_6 http://y:37577/
[rosmaster.master][INFO] 2026-05-06 16:18:29,952: +SUB [/arena_info_dynamic] /test_ssc_with_eudm_0 http://y:43005/
[rosmaster.master][INFO] 2026-05-06 16:18:29,953: +PUB [/vis/agent_6/local_lanes_vis] /onlane_ai_agent_6 http://y:37577/
[rosmaster.master][INFO] 2026-05-06 16:18:29,953: +SUB [/arena_info_dynamic] /onlane_ai_agent_7 http://y:45223/
[rosmaster.master][INFO] 2026-05-06 16:18:29,953: +PUB [/vis/agent_6/ego_behavior_vis] /onlane_ai_agent_6 http://y:37577/
[rosmaster.master][INFO] 2026-05-06 16:18:29,954: +PUB [/vis/agent_6/pred_traj_openloop_vis] /onlane_ai_agent_6 http://y:37577/
[rosmaster.master][INFO] 2026-05-06 16:18:29,954: publisherUpdate[/rosout] -> http://y:41937/ ['http://y:37815/', 'http://y:37023/', 'http://y:43005/', 'http://y:34155/', 'http://y:45281/', 'http://y:37577/', 'http://y:44453/', 'http://y:42429/', 'http://y:45223/', 'http://y:43467/', 'http://y:45241/']
[rosmaster.master][INFO] 2026-05-06 16:18:29,954: +PUB [/vis/agent_6/pred_initial_intention_vis] /onlane_ai_agent_6 http://y:37577/
[rosmaster.master][INFO] 2026-05-06 16:18:29,955: +PUB [/vis/agent_6/surrounding_vehicle_vis] /onlane_ai_agent_6 http://y:37577/
[rosmaster.master][INFO] 2026-05-06 16:18:29,955: publisherUpdate[/rosout] -> http://y:41937/ ['http://y:37815/', 'http://y:37023/', 'http://y:43005/', 'http://y:34155/', 'http://y:45281/', 'http://y:37577/', 'http://y:44453/', 'http://y:42429/', 'http://y:45223/', 'http://y:43467/', 'http://y:45241/']: sec=0.00, result=[1, '', 0]
[rosmaster.master][INFO] 2026-05-06 16:18:29,955: publisherUpdate[/rosout] -> http://y:41937/ ['http://y:37815/', 'http://y:37023/', 'http://y:43005/', 'http://y:34155/', 'http://y:45281/', 'http://y:37577/', 'http://y:44453/', 'http://y:42429/', 'http://y:45223/', 'http://y:43467/', 'http://y:45241/', 'http://y:41881/']
[rosmaster.master][INFO] 2026-05-06 16:18:29,955: +PUB [/vis/agent_6/speed_limit] /onlane_ai_agent_6 http://y:37577/
[rosmaster.master][INFO] 2026-05-06 16:18:29,956: publisherUpdate[/rosout] -> http://y:41937/ ['http://y:37815/', 'http://y:37023/', 'http://y:43005/', 'http://y:34155/', 'http://y:45281/', 'http://y:37577/', 'http://y:44453/', 'http://y:42429/', 'http://y:45223/', 'http://y:43467/', 'http://y:45241/', 'http://y:41881/']: sec=0.00, result=[1, '', 0]
[rosmaster.master][INFO] 2026-05-06 16:18:29,956: +SUB [/joy] /onlane_ai_agent_7 http://y:45223/
[rosmaster.master][INFO] 2026-05-06 16:18:29,957: +PUB [/vis/agent_7/forward_trajs] /onlane_ai_agent_7 http://y:45223/
[rosmaster.master][INFO] 2026-05-06 16:18:29,957: +PUB [/arena_info_static] /phy_simulator_planning_node http://y:41881/
[rosmaster.master][INFO] 2026-05-06 16:18:29,958: +SUB [/arena_info_static] /onlane_ai_agent_6 http://y:37577/
[rosmaster.master][INFO] 2026-05-06 16:18:29,959: +SUB [/arena_info_dynamic] /onlane_ai_agent_6 http://y:37577/
[rosmaster.master][INFO] 2026-05-06 16:18:29,960: +SUB [/joy] /onlane_ai_agent_6 http://y:37577/
[rosmaster.master][INFO] 2026-05-06 16:18:29,960: +PUB [/vis/agent_6/forward_trajs] /onlane_ai_agent_6 http://y:37577/
[rosmaster.master][INFO] 2026-05-06 16:18:29,960: +PUB [/arena_info_dynamic] /phy_simulator_planning_node http://y:41881/
[rosmaster.master][INFO] 2026-05-06 16:18:29,961: +PUB [/phy_simulator_planning_node/vis/vehicle_set_vis] /phy_simulator_planning_node http://y:41881/
[rosmaster.master][INFO] 2026-05-06 16:18:29,961: +PUB [/phy_simulator_planning_node/vis/lane_net_vis] /phy_simulator_planning_node http://y:41881/
[rosmaster.master][INFO] 2026-05-06 16:18:29,961: +PUB [/phy_simulator_planning_node/vis/obstacle_set_vis] /phy_simulator_planning_node http://y:41881/
[rosmaster.master][INFO] 2026-05-06 16:18:29,962: +SUB [/ctrl/agent_10] /phy_simulator_planning_node http://y:41881/
[rosmaster.master][INFO] 2026-05-06 16:18:29,964: +SUB [/arena_info_static] /onlane_ai_agent_9 http://y:43467/
[rosmaster.master][INFO] 2026-05-06 16:18:29,965: +SUB [/ctrl/agent_9] /phy_simulator_planning_node http://y:41881/
[rosmaster.master][INFO] 2026-05-06 16:18:29,966: +SUB [/ctrl/agent_8] /phy_simulator_planning_node http://y:41881/
[rosmaster.master][INFO] 2026-05-06 16:18:29,967: +SUB [/ctrl/agent_7] /phy_simulator_planning_node http://y:41881/
[rosmaster.master][INFO] 2026-05-06 16:18:29,968: +SUB [/ctrl/agent_6] /phy_simulator_planning_node http://y:41881/
[rosmaster.master][INFO] 2026-05-06 16:18:29,969: +SUB [/ctrl/agent_5] /phy_simulator_planning_node http://y:41881/
[rosmaster.master][INFO] 2026-05-06 16:18:29,971: +SUB [/arena_info_dynamic] /onlane_ai_agent_9 http://y:43467/
[rosmaster.master][INFO] 2026-05-06 16:18:29,971: +SUB [/ctrl/agent_4] /phy_simulator_planning_node http://y:41881/
[rosmaster.master][INFO] 2026-05-06 16:18:29,973: +SUB [/joy] /onlane_ai_agent_9 http://y:43467/
[rosmaster.master][INFO] 2026-05-06 16:18:29,973: +SUB [/ctrl/agent_3] /phy_simulator_planning_node http://y:41881/
[rosmaster.master][INFO] 2026-05-06 16:18:29,974: +PUB [/vis/agent_9/forward_trajs] /onlane_ai_agent_9 http://y:43467/
[rosmaster.master][INFO] 2026-05-06 16:18:29,974: +SUB [/ctrl/agent_2] /phy_simulator_planning_node http://y:41881/
[rosmaster.master][INFO] 2026-05-06 16:18:29,975: +SUB [/ctrl/agent_1] /phy_simulator_planning_node http://y:41881/
[rosmaster.master][INFO] 2026-05-06 16:18:29,976: +SUB [/ctrl/agent_0] /phy_simulator_planning_node http://y:41881/
[rosmaster.master][INFO] 2026-05-06 16:18:29,977: +SUB [/initialpose] /phy_simulator_planning_node http://y:41881/
[rosmaster.master][INFO] 2026-05-06 16:18:29,978: +SUB [/move_base_simple/goal] /phy_simulator_planning_node http://y:41881/
[rosmaster.master][INFO] 2026-05-06 16:18:29,984: publisherUpdate[/arena_info_static] -> http://y:37815/ ['http://y:41881/']
[rosmaster.master][INFO] 2026-05-06 16:18:29,984: publisherUpdate[/arena_info_static] -> http://y:37815/ ['http://y:41881/']: sec=0.00, result=[1, '', 0]
[rosmaster.master][INFO] 2026-05-06 16:18:29,984: publisherUpdate[/arena_info_static] -> http://y:34155/ ['http://y:41881/']
[rosmaster.master][INFO] 2026-05-06 16:18:29,985: publisherUpdate[/arena_info_static] -> http://y:34155/ ['http://y:41881/']: sec=0.00, result=[1, '', 0]
[rosmaster.master][INFO] 2026-05-06 16:18:29,985: publisherUpdate[/arena_info_static] -> http://y:45281/ ['http://y:41881/']
[rosmaster.master][INFO] 2026-05-06 16:18:29,985: publisherUpdate[/arena_info_static] -> http://y:45281/ ['http://y:41881/']: sec=0.00, result=[1, '', 0]
[rosmaster.master][INFO] 2026-05-06 16:18:29,985: publisherUpdate[/arena_info_static] -> http://y:44453/ ['http://y:41881/']
[rosmaster.master][INFO] 2026-05-06 16:18:29,985: publisherUpdate[/arena_info_static] -> http://y:44453/ ['http://y:41881/']: sec=0.00, result=[1, '', 0]
[rosmaster.master][INFO] 2026-05-06 16:18:29,985: publisherUpdate[/arena_info_static] -> http://y:42429/ ['http://y:41881/']
[rosmaster.master][INFO] 2026-05-06 16:18:29,986: publisherUpdate[/arena_info_static] -> http://y:42429/ ['http://y:41881/']: sec=0.00, result=[1, '', 0]
[rosmaster.master][INFO] 2026-05-06 16:18:29,986: publisherUpdate[/arena_info_static] -> http://y:37023/ ['http://y:41881/']
[rosmaster.master][INFO] 2026-05-06 16:18:29,986: publisherUpdate[/arena_info_static] -> http://y:37023/ ['http://y:41881/']: sec=0.00, result=[1, '', 0]
[rosmaster.master][INFO] 2026-05-06 16:18:29,986: publisherUpdate[/arena_info_static] -> http://y:45241/ ['http://y:41881/']
[rosmaster.master][INFO] 2026-05-06 16:18:29,987: publisherUpdate[/arena_info_static] -> http://y:45241/ ['http://y:41881/']: sec=0.00, result=[1, '', 0]
[rosmaster.master][INFO] 2026-05-06 16:18:29,987: publisherUpdate[/arena_info_static] -> http://y:45223/ ['http://y:41881/']
[rosmaster.master][INFO] 2026-05-06 16:18:29,987: publisherUpdate[/arena_info_static] -> http://y:45223/ ['http://y:41881/']: sec=0.00, result=[1, '', 0]
[rosmaster.master][INFO] 2026-05-06 16:18:29,987: publisherUpdate[/arena_info_static] -> http://y:43005/ ['http://y:41881/']
[rosmaster.master][INFO] 2026-05-06 16:18:29,987: publisherUpdate[/arena_info_static] -> http://y:43005/ ['http://y:41881/']: sec=0.00, result=[1, '', 0]
[rosmaster.master][INFO] 2026-05-06 16:18:29,987: publisherUpdate[/arena_info_dynamic] -> http://y:37815/ ['http://y:41881/']
[rosmaster.master][INFO] 2026-05-06 16:18:29,988: publisherUpdate[/arena_info_dynamic] -> http://y:37815/ ['http://y:41881/']: sec=0.00, result=[1, '', 0]
[rosmaster.master][INFO] 2026-05-06 16:18:29,988: publisherUpdate[/arena_info_dynamic] -> http://y:34155/ ['http://y:41881/']
[rosmaster.master][INFO] 2026-05-06 16:18:29,988: publisherUpdate[/arena_info_dynamic] -> http://y:34155/ ['http://y:41881/']: sec=0.00, result=[1, '', 0]
[rosmaster.master][INFO] 2026-05-06 16:18:29,988: publisherUpdate[/arena_info_dynamic] -> http://y:45281/ ['http://y:41881/']
[rosmaster.master][INFO] 2026-05-06 16:18:29,988: publisherUpdate[/arena_info_dynamic] -> http://y:45281/ ['http://y:41881/']: sec=0.00, result=[1, '', 0]
[rosmaster.master][INFO] 2026-05-06 16:18:29,988: publisherUpdate[/arena_info_dynamic] -> http://y:44453/ ['http://y:41881/']
[rosmaster.master][INFO] 2026-05-06 16:18:29,988: publisherUpdate[/arena_info_dynamic] -> http://y:44453/ ['http://y:41881/']: sec=0.00, result=[1, '', 0]
[rosmaster.master][INFO] 2026-05-06 16:18:29,988: publisherUpdate[/arena_info_dynamic] -> http://y:42429/ ['http://y:41881/']
[rosmaster.master][INFO] 2026-05-06 16:18:29,989: publisherUpdate[/arena_info_dynamic] -> http://y:42429/ ['http://y:41881/']: sec=0.00, result=[1, '', 0]
[rosmaster.master][INFO] 2026-05-06 16:18:29,989: publisherUpdate[/arena_info_dynamic] -> http://y:37023/ ['http://y:41881/']
[rosmaster.master][INFO] 2026-05-06 16:18:29,989: publisherUpdate[/arena_info_dynamic] -> http://y:37023/ ['http://y:41881/']: sec=0.00, result=[1, '', 0]
[rosmaster.master][INFO] 2026-05-06 16:18:29,989: publisherUpdate[/arena_info_dynamic] -> http://y:45241/ ['http://y:41881/']
[rosmaster.master][INFO] 2026-05-06 16:18:29,989: publisherUpdate[/arena_info_dynamic] -> http://y:45241/ ['http://y:41881/']: sec=0.00, result=[1, '', 0]
[rosmaster.master][INFO] 2026-05-06 16:18:29,989: publisherUpdate[/arena_info_dynamic] -> http://y:43005/ ['http://y:41881/']
[rosmaster.master][INFO] 2026-05-06 16:18:29,989: publisherUpdate[/arena_info_dynamic] -> http://y:43005/ ['http://y:41881/']: sec=0.00, result=[1, '', 0]
[rosmaster.master][INFO] 2026-05-06 16:18:29,989: publisherUpdate[/arena_info_dynamic] -> http://y:45223/ ['http://y:41881/']
[rosmaster.master][INFO] 2026-05-06 16:18:29,990: publisherUpdate[/arena_info_dynamic] -> http://y:45223/ ['http://y:41881/']: sec=0.00, result=[1, '', 0]
[rosmaster.master][INFO] 2026-05-06 16:18:29,990: publisherUpdate[/arena_info_dynamic] -> http://y:37577/ ['http://y:41881/']
[rosmaster.master][INFO] 2026-05-06 16:18:29,990: publisherUpdate[/arena_info_dynamic] -> http://y:37577/ ['http://y:41881/']: sec=0.00, result=[1, '', 0]
[rosmaster.master][INFO] 2026-05-06 16:18:30,315: +CACHEDPARAM [/rosout/omit_topics] by /rosout
[rosmaster.master][INFO] 2026-05-06 16:18:37,554: +PUB [/rosout] /epsilon_metric_collector_997597_1778055517429 http://y:35061/
[rosmaster.master][INFO] 2026-05-06 16:18:37,556: +SERVICE [/epsilon_metric_collector_997597_1778055517429/get_loggers] /epsilon_metric_collector_997597_1778055517429 http://y:35061/
[rosmaster.master][INFO] 2026-05-06 16:18:37,557: +SERVICE [/epsilon_metric_collector_997597_1778055517429/set_logger_level] /epsilon_metric_collector_997597_1778055517429 http://y:35061/
[rosmaster.master][INFO] 2026-05-06 16:18:37,558: +SUB [/arena_info_dynamic] /epsilon_metric_collector_997597_1778055517429 http://y:35061/
[rosmaster.master][INFO] 2026-05-06 16:18:37,568: publisherUpdate[/rosout] -> http://y:41937/ ['http://y:37815/', 'http://y:37023/', 'http://y:43005/', 'http://y:34155/', 'http://y:45281/', 'http://y:37577/', 'http://y:44453/', 'http://y:42429/', 'http://y:45223/', 'http://y:43467/', 'http://y:45241/', 'http://y:41881/', 'http://y:35061/']
[rosmaster.master][INFO] 2026-05-06 16:18:37,569: publisherUpdate[/rosout] -> http://y:41937/ ['http://y:37815/', 'http://y:37023/', 'http://y:43005/', 'http://y:34155/', 'http://y:45281/', 'http://y:37577/', 'http://y:44453/', 'http://y:42429/', 'http://y:45223/', 'http://y:43467/', 'http://y:45241/', 'http://y:41881/', 'http://y:35061/']: sec=0.00, result=[1, '', 0]
[rosmaster.master][INFO] 2026-05-06 16:20:37,231: -SUB [/arena_info_dynamic] /epsilon_metric_collector_997597_1778055517429 http://y:35061/
[rosmaster.master][INFO] 2026-05-06 16:20:37,231: -PUB [/rosout] /epsilon_metric_collector_997597_1778055517429 http://y:35061/
[rosmaster.master][INFO] 2026-05-06 16:20:37,231: -SERVICE [/epsilon_metric_collector_997597_1778055517429/get_loggers] /epsilon_metric_collector_997597_1778055517429 rosrpc://y:42907
[rosmaster.master][INFO] 2026-05-06 16:20:37,231: -SERVICE [/epsilon_metric_collector_997597_1778055517429/set_logger_level] /epsilon_metric_collector_997597_1778055517429 rosrpc://y:42907
[rosmaster.master][INFO] 2026-05-06 16:20:37,263: publisherUpdate[/rosout] -> http://y:41937/ ['http://y:37815/', 'http://y:37023/', 'http://y:43005/', 'http://y:34155/', 'http://y:45281/', 'http://y:37577/', 'http://y:44453/', 'http://y:42429/', 'http://y:45223/', 'http://y:43467/', 'http://y:45241/', 'http://y:41881/']
[rosmaster.master][INFO] 2026-05-06 16:20:37,263: publisherUpdate[/rosout] -> http://y:41937/ ['http://y:37815/', 'http://y:37023/', 'http://y:43005/', 'http://y:34155/', 'http://y:45281/', 'http://y:37577/', 'http://y:44453/', 'http://y:42429/', 'http://y:45223/', 'http://y:43467/', 'http://y:45241/', 'http://y:41881/']: sec=0.00, result=[1, '', 0]
[rosmaster.master][INFO] 2026-05-06 16:20:38,248: +PUB [/rosout] /rostopic_1062652_1778055638136 http://y:40309/
[rosmaster.master][INFO] 2026-05-06 16:20:38,249: +SERVICE [/rostopic_1062652_1778055638136/get_loggers] /rostopic_1062652_1778055638136 http://y:40309/
[rosmaster.master][INFO] 2026-05-06 16:20:38,250: +SERVICE [/rostopic_1062652_1778055638136/set_logger_level] /rostopic_1062652_1778055638136 http://y:40309/
[rosmaster.master][INFO] 2026-05-06 16:20:38,257: +SUB [/arena_info_dynamic] /rostopic_1062652_1778055638136 http://y:40309/
[rosmaster.master][INFO] 2026-05-06 16:20:38,264: publisherUpdate[/rosout] -> http://y:41937/ ['http://y:37815/', 'http://y:37023/', 'http://y:43005/', 'http://y:34155/', 'http://y:45281/', 'http://y:37577/', 'http://y:44453/', 'http://y:42429/', 'http://y:45223/', 'http://y:43467/', 'http://y:45241/', 'http://y:41881/', 'http://y:40309/']
[rosmaster.master][INFO] 2026-05-06 16:20:38,265: publisherUpdate[/rosout] -> http://y:41937/ ['http://y:37815/', 'http://y:37023/', 'http://y:43005/', 'http://y:34155/', 'http://y:45281/', 'http://y:37577/', 'http://y:44453/', 'http://y:42429/', 'http://y:45223/', 'http://y:43467/', 'http://y:45241/', 'http://y:41881/', 'http://y:40309/']: sec=0.00, result=[1, '', 0]
[rosmaster.master][INFO] 2026-05-06 16:20:52,866: -SUB [/arena_info_dynamic] /rostopic_1062652_1778055638136 http://y:40309/
[rosmaster.master][INFO] 2026-05-06 16:20:52,866: -PUB [/rosout] /rostopic_1062652_1778055638136 http://y:40309/
[rosmaster.master][INFO] 2026-05-06 16:20:52,866: -SERVICE [/rostopic_1062652_1778055638136/get_loggers] /rostopic_1062652_1778055638136 rosrpc://y:36661
[rosmaster.master][INFO] 2026-05-06 16:20:52,866: -SERVICE [/rostopic_1062652_1778055638136/set_logger_level] /rostopic_1062652_1778055638136 rosrpc://y:36661
[rosmaster.master][INFO] 2026-05-06 16:20:52,890: publisherUpdate[/rosout] -> http://y:41937/ ['http://y:37815/', 'http://y:37023/', 'http://y:43005/', 'http://y:34155/', 'http://y:45281/', 'http://y:37577/', 'http://y:44453/', 'http://y:42429/', 'http://y:45223/', 'http://y:43467/', 'http://y:45241/', 'http://y:41881/']
[rosmaster.master][INFO] 2026-05-06 16:20:52,891: publisherUpdate[/rosout] -> http://y:41937/ ['http://y:37815/', 'http://y:37023/', 'http://y:43005/', 'http://y:34155/', 'http://y:45281/', 'http://y:37577/', 'http://y:44453/', 'http://y:42429/', 'http://y:45223/', 'http://y:43467/', 'http://y:45241/', 'http://y:41881/']: sec=0.00, result=[1, '', 0]
[rosmaster.master][INFO] 2026-05-06 16:20:53,552: -PUB [/rosout] /onlane_ai_agent_9 http://y:43467/
[rosmaster.master][INFO] 2026-05-06 16:20:53,552: -PUB [/ctrl/agent_9] /onlane_ai_agent_9 http://y:43467/
[rosmaster.master][INFO] 2026-05-06 16:20:53,552: -PUB [/tf] /onlane_ai_agent_9 http://y:43467/
[rosmaster.master][INFO] 2026-05-06 16:20:53,553: -PUB [/vis/agent_9/ego_vehicle_vis] /onlane_ai_agent_9 http://y:43467/
[rosmaster.master][INFO] 2026-05-06 16:20:53,553: -PUB [/vis/agent_9/obstacle_map] /onlane_ai_agent_9 http://y:43467/
[rosmaster.master][INFO] 2026-05-06 16:20:53,553: -PUB [/vis/agent_9/surrounding_lane_net_vis] /onlane_ai_agent_9 http://y:43467/
[rosmaster.master][INFO] 2026-05-06 16:20:53,553: -PUB [/vis/agent_9/local_lanes_vis] /onlane_ai_agent_9 http://y:43467/
[rosmaster.master][INFO] 2026-05-06 16:20:53,553: -PUB [/vis/agent_9/ego_behavior_vis] /onlane_ai_agent_9 http://y:43467/
[rosmaster.master][INFO] 2026-05-06 16:20:53,554: -PUB [/vis/agent_9/pred_traj_openloop_vis] /onlane_ai_agent_9 http://y:43467/
[rosmaster.master][INFO] 2026-05-06 16:20:53,554: -PUB [/vis/agent_9/pred_initial_intention_vis] /onlane_ai_agent_9 http://y:43467/
[rosmaster.master][INFO] 2026-05-06 16:20:53,554: -PUB [/vis/agent_9/surrounding_vehicle_vis] /onlane_ai_agent_9 http://y:43467/
[rosmaster.master][INFO] 2026-05-06 16:20:53,554: -PUB [/vis/agent_9/speed_limit] /onlane_ai_agent_9 http://y:43467/
[rosmaster.master][INFO] 2026-05-06 16:20:53,554: -PUB [/vis/agent_9/forward_trajs] /onlane_ai_agent_9 http://y:43467/
[rosmaster.master][INFO] 2026-05-06 16:20:53,554: -SUB [/arena_info_static] /onlane_ai_agent_9 http://y:43467/
[rosmaster.master][INFO] 2026-05-06 16:20:53,554: -SUB [/arena_info_dynamic] /onlane_ai_agent_9 http://y:43467/
[rosmaster.master][INFO] 2026-05-06 16:20:53,554: -SUB [/joy] /onlane_ai_agent_9 http://y:43467/
[rosmaster.master][INFO] 2026-05-06 16:20:53,555: -SERVICE [/onlane_ai_agent_9/get_loggers] /onlane_ai_agent_9 rosrpc://y:44827
[rosmaster.master][INFO] 2026-05-06 16:20:53,555: -SERVICE [/onlane_ai_agent_9/set_logger_level] /onlane_ai_agent_9 rosrpc://y:44827
[rosmaster.master][INFO] 2026-05-06 16:20:53,581: -PUB [/rosout] /phy_simulator_planning_node http://y:41881/
[rosmaster.master][INFO] 2026-05-06 16:20:53,582: -PUB [/arena_info_static] /phy_simulator_planning_node http://y:41881/
[rosmaster.master][INFO] 2026-05-06 16:20:53,582: -PUB [/arena_info_dynamic] /phy_simulator_planning_node http://y:41881/
[rosmaster.master][INFO] 2026-05-06 16:20:53,582: -PUB [/phy_simulator_planning_node/vis/vehicle_set_vis] /phy_simulator_planning_node http://y:41881/
[rosmaster.master][INFO] 2026-05-06 16:20:53,583: -PUB [/phy_simulator_planning_node/vis/lane_net_vis] /phy_simulator_planning_node http://y:41881/
[rosmaster.master][INFO] 2026-05-06 16:20:53,583: -PUB [/phy_simulator_planning_node/vis/obstacle_set_vis] /phy_simulator_planning_node http://y:41881/
[rosmaster.master][INFO] 2026-05-06 16:20:53,583: -SUB [/ctrl/agent_10] /phy_simulator_planning_node http://y:41881/
[rosmaster.master][INFO] 2026-05-06 16:20:53,584: -SUB [/ctrl/agent_9] /phy_simulator_planning_node http://y:41881/
[rosmaster.master][INFO] 2026-05-06 16:20:53,584: -SUB [/ctrl/agent_8] /phy_simulator_planning_node http://y:41881/
[rosmaster.master][INFO] 2026-05-06 16:20:53,584: -SUB [/ctrl/agent_7] /phy_simulator_planning_node http://y:41881/
[rosmaster.master][INFO] 2026-05-06 16:20:53,584: -SUB [/ctrl/agent_6] /phy_simulator_planning_node http://y:41881/
[rosmaster.master][INFO] 2026-05-06 16:20:53,585: -SUB [/ctrl/agent_5] /phy_simulator_planning_node http://y:41881/
[rosmaster.master][INFO] 2026-05-06 16:20:53,585: -SUB [/ctrl/agent_4] /phy_simulator_planning_node http://y:41881/
[rosmaster.master][INFO] 2026-05-06 16:20:53,585: -SUB [/ctrl/agent_3] /phy_simulator_planning_node http://y:41881/
[rosmaster.master][INFO] 2026-05-06 16:20:53,585: -SUB [/ctrl/agent_2] /phy_simulator_planning_node http://y:41881/
[rosmaster.master][INFO] 2026-05-06 16:20:53,585: -SUB [/ctrl/agent_1] /phy_simulator_planning_node http://y:41881/
[rosmaster.master][INFO] 2026-05-06 16:20:53,586: -SUB [/ctrl/agent_0] /phy_simulator_planning_node http://y:41881/
[rosmaster.master][INFO] 2026-05-06 16:20:53,586: -SUB [/initialpose] /phy_simulator_planning_node http://y:41881/
[rosmaster.master][INFO] 2026-05-06 16:20:53,586: -SUB [/move_base_simple/goal] /phy_simulator_planning_node http://y:41881/
[rosmaster.master][INFO] 2026-05-06 16:20:53,586: -SERVICE [/phy_simulator_planning_node/get_loggers] /phy_simulator_planning_node rosrpc://y:42527
[rosmaster.master][INFO] 2026-05-06 16:20:53,586: -SERVICE [/phy_simulator_planning_node/set_logger_level] /phy_simulator_planning_node rosrpc://y:42527
[rosmaster.master][INFO] 2026-05-06 16:20:53,592: publisherUpdate[/rosout] -> http://y:41937/ ['http://y:37815/', 'http://y:37023/', 'http://y:43005/', 'http://y:34155/', 'http://y:45281/', 'http://y:37577/', 'http://y:44453/', 'http://y:42429/', 'http://y:45223/', 'http://y:45241/', 'http://y:41881/']
[rosmaster.master][INFO] 2026-05-06 16:20:53,593: publisherUpdate[/ctrl/agent_9] -> http://y:41881/ []
[rosmaster.master][INFO] 2026-05-06 16:20:53,593: publisherUpdate[/rosout] -> http://y:41937/ ['http://y:37815/', 'http://y:37023/', 'http://y:43005/', 'http://y:34155/', 'http://y:45281/', 'http://y:37577/', 'http://y:44453/', 'http://y:42429/', 'http://y:45223/', 'http://y:45241/', 'http://y:41881/']: sec=0.00, result=[1, '', 0]
[rosmaster.master][INFO] 2026-05-06 16:20:53,593: publisherUpdate[/rosout] -> http://y:41937/ ['http://y:37815/', 'http://y:37023/', 'http://y:43005/', 'http://y:34155/', 'http://y:45281/', 'http://y:37577/', 'http://y:44453/', 'http://y:42429/', 'http://y:45223/', 'http://y:45241/']
[rosmaster.master][INFO] 2026-05-06 16:20:53,593: publisherUpdate[/ctrl/agent_9] -> http://y:41881/ []: sec=0.00, exception=[Errno 111] Connection refused
[rosmaster.master][INFO] 2026-05-06 16:20:53,593: publisherUpdate[/rosout] -> http://y:41937/ ['http://y:37815/', 'http://y:37023/', 'http://y:43005/', 'http://y:34155/', 'http://y:45281/', 'http://y:37577/', 'http://y:44453/', 'http://y:42429/', 'http://y:45223/', 'http://y:45241/']: sec=0.00, result=[1, '', 0]
[rosmaster.master][INFO] 2026-05-06 16:20:53,593: publisherUpdate[/arena_info_static] -> http://y:37815/ []
[rosmaster.master][INFO] 2026-05-06 16:20:53,594: publisherUpdate[/arena_info_static] -> http://y:37815/ []: sec=0.00, result=[1, '', 0]
[rosmaster.master][INFO] 2026-05-06 16:20:53,594: publisherUpdate[/arena_info_static] -> http://y:34155/ []
[rosmaster.master][INFO] 2026-05-06 16:20:53,594: publisherUpdate[/arena_info_static] -> http://y:34155/ []: sec=0.00, result=[0, 'Unknown Error', 0]
[rosmaster.master][INFO] 2026-05-06 16:20:53,594: publisherUpdate[/arena_info_static] -> http://y:45281/ []
[rosmaster.master][INFO] 2026-05-06 16:20:53,595: publisherUpdate[/arena_info_static] -> http://y:45281/ []: sec=0.00, result=[1, '', 0]
[rosmaster.master][INFO] 2026-05-06 16:20:53,595: publisherUpdate[/arena_info_static] -> http://y:44453/ []
[rosmaster.threadpool][ERROR] 2026-05-06 16:20:53,595: Traceback (most recent call last):
  File "/opt/ros/noetic/lib/python3/dist-packages/rosmaster/threadpool.py", line 218, in run
    result = cmd(*args)
  File "/opt/ros/noetic/lib/python3/dist-packages/rosmaster/master_api.py", line 210, in publisher_update_task
    ret = xmlrpcapi(api).publisherUpdate('/master', topic, pub_uris)
  File "/usr/lib/python3.8/xmlrpc/client.py", line 1109, in __call__
    return self.__send(self.__name, args)
  File "/usr/lib/python3.8/xmlrpc/client.py", line 1450, in __request
    response = self.__transport.request(
  File "/usr/lib/python3.8/xmlrpc/client.py", line 1153, in request
    return self.single_request(host, handler, request_body, verbose)
  File "/usr/lib/python3.8/xmlrpc/client.py", line 1165, in single_request
    http_conn = self.send_request(host, handler, request_body, verbose)
  File "/usr/lib/python3.8/xmlrpc/client.py", line 1278, in send_request
    self.send_content(connection, request_body)
  File "/usr/lib/python3.8/xmlrpc/client.py", line 1308, in send_content
    connection.endheaders(request_body)
  File "/usr/lib/python3.8/http/client.py", line 1251, in endheaders
    self._send_output(message_body, encode_chunked=encode_chunked)
  File "/usr/lib/python3.8/http/client.py", line 1011, in _send_output
    self.send(msg)
  File "/usr/lib/python3.8/http/client.py", line 951, in send
    self.connect()
  File "/usr/lib/python3.8/http/client.py", line 922, in connect
    self.sock = self._create_connection(
  File "/usr/lib/python3.8/socket.py", line 808, in create_connection
    raise err
  File "/usr/lib/python3.8/socket.py", line 796, in create_connection
    sock.connect(sa)
ConnectionRefusedError: [Errno 111] Connection refused

[rosmaster.master][INFO] 2026-05-06 16:20:53,595: publisherUpdate[/arena_info_static] -> http://y:44453/ []: sec=0.00, result=[1, '', 0]
[rosmaster.master][INFO] 2026-05-06 16:20:53,595: publisherUpdate[/arena_info_static] -> http://y:42429/ []
[rosmaster.master][INFO] 2026-05-06 16:20:53,595: publisherUpdate[/arena_info_static] -> http://y:37023/ []
[rosmaster.master][INFO] 2026-05-06 16:20:53,596: publisherUpdate[/arena_info_static] -> http://y:37023/ []: sec=0.00, result=[0, 'Unknown Error', 0]
[rosmaster.master][INFO] 2026-05-06 16:20:53,596: publisherUpdate[/arena_info_static] -> http://y:42429/ []: sec=0.00, result=[1, '', 0]
[rosmaster.master][INFO] 2026-05-06 16:20:53,596: publisherUpdate[/arena_info_static] -> http://y:45241/ []
[rosmaster.master][INFO] 2026-05-06 16:20:53,596: publisherUpdate[/arena_info_static] -> http://y:45223/ []
[rosmaster.master][INFO] 2026-05-06 16:20:53,597: publisherUpdate[/arena_info_static] -> http://y:45241/ []: sec=0.00, result=[0, 'Unknown Error', 0]
[rosmaster.master][INFO] 2026-05-06 16:20:53,597: publisherUpdate[/arena_info_static] -> http://y:43005/ []
[rosmaster.master][INFO] 2026-05-06 16:20:53,597: publisherUpdate[/arena_info_static] -> http://y:45223/ []: sec=0.00, result=[1, '', 0]
[rosmaster.master][INFO] 2026-05-06 16:20:53,597: publisherUpdate[/arena_info_static] -> http://y:37577/ []
[rosmaster.master][INFO] 2026-05-06 16:20:53,597: publisherUpdate[/arena_info_static] -> http://y:43005/ []: sec=0.00, result=[1, '', 0]
[rosmaster.master][INFO] 2026-05-06 16:20:53,597: publisherUpdate[/arena_info_dynamic] -> http://y:37815/ []
[rosmaster.master][INFO] 2026-05-06 16:20:53,598: publisherUpdate[/arena_info_dynamic] -> http://y:37815/ []: sec=0.00, result=[1, '', 0]
[rosmaster.master][INFO] 2026-05-06 16:20:53,598: publisherUpdate[/arena_info_static] -> http://y:37577/ []: sec=0.00, result=[1, '', 0]
[rosmaster.master][INFO] 2026-05-06 16:20:53,598: publisherUpdate[/arena_info_dynamic] -> http://y:34155/ []
[rosmaster.master][INFO] 2026-05-06 16:20:53,598: publisherUpdate[/arena_info_dynamic] -> http://y:45281/ []
[rosmaster.master][INFO] 2026-05-06 16:20:53,598: publisherUpdate[/arena_info_dynamic] -> http://y:34155/ []: sec=0.00, result=[0, 'Unknown Error', 0]
[rosmaster.master][INFO] 2026-05-06 16:20:53,598: publisherUpdate[/arena_info_dynamic] -> http://y:44453/ []
[rosmaster.master][INFO] 2026-05-06 16:20:53,598: publisherUpdate[/arena_info_dynamic] -> http://y:44453/ []: sec=0.00, result=[1, '', 0]
[rosmaster.master][INFO] 2026-05-06 16:20:53,598: publisherUpdate[/arena_info_dynamic] -> http://y:42429/ []
[rosmaster.master][INFO] 2026-05-06 16:20:53,599: publisherUpdate[/arena_info_dynamic] -> http://y:45281/ []: sec=0.00, result=[0, 'Unknown Error', 0]
[rosmaster.master][INFO] 2026-05-06 16:20:53,599: publisherUpdate[/arena_info_dynamic] -> http://y:37023/ []
[rosmaster.master][INFO] 2026-05-06 16:20:53,599: publisherUpdate[/arena_info_dynamic] -> http://y:42429/ []: sec=0.00, result=[1, '', 0]
[rosmaster.master][INFO] 2026-05-06 16:20:53,599: publisherUpdate[/arena_info_dynamic] -> http://y:37023/ []: sec=0.00, result=[0, 'Unknown Error', 0]
[rosmaster.master][INFO] 2026-05-06 16:20:53,599: publisherUpdate[/arena_info_dynamic] -> http://y:45241/ []
[rosmaster.master][INFO] 2026-05-06 16:20:53,599: publisherUpdate[/arena_info_dynamic] -> http://y:43005/ []
[rosmaster.master][INFO] 2026-05-06 16:20:53,600: publisherUpdate[/arena_info_dynamic] -> http://y:45241/ []: sec=0.00, result=[0, 'Unknown Error', 0]
[rosmaster.master][INFO] 2026-05-06 16:20:53,600: publisherUpdate[/arena_info_dynamic] -> http://y:45223/ []
[rosmaster.master][INFO] 2026-05-06 16:20:53,600: publisherUpdate[/arena_info_dynamic] -> http://y:43005/ []: sec=0.00, result=[1, '', 0]
[rosmaster.master][INFO] 2026-05-06 16:20:53,600: publisherUpdate[/arena_info_dynamic] -> http://y:45223/ []: sec=0.00, result=[1, '', 0]
[rosmaster.master][INFO] 2026-05-06 16:20:53,600: publisherUpdate[/arena_info_dynamic] -> http://y:37577/ []
[rosmaster.master][INFO] 2026-05-06 16:20:53,601: publisherUpdate[/arena_info_dynamic] -> http://y:37577/ []: sec=0.00, result=[1, '', 0]
[rosmaster.master][INFO] 2026-05-06 16:20:53,699: -PUB [/rosout] /onlane_ai_agent_3 http://y:34155/
[rosmaster.master][INFO] 2026-05-06 16:20:53,700: -PUB [/rosout] /onlane_ai_agent_5 http://y:45281/
[rosmaster.master][INFO] 2026-05-06 16:20:53,701: -PUB [/ctrl/agent_3] /onlane_ai_agent_3 http://y:34155/
[rosmaster.master][INFO] 2026-05-06 16:20:53,701: -PUB [/rosout] /onlane_ai_agent_2 http://y:37023/
[rosmaster.master][INFO] 2026-05-06 16:20:53,704: publisherUpdate[/rosout] -> http://y:41937/ ['http://y:37815/', 'http://y:37023/', 'http://y:43005/', 'http://y:45281/', 'http://y:37577/', 'http://y:44453/', 'http://y:42429/', 'http://y:45223/', 'http://y:45241/']
[rosmaster.master][INFO] 2026-05-06 16:20:53,705: -PUB [/rosout] /onlane_ai_agent_7 http://y:45223/
[rosmaster.master][INFO] 2026-05-06 16:20:53,707: publisherUpdate[/rosout] -> http://y:41937/ ['http://y:37815/', 'http://y:37023/', 'http://y:43005/', 'http://y:45281/', 'http://y:37577/', 'http://y:44453/', 'http://y:42429/', 'http://y:45223/', 'http://y:45241/']: sec=0.00, result=[1, '', 0]
[rosmaster.master][INFO] 2026-05-06 16:20:53,707: publisherUpdate[/rosout] -> http://y:41937/ ['http://y:37815/', 'http://y:37023/', 'http://y:43005/', 'http://y:37577/', 'http://y:44453/', 'http://y:42429/', 'http://y:45223/', 'http://y:45241/']
[rosmaster.master][INFO] 2026-05-06 16:20:53,707: -PUB [/rosout] /onlane_ai_agent_4 http://y:44453/
[rosmaster.master][INFO] 2026-05-06 16:20:53,707: -PUB [/rosout] /onlane_ai_agent_6 http://y:37577/
[rosmaster.master][INFO] 2026-05-06 16:20:53,708: -PUB [/rosout] /onlane_ai_agent_10 http://y:45241/
[rosmaster.master][INFO] 2026-05-06 16:20:53,708: -PUB [/rosout] /onlane_ai_agent_8 http://y:42429/
[rosmaster.master][INFO] 2026-05-06 16:20:53,709: publisherUpdate[/rosout] -> http://y:41937/ ['http://y:37815/', 'http://y:37023/', 'http://y:43005/', 'http://y:37577/', 'http://y:44453/', 'http://y:42429/', 'http://y:45223/', 'http://y:45241/']: sec=0.00, result=[1, '', 0]
[rosmaster.master][INFO] 2026-05-06 16:20:53,709: -PUB [/ctrl/agent_5] /onlane_ai_agent_5 http://y:45281/
[rosmaster.master][INFO] 2026-05-06 16:20:53,709: publisherUpdate[/rosout] -> http://y:41937/ ['http://y:37815/', 'http://y:43005/', 'http://y:37577/', 'http://y:44453/', 'http://y:42429/', 'http://y:45223/', 'http://y:45241/']
[rosmaster.master][INFO] 2026-05-06 16:20:53,710: -PUB [/tf] /onlane_ai_agent_3 http://y:34155/
[rosmaster.master][INFO] 2026-05-06 16:20:53,711: -PUB [/ctrl/agent_2] /onlane_ai_agent_2 http://y:37023/
[rosmaster.master][INFO] 2026-05-06 16:20:53,711: publisherUpdate[/rosout] -> http://y:41937/ ['http://y:37815/', 'http://y:43005/', 'http://y:37577/', 'http://y:44453/', 'http://y:42429/', 'http://y:45223/', 'http://y:45241/']: sec=0.00, result=[1, '', 0]
[rosmaster.master][INFO] 2026-05-06 16:20:53,711: -PUB [/ctrl/agent_7] /onlane_ai_agent_7 http://y:45223/
[rosmaster.master][INFO] 2026-05-06 16:20:53,711: publisherUpdate[/rosout] -> http://y:41937/ ['http://y:37815/', 'http://y:43005/', 'http://y:37577/', 'http://y:44453/', 'http://y:42429/', 'http://y:45241/']
[rosmaster.master][INFO] 2026-05-06 16:20:53,711: -PUB [/ctrl/agent_4] /onlane_ai_agent_4 http://y:44453/
[rosmaster.master][INFO] 2026-05-06 16:20:53,712: -PUB [/ctrl/agent_6] /onlane_ai_agent_6 http://y:37577/
[rosmaster.master][INFO] 2026-05-06 16:20:53,712: publisherUpdate[/rosout] -> http://y:41937/ ['http://y:37815/', 'http://y:43005/', 'http://y:37577/', 'http://y:44453/', 'http://y:42429/', 'http://y:45241/']: sec=0.00, result=[1, '', 0]
[rosmaster.master][INFO] 2026-05-06 16:20:53,712: publisherUpdate[/rosout] -> http://y:41937/ ['http://y:37815/', 'http://y:43005/', 'http://y:37577/', 'http://y:42429/', 'http://y:45241/']
[rosmaster.master][INFO] 2026-05-06 16:20:53,712: -PUB [/ctrl/agent_10] /onlane_ai_agent_10 http://y:45241/
[rosmaster.master][INFO] 2026-05-06 16:20:53,712: -PUB [/ctrl/agent_8] /onlane_ai_agent_8 http://y:42429/
[rosmaster.master][INFO] 2026-05-06 16:20:53,713: publisherUpdate[/rosout] -> http://y:41937/ ['http://y:37815/', 'http://y:43005/', 'http://y:37577/', 'http://y:42429/', 'http://y:45241/']: sec=0.00, result=[1, '', 0]
[rosmaster.master][INFO] 2026-05-06 16:20:53,713: -PUB [/tf] /onlane_ai_agent_5 http://y:45281/
[rosmaster.master][INFO] 2026-05-06 16:20:53,713: publisherUpdate[/rosout] -> http://y:41937/ ['http://y:37815/', 'http://y:43005/', 'http://y:42429/', 'http://y:45241/']
[rosmaster.master][INFO] 2026-05-06 16:20:53,713: -PUB [/vis/agent_3/ego_vehicle_vis] /onlane_ai_agent_3 http://y:34155/
[rosmaster.master][INFO] 2026-05-06 16:20:53,714: -PUB [/tf] /onlane_ai_agent_2 http://y:37023/
[rosmaster.master][INFO] 2026-05-06 16:20:53,714: publisherUpdate[/rosout] -> http://y:41937/ ['http://y:37815/', 'http://y:43005/', 'http://y:42429/', 'http://y:45241/']: sec=0.00, result=[1, '', 0]
[rosmaster.master][INFO] 2026-05-06 16:20:53,714: -PUB [/tf] /onlane_ai_agent_7 http://y:45223/
[rosmaster.master][INFO] 2026-05-06 16:20:53,714: publisherUpdate[/rosout] -> http://y:41937/ ['http://y:37815/', 'http://y:43005/', 'http://y:42429/']
[rosmaster.master][INFO] 2026-05-06 16:20:53,715: -PUB [/tf] /onlane_ai_agent_4 http://y:44453/
[rosmaster.master][INFO] 2026-05-06 16:20:53,715: publisherUpdate[/rosout] -> http://y:41937/ ['http://y:37815/', 'http://y:43005/', 'http://y:42429/']: sec=0.00, result=[1, '', 0]
[rosmaster.master][INFO] 2026-05-06 16:20:53,715: -PUB [/tf] /onlane_ai_agent_6 http://y:37577/
[rosmaster.master][INFO] 2026-05-06 16:20:53,715: publisherUpdate[/rosout] -> http://y:41937/ ['http://y:37815/', 'http://y:43005/']
[rosmaster.master][INFO] 2026-05-06 16:20:53,715: -PUB [/tf] /onlane_ai_agent_10 http://y:45241/
[rosmaster.master][INFO] 2026-05-06 16:20:53,716: publisherUpdate[/rosout] -> http://y:41937/ ['http://y:37815/', 'http://y:43005/']: sec=0.00, result=[1, '', 0]
[rosmaster.master][INFO] 2026-05-06 16:20:53,716: -PUB [/tf] /onlane_ai_agent_8 http://y:42429/
[rosmaster.master][INFO] 2026-05-06 16:20:53,716: -PUB [/vis/agent_5/ego_vehicle_vis] /onlane_ai_agent_5 http://y:45281/
[rosmaster.master][INFO] 2026-05-06 16:20:53,717: -PUB [/vis/agent_3/obstacle_map] /onlane_ai_agent_3 http://y:34155/
[rosmaster.master][INFO] 2026-05-06 16:20:53,717: -PUB [/vis/agent_2/ego_vehicle_vis] /onlane_ai_agent_2 http://y:37023/
[rosmaster.master][INFO] 2026-05-06 16:20:53,717: -PUB [/vis/agent_7/ego_vehicle_vis] /onlane_ai_agent_7 http://y:45223/
[rosmaster.master][INFO] 2026-05-06 16:20:53,718: -PUB [/vis/agent_4/ego_vehicle_vis] /onlane_ai_agent_4 http://y:44453/
[rosmaster.master][INFO] 2026-05-06 16:20:53,718: -PUB [/vis/agent_6/ego_vehicle_vis] /onlane_ai_agent_6 http://y:37577/
[rosmaster.master][INFO] 2026-05-06 16:20:53,719: -PUB [/vis/agent_10/ego_vehicle_vis] /onlane_ai_agent_10 http://y:45241/
[rosmaster.master][INFO] 2026-05-06 16:20:53,719: -PUB [/vis/agent_5/obstacle_map] /onlane_ai_agent_5 http://y:45281/
[rosmaster.master][INFO] 2026-05-06 16:20:53,719: -PUB [/vis/agent_3/surrounding_lane_net_vis] /onlane_ai_agent_3 http://y:34155/
[rosmaster.master][INFO] 2026-05-06 16:20:53,720: -PUB [/vis/agent_2/obstacle_map] /onlane_ai_agent_2 http://y:37023/
[rosmaster.master][INFO] 2026-05-06 16:20:53,720: -PUB [/vis/agent_7/obstacle_map] /onlane_ai_agent_7 http://y:45223/
[rosmaster.master][INFO] 2026-05-06 16:20:53,721: -PUB [/vis/agent_8/ego_vehicle_vis] /onlane_ai_agent_8 http://y:42429/
[rosmaster.master][INFO] 2026-05-06 16:20:53,721: -PUB [/vis/agent_4/obstacle_map] /onlane_ai_agent_4 http://y:44453/
[rosmaster.master][INFO] 2026-05-06 16:20:53,721: -PUB [/vis/agent_6/obstacle_map] /onlane_ai_agent_6 http://y:37577/
[rosmaster.master][INFO] 2026-05-06 16:20:53,722: -PUB [/vis/agent_10/obstacle_map] /onlane_ai_agent_10 http://y:45241/
[rosmaster.master][INFO] 2026-05-06 16:20:53,723: -PUB [/vis/agent_5/surrounding_lane_net_vis] /onlane_ai_agent_5 http://y:45281/
[rosmaster.master][INFO] 2026-05-06 16:20:53,723: -PUB [/vis/agent_3/local_lanes_vis] /onlane_ai_agent_3 http://y:34155/
[rosmaster.master][INFO] 2026-05-06 16:20:53,724: -PUB [/vis/agent_2/surrounding_lane_net_vis] /onlane_ai_agent_2 http://y:37023/
[rosmaster.master][INFO] 2026-05-06 16:20:53,724: -PUB [/vis/agent_7/surrounding_lane_net_vis] /onlane_ai_agent_7 http://y:45223/
[rosmaster.master][INFO] 2026-05-06 16:20:53,724: -PUB [/vis/agent_8/obstacle_map] /onlane_ai_agent_8 http://y:42429/
[rosmaster.master][INFO] 2026-05-06 16:20:53,725: -PUB [/vis/agent_4/surrounding_lane_net_vis] /onlane_ai_agent_4 http://y:44453/
[rosmaster.master][INFO] 2026-05-06 16:20:53,725: -PUB [/vis/agent_6/surrounding_lane_net_vis] /onlane_ai_agent_6 http://y:37577/
[rosmaster.master][INFO] 2026-05-06 16:20:53,726: -PUB [/vis/agent_10/surrounding_lane_net_vis] /onlane_ai_agent_10 http://y:45241/
[rosmaster.master][INFO] 2026-05-06 16:20:53,727: -PUB [/vis/agent_5/local_lanes_vis] /onlane_ai_agent_5 http://y:45281/
[rosmaster.master][INFO] 2026-05-06 16:20:53,727: -PUB [/vis/agent_3/ego_behavior_vis] /onlane_ai_agent_3 http://y:34155/
[rosmaster.master][INFO] 2026-05-06 16:20:53,727: -PUB [/vis/agent_2/local_lanes_vis] /onlane_ai_agent_2 http://y:37023/
[rosmaster.master][INFO] 2026-05-06 16:20:53,728: -PUB [/vis/agent_7/local_lanes_vis] /onlane_ai_agent_7 http://y:45223/
[rosmaster.master][INFO] 2026-05-06 16:20:53,728: -PUB [/vis/agent_8/surrounding_lane_net_vis] /onlane_ai_agent_8 http://y:42429/
[rosmaster.master][INFO] 2026-05-06 16:20:53,729: -PUB [/vis/agent_4/local_lanes_vis] /onlane_ai_agent_4 http://y:44453/
[rosmaster.master][INFO] 2026-05-06 16:20:53,729: -PUB [/vis/agent_6/local_lanes_vis] /onlane_ai_agent_6 http://y:37577/
[rosmaster.master][INFO] 2026-05-06 16:20:53,730: -PUB [/vis/agent_5/ego_behavior_vis] /onlane_ai_agent_5 http://y:45281/
[rosmaster.master][INFO] 2026-05-06 16:20:53,731: -PUB [/vis/agent_10/local_lanes_vis] /onlane_ai_agent_10 http://y:45241/
[rosmaster.master][INFO] 2026-05-06 16:20:53,731: -PUB [/vis/agent_3/pred_traj_openloop_vis] /onlane_ai_agent_3 http://y:34155/
[rosmaster.master][INFO] 2026-05-06 16:20:53,731: -PUB [/vis/agent_2/ego_behavior_vis] /onlane_ai_agent_2 http://y:37023/
[rosmaster.master][INFO] 2026-05-06 16:20:53,732: -PUB [/vis/agent_7/ego_behavior_vis] /onlane_ai_agent_7 http://y:45223/
[rosmaster.master][INFO] 2026-05-06 16:20:53,732: -PUB [/vis/agent_8/local_lanes_vis] /onlane_ai_agent_8 http://y:42429/
[rosmaster.master][INFO] 2026-05-06 16:20:53,733: -PUB [/vis/agent_4/ego_behavior_vis] /onlane_ai_agent_4 http://y:44453/
[rosmaster.master][INFO] 2026-05-06 16:20:53,733: -PUB [/vis/agent_6/ego_behavior_vis] /onlane_ai_agent_6 http://y:37577/
[rosmaster.master][INFO] 2026-05-06 16:20:53,734: -PUB [/vis/agent_5/pred_traj_openloop_vis] /onlane_ai_agent_5 http://y:45281/
[rosmaster.master][INFO] 2026-05-06 16:20:53,734: -PUB [/vis/agent_10/ego_behavior_vis] /onlane_ai_agent_10 http://y:45241/
[rosmaster.master][INFO] 2026-05-06 16:20:53,735: -PUB [/vis/agent_3/pred_initial_intention_vis] /onlane_ai_agent_3 http://y:34155/
[rosmaster.master][INFO] 2026-05-06 16:20:53,735: -PUB [/vis/agent_2/pred_traj_openloop_vis] /onlane_ai_agent_2 http://y:37023/
[rosmaster.master][INFO] 2026-05-06 16:20:53,736: -PUB [/vis/agent_7/pred_traj_openloop_vis] /onlane_ai_agent_7 http://y:45223/
[rosmaster.master][INFO] 2026-05-06 16:20:53,736: -PUB [/vis/agent_8/ego_behavior_vis] /onlane_ai_agent_8 http://y:42429/
[rosmaster.master][INFO] 2026-05-06 16:20:53,736: -PUB [/vis/agent_4/pred_traj_openloop_vis] /onlane_ai_agent_4 http://y:44453/
[rosmaster.master][INFO] 2026-05-06 16:20:53,737: -PUB [/vis/agent_6/pred_traj_openloop_vis] /onlane_ai_agent_6 http://y:37577/
[rosmaster.master][INFO] 2026-05-06 16:20:53,737: -PUB [/vis/agent_5/pred_initial_intention_vis] /onlane_ai_agent_5 http://y:45281/
[rosmaster.master][INFO] 2026-05-06 16:20:53,738: -PUB [/vis/agent_10/pred_traj_openloop_vis] /onlane_ai_agent_10 http://y:45241/
[rosmaster.master][INFO] 2026-05-06 16:20:53,738: -PUB [/vis/agent_3/surrounding_vehicle_vis] /onlane_ai_agent_3 http://y:34155/
[rosmaster.master][INFO] 2026-05-06 16:20:53,739: -PUB [/vis/agent_2/pred_initial_intention_vis] /onlane_ai_agent_2 http://y:37023/
[rosmaster.master][INFO] 2026-05-06 16:20:53,739: -PUB [/vis/agent_7/pred_initial_intention_vis] /onlane_ai_agent_7 http://y:45223/
[rosmaster.master][INFO] 2026-05-06 16:20:53,740: -PUB [/vis/agent_8/pred_traj_openloop_vis] /onlane_ai_agent_8 http://y:42429/
[rosmaster.master][INFO] 2026-05-06 16:20:53,740: -PUB [/vis/agent_4/pred_initial_intention_vis] /onlane_ai_agent_4 http://y:44453/
[rosmaster.master][INFO] 2026-05-06 16:20:53,741: -PUB [/vis/agent_6/pred_initial_intention_vis] /onlane_ai_agent_6 http://y:37577/
[rosmaster.master][INFO] 2026-05-06 16:20:53,741: -PUB [/vis/agent_5/surrounding_vehicle_vis] /onlane_ai_agent_5 http://y:45281/
[rosmaster.master][INFO] 2026-05-06 16:20:53,741: -PUB [/vis/agent_10/pred_initial_intention_vis] /onlane_ai_agent_10 http://y:45241/
[rosmaster.master][INFO] 2026-05-06 16:20:53,742: -PUB [/vis/agent_3/speed_limit] /onlane_ai_agent_3 http://y:34155/
[rosmaster.master][INFO] 2026-05-06 16:20:53,742: -PUB [/vis/agent_2/surrounding_vehicle_vis] /onlane_ai_agent_2 http://y:37023/
[rosmaster.master][INFO] 2026-05-06 16:20:53,743: -PUB [/vis/agent_7/surrounding_vehicle_vis] /onlane_ai_agent_7 http://y:45223/
[rosmaster.master][INFO] 2026-05-06 16:20:53,743: -PUB [/vis/agent_8/pred_initial_intention_vis] /onlane_ai_agent_8 http://y:42429/
[rosmaster.master][INFO] 2026-05-06 16:20:53,744: -PUB [/vis/agent_4/surrounding_vehicle_vis] /onlane_ai_agent_4 http://y:44453/
[rosmaster.master][INFO] 2026-05-06 16:20:53,744: -PUB [/vis/agent_5/speed_limit] /onlane_ai_agent_5 http://y:45281/
[rosmaster.master][INFO] 2026-05-06 16:20:53,745: -PUB [/vis/agent_6/surrounding_vehicle_vis] /onlane_ai_agent_6 http://y:37577/
[rosmaster.master][INFO] 2026-05-06 16:20:53,745: -PUB [/vis/agent_10/surrounding_vehicle_vis] /onlane_ai_agent_10 http://y:45241/
[rosmaster.master][INFO] 2026-05-06 16:20:53,746: -PUB [/vis/agent_3/forward_trajs] /onlane_ai_agent_3 http://y:34155/
[rosmaster.master][INFO] 2026-05-06 16:20:53,746: -PUB [/vis/agent_2/speed_limit] /onlane_ai_agent_2 http://y:37023/
[rosmaster.master][INFO] 2026-05-06 16:20:53,746: -PUB [/vis/agent_7/speed_limit] /onlane_ai_agent_7 http://y:45223/
[rosmaster.master][INFO] 2026-05-06 16:20:53,747: -PUB [/vis/agent_8/surrounding_vehicle_vis] /onlane_ai_agent_8 http://y:42429/
[rosmaster.master][INFO] 2026-05-06 16:20:53,748: -PUB [/vis/agent_4/speed_limit] /onlane_ai_agent_4 http://y:44453/
[rosmaster.master][INFO] 2026-05-06 16:20:53,748: -PUB [/vis/agent_5/forward_trajs] /onlane_ai_agent_5 http://y:45281/
[rosmaster.master][INFO] 2026-05-06 16:20:53,749: -PUB [/vis/agent_6/speed_limit] /onlane_ai_agent_6 http://y:37577/
[rosmaster.master][INFO] 2026-05-06 16:20:53,749: -PUB [/vis/agent_10/speed_limit] /onlane_ai_agent_10 http://y:45241/
[rosmaster.master][INFO] 2026-05-06 16:20:53,750: -PUB [/vis/agent_7/forward_trajs] /onlane_ai_agent_7 http://y:45223/
[rosmaster.master][INFO] 2026-05-06 16:20:53,750: -PUB [/vis/agent_2/forward_trajs] /onlane_ai_agent_2 http://y:37023/
[rosmaster.master][INFO] 2026-05-06 16:20:53,751: -SUB [/arena_info_static] /onlane_ai_agent_3 http://y:34155/
[rosmaster.master][INFO] 2026-05-06 16:20:53,751: -PUB [/vis/agent_8/speed_limit] /onlane_ai_agent_8 http://y:42429/
[rosmaster.master][INFO] 2026-05-06 16:20:53,752: -PUB [/vis/agent_4/forward_trajs] /onlane_ai_agent_4 http://y:44453/
[rosmaster.master][INFO] 2026-05-06 16:20:53,752: -SUB [/arena_info_static] /onlane_ai_agent_5 http://y:45281/
[rosmaster.master][INFO] 2026-05-06 16:20:53,753: -PUB [/vis/agent_6/forward_trajs] /onlane_ai_agent_6 http://y:37577/
[rosmaster.master][INFO] 2026-05-06 16:20:53,753: -PUB [/vis/agent_10/forward_trajs] /onlane_ai_agent_10 http://y:45241/
[rosmaster.master][INFO] 2026-05-06 16:20:53,754: -SUB [/arena_info_static] /onlane_ai_agent_7 http://y:45223/
[rosmaster.master][INFO] 2026-05-06 16:20:53,754: -SUB [/arena_info_static] /onlane_ai_agent_2 http://y:37023/
[rosmaster.master][INFO] 2026-05-06 16:20:53,755: -PUB [/vis/agent_8/forward_trajs] /onlane_ai_agent_8 http://y:42429/
[rosmaster.master][INFO] 2026-05-06 16:20:53,755: -SUB [/arena_info_static] /onlane_ai_agent_4 http://y:44453/
[rosmaster.master][INFO] 2026-05-06 16:20:53,756: -SUB [/arena_info_dynamic] /onlane_ai_agent_5 http://y:45281/
[rosmaster.master][INFO] 2026-05-06 16:20:53,756: -SUB [/arena_info_static] /onlane_ai_agent_6 http://y:37577/
[rosmaster.master][INFO] 2026-05-06 16:20:53,756: -SUB [/arena_info_static] /onlane_ai_agent_10 http://y:45241/
[rosmaster.master][INFO] 2026-05-06 16:20:53,757: -SUB [/arena_info_dynamic] /onlane_ai_agent_3 http://y:34155/
[rosmaster.master][INFO] 2026-05-06 16:20:53,757: -SUB [/arena_info_dynamic] /onlane_ai_agent_7 http://y:45223/
[rosmaster.master][INFO] 2026-05-06 16:20:53,757: -SUB [/arena_info_dynamic] /onlane_ai_agent_2 http://y:37023/
[rosmaster.master][INFO] 2026-05-06 16:20:53,758: -SUB [/arena_info_static] /onlane_ai_agent_8 http://y:42429/
[rosmaster.master][INFO] 2026-05-06 16:20:53,758: -SUB [/arena_info_dynamic] /onlane_ai_agent_4 http://y:44453/
[rosmaster.master][INFO] 2026-05-06 16:20:53,758: -SUB [/joy] /onlane_ai_agent_5 http://y:45281/
[rosmaster.master][INFO] 2026-05-06 16:20:53,759: -SUB [/arena_info_dynamic] /onlane_ai_agent_6 http://y:37577/
[rosmaster.master][INFO] 2026-05-06 16:20:53,759: -SUB [/arena_info_dynamic] /onlane_ai_agent_10 http://y:45241/
[rosmaster.master][INFO] 2026-05-06 16:20:53,759: -SUB [/joy] /onlane_ai_agent_7 http://y:45223/
[rosmaster.master][INFO] 2026-05-06 16:20:53,760: -SUB [/joy] /onlane_ai_agent_3 http://y:34155/
[rosmaster.master][INFO] 2026-05-06 16:20:53,760: -SUB [/joy] /onlane_ai_agent_2 http://y:37023/
[rosmaster.master][INFO] 2026-05-06 16:20:53,760: -SUB [/joy] /onlane_ai_agent_4 http://y:44453/
[rosmaster.master][INFO] 2026-05-06 16:20:53,760: -SUB [/arena_info_dynamic] /onlane_ai_agent_8 http://y:42429/
[rosmaster.master][INFO] 2026-05-06 16:20:53,761: -SERVICE [/onlane_ai_agent_5/get_loggers] /onlane_ai_agent_5 rosrpc://y:44607
[rosmaster.master][INFO] 2026-05-06 16:20:53,761: -SUB [/joy] /onlane_ai_agent_6 http://y:37577/
[rosmaster.master][INFO] 2026-05-06 16:20:53,761: -SUB [/joy] /onlane_ai_agent_10 http://y:45241/
[rosmaster.master][INFO] 2026-05-06 16:20:53,761: -SERVICE [/onlane_ai_agent_7/get_loggers] /onlane_ai_agent_7 rosrpc://y:60641
[rosmaster.master][INFO] 2026-05-06 16:20:53,761: -SERVICE [/onlane_ai_agent_3/get_loggers] /onlane_ai_agent_3 rosrpc://y:36227
[rosmaster.master][INFO] 2026-05-06 16:20:53,762: -SERVICE [/onlane_ai_agent_2/get_loggers] /onlane_ai_agent_2 rosrpc://y:38925
[rosmaster.master][INFO] 2026-05-06 16:20:53,762: -SERVICE [/onlane_ai_agent_4/get_loggers] /onlane_ai_agent_4 rosrpc://y:41103
[rosmaster.master][INFO] 2026-05-06 16:20:53,762: -SUB [/joy] /onlane_ai_agent_8 http://y:42429/
[rosmaster.master][INFO] 2026-05-06 16:20:53,763: -SERVICE [/onlane_ai_agent_5/set_logger_level] /onlane_ai_agent_5 rosrpc://y:44607
[rosmaster.master][INFO] 2026-05-06 16:20:53,763: -SERVICE [/onlane_ai_agent_6/get_loggers] /onlane_ai_agent_6 rosrpc://y:41709
[rosmaster.master][INFO] 2026-05-06 16:20:53,763: -SERVICE [/onlane_ai_agent_10/get_loggers] /onlane_ai_agent_10 rosrpc://y:42525
[rosmaster.master][INFO] 2026-05-06 16:20:53,763: -SERVICE [/onlane_ai_agent_7/set_logger_level] /onlane_ai_agent_7 rosrpc://y:60641
[rosmaster.master][INFO] 2026-05-06 16:20:53,763: -SERVICE [/onlane_ai_agent_3/set_logger_level] /onlane_ai_agent_3 rosrpc://y:36227
[rosmaster.master][INFO] 2026-05-06 16:20:53,764: -SERVICE [/onlane_ai_agent_2/set_logger_level] /onlane_ai_agent_2 rosrpc://y:38925
[rosmaster.master][INFO] 2026-05-06 16:20:53,764: -SERVICE [/onlane_ai_agent_4/set_logger_level] /onlane_ai_agent_4 rosrpc://y:41103
[rosmaster.master][INFO] 2026-05-06 16:20:53,764: -SERVICE [/onlane_ai_agent_8/get_loggers] /onlane_ai_agent_8 rosrpc://y:53143
[rosmaster.master][INFO] 2026-05-06 16:20:53,764: -SERVICE [/onlane_ai_agent_6/set_logger_level] /onlane_ai_agent_6 rosrpc://y:41709
[rosmaster.master][INFO] 2026-05-06 16:20:53,764: -SERVICE [/onlane_ai_agent_10/set_logger_level] /onlane_ai_agent_10 rosrpc://y:42525
[rosmaster.master][INFO] 2026-05-06 16:20:53,764: -SERVICE [/onlane_ai_agent_8/set_logger_level] /onlane_ai_agent_8 rosrpc://y:53143
[rosmaster.master][INFO] 2026-05-06 16:20:53,799: -PUB [/rosout] /onlane_ai_agent_1 http://y:37815/
[rosmaster.master][INFO] 2026-05-06 16:20:53,799: -PUB [/ctrl/agent_1] /onlane_ai_agent_1 http://y:37815/
[rosmaster.master][INFO] 2026-05-06 16:20:53,800: -PUB [/tf] /onlane_ai_agent_1 http://y:37815/
[rosmaster.master][INFO] 2026-05-06 16:20:53,801: -PUB [/rosout] /test_ssc_with_eudm_0 http://y:43005/
[rosmaster.master][INFO] 2026-05-06 16:20:53,802: -PUB [/vis/agent_1/ego_vehicle_vis] /onlane_ai_agent_1 http://y:37815/
[rosmaster.master][INFO] 2026-05-06 16:20:53,802: -PUB [/tf] /test_ssc_with_eudm_0 http://y:43005/
[rosmaster.master][INFO] 2026-05-06 16:20:53,803: -PUB [/vis/agent_1/obstacle_map] /onlane_ai_agent_1 http://y:37815/
[rosmaster.master][INFO] 2026-05-06 16:20:53,804: -PUB [/vis/agent_0/ego_vehicle_vis] /test_ssc_with_eudm_0 http://y:43005/
[rosmaster.master][INFO] 2026-05-06 16:20:53,804: -PUB [/vis/agent_1/surrounding_lane_net_vis] /onlane_ai_agent_1 http://y:37815/
[rosmaster.master][INFO] 2026-05-06 16:20:53,805: -PUB [/vis/agent_0/obstacle_map] /test_ssc_with_eudm_0 http://y:43005/
[rosmaster.master][INFO] 2026-05-06 16:20:53,805: -PUB [/vis/agent_1/local_lanes_vis] /onlane_ai_agent_1 http://y:37815/
[rosmaster.master][INFO] 2026-05-06 16:20:53,806: -PUB [/vis/agent_0/surrounding_lane_net_vis] /test_ssc_with_eudm_0 http://y:43005/
[rosmaster.master][INFO] 2026-05-06 16:20:53,806: publisherUpdate[/rosout] -> http://y:41937/ ['http://y:43005/']
[rosmaster.master][INFO] 2026-05-06 16:20:53,807: -PUB [/vis/agent_1/ego_behavior_vis] /onlane_ai_agent_1 http://y:37815/
[rosmaster.master][INFO] 2026-05-06 16:20:53,807: -PUB [/vis/agent_0/local_lanes_vis] /test_ssc_with_eudm_0 http://y:43005/
[rosmaster.master][INFO] 2026-05-06 16:20:53,808: -PUB [/vis/agent_1/pred_traj_openloop_vis] /onlane_ai_agent_1 http://y:37815/
[rosmaster.master][INFO] 2026-05-06 16:20:53,808: -PUB [/vis/agent_0/ego_behavior_vis] /test_ssc_with_eudm_0 http://y:43005/
[rosmaster.master][INFO] 2026-05-06 16:20:53,809: -PUB [/vis/agent_1/pred_initial_intention_vis] /onlane_ai_agent_1 http://y:37815/
[rosmaster.master][INFO] 2026-05-06 16:20:53,809: publisherUpdate[/rosout] -> http://y:41937/ ['http://y:43005/']: sec=0.00, result=[1, '', 0]
[rosmaster.master][INFO] 2026-05-06 16:20:53,810: -PUB [/vis/agent_0/pred_traj_openloop_vis] /test_ssc_with_eudm_0 http://y:43005/
[rosmaster.master][INFO] 2026-05-06 16:20:53,810: publisherUpdate[/rosout] -> http://y:41937/ []
[rosmaster.master][INFO] 2026-05-06 16:20:53,811: -PUB [/vis/agent_1/surrounding_vehicle_vis] /onlane_ai_agent_1 http://y:37815/
[rosmaster.master][INFO] 2026-05-06 16:20:53,811: publisherUpdate[/rosout] -> http://y:41937/ []: sec=0.00, result=[1, '', 0]
[rosmaster.master][INFO] 2026-05-06 16:20:53,812: -PUB [/vis/agent_0/pred_initial_intention_vis] /test_ssc_with_eudm_0 http://y:43005/
[rosmaster.master][INFO] 2026-05-06 16:20:53,812: -PUB [/vis/agent_1/speed_limit] /onlane_ai_agent_1 http://y:37815/
[rosmaster.master][INFO] 2026-05-06 16:20:53,813: -PUB [/vis/agent_0/surrounding_vehicle_vis] /test_ssc_with_eudm_0 http://y:43005/
[rosmaster.master][INFO] 2026-05-06 16:20:53,813: -PUB [/vis/agent_1/forward_trajs] /onlane_ai_agent_1 http://y:37815/
[rosmaster.master][INFO] 2026-05-06 16:20:53,813: -SUB [/arena_info_static] /onlane_ai_agent_1 http://y:37815/
[rosmaster.master][INFO] 2026-05-06 16:20:53,813: -PUB [/vis/agent_0/speed_limit] /test_ssc_with_eudm_0 http://y:43005/
[rosmaster.master][INFO] 2026-05-06 16:20:53,813: -SUB [/arena_info_dynamic] /onlane_ai_agent_1 http://y:37815/
[rosmaster.master][INFO] 2026-05-06 16:20:53,814: -PUB [/vis/agent_0/ssc/map_vis] /test_ssc_with_eudm_0 http://y:43005/
[rosmaster.master][INFO] 2026-05-06 16:20:53,814: -SUB [/joy] /onlane_ai_agent_1 http://y:37815/
[rosmaster.master][INFO] 2026-05-06 16:20:53,814: -PUB [/vis/agent_0/ssc/qp_vis] /test_ssc_with_eudm_0 http://y:43005/
[rosmaster.master][INFO] 2026-05-06 16:20:53,814: -SERVICE [/onlane_ai_agent_1/get_loggers] /onlane_ai_agent_1 rosrpc://y:52941
[rosmaster.master][INFO] 2026-05-06 16:20:53,814: -PUB [/vis/agent_0/ssc/ego_fs_vis] /test_ssc_with_eudm_0 http://y:43005/
[rosmaster.master][INFO] 2026-05-06 16:20:53,815: -SERVICE [/onlane_ai_agent_1/set_logger_level] /onlane_ai_agent_1 rosrpc://y:52941
[rosmaster.master][INFO] 2026-05-06 16:20:53,815: -PUB [/vis/agent_0/ssc/forward_trajs_vis] /test_ssc_with_eudm_0 http://y:43005/
[rosmaster.master][INFO] 2026-05-06 16:20:53,815: -PUB [/vis/agent_0/ssc/sur_vehicle_trajs_vis] /test_ssc_with_eudm_0 http://y:43005/
[rosmaster.master][INFO] 2026-05-06 16:20:53,815: -PUB [/vis/agent_0/ssc/corridor_vis] /test_ssc_with_eudm_0 http://y:43005/
[rosmaster.master][INFO] 2026-05-06 16:20:53,815: -PUB [/vis/agent_0/forward_trajs] /test_ssc_with_eudm_0 http://y:43005/
[rosmaster.master][INFO] 2026-05-06 16:20:53,816: -PUB [/ctrl/agent_0] /test_ssc_with_eudm_0 http://y:43005/
[rosmaster.master][INFO] 2026-05-06 16:20:53,816: -PUB [/test_ssc_with_eudm_0/ssc_map] /test_ssc_with_eudm_0 http://y:43005/
[rosmaster.master][INFO] 2026-05-06 16:20:53,816: -PUB [/vis/agent_0/ssc/exec_traj] /test_ssc_with_eudm_0 http://y:43005/
[rosmaster.master][INFO] 2026-05-06 16:20:53,816: -SUB [/joy] /test_ssc_with_eudm_0 http://y:43005/
[rosmaster.master][INFO] 2026-05-06 16:20:53,817: -SUB [/arena_info_static] /test_ssc_with_eudm_0 http://y:43005/
[rosmaster.master][INFO] 2026-05-06 16:20:53,817: -SUB [/arena_info_dynamic] /test_ssc_with_eudm_0 http://y:43005/
[rosmaster.master][INFO] 2026-05-06 16:20:53,817: -SERVICE [/test_ssc_with_eudm_0/get_loggers] /test_ssc_with_eudm_0 rosrpc://y:37959
[rosmaster.master][INFO] 2026-05-06 16:20:53,817: -SERVICE [/test_ssc_with_eudm_0/set_logger_level] /test_ssc_with_eudm_0 rosrpc://y:37959
[rosmaster.master][INFO] 2026-05-06 16:20:53,817: -CACHEDPARAM [/rosout_disable_topics_generation] by /test_ssc_with_eudm_0
[rosmaster.master][INFO] 2026-05-06 16:20:54,112: -PUB [/rosout_agg] /rosout http://y:41937/
[rosmaster.master][INFO] 2026-05-06 16:20:54,113: -SUB [/rosout] /rosout http://y:41937/
[rosmaster.master][INFO] 2026-05-06 16:20:54,113: -SERVICE [/rosout/get_loggers] /rosout rosrpc://y:54425
[rosmaster.master][INFO] 2026-05-06 16:20:54,113: -SERVICE [/rosout/set_logger_level] /rosout rosrpc://y:54425
[rosmaster.master][INFO] 2026-05-06 16:20:54,114: -CACHEDPARAM [/rosout/omit_topics] by /rosout
[rosmaster.main][INFO] 2026-05-06 16:20:54,138: keyboard interrupt, will exit
[rosmaster.main][INFO] 2026-05-06 16:20:54,138: stopping master...
[rospy.core][INFO] 2026-05-06 16:20:54,138: signal_shutdown [atexit]
