[rosmaster.main][INFO] 2026-04-25 19:23:36,823: initialization complete, waiting for shutdown
[rosmaster.main][INFO] 2026-04-25 19:23:36,823: Starting ROS Master Node
[xmlrpc][INFO] 2026-04-25 19:23:36,836: XML-RPC server binding to 0.0.0.0:11311
[xmlrpc][INFO] 2026-04-25 19:23:36,836: Started XML-RPC server [http://y:11311/]
[rosmaster.master][INFO] 2026-04-25 19:23:36,836: Master initialized: port[11311], uri[http://y:11311/]
[xmlrpc][INFO] 2026-04-25 19:23:36,836: xml rpc node: starting XML-RPC server
[rosmaster.master][INFO] 2026-04-25 19:23:36,862: +PARAM [/run_id] by /roslaunch
[rosmaster.master][INFO] 2026-04-25 19:23:36,862: +PARAM [/roslaunch/uris/host_y__44665] by /roslaunch
[rosmaster.master][INFO] 2026-04-25 19:23:36,901: +PARAM [/rosversion] by /roslaunch
[rosmaster.master][INFO] 2026-04-25 19:23:36,901: +PARAM [/rosdistro] by /roslaunch
[rosmaster.master][INFO] 2026-04-25 19:23:36,901: +PARAM [/test_ssc_with_mpdm_0/ego_id] by /roslaunch
[rosmaster.master][INFO] 2026-04-25 19:23:36,901: +PARAM [/test_ssc_with_mpdm_0/agent_config_path] by /roslaunch
[rosmaster.master][INFO] 2026-04-25 19:23:36,901: +PARAM [/test_ssc_with_mpdm_0/ssc_config_path] by /roslaunch
[rosmaster.master][INFO] 2026-04-25 19:23:36,901: +PARAM [/test_ssc_with_mpdm_0/desired_vel] by /roslaunch
[rosmaster.master][INFO] 2026-04-25 19:23:36,901: +PARAM [/test_ssc_with_mpdm_0/use_sim_state] by /roslaunch
[rosmaster.master][INFO] 2026-04-25 19:23:36,901: +PARAM [/onlane_ai_agent_1/ego_id] by /roslaunch
[rosmaster.master][INFO] 2026-04-25 19:23:36,901: +PARAM [/onlane_ai_agent_1/agent_config_path] by /roslaunch
[rosmaster.master][INFO] 2026-04-25 19:23:36,901: +PARAM [/onlane_ai_agent_1/desired_vel] by /roslaunch
[rosmaster.master][INFO] 2026-04-25 19:23:36,901: +PARAM [/onlane_ai_agent_1/autonomous_level] by /roslaunch
[rosmaster.master][INFO] 2026-04-25 19:23:36,901: +PARAM [/onlane_ai_agent_1/aggressiveness_level] by /roslaunch
[rosmaster.master][INFO] 2026-04-25 19:23:36,901: +PARAM [/onlane_ai_agent_2/ego_id] by /roslaunch
[rosmaster.master][INFO] 2026-04-25 19:23:36,901: +PARAM [/onlane_ai_agent_2/agent_config_path] by /roslaunch
[rosmaster.master][INFO] 2026-04-25 19:23:36,901: +PARAM [/onlane_ai_agent_2/desired_vel] by /roslaunch
[rosmaster.master][INFO] 2026-04-25 19:23:36,901: +PARAM [/onlane_ai_agent_2/autonomous_level] by /roslaunch
[rosmaster.master][INFO] 2026-04-25 19:23:36,902: +PARAM [/onlane_ai_agent_2/aggressiveness_level] by /roslaunch
[rosmaster.master][INFO] 2026-04-25 19:23:36,902: +PARAM [/onlane_ai_agent_3/ego_id] by /roslaunch
[rosmaster.master][INFO] 2026-04-25 19:23:36,902: +PARAM [/onlane_ai_agent_3/agent_config_path] by /roslaunch
[rosmaster.master][INFO] 2026-04-25 19:23:36,902: +PARAM [/onlane_ai_agent_3/desired_vel] by /roslaunch
[rosmaster.master][INFO] 2026-04-25 19:23:36,902: +PARAM [/onlane_ai_agent_3/autonomous_level] by /roslaunch
[rosmaster.master][INFO] 2026-04-25 19:23:36,902: +PARAM [/onlane_ai_agent_3/aggressiveness_level] by /roslaunch
[rosmaster.master][INFO] 2026-04-25 19:23:36,902: +PARAM [/onlane_ai_agent_4/ego_id] by /roslaunch
[rosmaster.master][INFO] 2026-04-25 19:23:36,902: +PARAM [/onlane_ai_agent_4/agent_config_path] by /roslaunch
[rosmaster.master][INFO] 2026-04-25 19:23:36,902: +PARAM [/onlane_ai_agent_4/desired_vel] by /roslaunch
[rosmaster.master][INFO] 2026-04-25 19:23:36,902: +PARAM [/onlane_ai_agent_4/autonomous_level] by /roslaunch
[rosmaster.master][INFO] 2026-04-25 19:23:36,902: +PARAM [/onlane_ai_agent_4/aggressiveness_level] by /roslaunch
[rosmaster.master][INFO] 2026-04-25 19:23:36,902: +PARAM [/onlane_ai_agent_5/ego_id] by /roslaunch
[rosmaster.master][INFO] 2026-04-25 19:23:36,902: +PARAM [/onlane_ai_agent_5/agent_config_path] by /roslaunch
[rosmaster.master][INFO] 2026-04-25 19:23:36,902: +PARAM [/onlane_ai_agent_5/desired_vel] by /roslaunch
[rosmaster.master][INFO] 2026-04-25 19:23:36,902: +PARAM [/onlane_ai_agent_5/autonomous_level] by /roslaunch
[rosmaster.master][INFO] 2026-04-25 19:23:36,902: +PARAM [/onlane_ai_agent_5/aggressiveness_level] by /roslaunch
[rosmaster.master][INFO] 2026-04-25 19:23:36,902: +PARAM [/onlane_ai_agent_6/ego_id] by /roslaunch
[rosmaster.master][INFO] 2026-04-25 19:23:36,902: +PARAM [/onlane_ai_agent_6/agent_config_path] by /roslaunch
[rosmaster.master][INFO] 2026-04-25 19:23:36,902: +PARAM [/onlane_ai_agent_6/desired_vel] by /roslaunch
[rosmaster.master][INFO] 2026-04-25 19:23:36,902: +PARAM [/onlane_ai_agent_6/autonomous_level] by /roslaunch
[rosmaster.master][INFO] 2026-04-25 19:23:36,902: +PARAM [/onlane_ai_agent_6/aggressiveness_level] by /roslaunch
[rosmaster.master][INFO] 2026-04-25 19:23:36,902: +PARAM [/onlane_ai_agent_7/ego_id] by /roslaunch
[rosmaster.master][INFO] 2026-04-25 19:23:36,902: +PARAM [/onlane_ai_agent_7/agent_config_path] by /roslaunch
[rosmaster.master][INFO] 2026-04-25 19:23:36,902: +PARAM [/onlane_ai_agent_7/desired_vel] by /roslaunch
[rosmaster.master][INFO] 2026-04-25 19:23:36,902: +PARAM [/onlane_ai_agent_7/autonomous_level] by /roslaunch
[rosmaster.master][INFO] 2026-04-25 19:23:36,902: +PARAM [/onlane_ai_agent_7/aggressiveness_level] by /roslaunch
[rosmaster.master][INFO] 2026-04-25 19:23:36,902: +PARAM [/onlane_ai_agent_8/ego_id] by /roslaunch
[rosmaster.master][INFO] 2026-04-25 19:23:36,902: +PARAM [/onlane_ai_agent_8/agent_config_path] by /roslaunch
[rosmaster.master][INFO] 2026-04-25 19:23:36,902: +PARAM [/onlane_ai_agent_8/desired_vel] by /roslaunch
[rosmaster.master][INFO] 2026-04-25 19:23:36,902: +PARAM [/onlane_ai_agent_8/autonomous_level] by /roslaunch
[rosmaster.master][INFO] 2026-04-25 19:23:36,902: +PARAM [/onlane_ai_agent_8/aggressiveness_level] by /roslaunch
[rosmaster.master][INFO] 2026-04-25 19:23:36,902: +PARAM [/onlane_ai_agent_9/ego_id] by /roslaunch
[rosmaster.master][INFO] 2026-04-25 19:23:36,902: +PARAM [/onlane_ai_agent_9/agent_config_path] by /roslaunch
[rosmaster.master][INFO] 2026-04-25 19:23:36,902: +PARAM [/onlane_ai_agent_9/desired_vel] by /roslaunch
[rosmaster.master][INFO] 2026-04-25 19:23:36,902: +PARAM [/onlane_ai_agent_9/autonomous_level] by /roslaunch
[rosmaster.master][INFO] 2026-04-25 19:23:36,902: +PARAM [/onlane_ai_agent_9/aggressiveness_level] by /roslaunch
[rosmaster.master][INFO] 2026-04-25 19:23:36,902: +PARAM [/onlane_ai_agent_10/ego_id] by /roslaunch
[rosmaster.master][INFO] 2026-04-25 19:23:36,903: +PARAM [/onlane_ai_agent_10/agent_config_path] by /roslaunch
[rosmaster.master][INFO] 2026-04-25 19:23:36,903: +PARAM [/onlane_ai_agent_10/desired_vel] by /roslaunch
[rosmaster.master][INFO] 2026-04-25 19:23:36,903: +PARAM [/onlane_ai_agent_10/autonomous_level] by /roslaunch
[rosmaster.master][INFO] 2026-04-25 19:23:36,903: +PARAM [/onlane_ai_agent_10/aggressiveness_level] by /roslaunch
[rosmaster.master][INFO] 2026-04-25 19:23:36,903: +PARAM [/joy_node/dev] by /roslaunch
[rosmaster.master][INFO] 2026-04-25 19:23:36,903: +PARAM [/phy_simulator_planning_node/vehicle_info_path] by /roslaunch
[rosmaster.master][INFO] 2026-04-25 19:23:36,903: +PARAM [/phy_simulator_planning_node/map_path] by /roslaunch
[rosmaster.master][INFO] 2026-04-25 19:23:36,903: +PARAM [/phy_simulator_planning_node/lane_net_path] by /roslaunch
[rosmaster.master][INFO] 2026-04-25 19:23:36,903: +SERVICE [/rosout/get_loggers] /rosout http://y:42537/
[rosmaster.master][INFO] 2026-04-25 19:23:36,904: +SERVICE [/rosout/set_logger_level] /rosout http://y:42537/
[rosmaster.master][INFO] 2026-04-25 19:23:36,904: +PUB [/rosout_agg] /rosout http://y:42537/
[rosmaster.master][INFO] 2026-04-25 19:23:36,905: +SUB [/rosout] /rosout http://y:42537/
[rosmaster.master][INFO] 2026-04-25 19:23:36,930: +PUB [/rosout] /onlane_ai_agent_1 http://y:44941/
[rosmaster.master][INFO] 2026-04-25 19:23:36,930: +SERVICE [/onlane_ai_agent_1/get_loggers] /onlane_ai_agent_1 http://y:44941/
[rosmaster.master][INFO] 2026-04-25 19:23:36,931: +SERVICE [/onlane_ai_agent_1/set_logger_level] /onlane_ai_agent_1 http://y:44941/
[rosmaster.master][INFO] 2026-04-25 19:23:36,932: +PUB [/ctrl/agent_1] /onlane_ai_agent_1 http://y:44941/
[rosmaster.master][INFO] 2026-04-25 19:23:36,932: publisherUpdate[/rosout] -> http://y:42537/ ['http://y:44941/']
[rosmaster.master][INFO] 2026-04-25 19:23:36,935: publisherUpdate[/rosout] -> http://y:42537/ ['http://y:44941/']: sec=0.00, result=[1, '', 0]
[rosmaster.master][INFO] 2026-04-25 19:23:36,939: +PUB [/rosout] /test_ssc_with_mpdm_0 http://y:44303/
[rosmaster.master][INFO] 2026-04-25 19:23:36,940: +SERVICE [/test_ssc_with_mpdm_0/get_loggers] /test_ssc_with_mpdm_0 http://y:44303/
[rosmaster.master][INFO] 2026-04-25 19:23:36,941: +PUB [/rosout] /onlane_ai_agent_2 http://y:41509/
[rosmaster.master][INFO] 2026-04-25 19:23:36,941: +PUB [/rosout] /onlane_ai_agent_3 http://y:40859/
[rosmaster.master][INFO] 2026-04-25 19:23:36,941: +SERVICE [/onlane_ai_agent_2/get_loggers] /onlane_ai_agent_2 http://y:41509/
[rosmaster.master][INFO] 2026-04-25 19:23:36,943: +SERVICE [/test_ssc_with_mpdm_0/set_logger_level] /test_ssc_with_mpdm_0 http://y:44303/
[rosmaster.master][INFO] 2026-04-25 19:23:36,944: +PUB [/tf] /onlane_ai_agent_1 http://y:44941/
[rosmaster.master][INFO] 2026-04-25 19:23:36,944: +SERVICE [/onlane_ai_agent_2/set_logger_level] /onlane_ai_agent_2 http://y:41509/
[rosmaster.master][INFO] 2026-04-25 19:23:36,944: +SERVICE [/onlane_ai_agent_3/get_loggers] /onlane_ai_agent_3 http://y:40859/
[rosmaster.master][INFO] 2026-04-25 19:23:36,945: +SERVICE [/onlane_ai_agent_3/set_logger_level] /onlane_ai_agent_3 http://y:40859/
[rosmaster.master][INFO] 2026-04-25 19:23:36,945: +PUB [/vis/agent_1/ego_vehicle_vis] /onlane_ai_agent_1 http://y:44941/
[rosmaster.master][INFO] 2026-04-25 19:23:36,945: +PUB [/vis/agent_1/obstacle_map] /onlane_ai_agent_1 http://y:44941/
[rosmaster.master][INFO] 2026-04-25 19:23:36,946: +PUB [/vis/agent_1/surrounding_lane_net_vis] /onlane_ai_agent_1 http://y:44941/
[rosmaster.master][INFO] 2026-04-25 19:23:36,946: +PUB [/vis/agent_1/local_lanes_vis] /onlane_ai_agent_1 http://y:44941/
[rosmaster.master][INFO] 2026-04-25 19:23:36,946: +PUB [/ctrl/agent_3] /onlane_ai_agent_3 http://y:40859/
[rosmaster.master][INFO] 2026-04-25 19:23:36,946: +PUB [/vis/agent_1/ego_behavior_vis] /onlane_ai_agent_1 http://y:44941/
[rosmaster.master][INFO] 2026-04-25 19:23:36,947: +PUB [/vis/agent_1/pred_traj_openloop_vis] /onlane_ai_agent_1 http://y:44941/
[rosmaster.master][INFO] 2026-04-25 19:23:36,947: +PUB [/vis/agent_1/pred_initial_intention_vis] /onlane_ai_agent_1 http://y:44941/
[rosmaster.master][INFO] 2026-04-25 19:23:36,947: +PUB [/vis/agent_1/surrounding_vehicle_vis] /onlane_ai_agent_1 http://y:44941/
[rosmaster.master][INFO] 2026-04-25 19:23:36,948: +PUB [/vis/agent_1/speed_limit] /onlane_ai_agent_1 http://y:44941/
[rosmaster.master][INFO] 2026-04-25 19:23:36,957: +PUB [/tf] /onlane_ai_agent_3 http://y:40859/
[rosmaster.master][INFO] 2026-04-25 19:23:36,959: +PUB [/rosout] /onlane_ai_agent_6 http://y:42827/
[rosmaster.master][INFO] 2026-04-25 19:23:36,959: +SERVICE [/onlane_ai_agent_6/get_loggers] /onlane_ai_agent_6 http://y:42827/
[rosmaster.master][INFO] 2026-04-25 19:23:36,959: +PUB [/vis/agent_3/ego_vehicle_vis] /onlane_ai_agent_3 http://y:40859/
[rosmaster.master][INFO] 2026-04-25 19:23:36,960: +SERVICE [/onlane_ai_agent_6/set_logger_level] /onlane_ai_agent_6 http://y:42827/
[rosmaster.master][INFO] 2026-04-25 19:23:36,961: +PUB [/vis/agent_3/obstacle_map] /onlane_ai_agent_3 http://y:40859/
[rosmaster.master][INFO] 2026-04-25 19:23:36,966: +SUB [/arena_info_static] /onlane_ai_agent_1 http://y:44941/
[rosmaster.master][INFO] 2026-04-25 19:23:36,966: +PUB [/vis/agent_3/surrounding_lane_net_vis] /onlane_ai_agent_3 http://y:40859/
[rosmaster.master][INFO] 2026-04-25 19:23:36,967: +PUB [/vis/agent_3/local_lanes_vis] /onlane_ai_agent_3 http://y:40859/
[rosmaster.master][INFO] 2026-04-25 19:23:36,968: +PUB [/vis/agent_3/ego_behavior_vis] /onlane_ai_agent_3 http://y:40859/
[rosmaster.master][INFO] 2026-04-25 19:23:36,968: +PUB [/rosout] /onlane_ai_agent_4 http://y:42725/
[rosmaster.master][INFO] 2026-04-25 19:23:36,968: +PUB [/vis/agent_3/pred_traj_openloop_vis] /onlane_ai_agent_3 http://y:40859/
[rosmaster.master][INFO] 2026-04-25 19:23:36,969: +PUB [/vis/agent_3/pred_initial_intention_vis] /onlane_ai_agent_3 http://y:40859/
[rosmaster.master][INFO] 2026-04-25 19:23:36,969: +SUB [/arena_info_dynamic] /onlane_ai_agent_1 http://y:44941/
[rosmaster.master][INFO] 2026-04-25 19:23:36,970: +PUB [/vis/agent_3/surrounding_vehicle_vis] /onlane_ai_agent_3 http://y:40859/
[rosmaster.master][INFO] 2026-04-25 19:23:36,970: +PUB [/vis/agent_3/speed_limit] /onlane_ai_agent_3 http://y:40859/
[rosmaster.master][INFO] 2026-04-25 19:23:36,972: +SERVICE [/onlane_ai_agent_4/get_loggers] /onlane_ai_agent_4 http://y:42725/
[rosmaster.master][INFO] 2026-04-25 19:23:36,983: +PUB [/rosout] /onlane_ai_agent_5 http://y:44889/
[rosmaster.master][INFO] 2026-04-25 19:23:36,984: +SUB [/joy] /onlane_ai_agent_1 http://y:44941/
[rosmaster.master][INFO] 2026-04-25 19:23:36,984: +SUB [/arena_info_static] /onlane_ai_agent_3 http://y:40859/
[rosmaster.master][INFO] 2026-04-25 19:23:36,984: +PUB [/vis/agent_1/forward_trajs] /onlane_ai_agent_1 http://y:44941/
[rosmaster.master][INFO] 2026-04-25 19:23:36,985: +SUB [/arena_info_dynamic] /onlane_ai_agent_3 http://y:40859/
[rosmaster.master][INFO] 2026-04-25 19:23:36,986: +SUB [/joy] /onlane_ai_agent_3 http://y:40859/
[rosmaster.master][INFO] 2026-04-25 19:23:36,986: +PUB [/vis/agent_3/forward_trajs] /onlane_ai_agent_3 http://y:40859/
[rosmaster.master][INFO] 2026-04-25 19:23:36,991: +PUB [/rosout] /onlane_ai_agent_7 http://y:43245/
[rosmaster.master][INFO] 2026-04-25 19:23:36,992: +PUB [/tf] /test_ssc_with_mpdm_0 http://y:44303/
[rosmaster.master][INFO] 2026-04-25 19:23:36,992: +SERVICE [/onlane_ai_agent_4/set_logger_level] /onlane_ai_agent_4 http://y:42725/
[rosmaster.master][INFO] 2026-04-25 19:23:36,994: +PUB [/vis/agent_0/ego_vehicle_vis] /test_ssc_with_mpdm_0 http://y:44303/
[rosmaster.master][INFO] 2026-04-25 19:23:36,994: +SERVICE [/onlane_ai_agent_5/get_loggers] /onlane_ai_agent_5 http://y:44889/
[rosmaster.master][INFO] 2026-04-25 19:23:36,995: +PUB [/rosout] /onlane_ai_agent_8 http://y:41953/
[rosmaster.master][INFO] 2026-04-25 19:23:36,996: +SERVICE [/onlane_ai_agent_5/set_logger_level] /onlane_ai_agent_5 http://y:44889/
[rosmaster.master][INFO] 2026-04-25 19:23:36,997: +PUB [/rosout] /onlane_ai_agent_9 http://y:33241/
[rosmaster.master][INFO] 2026-04-25 19:23:36,997: +SERVICE [/onlane_ai_agent_8/get_loggers] /onlane_ai_agent_8 http://y:41953/
[rosmaster.master][INFO] 2026-04-25 19:23:36,997: +SERVICE [/onlane_ai_agent_8/set_logger_level] /onlane_ai_agent_8 http://y:41953/
[rosmaster.master][INFO] 2026-04-25 19:23:36,998: +PUB [/ctrl/agent_8] /onlane_ai_agent_8 http://y:41953/
[rosmaster.master][INFO] 2026-04-25 19:23:36,998: +PUB [/vis/agent_0/obstacle_map] /test_ssc_with_mpdm_0 http://y:44303/
[rosmaster.master][INFO] 2026-04-25 19:23:36,999: +SERVICE [/onlane_ai_agent_9/get_loggers] /onlane_ai_agent_9 http://y:33241/
[rosmaster.master][INFO] 2026-04-25 19:23:37,000: +SERVICE [/onlane_ai_agent_7/get_loggers] /onlane_ai_agent_7 http://y:43245/
[rosmaster.master][INFO] 2026-04-25 19:23:37,000: +PUB [/ctrl/agent_5] /onlane_ai_agent_5 http://y:44889/
[rosmaster.master][INFO] 2026-04-25 19:23:37,000: +PUB [/tf] /onlane_ai_agent_8 http://y:41953/
[rosmaster.master][INFO] 2026-04-25 19:23:37,001: +PUB [/vis/agent_8/ego_vehicle_vis] /onlane_ai_agent_8 http://y:41953/
[rosmaster.master][INFO] 2026-04-25 19:23:37,001: +PUB [/vis/agent_8/obstacle_map] /onlane_ai_agent_8 http://y:41953/
[rosmaster.master][INFO] 2026-04-25 19:23:37,016: +PUB [/vis/agent_0/surrounding_lane_net_vis] /test_ssc_with_mpdm_0 http://y:44303/
[rosmaster.master][INFO] 2026-04-25 19:23:37,018: +SERVICE [/onlane_ai_agent_9/set_logger_level] /onlane_ai_agent_9 http://y:33241/
[rosmaster.master][INFO] 2026-04-25 19:23:37,019: +SERVICE [/onlane_ai_agent_7/set_logger_level] /onlane_ai_agent_7 http://y:43245/
[rosmaster.master][INFO] 2026-04-25 19:23:37,020: +PUB [/vis/agent_0/local_lanes_vis] /test_ssc_with_mpdm_0 http://y:44303/
[rosmaster.master][INFO] 2026-04-25 19:23:37,020: +PUB [/ctrl/agent_4] /onlane_ai_agent_4 http://y:42725/
[rosmaster.master][INFO] 2026-04-25 19:23:37,022: +PUB [/rosout] /onlane_ai_agent_10 http://y:43067/
[rosmaster.master][INFO] 2026-04-25 19:23:37,023: +PUB [/vis/agent_0/ego_behavior_vis] /test_ssc_with_mpdm_0 http://y:44303/
[rosmaster.master][INFO] 2026-04-25 19:23:37,024: publisherUpdate[/rosout] -> http://y:42537/ ['http://y:44941/', 'http://y:44303/']
[rosmaster.master][INFO] 2026-04-25 19:23:37,024: +PUB [/vis/agent_8/surrounding_lane_net_vis] /onlane_ai_agent_8 http://y:41953/
[rosmaster.master][INFO] 2026-04-25 19:23:37,024: +PUB [/ctrl/agent_6] /onlane_ai_agent_6 http://y:42827/
[rosmaster.master][INFO] 2026-04-25 19:23:37,025: +PUB [/ctrl/agent_9] /onlane_ai_agent_9 http://y:33241/
[rosmaster.master][INFO] 2026-04-25 19:23:37,025: publisherUpdate[/rosout] -> http://y:42537/ ['http://y:44941/', 'http://y:44303/']: sec=0.00, result=[1, '', 0]
[rosmaster.master][INFO] 2026-04-25 19:23:37,026: publisherUpdate[/rosout] -> http://y:42537/ ['http://y:44941/', 'http://y:44303/', 'http://y:41509/']
[rosmaster.master][INFO] 2026-04-25 19:23:37,027: publisherUpdate[/rosout] -> http://y:42537/ ['http://y:44941/', 'http://y:44303/', 'http://y:41509/']: sec=0.00, result=[1, '', 0]
[rosmaster.master][INFO] 2026-04-25 19:23:37,027: publisherUpdate[/rosout] -> http://y:42537/ ['http://y:44941/', 'http://y:44303/', 'http://y:41509/', 'http://y:40859/']
[rosmaster.master][INFO] 2026-04-25 19:23:37,027: +PUB [/vis/agent_8/local_lanes_vis] /onlane_ai_agent_8 http://y:41953/
[rosmaster.master][INFO] 2026-04-25 19:23:37,028: publisherUpdate[/rosout] -> http://y:42537/ ['http://y:44941/', 'http://y:44303/', 'http://y:41509/', 'http://y:40859/']: sec=0.00, result=[1, '', 0]
[rosmaster.master][INFO] 2026-04-25 19:23:37,029: publisherUpdate[/rosout] -> http://y:42537/ ['http://y:44941/', 'http://y:44303/', 'http://y:41509/', 'http://y:40859/', 'http://y:42827/']
[rosmaster.master][INFO] 2026-04-25 19:23:37,029: +PUB [/tf] /onlane_ai_agent_4 http://y:42725/
[rosmaster.master][INFO] 2026-04-25 19:23:37,030: +PUB [/tf] /onlane_ai_agent_9 http://y:33241/
[rosmaster.master][INFO] 2026-04-25 19:23:37,031: publisherUpdate[/rosout] -> http://y:42537/ ['http://y:44941/', 'http://y:44303/', 'http://y:41509/', 'http://y:40859/', 'http://y:42827/']: sec=0.00, result=[1, '', 0]
[rosmaster.master][INFO] 2026-04-25 19:23:37,033: publisherUpdate[/rosout] -> http://y:42537/ ['http://y:44941/', 'http://y:44303/', 'http://y:41509/', 'http://y:40859/', 'http://y:42827/', 'http://y:42725/']
[rosmaster.master][INFO] 2026-04-25 19:23:37,033: publisherUpdate[/rosout] -> http://y:42537/ ['http://y:44941/', 'http://y:44303/', 'http://y:41509/', 'http://y:40859/', 'http://y:42827/', 'http://y:42725/']: sec=0.00, result=[1, '', 0]
[rosmaster.master][INFO] 2026-04-25 19:23:37,034: publisherUpdate[/rosout] -> http://y:42537/ ['http://y:44941/', 'http://y:44303/', 'http://y:41509/', 'http://y:40859/', 'http://y:42827/', 'http://y:42725/', 'http://y:44889/']
[rosmaster.master][INFO] 2026-04-25 19:23:37,035: publisherUpdate[/rosout] -> http://y:42537/ ['http://y:44941/', 'http://y:44303/', 'http://y:41509/', 'http://y:40859/', 'http://y:42827/', 'http://y:42725/', 'http://y:44889/']: sec=0.00, result=[1, '', 0]
[rosmaster.master][INFO] 2026-04-25 19:23:37,035: publisherUpdate[/rosout] -> http://y:42537/ ['http://y:44941/', 'http://y:44303/', 'http://y:41509/', 'http://y:40859/', 'http://y:42827/', 'http://y:42725/', 'http://y:44889/', 'http://y:43245/']
[rosmaster.master][INFO] 2026-04-25 19:23:37,036: publisherUpdate[/rosout] -> http://y:42537/ ['http://y:44941/', 'http://y:44303/', 'http://y:41509/', 'http://y:40859/', 'http://y:42827/', 'http://y:42725/', 'http://y:44889/', 'http://y:43245/']: sec=0.00, result=[1, '', 0]
[rosmaster.master][INFO] 2026-04-25 19:23:37,036: +PUB [/ctrl/agent_2] /onlane_ai_agent_2 http://y:41509/
[rosmaster.master][INFO] 2026-04-25 19:23:37,036: publisherUpdate[/rosout] -> http://y:42537/ ['http://y:44941/', 'http://y:44303/', 'http://y:41509/', 'http://y:40859/', 'http://y:42827/', 'http://y:42725/', 'http://y:44889/', 'http://y:43245/', 'http://y:41953/']
[rosmaster.master][INFO] 2026-04-25 19:23:37,036: +PUB [/tf] /onlane_ai_agent_5 http://y:44889/
[rosmaster.master][INFO] 2026-04-25 19:23:37,038: +PUB [/vis/agent_4/ego_vehicle_vis] /onlane_ai_agent_4 http://y:42725/
[rosmaster.master][INFO] 2026-04-25 19:23:37,038: publisherUpdate[/rosout] -> http://y:42537/ ['http://y:44941/', 'http://y:44303/', 'http://y:41509/', 'http://y:40859/', 'http://y:42827/', 'http://y:42725/', 'http://y:44889/', 'http://y:43245/', 'http://y:41953/']: sec=0.00, result=[1, '', 0]
[rosmaster.master][INFO] 2026-04-25 19:23:37,039: publisherUpdate[/rosout] -> http://y:42537/ ['http://y:44941/', 'http://y:44303/', 'http://y:41509/', 'http://y:40859/', 'http://y:42827/', 'http://y:42725/', 'http://y:44889/', 'http://y:43245/', 'http://y:41953/', 'http://y:33241/']
[rosmaster.master][INFO] 2026-04-25 19:23:37,040: publisherUpdate[/rosout] -> http://y:42537/ ['http://y:44941/', 'http://y:44303/', 'http://y:41509/', 'http://y:40859/', 'http://y:42827/', 'http://y:42725/', 'http://y:44889/', 'http://y:43245/', 'http://y:41953/', 'http://y:33241/']: sec=0.00, result=[1, '', 0]
[rosmaster.master][INFO] 2026-04-25 19:23:37,040: publisherUpdate[/rosout] -> http://y:42537/ ['http://y:44941/', 'http://y:44303/', 'http://y:41509/', 'http://y:40859/', 'http://y:42827/', 'http://y:42725/', 'http://y:44889/', 'http://y:43245/', 'http://y:41953/', 'http://y:33241/', 'http://y:43067/']
[rosmaster.master][INFO] 2026-04-25 19:23:37,041: +PUB [/tf] /onlane_ai_agent_6 http://y:42827/
[rosmaster.master][INFO] 2026-04-25 19:23:37,041: publisherUpdate[/rosout] -> http://y:42537/ ['http://y:44941/', 'http://y:44303/', 'http://y:41509/', 'http://y:40859/', 'http://y:42827/', 'http://y:42725/', 'http://y:44889/', 'http://y:43245/', 'http://y:41953/', 'http://y:33241/', 'http://y:43067/']: sec=0.00, result=[1, '', 0]
[rosmaster.master][INFO] 2026-04-25 19:23:37,042: +PUB [/vis/agent_8/ego_behavior_vis] /onlane_ai_agent_8 http://y:41953/
[rosmaster.master][INFO] 2026-04-25 19:23:37,042: +PUB [/vis/agent_5/ego_vehicle_vis] /onlane_ai_agent_5 http://y:44889/
[rosmaster.master][INFO] 2026-04-25 19:23:37,043: +PUB [/ctrl/agent_7] /onlane_ai_agent_7 http://y:43245/
[rosmaster.master][INFO] 2026-04-25 19:23:37,043: +PUB [/vis/agent_9/ego_vehicle_vis] /onlane_ai_agent_9 http://y:33241/
[rosmaster.master][INFO] 2026-04-25 19:23:37,043: +PUB [/vis/agent_4/obstacle_map] /onlane_ai_agent_4 http://y:42725/
[rosmaster.master][INFO] 2026-04-25 19:23:37,045: +PUB [/vis/agent_9/obstacle_map] /onlane_ai_agent_9 http://y:33241/
[rosmaster.master][INFO] 2026-04-25 19:23:37,053: +PUB [/vis/agent_5/obstacle_map] /onlane_ai_agent_5 http://y:44889/
[rosmaster.master][INFO] 2026-04-25 19:23:37,053: +SERVICE [/onlane_ai_agent_10/get_loggers] /onlane_ai_agent_10 http://y:43067/
[rosmaster.master][INFO] 2026-04-25 19:23:37,054: +PUB [/vis/agent_8/pred_traj_openloop_vis] /onlane_ai_agent_8 http://y:41953/
[rosmaster.master][INFO] 2026-04-25 19:23:37,054: +PUB [/vis/agent_0/pred_traj_openloop_vis] /test_ssc_with_mpdm_0 http://y:44303/
[rosmaster.master][INFO] 2026-04-25 19:23:37,054: +PUB [/rosout] /phy_simulator_planning_node http://y:37915/
[rosmaster.master][INFO] 2026-04-25 19:23:37,054: +PUB [/vis/agent_4/surrounding_lane_net_vis] /onlane_ai_agent_4 http://y:42725/
[rosmaster.master][INFO] 2026-04-25 19:23:37,054: +PUB [/vis/agent_4/local_lanes_vis] /onlane_ai_agent_4 http://y:42725/
[rosmaster.master][INFO] 2026-04-25 19:23:37,054: +PUB [/vis/agent_4/ego_behavior_vis] /onlane_ai_agent_4 http://y:42725/
[rosmaster.master][INFO] 2026-04-25 19:23:37,055: +PUB [/vis/agent_5/surrounding_lane_net_vis] /onlane_ai_agent_5 http://y:44889/
[rosmaster.master][INFO] 2026-04-25 19:23:37,055: +PUB [/vis/agent_9/surrounding_lane_net_vis] /onlane_ai_agent_9 http://y:33241/
[rosmaster.master][INFO] 2026-04-25 19:23:37,055: +PUB [/vis/agent_6/ego_vehicle_vis] /onlane_ai_agent_6 http://y:42827/
[rosmaster.master][INFO] 2026-04-25 19:23:37,055: +SERVICE [/onlane_ai_agent_10/set_logger_level] /onlane_ai_agent_10 http://y:43067/
[rosmaster.master][INFO] 2026-04-25 19:23:37,055: +PUB [/vis/agent_6/obstacle_map] /onlane_ai_agent_6 http://y:42827/
[rosmaster.master][INFO] 2026-04-25 19:23:37,056: +PUB [/vis/agent_6/surrounding_lane_net_vis] /onlane_ai_agent_6 http://y:42827/
[rosmaster.master][INFO] 2026-04-25 19:23:37,056: +PUB [/vis/agent_6/local_lanes_vis] /onlane_ai_agent_6 http://y:42827/
[rosmaster.master][INFO] 2026-04-25 19:23:37,056: +PUB [/vis/agent_9/local_lanes_vis] /onlane_ai_agent_9 http://y:33241/
[rosmaster.master][INFO] 2026-04-25 19:23:37,058: +PUB [/vis/agent_6/ego_behavior_vis] /onlane_ai_agent_6 http://y:42827/
[rosmaster.master][INFO] 2026-04-25 19:23:37,058: +PUB [/vis/agent_5/local_lanes_vis] /onlane_ai_agent_5 http://y:44889/
[rosmaster.master][INFO] 2026-04-25 19:23:37,059: +PUB [/vis/agent_6/pred_traj_openloop_vis] /onlane_ai_agent_6 http://y:42827/
[rosmaster.master][INFO] 2026-04-25 19:23:37,059: +PUB [/vis/agent_6/pred_initial_intention_vis] /onlane_ai_agent_6 http://y:42827/
[rosmaster.master][INFO] 2026-04-25 19:23:37,059: +PUB [/vis/agent_6/surrounding_vehicle_vis] /onlane_ai_agent_6 http://y:42827/
[rosmaster.master][INFO] 2026-04-25 19:23:37,060: +PUB [/vis/agent_6/speed_limit] /onlane_ai_agent_6 http://y:42827/
[rosmaster.master][INFO] 2026-04-25 19:23:37,061: +PUB [/vis/agent_4/pred_traj_openloop_vis] /onlane_ai_agent_4 http://y:42725/
[rosmaster.master][INFO] 2026-04-25 19:23:37,062: +PUB [/tf] /onlane_ai_agent_7 http://y:43245/
[rosmaster.master][INFO] 2026-04-25 19:23:37,062: +PUB [/vis/agent_8/pred_initial_intention_vis] /onlane_ai_agent_8 http://y:41953/
[rosmaster.master][INFO] 2026-04-25 19:23:37,062: +PUB [/ctrl/agent_10] /onlane_ai_agent_10 http://y:43067/
[rosmaster.master][INFO] 2026-04-25 19:23:37,063: +PUB [/vis/agent_7/ego_vehicle_vis] /onlane_ai_agent_7 http://y:43245/
[rosmaster.master][INFO] 2026-04-25 19:23:37,063: +PUB [/vis/agent_0/pred_initial_intention_vis] /test_ssc_with_mpdm_0 http://y:44303/
[rosmaster.master][INFO] 2026-04-25 19:23:37,063: +PUB [/vis/agent_7/obstacle_map] /onlane_ai_agent_7 http://y:43245/
[rosmaster.master][INFO] 2026-04-25 19:23:37,064: +PUB [/vis/agent_4/pred_initial_intention_vis] /onlane_ai_agent_4 http://y:42725/
[rosmaster.master][INFO] 2026-04-25 19:23:37,064: +PUB [/vis/agent_7/surrounding_lane_net_vis] /onlane_ai_agent_7 http://y:43245/
[rosmaster.master][INFO] 2026-04-25 19:23:37,067: +PUB [/vis/agent_4/surrounding_vehicle_vis] /onlane_ai_agent_4 http://y:42725/
[rosmaster.master][INFO] 2026-04-25 19:23:37,068: +PUB [/vis/agent_0/surrounding_vehicle_vis] /test_ssc_with_mpdm_0 http://y:44303/
[rosmaster.master][INFO] 2026-04-25 19:23:37,069: +SERVICE [/phy_simulator_planning_node/get_loggers] /phy_simulator_planning_node http://y:37915/
[rosmaster.master][INFO] 2026-04-25 19:23:37,069: +PUB [/vis/agent_0/speed_limit] /test_ssc_with_mpdm_0 http://y:44303/
[rosmaster.master][INFO] 2026-04-25 19:23:37,070: +PUB [/tf] /onlane_ai_agent_10 http://y:43067/
[rosmaster.master][INFO] 2026-04-25 19:23:37,071: +PUB [/vis/agent_7/local_lanes_vis] /onlane_ai_agent_7 http://y:43245/
[rosmaster.master][INFO] 2026-04-25 19:23:37,071: +PUB [/vis/agent_4/speed_limit] /onlane_ai_agent_4 http://y:42725/
[rosmaster.master][INFO] 2026-04-25 19:23:37,072: +PUB [/vis/agent_0/ssc/map_vis] /test_ssc_with_mpdm_0 http://y:44303/
[rosmaster.master][INFO] 2026-04-25 19:23:37,072: +PUB [/vis/agent_10/ego_vehicle_vis] /onlane_ai_agent_10 http://y:43067/
[rosmaster.master][INFO] 2026-04-25 19:23:37,073: +PUB [/vis/agent_8/surrounding_vehicle_vis] /onlane_ai_agent_8 http://y:41953/
[rosmaster.master][INFO] 2026-04-25 19:23:37,073: +PUB [/vis/agent_7/ego_behavior_vis] /onlane_ai_agent_7 http://y:43245/
[rosmaster.master][INFO] 2026-04-25 19:23:37,074: +SERVICE [/phy_simulator_planning_node/set_logger_level] /phy_simulator_planning_node http://y:37915/
[rosmaster.master][INFO] 2026-04-25 19:23:37,074: +PUB [/tf] /onlane_ai_agent_2 http://y:41509/
[rosmaster.master][INFO] 2026-04-25 19:23:37,075: +PUB [/vis/agent_9/ego_behavior_vis] /onlane_ai_agent_9 http://y:33241/
[rosmaster.master][INFO] 2026-04-25 19:23:37,075: +PUB [/vis/agent_0/ssc/qp_vis] /test_ssc_with_mpdm_0 http://y:44303/
[rosmaster.master][INFO] 2026-04-25 19:23:37,075: +PUB [/vis/agent_5/ego_behavior_vis] /onlane_ai_agent_5 http://y:44889/
[rosmaster.master][INFO] 2026-04-25 19:23:37,076: +PUB [/vis/agent_0/ssc/ego_fs_vis] /test_ssc_with_mpdm_0 http://y:44303/
[rosmaster.master][INFO] 2026-04-25 19:23:37,076: +PUB [/vis/agent_7/pred_traj_openloop_vis] /onlane_ai_agent_7 http://y:43245/
[rosmaster.master][INFO] 2026-04-25 19:23:37,078: +SUB [/arena_info_static] /onlane_ai_agent_4 http://y:42725/
[rosmaster.master][INFO] 2026-04-25 19:23:37,078: +PUB [/vis/agent_8/speed_limit] /onlane_ai_agent_8 http://y:41953/
[rosmaster.master][INFO] 2026-04-25 19:23:37,083: +PUB [/vis/agent_5/pred_traj_openloop_vis] /onlane_ai_agent_5 http://y:44889/
[rosmaster.master][INFO] 2026-04-25 19:23:37,083: +PUB [/vis/agent_9/pred_traj_openloop_vis] /onlane_ai_agent_9 http://y:33241/
[rosmaster.master][INFO] 2026-04-25 19:23:37,083: +PUB [/vis/agent_10/obstacle_map] /onlane_ai_agent_10 http://y:43067/
[rosmaster.master][INFO] 2026-04-25 19:23:37,084: +PUB [/vis/agent_0/ssc/forward_trajs_vis] /test_ssc_with_mpdm_0 http://y:44303/
[rosmaster.master][INFO] 2026-04-25 19:23:37,084: +PUB [/vis/agent_2/ego_vehicle_vis] /onlane_ai_agent_2 http://y:41509/
[rosmaster.master][INFO] 2026-04-25 19:23:37,084: +PUB [/vis/agent_2/obstacle_map] /onlane_ai_agent_2 http://y:41509/
[rosmaster.master][INFO] 2026-04-25 19:23:37,084: +PUB [/vis/agent_5/pred_initial_intention_vis] /onlane_ai_agent_5 http://y:44889/
[rosmaster.master][INFO] 2026-04-25 19:23:37,084: +SUB [/arena_info_static] /onlane_ai_agent_6 http://y:42827/
[rosmaster.master][INFO] 2026-04-25 19:23:37,087: +PUB [/vis/agent_9/pred_initial_intention_vis] /onlane_ai_agent_9 http://y:33241/
[rosmaster.master][INFO] 2026-04-25 19:23:37,089: +PUB [/vis/agent_10/surrounding_lane_net_vis] /onlane_ai_agent_10 http://y:43067/
[rosmaster.master][INFO] 2026-04-25 19:23:37,089: +PUB [/vis/agent_0/ssc/sur_vehicle_trajs_vis] /test_ssc_with_mpdm_0 http://y:44303/
[rosmaster.master][INFO] 2026-04-25 19:23:37,090: +PUB [/vis/agent_7/pred_initial_intention_vis] /onlane_ai_agent_7 http://y:43245/
[rosmaster.master][INFO] 2026-04-25 19:23:37,091: +PUB [/vis/agent_5/surrounding_vehicle_vis] /onlane_ai_agent_5 http://y:44889/
[rosmaster.master][INFO] 2026-04-25 19:23:37,091: +PUB [/vis/agent_2/surrounding_lane_net_vis] /onlane_ai_agent_2 http://y:41509/
[rosmaster.master][INFO] 2026-04-25 19:23:37,092: +PUB [/arena_info_static] /phy_simulator_planning_node http://y:37915/
[rosmaster.master][INFO] 2026-04-25 19:23:37,092: +PUB [/vis/agent_9/surrounding_vehicle_vis] /onlane_ai_agent_9 http://y:33241/
[rosmaster.master][INFO] 2026-04-25 19:23:37,092: +SUB [/arena_info_dynamic] /onlane_ai_agent_4 http://y:42725/
[rosmaster.master][INFO] 2026-04-25 19:23:37,092: +SUB [/arena_info_dynamic] /onlane_ai_agent_6 http://y:42827/
[rosmaster.master][INFO] 2026-04-25 19:23:37,092: +PUB [/vis/agent_10/local_lanes_vis] /onlane_ai_agent_10 http://y:43067/
[rosmaster.master][INFO] 2026-04-25 19:23:37,093: +PUB [/vis/agent_7/surrounding_vehicle_vis] /onlane_ai_agent_7 http://y:43245/
[rosmaster.master][INFO] 2026-04-25 19:23:37,093: +PUB [/vis/agent_5/speed_limit] /onlane_ai_agent_5 http://y:44889/
[rosmaster.master][INFO] 2026-04-25 19:23:37,093: +PUB [/vis/agent_0/ssc/corridor_vis] /test_ssc_with_mpdm_0 http://y:44303/
[rosmaster.master][INFO] 2026-04-25 19:23:37,094: +PUB [/vis/agent_9/speed_limit] /onlane_ai_agent_9 http://y:33241/
[rosmaster.master][INFO] 2026-04-25 19:23:37,097: +PUB [/vis/agent_2/local_lanes_vis] /onlane_ai_agent_2 http://y:41509/
[rosmaster.master][INFO] 2026-04-25 19:23:37,098: +PUB [/arena_info_dynamic] /phy_simulator_planning_node http://y:37915/
[rosmaster.master][INFO] 2026-04-25 19:23:37,098: +SUB [/arena_info_static] /onlane_ai_agent_8 http://y:41953/
[rosmaster.master][INFO] 2026-04-25 19:23:37,099: +PUB [/vis/agent_7/speed_limit] /onlane_ai_agent_7 http://y:43245/
[rosmaster.master][INFO] 2026-04-25 19:23:37,099: +PUB [/vis/agent_10/ego_behavior_vis] /onlane_ai_agent_10 http://y:43067/
[rosmaster.master][INFO] 2026-04-25 19:23:37,099: +PUB [/phy_simulator_planning_node/vis/vehicle_set_vis] /phy_simulator_planning_node http://y:37915/
[rosmaster.master][INFO] 2026-04-25 19:23:37,100: +SUB [/joy] /onlane_ai_agent_4 http://y:42725/
[rosmaster.master][INFO] 2026-04-25 19:23:37,101: +PUB [/ctrl/agent_0] /test_ssc_with_mpdm_0 http://y:44303/
[rosmaster.master][INFO] 2026-04-25 19:23:37,102: +SUB [/arena_info_static] /onlane_ai_agent_5 http://y:44889/
[rosmaster.master][INFO] 2026-04-25 19:23:37,103: +PUB [/vis/agent_2/ego_behavior_vis] /onlane_ai_agent_2 http://y:41509/
[rosmaster.master][INFO] 2026-04-25 19:23:37,104: +SUB [/joy] /onlane_ai_agent_6 http://y:42827/
[rosmaster.master][INFO] 2026-04-25 19:23:37,104: +PUB [/phy_simulator_planning_node/vis/lane_net_vis] /phy_simulator_planning_node http://y:37915/
[rosmaster.master][INFO] 2026-04-25 19:23:37,106: +PUB [/vis/agent_4/forward_trajs] /onlane_ai_agent_4 http://y:42725/
[rosmaster.master][INFO] 2026-04-25 19:23:37,106: +PUB [/test_ssc_with_mpdm_0/ssc_map] /test_ssc_with_mpdm_0 http://y:44303/
[rosmaster.master][INFO] 2026-04-25 19:23:37,106: +PUB [/vis/agent_10/pred_traj_openloop_vis] /onlane_ai_agent_10 http://y:43067/
[rosmaster.master][INFO] 2026-04-25 19:23:37,107: +PUB [/vis/agent_2/pred_traj_openloop_vis] /onlane_ai_agent_2 http://y:41509/
[rosmaster.master][INFO] 2026-04-25 19:23:37,107: +PUB [/vis/agent_6/forward_trajs] /onlane_ai_agent_6 http://y:42827/
[rosmaster.master][INFO] 2026-04-25 19:23:37,107: +SUB [/arena_info_dynamic] /onlane_ai_agent_8 http://y:41953/
[rosmaster.master][INFO] 2026-04-25 19:23:37,107: +SUB [/arena_info_static] /onlane_ai_agent_9 http://y:33241/
[rosmaster.master][INFO] 2026-04-25 19:23:37,109: +SUB [/joy] /onlane_ai_agent_8 http://y:41953/
[rosmaster.master][INFO] 2026-04-25 19:23:37,110: +SUB [/arena_info_dynamic] /onlane_ai_agent_5 http://y:44889/
[rosmaster.master][INFO] 2026-04-25 19:23:37,110: +SUB [/arena_info_static] /onlane_ai_agent_7 http://y:43245/
[rosmaster.master][INFO] 2026-04-25 19:23:37,110: +PUB [/vis/agent_0/ssc/exec_traj] /test_ssc_with_mpdm_0 http://y:44303/
[rosmaster.master][INFO] 2026-04-25 19:23:37,110: +PUB [/vis/agent_10/pred_initial_intention_vis] /onlane_ai_agent_10 http://y:43067/
[rosmaster.master][INFO] 2026-04-25 19:23:37,110: +PUB [/vis/agent_2/pred_initial_intention_vis] /onlane_ai_agent_2 http://y:41509/
[rosmaster.master][INFO] 2026-04-25 19:23:37,110: +SUB [/arena_info_dynamic] /onlane_ai_agent_9 http://y:33241/
[rosmaster.master][INFO] 2026-04-25 19:23:37,112: +PUB [/vis/agent_8/forward_trajs] /onlane_ai_agent_8 http://y:41953/
[rosmaster.master][INFO] 2026-04-25 19:23:37,113: +PUB [/phy_simulator_planning_node/vis/obstacle_set_vis] /phy_simulator_planning_node http://y:37915/
[rosmaster.master][INFO] 2026-04-25 19:23:37,114: +PUB [/vis/agent_2/surrounding_vehicle_vis] /onlane_ai_agent_2 http://y:41509/
[rosmaster.master][INFO] 2026-04-25 19:23:37,115: +PUB [/vis/agent_10/surrounding_vehicle_vis] /onlane_ai_agent_10 http://y:43067/
[rosmaster.master][INFO] 2026-04-25 19:23:37,115: +SUB [/joy] /onlane_ai_agent_5 http://y:44889/
[rosmaster.master][INFO] 2026-04-25 19:23:37,115: +SUB [/joy] /test_ssc_with_mpdm_0 http://y:44303/
[rosmaster.master][INFO] 2026-04-25 19:23:37,116: +SUB [/arena_info_dynamic] /onlane_ai_agent_7 http://y:43245/
[rosmaster.master][INFO] 2026-04-25 19:23:37,116: +SUB [/ctrl/agent_1002] /phy_simulator_planning_node http://y:37915/
[rosmaster.master][INFO] 2026-04-25 19:23:37,116: +PUB [/vis/agent_2/speed_limit] /onlane_ai_agent_2 http://y:41509/
[rosmaster.master][INFO] 2026-04-25 19:23:37,116: +SUB [/joy] /onlane_ai_agent_9 http://y:33241/
[rosmaster.master][INFO] 2026-04-25 19:23:37,117: +PUB [/vis/agent_10/speed_limit] /onlane_ai_agent_10 http://y:43067/
[rosmaster.master][INFO] 2026-04-25 19:23:37,117: +PUB [/vis/agent_5/forward_trajs] /onlane_ai_agent_5 http://y:44889/
[rosmaster.master][INFO] 2026-04-25 19:23:37,118: +PUB [/vis/agent_0/forward_trajs] /test_ssc_with_mpdm_0 http://y:44303/
[rosmaster.master][INFO] 2026-04-25 19:23:37,119: +PUB [/vis/agent_9/forward_trajs] /onlane_ai_agent_9 http://y:33241/
[rosmaster.master][INFO] 2026-04-25 19:23:37,120: +SUB [/ctrl/agent_0] /phy_simulator_planning_node http://y:37915/
[rosmaster.master][INFO] 2026-04-25 19:23:37,120: +SUB [/arena_info_static] /onlane_ai_agent_2 http://y:41509/
[rosmaster.master][INFO] 2026-04-25 19:23:37,121: +SUB [/joy] /onlane_ai_agent_7 http://y:43245/
[rosmaster.master][INFO] 2026-04-25 19:23:37,122: +SUB [/arena_info_static] /onlane_ai_agent_10 http://y:43067/
[rosmaster.master][INFO] 2026-04-25 19:23:37,122: +SUB [/arena_info_static] /test_ssc_with_mpdm_0 http://y:44303/
[rosmaster.master][INFO] 2026-04-25 19:23:37,123: +PUB [/vis/agent_7/forward_trajs] /onlane_ai_agent_7 http://y:43245/
[rosmaster.master][INFO] 2026-04-25 19:23:37,125: publisherUpdate[/rosout] -> http://y:42537/ ['http://y:44941/', 'http://y:44303/', 'http://y:41509/', 'http://y:40859/', 'http://y:42827/', 'http://y:42725/', 'http://y:44889/', 'http://y:43245/', 'http://y:41953/', 'http://y:33241/', 'http://y:43067/', 'http://y:37915/']
[rosmaster.master][INFO] 2026-04-25 19:23:37,125: +SUB [/ctrl/agent_1001] /phy_simulator_planning_node http://y:37915/
[rosmaster.master][INFO] 2026-04-25 19:23:37,127: +SUB [/arena_info_dynamic] /onlane_ai_agent_2 http://y:41509/
[rosmaster.master][INFO] 2026-04-25 19:23:37,127: +SUB [/arena_info_dynamic] /test_ssc_with_mpdm_0 http://y:44303/
[rosmaster.master][INFO] 2026-04-25 19:23:37,128: +SUB [/arena_info_dynamic] /onlane_ai_agent_10 http://y:43067/
[rosmaster.master][INFO] 2026-04-25 19:23:37,128: publisherUpdate[/rosout] -> http://y:42537/ ['http://y:44941/', 'http://y:44303/', 'http://y:41509/', 'http://y:40859/', 'http://y:42827/', 'http://y:42725/', 'http://y:44889/', 'http://y:43245/', 'http://y:41953/', 'http://y:33241/', 'http://y:43067/', 'http://y:37915/']: sec=0.00, result=[1, '', 0]
[rosmaster.master][INFO] 2026-04-25 19:23:37,129: publisherUpdate[/arena_info_static] -> http://y:44941/ ['http://y:37915/']
[rosmaster.master][INFO] 2026-04-25 19:23:37,129: +SUB [/ctrl/agent_1] /phy_simulator_planning_node http://y:37915/
[rosmaster.master][INFO] 2026-04-25 19:23:37,130: +SUB [/joy] /onlane_ai_agent_2 http://y:41509/
[rosmaster.master][INFO] 2026-04-25 19:23:37,131: +SUB [/joy] /onlane_ai_agent_10 http://y:43067/
[rosmaster.master][INFO] 2026-04-25 19:23:37,131: +PUB [/vis/agent_2/forward_trajs] /onlane_ai_agent_2 http://y:41509/
[rosmaster.master][INFO] 2026-04-25 19:23:37,132: publisherUpdate[/arena_info_static] -> http://y:44941/ ['http://y:37915/']: sec=0.00, result=[1, '', 0]
[rosmaster.master][INFO] 2026-04-25 19:23:37,132: publisherUpdate[/arena_info_static] -> http://y:40859/ ['http://y:37915/']
[rosmaster.master][INFO] 2026-04-25 19:23:37,132: +SUB [/ctrl/agent_2] /phy_simulator_planning_node http://y:37915/
[rosmaster.master][INFO] 2026-04-25 19:23:37,132: +PUB [/vis/agent_10/forward_trajs] /onlane_ai_agent_10 http://y:43067/
[rosmaster.master][INFO] 2026-04-25 19:23:37,133: publisherUpdate[/arena_info_static] -> http://y:40859/ ['http://y:37915/']: sec=0.00, result=[1, '', 0]
[rosmaster.master][INFO] 2026-04-25 19:23:37,133: publisherUpdate[/arena_info_static] -> http://y:42725/ ['http://y:37915/']
[rosmaster.master][INFO] 2026-04-25 19:23:37,133: +SUB [/ctrl/agent_3] /phy_simulator_planning_node http://y:37915/
[rosmaster.master][INFO] 2026-04-25 19:23:37,134: publisherUpdate[/arena_info_static] -> http://y:42725/ ['http://y:37915/']: sec=0.00, result=[1, '', 0]
[rosmaster.master][INFO] 2026-04-25 19:23:37,134: publisherUpdate[/arena_info_static] -> http://y:42827/ ['http://y:37915/']
[rosmaster.master][INFO] 2026-04-25 19:23:37,134: +SUB [/ctrl/agent_4] /phy_simulator_planning_node http://y:37915/
[rosmaster.master][INFO] 2026-04-25 19:23:37,135: publisherUpdate[/arena_info_static] -> http://y:42827/ ['http://y:37915/']: sec=0.00, result=[1, '', 0]
[rosmaster.master][INFO] 2026-04-25 19:23:37,135: publisherUpdate[/arena_info_dynamic] -> http://y:44941/ ['http://y:37915/']
[rosmaster.master][INFO] 2026-04-25 19:23:37,135: publisherUpdate[/arena_info_dynamic] -> http://y:40859/ ['http://y:37915/']
[rosmaster.master][INFO] 2026-04-25 19:23:37,135: publisherUpdate[/arena_info_dynamic] -> http://y:44941/ ['http://y:37915/']: sec=0.00, result=[1, '', 0]
[rosmaster.master][INFO] 2026-04-25 19:23:37,136: publisherUpdate[/arena_info_dynamic] -> http://y:42725/ ['http://y:37915/']
[rosmaster.master][INFO] 2026-04-25 19:23:37,136: +SUB [/ctrl/agent_5] /phy_simulator_planning_node http://y:37915/
[rosmaster.master][INFO] 2026-04-25 19:23:37,136: publisherUpdate[/arena_info_dynamic] -> http://y:42725/ ['http://y:37915/']: sec=0.00, result=[1, '', 0]
[rosmaster.master][INFO] 2026-04-25 19:23:37,136: publisherUpdate[/arena_info_dynamic] -> http://y:42827/ ['http://y:37915/']
[rosmaster.master][INFO] 2026-04-25 19:23:37,137: publisherUpdate[/arena_info_dynamic] -> http://y:40859/ ['http://y:37915/']: sec=0.00, result=[1, '', 0]
[rosmaster.master][INFO] 2026-04-25 19:23:37,137: publisherUpdate[/arena_info_dynamic] -> http://y:42827/ ['http://y:37915/']: sec=0.00, result=[1, '', 0]
[rosmaster.master][INFO] 2026-04-25 19:23:37,137: +SUB [/ctrl/agent_6] /phy_simulator_planning_node http://y:37915/
[rosmaster.master][INFO] 2026-04-25 19:23:37,138: +SUB [/ctrl/agent_7] /phy_simulator_planning_node http://y:37915/
[rosmaster.master][INFO] 2026-04-25 19:23:37,139: +SUB [/ctrl/agent_8] /phy_simulator_planning_node http://y:37915/
[rosmaster.master][INFO] 2026-04-25 19:23:37,139: +SUB [/ctrl/agent_9] /phy_simulator_planning_node http://y:37915/
[rosmaster.master][INFO] 2026-04-25 19:23:37,140: +SUB [/ctrl/agent_10] /phy_simulator_planning_node http://y:37915/
[rosmaster.master][INFO] 2026-04-25 19:23:37,141: +SUB [/ctrl/agent_1000] /phy_simulator_planning_node http://y:37915/
[rosmaster.master][INFO] 2026-04-25 19:23:37,141: +SUB [/initialpose] /phy_simulator_planning_node http://y:37915/
[rosmaster.master][INFO] 2026-04-25 19:23:37,142: +SUB [/move_base_simple/goal] /phy_simulator_planning_node http://y:37915/
[rosmaster.master][INFO] 2026-04-25 19:23:44,659: +PUB [/rosout] /epsilon_metric_collector_1239376_1777116224542 http://y:44405/
[rosmaster.master][INFO] 2026-04-25 19:23:44,660: +SERVICE [/epsilon_metric_collector_1239376_1777116224542/get_loggers] /epsilon_metric_collector_1239376_1777116224542 http://y:44405/
[rosmaster.master][INFO] 2026-04-25 19:23:44,661: publisherUpdate[/rosout] -> http://y:42537/ ['http://y:44941/', 'http://y:44303/', 'http://y:41509/', 'http://y:40859/', 'http://y:42827/', 'http://y:42725/', 'http://y:44889/', 'http://y:43245/', 'http://y:41953/', 'http://y:33241/', 'http://y:43067/', 'http://y:37915/', 'http://y:44405/']
[rosmaster.master][INFO] 2026-04-25 19:23:44,661: +SERVICE [/epsilon_metric_collector_1239376_1777116224542/set_logger_level] /epsilon_metric_collector_1239376_1777116224542 http://y:44405/
[rosmaster.master][INFO] 2026-04-25 19:23:44,661: publisherUpdate[/rosout] -> http://y:42537/ ['http://y:44941/', 'http://y:44303/', 'http://y:41509/', 'http://y:40859/', 'http://y:42827/', 'http://y:42725/', 'http://y:44889/', 'http://y:43245/', 'http://y:41953/', 'http://y:33241/', 'http://y:43067/', 'http://y:37915/', 'http://y:44405/']: sec=0.00, result=[1, '', 0]
[rosmaster.master][INFO] 2026-04-25 19:23:44,662: +SUB [/arena_info_dynamic] /epsilon_metric_collector_1239376_1777116224542 http://y:44405/
[rosmaster.master][INFO] 2026-04-25 19:25:44,313: -SUB [/arena_info_dynamic] /epsilon_metric_collector_1239376_1777116224542 http://y:44405/
[rosmaster.master][INFO] 2026-04-25 19:25:44,313: -PUB [/rosout] /epsilon_metric_collector_1239376_1777116224542 http://y:44405/
[rosmaster.master][INFO] 2026-04-25 19:25:44,313: -SERVICE [/epsilon_metric_collector_1239376_1777116224542/get_loggers] /epsilon_metric_collector_1239376_1777116224542 rosrpc://y:42857
[rosmaster.master][INFO] 2026-04-25 19:25:44,313: -SERVICE [/epsilon_metric_collector_1239376_1777116224542/set_logger_level] /epsilon_metric_collector_1239376_1777116224542 rosrpc://y:42857
[rosmaster.master][INFO] 2026-04-25 19:25:44,337: publisherUpdate[/rosout] -> http://y:42537/ ['http://y:44941/', 'http://y:44303/', 'http://y:41509/', 'http://y:40859/', 'http://y:42827/', 'http://y:42725/', 'http://y:44889/', 'http://y:43245/', 'http://y:41953/', 'http://y:33241/', 'http://y:43067/', 'http://y:37915/']
[rosmaster.master][INFO] 2026-04-25 19:25:44,337: publisherUpdate[/rosout] -> http://y:42537/ ['http://y:44941/', 'http://y:44303/', 'http://y:41509/', 'http://y:40859/', 'http://y:42827/', 'http://y:42725/', 'http://y:44889/', 'http://y:43245/', 'http://y:41953/', 'http://y:33241/', 'http://y:43067/', 'http://y:37915/']: sec=0.00, result=[1, '', 0]
[rosmaster.master][INFO] 2026-04-25 19:25:45,373: +PUB [/rosout] /rostopic_1239455_1777116345260 http://y:44821/
[rosmaster.master][INFO] 2026-04-25 19:25:45,375: +SERVICE [/rostopic_1239455_1777116345260/get_loggers] /rostopic_1239455_1777116345260 http://y:44821/
[rosmaster.master][INFO] 2026-04-25 19:25:45,376: +SERVICE [/rostopic_1239455_1777116345260/set_logger_level] /rostopic_1239455_1777116345260 http://y:44821/
[rosmaster.master][INFO] 2026-04-25 19:25:45,387: +SUB [/arena_info_dynamic] /rostopic_1239455_1777116345260 http://y:44821/
[rosmaster.master][INFO] 2026-04-25 19:25:45,439: publisherUpdate[/rosout] -> http://y:42537/ ['http://y:44941/', 'http://y:44303/', 'http://y:41509/', 'http://y:40859/', 'http://y:42827/', 'http://y:42725/', 'http://y:44889/', 'http://y:43245/', 'http://y:41953/', 'http://y:33241/', 'http://y:43067/', 'http://y:37915/', 'http://y:44821/']
[rosmaster.master][INFO] 2026-04-25 19:25:45,440: publisherUpdate[/rosout] -> http://y:42537/ ['http://y:44941/', 'http://y:44303/', 'http://y:41509/', 'http://y:40859/', 'http://y:42827/', 'http://y:42725/', 'http://y:44889/', 'http://y:43245/', 'http://y:41953/', 'http://y:33241/', 'http://y:43067/', 'http://y:37915/', 'http://y:44821/']: sec=0.00, result=[1, '', 0]
[rosmaster.master][INFO] 2026-04-25 19:25:59,944: -SUB [/arena_info_dynamic] /rostopic_1239455_1777116345260 http://y:44821/
[rosmaster.master][INFO] 2026-04-25 19:25:59,944: -PUB [/rosout] /rostopic_1239455_1777116345260 http://y:44821/
[rosmaster.master][INFO] 2026-04-25 19:25:59,944: -SERVICE [/rostopic_1239455_1777116345260/get_loggers] /rostopic_1239455_1777116345260 rosrpc://y:44165
[rosmaster.master][INFO] 2026-04-25 19:25:59,944: -SERVICE [/rostopic_1239455_1777116345260/set_logger_level] /rostopic_1239455_1777116345260 rosrpc://y:44165
[rosmaster.master][INFO] 2026-04-25 19:25:59,961: publisherUpdate[/rosout] -> http://y:42537/ ['http://y:44941/', 'http://y:44303/', 'http://y:41509/', 'http://y:40859/', 'http://y:42827/', 'http://y:42725/', 'http://y:44889/', 'http://y:43245/', 'http://y:41953/', 'http://y:33241/', 'http://y:43067/', 'http://y:37915/']
[rosmaster.master][INFO] 2026-04-25 19:25:59,962: publisherUpdate[/rosout] -> http://y:42537/ ['http://y:44941/', 'http://y:44303/', 'http://y:41509/', 'http://y:40859/', 'http://y:42827/', 'http://y:42725/', 'http://y:44889/', 'http://y:43245/', 'http://y:41953/', 'http://y:33241/', 'http://y:43067/', 'http://y:37915/']: sec=0.00, result=[1, '', 0]
[rosmaster.master][INFO] 2026-04-25 19:26:00,640: -PUB [/rosout] /onlane_ai_agent_5 http://y:44889/
[rosmaster.master][INFO] 2026-04-25 19:26:00,640: -PUB [/rosout] /onlane_ai_agent_8 http://y:41953/
[rosmaster.master][INFO] 2026-04-25 19:26:00,640: -PUB [/ctrl/agent_5] /onlane_ai_agent_5 http://y:44889/
[rosmaster.master][INFO] 2026-04-25 19:26:00,641: -PUB [/ctrl/agent_8] /onlane_ai_agent_8 http://y:41953/
[rosmaster.master][INFO] 2026-04-25 19:26:00,641: -PUB [/tf] /onlane_ai_agent_5 http://y:44889/
[rosmaster.master][INFO] 2026-04-25 19:26:00,641: -PUB [/tf] /onlane_ai_agent_8 http://y:41953/
[rosmaster.master][INFO] 2026-04-25 19:26:00,641: -PUB [/vis/agent_5/ego_vehicle_vis] /onlane_ai_agent_5 http://y:44889/
[rosmaster.master][INFO] 2026-04-25 19:26:00,641: -PUB [/rosout] /onlane_ai_agent_6 http://y:42827/
[rosmaster.master][INFO] 2026-04-25 19:26:00,642: -PUB [/vis/agent_8/ego_vehicle_vis] /onlane_ai_agent_8 http://y:41953/
[rosmaster.master][INFO] 2026-04-25 19:26:00,642: -PUB [/vis/agent_5/obstacle_map] /onlane_ai_agent_5 http://y:44889/
[rosmaster.master][INFO] 2026-04-25 19:26:00,642: -PUB [/vis/agent_8/obstacle_map] /onlane_ai_agent_8 http://y:41953/
[rosmaster.master][INFO] 2026-04-25 19:26:00,642: -PUB [/ctrl/agent_6] /onlane_ai_agent_6 http://y:42827/
[rosmaster.master][INFO] 2026-04-25 19:26:00,642: -PUB [/vis/agent_5/surrounding_lane_net_vis] /onlane_ai_agent_5 http://y:44889/
[rosmaster.master][INFO] 2026-04-25 19:26:00,642: -PUB [/vis/agent_8/surrounding_lane_net_vis] /onlane_ai_agent_8 http://y:41953/
[rosmaster.master][INFO] 2026-04-25 19:26:00,643: -PUB [/tf] /onlane_ai_agent_6 http://y:42827/
[rosmaster.master][INFO] 2026-04-25 19:26:00,643: -PUB [/vis/agent_5/local_lanes_vis] /onlane_ai_agent_5 http://y:44889/
[rosmaster.master][INFO] 2026-04-25 19:26:00,643: -PUB [/vis/agent_8/local_lanes_vis] /onlane_ai_agent_8 http://y:41953/
[rosmaster.master][INFO] 2026-04-25 19:26:00,643: -PUB [/vis/agent_5/ego_behavior_vis] /onlane_ai_agent_5 http://y:44889/
[rosmaster.master][INFO] 2026-04-25 19:26:00,643: -PUB [/vis/agent_6/ego_vehicle_vis] /onlane_ai_agent_6 http://y:42827/
[rosmaster.master][INFO] 2026-04-25 19:26:00,643: -PUB [/vis/agent_8/ego_behavior_vis] /onlane_ai_agent_8 http://y:41953/
[rosmaster.master][INFO] 2026-04-25 19:26:00,643: -PUB [/vis/agent_5/pred_traj_openloop_vis] /onlane_ai_agent_5 http://y:44889/
[rosmaster.master][INFO] 2026-04-25 19:26:00,644: -PUB [/vis/agent_6/obstacle_map] /onlane_ai_agent_6 http://y:42827/
[rosmaster.master][INFO] 2026-04-25 19:26:00,644: -PUB [/vis/agent_8/pred_traj_openloop_vis] /onlane_ai_agent_8 http://y:41953/
[rosmaster.master][INFO] 2026-04-25 19:26:00,644: -PUB [/vis/agent_5/pred_initial_intention_vis] /onlane_ai_agent_5 http://y:44889/
[rosmaster.master][INFO] 2026-04-25 19:26:00,644: -PUB [/vis/agent_6/surrounding_lane_net_vis] /onlane_ai_agent_6 http://y:42827/
[rosmaster.master][INFO] 2026-04-25 19:26:00,644: -PUB [/vis/agent_8/pred_initial_intention_vis] /onlane_ai_agent_8 http://y:41953/
[rosmaster.master][INFO] 2026-04-25 19:26:00,644: -PUB [/vis/agent_5/surrounding_vehicle_vis] /onlane_ai_agent_5 http://y:44889/
[rosmaster.master][INFO] 2026-04-25 19:26:00,645: -PUB [/vis/agent_6/local_lanes_vis] /onlane_ai_agent_6 http://y:42827/
[rosmaster.master][INFO] 2026-04-25 19:26:00,645: -PUB [/vis/agent_8/surrounding_vehicle_vis] /onlane_ai_agent_8 http://y:41953/
[rosmaster.master][INFO] 2026-04-25 19:26:00,645: -PUB [/vis/agent_5/speed_limit] /onlane_ai_agent_5 http://y:44889/
[rosmaster.master][INFO] 2026-04-25 19:26:00,645: -PUB [/vis/agent_8/speed_limit] /onlane_ai_agent_8 http://y:41953/
[rosmaster.master][INFO] 2026-04-25 19:26:00,645: -PUB [/vis/agent_6/ego_behavior_vis] /onlane_ai_agent_6 http://y:42827/
[rosmaster.master][INFO] 2026-04-25 19:26:00,645: -PUB [/vis/agent_5/forward_trajs] /onlane_ai_agent_5 http://y:44889/
[rosmaster.master][INFO] 2026-04-25 19:26:00,645: -PUB [/vis/agent_8/forward_trajs] /onlane_ai_agent_8 http://y:41953/
[rosmaster.master][INFO] 2026-04-25 19:26:00,646: -PUB [/vis/agent_6/pred_traj_openloop_vis] /onlane_ai_agent_6 http://y:42827/
[rosmaster.master][INFO] 2026-04-25 19:26:00,646: -SUB [/arena_info_static] /onlane_ai_agent_5 http://y:44889/
[rosmaster.master][INFO] 2026-04-25 19:26:00,646: -SUB [/arena_info_static] /onlane_ai_agent_8 http://y:41953/
[rosmaster.master][INFO] 2026-04-25 19:26:00,646: -SUB [/arena_info_dynamic] /onlane_ai_agent_5 http://y:44889/
[rosmaster.master][INFO] 2026-04-25 19:26:00,646: -PUB [/vis/agent_6/pred_initial_intention_vis] /onlane_ai_agent_6 http://y:42827/
[rosmaster.master][INFO] 2026-04-25 19:26:00,646: -SUB [/arena_info_dynamic] /onlane_ai_agent_8 http://y:41953/
[rosmaster.master][INFO] 2026-04-25 19:26:00,646: -SUB [/joy] /onlane_ai_agent_5 http://y:44889/
[rosmaster.master][INFO] 2026-04-25 19:26:00,647: -PUB [/vis/agent_6/surrounding_vehicle_vis] /onlane_ai_agent_6 http://y:42827/
[rosmaster.master][INFO] 2026-04-25 19:26:00,647: -SUB [/joy] /onlane_ai_agent_8 http://y:41953/
[rosmaster.master][INFO] 2026-04-25 19:26:00,647: -SERVICE [/onlane_ai_agent_5/get_loggers] /onlane_ai_agent_5 rosrpc://y:53015
[rosmaster.master][INFO] 2026-04-25 19:26:00,648: -SERVICE [/onlane_ai_agent_8/get_loggers] /onlane_ai_agent_8 rosrpc://y:47611
[rosmaster.master][INFO] 2026-04-25 19:26:00,648: -PUB [/vis/agent_6/speed_limit] /onlane_ai_agent_6 http://y:42827/
[rosmaster.master][INFO] 2026-04-25 19:26:00,648: -SERVICE [/onlane_ai_agent_5/set_logger_level] /onlane_ai_agent_5 rosrpc://y:53015
[rosmaster.master][INFO] 2026-04-25 19:26:00,648: -SERVICE [/onlane_ai_agent_8/set_logger_level] /onlane_ai_agent_8 rosrpc://y:47611
[rosmaster.master][INFO] 2026-04-25 19:26:00,648: -PUB [/vis/agent_6/forward_trajs] /onlane_ai_agent_6 http://y:42827/
[rosmaster.master][INFO] 2026-04-25 19:26:00,649: -SUB [/arena_info_static] /onlane_ai_agent_6 http://y:42827/
[rosmaster.master][INFO] 2026-04-25 19:26:00,649: -SUB [/arena_info_dynamic] /onlane_ai_agent_6 http://y:42827/
[rosmaster.master][INFO] 2026-04-25 19:26:00,649: -SUB [/joy] /onlane_ai_agent_6 http://y:42827/
[rosmaster.master][INFO] 2026-04-25 19:26:00,650: -SERVICE [/onlane_ai_agent_6/get_loggers] /onlane_ai_agent_6 rosrpc://y:38067
[rosmaster.master][INFO] 2026-04-25 19:26:00,650: -SERVICE [/onlane_ai_agent_6/set_logger_level] /onlane_ai_agent_6 rosrpc://y:38067
[rosmaster.master][INFO] 2026-04-25 19:26:00,663: publisherUpdate[/rosout] -> http://y:42537/ ['http://y:44941/', 'http://y:44303/', 'http://y:41509/', 'http://y:40859/', 'http://y:42827/', 'http://y:42725/', 'http://y:43245/', 'http://y:41953/', 'http://y:33241/', 'http://y:43067/', 'http://y:37915/']
[rosmaster.master][INFO] 2026-04-25 19:26:00,663: publisherUpdate[/ctrl/agent_5] -> http://y:37915/ []
[rosmaster.master][INFO] 2026-04-25 19:26:00,664: publisherUpdate[/rosout] -> http://y:42537/ ['http://y:44941/', 'http://y:44303/', 'http://y:41509/', 'http://y:40859/', 'http://y:42827/', 'http://y:42725/', 'http://y:43245/', 'http://y:41953/', 'http://y:33241/', 'http://y:43067/', 'http://y:37915/']: sec=0.00, result=[1, '', 0]
[rosmaster.master][INFO] 2026-04-25 19:26:00,664: publisherUpdate[/rosout] -> http://y:42537/ ['http://y:44941/', 'http://y:44303/', 'http://y:41509/', 'http://y:40859/', 'http://y:42827/', 'http://y:42725/', 'http://y:43245/', 'http://y:33241/', 'http://y:43067/', 'http://y:37915/']
[rosmaster.master][INFO] 2026-04-25 19:26:00,664: publisherUpdate[/rosout] -> http://y:42537/ ['http://y:44941/', 'http://y:44303/', 'http://y:41509/', 'http://y:40859/', 'http://y:42827/', 'http://y:42725/', 'http://y:43245/', 'http://y:33241/', 'http://y:43067/', 'http://y:37915/']: sec=0.00, result=[1, '', 0]
[rosmaster.master][INFO] 2026-04-25 19:26:00,664: publisherUpdate[/ctrl/agent_5] -> http://y:37915/ []: sec=0.00, result=[0, 'Unknown Error', 0]
[rosmaster.master][INFO] 2026-04-25 19:26:00,664: publisherUpdate[/ctrl/agent_8] -> http://y:37915/ []
[rosmaster.master][INFO] 2026-04-25 19:26:00,664: publisherUpdate[/rosout] -> http://y:42537/ ['http://y:44941/', 'http://y:44303/', 'http://y:41509/', 'http://y:40859/', 'http://y:42725/', 'http://y:43245/', 'http://y:33241/', 'http://y:43067/', 'http://y:37915/']
[rosmaster.master][INFO] 2026-04-25 19:26:00,665: publisherUpdate[/ctrl/agent_8] -> http://y:37915/ []: sec=0.00, result=[0, 'Unknown Error', 0]
[rosmaster.master][INFO] 2026-04-25 19:26:00,665: publisherUpdate[/rosout] -> http://y:42537/ ['http://y:44941/', 'http://y:44303/', 'http://y:41509/', 'http://y:40859/', 'http://y:42725/', 'http://y:43245/', 'http://y:33241/', 'http://y:43067/', 'http://y:37915/']: sec=0.00, result=[1, '', 0]
[rosmaster.master][INFO] 2026-04-25 19:26:00,665: publisherUpdate[/ctrl/agent_6] -> http://y:37915/ []
[rosmaster.master][INFO] 2026-04-25 19:26:00,665: publisherUpdate[/ctrl/agent_6] -> http://y:37915/ []: sec=0.00, result=[0, 'Unknown Error', 0]
[rosmaster.master][INFO] 2026-04-25 19:26:00,739: -PUB [/rosout] /onlane_ai_agent_7 http://y:43245/
[rosmaster.master][INFO] 2026-04-25 19:26:00,740: -PUB [/ctrl/agent_7] /onlane_ai_agent_7 http://y:43245/
[rosmaster.master][INFO] 2026-04-25 19:26:00,740: -PUB [/rosout] /onlane_ai_agent_2 http://y:41509/
[rosmaster.master][INFO] 2026-04-25 19:26:00,740: -PUB [/tf] /onlane_ai_agent_7 http://y:43245/
[rosmaster.master][INFO] 2026-04-25 19:26:00,740: -PUB [/ctrl/agent_2] /onlane_ai_agent_2 http://y:41509/
[rosmaster.master][INFO] 2026-04-25 19:26:00,741: -PUB [/vis/agent_7/ego_vehicle_vis] /onlane_ai_agent_7 http://y:43245/
[rosmaster.master][INFO] 2026-04-25 19:26:00,741: -PUB [/tf] /onlane_ai_agent_2 http://y:41509/
[rosmaster.master][INFO] 2026-04-25 19:26:00,741: -PUB [/vis/agent_7/obstacle_map] /onlane_ai_agent_7 http://y:43245/
[rosmaster.master][INFO] 2026-04-25 19:26:00,741: -PUB [/vis/agent_7/surrounding_lane_net_vis] /onlane_ai_agent_7 http://y:43245/
[rosmaster.master][INFO] 2026-04-25 19:26:00,742: -PUB [/vis/agent_7/local_lanes_vis] /onlane_ai_agent_7 http://y:43245/
[rosmaster.master][INFO] 2026-04-25 19:26:00,742: -PUB [/vis/agent_2/ego_vehicle_vis] /onlane_ai_agent_2 http://y:41509/
[rosmaster.master][INFO] 2026-04-25 19:26:00,742: -PUB [/vis/agent_7/ego_behavior_vis] /onlane_ai_agent_7 http://y:43245/
[rosmaster.master][INFO] 2026-04-25 19:26:00,742: -PUB [/vis/agent_7/pred_traj_openloop_vis] /onlane_ai_agent_7 http://y:43245/
[rosmaster.master][INFO] 2026-04-25 19:26:00,742: -PUB [/rosout] /onlane_ai_agent_10 http://y:43067/
[rosmaster.master][INFO] 2026-04-25 19:26:00,742: -PUB [/vis/agent_2/obstacle_map] /onlane_ai_agent_2 http://y:41509/
[rosmaster.master][INFO] 2026-04-25 19:26:00,743: -PUB [/vis/agent_7/pred_initial_intention_vis] /onlane_ai_agent_7 http://y:43245/
[rosmaster.master][INFO] 2026-04-25 19:26:00,743: -PUB [/ctrl/agent_10] /onlane_ai_agent_10 http://y:43067/
[rosmaster.master][INFO] 2026-04-25 19:26:00,743: -PUB [/rosout] /onlane_ai_agent_3 http://y:40859/
[rosmaster.master][INFO] 2026-04-25 19:26:00,743: -PUB [/vis/agent_2/surrounding_lane_net_vis] /onlane_ai_agent_2 http://y:41509/
[rosmaster.master][INFO] 2026-04-25 19:26:00,744: -PUB [/vis/agent_7/surrounding_vehicle_vis] /onlane_ai_agent_7 http://y:43245/
[rosmaster.master][INFO] 2026-04-25 19:26:00,744: -PUB [/tf] /onlane_ai_agent_10 http://y:43067/
[rosmaster.master][INFO] 2026-04-25 19:26:00,744: -PUB [/ctrl/agent_3] /onlane_ai_agent_3 http://y:40859/
[rosmaster.master][INFO] 2026-04-25 19:26:00,744: -PUB [/vis/agent_2/local_lanes_vis] /onlane_ai_agent_2 http://y:41509/
[rosmaster.master][INFO] 2026-04-25 19:26:00,744: -PUB [/vis/agent_7/speed_limit] /onlane_ai_agent_7 http://y:43245/
[rosmaster.master][INFO] 2026-04-25 19:26:00,744: -PUB [/vis/agent_10/ego_vehicle_vis] /onlane_ai_agent_10 http://y:43067/
[rosmaster.master][INFO] 2026-04-25 19:26:00,745: -PUB [/tf] /onlane_ai_agent_3 http://y:40859/
[rosmaster.master][INFO] 2026-04-25 19:26:00,745: -PUB [/vis/agent_2/ego_behavior_vis] /onlane_ai_agent_2 http://y:41509/
[rosmaster.master][INFO] 2026-04-25 19:26:00,745: -PUB [/vis/agent_7/forward_trajs] /onlane_ai_agent_7 http://y:43245/
[rosmaster.master][INFO] 2026-04-25 19:26:00,746: -PUB [/rosout] /onlane_ai_agent_9 http://y:33241/
[rosmaster.master][INFO] 2026-04-25 19:26:00,746: -PUB [/vis/agent_10/obstacle_map] /onlane_ai_agent_10 http://y:43067/
[rosmaster.master][INFO] 2026-04-25 19:26:00,746: -PUB [/vis/agent_3/ego_vehicle_vis] /onlane_ai_agent_3 http://y:40859/
[rosmaster.master][INFO] 2026-04-25 19:26:00,746: -PUB [/vis/agent_2/pred_traj_openloop_vis] /onlane_ai_agent_2 http://y:41509/
[rosmaster.master][INFO] 2026-04-25 19:26:00,746: -SUB [/arena_info_static] /onlane_ai_agent_7 http://y:43245/
[rosmaster.master][INFO] 2026-04-25 19:26:00,746: -PUB [/ctrl/agent_9] /onlane_ai_agent_9 http://y:33241/
[rosmaster.master][INFO] 2026-04-25 19:26:00,747: -PUB [/vis/agent_10/surrounding_lane_net_vis] /onlane_ai_agent_10 http://y:43067/
[rosmaster.master][INFO] 2026-04-25 19:26:00,747: -PUB [/vis/agent_3/obstacle_map] /onlane_ai_agent_3 http://y:40859/
[rosmaster.master][INFO] 2026-04-25 19:26:00,747: -SUB [/arena_info_dynamic] /onlane_ai_agent_7 http://y:43245/
[rosmaster.master][INFO] 2026-04-25 19:26:00,747: -PUB [/vis/agent_2/pred_initial_intention_vis] /onlane_ai_agent_2 http://y:41509/
[rosmaster.master][INFO] 2026-04-25 19:26:00,747: -PUB [/rosout] /onlane_ai_agent_4 http://y:42725/
[rosmaster.master][INFO] 2026-04-25 19:26:00,748: -PUB [/tf] /onlane_ai_agent_9 http://y:33241/
[rosmaster.master][INFO] 2026-04-25 19:26:00,748: -PUB [/vis/agent_10/local_lanes_vis] /onlane_ai_agent_10 http://y:43067/
[rosmaster.master][INFO] 2026-04-25 19:26:00,748: -PUB [/vis/agent_3/surrounding_lane_net_vis] /onlane_ai_agent_3 http://y:40859/
[rosmaster.master][INFO] 2026-04-25 19:26:00,748: -SUB [/joy] /onlane_ai_agent_7 http://y:43245/
[rosmaster.master][INFO] 2026-04-25 19:26:00,749: -PUB [/vis/agent_2/surrounding_vehicle_vis] /onlane_ai_agent_2 http://y:41509/
[rosmaster.master][INFO] 2026-04-25 19:26:00,749: -PUB [/ctrl/agent_4] /onlane_ai_agent_4 http://y:42725/
[rosmaster.master][INFO] 2026-04-25 19:26:00,749: -PUB [/vis/agent_9/ego_vehicle_vis] /onlane_ai_agent_9 http://y:33241/
[rosmaster.master][INFO] 2026-04-25 19:26:00,749: -PUB [/vis/agent_10/ego_behavior_vis] /onlane_ai_agent_10 http://y:43067/
[rosmaster.master][INFO] 2026-04-25 19:26:00,749: -PUB [/vis/agent_3/local_lanes_vis] /onlane_ai_agent_3 http://y:40859/
[rosmaster.master][INFO] 2026-04-25 19:26:00,749: -SERVICE [/onlane_ai_agent_7/get_loggers] /onlane_ai_agent_7 rosrpc://y:47427
[rosmaster.master][INFO] 2026-04-25 19:26:00,750: -PUB [/tf] /onlane_ai_agent_4 http://y:42725/
[rosmaster.master][INFO] 2026-04-25 19:26:00,750: -PUB [/vis/agent_2/speed_limit] /onlane_ai_agent_2 http://y:41509/
[rosmaster.master][INFO] 2026-04-25 19:26:00,750: -PUB [/vis/agent_9/obstacle_map] /onlane_ai_agent_9 http://y:33241/
[rosmaster.master][INFO] 2026-04-25 19:26:00,750: -PUB [/vis/agent_10/pred_traj_openloop_vis] /onlane_ai_agent_10 http://y:43067/
[rosmaster.master][INFO] 2026-04-25 19:26:00,750: -PUB [/vis/agent_3/ego_behavior_vis] /onlane_ai_agent_3 http://y:40859/
[rosmaster.master][INFO] 2026-04-25 19:26:00,750: -SERVICE [/onlane_ai_agent_7/set_logger_level] /onlane_ai_agent_7 rosrpc://y:47427
[rosmaster.master][INFO] 2026-04-25 19:26:00,751: -PUB [/vis/agent_4/ego_vehicle_vis] /onlane_ai_agent_4 http://y:42725/
[rosmaster.master][INFO] 2026-04-25 19:26:00,751: -PUB [/vis/agent_2/forward_trajs] /onlane_ai_agent_2 http://y:41509/
[rosmaster.master][INFO] 2026-04-25 19:26:00,751: -PUB [/vis/agent_9/surrounding_lane_net_vis] /onlane_ai_agent_9 http://y:33241/
[rosmaster.master][INFO] 2026-04-25 19:26:00,751: -PUB [/vis/agent_10/pred_initial_intention_vis] /onlane_ai_agent_10 http://y:43067/
[rosmaster.master][INFO] 2026-04-25 19:26:00,751: -PUB [/vis/agent_3/pred_traj_openloop_vis] /onlane_ai_agent_3 http://y:40859/
[rosmaster.master][INFO] 2026-04-25 19:26:00,751: -PUB [/vis/agent_4/obstacle_map] /onlane_ai_agent_4 http://y:42725/
[rosmaster.master][INFO] 2026-04-25 19:26:00,752: -SUB [/arena_info_static] /onlane_ai_agent_2 http://y:41509/
[rosmaster.master][INFO] 2026-04-25 19:26:00,752: -PUB [/vis/agent_9/local_lanes_vis] /onlane_ai_agent_9 http://y:33241/
[rosmaster.master][INFO] 2026-04-25 19:26:00,752: -PUB [/vis/agent_10/surrounding_vehicle_vis] /onlane_ai_agent_10 http://y:43067/
[rosmaster.master][INFO] 2026-04-25 19:26:00,752: -PUB [/vis/agent_3/pred_initial_intention_vis] /onlane_ai_agent_3 http://y:40859/
[rosmaster.master][INFO] 2026-04-25 19:26:00,752: -PUB [/vis/agent_4/surrounding_lane_net_vis] /onlane_ai_agent_4 http://y:42725/
[rosmaster.master][INFO] 2026-04-25 19:26:00,753: -SUB [/arena_info_dynamic] /onlane_ai_agent_2 http://y:41509/
[rosmaster.master][INFO] 2026-04-25 19:26:00,753: -PUB [/vis/agent_9/ego_behavior_vis] /onlane_ai_agent_9 http://y:33241/
[rosmaster.master][INFO] 2026-04-25 19:26:00,753: -PUB [/vis/agent_10/speed_limit] /onlane_ai_agent_10 http://y:43067/
[rosmaster.master][INFO] 2026-04-25 19:26:00,753: -PUB [/vis/agent_3/surrounding_vehicle_vis] /onlane_ai_agent_3 http://y:40859/
[rosmaster.master][INFO] 2026-04-25 19:26:00,753: -PUB [/vis/agent_4/local_lanes_vis] /onlane_ai_agent_4 http://y:42725/
[rosmaster.master][INFO] 2026-04-25 19:26:00,753: -SUB [/joy] /onlane_ai_agent_2 http://y:41509/
[rosmaster.master][INFO] 2026-04-25 19:26:00,754: -PUB [/vis/agent_9/pred_traj_openloop_vis] /onlane_ai_agent_9 http://y:33241/
[rosmaster.master][INFO] 2026-04-25 19:26:00,754: -PUB [/vis/agent_10/forward_trajs] /onlane_ai_agent_10 http://y:43067/
[rosmaster.master][INFO] 2026-04-25 19:26:00,754: -PUB [/vis/agent_3/speed_limit] /onlane_ai_agent_3 http://y:40859/
[rosmaster.master][INFO] 2026-04-25 19:26:00,754: -PUB [/vis/agent_4/ego_behavior_vis] /onlane_ai_agent_4 http://y:42725/
[rosmaster.master][INFO] 2026-04-25 19:26:00,754: -SERVICE [/onlane_ai_agent_2/get_loggers] /onlane_ai_agent_2 rosrpc://y:57453
[rosmaster.master][INFO] 2026-04-25 19:26:00,754: -PUB [/vis/agent_9/pred_initial_intention_vis] /onlane_ai_agent_9 http://y:33241/
[rosmaster.master][INFO] 2026-04-25 19:26:00,755: -SUB [/arena_info_static] /onlane_ai_agent_10 http://y:43067/
[rosmaster.master][INFO] 2026-04-25 19:26:00,755: -PUB [/vis/agent_3/forward_trajs] /onlane_ai_agent_3 http://y:40859/
[rosmaster.master][INFO] 2026-04-25 19:26:00,755: -PUB [/vis/agent_4/pred_traj_openloop_vis] /onlane_ai_agent_4 http://y:42725/
[rosmaster.master][INFO] 2026-04-25 19:26:00,755: -SERVICE [/onlane_ai_agent_2/set_logger_level] /onlane_ai_agent_2 rosrpc://y:57453
[rosmaster.master][INFO] 2026-04-25 19:26:00,755: -PUB [/vis/agent_9/surrounding_vehicle_vis] /onlane_ai_agent_9 http://y:33241/
[rosmaster.master][INFO] 2026-04-25 19:26:00,755: -SUB [/arena_info_dynamic] /onlane_ai_agent_10 http://y:43067/
[rosmaster.master][INFO] 2026-04-25 19:26:00,756: -SUB [/arena_info_static] /onlane_ai_agent_3 http://y:40859/
[rosmaster.master][INFO] 2026-04-25 19:26:00,756: -PUB [/vis/agent_4/pred_initial_intention_vis] /onlane_ai_agent_4 http://y:42725/
[rosmaster.master][INFO] 2026-04-25 19:26:00,756: -PUB [/vis/agent_9/speed_limit] /onlane_ai_agent_9 http://y:33241/
[rosmaster.master][INFO] 2026-04-25 19:26:00,756: -SUB [/joy] /onlane_ai_agent_10 http://y:43067/
[rosmaster.master][INFO] 2026-04-25 19:26:00,756: -SUB [/arena_info_dynamic] /onlane_ai_agent_3 http://y:40859/
[rosmaster.master][INFO] 2026-04-25 19:26:00,757: -PUB [/vis/agent_4/surrounding_vehicle_vis] /onlane_ai_agent_4 http://y:42725/
[rosmaster.master][INFO] 2026-04-25 19:26:00,757: -PUB [/vis/agent_9/forward_trajs] /onlane_ai_agent_9 http://y:33241/
[rosmaster.master][INFO] 2026-04-25 19:26:00,757: -SERVICE [/onlane_ai_agent_10/get_loggers] /onlane_ai_agent_10 rosrpc://y:50535
[rosmaster.master][INFO] 2026-04-25 19:26:00,757: -SUB [/joy] /onlane_ai_agent_3 http://y:40859/
[rosmaster.master][INFO] 2026-04-25 19:26:00,757: -PUB [/vis/agent_4/speed_limit] /onlane_ai_agent_4 http://y:42725/
[rosmaster.master][INFO] 2026-04-25 19:26:00,758: -SUB [/arena_info_static] /onlane_ai_agent_9 http://y:33241/
[rosmaster.master][INFO] 2026-04-25 19:26:00,758: -SERVICE [/onlane_ai_agent_10/set_logger_level] /onlane_ai_agent_10 rosrpc://y:50535
[rosmaster.master][INFO] 2026-04-25 19:26:00,758: -SERVICE [/onlane_ai_agent_3/get_loggers] /onlane_ai_agent_3 rosrpc://y:44399
[rosmaster.master][INFO] 2026-04-25 19:26:00,758: -PUB [/vis/agent_4/forward_trajs] /onlane_ai_agent_4 http://y:42725/
[rosmaster.master][INFO] 2026-04-25 19:26:00,758: -SUB [/arena_info_dynamic] /onlane_ai_agent_9 http://y:33241/
[rosmaster.master][INFO] 2026-04-25 19:26:00,758: -SERVICE [/onlane_ai_agent_3/set_logger_level] /onlane_ai_agent_3 rosrpc://y:44399
[rosmaster.master][INFO] 2026-04-25 19:26:00,759: -SUB [/arena_info_static] /onlane_ai_agent_4 http://y:42725/
[rosmaster.master][INFO] 2026-04-25 19:26:00,759: -SUB [/joy] /onlane_ai_agent_9 http://y:33241/
[rosmaster.master][INFO] 2026-04-25 19:26:00,759: -SUB [/arena_info_dynamic] /onlane_ai_agent_4 http://y:42725/
[rosmaster.master][INFO] 2026-04-25 19:26:00,759: -SERVICE [/onlane_ai_agent_9/get_loggers] /onlane_ai_agent_9 rosrpc://y:35585
[rosmaster.master][INFO] 2026-04-25 19:26:00,759: -SUB [/joy] /onlane_ai_agent_4 http://y:42725/
[rosmaster.master][INFO] 2026-04-25 19:26:00,759: -SERVICE [/onlane_ai_agent_9/set_logger_level] /onlane_ai_agent_9 rosrpc://y:35585
[rosmaster.master][INFO] 2026-04-25 19:26:00,760: -SERVICE [/onlane_ai_agent_4/get_loggers] /onlane_ai_agent_4 rosrpc://y:50749
[rosmaster.master][INFO] 2026-04-25 19:26:00,760: -SERVICE [/onlane_ai_agent_4/set_logger_level] /onlane_ai_agent_4 rosrpc://y:50749
[rosmaster.master][INFO] 2026-04-25 19:26:00,765: publisherUpdate[/rosout] -> http://y:42537/ ['http://y:44941/', 'http://y:44303/', 'http://y:41509/', 'http://y:40859/', 'http://y:42725/', 'http://y:33241/', 'http://y:43067/', 'http://y:37915/']
[rosmaster.master][INFO] 2026-04-25 19:26:00,766: publisherUpdate[/rosout] -> http://y:42537/ ['http://y:44941/', 'http://y:44303/', 'http://y:41509/', 'http://y:40859/', 'http://y:42725/', 'http://y:33241/', 'http://y:43067/', 'http://y:37915/']: sec=0.00, result=[1, '', 0]
[rosmaster.master][INFO] 2026-04-25 19:26:00,766: -PUB [/rosout] /phy_simulator_planning_node http://y:37915/
[rosmaster.master][INFO] 2026-04-25 19:26:00,766: publisherUpdate[/ctrl/agent_7] -> http://y:37915/ []
[rosmaster.master][INFO] 2026-04-25 19:26:00,766: publisherUpdate[/rosout] -> http://y:42537/ ['http://y:44941/', 'http://y:44303/', 'http://y:40859/', 'http://y:42725/', 'http://y:33241/', 'http://y:43067/', 'http://y:37915/']
[rosmaster.master][INFO] 2026-04-25 19:26:00,766: -PUB [/arena_info_static] /phy_simulator_planning_node http://y:37915/
[rosmaster.master][INFO] 2026-04-25 19:26:00,767: publisherUpdate[/rosout] -> http://y:42537/ ['http://y:44941/', 'http://y:44303/', 'http://y:40859/', 'http://y:42725/', 'http://y:33241/', 'http://y:43067/', 'http://y:37915/']: sec=0.00, result=[1, '', 0]
[rosmaster.master][INFO] 2026-04-25 19:26:00,767: publisherUpdate[/rosout] -> http://y:42537/ ['http://y:44941/', 'http://y:44303/', 'http://y:40859/', 'http://y:42725/', 'http://y:33241/', 'http://y:37915/']
[rosmaster.master][INFO] 2026-04-25 19:26:00,767: -PUB [/arena_info_dynamic] /phy_simulator_planning_node http://y:37915/
[rosmaster.master][INFO] 2026-04-25 19:26:00,767: publisherUpdate[/rosout] -> http://y:42537/ ['http://y:44941/', 'http://y:44303/', 'http://y:40859/', 'http://y:42725/', 'http://y:33241/', 'http://y:37915/']: sec=0.00, result=[1, '', 0]
[rosmaster.master][INFO] 2026-04-25 19:26:00,767: -PUB [/phy_simulator_planning_node/vis/vehicle_set_vis] /phy_simulator_planning_node http://y:37915/
[rosmaster.master][INFO] 2026-04-25 19:26:00,767: publisherUpdate[/rosout] -> http://y:42537/ ['http://y:44941/', 'http://y:44303/', 'http://y:42725/', 'http://y:33241/', 'http://y:37915/']
[rosmaster.master][INFO] 2026-04-25 19:26:00,767: -PUB [/phy_simulator_planning_node/vis/lane_net_vis] /phy_simulator_planning_node http://y:37915/
[rosmaster.master][INFO] 2026-04-25 19:26:00,767: publisherUpdate[/rosout] -> http://y:42537/ ['http://y:44941/', 'http://y:44303/', 'http://y:42725/', 'http://y:33241/', 'http://y:37915/']: sec=0.00, result=[1, '', 0]
[rosmaster.master][INFO] 2026-04-25 19:26:00,768: -PUB [/phy_simulator_planning_node/vis/obstacle_set_vis] /phy_simulator_planning_node http://y:37915/
[rosmaster.master][INFO] 2026-04-25 19:26:00,768: publisherUpdate[/rosout] -> http://y:42537/ ['http://y:44941/', 'http://y:44303/', 'http://y:42725/', 'http://y:37915/']
[rosmaster.master][INFO] 2026-04-25 19:26:00,768: -SUB [/ctrl/agent_1002] /phy_simulator_planning_node http://y:37915/
[rosmaster.master][INFO] 2026-04-25 19:26:00,768: publisherUpdate[/rosout] -> http://y:42537/ ['http://y:44941/', 'http://y:44303/', 'http://y:42725/', 'http://y:37915/']: sec=0.00, result=[1, '', 0]
[rosmaster.master][INFO] 2026-04-25 19:26:00,768: publisherUpdate[/rosout] -> http://y:42537/ ['http://y:44941/', 'http://y:44303/', 'http://y:37915/']
[rosmaster.master][INFO] 2026-04-25 19:26:00,768: -SUB [/ctrl/agent_0] /phy_simulator_planning_node http://y:37915/
[rosmaster.master][INFO] 2026-04-25 19:26:00,768: publisherUpdate[/rosout] -> http://y:42537/ ['http://y:44941/', 'http://y:44303/', 'http://y:37915/']: sec=0.00, result=[1, '', 0]
[rosmaster.master][INFO] 2026-04-25 19:26:00,768: publisherUpdate[/rosout] -> http://y:42537/ ['http://y:44941/', 'http://y:44303/']
[rosmaster.master][INFO] 2026-04-25 19:26:00,769: publisherUpdate[/rosout] -> http://y:42537/ ['http://y:44941/', 'http://y:44303/']: sec=0.00, result=[1, '', 0]
[rosmaster.master][INFO] 2026-04-25 19:26:00,769: -SUB [/ctrl/agent_1001] /phy_simulator_planning_node http://y:37915/
[rosmaster.master][INFO] 2026-04-25 19:26:00,769: publisherUpdate[/arena_info_static] -> http://y:44941/ []
[rosmaster.master][INFO] 2026-04-25 19:26:00,769: -SUB [/ctrl/agent_1] /phy_simulator_planning_node http://y:37915/
[rosmaster.master][INFO] 2026-04-25 19:26:00,769: publisherUpdate[/arena_info_static] -> http://y:44941/ []: sec=0.00, result=[0, 'Unknown Error', 0]
[rosmaster.master][INFO] 2026-04-25 19:26:00,769: -SUB [/ctrl/agent_2] /phy_simulator_planning_node http://y:37915/
[rosmaster.master][INFO] 2026-04-25 19:26:00,769: publisherUpdate[/arena_info_static] -> http://y:44303/ []
[rosmaster.master][INFO] 2026-04-25 19:26:00,770: -SUB [/ctrl/agent_3] /phy_simulator_planning_node http://y:37915/
[rosmaster.master][INFO] 2026-04-25 19:26:00,770: -SUB [/ctrl/agent_4] /phy_simulator_planning_node http://y:37915/
[rosmaster.master][INFO] 2026-04-25 19:26:00,770: publisherUpdate[/arena_info_static] -> http://y:44303/ []: sec=0.00, result=[1, '', 0]
[rosmaster.master][INFO] 2026-04-25 19:26:00,770: publisherUpdate[/arena_info_dynamic] -> http://y:44941/ []
[rosmaster.master][INFO] 2026-04-25 19:26:00,770: -SUB [/ctrl/agent_5] /phy_simulator_planning_node http://y:37915/
[rosmaster.master][INFO] 2026-04-25 19:26:00,770: publisherUpdate[/arena_info_dynamic] -> http://y:44941/ []: sec=0.00, result=[0, 'Unknown Error', 0]
[rosmaster.master][INFO] 2026-04-25 19:26:00,771: -SUB [/ctrl/agent_6] /phy_simulator_planning_node http://y:37915/
[rosmaster.master][INFO] 2026-04-25 19:26:00,771: publisherUpdate[/arena_info_dynamic] -> http://y:44303/ []
[rosmaster.master][INFO] 2026-04-25 19:26:00,771: -SUB [/ctrl/agent_7] /phy_simulator_planning_node http://y:37915/
[rosmaster.master][INFO] 2026-04-25 19:26:00,771: publisherUpdate[/arena_info_dynamic] -> http://y:44303/ []: sec=0.00, result=[1, '', 0]
[rosmaster.master][INFO] 2026-04-25 19:26:00,771: -SUB [/ctrl/agent_8] /phy_simulator_planning_node http://y:37915/
[rosmaster.master][INFO] 2026-04-25 19:26:00,771: -SUB [/ctrl/agent_9] /phy_simulator_planning_node http://y:37915/
[rosmaster.master][INFO] 2026-04-25 19:26:00,772: -SUB [/ctrl/agent_10] /phy_simulator_planning_node http://y:37915/
[rosmaster.master][INFO] 2026-04-25 19:26:00,772: -SUB [/ctrl/agent_1000] /phy_simulator_planning_node http://y:37915/
[rosmaster.master][INFO] 2026-04-25 19:26:00,772: -SUB [/initialpose] /phy_simulator_planning_node http://y:37915/
[rosmaster.master][INFO] 2026-04-25 19:26:00,772: -SUB [/move_base_simple/goal] /phy_simulator_planning_node http://y:37915/
[rosmaster.master][INFO] 2026-04-25 19:26:00,772: -SERVICE [/phy_simulator_planning_node/get_loggers] /phy_simulator_planning_node rosrpc://y:41887
[rosmaster.master][INFO] 2026-04-25 19:26:00,772: -SERVICE [/phy_simulator_planning_node/set_logger_level] /phy_simulator_planning_node rosrpc://y:41887
[rosmaster.master][INFO] 2026-04-25 19:26:00,777: publisherUpdate[/ctrl/agent_7] -> http://y:37915/ []: sec=0.01, exception=[Errno 111] Connection refused
[rosmaster.threadpool][ERROR] 2026-04-25 19:26:00,778: Traceback (most recent call last):
  File "/opt/ros/noetic/lib/python3/dist-packages/rosmaster/threadpool.py", line 218, in run
    result = cmd(*args)
  File "/opt/ros/noetic/lib/python3/dist-packages/rosmaster/master_api.py", line 210, in publisher_update_task
    ret = xmlrpcapi(api).publisherUpdate('/master', topic, pub_uris)
  File "/usr/lib/python3.8/xmlrpc/client.py", line 1109, in __call__
    return self.__send(self.__name, args)
  File "/usr/lib/python3.8/xmlrpc/client.py", line 1450, in __request
    response = self.__transport.request(
  File "/usr/lib/python3.8/xmlrpc/client.py", line 1153, in request
    return self.single_request(host, handler, request_body, verbose)
  File "/usr/lib/python3.8/xmlrpc/client.py", line 1165, in single_request
    http_conn = self.send_request(host, handler, request_body, verbose)
  File "/usr/lib/python3.8/xmlrpc/client.py", line 1278, in send_request
    self.send_content(connection, request_body)
  File "/usr/lib/python3.8/xmlrpc/client.py", line 1308, in send_content
    connection.endheaders(request_body)
  File "/usr/lib/python3.8/http/client.py", line 1251, in endheaders
    self._send_output(message_body, encode_chunked=encode_chunked)
  File "/usr/lib/python3.8/http/client.py", line 1011, in _send_output
    self.send(msg)
  File "/usr/lib/python3.8/http/client.py", line 951, in send
    self.connect()
  File "/usr/lib/python3.8/http/client.py", line 922, in connect
    self.sock = self._create_connection(
  File "/usr/lib/python3.8/socket.py", line 808, in create_connection
    raise err
  File "/usr/lib/python3.8/socket.py", line 796, in create_connection
    sock.connect(sa)
ConnectionRefusedError: [Errno 111] Connection refused

[rosmaster.master][INFO] 2026-04-25 19:26:00,778: publisherUpdate[/ctrl/agent_2] -> http://y:37915/ []
[rosmaster.master][INFO] 2026-04-25 19:26:00,778: publisherUpdate[/ctrl/agent_2] -> http://y:37915/ []: sec=0.00, exception=[Errno 111] Connection refused
[rosmaster.threadpool][ERROR] 2026-04-25 19:26:00,778: Traceback (most recent call last):
  File "/opt/ros/noetic/lib/python3/dist-packages/rosmaster/threadpool.py", line 218, in run
    result = cmd(*args)
  File "/opt/ros/noetic/lib/python3/dist-packages/rosmaster/master_api.py", line 210, in publisher_update_task
    ret = xmlrpcapi(api).publisherUpdate('/master', topic, pub_uris)
  File "/usr/lib/python3.8/xmlrpc/client.py", line 1109, in __call__
    return self.__send(self.__name, args)
  File "/usr/lib/python3.8/xmlrpc/client.py", line 1450, in __request
    response = self.__transport.request(
  File "/usr/lib/python3.8/xmlrpc/client.py", line 1153, in request
    return self.single_request(host, handler, request_body, verbose)
  File "/usr/lib/python3.8/xmlrpc/client.py", line 1165, in single_request
    http_conn = self.send_request(host, handler, request_body, verbose)
  File "/usr/lib/python3.8/xmlrpc/client.py", line 1278, in send_request
    self.send_content(connection, request_body)
  File "/usr/lib/python3.8/xmlrpc/client.py", line 1308, in send_content
    connection.endheaders(request_body)
  File "/usr/lib/python3.8/http/client.py", line 1251, in endheaders
    self._send_output(message_body, encode_chunked=encode_chunked)
  File "/usr/lib/python3.8/http/client.py", line 1011, in _send_output
    self.send(msg)
  File "/usr/lib/python3.8/http/client.py", line 951, in send
    self.connect()
  File "/usr/lib/python3.8/http/client.py", line 922, in connect
    self.sock = self._create_connection(
  File "/usr/lib/python3.8/socket.py", line 808, in create_connection
    raise err
  File "/usr/lib/python3.8/socket.py", line 796, in create_connection
    sock.connect(sa)
ConnectionRefusedError: [Errno 111] Connection refused

[rosmaster.master][INFO] 2026-04-25 19:26:00,778: publisherUpdate[/ctrl/agent_10] -> http://y:37915/ []
[rosmaster.master][INFO] 2026-04-25 19:26:00,778: publisherUpdate[/ctrl/agent_10] -> http://y:37915/ []: sec=0.00, exception=[Errno 111] Connection refused
[rosmaster.threadpool][ERROR] 2026-04-25 19:26:00,779: Traceback (most recent call last):
  File "/opt/ros/noetic/lib/python3/dist-packages/rosmaster/threadpool.py", line 218, in run
    result = cmd(*args)
  File "/opt/ros/noetic/lib/python3/dist-packages/rosmaster/master_api.py", line 210, in publisher_update_task
    ret = xmlrpcapi(api).publisherUpdate('/master', topic, pub_uris)
  File "/usr/lib/python3.8/xmlrpc/client.py", line 1109, in __call__
    return self.__send(self.__name, args)
  File "/usr/lib/python3.8/xmlrpc/client.py", line 1450, in __request
    response = self.__transport.request(
  File "/usr/lib/python3.8/xmlrpc/client.py", line 1153, in request
    return self.single_request(host, handler, request_body, verbose)
  File "/usr/lib/python3.8/xmlrpc/client.py", line 1165, in single_request
    http_conn = self.send_request(host, handler, request_body, verbose)
  File "/usr/lib/python3.8/xmlrpc/client.py", line 1278, in send_request
    self.send_content(connection, request_body)
  File "/usr/lib/python3.8/xmlrpc/client.py", line 1308, in send_content
    connection.endheaders(request_body)
  File "/usr/lib/python3.8/http/client.py", line 1251, in endheaders
    self._send_output(message_body, encode_chunked=encode_chunked)
  File "/usr/lib/python3.8/http/client.py", line 1011, in _send_output
    self.send(msg)
  File "/usr/lib/python3.8/http/client.py", line 951, in send
    self.connect()
  File "/usr/lib/python3.8/http/client.py", line 922, in connect
    self.sock = self._create_connection(
  File "/usr/lib/python3.8/socket.py", line 808, in create_connection
    raise err
  File "/usr/lib/python3.8/socket.py", line 796, in create_connection
    sock.connect(sa)
ConnectionRefusedError: [Errno 111] Connection refused

[rosmaster.master][INFO] 2026-04-25 19:26:00,779: publisherUpdate[/ctrl/agent_3] -> http://y:37915/ []
[rosmaster.master][INFO] 2026-04-25 19:26:00,779: publisherUpdate[/ctrl/agent_3] -> http://y:37915/ []: sec=0.00, exception=[Errno 111] Connection refused
[rosmaster.threadpool][ERROR] 2026-04-25 19:26:00,779: Traceback (most recent call last):
  File "/opt/ros/noetic/lib/python3/dist-packages/rosmaster/threadpool.py", line 218, in run
    result = cmd(*args)
  File "/opt/ros/noetic/lib/python3/dist-packages/rosmaster/master_api.py", line 210, in publisher_update_task
    ret = xmlrpcapi(api).publisherUpdate('/master', topic, pub_uris)
  File "/usr/lib/python3.8/xmlrpc/client.py", line 1109, in __call__
    return self.__send(self.__name, args)
  File "/usr/lib/python3.8/xmlrpc/client.py", line 1450, in __request
    response = self.__transport.request(
  File "/usr/lib/python3.8/xmlrpc/client.py", line 1153, in request
    return self.single_request(host, handler, request_body, verbose)
  File "/usr/lib/python3.8/xmlrpc/client.py", line 1165, in single_request
    http_conn = self.send_request(host, handler, request_body, verbose)
  File "/usr/lib/python3.8/xmlrpc/client.py", line 1278, in send_request
    self.send_content(connection, request_body)
  File "/usr/lib/python3.8/xmlrpc/client.py", line 1308, in send_content
    connection.endheaders(request_body)
  File "/usr/lib/python3.8/http/client.py", line 1251, in endheaders
    self._send_output(message_body, encode_chunked=encode_chunked)
  File "/usr/lib/python3.8/http/client.py", line 1011, in _send_output
    self.send(msg)
  File "/usr/lib/python3.8/http/client.py", line 951, in send
    self.connect()
  File "/usr/lib/python3.8/http/client.py", line 922, in connect
    self.sock = self._create_connection(
  File "/usr/lib/python3.8/socket.py", line 808, in create_connection
    raise err
  File "/usr/lib/python3.8/socket.py", line 796, in create_connection
    sock.connect(sa)
ConnectionRefusedError: [Errno 111] Connection refused

[rosmaster.master][INFO] 2026-04-25 19:26:00,779: publisherUpdate[/ctrl/agent_9] -> http://y:37915/ []
[rosmaster.master][INFO] 2026-04-25 19:26:00,779: publisherUpdate[/ctrl/agent_9] -> http://y:37915/ []: sec=0.00, exception=[Errno 111] Connection refused
[rosmaster.threadpool][ERROR] 2026-04-25 19:26:00,779: Traceback (most recent call last):
  File "/opt/ros/noetic/lib/python3/dist-packages/rosmaster/threadpool.py", line 218, in run
    result = cmd(*args)
  File "/opt/ros/noetic/lib/python3/dist-packages/rosmaster/master_api.py", line 210, in publisher_update_task
    ret = xmlrpcapi(api).publisherUpdate('/master', topic, pub_uris)
  File "/usr/lib/python3.8/xmlrpc/client.py", line 1109, in __call__
    return self.__send(self.__name, args)
  File "/usr/lib/python3.8/xmlrpc/client.py", line 1450, in __request
    response = self.__transport.request(
  File "/usr/lib/python3.8/xmlrpc/client.py", line 1153, in request
    return self.single_request(host, handler, request_body, verbose)
  File "/usr/lib/python3.8/xmlrpc/client.py", line 1165, in single_request
    http_conn = self.send_request(host, handler, request_body, verbose)
  File "/usr/lib/python3.8/xmlrpc/client.py", line 1278, in send_request
    self.send_content(connection, request_body)
  File "/usr/lib/python3.8/xmlrpc/client.py", line 1308, in send_content
    connection.endheaders(request_body)
  File "/usr/lib/python3.8/http/client.py", line 1251, in endheaders
    self._send_output(message_body, encode_chunked=encode_chunked)
  File "/usr/lib/python3.8/http/client.py", line 1011, in _send_output
    self.send(msg)
  File "/usr/lib/python3.8/http/client.py", line 951, in send
    self.connect()
  File "/usr/lib/python3.8/http/client.py", line 922, in connect
    self.sock = self._create_connection(
  File "/usr/lib/python3.8/socket.py", line 808, in create_connection
    raise err
  File "/usr/lib/python3.8/socket.py", line 796, in create_connection
    sock.connect(sa)
ConnectionRefusedError: [Errno 111] Connection refused

[rosmaster.master][INFO] 2026-04-25 19:26:00,779: publisherUpdate[/ctrl/agent_4] -> http://y:37915/ []
[rosmaster.master][INFO] 2026-04-25 19:26:00,779: publisherUpdate[/ctrl/agent_4] -> http://y:37915/ []: sec=0.00, exception=[Errno 111] Connection refused
[rosmaster.threadpool][ERROR] 2026-04-25 19:26:00,779: Traceback (most recent call last):
  File "/opt/ros/noetic/lib/python3/dist-packages/rosmaster/threadpool.py", line 218, in run
    result = cmd(*args)
  File "/opt/ros/noetic/lib/python3/dist-packages/rosmaster/master_api.py", line 210, in publisher_update_task
    ret = xmlrpcapi(api).publisherUpdate('/master', topic, pub_uris)
  File "/usr/lib/python3.8/xmlrpc/client.py", line 1109, in __call__
    return self.__send(self.__name, args)
  File "/usr/lib/python3.8/xmlrpc/client.py", line 1450, in __request
    response = self.__transport.request(
  File "/usr/lib/python3.8/xmlrpc/client.py", line 1153, in request
    return self.single_request(host, handler, request_body, verbose)
  File "/usr/lib/python3.8/xmlrpc/client.py", line 1165, in single_request
    http_conn = self.send_request(host, handler, request_body, verbose)
  File "/usr/lib/python3.8/xmlrpc/client.py", line 1278, in send_request
    self.send_content(connection, request_body)
  File "/usr/lib/python3.8/xmlrpc/client.py", line 1308, in send_content
    connection.endheaders(request_body)
  File "/usr/lib/python3.8/http/client.py", line 1251, in endheaders
    self._send_output(message_body, encode_chunked=encode_chunked)
  File "/usr/lib/python3.8/http/client.py", line 1011, in _send_output
    self.send(msg)
  File "/usr/lib/python3.8/http/client.py", line 951, in send
    self.connect()
  File "/usr/lib/python3.8/http/client.py", line 922, in connect
    self.sock = self._create_connection(
  File "/usr/lib/python3.8/socket.py", line 808, in create_connection
    raise err
  File "/usr/lib/python3.8/socket.py", line 796, in create_connection
    sock.connect(sa)
ConnectionRefusedError: [Errno 111] Connection refused

[rosmaster.master][INFO] 2026-04-25 19:26:00,871: -PUB [/rosout] /onlane_ai_agent_1 http://y:44941/
[rosmaster.master][INFO] 2026-04-25 19:26:00,871: -PUB [/rosout] /test_ssc_with_mpdm_0 http://y:44303/
[rosmaster.master][INFO] 2026-04-25 19:26:00,871: publisherUpdate[/rosout] -> http://y:42537/ ['http://y:44303/']
[rosmaster.master][INFO] 2026-04-25 19:26:00,872: -PUB [/ctrl/agent_1] /onlane_ai_agent_1 http://y:44941/
[rosmaster.master][INFO] 2026-04-25 19:26:00,872: -PUB [/tf] /test_ssc_with_mpdm_0 http://y:44303/
[rosmaster.master][INFO] 2026-04-25 19:26:00,872: publisherUpdate[/rosout] -> http://y:42537/ ['http://y:44303/']: sec=0.00, result=[1, '', 0]
[rosmaster.master][INFO] 2026-04-25 19:26:00,872: publisherUpdate[/rosout] -> http://y:42537/ []
[rosmaster.master][INFO] 2026-04-25 19:26:00,872: -PUB [/vis/agent_0/ego_vehicle_vis] /test_ssc_with_mpdm_0 http://y:44303/
[rosmaster.master][INFO] 2026-04-25 19:26:00,873: -PUB [/tf] /onlane_ai_agent_1 http://y:44941/
[rosmaster.master][INFO] 2026-04-25 19:26:00,873: -PUB [/vis/agent_0/obstacle_map] /test_ssc_with_mpdm_0 http://y:44303/
[rosmaster.master][INFO] 2026-04-25 19:26:00,873: publisherUpdate[/rosout] -> http://y:42537/ []: sec=0.00, result=[1, '', 0]
[rosmaster.master][INFO] 2026-04-25 19:26:00,873: -PUB [/vis/agent_1/ego_vehicle_vis] /onlane_ai_agent_1 http://y:44941/
[rosmaster.master][INFO] 2026-04-25 19:26:00,873: -PUB [/vis/agent_0/surrounding_lane_net_vis] /test_ssc_with_mpdm_0 http://y:44303/
[rosmaster.master][INFO] 2026-04-25 19:26:00,874: -PUB [/vis/agent_1/obstacle_map] /onlane_ai_agent_1 http://y:44941/
[rosmaster.master][INFO] 2026-04-25 19:26:00,874: -PUB [/vis/agent_0/local_lanes_vis] /test_ssc_with_mpdm_0 http://y:44303/
[rosmaster.master][INFO] 2026-04-25 19:26:00,874: -PUB [/vis/agent_1/surrounding_lane_net_vis] /onlane_ai_agent_1 http://y:44941/
[rosmaster.master][INFO] 2026-04-25 19:26:00,874: -PUB [/vis/agent_0/ego_behavior_vis] /test_ssc_with_mpdm_0 http://y:44303/
[rosmaster.master][INFO] 2026-04-25 19:26:00,874: -PUB [/vis/agent_0/pred_traj_openloop_vis] /test_ssc_with_mpdm_0 http://y:44303/
[rosmaster.master][INFO] 2026-04-25 19:26:00,874: -PUB [/vis/agent_1/local_lanes_vis] /onlane_ai_agent_1 http://y:44941/
[rosmaster.master][INFO] 2026-04-25 19:26:00,875: -PUB [/vis/agent_0/pred_initial_intention_vis] /test_ssc_with_mpdm_0 http://y:44303/
[rosmaster.master][INFO] 2026-04-25 19:26:00,875: -PUB [/vis/agent_1/ego_behavior_vis] /onlane_ai_agent_1 http://y:44941/
[rosmaster.master][INFO] 2026-04-25 19:26:00,875: -PUB [/vis/agent_0/surrounding_vehicle_vis] /test_ssc_with_mpdm_0 http://y:44303/
[rosmaster.master][INFO] 2026-04-25 19:26:00,875: -PUB [/vis/agent_0/speed_limit] /test_ssc_with_mpdm_0 http://y:44303/
[rosmaster.master][INFO] 2026-04-25 19:26:00,875: -PUB [/vis/agent_1/pred_traj_openloop_vis] /onlane_ai_agent_1 http://y:44941/
[rosmaster.master][INFO] 2026-04-25 19:26:00,875: -PUB [/vis/agent_0/ssc/map_vis] /test_ssc_with_mpdm_0 http://y:44303/
[rosmaster.master][INFO] 2026-04-25 19:26:00,875: -PUB [/vis/agent_1/pred_initial_intention_vis] /onlane_ai_agent_1 http://y:44941/
[rosmaster.master][INFO] 2026-04-25 19:26:00,876: -PUB [/vis/agent_0/ssc/qp_vis] /test_ssc_with_mpdm_0 http://y:44303/
[rosmaster.master][INFO] 2026-04-25 19:26:00,876: -PUB [/vis/agent_1/surrounding_vehicle_vis] /onlane_ai_agent_1 http://y:44941/
[rosmaster.master][INFO] 2026-04-25 19:26:00,876: -PUB [/vis/agent_0/ssc/ego_fs_vis] /test_ssc_with_mpdm_0 http://y:44303/
[rosmaster.master][INFO] 2026-04-25 19:26:00,876: -PUB [/vis/agent_1/speed_limit] /onlane_ai_agent_1 http://y:44941/
[rosmaster.master][INFO] 2026-04-25 19:26:00,876: -PUB [/vis/agent_0/ssc/forward_trajs_vis] /test_ssc_with_mpdm_0 http://y:44303/
[rosmaster.master][INFO] 2026-04-25 19:26:00,876: -PUB [/vis/agent_1/forward_trajs] /onlane_ai_agent_1 http://y:44941/
[rosmaster.master][INFO] 2026-04-25 19:26:00,876: -PUB [/vis/agent_0/ssc/sur_vehicle_trajs_vis] /test_ssc_with_mpdm_0 http://y:44303/
[rosmaster.master][INFO] 2026-04-25 19:26:00,877: -SUB [/arena_info_static] /onlane_ai_agent_1 http://y:44941/
[rosmaster.master][INFO] 2026-04-25 19:26:00,877: -PUB [/vis/agent_0/ssc/corridor_vis] /test_ssc_with_mpdm_0 http://y:44303/
[rosmaster.master][INFO] 2026-04-25 19:26:00,877: -PUB [/ctrl/agent_0] /test_ssc_with_mpdm_0 http://y:44303/
[rosmaster.master][INFO] 2026-04-25 19:26:00,877: -SUB [/arena_info_dynamic] /onlane_ai_agent_1 http://y:44941/
[rosmaster.master][INFO] 2026-04-25 19:26:00,877: -PUB [/test_ssc_with_mpdm_0/ssc_map] /test_ssc_with_mpdm_0 http://y:44303/
[rosmaster.master][INFO] 2026-04-25 19:26:00,877: -SUB [/joy] /onlane_ai_agent_1 http://y:44941/
[rosmaster.master][INFO] 2026-04-25 19:26:00,877: -PUB [/vis/agent_0/ssc/exec_traj] /test_ssc_with_mpdm_0 http://y:44303/
[rosmaster.master][INFO] 2026-04-25 19:26:00,877: -SERVICE [/onlane_ai_agent_1/get_loggers] /onlane_ai_agent_1 rosrpc://y:57355
[rosmaster.master][INFO] 2026-04-25 19:26:00,878: -PUB [/vis/agent_0/forward_trajs] /test_ssc_with_mpdm_0 http://y:44303/
[rosmaster.master][INFO] 2026-04-25 19:26:00,878: -SERVICE [/onlane_ai_agent_1/set_logger_level] /onlane_ai_agent_1 rosrpc://y:57355
[rosmaster.master][INFO] 2026-04-25 19:26:00,878: -SUB [/joy] /test_ssc_with_mpdm_0 http://y:44303/
[rosmaster.master][INFO] 2026-04-25 19:26:00,878: -SUB [/arena_info_static] /test_ssc_with_mpdm_0 http://y:44303/
[rosmaster.master][INFO] 2026-04-25 19:26:00,878: -SUB [/arena_info_dynamic] /test_ssc_with_mpdm_0 http://y:44303/
[rosmaster.master][INFO] 2026-04-25 19:26:00,878: -SERVICE [/test_ssc_with_mpdm_0/get_loggers] /test_ssc_with_mpdm_0 rosrpc://y:58343
[rosmaster.master][INFO] 2026-04-25 19:26:00,878: -SERVICE [/test_ssc_with_mpdm_0/set_logger_level] /test_ssc_with_mpdm_0 rosrpc://y:58343
[rosmaster.master][INFO] 2026-04-25 19:26:01,174: -PUB [/rosout_agg] /rosout http://y:42537/
[rosmaster.master][INFO] 2026-04-25 19:26:01,174: -SUB [/rosout] /rosout http://y:42537/
[rosmaster.master][INFO] 2026-04-25 19:26:01,175: -SERVICE [/rosout/get_loggers] /rosout rosrpc://y:37615
[rosmaster.master][INFO] 2026-04-25 19:26:01,175: -SERVICE [/rosout/set_logger_level] /rosout rosrpc://y:37615
[rosmaster.main][INFO] 2026-04-25 19:26:01,187: keyboard interrupt, will exit
[rosmaster.main][INFO] 2026-04-25 19:26:01,187: stopping master...
[rospy.core][INFO] 2026-04-25 19:26:01,187: signal_shutdown [atexit]
