[rosmaster.main][INFO] 2026-05-06 17:05:06,652: initialization complete, waiting for shutdown
[rosmaster.main][INFO] 2026-05-06 17:05:06,652: Starting ROS Master Node
[xmlrpc][INFO] 2026-05-06 17:05:06,667: XML-RPC server binding to 0.0.0.0:11311
[xmlrpc][INFO] 2026-05-06 17:05:06,667: Started XML-RPC server [http://y:11311/]
[rosmaster.master][INFO] 2026-05-06 17:05:06,667: Master initialized: port[11311], uri[http://y:11311/]
[xmlrpc][INFO] 2026-05-06 17:05:06,667: xml rpc node: starting XML-RPC server
[rosmaster.master][INFO] 2026-05-06 17:05:06,707: +PARAM [/run_id] by /roslaunch
[rosmaster.master][INFO] 2026-05-06 17:05:06,707: +PARAM [/roslaunch/uris/host_y__38279] by /roslaunch
[rosmaster.master][INFO] 2026-05-06 17:05:06,730: +PARAM [/rosversion] by /roslaunch
[rosmaster.master][INFO] 2026-05-06 17:05:06,730: +PARAM [/rosdistro] by /roslaunch
[rosmaster.master][INFO] 2026-05-06 17:05:06,730: +PARAM [/test_ssc_with_mpdm_0/ego_id] by /roslaunch
[rosmaster.master][INFO] 2026-05-06 17:05:06,730: +PARAM [/test_ssc_with_mpdm_0/agent_config_path] by /roslaunch
[rosmaster.master][INFO] 2026-05-06 17:05:06,730: +PARAM [/test_ssc_with_mpdm_0/ssc_config_path] by /roslaunch
[rosmaster.master][INFO] 2026-05-06 17:05:06,730: +PARAM [/test_ssc_with_mpdm_0/desired_vel] by /roslaunch
[rosmaster.master][INFO] 2026-05-06 17:05:06,730: +PARAM [/test_ssc_with_mpdm_0/use_sim_state] by /roslaunch
[rosmaster.master][INFO] 2026-05-06 17:05:06,730: +PARAM [/onlane_ai_agent_1/ego_id] by /roslaunch
[rosmaster.master][INFO] 2026-05-06 17:05:06,731: +PARAM [/onlane_ai_agent_1/agent_config_path] by /roslaunch
[rosmaster.master][INFO] 2026-05-06 17:05:06,731: +PARAM [/onlane_ai_agent_1/desired_vel] by /roslaunch
[rosmaster.master][INFO] 2026-05-06 17:05:06,731: +PARAM [/onlane_ai_agent_1/autonomous_level] by /roslaunch
[rosmaster.master][INFO] 2026-05-06 17:05:06,731: +PARAM [/onlane_ai_agent_1/aggressiveness_level] by /roslaunch
[rosmaster.master][INFO] 2026-05-06 17:05:06,731: +PARAM [/onlane_ai_agent_2/ego_id] by /roslaunch
[rosmaster.master][INFO] 2026-05-06 17:05:06,731: +PARAM [/onlane_ai_agent_2/agent_config_path] by /roslaunch
[rosmaster.master][INFO] 2026-05-06 17:05:06,731: +PARAM [/onlane_ai_agent_2/desired_vel] by /roslaunch
[rosmaster.master][INFO] 2026-05-06 17:05:06,731: +PARAM [/onlane_ai_agent_2/autonomous_level] by /roslaunch
[rosmaster.master][INFO] 2026-05-06 17:05:06,731: +PARAM [/onlane_ai_agent_2/aggressiveness_level] by /roslaunch
[rosmaster.master][INFO] 2026-05-06 17:05:06,731: +PARAM [/onlane_ai_agent_3/ego_id] by /roslaunch
[rosmaster.master][INFO] 2026-05-06 17:05:06,731: +PARAM [/onlane_ai_agent_3/agent_config_path] by /roslaunch
[rosmaster.master][INFO] 2026-05-06 17:05:06,731: +PARAM [/onlane_ai_agent_3/desired_vel] by /roslaunch
[rosmaster.master][INFO] 2026-05-06 17:05:06,731: +PARAM [/onlane_ai_agent_3/autonomous_level] by /roslaunch
[rosmaster.master][INFO] 2026-05-06 17:05:06,731: +PARAM [/onlane_ai_agent_3/aggressiveness_level] by /roslaunch
[rosmaster.master][INFO] 2026-05-06 17:05:06,731: +PARAM [/onlane_ai_agent_4/ego_id] by /roslaunch
[rosmaster.master][INFO] 2026-05-06 17:05:06,731: +PARAM [/onlane_ai_agent_4/agent_config_path] by /roslaunch
[rosmaster.master][INFO] 2026-05-06 17:05:06,731: +PARAM [/onlane_ai_agent_4/desired_vel] by /roslaunch
[rosmaster.master][INFO] 2026-05-06 17:05:06,731: +PARAM [/onlane_ai_agent_4/autonomous_level] by /roslaunch
[rosmaster.master][INFO] 2026-05-06 17:05:06,731: +PARAM [/onlane_ai_agent_4/aggressiveness_level] by /roslaunch
[rosmaster.master][INFO] 2026-05-06 17:05:06,731: +PARAM [/onlane_ai_agent_5/ego_id] by /roslaunch
[rosmaster.master][INFO] 2026-05-06 17:05:06,731: +PARAM [/onlane_ai_agent_5/agent_config_path] by /roslaunch
[rosmaster.master][INFO] 2026-05-06 17:05:06,731: +PARAM [/onlane_ai_agent_5/desired_vel] by /roslaunch
[rosmaster.master][INFO] 2026-05-06 17:05:06,731: +PARAM [/onlane_ai_agent_5/autonomous_level] by /roslaunch
[rosmaster.master][INFO] 2026-05-06 17:05:06,732: +PARAM [/onlane_ai_agent_5/aggressiveness_level] by /roslaunch
[rosmaster.master][INFO] 2026-05-06 17:05:06,732: +PARAM [/onlane_ai_agent_6/ego_id] by /roslaunch
[rosmaster.master][INFO] 2026-05-06 17:05:06,732: +PARAM [/onlane_ai_agent_6/agent_config_path] by /roslaunch
[rosmaster.master][INFO] 2026-05-06 17:05:06,732: +PARAM [/onlane_ai_agent_6/desired_vel] by /roslaunch
[rosmaster.master][INFO] 2026-05-06 17:05:06,732: +PARAM [/onlane_ai_agent_6/autonomous_level] by /roslaunch
[rosmaster.master][INFO] 2026-05-06 17:05:06,732: +PARAM [/onlane_ai_agent_6/aggressiveness_level] by /roslaunch
[rosmaster.master][INFO] 2026-05-06 17:05:06,732: +PARAM [/onlane_ai_agent_7/ego_id] by /roslaunch
[rosmaster.master][INFO] 2026-05-06 17:05:06,732: +PARAM [/onlane_ai_agent_7/agent_config_path] by /roslaunch
[rosmaster.master][INFO] 2026-05-06 17:05:06,732: +PARAM [/onlane_ai_agent_7/desired_vel] by /roslaunch
[rosmaster.master][INFO] 2026-05-06 17:05:06,732: +PARAM [/onlane_ai_agent_7/autonomous_level] by /roslaunch
[rosmaster.master][INFO] 2026-05-06 17:05:06,732: +PARAM [/onlane_ai_agent_7/aggressiveness_level] by /roslaunch
[rosmaster.master][INFO] 2026-05-06 17:05:06,732: +PARAM [/onlane_ai_agent_8/ego_id] by /roslaunch
[rosmaster.master][INFO] 2026-05-06 17:05:06,732: +PARAM [/onlane_ai_agent_8/agent_config_path] by /roslaunch
[rosmaster.master][INFO] 2026-05-06 17:05:06,732: +PARAM [/onlane_ai_agent_8/desired_vel] by /roslaunch
[rosmaster.master][INFO] 2026-05-06 17:05:06,732: +PARAM [/onlane_ai_agent_8/autonomous_level] by /roslaunch
[rosmaster.master][INFO] 2026-05-06 17:05:06,732: +PARAM [/onlane_ai_agent_8/aggressiveness_level] by /roslaunch
[rosmaster.master][INFO] 2026-05-06 17:05:06,732: +PARAM [/onlane_ai_agent_9/ego_id] by /roslaunch
[rosmaster.master][INFO] 2026-05-06 17:05:06,732: +PARAM [/onlane_ai_agent_9/agent_config_path] by /roslaunch
[rosmaster.master][INFO] 2026-05-06 17:05:06,732: +PARAM [/onlane_ai_agent_9/desired_vel] by /roslaunch
[rosmaster.master][INFO] 2026-05-06 17:05:06,732: +PARAM [/onlane_ai_agent_9/autonomous_level] by /roslaunch
[rosmaster.master][INFO] 2026-05-06 17:05:06,732: +PARAM [/onlane_ai_agent_9/aggressiveness_level] by /roslaunch
[rosmaster.master][INFO] 2026-05-06 17:05:06,732: +PARAM [/onlane_ai_agent_10/ego_id] by /roslaunch
[rosmaster.master][INFO] 2026-05-06 17:05:06,732: +PARAM [/onlane_ai_agent_10/agent_config_path] by /roslaunch
[rosmaster.master][INFO] 2026-05-06 17:05:06,732: +PARAM [/onlane_ai_agent_10/desired_vel] by /roslaunch
[rosmaster.master][INFO] 2026-05-06 17:05:06,732: +PARAM [/onlane_ai_agent_10/autonomous_level] by /roslaunch
[rosmaster.master][INFO] 2026-05-06 17:05:06,732: +PARAM [/onlane_ai_agent_10/aggressiveness_level] by /roslaunch
[rosmaster.master][INFO] 2026-05-06 17:05:06,732: +PARAM [/phy_simulator_planning_node/vehicle_info_path] by /roslaunch
[rosmaster.master][INFO] 2026-05-06 17:05:06,732: +PARAM [/phy_simulator_planning_node/map_path] by /roslaunch
[rosmaster.master][INFO] 2026-05-06 17:05:06,732: +PARAM [/phy_simulator_planning_node/lane_net_path] by /roslaunch
[rosmaster.master][INFO] 2026-05-06 17:05:06,733: +SERVICE [/rosout/get_loggers] /rosout http://y:32849/
[rosmaster.master][INFO] 2026-05-06 17:05:06,733: +SERVICE [/rosout/set_logger_level] /rosout http://y:32849/
[rosmaster.master][INFO] 2026-05-06 17:05:06,733: +PUB [/rosout_agg] /rosout http://y:32849/
[rosmaster.master][INFO] 2026-05-06 17:05:06,734: +SUB [/rosout] /rosout http://y:32849/
[rosmaster.master][INFO] 2026-05-06 17:05:06,760: +PUB [/rosout] /test_ssc_with_mpdm_0 http://y:33731/
[rosmaster.master][INFO] 2026-05-06 17:05:06,762: +SERVICE [/test_ssc_with_mpdm_0/get_loggers] /test_ssc_with_mpdm_0 http://y:33731/
[rosmaster.master][INFO] 2026-05-06 17:05:06,765: publisherUpdate[/rosout] -> http://y:32849/ ['http://y:33731/']
[rosmaster.master][INFO] 2026-05-06 17:05:06,767: +SERVICE [/test_ssc_with_mpdm_0/set_logger_level] /test_ssc_with_mpdm_0 http://y:33731/
[rosmaster.master][INFO] 2026-05-06 17:05:06,768: publisherUpdate[/rosout] -> http://y:32849/ ['http://y:33731/']: sec=0.00, result=[1, '', 0]
[rosmaster.master][INFO] 2026-05-06 17:05:06,770: +PUB [/rosout] /onlane_ai_agent_4 http://y:44971/
[rosmaster.master][INFO] 2026-05-06 17:05:06,771: +SERVICE [/onlane_ai_agent_4/get_loggers] /onlane_ai_agent_4 http://y:44971/
[rosmaster.master][INFO] 2026-05-06 17:05:06,771: +SERVICE [/onlane_ai_agent_4/set_logger_level] /onlane_ai_agent_4 http://y:44971/
[rosmaster.master][INFO] 2026-05-06 17:05:06,773: +PUB [/rosout] /onlane_ai_agent_3 http://y:37811/
[rosmaster.master][INFO] 2026-05-06 17:05:06,774: +PUB [/ctrl/agent_4] /onlane_ai_agent_4 http://y:44971/
[rosmaster.master][INFO] 2026-05-06 17:05:06,777: +PUB [/rosout] /onlane_ai_agent_2 http://y:33753/
[rosmaster.master][INFO] 2026-05-06 17:05:06,777: +PUB [/rosout] /onlane_ai_agent_5 http://y:37033/
[rosmaster.master][INFO] 2026-05-06 17:05:06,778: +PUB [/tf] /onlane_ai_agent_4 http://y:44971/
[rosmaster.master][INFO] 2026-05-06 17:05:06,778: +PUB [/vis/agent_4/ego_vehicle_vis] /onlane_ai_agent_4 http://y:44971/
[rosmaster.master][INFO] 2026-05-06 17:05:06,779: +PUB [/vis/agent_4/obstacle_map] /onlane_ai_agent_4 http://y:44971/
[rosmaster.master][INFO] 2026-05-06 17:05:06,779: +PUB [/vis/agent_4/surrounding_lane_net_vis] /onlane_ai_agent_4 http://y:44971/
[rosmaster.master][INFO] 2026-05-06 17:05:06,779: +PUB [/vis/agent_4/local_lanes_vis] /onlane_ai_agent_4 http://y:44971/
[rosmaster.master][INFO] 2026-05-06 17:05:06,780: +SERVICE [/onlane_ai_agent_3/get_loggers] /onlane_ai_agent_3 http://y:37811/
[rosmaster.master][INFO] 2026-05-06 17:05:06,780: +PUB [/vis/agent_4/ego_behavior_vis] /onlane_ai_agent_4 http://y:44971/
[rosmaster.master][INFO] 2026-05-06 17:05:06,781: +SERVICE [/onlane_ai_agent_3/set_logger_level] /onlane_ai_agent_3 http://y:37811/
[rosmaster.master][INFO] 2026-05-06 17:05:06,782: +PUB [/rosout] /onlane_ai_agent_6 http://y:33269/
[rosmaster.master][INFO] 2026-05-06 17:05:06,783: +PUB [/vis/agent_4/pred_traj_openloop_vis] /onlane_ai_agent_4 http://y:44971/
[rosmaster.master][INFO] 2026-05-06 17:05:06,790: +PUB [/rosout] /onlane_ai_agent_8 http://y:40747/
[rosmaster.master][INFO] 2026-05-06 17:05:06,790: +SERVICE [/onlane_ai_agent_5/get_loggers] /onlane_ai_agent_5 http://y:37033/
[rosmaster.master][INFO] 2026-05-06 17:05:06,791: +PUB [/rosout] /onlane_ai_agent_7 http://y:40461/
[rosmaster.master][INFO] 2026-05-06 17:05:06,791: +PUB [/rosout] /onlane_ai_agent_1 http://y:34005/
[rosmaster.master][INFO] 2026-05-06 17:05:06,792: +SERVICE [/onlane_ai_agent_8/get_loggers] /onlane_ai_agent_8 http://y:40747/
[rosmaster.master][INFO] 2026-05-06 17:05:06,792: +SERVICE [/onlane_ai_agent_6/get_loggers] /onlane_ai_agent_6 http://y:33269/
[rosmaster.master][INFO] 2026-05-06 17:05:06,792: +PUB [/rosout] /onlane_ai_agent_9 http://y:38513/
[rosmaster.master][INFO] 2026-05-06 17:05:06,792: +SERVICE [/onlane_ai_agent_8/set_logger_level] /onlane_ai_agent_8 http://y:40747/
[rosmaster.master][INFO] 2026-05-06 17:05:06,793: +PUB [/ctrl/agent_3] /onlane_ai_agent_3 http://y:37811/
[rosmaster.master][INFO] 2026-05-06 17:05:06,793: +SERVICE [/onlane_ai_agent_6/set_logger_level] /onlane_ai_agent_6 http://y:33269/
[rosmaster.master][INFO] 2026-05-06 17:05:06,794: +SERVICE [/onlane_ai_agent_1/get_loggers] /onlane_ai_agent_1 http://y:34005/
[rosmaster.master][INFO] 2026-05-06 17:05:06,796: +PUB [/vis/agent_4/pred_initial_intention_vis] /onlane_ai_agent_4 http://y:44971/
[rosmaster.master][INFO] 2026-05-06 17:05:06,797: +SERVICE [/onlane_ai_agent_9/get_loggers] /onlane_ai_agent_9 http://y:38513/
[rosmaster.master][INFO] 2026-05-06 17:05:06,797: +SERVICE [/onlane_ai_agent_7/get_loggers] /onlane_ai_agent_7 http://y:40461/
[rosmaster.master][INFO] 2026-05-06 17:05:06,798: +SERVICE [/onlane_ai_agent_9/set_logger_level] /onlane_ai_agent_9 http://y:38513/
[rosmaster.master][INFO] 2026-05-06 17:05:06,798: +SERVICE [/onlane_ai_agent_1/set_logger_level] /onlane_ai_agent_1 http://y:34005/
[rosmaster.master][INFO] 2026-05-06 17:05:06,799: +PUB [/vis/agent_4/surrounding_vehicle_vis] /onlane_ai_agent_4 http://y:44971/
[rosmaster.master][INFO] 2026-05-06 17:05:06,802: +PUB [/vis/agent_4/speed_limit] /onlane_ai_agent_4 http://y:44971/
[rosmaster.master][INFO] 2026-05-06 17:05:06,804: +PUB [/rosout] /onlane_ai_agent_10 http://y:46351/
[rosmaster.master][INFO] 2026-05-06 17:05:06,806: +SERVICE [/onlane_ai_agent_2/get_loggers] /onlane_ai_agent_2 http://y:33753/
[rosmaster.master][INFO] 2026-05-06 17:05:06,807: +SERVICE [/onlane_ai_agent_10/get_loggers] /onlane_ai_agent_10 http://y:46351/
[rosmaster.master][INFO] 2026-05-06 17:05:06,809: +SUB [/arena_info_static] /onlane_ai_agent_4 http://y:44971/
[rosmaster.master][INFO] 2026-05-06 17:05:06,810: +SERVICE [/onlane_ai_agent_7/set_logger_level] /onlane_ai_agent_7 http://y:40461/
[rosmaster.master][INFO] 2026-05-06 17:05:06,810: +PUB [/ctrl/agent_6] /onlane_ai_agent_6 http://y:33269/
[rosmaster.master][INFO] 2026-05-06 17:05:06,815: +SERVICE [/onlane_ai_agent_5/set_logger_level] /onlane_ai_agent_5 http://y:37033/
[rosmaster.master][INFO] 2026-05-06 17:05:06,817: +SERVICE [/onlane_ai_agent_10/set_logger_level] /onlane_ai_agent_10 http://y:46351/
[rosmaster.master][INFO] 2026-05-06 17:05:06,819: +PUB [/tf] /onlane_ai_agent_3 http://y:37811/
[rosmaster.master][INFO] 2026-05-06 17:05:06,820: +PUB [/rosout] /phy_simulator_planning_node http://y:43833/
[rosmaster.master][INFO] 2026-05-06 17:05:06,824: +PUB [/ctrl/agent_1] /onlane_ai_agent_1 http://y:34005/
[rosmaster.master][INFO] 2026-05-06 17:05:06,832: +PUB [/ctrl/agent_7] /onlane_ai_agent_7 http://y:40461/
[rosmaster.master][INFO] 2026-05-06 17:05:06,836: +PUB [/tf] /onlane_ai_agent_7 http://y:40461/
[rosmaster.master][INFO] 2026-05-06 17:05:06,837: +PUB [/ctrl/agent_9] /onlane_ai_agent_9 http://y:38513/
[rosmaster.master][INFO] 2026-05-06 17:05:06,838: +SERVICE [/phy_simulator_planning_node/get_loggers] /phy_simulator_planning_node http://y:43833/
[rosmaster.master][INFO] 2026-05-06 17:05:06,840: +SERVICE [/phy_simulator_planning_node/set_logger_level] /phy_simulator_planning_node http://y:43833/
[rosmaster.master][INFO] 2026-05-06 17:05:06,843: +PUB [/ctrl/agent_10] /onlane_ai_agent_10 http://y:46351/
[rosmaster.master][INFO] 2026-05-06 17:05:06,844: +PUB [/ctrl/agent_8] /onlane_ai_agent_8 http://y:40747/
[rosmaster.master][INFO] 2026-05-06 17:05:06,848: +SERVICE [/onlane_ai_agent_2/set_logger_level] /onlane_ai_agent_2 http://y:33753/
[rosmaster.master][INFO] 2026-05-06 17:05:06,851: +PUB [/vis/agent_7/ego_vehicle_vis] /onlane_ai_agent_7 http://y:40461/
[rosmaster.master][INFO] 2026-05-06 17:05:06,852: +PUB [/tf] /onlane_ai_agent_8 http://y:40747/
[rosmaster.master][INFO] 2026-05-06 17:05:06,853: +PUB [/vis/agent_8/ego_vehicle_vis] /onlane_ai_agent_8 http://y:40747/
[rosmaster.master][INFO] 2026-05-06 17:05:06,853: publisherUpdate[/rosout] -> http://y:32849/ ['http://y:33731/', 'http://y:44971/']
[rosmaster.master][INFO] 2026-05-06 17:05:06,854: +PUB [/vis/agent_7/obstacle_map] /onlane_ai_agent_7 http://y:40461/
[rosmaster.master][INFO] 2026-05-06 17:05:06,855: publisherUpdate[/rosout] -> http://y:32849/ ['http://y:33731/', 'http://y:44971/']: sec=0.00, result=[1, '', 0]
[rosmaster.master][INFO] 2026-05-06 17:05:06,855: publisherUpdate[/rosout] -> http://y:32849/ ['http://y:33731/', 'http://y:44971/', 'http://y:37811/']
[rosmaster.master][INFO] 2026-05-06 17:05:06,855: publisherUpdate[/rosout] -> http://y:32849/ ['http://y:33731/', 'http://y:44971/', 'http://y:37811/']: sec=0.00, result=[1, '', 0]
[rosmaster.master][INFO] 2026-05-06 17:05:06,855: publisherUpdate[/rosout] -> http://y:32849/ ['http://y:33731/', 'http://y:44971/', 'http://y:37811/', 'http://y:33753/']
[rosmaster.master][INFO] 2026-05-06 17:05:06,855: +PUB [/vis/agent_8/obstacle_map] /onlane_ai_agent_8 http://y:40747/
[rosmaster.master][INFO] 2026-05-06 17:05:06,856: publisherUpdate[/rosout] -> http://y:32849/ ['http://y:33731/', 'http://y:44971/', 'http://y:37811/', 'http://y:33753/']: sec=0.00, result=[1, '', 0]
[rosmaster.master][INFO] 2026-05-06 17:05:06,857: publisherUpdate[/rosout] -> http://y:32849/ ['http://y:33731/', 'http://y:44971/', 'http://y:37811/', 'http://y:33753/', 'http://y:37033/']
[rosmaster.master][INFO] 2026-05-06 17:05:06,857: publisherUpdate[/rosout] -> http://y:32849/ ['http://y:33731/', 'http://y:44971/', 'http://y:37811/', 'http://y:33753/', 'http://y:37033/']: sec=0.00, result=[1, '', 0]
[rosmaster.master][INFO] 2026-05-06 17:05:06,857: publisherUpdate[/rosout] -> http://y:32849/ ['http://y:33731/', 'http://y:44971/', 'http://y:37811/', 'http://y:33753/', 'http://y:37033/', 'http://y:33269/']
[rosmaster.master][INFO] 2026-05-06 17:05:06,858: publisherUpdate[/rosout] -> http://y:32849/ ['http://y:33731/', 'http://y:44971/', 'http://y:37811/', 'http://y:33753/', 'http://y:37033/', 'http://y:33269/']: sec=0.00, result=[1, '', 0]
[rosmaster.master][INFO] 2026-05-06 17:05:06,859: publisherUpdate[/rosout] -> http://y:32849/ ['http://y:33731/', 'http://y:44971/', 'http://y:37811/', 'http://y:33753/', 'http://y:37033/', 'http://y:33269/', 'http://y:40747/']
[rosmaster.master][INFO] 2026-05-06 17:05:06,860: publisherUpdate[/rosout] -> http://y:32849/ ['http://y:33731/', 'http://y:44971/', 'http://y:37811/', 'http://y:33753/', 'http://y:37033/', 'http://y:33269/', 'http://y:40747/']: sec=0.00, result=[1, '', 0]
[rosmaster.master][INFO] 2026-05-06 17:05:06,861: publisherUpdate[/rosout] -> http://y:32849/ ['http://y:33731/', 'http://y:44971/', 'http://y:37811/', 'http://y:33753/', 'http://y:37033/', 'http://y:33269/', 'http://y:40747/', 'http://y:40461/']
[rosmaster.master][INFO] 2026-05-06 17:05:06,857: +PUB [/vis/agent_8/surrounding_lane_net_vis] /onlane_ai_agent_8 http://y:40747/
[rosmaster.master][INFO] 2026-05-06 17:05:06,862: publisherUpdate[/rosout] -> http://y:32849/ ['http://y:33731/', 'http://y:44971/', 'http://y:37811/', 'http://y:33753/', 'http://y:37033/', 'http://y:33269/', 'http://y:40747/', 'http://y:40461/']: sec=0.00, result=[1, '', 0]
[rosmaster.master][INFO] 2026-05-06 17:05:06,862: publisherUpdate[/rosout] -> http://y:32849/ ['http://y:33731/', 'http://y:44971/', 'http://y:37811/', 'http://y:33753/', 'http://y:37033/', 'http://y:33269/', 'http://y:40747/', 'http://y:40461/', 'http://y:34005/']
[rosmaster.master][INFO] 2026-05-06 17:05:06,862: +SUB [/arena_info_dynamic] /onlane_ai_agent_4 http://y:44971/
[rosmaster.master][INFO] 2026-05-06 17:05:06,863: publisherUpdate[/rosout] -> http://y:32849/ ['http://y:33731/', 'http://y:44971/', 'http://y:37811/', 'http://y:33753/', 'http://y:37033/', 'http://y:33269/', 'http://y:40747/', 'http://y:40461/', 'http://y:34005/']: sec=0.00, result=[1, '', 0]
[rosmaster.master][INFO] 2026-05-06 17:05:06,863: publisherUpdate[/rosout] -> http://y:32849/ ['http://y:33731/', 'http://y:44971/', 'http://y:37811/', 'http://y:33753/', 'http://y:37033/', 'http://y:33269/', 'http://y:40747/', 'http://y:40461/', 'http://y:34005/', 'http://y:38513/']
[rosmaster.master][INFO] 2026-05-06 17:05:06,863: +PUB [/vis/agent_8/local_lanes_vis] /onlane_ai_agent_8 http://y:40747/
[rosmaster.master][INFO] 2026-05-06 17:05:06,864: +PUB [/vis/agent_8/ego_behavior_vis] /onlane_ai_agent_8 http://y:40747/
[rosmaster.master][INFO] 2026-05-06 17:05:06,864: +PUB [/vis/agent_8/pred_traj_openloop_vis] /onlane_ai_agent_8 http://y:40747/
[rosmaster.master][INFO] 2026-05-06 17:05:06,864: publisherUpdate[/rosout] -> http://y:32849/ ['http://y:33731/', 'http://y:44971/', 'http://y:37811/', 'http://y:33753/', 'http://y:37033/', 'http://y:33269/', 'http://y:40747/', 'http://y:40461/', 'http://y:34005/', 'http://y:38513/']: sec=0.00, result=[1, '', 0]
[rosmaster.master][INFO] 2026-05-06 17:05:06,864: publisherUpdate[/rosout] -> http://y:32849/ ['http://y:33731/', 'http://y:44971/', 'http://y:37811/', 'http://y:33753/', 'http://y:37033/', 'http://y:33269/', 'http://y:40747/', 'http://y:40461/', 'http://y:34005/', 'http://y:38513/', 'http://y:46351/']
[rosmaster.master][INFO] 2026-05-06 17:05:06,864: +PUB [/vis/agent_8/pred_initial_intention_vis] /onlane_ai_agent_8 http://y:40747/
[rosmaster.master][INFO] 2026-05-06 17:05:06,865: +PUB [/ctrl/agent_5] /onlane_ai_agent_5 http://y:37033/
[rosmaster.master][INFO] 2026-05-06 17:05:06,865: publisherUpdate[/rosout] -> http://y:32849/ ['http://y:33731/', 'http://y:44971/', 'http://y:37811/', 'http://y:33753/', 'http://y:37033/', 'http://y:33269/', 'http://y:40747/', 'http://y:40461/', 'http://y:34005/', 'http://y:38513/', 'http://y:46351/']: sec=0.00, result=[1, '', 0]
[rosmaster.master][INFO] 2026-05-06 17:05:06,866: publisherUpdate[/rosout] -> http://y:32849/ ['http://y:33731/', 'http://y:44971/', 'http://y:37811/', 'http://y:33753/', 'http://y:37033/', 'http://y:33269/', 'http://y:40747/', 'http://y:40461/', 'http://y:34005/', 'http://y:38513/', 'http://y:46351/', 'http://y:43833/']
[rosmaster.master][INFO] 2026-05-06 17:05:06,866: +PUB [/vis/agent_8/surrounding_vehicle_vis] /onlane_ai_agent_8 http://y:40747/
[rosmaster.master][INFO] 2026-05-06 17:05:06,866: publisherUpdate[/rosout] -> http://y:32849/ ['http://y:33731/', 'http://y:44971/', 'http://y:37811/', 'http://y:33753/', 'http://y:37033/', 'http://y:33269/', 'http://y:40747/', 'http://y:40461/', 'http://y:34005/', 'http://y:38513/', 'http://y:46351/', 'http://y:43833/']: sec=0.00, result=[1, '', 0]
[rosmaster.master][INFO] 2026-05-06 17:05:06,867: +PUB [/vis/agent_8/speed_limit] /onlane_ai_agent_8 http://y:40747/
[rosmaster.master][INFO] 2026-05-06 17:05:06,871: +PUB [/arena_info_static] /phy_simulator_planning_node http://y:43833/
[rosmaster.master][INFO] 2026-05-06 17:05:06,872: +PUB [/vis/agent_7/surrounding_lane_net_vis] /onlane_ai_agent_7 http://y:40461/
[rosmaster.master][INFO] 2026-05-06 17:05:06,874: +SUB [/arena_info_static] /onlane_ai_agent_8 http://y:40747/
[rosmaster.master][INFO] 2026-05-06 17:05:06,876: +PUB [/vis/agent_7/local_lanes_vis] /onlane_ai_agent_7 http://y:40461/
[rosmaster.master][INFO] 2026-05-06 17:05:06,877: +SUB [/arena_info_dynamic] /onlane_ai_agent_8 http://y:40747/
[rosmaster.master][INFO] 2026-05-06 17:05:06,878: +PUB [/vis/agent_3/ego_vehicle_vis] /onlane_ai_agent_3 http://y:37811/
[rosmaster.master][INFO] 2026-05-06 17:05:06,880: +PUB [/vis/agent_3/obstacle_map] /onlane_ai_agent_3 http://y:37811/
[rosmaster.master][INFO] 2026-05-06 17:05:06,881: +PUB [/tf] /test_ssc_with_mpdm_0 http://y:33731/
[rosmaster.master][INFO] 2026-05-06 17:05:06,882: +PUB [/vis/agent_3/surrounding_lane_net_vis] /onlane_ai_agent_3 http://y:37811/
[rosmaster.master][INFO] 2026-05-06 17:05:06,882: +PUB [/vis/agent_0/ego_vehicle_vis] /test_ssc_with_mpdm_0 http://y:33731/
[rosmaster.master][INFO] 2026-05-06 17:05:06,882: +PUB [/ctrl/agent_2] /onlane_ai_agent_2 http://y:33753/
[rosmaster.master][INFO] 2026-05-06 17:05:06,882: +PUB [/vis/agent_3/local_lanes_vis] /onlane_ai_agent_3 http://y:37811/
[rosmaster.master][INFO] 2026-05-06 17:05:06,883: +PUB [/vis/agent_0/obstacle_map] /test_ssc_with_mpdm_0 http://y:33731/
[rosmaster.master][INFO] 2026-05-06 17:05:06,886: +PUB [/arena_info_dynamic] /phy_simulator_planning_node http://y:43833/
[rosmaster.master][INFO] 2026-05-06 17:05:06,890: +SUB [/joy] /onlane_ai_agent_8 http://y:40747/
[rosmaster.master][INFO] 2026-05-06 17:05:06,893: +PUB [/tf] /onlane_ai_agent_1 http://y:34005/
[rosmaster.master][INFO] 2026-05-06 17:05:06,893: +PUB [/vis/agent_0/surrounding_lane_net_vis] /test_ssc_with_mpdm_0 http://y:33731/
[rosmaster.master][INFO] 2026-05-06 17:05:06,894: +PUB [/vis/agent_3/ego_behavior_vis] /onlane_ai_agent_3 http://y:37811/
[rosmaster.master][INFO] 2026-05-06 17:05:06,895: +PUB [/vis/agent_0/local_lanes_vis] /test_ssc_with_mpdm_0 http://y:33731/
[rosmaster.master][INFO] 2026-05-06 17:05:06,896: +PUB [/tf] /onlane_ai_agent_6 http://y:33269/
[rosmaster.master][INFO] 2026-05-06 17:05:06,901: +PUB [/phy_simulator_planning_node/vis/vehicle_set_vis] /phy_simulator_planning_node http://y:43833/
[rosmaster.master][INFO] 2026-05-06 17:05:06,902: +PUB [/vis/agent_7/ego_behavior_vis] /onlane_ai_agent_7 http://y:40461/
[rosmaster.master][INFO] 2026-05-06 17:05:06,902: +PUB [/vis/agent_1/ego_vehicle_vis] /onlane_ai_agent_1 http://y:34005/
[rosmaster.master][INFO] 2026-05-06 17:05:06,903: +PUB [/phy_simulator_planning_node/vis/lane_net_vis] /phy_simulator_planning_node http://y:43833/
[rosmaster.master][INFO] 2026-05-06 17:05:06,903: +SUB [/joy] /onlane_ai_agent_4 http://y:44971/
[rosmaster.master][INFO] 2026-05-06 17:05:06,904: +PUB [/vis/agent_7/pred_traj_openloop_vis] /onlane_ai_agent_7 http://y:40461/
[rosmaster.master][INFO] 2026-05-06 17:05:06,904: +PUB [/vis/agent_3/pred_traj_openloop_vis] /onlane_ai_agent_3 http://y:37811/
[rosmaster.master][INFO] 2026-05-06 17:05:06,905: +PUB [/vis/agent_0/ego_behavior_vis] /test_ssc_with_mpdm_0 http://y:33731/
[rosmaster.master][INFO] 2026-05-06 17:05:06,905: +PUB [/vis/agent_6/ego_vehicle_vis] /onlane_ai_agent_6 http://y:33269/
[rosmaster.master][INFO] 2026-05-06 17:05:06,905: +PUB [/tf] /onlane_ai_agent_10 http://y:46351/
[rosmaster.master][INFO] 2026-05-06 17:05:06,905: +PUB [/tf] /onlane_ai_agent_9 http://y:38513/
[rosmaster.master][INFO] 2026-05-06 17:05:06,906: +PUB [/vis/agent_1/obstacle_map] /onlane_ai_agent_1 http://y:34005/
[rosmaster.master][INFO] 2026-05-06 17:05:06,906: +PUB [/tf] /onlane_ai_agent_2 http://y:33753/
[rosmaster.master][INFO] 2026-05-06 17:05:06,906: +PUB [/vis/agent_7/pred_initial_intention_vis] /onlane_ai_agent_7 http://y:40461/
[rosmaster.master][INFO] 2026-05-06 17:05:06,906: +PUB [/phy_simulator_planning_node/vis/obstacle_set_vis] /phy_simulator_planning_node http://y:43833/
[rosmaster.master][INFO] 2026-05-06 17:05:06,906: +PUB [/vis/agent_4/forward_trajs] /onlane_ai_agent_4 http://y:44971/
[rosmaster.master][INFO] 2026-05-06 17:05:06,907: +PUB [/vis/agent_3/pred_initial_intention_vis] /onlane_ai_agent_3 http://y:37811/
[rosmaster.master][INFO] 2026-05-06 17:05:06,907: +PUB [/vis/agent_0/pred_traj_openloop_vis] /test_ssc_with_mpdm_0 http://y:33731/
[rosmaster.master][INFO] 2026-05-06 17:05:06,907: +PUB [/vis/agent_6/obstacle_map] /onlane_ai_agent_6 http://y:33269/
[rosmaster.master][INFO] 2026-05-06 17:05:06,907: +PUB [/vis/agent_9/ego_vehicle_vis] /onlane_ai_agent_9 http://y:38513/
[rosmaster.master][INFO] 2026-05-06 17:05:06,908: +PUB [/vis/agent_10/ego_vehicle_vis] /onlane_ai_agent_10 http://y:46351/
[rosmaster.master][INFO] 2026-05-06 17:05:06,908: +PUB [/vis/agent_1/surrounding_lane_net_vis] /onlane_ai_agent_1 http://y:34005/
[rosmaster.master][INFO] 2026-05-06 17:05:06,908: +PUB [/vis/agent_8/forward_trajs] /onlane_ai_agent_8 http://y:40747/
[rosmaster.master][INFO] 2026-05-06 17:05:06,908: +PUB [/vis/agent_1/local_lanes_vis] /onlane_ai_agent_1 http://y:34005/
[rosmaster.master][INFO] 2026-05-06 17:05:06,908: +PUB [/vis/agent_2/ego_vehicle_vis] /onlane_ai_agent_2 http://y:33753/
[rosmaster.master][INFO] 2026-05-06 17:05:06,909: +PUB [/vis/agent_3/surrounding_vehicle_vis] /onlane_ai_agent_3 http://y:37811/
[rosmaster.master][INFO] 2026-05-06 17:05:06,909: +PUB [/vis/agent_7/surrounding_vehicle_vis] /onlane_ai_agent_7 http://y:40461/
[rosmaster.master][INFO] 2026-05-06 17:05:06,909: +PUB [/vis/agent_6/surrounding_lane_net_vis] /onlane_ai_agent_6 http://y:33269/
[rosmaster.master][INFO] 2026-05-06 17:05:06,909: +PUB [/vis/agent_10/obstacle_map] /onlane_ai_agent_10 http://y:46351/
[rosmaster.master][INFO] 2026-05-06 17:05:06,909: +PUB [/vis/agent_1/ego_behavior_vis] /onlane_ai_agent_1 http://y:34005/
[rosmaster.master][INFO] 2026-05-06 17:05:06,910: +PUB [/vis/agent_3/speed_limit] /onlane_ai_agent_3 http://y:37811/
[rosmaster.master][INFO] 2026-05-06 17:05:06,910: +PUB [/vis/agent_6/local_lanes_vis] /onlane_ai_agent_6 http://y:33269/
[rosmaster.master][INFO] 2026-05-06 17:05:06,910: +PUB [/vis/agent_7/speed_limit] /onlane_ai_agent_7 http://y:40461/
[rosmaster.master][INFO] 2026-05-06 17:05:06,911: +PUB [/vis/agent_2/obstacle_map] /onlane_ai_agent_2 http://y:33753/
[rosmaster.master][INFO] 2026-05-06 17:05:06,913: +PUB [/vis/agent_10/surrounding_lane_net_vis] /onlane_ai_agent_10 http://y:46351/
[rosmaster.master][INFO] 2026-05-06 17:05:06,913: +PUB [/vis/agent_1/pred_traj_openloop_vis] /onlane_ai_agent_1 http://y:34005/
[rosmaster.master][INFO] 2026-05-06 17:05:06,913: +PUB [/vis/agent_0/pred_initial_intention_vis] /test_ssc_with_mpdm_0 http://y:33731/
[rosmaster.master][INFO] 2026-05-06 17:05:06,914: +PUB [/vis/agent_9/obstacle_map] /onlane_ai_agent_9 http://y:38513/
[rosmaster.master][INFO] 2026-05-06 17:05:06,914: +PUB [/tf] /onlane_ai_agent_5 http://y:37033/
[rosmaster.master][INFO] 2026-05-06 17:05:06,914: +PUB [/vis/agent_6/ego_behavior_vis] /onlane_ai_agent_6 http://y:33269/
[rosmaster.master][INFO] 2026-05-06 17:05:06,914: +SUB [/ctrl/agent_10] /phy_simulator_planning_node http://y:43833/
[rosmaster.master][INFO] 2026-05-06 17:05:06,914: +PUB [/vis/agent_6/pred_traj_openloop_vis] /onlane_ai_agent_6 http://y:33269/
[rosmaster.master][INFO] 2026-05-06 17:05:06,915: +PUB [/vis/agent_10/local_lanes_vis] /onlane_ai_agent_10 http://y:46351/
[rosmaster.master][INFO] 2026-05-06 17:05:06,915: +SUB [/arena_info_static] /onlane_ai_agent_7 http://y:40461/
[rosmaster.master][INFO] 2026-05-06 17:05:06,916: +SUB [/arena_info_static] /onlane_ai_agent_3 http://y:37811/
[rosmaster.master][INFO] 2026-05-06 17:05:06,916: +PUB [/vis/agent_1/pred_initial_intention_vis] /onlane_ai_agent_1 http://y:34005/
[rosmaster.master][INFO] 2026-05-06 17:05:06,916: +PUB [/vis/agent_2/surrounding_lane_net_vis] /onlane_ai_agent_2 http://y:33753/
[rosmaster.master][INFO] 2026-05-06 17:05:06,917: +PUB [/vis/agent_5/ego_vehicle_vis] /onlane_ai_agent_5 http://y:37033/
[rosmaster.master][INFO] 2026-05-06 17:05:06,918: +PUB [/vis/agent_6/pred_initial_intention_vis] /onlane_ai_agent_6 http://y:33269/
[rosmaster.master][INFO] 2026-05-06 17:05:06,918: +PUB [/vis/agent_10/ego_behavior_vis] /onlane_ai_agent_10 http://y:46351/
[rosmaster.master][INFO] 2026-05-06 17:05:06,919: +PUB [/vis/agent_0/surrounding_vehicle_vis] /test_ssc_with_mpdm_0 http://y:33731/
[rosmaster.master][INFO] 2026-05-06 17:05:06,919: +PUB [/vis/agent_9/surrounding_lane_net_vis] /onlane_ai_agent_9 http://y:38513/
[rosmaster.master][INFO] 2026-05-06 17:05:06,919: +PUB [/vis/agent_1/surrounding_vehicle_vis] /onlane_ai_agent_1 http://y:34005/
[rosmaster.master][INFO] 2026-05-06 17:05:06,919: +PUB [/vis/agent_2/local_lanes_vis] /onlane_ai_agent_2 http://y:33753/
[rosmaster.master][INFO] 2026-05-06 17:05:06,919: +SUB [/ctrl/agent_9] /phy_simulator_planning_node http://y:43833/
[rosmaster.master][INFO] 2026-05-06 17:05:06,919: +PUB [/vis/agent_5/obstacle_map] /onlane_ai_agent_5 http://y:37033/
[rosmaster.master][INFO] 2026-05-06 17:05:06,920: +SUB [/arena_info_dynamic] /onlane_ai_agent_7 http://y:40461/
[rosmaster.master][INFO] 2026-05-06 17:05:06,920: +PUB [/vis/agent_6/surrounding_vehicle_vis] /onlane_ai_agent_6 http://y:33269/
[rosmaster.master][INFO] 2026-05-06 17:05:06,920: +SUB [/arena_info_dynamic] /onlane_ai_agent_3 http://y:37811/
[rosmaster.master][INFO] 2026-05-06 17:05:06,921: +PUB [/vis/agent_10/pred_traj_openloop_vis] /onlane_ai_agent_10 http://y:46351/
[rosmaster.master][INFO] 2026-05-06 17:05:06,922: +PUB [/vis/agent_9/local_lanes_vis] /onlane_ai_agent_9 http://y:38513/
[rosmaster.master][INFO] 2026-05-06 17:05:06,922: +PUB [/vis/agent_0/speed_limit] /test_ssc_with_mpdm_0 http://y:33731/
[rosmaster.master][INFO] 2026-05-06 17:05:06,922: +PUB [/vis/agent_1/speed_limit] /onlane_ai_agent_1 http://y:34005/
[rosmaster.master][INFO] 2026-05-06 17:05:06,922: +PUB [/vis/agent_2/ego_behavior_vis] /onlane_ai_agent_2 http://y:33753/
[rosmaster.master][INFO] 2026-05-06 17:05:06,923: +PUB [/vis/agent_5/surrounding_lane_net_vis] /onlane_ai_agent_5 http://y:37033/
[rosmaster.master][INFO] 2026-05-06 17:05:06,923: +PUB [/vis/agent_6/speed_limit] /onlane_ai_agent_6 http://y:33269/
[rosmaster.master][INFO] 2026-05-06 17:05:06,923: +PUB [/vis/agent_10/pred_initial_intention_vis] /onlane_ai_agent_10 http://y:46351/
[rosmaster.master][INFO] 2026-05-06 17:05:06,924: +SUB [/ctrl/agent_8] /phy_simulator_planning_node http://y:43833/
[rosmaster.master][INFO] 2026-05-06 17:05:06,924: +SUB [/joy] /onlane_ai_agent_3 http://y:37811/
[rosmaster.master][INFO] 2026-05-06 17:05:06,925: +SUB [/joy] /onlane_ai_agent_7 http://y:40461/
[rosmaster.master][INFO] 2026-05-06 17:05:06,925: +PUB [/vis/agent_0/ssc/map_vis] /test_ssc_with_mpdm_0 http://y:33731/
[rosmaster.master][INFO] 2026-05-06 17:05:06,926: +PUB [/vis/agent_2/pred_traj_openloop_vis] /onlane_ai_agent_2 http://y:33753/
[rosmaster.master][INFO] 2026-05-06 17:05:06,926: +SUB [/arena_info_static] /onlane_ai_agent_6 http://y:33269/
[rosmaster.master][INFO] 2026-05-06 17:05:06,927: +PUB [/vis/agent_5/local_lanes_vis] /onlane_ai_agent_5 http://y:37033/
[rosmaster.master][INFO] 2026-05-06 17:05:06,927: +PUB [/vis/agent_10/surrounding_vehicle_vis] /onlane_ai_agent_10 http://y:46351/
[rosmaster.master][INFO] 2026-05-06 17:05:06,927: +SUB [/arena_info_static] /onlane_ai_agent_1 http://y:34005/
[rosmaster.master][INFO] 2026-05-06 17:05:06,928: +PUB [/vis/agent_3/forward_trajs] /onlane_ai_agent_3 http://y:37811/
[rosmaster.master][INFO] 2026-05-06 17:05:06,928: +PUB [/vis/agent_7/forward_trajs] /onlane_ai_agent_7 http://y:40461/
[rosmaster.master][INFO] 2026-05-06 17:05:06,928: +SUB [/ctrl/agent_7] /phy_simulator_planning_node http://y:43833/
[rosmaster.master][INFO] 2026-05-06 17:05:06,929: +PUB [/vis/agent_0/ssc/qp_vis] /test_ssc_with_mpdm_0 http://y:33731/
[rosmaster.master][INFO] 2026-05-06 17:05:06,929: +PUB [/vis/agent_9/ego_behavior_vis] /onlane_ai_agent_9 http://y:38513/
[rosmaster.master][INFO] 2026-05-06 17:05:06,929: +PUB [/vis/agent_2/pred_initial_intention_vis] /onlane_ai_agent_2 http://y:33753/
[rosmaster.master][INFO] 2026-05-06 17:05:06,930: +PUB [/vis/agent_5/ego_behavior_vis] /onlane_ai_agent_5 http://y:37033/
[rosmaster.master][INFO] 2026-05-06 17:05:06,930: +PUB [/vis/agent_10/speed_limit] /onlane_ai_agent_10 http://y:46351/
[rosmaster.master][INFO] 2026-05-06 17:05:06,930: +SUB [/arena_info_dynamic] /onlane_ai_agent_6 http://y:33269/
[rosmaster.master][INFO] 2026-05-06 17:05:06,930: +SUB [/arena_info_dynamic] /onlane_ai_agent_1 http://y:34005/
[rosmaster.master][INFO] 2026-05-06 17:05:06,931: +PUB [/vis/agent_0/ssc/ego_fs_vis] /test_ssc_with_mpdm_0 http://y:33731/
[rosmaster.master][INFO] 2026-05-06 17:05:06,932: +PUB [/vis/agent_9/pred_traj_openloop_vis] /onlane_ai_agent_9 http://y:38513/
[rosmaster.master][INFO] 2026-05-06 17:05:06,932: +PUB [/vis/agent_2/surrounding_vehicle_vis] /onlane_ai_agent_2 http://y:33753/
[rosmaster.master][INFO] 2026-05-06 17:05:06,932: +SUB [/ctrl/agent_6] /phy_simulator_planning_node http://y:43833/
[rosmaster.master][INFO] 2026-05-06 17:05:06,933: +PUB [/vis/agent_5/pred_traj_openloop_vis] /onlane_ai_agent_5 http://y:37033/
[rosmaster.master][INFO] 2026-05-06 17:05:06,933: +PUB [/vis/agent_0/ssc/forward_trajs_vis] /test_ssc_with_mpdm_0 http://y:33731/
[rosmaster.master][INFO] 2026-05-06 17:05:06,934: +SUB [/arena_info_static] /onlane_ai_agent_10 http://y:46351/
[rosmaster.master][INFO] 2026-05-06 17:05:06,934: +PUB [/vis/agent_9/pred_initial_intention_vis] /onlane_ai_agent_9 http://y:38513/
[rosmaster.master][INFO] 2026-05-06 17:05:06,934: +PUB [/vis/agent_2/speed_limit] /onlane_ai_agent_2 http://y:33753/
[rosmaster.master][INFO] 2026-05-06 17:05:06,935: +SUB [/joy] /onlane_ai_agent_6 http://y:33269/
[rosmaster.master][INFO] 2026-05-06 17:05:06,936: +SUB [/joy] /onlane_ai_agent_1 http://y:34005/
[rosmaster.master][INFO] 2026-05-06 17:05:06,936: +PUB [/vis/agent_5/pred_initial_intention_vis] /onlane_ai_agent_5 http://y:37033/
[rosmaster.master][INFO] 2026-05-06 17:05:06,936: +PUB [/vis/agent_0/ssc/sur_vehicle_trajs_vis] /test_ssc_with_mpdm_0 http://y:33731/
[rosmaster.master][INFO] 2026-05-06 17:05:06,936: +SUB [/ctrl/agent_5] /phy_simulator_planning_node http://y:43833/
[rosmaster.master][INFO] 2026-05-06 17:05:06,936: +PUB [/vis/agent_9/surrounding_vehicle_vis] /onlane_ai_agent_9 http://y:38513/
[rosmaster.master][INFO] 2026-05-06 17:05:06,937: +SUB [/arena_info_dynamic] /onlane_ai_agent_10 http://y:46351/
[rosmaster.master][INFO] 2026-05-06 17:05:06,937: +SUB [/arena_info_static] /onlane_ai_agent_2 http://y:33753/
[rosmaster.master][INFO] 2026-05-06 17:05:06,938: +PUB [/vis/agent_6/forward_trajs] /onlane_ai_agent_6 http://y:33269/
[rosmaster.master][INFO] 2026-05-06 17:05:06,938: +PUB [/vis/agent_5/surrounding_vehicle_vis] /onlane_ai_agent_5 http://y:37033/
[rosmaster.master][INFO] 2026-05-06 17:05:06,938: +PUB [/vis/agent_0/ssc/corridor_vis] /test_ssc_with_mpdm_0 http://y:33731/
[rosmaster.master][INFO] 2026-05-06 17:05:06,939: +PUB [/vis/agent_1/forward_trajs] /onlane_ai_agent_1 http://y:34005/
[rosmaster.master][INFO] 2026-05-06 17:05:06,940: +PUB [/vis/agent_9/speed_limit] /onlane_ai_agent_9 http://y:38513/
[rosmaster.master][INFO] 2026-05-06 17:05:06,940: +SUB [/ctrl/agent_4] /phy_simulator_planning_node http://y:43833/
[rosmaster.master][INFO] 2026-05-06 17:05:06,940: +PUB [/vis/agent_5/speed_limit] /onlane_ai_agent_5 http://y:37033/
[rosmaster.master][INFO] 2026-05-06 17:05:06,941: +SUB [/joy] /onlane_ai_agent_10 http://y:46351/
[rosmaster.master][INFO] 2026-05-06 17:05:06,942: +SUB [/arena_info_dynamic] /onlane_ai_agent_2 http://y:33753/
[rosmaster.master][INFO] 2026-05-06 17:05:06,943: +PUB [/ctrl/agent_0] /test_ssc_with_mpdm_0 http://y:33731/
[rosmaster.master][INFO] 2026-05-06 17:05:06,943: +PUB [/vis/agent_10/forward_trajs] /onlane_ai_agent_10 http://y:46351/
[rosmaster.master][INFO] 2026-05-06 17:05:06,943: +SUB [/arena_info_static] /onlane_ai_agent_9 http://y:38513/
[rosmaster.master][INFO] 2026-05-06 17:05:06,943: +SUB [/arena_info_static] /onlane_ai_agent_5 http://y:37033/
[rosmaster.master][INFO] 2026-05-06 17:05:06,945: +SUB [/ctrl/agent_3] /phy_simulator_planning_node http://y:43833/
[rosmaster.master][INFO] 2026-05-06 17:05:06,945: +PUB [/test_ssc_with_mpdm_0/ssc_map] /test_ssc_with_mpdm_0 http://y:33731/
[rosmaster.master][INFO] 2026-05-06 17:05:06,945: +SUB [/joy] /onlane_ai_agent_2 http://y:33753/
[rosmaster.master][INFO] 2026-05-06 17:05:06,945: +SUB [/arena_info_dynamic] /onlane_ai_agent_9 http://y:38513/
[rosmaster.master][INFO] 2026-05-06 17:05:06,946: +SUB [/arena_info_dynamic] /onlane_ai_agent_5 http://y:37033/
[rosmaster.master][INFO] 2026-05-06 17:05:06,946: +PUB [/vis/agent_0/ssc/exec_traj] /test_ssc_with_mpdm_0 http://y:33731/
[rosmaster.master][INFO] 2026-05-06 17:05:06,947: +PUB [/vis/agent_2/forward_trajs] /onlane_ai_agent_2 http://y:33753/
[rosmaster.master][INFO] 2026-05-06 17:05:06,947: +SUB [/ctrl/agent_2] /phy_simulator_planning_node http://y:43833/
[rosmaster.master][INFO] 2026-05-06 17:05:06,948: +SUB [/joy] /onlane_ai_agent_9 http://y:38513/
[rosmaster.master][INFO] 2026-05-06 17:05:06,948: +SUB [/joy] /onlane_ai_agent_5 http://y:37033/
[rosmaster.master][INFO] 2026-05-06 17:05:06,949: +SUB [/joy] /test_ssc_with_mpdm_0 http://y:33731/
[rosmaster.master][INFO] 2026-05-06 17:05:06,949: +PUB [/vis/agent_9/forward_trajs] /onlane_ai_agent_9 http://y:38513/
[rosmaster.master][INFO] 2026-05-06 17:05:06,949: +PUB [/vis/agent_5/forward_trajs] /onlane_ai_agent_5 http://y:37033/
[rosmaster.master][INFO] 2026-05-06 17:05:06,950: +SUB [/ctrl/agent_1] /phy_simulator_planning_node http://y:43833/
[rosmaster.master][INFO] 2026-05-06 17:05:06,950: +PUB [/vis/agent_0/forward_trajs] /test_ssc_with_mpdm_0 http://y:33731/
[rosmaster.master][INFO] 2026-05-06 17:05:06,951: +SUB [/ctrl/agent_0] /phy_simulator_planning_node http://y:43833/
[rosmaster.master][INFO] 2026-05-06 17:05:06,951: +SUB [/arena_info_static] /test_ssc_with_mpdm_0 http://y:33731/
[rosmaster.master][INFO] 2026-05-06 17:05:06,952: +SUB [/initialpose] /phy_simulator_planning_node http://y:43833/
[rosmaster.master][INFO] 2026-05-06 17:05:06,952: +SUB [/arena_info_dynamic] /test_ssc_with_mpdm_0 http://y:33731/
[rosmaster.master][INFO] 2026-05-06 17:05:06,953: +SUB [/move_base_simple/goal] /phy_simulator_planning_node http://y:43833/
[rosmaster.master][INFO] 2026-05-06 17:05:06,966: publisherUpdate[/arena_info_static] -> http://y:44971/ ['http://y:43833/']
[rosmaster.master][INFO] 2026-05-06 17:05:06,966: publisherUpdate[/arena_info_static] -> http://y:44971/ ['http://y:43833/']: sec=0.00, result=[1, '', 0]
[rosmaster.master][INFO] 2026-05-06 17:05:06,966: publisherUpdate[/arena_info_dynamic] -> http://y:44971/ ['http://y:43833/']
[rosmaster.master][INFO] 2026-05-06 17:05:06,967: publisherUpdate[/arena_info_dynamic] -> http://y:44971/ ['http://y:43833/']: sec=0.00, result=[1, '', 0]
[rosmaster.master][INFO] 2026-05-06 17:05:06,967: publisherUpdate[/arena_info_dynamic] -> http://y:40747/ ['http://y:43833/']
[rosmaster.master][INFO] 2026-05-06 17:05:06,967: publisherUpdate[/arena_info_dynamic] -> http://y:40747/ ['http://y:43833/']: sec=0.00, result=[1, '', 0]
[rosmaster.master][INFO] 2026-05-06 17:05:14,474: +PUB [/rosout] /epsilon_metric_collector_2013587_1778058314360 http://y:39555/
[rosmaster.master][INFO] 2026-05-06 17:05:14,476: +SERVICE [/epsilon_metric_collector_2013587_1778058314360/get_loggers] /epsilon_metric_collector_2013587_1778058314360 http://y:39555/
[rosmaster.master][INFO] 2026-05-06 17:05:14,476: +SERVICE [/epsilon_metric_collector_2013587_1778058314360/set_logger_level] /epsilon_metric_collector_2013587_1778058314360 http://y:39555/
[rosmaster.master][INFO] 2026-05-06 17:05:14,478: +SUB [/arena_info_dynamic] /epsilon_metric_collector_2013587_1778058314360 http://y:39555/
[rosmaster.master][INFO] 2026-05-06 17:05:14,480: publisherUpdate[/rosout] -> http://y:32849/ ['http://y:33731/', 'http://y:44971/', 'http://y:37811/', 'http://y:33753/', 'http://y:37033/', 'http://y:33269/', 'http://y:40747/', 'http://y:40461/', 'http://y:34005/', 'http://y:38513/', 'http://y:46351/', 'http://y:43833/', 'http://y:39555/']
[rosmaster.master][INFO] 2026-05-06 17:05:14,481: publisherUpdate[/rosout] -> http://y:32849/ ['http://y:33731/', 'http://y:44971/', 'http://y:37811/', 'http://y:33753/', 'http://y:37033/', 'http://y:33269/', 'http://y:40747/', 'http://y:40461/', 'http://y:34005/', 'http://y:38513/', 'http://y:46351/', 'http://y:43833/', 'http://y:39555/']: sec=0.00, result=[1, '', 0]
[rosmaster.master][INFO] 2026-05-06 17:07:14,143: -SUB [/arena_info_dynamic] /epsilon_metric_collector_2013587_1778058314360 http://y:39555/
[rosmaster.master][INFO] 2026-05-06 17:07:14,143: -PUB [/rosout] /epsilon_metric_collector_2013587_1778058314360 http://y:39555/
[rosmaster.master][INFO] 2026-05-06 17:07:14,143: -SERVICE [/epsilon_metric_collector_2013587_1778058314360/get_loggers] /epsilon_metric_collector_2013587_1778058314360 rosrpc://y:46391
[rosmaster.master][INFO] 2026-05-06 17:07:14,143: -SERVICE [/epsilon_metric_collector_2013587_1778058314360/set_logger_level] /epsilon_metric_collector_2013587_1778058314360 rosrpc://y:46391
[rosmaster.master][INFO] 2026-05-06 17:07:14,173: publisherUpdate[/rosout] -> http://y:32849/ ['http://y:33731/', 'http://y:44971/', 'http://y:37811/', 'http://y:33753/', 'http://y:37033/', 'http://y:33269/', 'http://y:40747/', 'http://y:40461/', 'http://y:34005/', 'http://y:38513/', 'http://y:46351/', 'http://y:43833/']
[rosmaster.master][INFO] 2026-05-06 17:07:14,174: publisherUpdate[/rosout] -> http://y:32849/ ['http://y:33731/', 'http://y:44971/', 'http://y:37811/', 'http://y:33753/', 'http://y:37033/', 'http://y:33269/', 'http://y:40747/', 'http://y:40461/', 'http://y:34005/', 'http://y:38513/', 'http://y:46351/', 'http://y:43833/']: sec=0.00, result=[1, '', 0]
[rosmaster.master][INFO] 2026-05-06 17:07:15,160: +PUB [/rosout] /rostopic_2013804_1778058435046 http://y:38181/
[rosmaster.master][INFO] 2026-05-06 17:07:15,161: +SERVICE [/rostopic_2013804_1778058435046/get_loggers] /rostopic_2013804_1778058435046 http://y:38181/
[rosmaster.master][INFO] 2026-05-06 17:07:15,162: +SERVICE [/rostopic_2013804_1778058435046/set_logger_level] /rostopic_2013804_1778058435046 http://y:38181/
[rosmaster.master][INFO] 2026-05-06 17:07:15,171: +SUB [/arena_info_dynamic] /rostopic_2013804_1778058435046 http://y:38181/
[rosmaster.master][INFO] 2026-05-06 17:07:15,175: publisherUpdate[/rosout] -> http://y:32849/ ['http://y:33731/', 'http://y:44971/', 'http://y:37811/', 'http://y:33753/', 'http://y:37033/', 'http://y:33269/', 'http://y:40747/', 'http://y:40461/', 'http://y:34005/', 'http://y:38513/', 'http://y:46351/', 'http://y:43833/', 'http://y:38181/']
[rosmaster.master][INFO] 2026-05-06 17:07:15,176: publisherUpdate[/rosout] -> http://y:32849/ ['http://y:33731/', 'http://y:44971/', 'http://y:37811/', 'http://y:33753/', 'http://y:37033/', 'http://y:33269/', 'http://y:40747/', 'http://y:40461/', 'http://y:34005/', 'http://y:38513/', 'http://y:46351/', 'http://y:43833/', 'http://y:38181/']: sec=0.00, result=[1, '', 0]
[rosmaster.master][INFO] 2026-05-06 17:07:29,771: -SUB [/arena_info_dynamic] /rostopic_2013804_1778058435046 http://y:38181/
[rosmaster.master][INFO] 2026-05-06 17:07:29,772: -PUB [/rosout] /rostopic_2013804_1778058435046 http://y:38181/
[rosmaster.master][INFO] 2026-05-06 17:07:29,772: -SERVICE [/rostopic_2013804_1778058435046/get_loggers] /rostopic_2013804_1778058435046 rosrpc://y:34839
[rosmaster.master][INFO] 2026-05-06 17:07:29,772: -SERVICE [/rostopic_2013804_1778058435046/set_logger_level] /rostopic_2013804_1778058435046 rosrpc://y:34839
[rosmaster.master][INFO] 2026-05-06 17:07:29,797: publisherUpdate[/rosout] -> http://y:32849/ ['http://y:33731/', 'http://y:44971/', 'http://y:37811/', 'http://y:33753/', 'http://y:37033/', 'http://y:33269/', 'http://y:40747/', 'http://y:40461/', 'http://y:34005/', 'http://y:38513/', 'http://y:46351/', 'http://y:43833/']
[rosmaster.master][INFO] 2026-05-06 17:07:29,797: publisherUpdate[/rosout] -> http://y:32849/ ['http://y:33731/', 'http://y:44971/', 'http://y:37811/', 'http://y:33753/', 'http://y:37033/', 'http://y:33269/', 'http://y:40747/', 'http://y:40461/', 'http://y:34005/', 'http://y:38513/', 'http://y:46351/', 'http://y:43833/']: sec=0.00, result=[1, '', 0]
[rosmaster.master][INFO] 2026-05-06 17:07:30,496: -PUB [/rosout] /phy_simulator_planning_node http://y:43833/
[rosmaster.master][INFO] 2026-05-06 17:07:30,497: -PUB [/arena_info_static] /phy_simulator_planning_node http://y:43833/
[rosmaster.master][INFO] 2026-05-06 17:07:30,498: -PUB [/arena_info_dynamic] /phy_simulator_planning_node http://y:43833/
[rosmaster.master][INFO] 2026-05-06 17:07:30,498: -PUB [/phy_simulator_planning_node/vis/vehicle_set_vis] /phy_simulator_planning_node http://y:43833/
[rosmaster.master][INFO] 2026-05-06 17:07:30,498: -PUB [/phy_simulator_planning_node/vis/lane_net_vis] /phy_simulator_planning_node http://y:43833/
[rosmaster.master][INFO] 2026-05-06 17:07:30,498: publisherUpdate[/rosout] -> http://y:32849/ ['http://y:33731/', 'http://y:44971/', 'http://y:37811/', 'http://y:33753/', 'http://y:37033/', 'http://y:33269/', 'http://y:40747/', 'http://y:40461/', 'http://y:34005/', 'http://y:38513/', 'http://y:46351/']
[rosmaster.master][INFO] 2026-05-06 17:07:30,499: -PUB [/phy_simulator_planning_node/vis/obstacle_set_vis] /phy_simulator_planning_node http://y:43833/
[rosmaster.master][INFO] 2026-05-06 17:07:30,499: publisherUpdate[/rosout] -> http://y:32849/ ['http://y:33731/', 'http://y:44971/', 'http://y:37811/', 'http://y:33753/', 'http://y:37033/', 'http://y:33269/', 'http://y:40747/', 'http://y:40461/', 'http://y:34005/', 'http://y:38513/', 'http://y:46351/']: sec=0.00, result=[1, '', 0]
[rosmaster.master][INFO] 2026-05-06 17:07:30,499: -SUB [/ctrl/agent_10] /phy_simulator_planning_node http://y:43833/
[rosmaster.master][INFO] 2026-05-06 17:07:30,499: publisherUpdate[/arena_info_static] -> http://y:44971/ []
[rosmaster.master][INFO] 2026-05-06 17:07:30,499: -SUB [/ctrl/agent_9] /phy_simulator_planning_node http://y:43833/
[rosmaster.master][INFO] 2026-05-06 17:07:30,500: -SUB [/ctrl/agent_8] /phy_simulator_planning_node http://y:43833/
[rosmaster.master][INFO] 2026-05-06 17:07:30,500: publisherUpdate[/arena_info_static] -> http://y:44971/ []: sec=0.00, result=[1, '', 0]
[rosmaster.master][INFO] 2026-05-06 17:07:30,500: -SUB [/ctrl/agent_7] /phy_simulator_planning_node http://y:43833/
[rosmaster.master][INFO] 2026-05-06 17:07:30,500: publisherUpdate[/arena_info_static] -> http://y:40747/ []
[rosmaster.master][INFO] 2026-05-06 17:07:30,500: publisherUpdate[/arena_info_static] -> http://y:40461/ []
[rosmaster.master][INFO] 2026-05-06 17:07:30,500: publisherUpdate[/arena_info_static] -> http://y:37811/ []
[rosmaster.master][INFO] 2026-05-06 17:07:30,501: -SUB [/ctrl/agent_6] /phy_simulator_planning_node http://y:43833/
[rosmaster.master][INFO] 2026-05-06 17:07:30,501: publisherUpdate[/arena_info_static] -> http://y:40747/ []: sec=0.00, result=[0, 'Unknown Error', 0]
[rosmaster.master][INFO] 2026-05-06 17:07:30,501: publisherUpdate[/arena_info_static] -> http://y:40461/ []: sec=0.00, result=[1, '', 0]
[rosmaster.master][INFO] 2026-05-06 17:07:30,502: publisherUpdate[/arena_info_static] -> http://y:33269/ []
[rosmaster.master][INFO] 2026-05-06 17:07:30,502: -SUB [/ctrl/agent_5] /phy_simulator_planning_node http://y:43833/
[rosmaster.master][INFO] 2026-05-06 17:07:30,502: publisherUpdate[/arena_info_static] -> http://y:34005/ []
[rosmaster.master][INFO] 2026-05-06 17:07:30,502: -SUB [/ctrl/agent_4] /phy_simulator_planning_node http://y:43833/
[rosmaster.master][INFO] 2026-05-06 17:07:30,502: publisherUpdate[/arena_info_static] -> http://y:37811/ []: sec=0.00, result=[1, '', 0]
[rosmaster.master][INFO] 2026-05-06 17:07:30,503: publisherUpdate[/arena_info_static] -> http://y:46351/ []
[rosmaster.master][INFO] 2026-05-06 17:07:30,503: -SUB [/ctrl/agent_3] /phy_simulator_planning_node http://y:43833/
[rosmaster.master][INFO] 2026-05-06 17:07:30,503: publisherUpdate[/arena_info_static] -> http://y:34005/ []: sec=0.00, result=[1, '', 0]
[rosmaster.master][INFO] 2026-05-06 17:07:30,503: publisherUpdate[/arena_info_static] -> http://y:33269/ []: sec=0.00, result=[1, '', 0]
[rosmaster.master][INFO] 2026-05-06 17:07:30,503: -SUB [/ctrl/agent_2] /phy_simulator_planning_node http://y:43833/
[rosmaster.master][INFO] 2026-05-06 17:07:30,503: publisherUpdate[/arena_info_static] -> http://y:33753/ []
[rosmaster.master][INFO] 2026-05-06 17:07:30,503: publisherUpdate[/arena_info_static] -> http://y:38513/ []
[rosmaster.master][INFO] 2026-05-06 17:07:30,504: -SUB [/ctrl/agent_1] /phy_simulator_planning_node http://y:43833/
[rosmaster.master][INFO] 2026-05-06 17:07:30,504: publisherUpdate[/arena_info_static] -> http://y:46351/ []: sec=0.00, result=[1, '', 0]
[rosmaster.master][INFO] 2026-05-06 17:07:30,504: -SUB [/ctrl/agent_0] /phy_simulator_planning_node http://y:43833/
[rosmaster.master][INFO] 2026-05-06 17:07:30,504: publisherUpdate[/arena_info_static] -> http://y:37033/ []
[rosmaster.master][INFO] 2026-05-06 17:07:30,504: publisherUpdate[/arena_info_static] -> http://y:38513/ []: sec=0.00, result=[0, 'Unknown Error', 0]
[rosmaster.master][INFO] 2026-05-06 17:07:30,505: -SUB [/initialpose] /phy_simulator_planning_node http://y:43833/
[rosmaster.master][INFO] 2026-05-06 17:07:30,505: publisherUpdate[/arena_info_static] -> http://y:33753/ []: sec=0.00, result=[1, '', 0]
[rosmaster.master][INFO] 2026-05-06 17:07:30,505: publisherUpdate[/arena_info_static] -> http://y:33731/ []
[rosmaster.master][INFO] 2026-05-06 17:07:30,505: -SUB [/move_base_simple/goal] /phy_simulator_planning_node http://y:43833/
[rosmaster.master][INFO] 2026-05-06 17:07:30,505: publisherUpdate[/arena_info_dynamic] -> http://y:44971/ []
[rosmaster.master][INFO] 2026-05-06 17:07:30,506: publisherUpdate[/arena_info_static] -> http://y:37033/ []: sec=0.00, result=[1, '', 0]
[rosmaster.master][INFO] 2026-05-06 17:07:30,506: -SERVICE [/phy_simulator_planning_node/get_loggers] /phy_simulator_planning_node rosrpc://y:55761
[rosmaster.master][INFO] 2026-05-06 17:07:30,506: publisherUpdate[/arena_info_dynamic] -> http://y:40747/ []
[rosmaster.master][INFO] 2026-05-06 17:07:30,506: publisherUpdate[/arena_info_static] -> http://y:33731/ []: sec=0.00, result=[1, '', 0]
[rosmaster.master][INFO] 2026-05-06 17:07:30,507: -SERVICE [/phy_simulator_planning_node/set_logger_level] /phy_simulator_planning_node rosrpc://y:55761
[rosmaster.master][INFO] 2026-05-06 17:07:30,507: publisherUpdate[/arena_info_dynamic] -> http://y:44971/ []: sec=0.00, result=[1, '', 0]
[rosmaster.master][INFO] 2026-05-06 17:07:30,507: publisherUpdate[/arena_info_dynamic] -> http://y:40461/ []
[rosmaster.master][INFO] 2026-05-06 17:07:30,507: -PUB [/rosout] /onlane_ai_agent_8 http://y:40747/
[rosmaster.master][INFO] 2026-05-06 17:07:30,507: publisherUpdate[/arena_info_dynamic] -> http://y:37811/ []
[rosmaster.master][INFO] 2026-05-06 17:07:30,508: publisherUpdate[/arena_info_dynamic] -> http://y:40461/ []: sec=0.00, result=[1, '', 0]
[rosmaster.master][INFO] 2026-05-06 17:07:30,508: -PUB [/ctrl/agent_8] /onlane_ai_agent_8 http://y:40747/
[rosmaster.master][INFO] 2026-05-06 17:07:30,508: publisherUpdate[/arena_info_dynamic] -> http://y:33269/ []
[rosmaster.master][INFO] 2026-05-06 17:07:30,508: -PUB [/tf] /onlane_ai_agent_8 http://y:40747/
[rosmaster.master][INFO] 2026-05-06 17:07:30,509: publisherUpdate[/arena_info_dynamic] -> http://y:37811/ []: sec=0.00, result=[1, '', 0]
[rosmaster.master][INFO] 2026-05-06 17:07:30,509: publisherUpdate[/arena_info_dynamic] -> http://y:33269/ []: sec=0.00, result=[1, '', 0]
[rosmaster.master][INFO] 2026-05-06 17:07:30,509: -PUB [/vis/agent_8/ego_vehicle_vis] /onlane_ai_agent_8 http://y:40747/
[rosmaster.master][INFO] 2026-05-06 17:07:30,509: publisherUpdate[/arena_info_dynamic] -> http://y:34005/ []
[rosmaster.master][INFO] 2026-05-06 17:07:30,509: publisherUpdate[/arena_info_dynamic] -> http://y:46351/ []
[rosmaster.master][INFO] 2026-05-06 17:07:30,509: -PUB [/vis/agent_8/obstacle_map] /onlane_ai_agent_8 http://y:40747/
[rosmaster.master][INFO] 2026-05-06 17:07:30,510: publisherUpdate[/arena_info_dynamic] -> http://y:34005/ []: sec=0.00, result=[1, '', 0]
[rosmaster.master][INFO] 2026-05-06 17:07:30,510: -PUB [/vis/agent_8/surrounding_lane_net_vis] /onlane_ai_agent_8 http://y:40747/
[rosmaster.master][INFO] 2026-05-06 17:07:30,510: publisherUpdate[/arena_info_dynamic] -> http://y:33753/ []
[rosmaster.master][INFO] 2026-05-06 17:07:30,510: -PUB [/vis/agent_8/local_lanes_vis] /onlane_ai_agent_8 http://y:40747/
[rosmaster.master][INFO] 2026-05-06 17:07:30,510: publisherUpdate[/arena_info_dynamic] -> http://y:46351/ []: sec=0.00, result=[1, '', 0]
[rosmaster.master][INFO] 2026-05-06 17:07:30,510: publisherUpdate[/arena_info_dynamic] -> http://y:33753/ []: sec=0.00, result=[1, '', 0]
[rosmaster.master][INFO] 2026-05-06 17:07:30,510: -PUB [/vis/agent_8/ego_behavior_vis] /onlane_ai_agent_8 http://y:40747/
[rosmaster.master][INFO] 2026-05-06 17:07:30,511: publisherUpdate[/arena_info_dynamic] -> http://y:38513/ []
[rosmaster.master][INFO] 2026-05-06 17:07:30,511: publisherUpdate[/arena_info_dynamic] -> http://y:37033/ []
[rosmaster.master][INFO] 2026-05-06 17:07:30,511: -PUB [/vis/agent_8/pred_traj_openloop_vis] /onlane_ai_agent_8 http://y:40747/
[rosmaster.master][INFO] 2026-05-06 17:07:30,511: publisherUpdate[/arena_info_dynamic] -> http://y:38513/ []: sec=0.00, result=[0, 'Unknown Error', 0]
[rosmaster.master][INFO] 2026-05-06 17:07:30,511: -PUB [/vis/agent_8/pred_initial_intention_vis] /onlane_ai_agent_8 http://y:40747/
[rosmaster.master][INFO] 2026-05-06 17:07:30,511: publisherUpdate[/arena_info_dynamic] -> http://y:33731/ []
[rosmaster.master][INFO] 2026-05-06 17:07:30,511: -PUB [/vis/agent_8/surrounding_vehicle_vis] /onlane_ai_agent_8 http://y:40747/
[rosmaster.master][INFO] 2026-05-06 17:07:30,512: publisherUpdate[/arena_info_dynamic] -> http://y:37033/ []: sec=0.00, result=[1, '', 0]
[rosmaster.master][INFO] 2026-05-06 17:07:30,512: publisherUpdate[/arena_info_dynamic] -> http://y:33731/ []: sec=0.00, result=[1, '', 0]
[rosmaster.master][INFO] 2026-05-06 17:07:30,512: publisherUpdate[/rosout] -> http://y:32849/ ['http://y:33731/', 'http://y:44971/', 'http://y:37811/', 'http://y:33753/', 'http://y:37033/', 'http://y:33269/', 'http://y:40461/', 'http://y:34005/', 'http://y:38513/', 'http://y:46351/']
[rosmaster.master][INFO] 2026-05-06 17:07:30,512: -PUB [/vis/agent_8/speed_limit] /onlane_ai_agent_8 http://y:40747/
[rosmaster.master][INFO] 2026-05-06 17:07:30,513: publisherUpdate[/rosout] -> http://y:32849/ ['http://y:33731/', 'http://y:44971/', 'http://y:37811/', 'http://y:33753/', 'http://y:37033/', 'http://y:33269/', 'http://y:40461/', 'http://y:34005/', 'http://y:38513/', 'http://y:46351/']: sec=0.00, result=[1, '', 0]
[rosmaster.master][INFO] 2026-05-06 17:07:30,513: -PUB [/vis/agent_8/forward_trajs] /onlane_ai_agent_8 http://y:40747/
[rosmaster.master][INFO] 2026-05-06 17:07:30,513: -SUB [/arena_info_static] /onlane_ai_agent_8 http://y:40747/
[rosmaster.master][INFO] 2026-05-06 17:07:30,514: -SUB [/arena_info_dynamic] /onlane_ai_agent_8 http://y:40747/
[rosmaster.master][INFO] 2026-05-06 17:07:30,514: -SUB [/joy] /onlane_ai_agent_8 http://y:40747/
[rosmaster.master][INFO] 2026-05-06 17:07:30,514: -SERVICE [/onlane_ai_agent_8/get_loggers] /onlane_ai_agent_8 rosrpc://y:57473
[rosmaster.master][INFO] 2026-05-06 17:07:30,515: -SERVICE [/onlane_ai_agent_8/set_logger_level] /onlane_ai_agent_8 rosrpc://y:57473
[rosmaster.master][INFO] 2026-05-06 17:07:30,531: publisherUpdate[/arena_info_dynamic] -> http://y:40747/ []: sec=0.02, exception=[Errno 111] Connection refused
[rosmaster.threadpool][ERROR] 2026-05-06 17:07:30,532: Traceback (most recent call last):
  File "/opt/ros/noetic/lib/python3/dist-packages/rosmaster/threadpool.py", line 218, in run
    result = cmd(*args)
  File "/opt/ros/noetic/lib/python3/dist-packages/rosmaster/master_api.py", line 210, in publisher_update_task
    ret = xmlrpcapi(api).publisherUpdate('/master', topic, pub_uris)
  File "/usr/lib/python3.8/xmlrpc/client.py", line 1109, in __call__
    return self.__send(self.__name, args)
  File "/usr/lib/python3.8/xmlrpc/client.py", line 1450, in __request
    response = self.__transport.request(
  File "/usr/lib/python3.8/xmlrpc/client.py", line 1153, in request
    return self.single_request(host, handler, request_body, verbose)
  File "/usr/lib/python3.8/xmlrpc/client.py", line 1165, in single_request
    http_conn = self.send_request(host, handler, request_body, verbose)
  File "/usr/lib/python3.8/xmlrpc/client.py", line 1278, in send_request
    self.send_content(connection, request_body)
  File "/usr/lib/python3.8/xmlrpc/client.py", line 1308, in send_content
    connection.endheaders(request_body)
  File "/usr/lib/python3.8/http/client.py", line 1251, in endheaders
    self._send_output(message_body, encode_chunked=encode_chunked)
  File "/usr/lib/python3.8/http/client.py", line 1011, in _send_output
    self.send(msg)
  File "/usr/lib/python3.8/http/client.py", line 951, in send
    self.connect()
  File "/usr/lib/python3.8/http/client.py", line 922, in connect
    self.sock = self._create_connection(
  File "/usr/lib/python3.8/socket.py", line 808, in create_connection
    raise err
  File "/usr/lib/python3.8/socket.py", line 796, in create_connection
    sock.connect(sa)
ConnectionRefusedError: [Errno 111] Connection refused

[rosmaster.master][INFO] 2026-05-06 17:07:30,607: -PUB [/rosout] /onlane_ai_agent_4 http://y:44971/
[rosmaster.master][INFO] 2026-05-06 17:07:30,608: -PUB [/rosout] /onlane_ai_agent_7 http://y:40461/
[rosmaster.master][INFO] 2026-05-06 17:07:30,609: -PUB [/ctrl/agent_4] /onlane_ai_agent_4 http://y:44971/
[rosmaster.master][INFO] 2026-05-06 17:07:30,612: -PUB [/ctrl/agent_7] /onlane_ai_agent_7 http://y:40461/
[rosmaster.master][INFO] 2026-05-06 17:07:30,613: publisherUpdate[/rosout] -> http://y:32849/ ['http://y:33731/', 'http://y:37811/', 'http://y:33753/', 'http://y:37033/', 'http://y:33269/', 'http://y:40461/', 'http://y:34005/', 'http://y:38513/', 'http://y:46351/']
[rosmaster.master][INFO] 2026-05-06 17:07:30,614: -PUB [/rosout] /onlane_ai_agent_3 http://y:37811/
[rosmaster.master][INFO] 2026-05-06 17:07:30,615: -PUB [/rosout] /onlane_ai_agent_6 http://y:33269/
[rosmaster.master][INFO] 2026-05-06 17:07:30,616: -PUB [/rosout] /onlane_ai_agent_10 http://y:46351/
[rosmaster.master][INFO] 2026-05-06 17:07:30,617: publisherUpdate[/rosout] -> http://y:32849/ ['http://y:33731/', 'http://y:37811/', 'http://y:33753/', 'http://y:37033/', 'http://y:33269/', 'http://y:40461/', 'http://y:34005/', 'http://y:38513/', 'http://y:46351/']: sec=0.00, result=[1, '', 0]
[rosmaster.master][INFO] 2026-05-06 17:07:30,617: -PUB [/rosout] /onlane_ai_agent_2 http://y:33753/
[rosmaster.master][INFO] 2026-05-06 17:07:30,618: publisherUpdate[/rosout] -> http://y:32849/ ['http://y:33731/', 'http://y:37811/', 'http://y:33753/', 'http://y:37033/', 'http://y:33269/', 'http://y:34005/', 'http://y:38513/', 'http://y:46351/']
[rosmaster.master][INFO] 2026-05-06 17:07:30,619: -PUB [/rosout] /onlane_ai_agent_9 http://y:38513/
[rosmaster.master][INFO] 2026-05-06 17:07:30,620: publisherUpdate[/rosout] -> http://y:32849/ ['http://y:33731/', 'http://y:37811/', 'http://y:33753/', 'http://y:37033/', 'http://y:33269/', 'http://y:34005/', 'http://y:38513/', 'http://y:46351/']: sec=0.00, result=[1, '', 0]
[rosmaster.master][INFO] 2026-05-06 17:07:30,620: publisherUpdate[/rosout] -> http://y:32849/ ['http://y:33731/', 'http://y:33753/', 'http://y:37033/', 'http://y:33269/', 'http://y:34005/', 'http://y:38513/', 'http://y:46351/']
[rosmaster.master][INFO] 2026-05-06 17:07:30,621: -PUB [/rosout] /onlane_ai_agent_5 http://y:37033/
[rosmaster.master][INFO] 2026-05-06 17:07:30,622: publisherUpdate[/rosout] -> http://y:32849/ ['http://y:33731/', 'http://y:33753/', 'http://y:37033/', 'http://y:33269/', 'http://y:34005/', 'http://y:38513/', 'http://y:46351/']: sec=0.00, result=[1, '', 0]
[rosmaster.master][INFO] 2026-05-06 17:07:30,622: -PUB [/tf] /onlane_ai_agent_4 http://y:44971/
[rosmaster.master][INFO] 2026-05-06 17:07:30,622: publisherUpdate[/rosout] -> http://y:32849/ ['http://y:33731/', 'http://y:33753/', 'http://y:37033/', 'http://y:34005/', 'http://y:38513/', 'http://y:46351/']
[rosmaster.master][INFO] 2026-05-06 17:07:30,623: -PUB [/tf] /onlane_ai_agent_7 http://y:40461/
[rosmaster.master][INFO] 2026-05-06 17:07:30,624: publisherUpdate[/rosout] -> http://y:32849/ ['http://y:33731/', 'http://y:33753/', 'http://y:37033/', 'http://y:34005/', 'http://y:38513/', 'http://y:46351/']: sec=0.00, result=[1, '', 0]
[rosmaster.master][INFO] 2026-05-06 17:07:30,624: publisherUpdate[/rosout] -> http://y:32849/ ['http://y:33731/', 'http://y:33753/', 'http://y:37033/', 'http://y:34005/', 'http://y:38513/']
[rosmaster.master][INFO] 2026-05-06 17:07:30,625: -PUB [/ctrl/agent_3] /onlane_ai_agent_3 http://y:37811/
[rosmaster.master][INFO] 2026-05-06 17:07:30,625: publisherUpdate[/rosout] -> http://y:32849/ ['http://y:33731/', 'http://y:33753/', 'http://y:37033/', 'http://y:34005/', 'http://y:38513/']: sec=0.00, result=[1, '', 0]
[rosmaster.master][INFO] 2026-05-06 17:07:30,626: -PUB [/ctrl/agent_6] /onlane_ai_agent_6 http://y:33269/
[rosmaster.master][INFO] 2026-05-06 17:07:30,626: publisherUpdate[/rosout] -> http://y:32849/ ['http://y:33731/', 'http://y:37033/', 'http://y:34005/', 'http://y:38513/']
[rosmaster.master][INFO] 2026-05-06 17:07:30,627: -PUB [/ctrl/agent_10] /onlane_ai_agent_10 http://y:46351/
[rosmaster.master][INFO] 2026-05-06 17:07:30,628: -PUB [/ctrl/agent_2] /onlane_ai_agent_2 http://y:33753/
[rosmaster.master][INFO] 2026-05-06 17:07:30,628: publisherUpdate[/rosout] -> http://y:32849/ ['http://y:33731/', 'http://y:37033/', 'http://y:34005/', 'http://y:38513/']: sec=0.00, result=[1, '', 0]
[rosmaster.master][INFO] 2026-05-06 17:07:30,629: publisherUpdate[/rosout] -> http://y:32849/ ['http://y:33731/', 'http://y:37033/', 'http://y:34005/']
[rosmaster.master][INFO] 2026-05-06 17:07:30,629: -PUB [/ctrl/agent_9] /onlane_ai_agent_9 http://y:38513/
[rosmaster.master][INFO] 2026-05-06 17:07:30,630: publisherUpdate[/rosout] -> http://y:32849/ ['http://y:33731/', 'http://y:37033/', 'http://y:34005/']: sec=0.00, result=[1, '', 0]
[rosmaster.master][INFO] 2026-05-06 17:07:30,630: publisherUpdate[/rosout] -> http://y:32849/ ['http://y:33731/', 'http://y:34005/']
[rosmaster.master][INFO] 2026-05-06 17:07:30,630: -PUB [/ctrl/agent_5] /onlane_ai_agent_5 http://y:37033/
[rosmaster.master][INFO] 2026-05-06 17:07:30,631: publisherUpdate[/rosout] -> http://y:32849/ ['http://y:33731/', 'http://y:34005/']: sec=0.00, result=[1, '', 0]
[rosmaster.master][INFO] 2026-05-06 17:07:30,632: -PUB [/vis/agent_4/ego_vehicle_vis] /onlane_ai_agent_4 http://y:44971/
[rosmaster.master][INFO] 2026-05-06 17:07:30,632: -PUB [/vis/agent_7/ego_vehicle_vis] /onlane_ai_agent_7 http://y:40461/
[rosmaster.master][INFO] 2026-05-06 17:07:30,633: -PUB [/tf] /onlane_ai_agent_3 http://y:37811/
[rosmaster.master][INFO] 2026-05-06 17:07:30,633: -PUB [/tf] /onlane_ai_agent_6 http://y:33269/
[rosmaster.master][INFO] 2026-05-06 17:07:30,634: -PUB [/tf] /onlane_ai_agent_10 http://y:46351/
[rosmaster.master][INFO] 2026-05-06 17:07:30,634: -PUB [/tf] /onlane_ai_agent_2 http://y:33753/
[rosmaster.master][INFO] 2026-05-06 17:07:30,634: -PUB [/tf] /onlane_ai_agent_9 http://y:38513/
[rosmaster.master][INFO] 2026-05-06 17:07:30,635: -PUB [/tf] /onlane_ai_agent_5 http://y:37033/
[rosmaster.master][INFO] 2026-05-06 17:07:30,636: -PUB [/vis/agent_4/obstacle_map] /onlane_ai_agent_4 http://y:44971/
[rosmaster.master][INFO] 2026-05-06 17:07:30,636: -PUB [/vis/agent_7/obstacle_map] /onlane_ai_agent_7 http://y:40461/
[rosmaster.master][INFO] 2026-05-06 17:07:30,637: -PUB [/vis/agent_3/ego_vehicle_vis] /onlane_ai_agent_3 http://y:37811/
[rosmaster.master][INFO] 2026-05-06 17:07:30,637: -PUB [/vis/agent_2/ego_vehicle_vis] /onlane_ai_agent_2 http://y:33753/
[rosmaster.master][INFO] 2026-05-06 17:07:30,637: -PUB [/vis/agent_10/ego_vehicle_vis] /onlane_ai_agent_10 http://y:46351/
[rosmaster.master][INFO] 2026-05-06 17:07:30,637: -PUB [/vis/agent_6/ego_vehicle_vis] /onlane_ai_agent_6 http://y:33269/
[rosmaster.master][INFO] 2026-05-06 17:07:30,638: -PUB [/vis/agent_9/ego_vehicle_vis] /onlane_ai_agent_9 http://y:38513/
[rosmaster.master][INFO] 2026-05-06 17:07:30,638: -PUB [/vis/agent_5/ego_vehicle_vis] /onlane_ai_agent_5 http://y:37033/
[rosmaster.master][INFO] 2026-05-06 17:07:30,638: -PUB [/vis/agent_4/surrounding_lane_net_vis] /onlane_ai_agent_4 http://y:44971/
[rosmaster.master][INFO] 2026-05-06 17:07:30,639: -PUB [/vis/agent_7/surrounding_lane_net_vis] /onlane_ai_agent_7 http://y:40461/
[rosmaster.master][INFO] 2026-05-06 17:07:30,639: -PUB [/vis/agent_3/obstacle_map] /onlane_ai_agent_3 http://y:37811/
[rosmaster.master][INFO] 2026-05-06 17:07:30,639: -PUB [/vis/agent_2/obstacle_map] /onlane_ai_agent_2 http://y:33753/
[rosmaster.master][INFO] 2026-05-06 17:07:30,639: -PUB [/vis/agent_10/obstacle_map] /onlane_ai_agent_10 http://y:46351/
[rosmaster.master][INFO] 2026-05-06 17:07:30,640: -PUB [/vis/agent_9/obstacle_map] /onlane_ai_agent_9 http://y:38513/
[rosmaster.master][INFO] 2026-05-06 17:07:30,640: -PUB [/vis/agent_6/obstacle_map] /onlane_ai_agent_6 http://y:33269/
[rosmaster.master][INFO] 2026-05-06 17:07:30,640: -PUB [/vis/agent_5/obstacle_map] /onlane_ai_agent_5 http://y:37033/
[rosmaster.master][INFO] 2026-05-06 17:07:30,640: -PUB [/vis/agent_4/local_lanes_vis] /onlane_ai_agent_4 http://y:44971/
[rosmaster.master][INFO] 2026-05-06 17:07:30,640: -PUB [/vis/agent_3/surrounding_lane_net_vis] /onlane_ai_agent_3 http://y:37811/
[rosmaster.master][INFO] 2026-05-06 17:07:30,641: -PUB [/vis/agent_7/local_lanes_vis] /onlane_ai_agent_7 http://y:40461/
[rosmaster.master][INFO] 2026-05-06 17:07:30,641: -PUB [/vis/agent_2/surrounding_lane_net_vis] /onlane_ai_agent_2 http://y:33753/
[rosmaster.master][INFO] 2026-05-06 17:07:30,641: -PUB [/vis/agent_10/surrounding_lane_net_vis] /onlane_ai_agent_10 http://y:46351/
[rosmaster.master][INFO] 2026-05-06 17:07:30,641: -PUB [/vis/agent_9/surrounding_lane_net_vis] /onlane_ai_agent_9 http://y:38513/
[rosmaster.master][INFO] 2026-05-06 17:07:30,641: -PUB [/vis/agent_6/surrounding_lane_net_vis] /onlane_ai_agent_6 http://y:33269/
[rosmaster.master][INFO] 2026-05-06 17:07:30,641: -PUB [/vis/agent_4/ego_behavior_vis] /onlane_ai_agent_4 http://y:44971/
[rosmaster.master][INFO] 2026-05-06 17:07:30,642: -PUB [/vis/agent_5/surrounding_lane_net_vis] /onlane_ai_agent_5 http://y:37033/
[rosmaster.master][INFO] 2026-05-06 17:07:30,642: -PUB [/vis/agent_3/local_lanes_vis] /onlane_ai_agent_3 http://y:37811/
[rosmaster.master][INFO] 2026-05-06 17:07:30,642: -PUB [/vis/agent_7/ego_behavior_vis] /onlane_ai_agent_7 http://y:40461/
[rosmaster.master][INFO] 2026-05-06 17:07:30,642: -PUB [/vis/agent_10/local_lanes_vis] /onlane_ai_agent_10 http://y:46351/
[rosmaster.master][INFO] 2026-05-06 17:07:30,642: -PUB [/vis/agent_2/local_lanes_vis] /onlane_ai_agent_2 http://y:33753/
[rosmaster.master][INFO] 2026-05-06 17:07:30,643: -PUB [/vis/agent_9/local_lanes_vis] /onlane_ai_agent_9 http://y:38513/
[rosmaster.master][INFO] 2026-05-06 17:07:30,643: -PUB [/vis/agent_6/local_lanes_vis] /onlane_ai_agent_6 http://y:33269/
[rosmaster.master][INFO] 2026-05-06 17:07:30,643: -PUB [/vis/agent_4/pred_traj_openloop_vis] /onlane_ai_agent_4 http://y:44971/
[rosmaster.master][INFO] 2026-05-06 17:07:30,643: -PUB [/vis/agent_5/local_lanes_vis] /onlane_ai_agent_5 http://y:37033/
[rosmaster.master][INFO] 2026-05-06 17:07:30,643: -PUB [/vis/agent_3/ego_behavior_vis] /onlane_ai_agent_3 http://y:37811/
[rosmaster.master][INFO] 2026-05-06 17:07:30,643: -PUB [/vis/agent_7/pred_traj_openloop_vis] /onlane_ai_agent_7 http://y:40461/
[rosmaster.master][INFO] 2026-05-06 17:07:30,643: -PUB [/vis/agent_10/ego_behavior_vis] /onlane_ai_agent_10 http://y:46351/
[rosmaster.master][INFO] 2026-05-06 17:07:30,644: -PUB [/vis/agent_9/ego_behavior_vis] /onlane_ai_agent_9 http://y:38513/
[rosmaster.master][INFO] 2026-05-06 17:07:30,644: -PUB [/vis/agent_2/ego_behavior_vis] /onlane_ai_agent_2 http://y:33753/
[rosmaster.master][INFO] 2026-05-06 17:07:30,644: -PUB [/vis/agent_4/pred_initial_intention_vis] /onlane_ai_agent_4 http://y:44971/
[rosmaster.master][INFO] 2026-05-06 17:07:30,644: -PUB [/vis/agent_6/ego_behavior_vis] /onlane_ai_agent_6 http://y:33269/
[rosmaster.master][INFO] 2026-05-06 17:07:30,644: -PUB [/vis/agent_5/ego_behavior_vis] /onlane_ai_agent_5 http://y:37033/
[rosmaster.master][INFO] 2026-05-06 17:07:30,644: -PUB [/vis/agent_3/pred_traj_openloop_vis] /onlane_ai_agent_3 http://y:37811/
[rosmaster.master][INFO] 2026-05-06 17:07:30,644: -PUB [/vis/agent_7/pred_initial_intention_vis] /onlane_ai_agent_7 http://y:40461/
[rosmaster.master][INFO] 2026-05-06 17:07:30,645: -PUB [/vis/agent_10/pred_traj_openloop_vis] /onlane_ai_agent_10 http://y:46351/
[rosmaster.master][INFO] 2026-05-06 17:07:30,645: -PUB [/vis/agent_9/pred_traj_openloop_vis] /onlane_ai_agent_9 http://y:38513/
[rosmaster.master][INFO] 2026-05-06 17:07:30,645: -PUB [/vis/agent_4/surrounding_vehicle_vis] /onlane_ai_agent_4 http://y:44971/
[rosmaster.master][INFO] 2026-05-06 17:07:30,645: -PUB [/vis/agent_2/pred_traj_openloop_vis] /onlane_ai_agent_2 http://y:33753/
[rosmaster.master][INFO] 2026-05-06 17:07:30,645: -PUB [/vis/agent_6/pred_traj_openloop_vis] /onlane_ai_agent_6 http://y:33269/
[rosmaster.master][INFO] 2026-05-06 17:07:30,645: -PUB [/vis/agent_3/pred_initial_intention_vis] /onlane_ai_agent_3 http://y:37811/
[rosmaster.master][INFO] 2026-05-06 17:07:30,646: -PUB [/vis/agent_5/pred_traj_openloop_vis] /onlane_ai_agent_5 http://y:37033/
[rosmaster.master][INFO] 2026-05-06 17:07:30,646: -PUB [/vis/agent_7/surrounding_vehicle_vis] /onlane_ai_agent_7 http://y:40461/
[rosmaster.master][INFO] 2026-05-06 17:07:30,646: -PUB [/vis/agent_10/pred_initial_intention_vis] /onlane_ai_agent_10 http://y:46351/
[rosmaster.master][INFO] 2026-05-06 17:07:30,646: -PUB [/vis/agent_9/pred_initial_intention_vis] /onlane_ai_agent_9 http://y:38513/
[rosmaster.master][INFO] 2026-05-06 17:07:30,646: -PUB [/vis/agent_4/speed_limit] /onlane_ai_agent_4 http://y:44971/
[rosmaster.master][INFO] 2026-05-06 17:07:30,647: -PUB [/vis/agent_2/pred_initial_intention_vis] /onlane_ai_agent_2 http://y:33753/
[rosmaster.master][INFO] 2026-05-06 17:07:30,647: -PUB [/vis/agent_6/pred_initial_intention_vis] /onlane_ai_agent_6 http://y:33269/
[rosmaster.master][INFO] 2026-05-06 17:07:30,647: -PUB [/vis/agent_3/surrounding_vehicle_vis] /onlane_ai_agent_3 http://y:37811/
[rosmaster.master][INFO] 2026-05-06 17:07:30,647: -PUB [/vis/agent_5/pred_initial_intention_vis] /onlane_ai_agent_5 http://y:37033/
[rosmaster.master][INFO] 2026-05-06 17:07:30,648: -PUB [/vis/agent_7/speed_limit] /onlane_ai_agent_7 http://y:40461/
[rosmaster.master][INFO] 2026-05-06 17:07:30,648: -PUB [/vis/agent_10/surrounding_vehicle_vis] /onlane_ai_agent_10 http://y:46351/
[rosmaster.master][INFO] 2026-05-06 17:07:30,648: -PUB [/vis/agent_9/surrounding_vehicle_vis] /onlane_ai_agent_9 http://y:38513/
[rosmaster.master][INFO] 2026-05-06 17:07:30,648: -PUB [/vis/agent_2/surrounding_vehicle_vis] /onlane_ai_agent_2 http://y:33753/
[rosmaster.master][INFO] 2026-05-06 17:07:30,648: -PUB [/vis/agent_6/surrounding_vehicle_vis] /onlane_ai_agent_6 http://y:33269/
[rosmaster.master][INFO] 2026-05-06 17:07:30,648: -PUB [/vis/agent_4/forward_trajs] /onlane_ai_agent_4 http://y:44971/
[rosmaster.master][INFO] 2026-05-06 17:07:30,649: -PUB [/vis/agent_3/speed_limit] /onlane_ai_agent_3 http://y:37811/
[rosmaster.master][INFO] 2026-05-06 17:07:30,649: -PUB [/vis/agent_7/forward_trajs] /onlane_ai_agent_7 http://y:40461/
[rosmaster.master][INFO] 2026-05-06 17:07:30,649: -PUB [/vis/agent_5/surrounding_vehicle_vis] /onlane_ai_agent_5 http://y:37033/
[rosmaster.master][INFO] 2026-05-06 17:07:30,650: -PUB [/vis/agent_10/speed_limit] /onlane_ai_agent_10 http://y:46351/
[rosmaster.master][INFO] 2026-05-06 17:07:30,650: -PUB [/vis/agent_9/speed_limit] /onlane_ai_agent_9 http://y:38513/
[rosmaster.master][INFO] 2026-05-06 17:07:30,650: -PUB [/vis/agent_2/speed_limit] /onlane_ai_agent_2 http://y:33753/
[rosmaster.master][INFO] 2026-05-06 17:07:30,650: -PUB [/vis/agent_6/speed_limit] /onlane_ai_agent_6 http://y:33269/
[rosmaster.master][INFO] 2026-05-06 17:07:30,650: -PUB [/vis/agent_3/forward_trajs] /onlane_ai_agent_3 http://y:37811/
[rosmaster.master][INFO] 2026-05-06 17:07:30,651: -SUB [/arena_info_static] /onlane_ai_agent_7 http://y:40461/
[rosmaster.master][INFO] 2026-05-06 17:07:30,651: -SUB [/arena_info_static] /onlane_ai_agent_4 http://y:44971/
[rosmaster.master][INFO] 2026-05-06 17:07:30,651: -PUB [/vis/agent_10/forward_trajs] /onlane_ai_agent_10 http://y:46351/
[rosmaster.master][INFO] 2026-05-06 17:07:30,651: -PUB [/vis/agent_5/speed_limit] /onlane_ai_agent_5 http://y:37033/
[rosmaster.master][INFO] 2026-05-06 17:07:30,652: -PUB [/vis/agent_9/forward_trajs] /onlane_ai_agent_9 http://y:38513/
[rosmaster.master][INFO] 2026-05-06 17:07:30,652: -PUB [/vis/agent_2/forward_trajs] /onlane_ai_agent_2 http://y:33753/
[rosmaster.master][INFO] 2026-05-06 17:07:30,652: -PUB [/vis/agent_6/forward_trajs] /onlane_ai_agent_6 http://y:33269/
[rosmaster.master][INFO] 2026-05-06 17:07:30,652: -SUB [/arena_info_static] /onlane_ai_agent_3 http://y:37811/
[rosmaster.master][INFO] 2026-05-06 17:07:30,653: -SUB [/arena_info_dynamic] /onlane_ai_agent_7 http://y:40461/
[rosmaster.master][INFO] 2026-05-06 17:07:30,653: -SUB [/arena_info_dynamic] /onlane_ai_agent_4 http://y:44971/
[rosmaster.master][INFO] 2026-05-06 17:07:30,653: -SUB [/arena_info_static] /onlane_ai_agent_10 http://y:46351/
[rosmaster.master][INFO] 2026-05-06 17:07:30,653: -PUB [/vis/agent_5/forward_trajs] /onlane_ai_agent_5 http://y:37033/
[rosmaster.master][INFO] 2026-05-06 17:07:30,654: -SUB [/arena_info_static] /onlane_ai_agent_9 http://y:38513/
[rosmaster.master][INFO] 2026-05-06 17:07:30,654: -SUB [/arena_info_static] /onlane_ai_agent_6 http://y:33269/
[rosmaster.master][INFO] 2026-05-06 17:07:30,654: -SUB [/arena_info_static] /onlane_ai_agent_2 http://y:33753/
[rosmaster.master][INFO] 2026-05-06 17:07:30,655: -SUB [/arena_info_dynamic] /onlane_ai_agent_3 http://y:37811/
[rosmaster.master][INFO] 2026-05-06 17:07:30,655: -SUB [/joy] /onlane_ai_agent_7 http://y:40461/
[rosmaster.master][INFO] 2026-05-06 17:07:30,655: -SUB [/joy] /onlane_ai_agent_4 http://y:44971/
[rosmaster.master][INFO] 2026-05-06 17:07:30,656: -SUB [/arena_info_dynamic] /onlane_ai_agent_10 http://y:46351/
[rosmaster.master][INFO] 2026-05-06 17:07:30,656: -SUB [/arena_info_static] /onlane_ai_agent_5 http://y:37033/
[rosmaster.master][INFO] 2026-05-06 17:07:30,656: -SUB [/arena_info_dynamic] /onlane_ai_agent_9 http://y:38513/
[rosmaster.master][INFO] 2026-05-06 17:07:30,657: -SUB [/arena_info_dynamic] /onlane_ai_agent_6 http://y:33269/
[rosmaster.master][INFO] 2026-05-06 17:07:30,657: -SUB [/joy] /onlane_ai_agent_3 http://y:37811/
[rosmaster.master][INFO] 2026-05-06 17:07:30,657: -SERVICE [/onlane_ai_agent_7/get_loggers] /onlane_ai_agent_7 rosrpc://y:49223
[rosmaster.master][INFO] 2026-05-06 17:07:30,658: -SUB [/arena_info_dynamic] /onlane_ai_agent_2 http://y:33753/
[rosmaster.master][INFO] 2026-05-06 17:07:30,658: -SUB [/joy] /onlane_ai_agent_10 http://y:46351/
[rosmaster.master][INFO] 2026-05-06 17:07:30,658: -SERVICE [/onlane_ai_agent_4/get_loggers] /onlane_ai_agent_4 rosrpc://y:49389
[rosmaster.master][INFO] 2026-05-06 17:07:30,659: -SUB [/arena_info_dynamic] /onlane_ai_agent_5 http://y:37033/
[rosmaster.master][INFO] 2026-05-06 17:07:30,659: -SUB [/joy] /onlane_ai_agent_9 http://y:38513/
[rosmaster.master][INFO] 2026-05-06 17:07:30,660: -SUB [/joy] /onlane_ai_agent_6 http://y:33269/
[rosmaster.master][INFO] 2026-05-06 17:07:30,661: -SERVICE [/onlane_ai_agent_3/get_loggers] /onlane_ai_agent_3 rosrpc://y:40621
[rosmaster.master][INFO] 2026-05-06 17:07:30,661: -SERVICE [/onlane_ai_agent_7/set_logger_level] /onlane_ai_agent_7 rosrpc://y:49223
[rosmaster.master][INFO] 2026-05-06 17:07:30,661: -SERVICE [/onlane_ai_agent_10/get_loggers] /onlane_ai_agent_10 rosrpc://y:50551
[rosmaster.master][INFO] 2026-05-06 17:07:30,662: -SERVICE [/onlane_ai_agent_4/set_logger_level] /onlane_ai_agent_4 rosrpc://y:49389
[rosmaster.master][INFO] 2026-05-06 17:07:30,662: -SUB [/joy] /onlane_ai_agent_5 http://y:37033/
[rosmaster.master][INFO] 2026-05-06 17:07:30,662: -SERVICE [/onlane_ai_agent_9/get_loggers] /onlane_ai_agent_9 rosrpc://y:53581
[rosmaster.master][INFO] 2026-05-06 17:07:30,663: -SUB [/joy] /onlane_ai_agent_2 http://y:33753/
[rosmaster.master][INFO] 2026-05-06 17:07:30,663: -SERVICE [/onlane_ai_agent_6/get_loggers] /onlane_ai_agent_6 rosrpc://y:46329
[rosmaster.master][INFO] 2026-05-06 17:07:30,664: -SERVICE [/onlane_ai_agent_3/set_logger_level] /onlane_ai_agent_3 rosrpc://y:40621
[rosmaster.master][INFO] 2026-05-06 17:07:30,664: -SERVICE [/onlane_ai_agent_10/set_logger_level] /onlane_ai_agent_10 rosrpc://y:50551
[rosmaster.master][INFO] 2026-05-06 17:07:30,665: -SERVICE [/onlane_ai_agent_5/get_loggers] /onlane_ai_agent_5 rosrpc://y:46043
[rosmaster.master][INFO] 2026-05-06 17:07:30,665: -SERVICE [/onlane_ai_agent_9/set_logger_level] /onlane_ai_agent_9 rosrpc://y:53581
[rosmaster.master][INFO] 2026-05-06 17:07:30,665: -SERVICE [/onlane_ai_agent_2/get_loggers] /onlane_ai_agent_2 rosrpc://y:59803
[rosmaster.master][INFO] 2026-05-06 17:07:30,666: -SERVICE [/onlane_ai_agent_6/set_logger_level] /onlane_ai_agent_6 rosrpc://y:46329
[rosmaster.master][INFO] 2026-05-06 17:07:30,666: -SERVICE [/onlane_ai_agent_5/set_logger_level] /onlane_ai_agent_5 rosrpc://y:46043
[rosmaster.master][INFO] 2026-05-06 17:07:30,666: -SERVICE [/onlane_ai_agent_2/set_logger_level] /onlane_ai_agent_2 rosrpc://y:59803
[rosmaster.master][INFO] 2026-05-06 17:07:30,711: -PUB [/rosout] /onlane_ai_agent_1 http://y:34005/
[rosmaster.master][INFO] 2026-05-06 17:07:30,712: -PUB [/ctrl/agent_1] /onlane_ai_agent_1 http://y:34005/
[rosmaster.master][INFO] 2026-05-06 17:07:30,713: -PUB [/tf] /onlane_ai_agent_1 http://y:34005/
[rosmaster.master][INFO] 2026-05-06 17:07:30,714: -PUB [/vis/agent_1/ego_vehicle_vis] /onlane_ai_agent_1 http://y:34005/
[rosmaster.master][INFO] 2026-05-06 17:07:30,714: publisherUpdate[/rosout] -> http://y:32849/ ['http://y:33731/']
[rosmaster.master][INFO] 2026-05-06 17:07:30,715: -PUB [/vis/agent_1/obstacle_map] /onlane_ai_agent_1 http://y:34005/
[rosmaster.master][INFO] 2026-05-06 17:07:30,716: -PUB [/vis/agent_1/surrounding_lane_net_vis] /onlane_ai_agent_1 http://y:34005/
[rosmaster.master][INFO] 2026-05-06 17:07:30,716: publisherUpdate[/rosout] -> http://y:32849/ ['http://y:33731/']: sec=0.00, result=[1, '', 0]
[rosmaster.master][INFO] 2026-05-06 17:07:30,717: -PUB [/vis/agent_1/local_lanes_vis] /onlane_ai_agent_1 http://y:34005/
[rosmaster.master][INFO] 2026-05-06 17:07:30,717: -PUB [/vis/agent_1/ego_behavior_vis] /onlane_ai_agent_1 http://y:34005/
[rosmaster.master][INFO] 2026-05-06 17:07:30,718: -PUB [/vis/agent_1/pred_traj_openloop_vis] /onlane_ai_agent_1 http://y:34005/
[rosmaster.master][INFO] 2026-05-06 17:07:30,719: -PUB [/vis/agent_1/pred_initial_intention_vis] /onlane_ai_agent_1 http://y:34005/
[rosmaster.master][INFO] 2026-05-06 17:07:30,719: -PUB [/vis/agent_1/surrounding_vehicle_vis] /onlane_ai_agent_1 http://y:34005/
[rosmaster.master][INFO] 2026-05-06 17:07:30,720: -PUB [/vis/agent_1/speed_limit] /onlane_ai_agent_1 http://y:34005/
[rosmaster.master][INFO] 2026-05-06 17:07:30,721: -PUB [/vis/agent_1/forward_trajs] /onlane_ai_agent_1 http://y:34005/
[rosmaster.master][INFO] 2026-05-06 17:07:30,721: -SUB [/arena_info_static] /onlane_ai_agent_1 http://y:34005/
[rosmaster.master][INFO] 2026-05-06 17:07:30,722: -SUB [/arena_info_dynamic] /onlane_ai_agent_1 http://y:34005/
[rosmaster.master][INFO] 2026-05-06 17:07:30,723: -SUB [/joy] /onlane_ai_agent_1 http://y:34005/
[rosmaster.master][INFO] 2026-05-06 17:07:30,724: -SERVICE [/onlane_ai_agent_1/get_loggers] /onlane_ai_agent_1 rosrpc://y:36963
[rosmaster.master][INFO] 2026-05-06 17:07:30,724: -SERVICE [/onlane_ai_agent_1/set_logger_level] /onlane_ai_agent_1 rosrpc://y:36963
[rosmaster.master][INFO] 2026-05-06 17:07:30,813: -PUB [/rosout] /test_ssc_with_mpdm_0 http://y:33731/
[rosmaster.master][INFO] 2026-05-06 17:07:30,815: -PUB [/tf] /test_ssc_with_mpdm_0 http://y:33731/
[rosmaster.master][INFO] 2026-05-06 17:07:30,816: -PUB [/vis/agent_0/ego_vehicle_vis] /test_ssc_with_mpdm_0 http://y:33731/
[rosmaster.master][INFO] 2026-05-06 17:07:30,817: -PUB [/vis/agent_0/obstacle_map] /test_ssc_with_mpdm_0 http://y:33731/
[rosmaster.master][INFO] 2026-05-06 17:07:30,817: publisherUpdate[/rosout] -> http://y:32849/ []
[rosmaster.master][INFO] 2026-05-06 17:07:30,818: -PUB [/vis/agent_0/surrounding_lane_net_vis] /test_ssc_with_mpdm_0 http://y:33731/
[rosmaster.master][INFO] 2026-05-06 17:07:30,819: -PUB [/vis/agent_0/local_lanes_vis] /test_ssc_with_mpdm_0 http://y:33731/
[rosmaster.master][INFO] 2026-05-06 17:07:30,820: -PUB [/vis/agent_0/ego_behavior_vis] /test_ssc_with_mpdm_0 http://y:33731/
[rosmaster.master][INFO] 2026-05-06 17:07:30,821: publisherUpdate[/rosout] -> http://y:32849/ []: sec=0.00, result=[1, '', 0]
[rosmaster.master][INFO] 2026-05-06 17:07:30,821: -PUB [/vis/agent_0/pred_traj_openloop_vis] /test_ssc_with_mpdm_0 http://y:33731/
[rosmaster.master][INFO] 2026-05-06 17:07:30,822: -PUB [/vis/agent_0/pred_initial_intention_vis] /test_ssc_with_mpdm_0 http://y:33731/
[rosmaster.master][INFO] 2026-05-06 17:07:30,822: -PUB [/vis/agent_0/surrounding_vehicle_vis] /test_ssc_with_mpdm_0 http://y:33731/
[rosmaster.master][INFO] 2026-05-06 17:07:30,823: -PUB [/vis/agent_0/speed_limit] /test_ssc_with_mpdm_0 http://y:33731/
[rosmaster.master][INFO] 2026-05-06 17:07:30,823: -PUB [/vis/agent_0/ssc/map_vis] /test_ssc_with_mpdm_0 http://y:33731/
[rosmaster.master][INFO] 2026-05-06 17:07:30,824: -PUB [/vis/agent_0/ssc/qp_vis] /test_ssc_with_mpdm_0 http://y:33731/
[rosmaster.master][INFO] 2026-05-06 17:07:30,824: -PUB [/vis/agent_0/ssc/ego_fs_vis] /test_ssc_with_mpdm_0 http://y:33731/
[rosmaster.master][INFO] 2026-05-06 17:07:30,825: -PUB [/vis/agent_0/ssc/forward_trajs_vis] /test_ssc_with_mpdm_0 http://y:33731/
[rosmaster.master][INFO] 2026-05-06 17:07:30,825: -PUB [/vis/agent_0/ssc/sur_vehicle_trajs_vis] /test_ssc_with_mpdm_0 http://y:33731/
[rosmaster.master][INFO] 2026-05-06 17:07:30,825: -PUB [/vis/agent_0/ssc/corridor_vis] /test_ssc_with_mpdm_0 http://y:33731/
[rosmaster.master][INFO] 2026-05-06 17:07:30,826: -PUB [/ctrl/agent_0] /test_ssc_with_mpdm_0 http://y:33731/
[rosmaster.master][INFO] 2026-05-06 17:07:30,826: -PUB [/test_ssc_with_mpdm_0/ssc_map] /test_ssc_with_mpdm_0 http://y:33731/
[rosmaster.master][INFO] 2026-05-06 17:07:30,827: -PUB [/vis/agent_0/ssc/exec_traj] /test_ssc_with_mpdm_0 http://y:33731/
[rosmaster.master][INFO] 2026-05-06 17:07:30,827: -PUB [/vis/agent_0/forward_trajs] /test_ssc_with_mpdm_0 http://y:33731/
[rosmaster.master][INFO] 2026-05-06 17:07:30,827: -SUB [/joy] /test_ssc_with_mpdm_0 http://y:33731/
[rosmaster.master][INFO] 2026-05-06 17:07:30,828: -SUB [/arena_info_static] /test_ssc_with_mpdm_0 http://y:33731/
[rosmaster.master][INFO] 2026-05-06 17:07:30,828: -SUB [/arena_info_dynamic] /test_ssc_with_mpdm_0 http://y:33731/
[rosmaster.master][INFO] 2026-05-06 17:07:30,828: -SERVICE [/test_ssc_with_mpdm_0/get_loggers] /test_ssc_with_mpdm_0 rosrpc://y:47499
[rosmaster.master][INFO] 2026-05-06 17:07:30,829: -SERVICE [/test_ssc_with_mpdm_0/set_logger_level] /test_ssc_with_mpdm_0 rosrpc://y:47499
[rosmaster.master][INFO] 2026-05-06 17:07:31,121: -PUB [/rosout_agg] /rosout http://y:32849/
[rosmaster.master][INFO] 2026-05-06 17:07:31,121: -SUB [/rosout] /rosout http://y:32849/
[rosmaster.master][INFO] 2026-05-06 17:07:31,122: -SERVICE [/rosout/get_loggers] /rosout rosrpc://y:45913
[rosmaster.master][INFO] 2026-05-06 17:07:31,122: -SERVICE [/rosout/set_logger_level] /rosout rosrpc://y:45913
[rosmaster.main][INFO] 2026-05-06 17:07:31,140: keyboard interrupt, will exit
[rosmaster.main][INFO] 2026-05-06 17:07:31,141: stopping master...
[rospy.core][INFO] 2026-05-06 17:07:31,141: signal_shutdown [atexit]
