[rosmaster.main][INFO] 2026-05-06 17:09:59,485: initialization complete, waiting for shutdown
[rosmaster.main][INFO] 2026-05-06 17:09:59,485: Starting ROS Master Node
[xmlrpc][INFO] 2026-05-06 17:09:59,486: XML-RPC server binding to 0.0.0.0:11311
[xmlrpc][INFO] 2026-05-06 17:09:59,486: Started XML-RPC server [http://y:11311/]
[xmlrpc][INFO] 2026-05-06 17:09:59,486: xml rpc node: starting XML-RPC server
[rosmaster.master][INFO] 2026-05-06 17:09:59,486: Master initialized: port[11311], uri[http://y:11311/]
[rosmaster.master][INFO] 2026-05-06 17:09:59,500: +PARAM [/run_id] by /roslaunch
[rosmaster.master][INFO] 2026-05-06 17:09:59,500: +PARAM [/roslaunch/uris/host_y__36821] by /roslaunch
[rosmaster.master][INFO] 2026-05-06 17:09:59,521: +PARAM [/rosversion] by /roslaunch
[rosmaster.master][INFO] 2026-05-06 17:09:59,521: +PARAM [/rosdistro] by /roslaunch
[rosmaster.master][INFO] 2026-05-06 17:09:59,521: +PARAM [/test_ssc_with_eudm_0/ego_id] by /roslaunch
[rosmaster.master][INFO] 2026-05-06 17:09:59,521: +PARAM [/test_ssc_with_eudm_0/agent_config_path] by /roslaunch
[rosmaster.master][INFO] 2026-05-06 17:09:59,521: +PARAM [/test_ssc_with_eudm_0/bp_config_path] by /roslaunch
[rosmaster.master][INFO] 2026-05-06 17:09:59,521: +PARAM [/test_ssc_with_eudm_0/ssc_config_path] by /roslaunch
[rosmaster.master][INFO] 2026-05-06 17:09:59,522: +PARAM [/test_ssc_with_eudm_0/desired_vel] by /roslaunch
[rosmaster.master][INFO] 2026-05-06 17:09:59,522: +PARAM [/test_ssc_with_eudm_0/use_sim_state] by /roslaunch
[rosmaster.master][INFO] 2026-05-06 17:09:59,522: +PARAM [/onlane_ai_agent_1/ego_id] by /roslaunch
[rosmaster.master][INFO] 2026-05-06 17:09:59,522: +PARAM [/onlane_ai_agent_1/agent_config_path] by /roslaunch
[rosmaster.master][INFO] 2026-05-06 17:09:59,522: +PARAM [/onlane_ai_agent_1/desired_vel] by /roslaunch
[rosmaster.master][INFO] 2026-05-06 17:09:59,522: +PARAM [/onlane_ai_agent_1/autonomous_level] by /roslaunch
[rosmaster.master][INFO] 2026-05-06 17:09:59,522: +PARAM [/onlane_ai_agent_1/aggressiveness_level] by /roslaunch
[rosmaster.master][INFO] 2026-05-06 17:09:59,522: +PARAM [/onlane_ai_agent_2/ego_id] by /roslaunch
[rosmaster.master][INFO] 2026-05-06 17:09:59,522: +PARAM [/onlane_ai_agent_2/agent_config_path] by /roslaunch
[rosmaster.master][INFO] 2026-05-06 17:09:59,522: +PARAM [/onlane_ai_agent_2/desired_vel] by /roslaunch
[rosmaster.master][INFO] 2026-05-06 17:09:59,522: +PARAM [/onlane_ai_agent_2/autonomous_level] by /roslaunch
[rosmaster.master][INFO] 2026-05-06 17:09:59,522: +PARAM [/onlane_ai_agent_2/aggressiveness_level] by /roslaunch
[rosmaster.master][INFO] 2026-05-06 17:09:59,522: +PARAM [/onlane_ai_agent_3/ego_id] by /roslaunch
[rosmaster.master][INFO] 2026-05-06 17:09:59,522: +PARAM [/onlane_ai_agent_3/agent_config_path] by /roslaunch
[rosmaster.master][INFO] 2026-05-06 17:09:59,522: +PARAM [/onlane_ai_agent_3/desired_vel] by /roslaunch
[rosmaster.master][INFO] 2026-05-06 17:09:59,522: +PARAM [/onlane_ai_agent_3/autonomous_level] by /roslaunch
[rosmaster.master][INFO] 2026-05-06 17:09:59,522: +PARAM [/onlane_ai_agent_3/aggressiveness_level] by /roslaunch
[rosmaster.master][INFO] 2026-05-06 17:09:59,522: +PARAM [/onlane_ai_agent_4/ego_id] by /roslaunch
[rosmaster.master][INFO] 2026-05-06 17:09:59,522: +PARAM [/onlane_ai_agent_4/agent_config_path] by /roslaunch
[rosmaster.master][INFO] 2026-05-06 17:09:59,522: +PARAM [/onlane_ai_agent_4/desired_vel] by /roslaunch
[rosmaster.master][INFO] 2026-05-06 17:09:59,522: +PARAM [/onlane_ai_agent_4/autonomous_level] by /roslaunch
[rosmaster.master][INFO] 2026-05-06 17:09:59,522: +PARAM [/onlane_ai_agent_4/aggressiveness_level] by /roslaunch
[rosmaster.master][INFO] 2026-05-06 17:09:59,522: +PARAM [/onlane_ai_agent_5/ego_id] by /roslaunch
[rosmaster.master][INFO] 2026-05-06 17:09:59,522: +PARAM [/onlane_ai_agent_5/agent_config_path] by /roslaunch
[rosmaster.master][INFO] 2026-05-06 17:09:59,522: +PARAM [/onlane_ai_agent_5/desired_vel] by /roslaunch
[rosmaster.master][INFO] 2026-05-06 17:09:59,522: +PARAM [/onlane_ai_agent_5/autonomous_level] by /roslaunch
[rosmaster.master][INFO] 2026-05-06 17:09:59,522: +PARAM [/onlane_ai_agent_5/aggressiveness_level] by /roslaunch
[rosmaster.master][INFO] 2026-05-06 17:09:59,522: +PARAM [/onlane_ai_agent_6/ego_id] by /roslaunch
[rosmaster.master][INFO] 2026-05-06 17:09:59,522: +PARAM [/onlane_ai_agent_6/agent_config_path] by /roslaunch
[rosmaster.master][INFO] 2026-05-06 17:09:59,522: +PARAM [/onlane_ai_agent_6/desired_vel] by /roslaunch
[rosmaster.master][INFO] 2026-05-06 17:09:59,522: +PARAM [/onlane_ai_agent_6/autonomous_level] by /roslaunch
[rosmaster.master][INFO] 2026-05-06 17:09:59,522: +PARAM [/onlane_ai_agent_6/aggressiveness_level] by /roslaunch
[rosmaster.master][INFO] 2026-05-06 17:09:59,522: +PARAM [/onlane_ai_agent_7/ego_id] by /roslaunch
[rosmaster.master][INFO] 2026-05-06 17:09:59,522: +PARAM [/onlane_ai_agent_7/agent_config_path] by /roslaunch
[rosmaster.master][INFO] 2026-05-06 17:09:59,522: +PARAM [/onlane_ai_agent_7/desired_vel] by /roslaunch
[rosmaster.master][INFO] 2026-05-06 17:09:59,522: +PARAM [/onlane_ai_agent_7/autonomous_level] by /roslaunch
[rosmaster.master][INFO] 2026-05-06 17:09:59,522: +PARAM [/onlane_ai_agent_7/aggressiveness_level] by /roslaunch
[rosmaster.master][INFO] 2026-05-06 17:09:59,522: +PARAM [/onlane_ai_agent_8/ego_id] by /roslaunch
[rosmaster.master][INFO] 2026-05-06 17:09:59,523: +PARAM [/onlane_ai_agent_8/agent_config_path] by /roslaunch
[rosmaster.master][INFO] 2026-05-06 17:09:59,523: +PARAM [/onlane_ai_agent_8/desired_vel] by /roslaunch
[rosmaster.master][INFO] 2026-05-06 17:09:59,523: +PARAM [/onlane_ai_agent_8/autonomous_level] by /roslaunch
[rosmaster.master][INFO] 2026-05-06 17:09:59,523: +PARAM [/onlane_ai_agent_8/aggressiveness_level] by /roslaunch
[rosmaster.master][INFO] 2026-05-06 17:09:59,523: +PARAM [/onlane_ai_agent_9/ego_id] by /roslaunch
[rosmaster.master][INFO] 2026-05-06 17:09:59,523: +PARAM [/onlane_ai_agent_9/agent_config_path] by /roslaunch
[rosmaster.master][INFO] 2026-05-06 17:09:59,523: +PARAM [/onlane_ai_agent_9/desired_vel] by /roslaunch
[rosmaster.master][INFO] 2026-05-06 17:09:59,523: +PARAM [/onlane_ai_agent_9/autonomous_level] by /roslaunch
[rosmaster.master][INFO] 2026-05-06 17:09:59,523: +PARAM [/onlane_ai_agent_9/aggressiveness_level] by /roslaunch
[rosmaster.master][INFO] 2026-05-06 17:09:59,523: +PARAM [/onlane_ai_agent_10/ego_id] by /roslaunch
[rosmaster.master][INFO] 2026-05-06 17:09:59,523: +PARAM [/onlane_ai_agent_10/agent_config_path] by /roslaunch
[rosmaster.master][INFO] 2026-05-06 17:09:59,523: +SERVICE [/rosout/get_loggers] /rosout http://y:36929/
[rosmaster.master][INFO] 2026-05-06 17:09:59,523: +PARAM [/onlane_ai_agent_10/desired_vel] by /roslaunch
[rosmaster.master][INFO] 2026-05-06 17:09:59,523: +PARAM [/onlane_ai_agent_10/autonomous_level] by /roslaunch
[rosmaster.master][INFO] 2026-05-06 17:09:59,523: +PARAM [/onlane_ai_agent_10/aggressiveness_level] by /roslaunch
[rosmaster.master][INFO] 2026-05-06 17:09:59,523: +PARAM [/phy_simulator_planning_node/vehicle_info_path] by /roslaunch
[rosmaster.master][INFO] 2026-05-06 17:09:59,523: +PARAM [/phy_simulator_planning_node/map_path] by /roslaunch
[rosmaster.master][INFO] 2026-05-06 17:09:59,523: +SERVICE [/rosout/set_logger_level] /rosout http://y:36929/
[rosmaster.master][INFO] 2026-05-06 17:09:59,523: +PARAM [/phy_simulator_planning_node/lane_net_path] by /roslaunch
[rosmaster.master][INFO] 2026-05-06 17:09:59,524: +PUB [/rosout_agg] /rosout http://y:36929/
[rosmaster.master][INFO] 2026-05-06 17:09:59,525: +SUB [/rosout] /rosout http://y:36929/
[rosmaster.master][INFO] 2026-05-06 17:09:59,555: +PUB [/rosout] /test_ssc_with_eudm_0 http://y:41525/
[rosmaster.master][INFO] 2026-05-06 17:09:59,559: +SERVICE [/test_ssc_with_eudm_0/get_loggers] /test_ssc_with_eudm_0 http://y:41525/
[rosmaster.master][INFO] 2026-05-06 17:09:59,560: +SERVICE [/test_ssc_with_eudm_0/set_logger_level] /test_ssc_with_eudm_0 http://y:41525/
[rosmaster.master][INFO] 2026-05-06 17:09:59,560: +CACHEDPARAM [/rosout_disable_topics_generation] by /test_ssc_with_eudm_0
[rosmaster.master][INFO] 2026-05-06 17:09:59,563: +PUB [/tf] /test_ssc_with_eudm_0 http://y:41525/
[rosmaster.master][INFO] 2026-05-06 17:09:59,564: +PUB [/vis/agent_0/ego_vehicle_vis] /test_ssc_with_eudm_0 http://y:41525/
[rosmaster.master][INFO] 2026-05-06 17:09:59,564: +PUB [/vis/agent_0/obstacle_map] /test_ssc_with_eudm_0 http://y:41525/
[rosmaster.master][INFO] 2026-05-06 17:09:59,565: +PUB [/rosout] /onlane_ai_agent_2 http://y:42773/
[rosmaster.master][INFO] 2026-05-06 17:09:59,567: +PUB [/rosout] /onlane_ai_agent_3 http://y:35763/
[rosmaster.master][INFO] 2026-05-06 17:09:59,568: +PUB [/vis/agent_0/surrounding_lane_net_vis] /test_ssc_with_eudm_0 http://y:41525/
[rosmaster.master][INFO] 2026-05-06 17:09:59,569: +PUB [/rosout] /onlane_ai_agent_4 http://y:34799/
[rosmaster.master][INFO] 2026-05-06 17:09:59,569: +SERVICE [/onlane_ai_agent_2/get_loggers] /onlane_ai_agent_2 http://y:42773/
[rosmaster.master][INFO] 2026-05-06 17:09:59,569: +PUB [/rosout] /onlane_ai_agent_5 http://y:33803/
[rosmaster.master][INFO] 2026-05-06 17:09:59,570: +SERVICE [/onlane_ai_agent_3/get_loggers] /onlane_ai_agent_3 http://y:35763/
[rosmaster.master][INFO] 2026-05-06 17:09:59,570: +PUB [/vis/agent_0/local_lanes_vis] /test_ssc_with_eudm_0 http://y:41525/
[rosmaster.master][INFO] 2026-05-06 17:09:59,571: +SERVICE [/onlane_ai_agent_4/get_loggers] /onlane_ai_agent_4 http://y:34799/
[rosmaster.master][INFO] 2026-05-06 17:09:59,571: +SERVICE [/onlane_ai_agent_4/set_logger_level] /onlane_ai_agent_4 http://y:34799/
[rosmaster.master][INFO] 2026-05-06 17:09:59,571: +PUB [/vis/agent_0/ego_behavior_vis] /test_ssc_with_eudm_0 http://y:41525/
[rosmaster.master][INFO] 2026-05-06 17:09:59,572: +PUB [/vis/agent_0/pred_traj_openloop_vis] /test_ssc_with_eudm_0 http://y:41525/
[rosmaster.master][INFO] 2026-05-06 17:09:59,572: +PUB [/vis/agent_0/pred_initial_intention_vis] /test_ssc_with_eudm_0 http://y:41525/
[rosmaster.master][INFO] 2026-05-06 17:09:59,573: +PUB [/vis/agent_0/surrounding_vehicle_vis] /test_ssc_with_eudm_0 http://y:41525/
[rosmaster.master][INFO] 2026-05-06 17:09:59,573: +PUB [/ctrl/agent_4] /onlane_ai_agent_4 http://y:34799/
[rosmaster.master][INFO] 2026-05-06 17:09:59,573: +PUB [/vis/agent_0/speed_limit] /test_ssc_with_eudm_0 http://y:41525/
[rosmaster.master][INFO] 2026-05-06 17:09:59,573: +PUB [/vis/agent_0/ssc/map_vis] /test_ssc_with_eudm_0 http://y:41525/
[rosmaster.master][INFO] 2026-05-06 17:09:59,574: +SERVICE [/onlane_ai_agent_5/get_loggers] /onlane_ai_agent_5 http://y:33803/
[rosmaster.master][INFO] 2026-05-06 17:09:59,574: +PUB [/vis/agent_0/ssc/qp_vis] /test_ssc_with_eudm_0 http://y:41525/
[rosmaster.master][INFO] 2026-05-06 17:09:59,575: +PUB [/rosout] /onlane_ai_agent_1 http://y:41073/
[rosmaster.master][INFO] 2026-05-06 17:09:59,575: +PUB [/vis/agent_0/ssc/ego_fs_vis] /test_ssc_with_eudm_0 http://y:41525/
[rosmaster.master][INFO] 2026-05-06 17:09:59,586: +SERVICE [/onlane_ai_agent_3/set_logger_level] /onlane_ai_agent_3 http://y:35763/
[rosmaster.master][INFO] 2026-05-06 17:09:59,587: publisherUpdate[/rosout] -> http://y:36929/ ['http://y:41525/']
[rosmaster.master][INFO] 2026-05-06 17:09:59,588: +SERVICE [/onlane_ai_agent_1/get_loggers] /onlane_ai_agent_1 http://y:41073/
[rosmaster.master][INFO] 2026-05-06 17:09:59,588: +SERVICE [/onlane_ai_agent_5/set_logger_level] /onlane_ai_agent_5 http://y:33803/
[rosmaster.master][INFO] 2026-05-06 17:09:59,592: +PUB [/rosout] /onlane_ai_agent_7 http://y:44811/
[rosmaster.master][INFO] 2026-05-06 17:09:59,593: +PUB [/vis/agent_0/ssc/forward_trajs_vis] /test_ssc_with_eudm_0 http://y:41525/
[rosmaster.master][INFO] 2026-05-06 17:09:59,594: +SERVICE [/onlane_ai_agent_2/set_logger_level] /onlane_ai_agent_2 http://y:42773/
[rosmaster.master][INFO] 2026-05-06 17:09:59,594: publisherUpdate[/rosout] -> http://y:36929/ ['http://y:41525/']: sec=0.01, result=[1, '', 0]
[rosmaster.master][INFO] 2026-05-06 17:09:59,596: publisherUpdate[/rosout] -> http://y:36929/ ['http://y:41525/', 'http://y:42773/']
[rosmaster.master][INFO] 2026-05-06 17:09:59,595: +SERVICE [/onlane_ai_agent_1/set_logger_level] /onlane_ai_agent_1 http://y:41073/
[rosmaster.master][INFO] 2026-05-06 17:09:59,597: publisherUpdate[/rosout] -> http://y:36929/ ['http://y:41525/', 'http://y:42773/']: sec=0.00, result=[1, '', 0]
[rosmaster.master][INFO] 2026-05-06 17:09:59,597: +PUB [/rosout] /onlane_ai_agent_8 http://y:44529/
[rosmaster.master][INFO] 2026-05-06 17:09:59,597: publisherUpdate[/rosout] -> http://y:36929/ ['http://y:41525/', 'http://y:42773/', 'http://y:35763/']
[rosmaster.master][INFO] 2026-05-06 17:09:59,597: +SERVICE [/onlane_ai_agent_7/get_loggers] /onlane_ai_agent_7 http://y:44811/
[rosmaster.master][INFO] 2026-05-06 17:09:59,598: publisherUpdate[/rosout] -> http://y:36929/ ['http://y:41525/', 'http://y:42773/', 'http://y:35763/']: sec=0.00, result=[1, '', 0]
[rosmaster.master][INFO] 2026-05-06 17:09:59,599: publisherUpdate[/rosout] -> http://y:36929/ ['http://y:41525/', 'http://y:42773/', 'http://y:35763/', 'http://y:34799/']
[rosmaster.master][INFO] 2026-05-06 17:09:59,599: +PUB [/ctrl/agent_5] /onlane_ai_agent_5 http://y:33803/
[rosmaster.master][INFO] 2026-05-06 17:09:59,599: +PUB [/ctrl/agent_3] /onlane_ai_agent_3 http://y:35763/
[rosmaster.master][INFO] 2026-05-06 17:09:59,599: +PUB [/rosout] /onlane_ai_agent_6 http://y:38631/
[rosmaster.master][INFO] 2026-05-06 17:09:59,602: +PUB [/ctrl/agent_2] /onlane_ai_agent_2 http://y:42773/
[rosmaster.master][INFO] 2026-05-06 17:09:59,602: publisherUpdate[/rosout] -> http://y:36929/ ['http://y:41525/', 'http://y:42773/', 'http://y:35763/', 'http://y:34799/']: sec=0.00, result=[1, '', 0]
[rosmaster.master][INFO] 2026-05-06 17:09:59,609: publisherUpdate[/rosout] -> http://y:36929/ ['http://y:41525/', 'http://y:42773/', 'http://y:35763/', 'http://y:34799/', 'http://y:33803/']
[rosmaster.master][INFO] 2026-05-06 17:09:59,609: publisherUpdate[/rosout] -> http://y:36929/ ['http://y:41525/', 'http://y:42773/', 'http://y:35763/', 'http://y:34799/', 'http://y:33803/']: sec=0.00, result=[1, '', 0]
[rosmaster.master][INFO] 2026-05-06 17:09:59,609: publisherUpdate[/rosout] -> http://y:36929/ ['http://y:41525/', 'http://y:42773/', 'http://y:35763/', 'http://y:34799/', 'http://y:33803/', 'http://y:41073/']
[rosmaster.master][INFO] 2026-05-06 17:09:59,610: publisherUpdate[/rosout] -> http://y:36929/ ['http://y:41525/', 'http://y:42773/', 'http://y:35763/', 'http://y:34799/', 'http://y:33803/', 'http://y:41073/']: sec=0.00, result=[1, '', 0]
[rosmaster.master][INFO] 2026-05-06 17:09:59,610: publisherUpdate[/rosout] -> http://y:36929/ ['http://y:41525/', 'http://y:42773/', 'http://y:35763/', 'http://y:34799/', 'http://y:33803/', 'http://y:41073/', 'http://y:44811/']
[rosmaster.master][INFO] 2026-05-06 17:09:59,610: publisherUpdate[/rosout] -> http://y:36929/ ['http://y:41525/', 'http://y:42773/', 'http://y:35763/', 'http://y:34799/', 'http://y:33803/', 'http://y:41073/', 'http://y:44811/']: sec=0.00, result=[1, '', 0]
[rosmaster.master][INFO] 2026-05-06 17:09:59,610: publisherUpdate[/rosout] -> http://y:36929/ ['http://y:41525/', 'http://y:42773/', 'http://y:35763/', 'http://y:34799/', 'http://y:33803/', 'http://y:41073/', 'http://y:44811/', 'http://y:44529/']
[rosmaster.master][INFO] 2026-05-06 17:09:59,610: publisherUpdate[/rosout] -> http://y:36929/ ['http://y:41525/', 'http://y:42773/', 'http://y:35763/', 'http://y:34799/', 'http://y:33803/', 'http://y:41073/', 'http://y:44811/', 'http://y:44529/']: sec=0.00, result=[1, '', 0]
[rosmaster.master][INFO] 2026-05-06 17:09:59,610: publisherUpdate[/rosout] -> http://y:36929/ ['http://y:41525/', 'http://y:42773/', 'http://y:35763/', 'http://y:34799/', 'http://y:33803/', 'http://y:41073/', 'http://y:44811/', 'http://y:44529/', 'http://y:38631/']
[rosmaster.master][INFO] 2026-05-06 17:09:59,611: publisherUpdate[/rosout] -> http://y:36929/ ['http://y:41525/', 'http://y:42773/', 'http://y:35763/', 'http://y:34799/', 'http://y:33803/', 'http://y:41073/', 'http://y:44811/', 'http://y:44529/', 'http://y:38631/']: sec=0.00, result=[1, '', 0]
[rosmaster.master][INFO] 2026-05-06 17:09:59,614: +PUB [/vis/agent_0/ssc/sur_vehicle_trajs_vis] /test_ssc_with_eudm_0 http://y:41525/
[rosmaster.master][INFO] 2026-05-06 17:09:59,616: +SERVICE [/onlane_ai_agent_7/set_logger_level] /onlane_ai_agent_7 http://y:44811/
[rosmaster.master][INFO] 2026-05-06 17:09:59,616: +SERVICE [/onlane_ai_agent_8/get_loggers] /onlane_ai_agent_8 http://y:44529/
[rosmaster.master][INFO] 2026-05-06 17:09:59,616: +SERVICE [/onlane_ai_agent_6/get_loggers] /onlane_ai_agent_6 http://y:38631/
[rosmaster.master][INFO] 2026-05-06 17:09:59,616: +PUB [/ctrl/agent_1] /onlane_ai_agent_1 http://y:41073/
[rosmaster.master][INFO] 2026-05-06 17:09:59,618: +SERVICE [/onlane_ai_agent_6/set_logger_level] /onlane_ai_agent_6 http://y:38631/
[rosmaster.master][INFO] 2026-05-06 17:09:59,618: +PUB [/ctrl/agent_7] /onlane_ai_agent_7 http://y:44811/
[rosmaster.master][INFO] 2026-05-06 17:09:59,619: +PUB [/vis/agent_0/ssc/corridor_vis] /test_ssc_with_eudm_0 http://y:41525/
[rosmaster.master][INFO] 2026-05-06 17:09:59,620: +PUB [/rosout] /onlane_ai_agent_10 http://y:41575/
[rosmaster.master][INFO] 2026-05-06 17:09:59,620: +SERVICE [/onlane_ai_agent_8/set_logger_level] /onlane_ai_agent_8 http://y:44529/
[rosmaster.master][INFO] 2026-05-06 17:09:59,626: +SERVICE [/onlane_ai_agent_10/get_loggers] /onlane_ai_agent_10 http://y:41575/
[rosmaster.master][INFO] 2026-05-06 17:09:59,626: +PUB [/rosout] /phy_simulator_planning_node http://y:41391/
[rosmaster.master][INFO] 2026-05-06 17:09:59,627: +SERVICE [/phy_simulator_planning_node/get_loggers] /phy_simulator_planning_node http://y:41391/
[rosmaster.master][INFO] 2026-05-06 17:09:59,628: +SERVICE [/onlane_ai_agent_10/set_logger_level] /onlane_ai_agent_10 http://y:41575/
[rosmaster.master][INFO] 2026-05-06 17:09:59,628: +SERVICE [/phy_simulator_planning_node/set_logger_level] /phy_simulator_planning_node http://y:41391/
[rosmaster.master][INFO] 2026-05-06 17:09:59,632: +PUB [/ctrl/agent_6] /onlane_ai_agent_6 http://y:38631/
[rosmaster.master][INFO] 2026-05-06 17:09:59,634: +PUB [/ctrl/agent_10] /onlane_ai_agent_10 http://y:41575/
[rosmaster.master][INFO] 2026-05-06 17:09:59,638: +PUB [/rosout] /onlane_ai_agent_9 http://y:42939/
[rosmaster.master][INFO] 2026-05-06 17:09:59,642: +SUB [/joy] /test_ssc_with_eudm_0 http://y:41525/
[rosmaster.master][INFO] 2026-05-06 17:09:59,644: +PUB [/vis/agent_0/forward_trajs] /test_ssc_with_eudm_0 http://y:41525/
[rosmaster.master][INFO] 2026-05-06 17:09:59,646: +PUB [/ctrl/agent_0] /test_ssc_with_eudm_0 http://y:41525/
[rosmaster.master][INFO] 2026-05-06 17:09:59,646: +PUB [/test_ssc_with_eudm_0/ssc_map] /test_ssc_with_eudm_0 http://y:41525/
[rosmaster.master][INFO] 2026-05-06 17:09:59,646: +PUB [/vis/agent_0/ssc/exec_traj] /test_ssc_with_eudm_0 http://y:41525/
[rosmaster.master][INFO] 2026-05-06 17:09:59,649: +SUB [/arena_info_static] /test_ssc_with_eudm_0 http://y:41525/
[rosmaster.master][INFO] 2026-05-06 17:09:59,650: +SUB [/arena_info_dynamic] /test_ssc_with_eudm_0 http://y:41525/
[rosmaster.master][INFO] 2026-05-06 17:09:59,666: +SERVICE [/onlane_ai_agent_9/get_loggers] /onlane_ai_agent_9 http://y:42939/
[rosmaster.master][INFO] 2026-05-06 17:09:59,666: +SERVICE [/onlane_ai_agent_9/set_logger_level] /onlane_ai_agent_9 http://y:42939/
[rosmaster.master][INFO] 2026-05-06 17:09:59,667: +PUB [/ctrl/agent_8] /onlane_ai_agent_8 http://y:44529/
[rosmaster.master][INFO] 2026-05-06 17:09:59,682: +PUB [/ctrl/agent_9] /onlane_ai_agent_9 http://y:42939/
[rosmaster.master][INFO] 2026-05-06 17:09:59,688: publisherUpdate[/rosout] -> http://y:36929/ ['http://y:41525/', 'http://y:42773/', 'http://y:35763/', 'http://y:34799/', 'http://y:33803/', 'http://y:41073/', 'http://y:44811/', 'http://y:44529/', 'http://y:38631/', 'http://y:41575/']
[rosmaster.master][INFO] 2026-05-06 17:09:59,689: publisherUpdate[/rosout] -> http://y:36929/ ['http://y:41525/', 'http://y:42773/', 'http://y:35763/', 'http://y:34799/', 'http://y:33803/', 'http://y:41073/', 'http://y:44811/', 'http://y:44529/', 'http://y:38631/', 'http://y:41575/']: sec=0.00, result=[1, '', 0]
[rosmaster.master][INFO] 2026-05-06 17:09:59,689: publisherUpdate[/rosout] -> http://y:36929/ ['http://y:41525/', 'http://y:42773/', 'http://y:35763/', 'http://y:34799/', 'http://y:33803/', 'http://y:41073/', 'http://y:44811/', 'http://y:44529/', 'http://y:38631/', 'http://y:41575/', 'http://y:41391/']
[rosmaster.master][INFO] 2026-05-06 17:09:59,690: publisherUpdate[/rosout] -> http://y:36929/ ['http://y:41525/', 'http://y:42773/', 'http://y:35763/', 'http://y:34799/', 'http://y:33803/', 'http://y:41073/', 'http://y:44811/', 'http://y:44529/', 'http://y:38631/', 'http://y:41575/', 'http://y:41391/']: sec=0.00, result=[1, '', 0]
[rosmaster.master][INFO] 2026-05-06 17:09:59,690: publisherUpdate[/rosout] -> http://y:36929/ ['http://y:41525/', 'http://y:42773/', 'http://y:35763/', 'http://y:34799/', 'http://y:33803/', 'http://y:41073/', 'http://y:44811/', 'http://y:44529/', 'http://y:38631/', 'http://y:41575/', 'http://y:41391/', 'http://y:42939/']
[rosmaster.master][INFO] 2026-05-06 17:09:59,692: publisherUpdate[/rosout] -> http://y:36929/ ['http://y:41525/', 'http://y:42773/', 'http://y:35763/', 'http://y:34799/', 'http://y:33803/', 'http://y:41073/', 'http://y:44811/', 'http://y:44529/', 'http://y:38631/', 'http://y:41575/', 'http://y:41391/', 'http://y:42939/']: sec=0.00, result=[1, '', 0]
[rosmaster.master][INFO] 2026-05-06 17:09:59,708: +PUB [/arena_info_static] /phy_simulator_planning_node http://y:41391/
[rosmaster.master][INFO] 2026-05-06 17:09:59,714: publisherUpdate[/arena_info_static] -> http://y:41525/ ['http://y:41391/']
[rosmaster.master][INFO] 2026-05-06 17:09:59,716: publisherUpdate[/arena_info_static] -> http://y:41525/ ['http://y:41391/']: sec=0.00, result=[1, '', 0]
[rosmaster.master][INFO] 2026-05-06 17:09:59,718: +PUB [/arena_info_dynamic] /phy_simulator_planning_node http://y:41391/
[rosmaster.master][INFO] 2026-05-06 17:09:59,718: +PUB [/phy_simulator_planning_node/vis/vehicle_set_vis] /phy_simulator_planning_node http://y:41391/
[rosmaster.master][INFO] 2026-05-06 17:09:59,722: +PUB [/phy_simulator_planning_node/vis/lane_net_vis] /phy_simulator_planning_node http://y:41391/
[rosmaster.master][INFO] 2026-05-06 17:09:59,722: +PUB [/phy_simulator_planning_node/vis/obstacle_set_vis] /phy_simulator_planning_node http://y:41391/
[rosmaster.master][INFO] 2026-05-06 17:09:59,723: +SUB [/ctrl/agent_10] /phy_simulator_planning_node http://y:41391/
[rosmaster.master][INFO] 2026-05-06 17:09:59,724: +SUB [/ctrl/agent_9] /phy_simulator_planning_node http://y:41391/
[rosmaster.master][INFO] 2026-05-06 17:09:59,725: +SUB [/ctrl/agent_8] /phy_simulator_planning_node http://y:41391/
[rosmaster.master][INFO] 2026-05-06 17:09:59,735: +SUB [/ctrl/agent_7] /phy_simulator_planning_node http://y:41391/
[rosmaster.master][INFO] 2026-05-06 17:09:59,736: +SUB [/ctrl/agent_6] /phy_simulator_planning_node http://y:41391/
[rosmaster.master][INFO] 2026-05-06 17:09:59,737: +SUB [/ctrl/agent_5] /phy_simulator_planning_node http://y:41391/
[rosmaster.master][INFO] 2026-05-06 17:09:59,738: +SUB [/ctrl/agent_4] /phy_simulator_planning_node http://y:41391/
[rosmaster.master][INFO] 2026-05-06 17:09:59,739: +SUB [/ctrl/agent_3] /phy_simulator_planning_node http://y:41391/
[rosmaster.master][INFO] 2026-05-06 17:09:59,739: +SUB [/ctrl/agent_2] /phy_simulator_planning_node http://y:41391/
[rosmaster.master][INFO] 2026-05-06 17:09:59,740: +SUB [/ctrl/agent_1] /phy_simulator_planning_node http://y:41391/
[rosmaster.master][INFO] 2026-05-06 17:09:59,741: +SUB [/ctrl/agent_0] /phy_simulator_planning_node http://y:41391/
[rosmaster.master][INFO] 2026-05-06 17:09:59,742: +SUB [/initialpose] /phy_simulator_planning_node http://y:41391/
[rosmaster.master][INFO] 2026-05-06 17:09:59,742: +SUB [/move_base_simple/goal] /phy_simulator_planning_node http://y:41391/
[rosmaster.master][INFO] 2026-05-06 17:09:59,788: publisherUpdate[/arena_info_dynamic] -> http://y:41525/ ['http://y:41391/']
[rosmaster.master][INFO] 2026-05-06 17:09:59,789: publisherUpdate[/arena_info_dynamic] -> http://y:41525/ ['http://y:41391/']: sec=0.00, result=[1, '', 0]
[rosmaster.master][INFO] 2026-05-06 17:10:00,063: +CACHEDPARAM [/rosout/omit_topics] by /rosout
[rosmaster.master][INFO] 2026-05-06 17:10:07,282: +PUB [/rosout] /epsilon_metric_collector_2096193_1778058607167 http://y:44867/
[rosmaster.master][INFO] 2026-05-06 17:10:07,283: +SERVICE [/epsilon_metric_collector_2096193_1778058607167/get_loggers] /epsilon_metric_collector_2096193_1778058607167 http://y:44867/
[rosmaster.master][INFO] 2026-05-06 17:10:07,284: +SERVICE [/epsilon_metric_collector_2096193_1778058607167/set_logger_level] /epsilon_metric_collector_2096193_1778058607167 http://y:44867/
[rosmaster.master][INFO] 2026-05-06 17:10:07,285: +SUB [/arena_info_dynamic] /epsilon_metric_collector_2096193_1778058607167 http://y:44867/
[rosmaster.master][INFO] 2026-05-06 17:10:07,304: publisherUpdate[/rosout] -> http://y:36929/ ['http://y:41525/', 'http://y:42773/', 'http://y:35763/', 'http://y:34799/', 'http://y:33803/', 'http://y:41073/', 'http://y:44811/', 'http://y:44529/', 'http://y:38631/', 'http://y:41575/', 'http://y:41391/', 'http://y:42939/', 'http://y:44867/']
[rosmaster.master][INFO] 2026-05-06 17:10:07,305: publisherUpdate[/rosout] -> http://y:36929/ ['http://y:41525/', 'http://y:42773/', 'http://y:35763/', 'http://y:34799/', 'http://y:33803/', 'http://y:41073/', 'http://y:44811/', 'http://y:44529/', 'http://y:38631/', 'http://y:41575/', 'http://y:41391/', 'http://y:42939/', 'http://y:44867/']: sec=0.00, result=[1, '', 0]
[rosmaster.master][INFO] 2026-05-06 17:12:06,983: -SUB [/arena_info_dynamic] /epsilon_metric_collector_2096193_1778058607167 http://y:44867/
[rosmaster.master][INFO] 2026-05-06 17:12:06,983: -PUB [/rosout] /epsilon_metric_collector_2096193_1778058607167 http://y:44867/
[rosmaster.master][INFO] 2026-05-06 17:12:06,983: -SERVICE [/epsilon_metric_collector_2096193_1778058607167/get_loggers] /epsilon_metric_collector_2096193_1778058607167 rosrpc://y:45083
[rosmaster.master][INFO] 2026-05-06 17:12:06,983: -SERVICE [/epsilon_metric_collector_2096193_1778058607167/set_logger_level] /epsilon_metric_collector_2096193_1778058607167 rosrpc://y:45083
[rosmaster.master][INFO] 2026-05-06 17:12:07,018: publisherUpdate[/rosout] -> http://y:36929/ ['http://y:41525/', 'http://y:42773/', 'http://y:35763/', 'http://y:34799/', 'http://y:33803/', 'http://y:41073/', 'http://y:44811/', 'http://y:44529/', 'http://y:38631/', 'http://y:41575/', 'http://y:41391/', 'http://y:42939/']
[rosmaster.master][INFO] 2026-05-06 17:12:07,019: publisherUpdate[/rosout] -> http://y:36929/ ['http://y:41525/', 'http://y:42773/', 'http://y:35763/', 'http://y:34799/', 'http://y:33803/', 'http://y:41073/', 'http://y:44811/', 'http://y:44529/', 'http://y:38631/', 'http://y:41575/', 'http://y:41391/', 'http://y:42939/']: sec=0.00, result=[1, '', 0]
[rosmaster.master][INFO] 2026-05-06 17:12:07,967: +PUB [/rosout] /rostopic_2161385_1778058727855 http://y:39653/
[rosmaster.master][INFO] 2026-05-06 17:12:07,968: +SERVICE [/rostopic_2161385_1778058727855/get_loggers] /rostopic_2161385_1778058727855 http://y:39653/
[rosmaster.master][INFO] 2026-05-06 17:12:07,969: +SERVICE [/rostopic_2161385_1778058727855/set_logger_level] /rostopic_2161385_1778058727855 http://y:39653/
[rosmaster.master][INFO] 2026-05-06 17:12:07,975: +SUB [/arena_info_dynamic] /rostopic_2161385_1778058727855 http://y:39653/
[rosmaster.master][INFO] 2026-05-06 17:12:08,021: publisherUpdate[/rosout] -> http://y:36929/ ['http://y:41525/', 'http://y:42773/', 'http://y:35763/', 'http://y:34799/', 'http://y:33803/', 'http://y:41073/', 'http://y:44811/', 'http://y:44529/', 'http://y:38631/', 'http://y:41575/', 'http://y:41391/', 'http://y:42939/', 'http://y:39653/']
[rosmaster.master][INFO] 2026-05-06 17:12:08,021: publisherUpdate[/rosout] -> http://y:36929/ ['http://y:41525/', 'http://y:42773/', 'http://y:35763/', 'http://y:34799/', 'http://y:33803/', 'http://y:41073/', 'http://y:44811/', 'http://y:44529/', 'http://y:38631/', 'http://y:41575/', 'http://y:41391/', 'http://y:42939/', 'http://y:39653/']: sec=0.00, result=[1, '', 0]
[rosmaster.master][INFO] 2026-05-06 17:12:22,616: -SUB [/arena_info_dynamic] /rostopic_2161385_1778058727855 http://y:39653/
[rosmaster.master][INFO] 2026-05-06 17:12:22,616: -PUB [/rosout] /rostopic_2161385_1778058727855 http://y:39653/
[rosmaster.master][INFO] 2026-05-06 17:12:22,616: -SERVICE [/rostopic_2161385_1778058727855/get_loggers] /rostopic_2161385_1778058727855 rosrpc://y:38559
[rosmaster.master][INFO] 2026-05-06 17:12:22,616: -SERVICE [/rostopic_2161385_1778058727855/set_logger_level] /rostopic_2161385_1778058727855 rosrpc://y:38559
[rosmaster.master][INFO] 2026-05-06 17:12:22,647: publisherUpdate[/rosout] -> http://y:36929/ ['http://y:41525/', 'http://y:42773/', 'http://y:35763/', 'http://y:34799/', 'http://y:33803/', 'http://y:41073/', 'http://y:44811/', 'http://y:44529/', 'http://y:38631/', 'http://y:41575/', 'http://y:41391/', 'http://y:42939/']
[rosmaster.master][INFO] 2026-05-06 17:12:22,648: publisherUpdate[/rosout] -> http://y:36929/ ['http://y:41525/', 'http://y:42773/', 'http://y:35763/', 'http://y:34799/', 'http://y:33803/', 'http://y:41073/', 'http://y:44811/', 'http://y:44529/', 'http://y:38631/', 'http://y:41575/', 'http://y:41391/', 'http://y:42939/']: sec=0.00, result=[1, '', 0]
[rosmaster.master][INFO] 2026-05-06 17:12:23,304: -PUB [/rosout] /phy_simulator_planning_node http://y:41391/
[rosmaster.master][INFO] 2026-05-06 17:12:23,305: -PUB [/arena_info_static] /phy_simulator_planning_node http://y:41391/
[rosmaster.master][INFO] 2026-05-06 17:12:23,305: -PUB [/arena_info_dynamic] /phy_simulator_planning_node http://y:41391/
[rosmaster.master][INFO] 2026-05-06 17:12:23,306: -PUB [/phy_simulator_planning_node/vis/vehicle_set_vis] /phy_simulator_planning_node http://y:41391/
[rosmaster.master][INFO] 2026-05-06 17:12:23,306: -PUB [/phy_simulator_planning_node/vis/lane_net_vis] /phy_simulator_planning_node http://y:41391/
[rosmaster.master][INFO] 2026-05-06 17:12:23,306: -PUB [/phy_simulator_planning_node/vis/obstacle_set_vis] /phy_simulator_planning_node http://y:41391/
[rosmaster.master][INFO] 2026-05-06 17:12:23,307: -SUB [/ctrl/agent_10] /phy_simulator_planning_node http://y:41391/
[rosmaster.master][INFO] 2026-05-06 17:12:23,307: -SUB [/ctrl/agent_9] /phy_simulator_planning_node http://y:41391/
[rosmaster.master][INFO] 2026-05-06 17:12:23,307: -SUB [/ctrl/agent_8] /phy_simulator_planning_node http://y:41391/
[rosmaster.master][INFO] 2026-05-06 17:12:23,308: -SUB [/ctrl/agent_7] /phy_simulator_planning_node http://y:41391/
[rosmaster.master][INFO] 2026-05-06 17:12:23,308: -SUB [/ctrl/agent_6] /phy_simulator_planning_node http://y:41391/
[rosmaster.master][INFO] 2026-05-06 17:12:23,309: -SUB [/ctrl/agent_5] /phy_simulator_planning_node http://y:41391/
[rosmaster.master][INFO] 2026-05-06 17:12:23,309: -SUB [/ctrl/agent_4] /phy_simulator_planning_node http://y:41391/
[rosmaster.master][INFO] 2026-05-06 17:12:23,309: -SUB [/ctrl/agent_3] /phy_simulator_planning_node http://y:41391/
[rosmaster.master][INFO] 2026-05-06 17:12:23,310: -SUB [/ctrl/agent_2] /phy_simulator_planning_node http://y:41391/
[rosmaster.master][INFO] 2026-05-06 17:12:23,310: -SUB [/ctrl/agent_1] /phy_simulator_planning_node http://y:41391/
[rosmaster.master][INFO] 2026-05-06 17:12:23,310: -SUB [/ctrl/agent_0] /phy_simulator_planning_node http://y:41391/
[rosmaster.master][INFO] 2026-05-06 17:12:23,310: -SUB [/initialpose] /phy_simulator_planning_node http://y:41391/
[rosmaster.master][INFO] 2026-05-06 17:12:23,311: -SUB [/move_base_simple/goal] /phy_simulator_planning_node http://y:41391/
[rosmaster.master][INFO] 2026-05-06 17:12:23,311: -SERVICE [/phy_simulator_planning_node/get_loggers] /phy_simulator_planning_node rosrpc://y:45177
[rosmaster.master][INFO] 2026-05-06 17:12:23,311: -SERVICE [/phy_simulator_planning_node/set_logger_level] /phy_simulator_planning_node rosrpc://y:45177
[rosmaster.master][INFO] 2026-05-06 17:12:23,348: publisherUpdate[/rosout] -> http://y:36929/ ['http://y:41525/', 'http://y:42773/', 'http://y:35763/', 'http://y:34799/', 'http://y:33803/', 'http://y:41073/', 'http://y:44811/', 'http://y:44529/', 'http://y:38631/', 'http://y:41575/', 'http://y:42939/']
[rosmaster.master][INFO] 2026-05-06 17:12:23,349: publisherUpdate[/arena_info_static] -> http://y:41525/ []
[rosmaster.master][INFO] 2026-05-06 17:12:23,349: publisherUpdate[/rosout] -> http://y:36929/ ['http://y:41525/', 'http://y:42773/', 'http://y:35763/', 'http://y:34799/', 'http://y:33803/', 'http://y:41073/', 'http://y:44811/', 'http://y:44529/', 'http://y:38631/', 'http://y:41575/', 'http://y:42939/']: sec=0.00, result=[1, '', 0]
[rosmaster.master][INFO] 2026-05-06 17:12:23,350: publisherUpdate[/arena_info_static] -> http://y:41525/ []: sec=0.00, result=[0, 'Unknown Error', 0]
[rosmaster.master][INFO] 2026-05-06 17:12:23,350: publisherUpdate[/arena_info_dynamic] -> http://y:41525/ []
[rosmaster.master][INFO] 2026-05-06 17:12:23,351: publisherUpdate[/arena_info_dynamic] -> http://y:41525/ []: sec=0.00, result=[0, 'Unknown Error', 0]
[rosmaster.master][INFO] 2026-05-06 17:12:23,452: -PUB [/rosout] /test_ssc_with_eudm_0 http://y:41525/
[rosmaster.master][INFO] 2026-05-06 17:12:23,453: -PUB [/tf] /test_ssc_with_eudm_0 http://y:41525/
[rosmaster.master][INFO] 2026-05-06 17:12:23,454: -PUB [/vis/agent_0/ego_vehicle_vis] /test_ssc_with_eudm_0 http://y:41525/
[rosmaster.master][INFO] 2026-05-06 17:12:23,455: -PUB [/vis/agent_0/obstacle_map] /test_ssc_with_eudm_0 http://y:41525/
[rosmaster.master][INFO] 2026-05-06 17:12:23,456: -PUB [/vis/agent_0/surrounding_lane_net_vis] /test_ssc_with_eudm_0 http://y:41525/
[rosmaster.master][INFO] 2026-05-06 17:12:23,457: -PUB [/vis/agent_0/local_lanes_vis] /test_ssc_with_eudm_0 http://y:41525/
[rosmaster.master][INFO] 2026-05-06 17:12:23,458: -PUB [/vis/agent_0/ego_behavior_vis] /test_ssc_with_eudm_0 http://y:41525/
[rosmaster.master][INFO] 2026-05-06 17:12:23,458: -PUB [/vis/agent_0/pred_traj_openloop_vis] /test_ssc_with_eudm_0 http://y:41525/
[rosmaster.master][INFO] 2026-05-06 17:12:23,459: -PUB [/vis/agent_0/pred_initial_intention_vis] /test_ssc_with_eudm_0 http://y:41525/
[rosmaster.master][INFO] 2026-05-06 17:12:23,460: -PUB [/vis/agent_0/surrounding_vehicle_vis] /test_ssc_with_eudm_0 http://y:41525/
[rosmaster.master][INFO] 2026-05-06 17:12:23,460: -PUB [/vis/agent_0/speed_limit] /test_ssc_with_eudm_0 http://y:41525/
[rosmaster.master][INFO] 2026-05-06 17:12:23,461: -PUB [/vis/agent_0/ssc/map_vis] /test_ssc_with_eudm_0 http://y:41525/
[rosmaster.master][INFO] 2026-05-06 17:12:23,462: -PUB [/vis/agent_0/ssc/qp_vis] /test_ssc_with_eudm_0 http://y:41525/
[rosmaster.master][INFO] 2026-05-06 17:12:23,463: -PUB [/vis/agent_0/ssc/ego_fs_vis] /test_ssc_with_eudm_0 http://y:41525/
[rosmaster.master][INFO] 2026-05-06 17:12:23,463: -PUB [/vis/agent_0/ssc/forward_trajs_vis] /test_ssc_with_eudm_0 http://y:41525/
[rosmaster.master][INFO] 2026-05-06 17:12:23,464: -PUB [/vis/agent_0/ssc/sur_vehicle_trajs_vis] /test_ssc_with_eudm_0 http://y:41525/
[rosmaster.master][INFO] 2026-05-06 17:12:23,465: -PUB [/vis/agent_0/ssc/corridor_vis] /test_ssc_with_eudm_0 http://y:41525/
[rosmaster.master][INFO] 2026-05-06 17:12:23,465: -PUB [/vis/agent_0/forward_trajs] /test_ssc_with_eudm_0 http://y:41525/
[rosmaster.master][INFO] 2026-05-06 17:12:23,466: -PUB [/ctrl/agent_0] /test_ssc_with_eudm_0 http://y:41525/
[rosmaster.master][INFO] 2026-05-06 17:12:23,466: -PUB [/test_ssc_with_eudm_0/ssc_map] /test_ssc_with_eudm_0 http://y:41525/
[rosmaster.master][INFO] 2026-05-06 17:12:23,467: -PUB [/vis/agent_0/ssc/exec_traj] /test_ssc_with_eudm_0 http://y:41525/
[rosmaster.master][INFO] 2026-05-06 17:12:23,467: -SUB [/joy] /test_ssc_with_eudm_0 http://y:41525/
[rosmaster.master][INFO] 2026-05-06 17:12:23,468: -SUB [/arena_info_static] /test_ssc_with_eudm_0 http://y:41525/
[rosmaster.master][INFO] 2026-05-06 17:12:23,468: -SUB [/arena_info_dynamic] /test_ssc_with_eudm_0 http://y:41525/
[rosmaster.master][INFO] 2026-05-06 17:12:23,469: -SERVICE [/test_ssc_with_eudm_0/get_loggers] /test_ssc_with_eudm_0 rosrpc://y:40131
[rosmaster.master][INFO] 2026-05-06 17:12:23,470: -SERVICE [/test_ssc_with_eudm_0/set_logger_level] /test_ssc_with_eudm_0 rosrpc://y:40131
[rosmaster.master][INFO] 2026-05-06 17:12:23,470: -CACHEDPARAM [/rosout_disable_topics_generation] by /test_ssc_with_eudm_0
[rosmaster.master][INFO] 2026-05-06 17:12:23,494: publisherUpdate[/rosout] -> http://y:36929/ ['http://y:42773/', 'http://y:35763/', 'http://y:34799/', 'http://y:33803/', 'http://y:41073/', 'http://y:44811/', 'http://y:44529/', 'http://y:38631/', 'http://y:41575/', 'http://y:42939/']
[rosmaster.master][INFO] 2026-05-06 17:12:23,496: publisherUpdate[/rosout] -> http://y:36929/ ['http://y:42773/', 'http://y:35763/', 'http://y:34799/', 'http://y:33803/', 'http://y:41073/', 'http://y:44811/', 'http://y:44529/', 'http://y:38631/', 'http://y:41575/', 'http://y:42939/']: sec=0.00, result=[1, '', 0]
[rosmaster.master][INFO] 2026-05-06 17:12:23,696: -PUB [/rosout_agg] /rosout http://y:36929/
[rosmaster.master][INFO] 2026-05-06 17:12:23,697: -SUB [/rosout] /rosout http://y:36929/
[rosmaster.master][INFO] 2026-05-06 17:12:23,697: -SERVICE [/rosout/get_loggers] /rosout rosrpc://y:54519
[rosmaster.master][INFO] 2026-05-06 17:12:23,698: -SERVICE [/rosout/set_logger_level] /rosout rosrpc://y:54519
[rosmaster.master][INFO] 2026-05-06 17:12:23,698: -CACHEDPARAM [/rosout/omit_topics] by /rosout
[rosmaster.main][INFO] 2026-05-06 17:12:23,744: keyboard interrupt, will exit
[rosmaster.main][INFO] 2026-05-06 17:12:23,745: stopping master...
[rospy.core][INFO] 2026-05-06 17:12:23,745: signal_shutdown [atexit]
