[rosmaster.main][INFO] 2026-05-06 17:54:32,829: initialization complete, waiting for shutdown
[rosmaster.main][INFO] 2026-05-06 17:54:32,829: Starting ROS Master Node
[xmlrpc][INFO] 2026-05-06 17:54:32,831: XML-RPC server binding to 0.0.0.0:11311
[xmlrpc][INFO] 2026-05-06 17:54:32,831: Started XML-RPC server [http://y:11311/]
[xmlrpc][INFO] 2026-05-06 17:54:32,831: xml rpc node: starting XML-RPC server
[rosmaster.master][INFO] 2026-05-06 17:54:32,831: Master initialized: port[11311], uri[http://y:11311/]
[rosmaster.master][INFO] 2026-05-06 17:54:32,843: +PARAM [/run_id] by /roslaunch
[rosmaster.master][INFO] 2026-05-06 17:54:32,844: +PARAM [/roslaunch/uris/host_y__36531] by /roslaunch
[rosmaster.master][INFO] 2026-05-06 17:54:32,866: +PARAM [/rosversion] by /roslaunch
[rosmaster.master][INFO] 2026-05-06 17:54:32,866: +PARAM [/rosdistro] by /roslaunch
[rosmaster.master][INFO] 2026-05-06 17:54:32,866: +PARAM [/test_ssc_with_eudm_0/ego_id] by /roslaunch
[rosmaster.master][INFO] 2026-05-06 17:54:32,866: +PARAM [/test_ssc_with_eudm_0/agent_config_path] by /roslaunch
[rosmaster.master][INFO] 2026-05-06 17:54:32,866: +PARAM [/test_ssc_with_eudm_0/bp_config_path] by /roslaunch
[rosmaster.master][INFO] 2026-05-06 17:54:32,866: +PARAM [/test_ssc_with_eudm_0/ssc_config_path] by /roslaunch
[rosmaster.master][INFO] 2026-05-06 17:54:32,866: +PARAM [/test_ssc_with_eudm_0/desired_vel] by /roslaunch
[rosmaster.master][INFO] 2026-05-06 17:54:32,866: +PARAM [/test_ssc_with_eudm_0/use_sim_state] by /roslaunch
[rosmaster.master][INFO] 2026-05-06 17:54:32,866: +PARAM [/onlane_ai_agent_1/ego_id] by /roslaunch
[rosmaster.master][INFO] 2026-05-06 17:54:32,866: +PARAM [/onlane_ai_agent_1/agent_config_path] by /roslaunch
[rosmaster.master][INFO] 2026-05-06 17:54:32,866: +PARAM [/onlane_ai_agent_1/desired_vel] by /roslaunch
[rosmaster.master][INFO] 2026-05-06 17:54:32,866: +PARAM [/onlane_ai_agent_1/autonomous_level] by /roslaunch
[rosmaster.master][INFO] 2026-05-06 17:54:32,866: +PARAM [/onlane_ai_agent_1/aggressiveness_level] by /roslaunch
[rosmaster.master][INFO] 2026-05-06 17:54:32,866: +PARAM [/onlane_ai_agent_2/ego_id] by /roslaunch
[rosmaster.master][INFO] 2026-05-06 17:54:32,866: +PARAM [/onlane_ai_agent_2/agent_config_path] by /roslaunch
[rosmaster.master][INFO] 2026-05-06 17:54:32,866: +PARAM [/onlane_ai_agent_2/desired_vel] by /roslaunch
[rosmaster.master][INFO] 2026-05-06 17:54:32,866: +PARAM [/onlane_ai_agent_2/autonomous_level] by /roslaunch
[rosmaster.master][INFO] 2026-05-06 17:54:32,866: +PARAM [/onlane_ai_agent_2/aggressiveness_level] by /roslaunch
[rosmaster.master][INFO] 2026-05-06 17:54:32,866: +PARAM [/onlane_ai_agent_3/ego_id] by /roslaunch
[rosmaster.master][INFO] 2026-05-06 17:54:32,866: +PARAM [/onlane_ai_agent_3/agent_config_path] by /roslaunch
[rosmaster.master][INFO] 2026-05-06 17:54:32,866: +PARAM [/onlane_ai_agent_3/desired_vel] by /roslaunch
[rosmaster.master][INFO] 2026-05-06 17:54:32,866: +PARAM [/onlane_ai_agent_3/autonomous_level] by /roslaunch
[rosmaster.master][INFO] 2026-05-06 17:54:32,866: +PARAM [/onlane_ai_agent_3/aggressiveness_level] by /roslaunch
[rosmaster.master][INFO] 2026-05-06 17:54:32,866: +PARAM [/onlane_ai_agent_4/ego_id] by /roslaunch
[rosmaster.master][INFO] 2026-05-06 17:54:32,866: +PARAM [/onlane_ai_agent_4/agent_config_path] by /roslaunch
[rosmaster.master][INFO] 2026-05-06 17:54:32,867: +PARAM [/onlane_ai_agent_4/desired_vel] by /roslaunch
[rosmaster.master][INFO] 2026-05-06 17:54:32,867: +PARAM [/onlane_ai_agent_4/autonomous_level] by /roslaunch
[rosmaster.master][INFO] 2026-05-06 17:54:32,867: +PARAM [/onlane_ai_agent_4/aggressiveness_level] by /roslaunch
[rosmaster.master][INFO] 2026-05-06 17:54:32,867: +PARAM [/onlane_ai_agent_5/ego_id] by /roslaunch
[rosmaster.master][INFO] 2026-05-06 17:54:32,867: +PARAM [/onlane_ai_agent_5/agent_config_path] by /roslaunch
[rosmaster.master][INFO] 2026-05-06 17:54:32,867: +PARAM [/onlane_ai_agent_5/desired_vel] by /roslaunch
[rosmaster.master][INFO] 2026-05-06 17:54:32,867: +PARAM [/onlane_ai_agent_5/autonomous_level] by /roslaunch
[rosmaster.master][INFO] 2026-05-06 17:54:32,867: +PARAM [/onlane_ai_agent_5/aggressiveness_level] by /roslaunch
[rosmaster.master][INFO] 2026-05-06 17:54:32,867: +PARAM [/onlane_ai_agent_6/ego_id] by /roslaunch
[rosmaster.master][INFO] 2026-05-06 17:54:32,867: +PARAM [/onlane_ai_agent_6/agent_config_path] by /roslaunch
[rosmaster.master][INFO] 2026-05-06 17:54:32,867: +PARAM [/onlane_ai_agent_6/desired_vel] by /roslaunch
[rosmaster.master][INFO] 2026-05-06 17:54:32,867: +PARAM [/onlane_ai_agent_6/autonomous_level] by /roslaunch
[rosmaster.master][INFO] 2026-05-06 17:54:32,867: +PARAM [/onlane_ai_agent_6/aggressiveness_level] by /roslaunch
[rosmaster.master][INFO] 2026-05-06 17:54:32,867: +PARAM [/onlane_ai_agent_7/ego_id] by /roslaunch
[rosmaster.master][INFO] 2026-05-06 17:54:32,867: +PARAM [/onlane_ai_agent_7/agent_config_path] by /roslaunch
[rosmaster.master][INFO] 2026-05-06 17:54:32,867: +PARAM [/onlane_ai_agent_7/desired_vel] by /roslaunch
[rosmaster.master][INFO] 2026-05-06 17:54:32,868: +SERVICE [/rosout/get_loggers] /rosout http://y:40975/
[rosmaster.master][INFO] 2026-05-06 17:54:32,868: +PARAM [/onlane_ai_agent_7/autonomous_level] by /roslaunch
[rosmaster.master][INFO] 2026-05-06 17:54:32,868: +PARAM [/onlane_ai_agent_7/aggressiveness_level] by /roslaunch
[rosmaster.master][INFO] 2026-05-06 17:54:32,868: +SERVICE [/rosout/set_logger_level] /rosout http://y:40975/
[rosmaster.master][INFO] 2026-05-06 17:54:32,868: +PARAM [/onlane_ai_agent_8/ego_id] by /roslaunch
[rosmaster.master][INFO] 2026-05-06 17:54:32,868: +PARAM [/onlane_ai_agent_8/agent_config_path] by /roslaunch
[rosmaster.master][INFO] 2026-05-06 17:54:32,868: +PARAM [/onlane_ai_agent_8/desired_vel] by /roslaunch
[rosmaster.master][INFO] 2026-05-06 17:54:32,869: +PARAM [/onlane_ai_agent_8/autonomous_level] by /roslaunch
[rosmaster.master][INFO] 2026-05-06 17:54:32,869: +PARAM [/onlane_ai_agent_8/aggressiveness_level] by /roslaunch
[rosmaster.master][INFO] 2026-05-06 17:54:32,869: +PARAM [/onlane_ai_agent_9/ego_id] by /roslaunch
[rosmaster.master][INFO] 2026-05-06 17:54:32,869: +PUB [/rosout_agg] /rosout http://y:40975/
[rosmaster.master][INFO] 2026-05-06 17:54:32,869: +PARAM [/onlane_ai_agent_9/agent_config_path] by /roslaunch
[rosmaster.master][INFO] 2026-05-06 17:54:32,869: +PARAM [/onlane_ai_agent_9/desired_vel] by /roslaunch
[rosmaster.master][INFO] 2026-05-06 17:54:32,869: +PARAM [/onlane_ai_agent_9/autonomous_level] by /roslaunch
[rosmaster.master][INFO] 2026-05-06 17:54:32,869: +PARAM [/onlane_ai_agent_9/aggressiveness_level] by /roslaunch
[rosmaster.master][INFO] 2026-05-06 17:54:32,870: +PARAM [/onlane_ai_agent_10/ego_id] by /roslaunch
[rosmaster.master][INFO] 2026-05-06 17:54:32,870: +PARAM [/onlane_ai_agent_10/agent_config_path] by /roslaunch
[rosmaster.master][INFO] 2026-05-06 17:54:32,870: +PARAM [/onlane_ai_agent_10/desired_vel] by /roslaunch
[rosmaster.master][INFO] 2026-05-06 17:54:32,870: +PARAM [/onlane_ai_agent_10/autonomous_level] by /roslaunch
[rosmaster.master][INFO] 2026-05-06 17:54:32,870: +PARAM [/onlane_ai_agent_10/aggressiveness_level] by /roslaunch
[rosmaster.master][INFO] 2026-05-06 17:54:32,870: +SUB [/rosout] /rosout http://y:40975/
[rosmaster.master][INFO] 2026-05-06 17:54:32,870: +PARAM [/phy_simulator_planning_node/vehicle_info_path] by /roslaunch
[rosmaster.master][INFO] 2026-05-06 17:54:32,871: +PARAM [/phy_simulator_planning_node/map_path] by /roslaunch
[rosmaster.master][INFO] 2026-05-06 17:54:32,871: +PARAM [/phy_simulator_planning_node/lane_net_path] by /roslaunch
[rosmaster.master][INFO] 2026-05-06 17:54:32,898: +PUB [/rosout] /test_ssc_with_eudm_0 http://y:34067/
[rosmaster.master][INFO] 2026-05-06 17:54:32,900: +PUB [/rosout] /onlane_ai_agent_1 http://y:33889/
[rosmaster.master][INFO] 2026-05-06 17:54:32,900: +SERVICE [/test_ssc_with_eudm_0/get_loggers] /test_ssc_with_eudm_0 http://y:34067/
[rosmaster.master][INFO] 2026-05-06 17:54:32,900: +SERVICE [/test_ssc_with_eudm_0/set_logger_level] /test_ssc_with_eudm_0 http://y:34067/
[rosmaster.master][INFO] 2026-05-06 17:54:32,903: +PUB [/rosout] /onlane_ai_agent_3 http://y:35017/
[rosmaster.master][INFO] 2026-05-06 17:54:32,903: +SERVICE [/onlane_ai_agent_3/get_loggers] /onlane_ai_agent_3 http://y:35017/
[rosmaster.master][INFO] 2026-05-06 17:54:32,904: +SERVICE [/onlane_ai_agent_3/set_logger_level] /onlane_ai_agent_3 http://y:35017/
[rosmaster.master][INFO] 2026-05-06 17:54:32,905: +PUB [/ctrl/agent_3] /onlane_ai_agent_3 http://y:35017/
[rosmaster.master][INFO] 2026-05-06 17:54:32,910: +PUB [/rosout] /onlane_ai_agent_2 http://y:45641/
[rosmaster.master][INFO] 2026-05-06 17:54:32,910: +PUB [/rosout] /onlane_ai_agent_4 http://y:45061/
[rosmaster.master][INFO] 2026-05-06 17:54:32,911: +SERVICE [/onlane_ai_agent_4/get_loggers] /onlane_ai_agent_4 http://y:45061/
[rosmaster.master][INFO] 2026-05-06 17:54:32,911: +SERVICE [/onlane_ai_agent_4/set_logger_level] /onlane_ai_agent_4 http://y:45061/
[rosmaster.master][INFO] 2026-05-06 17:54:32,913: +PUB [/ctrl/agent_4] /onlane_ai_agent_4 http://y:45061/
[rosmaster.master][INFO] 2026-05-06 17:54:32,915: +SERVICE [/onlane_ai_agent_1/get_loggers] /onlane_ai_agent_1 http://y:33889/
[rosmaster.master][INFO] 2026-05-06 17:54:32,916: +PUB [/rosout] /onlane_ai_agent_6 http://y:44285/
[rosmaster.master][INFO] 2026-05-06 17:54:32,920: +SERVICE [/onlane_ai_agent_6/get_loggers] /onlane_ai_agent_6 http://y:44285/
[rosmaster.master][INFO] 2026-05-06 17:54:32,924: +PUB [/rosout] /onlane_ai_agent_5 http://y:32857/
[rosmaster.master][INFO] 2026-05-06 17:54:32,925: +CACHEDPARAM [/rosout_disable_topics_generation] by /test_ssc_with_eudm_0
[rosmaster.master][INFO] 2026-05-06 17:54:32,929: publisherUpdate[/rosout] -> http://y:40975/ ['http://y:34067/']
[rosmaster.master][INFO] 2026-05-06 17:54:32,931: +SERVICE [/onlane_ai_agent_6/set_logger_level] /onlane_ai_agent_6 http://y:44285/
[rosmaster.master][INFO] 2026-05-06 17:54:32,935: +PUB [/rosout] /onlane_ai_agent_7 http://y:32787/
[rosmaster.master][INFO] 2026-05-06 17:54:32,935: +SERVICE [/onlane_ai_agent_7/get_loggers] /onlane_ai_agent_7 http://y:32787/
[rosmaster.master][INFO] 2026-05-06 17:54:32,935: +SERVICE [/onlane_ai_agent_7/set_logger_level] /onlane_ai_agent_7 http://y:32787/
[rosmaster.master][INFO] 2026-05-06 17:54:32,936: +PUB [/ctrl/agent_7] /onlane_ai_agent_7 http://y:32787/
[rosmaster.master][INFO] 2026-05-06 17:54:32,937: +SERVICE [/onlane_ai_agent_2/get_loggers] /onlane_ai_agent_2 http://y:45641/
[rosmaster.master][INFO] 2026-05-06 17:54:32,938: +SERVICE [/onlane_ai_agent_2/set_logger_level] /onlane_ai_agent_2 http://y:45641/
[rosmaster.master][INFO] 2026-05-06 17:54:32,939: +PUB [/rosout] /onlane_ai_agent_8 http://y:43881/
[rosmaster.master][INFO] 2026-05-06 17:54:32,942: +PUB [/rosout] /onlane_ai_agent_10 http://y:41651/
[rosmaster.master][INFO] 2026-05-06 17:54:32,946: +PUB [/ctrl/agent_2] /onlane_ai_agent_2 http://y:45641/
[rosmaster.master][INFO] 2026-05-06 17:54:32,947: +SERVICE [/onlane_ai_agent_5/get_loggers] /onlane_ai_agent_5 http://y:32857/
[rosmaster.master][INFO] 2026-05-06 17:54:32,947: publisherUpdate[/rosout] -> http://y:40975/ ['http://y:34067/']: sec=0.02, result=[1, '', 0]
[rosmaster.master][INFO] 2026-05-06 17:54:32,947: publisherUpdate[/rosout] -> http://y:40975/ ['http://y:34067/', 'http://y:33889/']
[rosmaster.master][INFO] 2026-05-06 17:54:32,948: +SERVICE [/onlane_ai_agent_10/get_loggers] /onlane_ai_agent_10 http://y:41651/
[rosmaster.master][INFO] 2026-05-06 17:54:32,948: publisherUpdate[/rosout] -> http://y:40975/ ['http://y:34067/', 'http://y:33889/']: sec=0.00, result=[1, '', 0]
[rosmaster.master][INFO] 2026-05-06 17:54:32,948: publisherUpdate[/rosout] -> http://y:40975/ ['http://y:34067/', 'http://y:33889/', 'http://y:35017/']
[rosmaster.master][INFO] 2026-05-06 17:54:32,949: +SERVICE [/onlane_ai_agent_1/set_logger_level] /onlane_ai_agent_1 http://y:33889/
[rosmaster.master][INFO] 2026-05-06 17:54:32,949: publisherUpdate[/rosout] -> http://y:40975/ ['http://y:34067/', 'http://y:33889/', 'http://y:35017/']: sec=0.00, result=[1, '', 0]
[rosmaster.master][INFO] 2026-05-06 17:54:32,949: publisherUpdate[/rosout] -> http://y:40975/ ['http://y:34067/', 'http://y:33889/', 'http://y:35017/', 'http://y:45641/']
[rosmaster.master][INFO] 2026-05-06 17:54:32,950: publisherUpdate[/rosout] -> http://y:40975/ ['http://y:34067/', 'http://y:33889/', 'http://y:35017/', 'http://y:45641/']: sec=0.00, result=[1, '', 0]
[rosmaster.master][INFO] 2026-05-06 17:54:32,950: publisherUpdate[/rosout] -> http://y:40975/ ['http://y:34067/', 'http://y:33889/', 'http://y:35017/', 'http://y:45641/', 'http://y:45061/']
[rosmaster.master][INFO] 2026-05-06 17:54:32,950: +SERVICE [/onlane_ai_agent_10/set_logger_level] /onlane_ai_agent_10 http://y:41651/
[rosmaster.master][INFO] 2026-05-06 17:54:32,951: publisherUpdate[/rosout] -> http://y:40975/ ['http://y:34067/', 'http://y:33889/', 'http://y:35017/', 'http://y:45641/', 'http://y:45061/']: sec=0.00, result=[1, '', 0]
[rosmaster.master][INFO] 2026-05-06 17:54:32,951: publisherUpdate[/rosout] -> http://y:40975/ ['http://y:34067/', 'http://y:33889/', 'http://y:35017/', 'http://y:45641/', 'http://y:45061/', 'http://y:44285/']
[rosmaster.master][INFO] 2026-05-06 17:54:32,951: publisherUpdate[/rosout] -> http://y:40975/ ['http://y:34067/', 'http://y:33889/', 'http://y:35017/', 'http://y:45641/', 'http://y:45061/', 'http://y:44285/']: sec=0.00, result=[1, '', 0]
[rosmaster.master][INFO] 2026-05-06 17:54:32,951: publisherUpdate[/rosout] -> http://y:40975/ ['http://y:34067/', 'http://y:33889/', 'http://y:35017/', 'http://y:45641/', 'http://y:45061/', 'http://y:44285/', 'http://y:32857/']
[rosmaster.master][INFO] 2026-05-06 17:54:32,951: publisherUpdate[/rosout] -> http://y:40975/ ['http://y:34067/', 'http://y:33889/', 'http://y:35017/', 'http://y:45641/', 'http://y:45061/', 'http://y:44285/', 'http://y:32857/']: sec=0.00, result=[1, '', 0]
[rosmaster.master][INFO] 2026-05-06 17:54:32,951: publisherUpdate[/rosout] -> http://y:40975/ ['http://y:34067/', 'http://y:33889/', 'http://y:35017/', 'http://y:45641/', 'http://y:45061/', 'http://y:44285/', 'http://y:32857/', 'http://y:32787/']
[rosmaster.master][INFO] 2026-05-06 17:54:32,952: publisherUpdate[/rosout] -> http://y:40975/ ['http://y:34067/', 'http://y:33889/', 'http://y:35017/', 'http://y:45641/', 'http://y:45061/', 'http://y:44285/', 'http://y:32857/', 'http://y:32787/']: sec=0.00, result=[1, '', 0]
[rosmaster.master][INFO] 2026-05-06 17:54:32,952: publisherUpdate[/rosout] -> http://y:40975/ ['http://y:34067/', 'http://y:33889/', 'http://y:35017/', 'http://y:45641/', 'http://y:45061/', 'http://y:44285/', 'http://y:32857/', 'http://y:32787/', 'http://y:43881/']
[rosmaster.master][INFO] 2026-05-06 17:54:32,954: +PUB [/rosout] /phy_simulator_planning_node http://y:42947/
[rosmaster.master][INFO] 2026-05-06 17:54:32,954: publisherUpdate[/rosout] -> http://y:40975/ ['http://y:34067/', 'http://y:33889/', 'http://y:35017/', 'http://y:45641/', 'http://y:45061/', 'http://y:44285/', 'http://y:32857/', 'http://y:32787/', 'http://y:43881/']: sec=0.00, result=[1, '', 0]
[rosmaster.master][INFO] 2026-05-06 17:54:32,955: publisherUpdate[/rosout] -> http://y:40975/ ['http://y:34067/', 'http://y:33889/', 'http://y:35017/', 'http://y:45641/', 'http://y:45061/', 'http://y:44285/', 'http://y:32857/', 'http://y:32787/', 'http://y:43881/', 'http://y:41651/']
[rosmaster.master][INFO] 2026-05-06 17:54:32,956: publisherUpdate[/rosout] -> http://y:40975/ ['http://y:34067/', 'http://y:33889/', 'http://y:35017/', 'http://y:45641/', 'http://y:45061/', 'http://y:44285/', 'http://y:32857/', 'http://y:32787/', 'http://y:43881/', 'http://y:41651/']: sec=0.00, result=[1, '', 0]
[rosmaster.master][INFO] 2026-05-06 17:54:32,956: publisherUpdate[/rosout] -> http://y:40975/ ['http://y:34067/', 'http://y:33889/', 'http://y:35017/', 'http://y:45641/', 'http://y:45061/', 'http://y:44285/', 'http://y:32857/', 'http://y:32787/', 'http://y:43881/', 'http://y:41651/', 'http://y:42947/']
[rosmaster.master][INFO] 2026-05-06 17:54:32,956: +PUB [/rosout] /onlane_ai_agent_9 http://y:32879/
[rosmaster.master][INFO] 2026-05-06 17:54:32,957: publisherUpdate[/rosout] -> http://y:40975/ ['http://y:34067/', 'http://y:33889/', 'http://y:35017/', 'http://y:45641/', 'http://y:45061/', 'http://y:44285/', 'http://y:32857/', 'http://y:32787/', 'http://y:43881/', 'http://y:41651/', 'http://y:42947/']: sec=0.00, result=[1, '', 0]
[rosmaster.master][INFO] 2026-05-06 17:54:32,957: publisherUpdate[/rosout] -> http://y:40975/ ['http://y:34067/', 'http://y:33889/', 'http://y:35017/', 'http://y:45641/', 'http://y:45061/', 'http://y:44285/', 'http://y:32857/', 'http://y:32787/', 'http://y:43881/', 'http://y:41651/', 'http://y:42947/', 'http://y:32879/']
[rosmaster.master][INFO] 2026-05-06 17:54:32,962: publisherUpdate[/rosout] -> http://y:40975/ ['http://y:34067/', 'http://y:33889/', 'http://y:35017/', 'http://y:45641/', 'http://y:45061/', 'http://y:44285/', 'http://y:32857/', 'http://y:32787/', 'http://y:43881/', 'http://y:41651/', 'http://y:42947/', 'http://y:32879/']: sec=0.00, result=[1, '', 0]
[rosmaster.master][INFO] 2026-05-06 17:54:32,964: +PUB [/ctrl/agent_1] /onlane_ai_agent_1 http://y:33889/
[rosmaster.master][INFO] 2026-05-06 17:54:32,964: +SERVICE [/onlane_ai_agent_5/set_logger_level] /onlane_ai_agent_5 http://y:32857/
[rosmaster.master][INFO] 2026-05-06 17:54:32,969: +PUB [/ctrl/agent_6] /onlane_ai_agent_6 http://y:44285/
[rosmaster.master][INFO] 2026-05-06 17:54:32,970: +SERVICE [/onlane_ai_agent_9/get_loggers] /onlane_ai_agent_9 http://y:32879/
[rosmaster.master][INFO] 2026-05-06 17:54:32,972: +SERVICE [/onlane_ai_agent_8/get_loggers] /onlane_ai_agent_8 http://y:43881/
[rosmaster.master][INFO] 2026-05-06 17:54:32,972: +SERVICE [/onlane_ai_agent_8/set_logger_level] /onlane_ai_agent_8 http://y:43881/
[rosmaster.master][INFO] 2026-05-06 17:54:32,981: +PUB [/ctrl/agent_10] /onlane_ai_agent_10 http://y:41651/
[rosmaster.master][INFO] 2026-05-06 17:54:32,981: +SERVICE [/phy_simulator_planning_node/get_loggers] /phy_simulator_planning_node http://y:42947/
[rosmaster.master][INFO] 2026-05-06 17:54:32,982: +SERVICE [/phy_simulator_planning_node/set_logger_level] /phy_simulator_planning_node http://y:42947/
[rosmaster.master][INFO] 2026-05-06 17:54:33,002: +SERVICE [/onlane_ai_agent_9/set_logger_level] /onlane_ai_agent_9 http://y:32879/
[rosmaster.master][INFO] 2026-05-06 17:54:33,021: +PUB [/ctrl/agent_5] /onlane_ai_agent_5 http://y:32857/
[rosmaster.master][INFO] 2026-05-06 17:54:33,022: +PUB [/tf] /test_ssc_with_eudm_0 http://y:34067/
[rosmaster.master][INFO] 2026-05-06 17:54:33,023: +PUB [/vis/agent_0/ego_vehicle_vis] /test_ssc_with_eudm_0 http://y:34067/
[rosmaster.master][INFO] 2026-05-06 17:54:33,023: +PUB [/vis/agent_0/obstacle_map] /test_ssc_with_eudm_0 http://y:34067/
[rosmaster.master][INFO] 2026-05-06 17:54:33,023: +PUB [/vis/agent_0/surrounding_lane_net_vis] /test_ssc_with_eudm_0 http://y:34067/
[rosmaster.master][INFO] 2026-05-06 17:54:33,024: +PUB [/vis/agent_0/local_lanes_vis] /test_ssc_with_eudm_0 http://y:34067/
[rosmaster.master][INFO] 2026-05-06 17:54:33,024: +PUB [/ctrl/agent_9] /onlane_ai_agent_9 http://y:32879/
[rosmaster.master][INFO] 2026-05-06 17:54:33,025: +PUB [/vis/agent_0/ego_behavior_vis] /test_ssc_with_eudm_0 http://y:34067/
[rosmaster.master][INFO] 2026-05-06 17:54:33,026: +PUB [/ctrl/agent_8] /onlane_ai_agent_8 http://y:43881/
[rosmaster.master][INFO] 2026-05-06 17:54:33,026: +PUB [/vis/agent_0/pred_traj_openloop_vis] /test_ssc_with_eudm_0 http://y:34067/
[rosmaster.master][INFO] 2026-05-06 17:54:33,030: +PUB [/vis/agent_0/pred_initial_intention_vis] /test_ssc_with_eudm_0 http://y:34067/
[rosmaster.master][INFO] 2026-05-06 17:54:33,030: +PUB [/vis/agent_0/surrounding_vehicle_vis] /test_ssc_with_eudm_0 http://y:34067/
[rosmaster.master][INFO] 2026-05-06 17:54:33,030: +PUB [/vis/agent_0/speed_limit] /test_ssc_with_eudm_0 http://y:34067/
[rosmaster.master][INFO] 2026-05-06 17:54:33,032: +PUB [/vis/agent_0/ssc/map_vis] /test_ssc_with_eudm_0 http://y:34067/
[rosmaster.master][INFO] 2026-05-06 17:54:33,032: +PUB [/vis/agent_0/ssc/qp_vis] /test_ssc_with_eudm_0 http://y:34067/
[rosmaster.master][INFO] 2026-05-06 17:54:33,033: +PUB [/vis/agent_0/ssc/ego_fs_vis] /test_ssc_with_eudm_0 http://y:34067/
[rosmaster.master][INFO] 2026-05-06 17:54:33,033: +PUB [/vis/agent_0/ssc/forward_trajs_vis] /test_ssc_with_eudm_0 http://y:34067/
[rosmaster.master][INFO] 2026-05-06 17:54:33,033: +PUB [/vis/agent_0/ssc/sur_vehicle_trajs_vis] /test_ssc_with_eudm_0 http://y:34067/
[rosmaster.master][INFO] 2026-05-06 17:54:33,033: +PUB [/vis/agent_0/ssc/corridor_vis] /test_ssc_with_eudm_0 http://y:34067/
[rosmaster.master][INFO] 2026-05-06 17:54:33,036: +SUB [/joy] /test_ssc_with_eudm_0 http://y:34067/
[rosmaster.master][INFO] 2026-05-06 17:54:33,036: +PUB [/vis/agent_0/forward_trajs] /test_ssc_with_eudm_0 http://y:34067/
[rosmaster.master][INFO] 2026-05-06 17:54:33,038: +PUB [/ctrl/agent_0] /test_ssc_with_eudm_0 http://y:34067/
[rosmaster.master][INFO] 2026-05-06 17:54:33,042: +PUB [/test_ssc_with_eudm_0/ssc_map] /test_ssc_with_eudm_0 http://y:34067/
[rosmaster.master][INFO] 2026-05-06 17:54:33,042: +PUB [/vis/agent_0/ssc/exec_traj] /test_ssc_with_eudm_0 http://y:34067/
[rosmaster.master][INFO] 2026-05-06 17:54:33,043: +SUB [/arena_info_static] /test_ssc_with_eudm_0 http://y:34067/
[rosmaster.master][INFO] 2026-05-06 17:54:33,044: +SUB [/arena_info_dynamic] /test_ssc_with_eudm_0 http://y:34067/
[rosmaster.master][INFO] 2026-05-06 17:54:33,053: +PUB [/arena_info_static] /phy_simulator_planning_node http://y:42947/
[rosmaster.master][INFO] 2026-05-06 17:54:33,058: +PUB [/arena_info_dynamic] /phy_simulator_planning_node http://y:42947/
[rosmaster.master][INFO] 2026-05-06 17:54:33,058: +PUB [/phy_simulator_planning_node/vis/vehicle_set_vis] /phy_simulator_planning_node http://y:42947/
[rosmaster.master][INFO] 2026-05-06 17:54:33,059: +PUB [/phy_simulator_planning_node/vis/lane_net_vis] /phy_simulator_planning_node http://y:42947/
[rosmaster.master][INFO] 2026-05-06 17:54:33,059: +PUB [/phy_simulator_planning_node/vis/obstacle_set_vis] /phy_simulator_planning_node http://y:42947/
[rosmaster.master][INFO] 2026-05-06 17:54:33,061: +SUB [/ctrl/agent_10] /phy_simulator_planning_node http://y:42947/
[rosmaster.master][INFO] 2026-05-06 17:54:33,062: +SUB [/ctrl/agent_9] /phy_simulator_planning_node http://y:42947/
[rosmaster.master][INFO] 2026-05-06 17:54:33,063: +SUB [/ctrl/agent_8] /phy_simulator_planning_node http://y:42947/
[rosmaster.master][INFO] 2026-05-06 17:54:33,064: publisherUpdate[/arena_info_static] -> http://y:34067/ ['http://y:42947/']
[rosmaster.master][INFO] 2026-05-06 17:54:33,065: +SUB [/ctrl/agent_7] /phy_simulator_planning_node http://y:42947/
[rosmaster.master][INFO] 2026-05-06 17:54:33,066: +SUB [/ctrl/agent_6] /phy_simulator_planning_node http://y:42947/
[rosmaster.master][INFO] 2026-05-06 17:54:33,068: +SUB [/ctrl/agent_5] /phy_simulator_planning_node http://y:42947/
[rosmaster.master][INFO] 2026-05-06 17:54:33,068: publisherUpdate[/arena_info_static] -> http://y:34067/ ['http://y:42947/']: sec=0.00, result=[1, '', 0]
[rosmaster.master][INFO] 2026-05-06 17:54:33,068: publisherUpdate[/arena_info_dynamic] -> http://y:34067/ ['http://y:42947/']
[rosmaster.master][INFO] 2026-05-06 17:54:33,070: +SUB [/ctrl/agent_4] /phy_simulator_planning_node http://y:42947/
[rosmaster.master][INFO] 2026-05-06 17:54:33,070: publisherUpdate[/arena_info_dynamic] -> http://y:34067/ ['http://y:42947/']: sec=0.00, result=[1, '', 0]
[rosmaster.master][INFO] 2026-05-06 17:54:33,071: +SUB [/ctrl/agent_3] /phy_simulator_planning_node http://y:42947/
[rosmaster.master][INFO] 2026-05-06 17:54:33,072: +SUB [/ctrl/agent_2] /phy_simulator_planning_node http://y:42947/
[rosmaster.master][INFO] 2026-05-06 17:54:33,074: +SUB [/ctrl/agent_1] /phy_simulator_planning_node http://y:42947/
[rosmaster.master][INFO] 2026-05-06 17:54:33,075: +SUB [/ctrl/agent_0] /phy_simulator_planning_node http://y:42947/
[rosmaster.master][INFO] 2026-05-06 17:54:33,076: +SUB [/initialpose] /phy_simulator_planning_node http://y:42947/
[rosmaster.master][INFO] 2026-05-06 17:54:33,078: +SUB [/move_base_simple/goal] /phy_simulator_planning_node http://y:42947/
[rosmaster.master][INFO] 2026-05-06 17:54:33,354: +CACHEDPARAM [/rosout/omit_topics] by /rosout
[rosmaster.master][INFO] 2026-05-06 17:54:40,633: +PUB [/rosout] /epsilon_metric_collector_3008063_1778061280521 http://y:36349/
[rosmaster.master][INFO] 2026-05-06 17:54:40,635: +SERVICE [/epsilon_metric_collector_3008063_1778061280521/get_loggers] /epsilon_metric_collector_3008063_1778061280521 http://y:36349/
[rosmaster.master][INFO] 2026-05-06 17:54:40,635: +SERVICE [/epsilon_metric_collector_3008063_1778061280521/set_logger_level] /epsilon_metric_collector_3008063_1778061280521 http://y:36349/
[rosmaster.master][INFO] 2026-05-06 17:54:40,636: +SUB [/arena_info_dynamic] /epsilon_metric_collector_3008063_1778061280521 http://y:36349/
[rosmaster.master][INFO] 2026-05-06 17:54:40,645: publisherUpdate[/rosout] -> http://y:40975/ ['http://y:34067/', 'http://y:33889/', 'http://y:35017/', 'http://y:45641/', 'http://y:45061/', 'http://y:44285/', 'http://y:32857/', 'http://y:32787/', 'http://y:43881/', 'http://y:41651/', 'http://y:42947/', 'http://y:32879/', 'http://y:36349/']
[rosmaster.master][INFO] 2026-05-06 17:54:40,646: publisherUpdate[/rosout] -> http://y:40975/ ['http://y:34067/', 'http://y:33889/', 'http://y:35017/', 'http://y:45641/', 'http://y:45061/', 'http://y:44285/', 'http://y:32857/', 'http://y:32787/', 'http://y:43881/', 'http://y:41651/', 'http://y:42947/', 'http://y:32879/', 'http://y:36349/']: sec=0.00, result=[1, '', 0]
[rosmaster.master][INFO] 2026-05-06 17:56:40,310: -SUB [/arena_info_dynamic] /epsilon_metric_collector_3008063_1778061280521 http://y:36349/
[rosmaster.master][INFO] 2026-05-06 17:56:40,311: -PUB [/rosout] /epsilon_metric_collector_3008063_1778061280521 http://y:36349/
[rosmaster.master][INFO] 2026-05-06 17:56:40,311: -SERVICE [/epsilon_metric_collector_3008063_1778061280521/get_loggers] /epsilon_metric_collector_3008063_1778061280521 rosrpc://y:34285
[rosmaster.master][INFO] 2026-05-06 17:56:40,311: -SERVICE [/epsilon_metric_collector_3008063_1778061280521/set_logger_level] /epsilon_metric_collector_3008063_1778061280521 rosrpc://y:34285
[rosmaster.master][INFO] 2026-05-06 17:56:40,360: publisherUpdate[/rosout] -> http://y:40975/ ['http://y:34067/', 'http://y:33889/', 'http://y:35017/', 'http://y:45641/', 'http://y:45061/', 'http://y:44285/', 'http://y:32857/', 'http://y:32787/', 'http://y:43881/', 'http://y:41651/', 'http://y:42947/', 'http://y:32879/']
[rosmaster.master][INFO] 2026-05-06 17:56:40,360: publisherUpdate[/rosout] -> http://y:40975/ ['http://y:34067/', 'http://y:33889/', 'http://y:35017/', 'http://y:45641/', 'http://y:45061/', 'http://y:44285/', 'http://y:32857/', 'http://y:32787/', 'http://y:43881/', 'http://y:41651/', 'http://y:42947/', 'http://y:32879/']: sec=0.00, result=[1, '', 0]
[rosmaster.master][INFO] 2026-05-06 17:56:41,312: +PUB [/rosout] /rostopic_3073173_1778061401200 http://y:36209/
[rosmaster.master][INFO] 2026-05-06 17:56:41,313: +SERVICE [/rostopic_3073173_1778061401200/get_loggers] /rostopic_3073173_1778061401200 http://y:36209/
[rosmaster.master][INFO] 2026-05-06 17:56:41,314: +SERVICE [/rostopic_3073173_1778061401200/set_logger_level] /rostopic_3073173_1778061401200 http://y:36209/
[rosmaster.master][INFO] 2026-05-06 17:56:41,322: +SUB [/arena_info_dynamic] /rostopic_3073173_1778061401200 http://y:36209/
[rosmaster.master][INFO] 2026-05-06 17:56:41,361: publisherUpdate[/rosout] -> http://y:40975/ ['http://y:34067/', 'http://y:33889/', 'http://y:35017/', 'http://y:45641/', 'http://y:45061/', 'http://y:44285/', 'http://y:32857/', 'http://y:32787/', 'http://y:43881/', 'http://y:41651/', 'http://y:42947/', 'http://y:32879/', 'http://y:36209/']
[rosmaster.master][INFO] 2026-05-06 17:56:41,362: publisherUpdate[/rosout] -> http://y:40975/ ['http://y:34067/', 'http://y:33889/', 'http://y:35017/', 'http://y:45641/', 'http://y:45061/', 'http://y:44285/', 'http://y:32857/', 'http://y:32787/', 'http://y:43881/', 'http://y:41651/', 'http://y:42947/', 'http://y:32879/', 'http://y:36209/']: sec=0.00, result=[1, '', 0]
[rosmaster.master][INFO] 2026-05-06 17:56:55,933: -SUB [/arena_info_dynamic] /rostopic_3073173_1778061401200 http://y:36209/
[rosmaster.master][INFO] 2026-05-06 17:56:55,933: -PUB [/rosout] /rostopic_3073173_1778061401200 http://y:36209/
[rosmaster.master][INFO] 2026-05-06 17:56:55,933: -SERVICE [/rostopic_3073173_1778061401200/get_loggers] /rostopic_3073173_1778061401200 rosrpc://y:38997
[rosmaster.master][INFO] 2026-05-06 17:56:55,933: -SERVICE [/rostopic_3073173_1778061401200/set_logger_level] /rostopic_3073173_1778061401200 rosrpc://y:38997
[rosmaster.master][INFO] 2026-05-06 17:56:55,988: publisherUpdate[/rosout] -> http://y:40975/ ['http://y:34067/', 'http://y:33889/', 'http://y:35017/', 'http://y:45641/', 'http://y:45061/', 'http://y:44285/', 'http://y:32857/', 'http://y:32787/', 'http://y:43881/', 'http://y:41651/', 'http://y:42947/', 'http://y:32879/']
[rosmaster.master][INFO] 2026-05-06 17:56:55,988: publisherUpdate[/rosout] -> http://y:40975/ ['http://y:34067/', 'http://y:33889/', 'http://y:35017/', 'http://y:45641/', 'http://y:45061/', 'http://y:44285/', 'http://y:32857/', 'http://y:32787/', 'http://y:43881/', 'http://y:41651/', 'http://y:42947/', 'http://y:32879/']: sec=0.00, result=[1, '', 0]
[rosmaster.master][INFO] 2026-05-06 17:56:56,650: -PUB [/rosout] /phy_simulator_planning_node http://y:42947/
[rosmaster.master][INFO] 2026-05-06 17:56:56,651: -PUB [/arena_info_static] /phy_simulator_planning_node http://y:42947/
[rosmaster.master][INFO] 2026-05-06 17:56:56,651: -PUB [/arena_info_dynamic] /phy_simulator_planning_node http://y:42947/
[rosmaster.master][INFO] 2026-05-06 17:56:56,652: -PUB [/phy_simulator_planning_node/vis/vehicle_set_vis] /phy_simulator_planning_node http://y:42947/
[rosmaster.master][INFO] 2026-05-06 17:56:56,652: -PUB [/phy_simulator_planning_node/vis/lane_net_vis] /phy_simulator_planning_node http://y:42947/
[rosmaster.master][INFO] 2026-05-06 17:56:56,652: -PUB [/phy_simulator_planning_node/vis/obstacle_set_vis] /phy_simulator_planning_node http://y:42947/
[rosmaster.master][INFO] 2026-05-06 17:56:56,652: -SUB [/ctrl/agent_10] /phy_simulator_planning_node http://y:42947/
[rosmaster.master][INFO] 2026-05-06 17:56:56,653: -SUB [/ctrl/agent_9] /phy_simulator_planning_node http://y:42947/
[rosmaster.master][INFO] 2026-05-06 17:56:56,653: -SUB [/ctrl/agent_8] /phy_simulator_planning_node http://y:42947/
[rosmaster.master][INFO] 2026-05-06 17:56:56,653: -SUB [/ctrl/agent_7] /phy_simulator_planning_node http://y:42947/
[rosmaster.master][INFO] 2026-05-06 17:56:56,653: -SUB [/ctrl/agent_6] /phy_simulator_planning_node http://y:42947/
[rosmaster.master][INFO] 2026-05-06 17:56:56,653: -SUB [/ctrl/agent_5] /phy_simulator_planning_node http://y:42947/
[rosmaster.master][INFO] 2026-05-06 17:56:56,653: -SUB [/ctrl/agent_4] /phy_simulator_planning_node http://y:42947/
[rosmaster.master][INFO] 2026-05-06 17:56:56,653: -SUB [/ctrl/agent_3] /phy_simulator_planning_node http://y:42947/
[rosmaster.master][INFO] 2026-05-06 17:56:56,653: -SUB [/ctrl/agent_2] /phy_simulator_planning_node http://y:42947/
[rosmaster.master][INFO] 2026-05-06 17:56:56,654: -SUB [/ctrl/agent_1] /phy_simulator_planning_node http://y:42947/
[rosmaster.master][INFO] 2026-05-06 17:56:56,654: -SUB [/ctrl/agent_0] /phy_simulator_planning_node http://y:42947/
[rosmaster.master][INFO] 2026-05-06 17:56:56,654: -SUB [/initialpose] /phy_simulator_planning_node http://y:42947/
[rosmaster.master][INFO] 2026-05-06 17:56:56,654: -SUB [/move_base_simple/goal] /phy_simulator_planning_node http://y:42947/
[rosmaster.master][INFO] 2026-05-06 17:56:56,654: -SERVICE [/phy_simulator_planning_node/get_loggers] /phy_simulator_planning_node rosrpc://y:43673
[rosmaster.master][INFO] 2026-05-06 17:56:56,654: -SERVICE [/phy_simulator_planning_node/set_logger_level] /phy_simulator_planning_node rosrpc://y:43673
[rosmaster.master][INFO] 2026-05-06 17:56:56,690: publisherUpdate[/rosout] -> http://y:40975/ ['http://y:34067/', 'http://y:33889/', 'http://y:35017/', 'http://y:45641/', 'http://y:45061/', 'http://y:44285/', 'http://y:32857/', 'http://y:32787/', 'http://y:43881/', 'http://y:41651/', 'http://y:32879/']
[rosmaster.master][INFO] 2026-05-06 17:56:56,692: publisherUpdate[/rosout] -> http://y:40975/ ['http://y:34067/', 'http://y:33889/', 'http://y:35017/', 'http://y:45641/', 'http://y:45061/', 'http://y:44285/', 'http://y:32857/', 'http://y:32787/', 'http://y:43881/', 'http://y:41651/', 'http://y:32879/']: sec=0.00, result=[1, '', 0]
[rosmaster.master][INFO] 2026-05-06 17:56:56,692: publisherUpdate[/arena_info_static] -> http://y:34067/ []
[rosmaster.master][INFO] 2026-05-06 17:56:56,693: publisherUpdate[/arena_info_static] -> http://y:34067/ []: sec=0.00, result=[0, 'Unknown Error', 0]
[rosmaster.master][INFO] 2026-05-06 17:56:56,694: publisherUpdate[/arena_info_dynamic] -> http://y:34067/ []
[rosmaster.master][INFO] 2026-05-06 17:56:56,695: publisherUpdate[/arena_info_dynamic] -> http://y:34067/ []: sec=0.00, result=[0, 'Unknown Error', 0]
[rosmaster.master][INFO] 2026-05-06 17:56:56,795: -PUB [/rosout] /test_ssc_with_eudm_0 http://y:34067/
[rosmaster.master][INFO] 2026-05-06 17:56:56,796: publisherUpdate[/rosout] -> http://y:40975/ ['http://y:33889/', 'http://y:35017/', 'http://y:45641/', 'http://y:45061/', 'http://y:44285/', 'http://y:32857/', 'http://y:32787/', 'http://y:43881/', 'http://y:41651/', 'http://y:32879/']
[rosmaster.master][INFO] 2026-05-06 17:56:56,797: -PUB [/tf] /test_ssc_with_eudm_0 http://y:34067/
[rosmaster.master][INFO] 2026-05-06 17:56:56,798: publisherUpdate[/rosout] -> http://y:40975/ ['http://y:33889/', 'http://y:35017/', 'http://y:45641/', 'http://y:45061/', 'http://y:44285/', 'http://y:32857/', 'http://y:32787/', 'http://y:43881/', 'http://y:41651/', 'http://y:32879/']: sec=0.00, result=[1, '', 0]
[rosmaster.master][INFO] 2026-05-06 17:56:56,798: -PUB [/vis/agent_0/ego_vehicle_vis] /test_ssc_with_eudm_0 http://y:34067/
[rosmaster.master][INFO] 2026-05-06 17:56:56,799: -PUB [/vis/agent_0/obstacle_map] /test_ssc_with_eudm_0 http://y:34067/
[rosmaster.master][INFO] 2026-05-06 17:56:56,800: -PUB [/vis/agent_0/surrounding_lane_net_vis] /test_ssc_with_eudm_0 http://y:34067/
[rosmaster.master][INFO] 2026-05-06 17:56:56,801: -PUB [/vis/agent_0/local_lanes_vis] /test_ssc_with_eudm_0 http://y:34067/
[rosmaster.master][INFO] 2026-05-06 17:56:56,801: -PUB [/vis/agent_0/ego_behavior_vis] /test_ssc_with_eudm_0 http://y:34067/
[rosmaster.master][INFO] 2026-05-06 17:56:56,802: -PUB [/vis/agent_0/pred_traj_openloop_vis] /test_ssc_with_eudm_0 http://y:34067/
[rosmaster.master][INFO] 2026-05-06 17:56:56,803: -PUB [/vis/agent_0/pred_initial_intention_vis] /test_ssc_with_eudm_0 http://y:34067/
[rosmaster.master][INFO] 2026-05-06 17:56:56,803: -PUB [/vis/agent_0/surrounding_vehicle_vis] /test_ssc_with_eudm_0 http://y:34067/
[rosmaster.master][INFO] 2026-05-06 17:56:56,804: -PUB [/vis/agent_0/speed_limit] /test_ssc_with_eudm_0 http://y:34067/
[rosmaster.master][INFO] 2026-05-06 17:56:56,804: -PUB [/vis/agent_0/ssc/map_vis] /test_ssc_with_eudm_0 http://y:34067/
[rosmaster.master][INFO] 2026-05-06 17:56:56,805: -PUB [/vis/agent_0/ssc/qp_vis] /test_ssc_with_eudm_0 http://y:34067/
[rosmaster.master][INFO] 2026-05-06 17:56:56,805: -PUB [/vis/agent_0/ssc/ego_fs_vis] /test_ssc_with_eudm_0 http://y:34067/
[rosmaster.master][INFO] 2026-05-06 17:56:56,806: -PUB [/vis/agent_0/ssc/forward_trajs_vis] /test_ssc_with_eudm_0 http://y:34067/
[rosmaster.master][INFO] 2026-05-06 17:56:56,806: -PUB [/vis/agent_0/ssc/sur_vehicle_trajs_vis] /test_ssc_with_eudm_0 http://y:34067/
[rosmaster.master][INFO] 2026-05-06 17:56:56,807: -PUB [/vis/agent_0/ssc/corridor_vis] /test_ssc_with_eudm_0 http://y:34067/
[rosmaster.master][INFO] 2026-05-06 17:56:56,807: -PUB [/vis/agent_0/forward_trajs] /test_ssc_with_eudm_0 http://y:34067/
[rosmaster.master][INFO] 2026-05-06 17:56:56,808: -PUB [/ctrl/agent_0] /test_ssc_with_eudm_0 http://y:34067/
[rosmaster.master][INFO] 2026-05-06 17:56:56,809: -PUB [/test_ssc_with_eudm_0/ssc_map] /test_ssc_with_eudm_0 http://y:34067/
[rosmaster.master][INFO] 2026-05-06 17:56:56,810: -PUB [/vis/agent_0/ssc/exec_traj] /test_ssc_with_eudm_0 http://y:34067/
[rosmaster.master][INFO] 2026-05-06 17:56:56,810: -SUB [/joy] /test_ssc_with_eudm_0 http://y:34067/
[rosmaster.master][INFO] 2026-05-06 17:56:56,811: -SUB [/arena_info_static] /test_ssc_with_eudm_0 http://y:34067/
[rosmaster.master][INFO] 2026-05-06 17:56:56,812: -SUB [/arena_info_dynamic] /test_ssc_with_eudm_0 http://y:34067/
[rosmaster.master][INFO] 2026-05-06 17:56:56,812: -SERVICE [/test_ssc_with_eudm_0/get_loggers] /test_ssc_with_eudm_0 rosrpc://y:46849
[rosmaster.master][INFO] 2026-05-06 17:56:56,813: -SERVICE [/test_ssc_with_eudm_0/set_logger_level] /test_ssc_with_eudm_0 rosrpc://y:46849
[rosmaster.master][INFO] 2026-05-06 17:56:56,814: -CACHEDPARAM [/rosout_disable_topics_generation] by /test_ssc_with_eudm_0
[rosmaster.master][INFO] 2026-05-06 17:56:57,098: -PUB [/rosout_agg] /rosout http://y:40975/
[rosmaster.master][INFO] 2026-05-06 17:56:57,098: -SUB [/rosout] /rosout http://y:40975/
[rosmaster.master][INFO] 2026-05-06 17:56:57,099: -SERVICE [/rosout/get_loggers] /rosout rosrpc://y:48515
[rosmaster.master][INFO] 2026-05-06 17:56:57,099: -SERVICE [/rosout/set_logger_level] /rosout rosrpc://y:48515
[rosmaster.master][INFO] 2026-05-06 17:56:57,100: -CACHEDPARAM [/rosout/omit_topics] by /rosout
[rosmaster.main][INFO] 2026-05-06 17:56:57,185: keyboard interrupt, will exit
[rosmaster.main][INFO] 2026-05-06 17:56:57,185: stopping master...
[rospy.core][INFO] 2026-05-06 17:56:57,185: signal_shutdown [atexit]
