[rosmaster.main][INFO] 2026-05-06 15:29:07,740: initialization complete, waiting for shutdown
[rosmaster.main][INFO] 2026-05-06 15:29:07,764: Starting ROS Master Node
[xmlrpc][INFO] 2026-05-06 15:29:07,765: XML-RPC server binding to 0.0.0.0:11311
[xmlrpc][INFO] 2026-05-06 15:29:07,765: Started XML-RPC server [http://y:11311/]
[xmlrpc][INFO] 2026-05-06 15:29:07,765: xml rpc node: starting XML-RPC server
[rosmaster.master][INFO] 2026-05-06 15:29:07,765: Master initialized: port[11311], uri[http://y:11311/]
[rosmaster.master][INFO] 2026-05-06 15:29:07,871: +PARAM [/run_id] by /roslaunch
[rosmaster.master][INFO] 2026-05-06 15:29:07,873: +PARAM [/roslaunch/uris/host_y__34027] by /roslaunch
[rosmaster.master][INFO] 2026-05-06 15:29:07,899: +PARAM [/rosversion] by /roslaunch
[rosmaster.master][INFO] 2026-05-06 15:29:07,899: +PARAM [/rosdistro] by /roslaunch
[rosmaster.master][INFO] 2026-05-06 15:29:07,899: +PARAM [/test_ssc_with_eudm_0/ego_id] by /roslaunch
[rosmaster.master][INFO] 2026-05-06 15:29:07,899: +PARAM [/test_ssc_with_eudm_0/agent_config_path] by /roslaunch
[rosmaster.master][INFO] 2026-05-06 15:29:07,899: +PARAM [/test_ssc_with_eudm_0/bp_config_path] by /roslaunch
[rosmaster.master][INFO] 2026-05-06 15:29:07,899: +PARAM [/test_ssc_with_eudm_0/ssc_config_path] by /roslaunch
[rosmaster.master][INFO] 2026-05-06 15:29:07,899: +PARAM [/test_ssc_with_eudm_0/desired_vel] by /roslaunch
[rosmaster.master][INFO] 2026-05-06 15:29:07,899: +PARAM [/test_ssc_with_eudm_0/use_sim_state] by /roslaunch
[rosmaster.master][INFO] 2026-05-06 15:29:07,899: +PARAM [/onlane_ai_agent_1/ego_id] by /roslaunch
[rosmaster.master][INFO] 2026-05-06 15:29:07,899: +PARAM [/onlane_ai_agent_1/agent_config_path] by /roslaunch
[rosmaster.master][INFO] 2026-05-06 15:29:07,899: +PARAM [/onlane_ai_agent_1/desired_vel] by /roslaunch
[rosmaster.master][INFO] 2026-05-06 15:29:07,899: +PARAM [/onlane_ai_agent_1/autonomous_level] by /roslaunch
[rosmaster.master][INFO] 2026-05-06 15:29:07,899: +PARAM [/onlane_ai_agent_1/aggressiveness_level] by /roslaunch
[rosmaster.master][INFO] 2026-05-06 15:29:07,899: +PARAM [/onlane_ai_agent_2/ego_id] by /roslaunch
[rosmaster.master][INFO] 2026-05-06 15:29:07,899: +PARAM [/onlane_ai_agent_2/agent_config_path] by /roslaunch
[rosmaster.master][INFO] 2026-05-06 15:29:07,899: +PARAM [/onlane_ai_agent_2/desired_vel] by /roslaunch
[rosmaster.master][INFO] 2026-05-06 15:29:07,899: +PARAM [/onlane_ai_agent_2/autonomous_level] by /roslaunch
[rosmaster.master][INFO] 2026-05-06 15:29:07,899: +PARAM [/onlane_ai_agent_2/aggressiveness_level] by /roslaunch
[rosmaster.master][INFO] 2026-05-06 15:29:07,899: +PARAM [/onlane_ai_agent_3/ego_id] by /roslaunch
[rosmaster.master][INFO] 2026-05-06 15:29:07,899: +PARAM [/onlane_ai_agent_3/agent_config_path] by /roslaunch
[rosmaster.master][INFO] 2026-05-06 15:29:07,899: +PARAM [/onlane_ai_agent_3/desired_vel] by /roslaunch
[rosmaster.master][INFO] 2026-05-06 15:29:07,899: +PARAM [/onlane_ai_agent_3/autonomous_level] by /roslaunch
[rosmaster.master][INFO] 2026-05-06 15:29:07,899: +PARAM [/onlane_ai_agent_3/aggressiveness_level] by /roslaunch
[rosmaster.master][INFO] 2026-05-06 15:29:07,900: +PARAM [/onlane_ai_agent_4/ego_id] by /roslaunch
[rosmaster.master][INFO] 2026-05-06 15:29:07,900: +PARAM [/onlane_ai_agent_4/agent_config_path] by /roslaunch
[rosmaster.master][INFO] 2026-05-06 15:29:07,900: +PARAM [/onlane_ai_agent_4/desired_vel] by /roslaunch
[rosmaster.master][INFO] 2026-05-06 15:29:07,900: +PARAM [/onlane_ai_agent_4/autonomous_level] by /roslaunch
[rosmaster.master][INFO] 2026-05-06 15:29:07,900: +PARAM [/onlane_ai_agent_4/aggressiveness_level] by /roslaunch
[rosmaster.master][INFO] 2026-05-06 15:29:07,900: +PARAM [/onlane_ai_agent_5/ego_id] by /roslaunch
[rosmaster.master][INFO] 2026-05-06 15:29:07,900: +PARAM [/onlane_ai_agent_5/agent_config_path] by /roslaunch
[rosmaster.master][INFO] 2026-05-06 15:29:07,900: +PARAM [/onlane_ai_agent_5/desired_vel] by /roslaunch
[rosmaster.master][INFO] 2026-05-06 15:29:07,900: +PARAM [/onlane_ai_agent_5/autonomous_level] by /roslaunch
[rosmaster.master][INFO] 2026-05-06 15:29:07,900: +PARAM [/onlane_ai_agent_5/aggressiveness_level] by /roslaunch
[rosmaster.master][INFO] 2026-05-06 15:29:07,900: +PARAM [/onlane_ai_agent_6/ego_id] by /roslaunch
[rosmaster.master][INFO] 2026-05-06 15:29:07,900: +PARAM [/onlane_ai_agent_6/agent_config_path] by /roslaunch
[rosmaster.master][INFO] 2026-05-06 15:29:07,900: +PARAM [/onlane_ai_agent_6/desired_vel] by /roslaunch
[rosmaster.master][INFO] 2026-05-06 15:29:07,900: +PARAM [/onlane_ai_agent_6/autonomous_level] by /roslaunch
[rosmaster.master][INFO] 2026-05-06 15:29:07,900: +PARAM [/onlane_ai_agent_6/aggressiveness_level] by /roslaunch
[rosmaster.master][INFO] 2026-05-06 15:29:07,900: +PARAM [/onlane_ai_agent_7/ego_id] by /roslaunch
[rosmaster.master][INFO] 2026-05-06 15:29:07,900: +PARAM [/onlane_ai_agent_7/agent_config_path] by /roslaunch
[rosmaster.master][INFO] 2026-05-06 15:29:07,900: +PARAM [/onlane_ai_agent_7/desired_vel] by /roslaunch
[rosmaster.master][INFO] 2026-05-06 15:29:07,900: +PARAM [/onlane_ai_agent_7/autonomous_level] by /roslaunch
[rosmaster.master][INFO] 2026-05-06 15:29:07,900: +PARAM [/onlane_ai_agent_7/aggressiveness_level] by /roslaunch
[rosmaster.master][INFO] 2026-05-06 15:29:07,900: +PARAM [/onlane_ai_agent_8/ego_id] by /roslaunch
[rosmaster.master][INFO] 2026-05-06 15:29:07,900: +PARAM [/onlane_ai_agent_8/agent_config_path] by /roslaunch
[rosmaster.master][INFO] 2026-05-06 15:29:07,900: +PARAM [/onlane_ai_agent_8/desired_vel] by /roslaunch
[rosmaster.master][INFO] 2026-05-06 15:29:07,900: +PARAM [/onlane_ai_agent_8/autonomous_level] by /roslaunch
[rosmaster.master][INFO] 2026-05-06 15:29:07,900: +PARAM [/onlane_ai_agent_8/aggressiveness_level] by /roslaunch
[rosmaster.master][INFO] 2026-05-06 15:29:07,900: +PARAM [/onlane_ai_agent_9/ego_id] by /roslaunch
[rosmaster.master][INFO] 2026-05-06 15:29:07,900: +PARAM [/onlane_ai_agent_9/agent_config_path] by /roslaunch
[rosmaster.master][INFO] 2026-05-06 15:29:07,900: +PARAM [/onlane_ai_agent_9/desired_vel] by /roslaunch
[rosmaster.master][INFO] 2026-05-06 15:29:07,900: +PARAM [/onlane_ai_agent_9/autonomous_level] by /roslaunch
[rosmaster.master][INFO] 2026-05-06 15:29:07,900: +PARAM [/onlane_ai_agent_9/aggressiveness_level] by /roslaunch
[rosmaster.master][INFO] 2026-05-06 15:29:07,900: +PARAM [/onlane_ai_agent_10/ego_id] by /roslaunch
[rosmaster.master][INFO] 2026-05-06 15:29:07,900: +PARAM [/onlane_ai_agent_10/agent_config_path] by /roslaunch
[rosmaster.master][INFO] 2026-05-06 15:29:07,900: +PARAM [/onlane_ai_agent_10/desired_vel] by /roslaunch
[rosmaster.master][INFO] 2026-05-06 15:29:07,900: +PARAM [/onlane_ai_agent_10/autonomous_level] by /roslaunch
[rosmaster.master][INFO] 2026-05-06 15:29:07,901: +PARAM [/onlane_ai_agent_10/aggressiveness_level] by /roslaunch
[rosmaster.master][INFO] 2026-05-06 15:29:07,901: +PARAM [/phy_simulator_planning_node/vehicle_info_path] by /roslaunch
[rosmaster.master][INFO] 2026-05-06 15:29:07,901: +PARAM [/phy_simulator_planning_node/map_path] by /roslaunch
[rosmaster.master][INFO] 2026-05-06 15:29:07,901: +PARAM [/phy_simulator_planning_node/lane_net_path] by /roslaunch
[rosmaster.master][INFO] 2026-05-06 15:29:07,901: +SERVICE [/rosout/get_loggers] /rosout http://y:33281/
[rosmaster.master][INFO] 2026-05-06 15:29:07,901: +SERVICE [/rosout/set_logger_level] /rosout http://y:33281/
[rosmaster.master][INFO] 2026-05-06 15:29:07,902: +PUB [/rosout_agg] /rosout http://y:33281/
[rosmaster.master][INFO] 2026-05-06 15:29:07,903: +SUB [/rosout] /rosout http://y:33281/
[rosmaster.master][INFO] 2026-05-06 15:29:07,926: +PUB [/rosout] /onlane_ai_agent_1 http://y:37699/
[rosmaster.master][INFO] 2026-05-06 15:29:07,927: +SERVICE [/onlane_ai_agent_1/get_loggers] /onlane_ai_agent_1 http://y:37699/
[rosmaster.master][INFO] 2026-05-06 15:29:07,928: +SERVICE [/onlane_ai_agent_1/set_logger_level] /onlane_ai_agent_1 http://y:37699/
[rosmaster.master][INFO] 2026-05-06 15:29:07,928: +PUB [/rosout] /onlane_ai_agent_2 http://y:36163/
[rosmaster.master][INFO] 2026-05-06 15:29:07,929: +SERVICE [/onlane_ai_agent_2/get_loggers] /onlane_ai_agent_2 http://y:36163/
[rosmaster.master][INFO] 2026-05-06 15:29:07,929: +PUB [/rosout] /test_ssc_with_eudm_0 http://y:40439/
[rosmaster.master][INFO] 2026-05-06 15:29:07,930: +PUB [/ctrl/agent_1] /onlane_ai_agent_1 http://y:37699/
[rosmaster.master][INFO] 2026-05-06 15:29:07,930: +SERVICE [/onlane_ai_agent_2/set_logger_level] /onlane_ai_agent_2 http://y:36163/
[rosmaster.master][INFO] 2026-05-06 15:29:07,930: +PUB [/ctrl/agent_2] /onlane_ai_agent_2 http://y:36163/
[rosmaster.master][INFO] 2026-05-06 15:29:07,932: +PUB [/tf] /onlane_ai_agent_2 http://y:36163/
[rosmaster.master][INFO] 2026-05-06 15:29:07,934: +PUB [/tf] /onlane_ai_agent_1 http://y:37699/
[rosmaster.master][INFO] 2026-05-06 15:29:07,935: +PUB [/vis/agent_2/ego_vehicle_vis] /onlane_ai_agent_2 http://y:36163/
[rosmaster.master][INFO] 2026-05-06 15:29:07,935: +PUB [/vis/agent_2/obstacle_map] /onlane_ai_agent_2 http://y:36163/
[rosmaster.master][INFO] 2026-05-06 15:29:07,935: +PUB [/vis/agent_2/surrounding_lane_net_vis] /onlane_ai_agent_2 http://y:36163/
[rosmaster.master][INFO] 2026-05-06 15:29:07,935: +PUB [/vis/agent_2/local_lanes_vis] /onlane_ai_agent_2 http://y:36163/
[rosmaster.master][INFO] 2026-05-06 15:29:07,936: +PUB [/vis/agent_1/ego_vehicle_vis] /onlane_ai_agent_1 http://y:37699/
[rosmaster.master][INFO] 2026-05-06 15:29:07,936: +PUB [/vis/agent_2/ego_behavior_vis] /onlane_ai_agent_2 http://y:36163/
[rosmaster.master][INFO] 2026-05-06 15:29:07,936: +PUB [/vis/agent_2/pred_traj_openloop_vis] /onlane_ai_agent_2 http://y:36163/
[rosmaster.master][INFO] 2026-05-06 15:29:07,937: +PUB [/vis/agent_1/obstacle_map] /onlane_ai_agent_1 http://y:37699/
[rosmaster.master][INFO] 2026-05-06 15:29:07,937: +PUB [/vis/agent_1/surrounding_lane_net_vis] /onlane_ai_agent_1 http://y:37699/
[rosmaster.master][INFO] 2026-05-06 15:29:07,937: +PUB [/vis/agent_1/local_lanes_vis] /onlane_ai_agent_1 http://y:37699/
[rosmaster.master][INFO] 2026-05-06 15:29:07,938: +PUB [/vis/agent_1/ego_behavior_vis] /onlane_ai_agent_1 http://y:37699/
[rosmaster.master][INFO] 2026-05-06 15:29:07,938: +PUB [/vis/agent_1/pred_traj_openloop_vis] /onlane_ai_agent_1 http://y:37699/
[rosmaster.master][INFO] 2026-05-06 15:29:07,938: +PUB [/vis/agent_1/pred_initial_intention_vis] /onlane_ai_agent_1 http://y:37699/
[rosmaster.master][INFO] 2026-05-06 15:29:07,939: +PUB [/vis/agent_1/surrounding_vehicle_vis] /onlane_ai_agent_1 http://y:37699/
[rosmaster.master][INFO] 2026-05-06 15:29:07,939: +PUB [/vis/agent_1/speed_limit] /onlane_ai_agent_1 http://y:37699/
[rosmaster.master][INFO] 2026-05-06 15:29:07,940: +PUB [/vis/agent_2/pred_initial_intention_vis] /onlane_ai_agent_2 http://y:36163/
[rosmaster.master][INFO] 2026-05-06 15:29:07,940: +PUB [/vis/agent_2/surrounding_vehicle_vis] /onlane_ai_agent_2 http://y:36163/
[rosmaster.master][INFO] 2026-05-06 15:29:07,940: +PUB [/vis/agent_2/speed_limit] /onlane_ai_agent_2 http://y:36163/
[rosmaster.master][INFO] 2026-05-06 15:29:07,941: +SUB [/arena_info_static] /onlane_ai_agent_2 http://y:36163/
[rosmaster.master][INFO] 2026-05-06 15:29:07,948: +PUB [/rosout] /onlane_ai_agent_3 http://y:42129/
[rosmaster.master][INFO] 2026-05-06 15:29:07,959: +SERVICE [/test_ssc_with_eudm_0/get_loggers] /test_ssc_with_eudm_0 http://y:40439/
[rosmaster.master][INFO] 2026-05-06 15:29:07,961: +PUB [/rosout] /onlane_ai_agent_4 http://y:36467/
[rosmaster.master][INFO] 2026-05-06 15:29:07,963: +SERVICE [/onlane_ai_agent_3/get_loggers] /onlane_ai_agent_3 http://y:42129/
[rosmaster.master][INFO] 2026-05-06 15:29:07,963: +SUB [/arena_info_dynamic] /onlane_ai_agent_2 http://y:36163/
[rosmaster.master][INFO] 2026-05-06 15:29:07,965: +PUB [/rosout] /onlane_ai_agent_5 http://y:43003/
[rosmaster.master][INFO] 2026-05-06 15:29:07,966: publisherUpdate[/rosout] -> http://y:33281/ ['http://y:37699/']
[rosmaster.master][INFO] 2026-05-06 15:29:07,969: publisherUpdate[/rosout] -> http://y:33281/ ['http://y:37699/']: sec=0.00, result=[1, '', 0]
[rosmaster.master][INFO] 2026-05-06 15:29:07,969: publisherUpdate[/rosout] -> http://y:33281/ ['http://y:37699/', 'http://y:36163/']
[rosmaster.master][INFO] 2026-05-06 15:29:07,970: publisherUpdate[/rosout] -> http://y:33281/ ['http://y:37699/', 'http://y:36163/']: sec=0.00, result=[1, '', 0]
[rosmaster.master][INFO] 2026-05-06 15:29:07,970: publisherUpdate[/rosout] -> http://y:33281/ ['http://y:37699/', 'http://y:36163/', 'http://y:40439/']
[rosmaster.master][INFO] 2026-05-06 15:29:07,970: publisherUpdate[/rosout] -> http://y:33281/ ['http://y:37699/', 'http://y:36163/', 'http://y:40439/']: sec=0.00, result=[1, '', 0]
[rosmaster.master][INFO] 2026-05-06 15:29:07,970: publisherUpdate[/rosout] -> http://y:33281/ ['http://y:37699/', 'http://y:36163/', 'http://y:40439/', 'http://y:42129/']
[rosmaster.master][INFO] 2026-05-06 15:29:07,971: publisherUpdate[/rosout] -> http://y:33281/ ['http://y:37699/', 'http://y:36163/', 'http://y:40439/', 'http://y:42129/']: sec=0.00, result=[1, '', 0]
[rosmaster.master][INFO] 2026-05-06 15:29:07,971: publisherUpdate[/rosout] -> http://y:33281/ ['http://y:37699/', 'http://y:36163/', 'http://y:40439/', 'http://y:42129/', 'http://y:36467/']
[rosmaster.master][INFO] 2026-05-06 15:29:07,967: +PUB [/rosout] /onlane_ai_agent_8 http://y:33699/
[rosmaster.master][INFO] 2026-05-06 15:29:07,971: publisherUpdate[/rosout] -> http://y:33281/ ['http://y:37699/', 'http://y:36163/', 'http://y:40439/', 'http://y:42129/', 'http://y:36467/']: sec=0.00, result=[1, '', 0]
[rosmaster.master][INFO] 2026-05-06 15:29:07,972: publisherUpdate[/rosout] -> http://y:33281/ ['http://y:37699/', 'http://y:36163/', 'http://y:40439/', 'http://y:42129/', 'http://y:36467/', 'http://y:43003/']
[rosmaster.master][INFO] 2026-05-06 15:29:07,972: +SUB [/joy] /onlane_ai_agent_2 http://y:36163/
[rosmaster.master][INFO] 2026-05-06 15:29:07,972: +PUB [/rosout] /onlane_ai_agent_6 http://y:41673/
[rosmaster.master][INFO] 2026-05-06 15:29:07,972: publisherUpdate[/rosout] -> http://y:33281/ ['http://y:37699/', 'http://y:36163/', 'http://y:40439/', 'http://y:42129/', 'http://y:36467/', 'http://y:43003/']: sec=0.00, result=[1, '', 0]
[rosmaster.master][INFO] 2026-05-06 15:29:07,973: publisherUpdate[/rosout] -> http://y:33281/ ['http://y:37699/', 'http://y:36163/', 'http://y:40439/', 'http://y:42129/', 'http://y:36467/', 'http://y:43003/', 'http://y:33699/']
[rosmaster.master][INFO] 2026-05-06 15:29:07,973: +PUB [/vis/agent_2/forward_trajs] /onlane_ai_agent_2 http://y:36163/
[rosmaster.master][INFO] 2026-05-06 15:29:07,974: +PUB [/rosout] /onlane_ai_agent_10 http://y:36229/
[rosmaster.master][INFO] 2026-05-06 15:29:07,974: +PUB [/rosout] /onlane_ai_agent_9 http://y:36239/
[rosmaster.master][INFO] 2026-05-06 15:29:07,974: +SERVICE [/onlane_ai_agent_5/get_loggers] /onlane_ai_agent_5 http://y:43003/
[rosmaster.master][INFO] 2026-05-06 15:29:07,975: +SERVICE [/onlane_ai_agent_9/get_loggers] /onlane_ai_agent_9 http://y:36239/
[rosmaster.master][INFO] 2026-05-06 15:29:07,975: +SERVICE [/onlane_ai_agent_8/get_loggers] /onlane_ai_agent_8 http://y:33699/
[rosmaster.master][INFO] 2026-05-06 15:29:07,975: +SERVICE [/onlane_ai_agent_6/get_loggers] /onlane_ai_agent_6 http://y:41673/
[rosmaster.master][INFO] 2026-05-06 15:29:07,975: +SERVICE [/onlane_ai_agent_4/get_loggers] /onlane_ai_agent_4 http://y:36467/
[rosmaster.master][INFO] 2026-05-06 15:29:07,976: publisherUpdate[/rosout] -> http://y:33281/ ['http://y:37699/', 'http://y:36163/', 'http://y:40439/', 'http://y:42129/', 'http://y:36467/', 'http://y:43003/', 'http://y:33699/']: sec=0.00, result=[1, '', 0]
[rosmaster.master][INFO] 2026-05-06 15:29:07,976: publisherUpdate[/rosout] -> http://y:33281/ ['http://y:37699/', 'http://y:36163/', 'http://y:40439/', 'http://y:42129/', 'http://y:36467/', 'http://y:43003/', 'http://y:33699/', 'http://y:41673/']
[rosmaster.master][INFO] 2026-05-06 15:29:07,976: publisherUpdate[/rosout] -> http://y:33281/ ['http://y:37699/', 'http://y:36163/', 'http://y:40439/', 'http://y:42129/', 'http://y:36467/', 'http://y:43003/', 'http://y:33699/', 'http://y:41673/']: sec=0.00, result=[1, '', 0]
[rosmaster.master][INFO] 2026-05-06 15:29:07,976: publisherUpdate[/rosout] -> http://y:33281/ ['http://y:37699/', 'http://y:36163/', 'http://y:40439/', 'http://y:42129/', 'http://y:36467/', 'http://y:43003/', 'http://y:33699/', 'http://y:41673/', 'http://y:36229/']
[rosmaster.master][INFO] 2026-05-06 15:29:07,978: +SERVICE [/test_ssc_with_eudm_0/set_logger_level] /test_ssc_with_eudm_0 http://y:40439/
[rosmaster.master][INFO] 2026-05-06 15:29:07,978: publisherUpdate[/rosout] -> http://y:33281/ ['http://y:37699/', 'http://y:36163/', 'http://y:40439/', 'http://y:42129/', 'http://y:36467/', 'http://y:43003/', 'http://y:33699/', 'http://y:41673/', 'http://y:36229/']: sec=0.00, result=[1, '', 0]
[rosmaster.master][INFO] 2026-05-06 15:29:07,978: publisherUpdate[/rosout] -> http://y:33281/ ['http://y:37699/', 'http://y:36163/', 'http://y:40439/', 'http://y:42129/', 'http://y:36467/', 'http://y:43003/', 'http://y:33699/', 'http://y:41673/', 'http://y:36229/', 'http://y:36239/']
[rosmaster.master][INFO] 2026-05-06 15:29:07,978: +PUB [/rosout] /phy_simulator_planning_node http://y:37659/
[rosmaster.master][INFO] 2026-05-06 15:29:07,978: +SERVICE [/onlane_ai_agent_9/set_logger_level] /onlane_ai_agent_9 http://y:36239/
[rosmaster.master][INFO] 2026-05-06 15:29:07,979: +SERVICE [/onlane_ai_agent_5/set_logger_level] /onlane_ai_agent_5 http://y:43003/
[rosmaster.master][INFO] 2026-05-06 15:29:07,979: +SERVICE [/onlane_ai_agent_8/set_logger_level] /onlane_ai_agent_8 http://y:33699/
[rosmaster.master][INFO] 2026-05-06 15:29:07,981: +SERVICE [/onlane_ai_agent_6/set_logger_level] /onlane_ai_agent_6 http://y:41673/
[rosmaster.master][INFO] 2026-05-06 15:29:07,982: publisherUpdate[/rosout] -> http://y:33281/ ['http://y:37699/', 'http://y:36163/', 'http://y:40439/', 'http://y:42129/', 'http://y:36467/', 'http://y:43003/', 'http://y:33699/', 'http://y:41673/', 'http://y:36229/', 'http://y:36239/']: sec=0.00, result=[1, '', 0]
[rosmaster.master][INFO] 2026-05-06 15:29:07,984: publisherUpdate[/rosout] -> http://y:33281/ ['http://y:37699/', 'http://y:36163/', 'http://y:40439/', 'http://y:42129/', 'http://y:36467/', 'http://y:43003/', 'http://y:33699/', 'http://y:41673/', 'http://y:36229/', 'http://y:36239/', 'http://y:37659/']
[rosmaster.master][INFO] 2026-05-06 15:29:07,983: +SERVICE [/onlane_ai_agent_4/set_logger_level] /onlane_ai_agent_4 http://y:36467/
[rosmaster.master][INFO] 2026-05-06 15:29:07,984: +SERVICE [/onlane_ai_agent_3/set_logger_level] /onlane_ai_agent_3 http://y:42129/
[rosmaster.master][INFO] 2026-05-06 15:29:07,984: publisherUpdate[/rosout] -> http://y:33281/ ['http://y:37699/', 'http://y:36163/', 'http://y:40439/', 'http://y:42129/', 'http://y:36467/', 'http://y:43003/', 'http://y:33699/', 'http://y:41673/', 'http://y:36229/', 'http://y:36239/', 'http://y:37659/']: sec=0.00, result=[1, '', 0]
[rosmaster.master][INFO] 2026-05-06 15:29:07,985: +SERVICE [/phy_simulator_planning_node/get_loggers] /phy_simulator_planning_node http://y:37659/
[rosmaster.master][INFO] 2026-05-06 15:29:07,985: +SUB [/arena_info_static] /onlane_ai_agent_1 http://y:37699/
[rosmaster.master][INFO] 2026-05-06 15:29:07,985: +SERVICE [/onlane_ai_agent_10/get_loggers] /onlane_ai_agent_10 http://y:36229/
[rosmaster.master][INFO] 2026-05-06 15:29:07,985: +PUB [/ctrl/agent_5] /onlane_ai_agent_5 http://y:43003/
[rosmaster.master][INFO] 2026-05-06 15:29:07,985: +PUB [/ctrl/agent_9] /onlane_ai_agent_9 http://y:36239/
[rosmaster.master][INFO] 2026-05-06 15:29:07,986: +PUB [/rosout] /onlane_ai_agent_7 http://y:37111/
[rosmaster.master][INFO] 2026-05-06 15:29:07,986: +SERVICE [/phy_simulator_planning_node/set_logger_level] /phy_simulator_planning_node http://y:37659/
[rosmaster.master][INFO] 2026-05-06 15:29:07,988: +PUB [/ctrl/agent_4] /onlane_ai_agent_4 http://y:36467/
[rosmaster.master][INFO] 2026-05-06 15:29:07,989: +SERVICE [/onlane_ai_agent_10/set_logger_level] /onlane_ai_agent_10 http://y:36229/
[rosmaster.master][INFO] 2026-05-06 15:29:07,990: +PUB [/ctrl/agent_6] /onlane_ai_agent_6 http://y:41673/
[rosmaster.master][INFO] 2026-05-06 15:29:07,992: +CACHEDPARAM [/rosout_disable_topics_generation] by /test_ssc_with_eudm_0
[rosmaster.master][INFO] 2026-05-06 15:29:07,999: +PUB [/tf] /onlane_ai_agent_9 http://y:36239/
[rosmaster.master][INFO] 2026-05-06 15:29:08,002: +PUB [/ctrl/agent_8] /onlane_ai_agent_8 http://y:33699/
[rosmaster.master][INFO] 2026-05-06 15:29:08,002: +SERVICE [/onlane_ai_agent_7/get_loggers] /onlane_ai_agent_7 http://y:37111/
[rosmaster.master][INFO] 2026-05-06 15:29:08,004: +PUB [/tf] /onlane_ai_agent_4 http://y:36467/
[rosmaster.master][INFO] 2026-05-06 15:29:08,005: +PUB [/vis/agent_9/ego_vehicle_vis] /onlane_ai_agent_9 http://y:36239/
[rosmaster.master][INFO] 2026-05-06 15:29:08,006: +PUB [/vis/agent_4/ego_vehicle_vis] /onlane_ai_agent_4 http://y:36467/
[rosmaster.master][INFO] 2026-05-06 15:29:08,006: +PUB [/vis/agent_4/obstacle_map] /onlane_ai_agent_4 http://y:36467/
[rosmaster.master][INFO] 2026-05-06 15:29:08,006: +PUB [/vis/agent_4/surrounding_lane_net_vis] /onlane_ai_agent_4 http://y:36467/
[rosmaster.master][INFO] 2026-05-06 15:29:08,006: +PUB [/vis/agent_4/local_lanes_vis] /onlane_ai_agent_4 http://y:36467/
[rosmaster.master][INFO] 2026-05-06 15:29:08,007: +PUB [/tf] /onlane_ai_agent_5 http://y:43003/
[rosmaster.master][INFO] 2026-05-06 15:29:08,007: +PUB [/vis/agent_4/ego_behavior_vis] /onlane_ai_agent_4 http://y:36467/
[rosmaster.master][INFO] 2026-05-06 15:29:08,008: +PUB [/vis/agent_4/pred_traj_openloop_vis] /onlane_ai_agent_4 http://y:36467/
[rosmaster.master][INFO] 2026-05-06 15:29:08,008: +PUB [/tf] /test_ssc_with_eudm_0 http://y:40439/
[rosmaster.master][INFO] 2026-05-06 15:29:08,008: +PUB [/vis/agent_5/ego_vehicle_vis] /onlane_ai_agent_5 http://y:43003/
[rosmaster.master][INFO] 2026-05-06 15:29:08,008: +PUB [/vis/agent_0/ego_vehicle_vis] /test_ssc_with_eudm_0 http://y:40439/
[rosmaster.master][INFO] 2026-05-06 15:29:08,009: +PUB [/vis/agent_4/pred_initial_intention_vis] /onlane_ai_agent_4 http://y:36467/
[rosmaster.master][INFO] 2026-05-06 15:29:08,010: +PUB [/vis/agent_0/obstacle_map] /test_ssc_with_eudm_0 http://y:40439/
[rosmaster.master][INFO] 2026-05-06 15:29:08,010: +PUB [/vis/agent_4/surrounding_vehicle_vis] /onlane_ai_agent_4 http://y:36467/
[rosmaster.master][INFO] 2026-05-06 15:29:08,011: +PUB [/vis/agent_5/obstacle_map] /onlane_ai_agent_5 http://y:43003/
[rosmaster.master][INFO] 2026-05-06 15:29:08,011: +PUB [/vis/agent_0/surrounding_lane_net_vis] /test_ssc_with_eudm_0 http://y:40439/
[rosmaster.master][INFO] 2026-05-06 15:29:08,012: +PUB [/vis/agent_4/speed_limit] /onlane_ai_agent_4 http://y:36467/
[rosmaster.master][INFO] 2026-05-06 15:29:08,013: +SUB [/arena_info_static] /onlane_ai_agent_4 http://y:36467/
[rosmaster.master][INFO] 2026-05-06 15:29:08,013: +SUB [/arena_info_dynamic] /onlane_ai_agent_4 http://y:36467/
[rosmaster.master][INFO] 2026-05-06 15:29:08,015: +SUB [/joy] /onlane_ai_agent_4 http://y:36467/
[rosmaster.master][INFO] 2026-05-06 15:29:08,015: +PUB [/vis/agent_4/forward_trajs] /onlane_ai_agent_4 http://y:36467/
[rosmaster.master][INFO] 2026-05-06 15:29:08,017: +SERVICE [/onlane_ai_agent_7/set_logger_level] /onlane_ai_agent_7 http://y:37111/
[rosmaster.master][INFO] 2026-05-06 15:29:08,022: +PUB [/vis/agent_5/surrounding_lane_net_vis] /onlane_ai_agent_5 http://y:43003/
[rosmaster.master][INFO] 2026-05-06 15:29:08,023: +PUB [/tf] /onlane_ai_agent_8 http://y:33699/
[rosmaster.master][INFO] 2026-05-06 15:29:08,023: +PUB [/vis/agent_9/obstacle_map] /onlane_ai_agent_9 http://y:36239/
[rosmaster.master][INFO] 2026-05-06 15:29:08,023: +PUB [/vis/agent_0/local_lanes_vis] /test_ssc_with_eudm_0 http://y:40439/
[rosmaster.master][INFO] 2026-05-06 15:29:08,023: +PUB [/vis/agent_5/local_lanes_vis] /onlane_ai_agent_5 http://y:43003/
[rosmaster.master][INFO] 2026-05-06 15:29:08,023: +PUB [/vis/agent_0/ego_behavior_vis] /test_ssc_with_eudm_0 http://y:40439/
[rosmaster.master][INFO] 2026-05-06 15:29:08,024: +PUB [/vis/agent_5/ego_behavior_vis] /onlane_ai_agent_5 http://y:43003/
[rosmaster.master][INFO] 2026-05-06 15:29:08,024: +PUB [/vis/agent_0/pred_traj_openloop_vis] /test_ssc_with_eudm_0 http://y:40439/
[rosmaster.master][INFO] 2026-05-06 15:29:08,024: +PUB [/vis/agent_0/pred_initial_intention_vis] /test_ssc_with_eudm_0 http://y:40439/
[rosmaster.master][INFO] 2026-05-06 15:29:08,024: +PUB [/vis/agent_5/pred_traj_openloop_vis] /onlane_ai_agent_5 http://y:43003/
[rosmaster.master][INFO] 2026-05-06 15:29:08,025: +PUB [/vis/agent_0/surrounding_vehicle_vis] /test_ssc_with_eudm_0 http://y:40439/
[rosmaster.master][INFO] 2026-05-06 15:29:08,025: +PUB [/vis/agent_0/speed_limit] /test_ssc_with_eudm_0 http://y:40439/
[rosmaster.master][INFO] 2026-05-06 15:29:08,025: +PUB [/vis/agent_0/ssc/map_vis] /test_ssc_with_eudm_0 http://y:40439/
[rosmaster.master][INFO] 2026-05-06 15:29:08,026: +PUB [/vis/agent_0/ssc/qp_vis] /test_ssc_with_eudm_0 http://y:40439/
[rosmaster.master][INFO] 2026-05-06 15:29:08,028: +PUB [/vis/agent_0/ssc/ego_fs_vis] /test_ssc_with_eudm_0 http://y:40439/
[rosmaster.master][INFO] 2026-05-06 15:29:08,029: +PUB [/vis/agent_0/ssc/forward_trajs_vis] /test_ssc_with_eudm_0 http://y:40439/
[rosmaster.master][INFO] 2026-05-06 15:29:08,030: +PUB [/vis/agent_5/pred_initial_intention_vis] /onlane_ai_agent_5 http://y:43003/
[rosmaster.master][INFO] 2026-05-06 15:29:08,030: +PUB [/vis/agent_0/ssc/sur_vehicle_trajs_vis] /test_ssc_with_eudm_0 http://y:40439/
[rosmaster.master][INFO] 2026-05-06 15:29:08,031: +PUB [/vis/agent_0/ssc/corridor_vis] /test_ssc_with_eudm_0 http://y:40439/
[rosmaster.master][INFO] 2026-05-06 15:29:08,031: +PUB [/vis/agent_5/surrounding_vehicle_vis] /onlane_ai_agent_5 http://y:43003/
[rosmaster.master][INFO] 2026-05-06 15:29:08,031: +PUB [/vis/agent_5/speed_limit] /onlane_ai_agent_5 http://y:43003/
[rosmaster.master][INFO] 2026-05-06 15:29:08,032: +PUB [/ctrl/agent_3] /onlane_ai_agent_3 http://y:42129/
[rosmaster.master][INFO] 2026-05-06 15:29:08,034: +PUB [/ctrl/agent_10] /onlane_ai_agent_10 http://y:36229/
[rosmaster.master][INFO] 2026-05-06 15:29:08,035: +PUB [/vis/agent_9/surrounding_lane_net_vis] /onlane_ai_agent_9 http://y:36239/
[rosmaster.master][INFO] 2026-05-06 15:29:08,036: +PUB [/tf] /onlane_ai_agent_6 http://y:41673/
[rosmaster.master][INFO] 2026-05-06 15:29:08,038: +PUB [/vis/agent_8/ego_vehicle_vis] /onlane_ai_agent_8 http://y:33699/
[rosmaster.master][INFO] 2026-05-06 15:29:08,039: +PUB [/ctrl/agent_7] /onlane_ai_agent_7 http://y:37111/
[rosmaster.master][INFO] 2026-05-06 15:29:08,039: +PUB [/vis/agent_8/obstacle_map] /onlane_ai_agent_8 http://y:33699/
[rosmaster.master][INFO] 2026-05-06 15:29:08,041: +PUB [/tf] /onlane_ai_agent_7 http://y:37111/
[rosmaster.master][INFO] 2026-05-06 15:29:08,041: +PUB [/vis/agent_7/ego_vehicle_vis] /onlane_ai_agent_7 http://y:37111/
[rosmaster.master][INFO] 2026-05-06 15:29:08,041: +PUB [/vis/agent_7/obstacle_map] /onlane_ai_agent_7 http://y:37111/
[rosmaster.master][INFO] 2026-05-06 15:29:08,041: +PUB [/vis/agent_7/surrounding_lane_net_vis] /onlane_ai_agent_7 http://y:37111/
[rosmaster.master][INFO] 2026-05-06 15:29:08,042: +PUB [/vis/agent_7/local_lanes_vis] /onlane_ai_agent_7 http://y:37111/
[rosmaster.master][INFO] 2026-05-06 15:29:08,042: +PUB [/vis/agent_9/local_lanes_vis] /onlane_ai_agent_9 http://y:36239/
[rosmaster.master][INFO] 2026-05-06 15:29:08,042: +PUB [/vis/agent_6/ego_vehicle_vis] /onlane_ai_agent_6 http://y:41673/
[rosmaster.master][INFO] 2026-05-06 15:29:08,043: +PUB [/vis/agent_7/ego_behavior_vis] /onlane_ai_agent_7 http://y:37111/
[rosmaster.master][INFO] 2026-05-06 15:29:08,043: +PUB [/vis/agent_6/obstacle_map] /onlane_ai_agent_6 http://y:41673/
[rosmaster.master][INFO] 2026-05-06 15:29:08,044: +SUB [/joy] /test_ssc_with_eudm_0 http://y:40439/
[rosmaster.master][INFO] 2026-05-06 15:29:08,045: +PUB [/vis/agent_8/surrounding_lane_net_vis] /onlane_ai_agent_8 http://y:33699/
[rosmaster.master][INFO] 2026-05-06 15:29:08,045: +PUB [/vis/agent_7/pred_traj_openloop_vis] /onlane_ai_agent_7 http://y:37111/
[rosmaster.master][INFO] 2026-05-06 15:29:08,046: +SUB [/arena_info_dynamic] /onlane_ai_agent_1 http://y:37699/
[rosmaster.master][INFO] 2026-05-06 15:29:08,046: +PUB [/vis/agent_7/pred_initial_intention_vis] /onlane_ai_agent_7 http://y:37111/
[rosmaster.master][INFO] 2026-05-06 15:29:08,047: +PUB [/vis/agent_8/local_lanes_vis] /onlane_ai_agent_8 http://y:33699/
[rosmaster.master][INFO] 2026-05-06 15:29:08,047: +PUB [/vis/agent_0/forward_trajs] /test_ssc_with_eudm_0 http://y:40439/
[rosmaster.master][INFO] 2026-05-06 15:29:08,048: +PUB [/vis/agent_9/ego_behavior_vis] /onlane_ai_agent_9 http://y:36239/
[rosmaster.master][INFO] 2026-05-06 15:29:08,048: +PUB [/vis/agent_8/ego_behavior_vis] /onlane_ai_agent_8 http://y:33699/
[rosmaster.master][INFO] 2026-05-06 15:29:08,049: +PUB [/vis/agent_7/surrounding_vehicle_vis] /onlane_ai_agent_7 http://y:37111/
[rosmaster.master][INFO] 2026-05-06 15:29:08,049: +SUB [/arena_info_static] /onlane_ai_agent_5 http://y:43003/
[rosmaster.master][INFO] 2026-05-06 15:29:08,051: +PUB [/vis/agent_8/pred_traj_openloop_vis] /onlane_ai_agent_8 http://y:33699/
[rosmaster.master][INFO] 2026-05-06 15:29:08,052: +SUB [/joy] /onlane_ai_agent_1 http://y:37699/
[rosmaster.master][INFO] 2026-05-06 15:29:08,053: +PUB [/vis/agent_7/speed_limit] /onlane_ai_agent_7 http://y:37111/
[rosmaster.master][INFO] 2026-05-06 15:29:08,055: +PUB [/vis/agent_9/pred_traj_openloop_vis] /onlane_ai_agent_9 http://y:36239/
[rosmaster.master][INFO] 2026-05-06 15:29:08,056: +PUB [/ctrl/agent_0] /test_ssc_with_eudm_0 http://y:40439/
[rosmaster.master][INFO] 2026-05-06 15:29:08,056: +PUB [/vis/agent_6/surrounding_lane_net_vis] /onlane_ai_agent_6 http://y:41673/
[rosmaster.master][INFO] 2026-05-06 15:29:08,056: +PUB [/vis/agent_8/pred_initial_intention_vis] /onlane_ai_agent_8 http://y:33699/
[rosmaster.master][INFO] 2026-05-06 15:29:08,057: +PUB [/tf] /onlane_ai_agent_10 http://y:36229/
[rosmaster.master][INFO] 2026-05-06 15:29:08,057: +PUB [/vis/agent_1/forward_trajs] /onlane_ai_agent_1 http://y:37699/
[rosmaster.master][INFO] 2026-05-06 15:29:08,057: +PUB [/tf] /onlane_ai_agent_3 http://y:42129/
[rosmaster.master][INFO] 2026-05-06 15:29:08,057: +SUB [/arena_info_dynamic] /onlane_ai_agent_5 http://y:43003/
[rosmaster.master][INFO] 2026-05-06 15:29:08,058: +PUB [/arena_info_static] /phy_simulator_planning_node http://y:37659/
[rosmaster.master][INFO] 2026-05-06 15:29:08,058: +PUB [/vis/agent_9/pred_initial_intention_vis] /onlane_ai_agent_9 http://y:36239/
[rosmaster.master][INFO] 2026-05-06 15:29:08,058: +SUB [/arena_info_static] /onlane_ai_agent_7 http://y:37111/
[rosmaster.master][INFO] 2026-05-06 15:29:08,059: +PUB [/test_ssc_with_eudm_0/ssc_map] /test_ssc_with_eudm_0 http://y:40439/
[rosmaster.master][INFO] 2026-05-06 15:29:08,060: +PUB [/vis/agent_10/ego_vehicle_vis] /onlane_ai_agent_10 http://y:36229/
[rosmaster.master][INFO] 2026-05-06 15:29:08,060: +PUB [/vis/agent_8/surrounding_vehicle_vis] /onlane_ai_agent_8 http://y:33699/
[rosmaster.master][INFO] 2026-05-06 15:29:08,061: +PUB [/vis/agent_3/ego_vehicle_vis] /onlane_ai_agent_3 http://y:42129/
[rosmaster.master][INFO] 2026-05-06 15:29:08,061: +PUB [/vis/agent_9/surrounding_vehicle_vis] /onlane_ai_agent_9 http://y:36239/
[rosmaster.master][INFO] 2026-05-06 15:29:08,062: +SUB [/joy] /onlane_ai_agent_5 http://y:43003/
[rosmaster.master][INFO] 2026-05-06 15:29:08,062: +PUB [/vis/agent_0/ssc/exec_traj] /test_ssc_with_eudm_0 http://y:40439/
[rosmaster.master][INFO] 2026-05-06 15:29:08,071: +PUB [/vis/agent_6/local_lanes_vis] /onlane_ai_agent_6 http://y:41673/
[rosmaster.master][INFO] 2026-05-06 15:29:08,071: publisherUpdate[/rosout] -> http://y:33281/ ['http://y:37699/', 'http://y:36163/', 'http://y:40439/', 'http://y:42129/', 'http://y:36467/', 'http://y:43003/', 'http://y:33699/', 'http://y:41673/', 'http://y:36229/', 'http://y:36239/', 'http://y:37659/', 'http://y:37111/']
[rosmaster.master][INFO] 2026-05-06 15:29:08,071: publisherUpdate[/arena_info_static] -> http://y:36163/ ['http://y:37659/']
[rosmaster.master][INFO] 2026-05-06 15:29:08,071: +PUB [/vis/agent_10/obstacle_map] /onlane_ai_agent_10 http://y:36229/
[rosmaster.master][INFO] 2026-05-06 15:29:08,072: +PUB [/arena_info_dynamic] /phy_simulator_planning_node http://y:37659/
[rosmaster.master][INFO] 2026-05-06 15:29:08,073: publisherUpdate[/rosout] -> http://y:33281/ ['http://y:37699/', 'http://y:36163/', 'http://y:40439/', 'http://y:42129/', 'http://y:36467/', 'http://y:43003/', 'http://y:33699/', 'http://y:41673/', 'http://y:36229/', 'http://y:36239/', 'http://y:37659/', 'http://y:37111/']: sec=0.00, result=[1, '', 0]
[rosmaster.master][INFO] 2026-05-06 15:29:08,073: publisherUpdate[/arena_info_static] -> http://y:36163/ ['http://y:37659/']: sec=0.00, result=[1, '', 0]
[rosmaster.master][INFO] 2026-05-06 15:29:08,074: publisherUpdate[/arena_info_static] -> http://y:36467/ ['http://y:37659/']
[rosmaster.master][INFO] 2026-05-06 15:29:08,073: +PUB [/vis/agent_8/speed_limit] /onlane_ai_agent_8 http://y:33699/
[rosmaster.master][INFO] 2026-05-06 15:29:08,074: publisherUpdate[/arena_info_static] -> http://y:37699/ ['http://y:37659/']
[rosmaster.master][INFO] 2026-05-06 15:29:08,074: +SUB [/arena_info_dynamic] /onlane_ai_agent_7 http://y:37111/
[rosmaster.master][INFO] 2026-05-06 15:29:08,074: +PUB [/vis/agent_3/obstacle_map] /onlane_ai_agent_3 http://y:42129/
[rosmaster.master][INFO] 2026-05-06 15:29:08,075: publisherUpdate[/arena_info_static] -> http://y:36467/ ['http://y:37659/']: sec=0.00, result=[1, '', 0]
[rosmaster.master][INFO] 2026-05-06 15:29:08,075: publisherUpdate[/arena_info_static] -> http://y:37699/ ['http://y:37659/']: sec=0.00, result=[1, '', 0]
[rosmaster.master][INFO] 2026-05-06 15:29:08,076: publisherUpdate[/arena_info_static] -> http://y:43003/ ['http://y:37659/']
[rosmaster.master][INFO] 2026-05-06 15:29:08,076: +PUB [/vis/agent_9/speed_limit] /onlane_ai_agent_9 http://y:36239/
[rosmaster.master][INFO] 2026-05-06 15:29:08,076: publisherUpdate[/arena_info_dynamic] -> http://y:36163/ ['http://y:37659/']
[rosmaster.master][INFO] 2026-05-06 15:29:08,078: publisherUpdate[/arena_info_dynamic] -> http://y:36163/ ['http://y:37659/']: sec=0.00, result=[1, '', 0]
[rosmaster.master][INFO] 2026-05-06 15:29:08,078: publisherUpdate[/arena_info_dynamic] -> http://y:36467/ ['http://y:37659/']
[rosmaster.master][INFO] 2026-05-06 15:29:08,078: +PUB [/vis/agent_6/ego_behavior_vis] /onlane_ai_agent_6 http://y:41673/
[rosmaster.master][INFO] 2026-05-06 15:29:08,078: +PUB [/vis/agent_5/forward_trajs] /onlane_ai_agent_5 http://y:43003/
[rosmaster.master][INFO] 2026-05-06 15:29:08,079: publisherUpdate[/arena_info_dynamic] -> http://y:36467/ ['http://y:37659/']: sec=0.00, result=[1, '', 0]
[rosmaster.master][INFO] 2026-05-06 15:29:08,079: publisherUpdate[/arena_info_dynamic] -> http://y:37699/ ['http://y:37659/']
[rosmaster.master][INFO] 2026-05-06 15:29:08,079: +PUB [/vis/agent_10/surrounding_lane_net_vis] /onlane_ai_agent_10 http://y:36229/
[rosmaster.master][INFO] 2026-05-06 15:29:08,079: +SUB [/arena_info_static] /test_ssc_with_eudm_0 http://y:40439/
[rosmaster.master][INFO] 2026-05-06 15:29:08,079: publisherUpdate[/arena_info_dynamic] -> http://y:37699/ ['http://y:37659/']: sec=0.00, result=[1, '', 0]
[rosmaster.master][INFO] 2026-05-06 15:29:08,080: +PUB [/phy_simulator_planning_node/vis/vehicle_set_vis] /phy_simulator_planning_node http://y:37659/
[rosmaster.master][INFO] 2026-05-06 15:29:08,080: +SUB [/joy] /onlane_ai_agent_7 http://y:37111/
[rosmaster.master][INFO] 2026-05-06 15:29:08,081: +SUB [/arena_info_static] /onlane_ai_agent_8 http://y:33699/
[rosmaster.master][INFO] 2026-05-06 15:29:08,081: +PUB [/vis/agent_3/surrounding_lane_net_vis] /onlane_ai_agent_3 http://y:42129/
[rosmaster.master][INFO] 2026-05-06 15:29:08,082: +SUB [/arena_info_static] /onlane_ai_agent_9 http://y:36239/
[rosmaster.master][INFO] 2026-05-06 15:29:08,082: +PUB [/vis/agent_6/pred_traj_openloop_vis] /onlane_ai_agent_6 http://y:41673/
[rosmaster.master][INFO] 2026-05-06 15:29:08,083: +PUB [/vis/agent_10/local_lanes_vis] /onlane_ai_agent_10 http://y:36229/
[rosmaster.master][INFO] 2026-05-06 15:29:08,083: +PUB [/phy_simulator_planning_node/vis/lane_net_vis] /phy_simulator_planning_node http://y:37659/
[rosmaster.master][INFO] 2026-05-06 15:29:08,083: +SUB [/arena_info_dynamic] /test_ssc_with_eudm_0 http://y:40439/
[rosmaster.master][INFO] 2026-05-06 15:29:08,084: +PUB [/vis/agent_7/forward_trajs] /onlane_ai_agent_7 http://y:37111/
[rosmaster.master][INFO] 2026-05-06 15:29:08,084: +PUB [/vis/agent_3/local_lanes_vis] /onlane_ai_agent_3 http://y:42129/
[rosmaster.master][INFO] 2026-05-06 15:29:08,084: +SUB [/arena_info_dynamic] /onlane_ai_agent_8 http://y:33699/
[rosmaster.master][INFO] 2026-05-06 15:29:08,084: +PUB [/vis/agent_6/pred_initial_intention_vis] /onlane_ai_agent_6 http://y:41673/
[rosmaster.master][INFO] 2026-05-06 15:29:08,086: +PUB [/vis/agent_10/ego_behavior_vis] /onlane_ai_agent_10 http://y:36229/
[rosmaster.master][INFO] 2026-05-06 15:29:08,086: +PUB [/phy_simulator_planning_node/vis/obstacle_set_vis] /phy_simulator_planning_node http://y:37659/
[rosmaster.master][INFO] 2026-05-06 15:29:08,086: +SUB [/arena_info_dynamic] /onlane_ai_agent_9 http://y:36239/
[rosmaster.master][INFO] 2026-05-06 15:29:08,087: +PUB [/vis/agent_3/ego_behavior_vis] /onlane_ai_agent_3 http://y:42129/
[rosmaster.master][INFO] 2026-05-06 15:29:08,087: +PUB [/vis/agent_10/pred_traj_openloop_vis] /onlane_ai_agent_10 http://y:36229/
[rosmaster.master][INFO] 2026-05-06 15:29:08,088: +SUB [/joy] /onlane_ai_agent_8 http://y:33699/
[rosmaster.master][INFO] 2026-05-06 15:29:08,089: publisherUpdate[/arena_info_static] -> http://y:43003/ ['http://y:37659/']: sec=0.01, result=[1, '', 0]
[rosmaster.master][INFO] 2026-05-06 15:29:08,089: publisherUpdate[/arena_info_dynamic] -> http://y:43003/ ['http://y:37659/']
[rosmaster.master][INFO] 2026-05-06 15:29:08,089: +PUB [/vis/agent_6/surrounding_vehicle_vis] /onlane_ai_agent_6 http://y:41673/
[rosmaster.master][INFO] 2026-05-06 15:29:08,090: publisherUpdate[/arena_info_dynamic] -> http://y:43003/ ['http://y:37659/']: sec=0.00, result=[1, '', 0]
[rosmaster.master][INFO] 2026-05-06 15:29:08,090: +PUB [/vis/agent_3/pred_traj_openloop_vis] /onlane_ai_agent_3 http://y:42129/
[rosmaster.master][INFO] 2026-05-06 15:29:08,090: +SUB [/ctrl/agent_10] /phy_simulator_planning_node http://y:37659/
[rosmaster.master][INFO] 2026-05-06 15:29:08,090: +PUB [/vis/agent_10/pred_initial_intention_vis] /onlane_ai_agent_10 http://y:36229/
[rosmaster.master][INFO] 2026-05-06 15:29:08,091: +SUB [/joy] /onlane_ai_agent_9 http://y:36239/
[rosmaster.master][INFO] 2026-05-06 15:29:08,092: +PUB [/vis/agent_8/forward_trajs] /onlane_ai_agent_8 http://y:33699/
[rosmaster.master][INFO] 2026-05-06 15:29:08,092: +PUB [/vis/agent_6/speed_limit] /onlane_ai_agent_6 http://y:41673/
[rosmaster.master][INFO] 2026-05-06 15:29:08,092: +PUB [/vis/agent_3/pred_initial_intention_vis] /onlane_ai_agent_3 http://y:42129/
[rosmaster.master][INFO] 2026-05-06 15:29:08,092: +PUB [/vis/agent_10/surrounding_vehicle_vis] /onlane_ai_agent_10 http://y:36229/
[rosmaster.master][INFO] 2026-05-06 15:29:08,093: +PUB [/vis/agent_9/forward_trajs] /onlane_ai_agent_9 http://y:36239/
[rosmaster.master][INFO] 2026-05-06 15:29:08,093: +SUB [/ctrl/agent_9] /phy_simulator_planning_node http://y:37659/
[rosmaster.master][INFO] 2026-05-06 15:29:08,094: +PUB [/vis/agent_3/surrounding_vehicle_vis] /onlane_ai_agent_3 http://y:42129/
[rosmaster.master][INFO] 2026-05-06 15:29:08,095: +PUB [/vis/agent_10/speed_limit] /onlane_ai_agent_10 http://y:36229/
[rosmaster.master][INFO] 2026-05-06 15:29:08,095: +SUB [/arena_info_static] /onlane_ai_agent_6 http://y:41673/
[rosmaster.master][INFO] 2026-05-06 15:29:08,095: +PUB [/vis/agent_3/speed_limit] /onlane_ai_agent_3 http://y:42129/
[rosmaster.master][INFO] 2026-05-06 15:29:08,096: +SUB [/ctrl/agent_8] /phy_simulator_planning_node http://y:37659/
[rosmaster.master][INFO] 2026-05-06 15:29:08,096: +SUB [/arena_info_static] /onlane_ai_agent_10 http://y:36229/
[rosmaster.master][INFO] 2026-05-06 15:29:08,098: +SUB [/arena_info_dynamic] /onlane_ai_agent_6 http://y:41673/
[rosmaster.master][INFO] 2026-05-06 15:29:08,099: +SUB [/ctrl/agent_7] /phy_simulator_planning_node http://y:37659/
[rosmaster.master][INFO] 2026-05-06 15:29:08,100: +SUB [/arena_info_static] /onlane_ai_agent_3 http://y:42129/
[rosmaster.master][INFO] 2026-05-06 15:29:08,100: +SUB [/arena_info_dynamic] /onlane_ai_agent_10 http://y:36229/
[rosmaster.master][INFO] 2026-05-06 15:29:08,101: +SUB [/ctrl/agent_6] /phy_simulator_planning_node http://y:37659/
[rosmaster.master][INFO] 2026-05-06 15:29:08,102: +SUB [/joy] /onlane_ai_agent_10 http://y:36229/
[rosmaster.master][INFO] 2026-05-06 15:29:08,103: +SUB [/ctrl/agent_5] /phy_simulator_planning_node http://y:37659/
[rosmaster.master][INFO] 2026-05-06 15:29:08,103: +PUB [/vis/agent_10/forward_trajs] /onlane_ai_agent_10 http://y:36229/
[rosmaster.master][INFO] 2026-05-06 15:29:08,104: +SUB [/arena_info_dynamic] /onlane_ai_agent_3 http://y:42129/
[rosmaster.master][INFO] 2026-05-06 15:29:08,104: +SUB [/joy] /onlane_ai_agent_6 http://y:41673/
[rosmaster.master][INFO] 2026-05-06 15:29:08,105: +PUB [/vis/agent_6/forward_trajs] /onlane_ai_agent_6 http://y:41673/
[rosmaster.master][INFO] 2026-05-06 15:29:08,106: +SUB [/ctrl/agent_4] /phy_simulator_planning_node http://y:37659/
[rosmaster.master][INFO] 2026-05-06 15:29:08,106: +SUB [/joy] /onlane_ai_agent_3 http://y:42129/
[rosmaster.master][INFO] 2026-05-06 15:29:08,107: +PUB [/vis/agent_3/forward_trajs] /onlane_ai_agent_3 http://y:42129/
[rosmaster.master][INFO] 2026-05-06 15:29:08,107: +SUB [/ctrl/agent_3] /phy_simulator_planning_node http://y:37659/
[rosmaster.master][INFO] 2026-05-06 15:29:08,108: +SUB [/ctrl/agent_2] /phy_simulator_planning_node http://y:37659/
[rosmaster.master][INFO] 2026-05-06 15:29:08,108: +SUB [/ctrl/agent_1] /phy_simulator_planning_node http://y:37659/
[rosmaster.master][INFO] 2026-05-06 15:29:08,109: +SUB [/ctrl/agent_0] /phy_simulator_planning_node http://y:37659/
[rosmaster.master][INFO] 2026-05-06 15:29:08,109: +SUB [/initialpose] /phy_simulator_planning_node http://y:37659/
[rosmaster.master][INFO] 2026-05-06 15:29:08,110: +SUB [/move_base_simple/goal] /phy_simulator_planning_node http://y:37659/
[rosmaster.master][INFO] 2026-05-06 15:29:08,394: +CACHEDPARAM [/rosout/omit_topics] by /rosout
[rosmaster.master][INFO] 2026-05-06 15:29:15,627: +PUB [/rosout] /epsilon_metric_collector_306430_1778052555514 http://y:44139/
[rosmaster.master][INFO] 2026-05-06 15:29:15,629: +SERVICE [/epsilon_metric_collector_306430_1778052555514/get_loggers] /epsilon_metric_collector_306430_1778052555514 http://y:44139/
[rosmaster.master][INFO] 2026-05-06 15:29:15,630: +SERVICE [/epsilon_metric_collector_306430_1778052555514/set_logger_level] /epsilon_metric_collector_306430_1778052555514 http://y:44139/
[rosmaster.master][INFO] 2026-05-06 15:29:15,631: +SUB [/arena_info_dynamic] /epsilon_metric_collector_306430_1778052555514 http://y:44139/
[rosmaster.master][INFO] 2026-05-06 15:29:15,692: publisherUpdate[/rosout] -> http://y:33281/ ['http://y:37699/', 'http://y:36163/', 'http://y:40439/', 'http://y:42129/', 'http://y:36467/', 'http://y:43003/', 'http://y:33699/', 'http://y:41673/', 'http://y:36229/', 'http://y:36239/', 'http://y:37659/', 'http://y:37111/', 'http://y:44139/']
[rosmaster.master][INFO] 2026-05-06 15:29:15,693: publisherUpdate[/rosout] -> http://y:33281/ ['http://y:37699/', 'http://y:36163/', 'http://y:40439/', 'http://y:42129/', 'http://y:36467/', 'http://y:43003/', 'http://y:33699/', 'http://y:41673/', 'http://y:36229/', 'http://y:36239/', 'http://y:37659/', 'http://y:37111/', 'http://y:44139/']: sec=0.00, result=[1, '', 0]
[rosmaster.master][INFO] 2026-05-06 15:30:15,276: -SUB [/arena_info_dynamic] /epsilon_metric_collector_306430_1778052555514 http://y:44139/
[rosmaster.master][INFO] 2026-05-06 15:30:15,276: -PUB [/rosout] /epsilon_metric_collector_306430_1778052555514 http://y:44139/
[rosmaster.master][INFO] 2026-05-06 15:30:15,276: -SERVICE [/epsilon_metric_collector_306430_1778052555514/get_loggers] /epsilon_metric_collector_306430_1778052555514 rosrpc://y:45771
[rosmaster.master][INFO] 2026-05-06 15:30:15,276: -SERVICE [/epsilon_metric_collector_306430_1778052555514/set_logger_level] /epsilon_metric_collector_306430_1778052555514 rosrpc://y:45771
[rosmaster.master][INFO] 2026-05-06 15:30:15,297: publisherUpdate[/rosout] -> http://y:33281/ ['http://y:37699/', 'http://y:36163/', 'http://y:40439/', 'http://y:42129/', 'http://y:36467/', 'http://y:43003/', 'http://y:33699/', 'http://y:41673/', 'http://y:36229/', 'http://y:36239/', 'http://y:37659/', 'http://y:37111/']
[rosmaster.master][INFO] 2026-05-06 15:30:15,297: publisherUpdate[/rosout] -> http://y:33281/ ['http://y:37699/', 'http://y:36163/', 'http://y:40439/', 'http://y:42129/', 'http://y:36467/', 'http://y:43003/', 'http://y:33699/', 'http://y:41673/', 'http://y:36229/', 'http://y:36239/', 'http://y:37659/', 'http://y:37111/']: sec=0.00, result=[1, '', 0]
[rosmaster.master][INFO] 2026-05-06 15:30:16,201: +PUB [/rosout] /rostopic_339175_1778052616176 http://y:34921/
[rosmaster.master][INFO] 2026-05-06 15:30:16,203: +SERVICE [/rostopic_339175_1778052616176/get_loggers] /rostopic_339175_1778052616176 http://y:34921/
[rosmaster.master][INFO] 2026-05-06 15:30:16,203: +SERVICE [/rostopic_339175_1778052616176/set_logger_level] /rostopic_339175_1778052616176 http://y:34921/
[rosmaster.master][INFO] 2026-05-06 15:30:16,217: +SUB [/arena_info_dynamic] /rostopic_339175_1778052616176 http://y:34921/
[rosmaster.master][INFO] 2026-05-06 15:30:16,299: publisherUpdate[/rosout] -> http://y:33281/ ['http://y:37699/', 'http://y:36163/', 'http://y:40439/', 'http://y:42129/', 'http://y:36467/', 'http://y:43003/', 'http://y:33699/', 'http://y:41673/', 'http://y:36229/', 'http://y:36239/', 'http://y:37659/', 'http://y:37111/', 'http://y:34921/']
[rosmaster.master][INFO] 2026-05-06 15:30:16,300: publisherUpdate[/rosout] -> http://y:33281/ ['http://y:37699/', 'http://y:36163/', 'http://y:40439/', 'http://y:42129/', 'http://y:36467/', 'http://y:43003/', 'http://y:33699/', 'http://y:41673/', 'http://y:36229/', 'http://y:36239/', 'http://y:37659/', 'http://y:37111/', 'http://y:34921/']: sec=0.00, result=[1, '', 0]
[rosmaster.master][INFO] 2026-05-06 15:30:30,905: -SUB [/arena_info_dynamic] /rostopic_339175_1778052616176 http://y:34921/
[rosmaster.master][INFO] 2026-05-06 15:30:30,905: -PUB [/rosout] /rostopic_339175_1778052616176 http://y:34921/
[rosmaster.master][INFO] 2026-05-06 15:30:30,905: -SERVICE [/rostopic_339175_1778052616176/get_loggers] /rostopic_339175_1778052616176 rosrpc://y:39805
[rosmaster.master][INFO] 2026-05-06 15:30:30,905: -SERVICE [/rostopic_339175_1778052616176/set_logger_level] /rostopic_339175_1778052616176 rosrpc://y:39805
[rosmaster.master][INFO] 2026-05-06 15:30:30,924: publisherUpdate[/rosout] -> http://y:33281/ ['http://y:37699/', 'http://y:36163/', 'http://y:40439/', 'http://y:42129/', 'http://y:36467/', 'http://y:43003/', 'http://y:33699/', 'http://y:41673/', 'http://y:36229/', 'http://y:36239/', 'http://y:37659/', 'http://y:37111/']
[rosmaster.master][INFO] 2026-05-06 15:30:30,924: publisherUpdate[/rosout] -> http://y:33281/ ['http://y:37699/', 'http://y:36163/', 'http://y:40439/', 'http://y:42129/', 'http://y:36467/', 'http://y:43003/', 'http://y:33699/', 'http://y:41673/', 'http://y:36229/', 'http://y:36239/', 'http://y:37659/', 'http://y:37111/']: sec=0.00, result=[1, '', 0]
[rosmaster.master][INFO] 2026-05-06 15:30:31,570: -PUB [/rosout] /onlane_ai_agent_9 http://y:36239/
[rosmaster.master][INFO] 2026-05-06 15:30:31,571: -PUB [/ctrl/agent_9] /onlane_ai_agent_9 http://y:36239/
[rosmaster.master][INFO] 2026-05-06 15:30:31,572: -PUB [/tf] /onlane_ai_agent_9 http://y:36239/
[rosmaster.master][INFO] 2026-05-06 15:30:31,572: -PUB [/vis/agent_9/ego_vehicle_vis] /onlane_ai_agent_9 http://y:36239/
[rosmaster.master][INFO] 2026-05-06 15:30:31,573: -PUB [/vis/agent_9/obstacle_map] /onlane_ai_agent_9 http://y:36239/
[rosmaster.master][INFO] 2026-05-06 15:30:31,573: -PUB [/vis/agent_9/surrounding_lane_net_vis] /onlane_ai_agent_9 http://y:36239/
[rosmaster.master][INFO] 2026-05-06 15:30:31,574: -PUB [/vis/agent_9/local_lanes_vis] /onlane_ai_agent_9 http://y:36239/
[rosmaster.master][INFO] 2026-05-06 15:30:31,574: -PUB [/vis/agent_9/ego_behavior_vis] /onlane_ai_agent_9 http://y:36239/
[rosmaster.master][INFO] 2026-05-06 15:30:31,574: -PUB [/vis/agent_9/pred_traj_openloop_vis] /onlane_ai_agent_9 http://y:36239/
[rosmaster.master][INFO] 2026-05-06 15:30:31,575: -PUB [/vis/agent_9/pred_initial_intention_vis] /onlane_ai_agent_9 http://y:36239/
[rosmaster.master][INFO] 2026-05-06 15:30:31,575: -PUB [/vis/agent_9/surrounding_vehicle_vis] /onlane_ai_agent_9 http://y:36239/
[rosmaster.master][INFO] 2026-05-06 15:30:31,575: -PUB [/vis/agent_9/speed_limit] /onlane_ai_agent_9 http://y:36239/
[rosmaster.master][INFO] 2026-05-06 15:30:31,576: -PUB [/vis/agent_9/forward_trajs] /onlane_ai_agent_9 http://y:36239/
[rosmaster.master][INFO] 2026-05-06 15:30:31,576: -SUB [/arena_info_static] /onlane_ai_agent_9 http://y:36239/
[rosmaster.master][INFO] 2026-05-06 15:30:31,576: -SUB [/arena_info_dynamic] /onlane_ai_agent_9 http://y:36239/
[rosmaster.master][INFO] 2026-05-06 15:30:31,577: -SUB [/joy] /onlane_ai_agent_9 http://y:36239/
[rosmaster.master][INFO] 2026-05-06 15:30:31,577: -SERVICE [/onlane_ai_agent_9/get_loggers] /onlane_ai_agent_9 rosrpc://y:51261
[rosmaster.master][INFO] 2026-05-06 15:30:31,577: -SERVICE [/onlane_ai_agent_9/set_logger_level] /onlane_ai_agent_9 rosrpc://y:51261
[rosmaster.master][INFO] 2026-05-06 15:30:31,625: publisherUpdate[/rosout] -> http://y:33281/ ['http://y:37699/', 'http://y:36163/', 'http://y:40439/', 'http://y:42129/', 'http://y:36467/', 'http://y:43003/', 'http://y:33699/', 'http://y:41673/', 'http://y:36229/', 'http://y:37659/', 'http://y:37111/']
[rosmaster.master][INFO] 2026-05-06 15:30:31,626: publisherUpdate[/ctrl/agent_9] -> http://y:37659/ []
[rosmaster.master][INFO] 2026-05-06 15:30:31,626: publisherUpdate[/rosout] -> http://y:33281/ ['http://y:37699/', 'http://y:36163/', 'http://y:40439/', 'http://y:42129/', 'http://y:36467/', 'http://y:43003/', 'http://y:33699/', 'http://y:41673/', 'http://y:36229/', 'http://y:37659/', 'http://y:37111/']: sec=0.00, result=[1, '', 0]
[rosmaster.master][INFO] 2026-05-06 15:30:31,627: publisherUpdate[/ctrl/agent_9] -> http://y:37659/ []: sec=0.00, result=[0, 'Unknown Error', 0]
[rosmaster.master][INFO] 2026-05-06 15:30:31,667: -PUB [/rosout] /onlane_ai_agent_7 http://y:37111/
[rosmaster.master][INFO] 2026-05-06 15:30:31,668: -PUB [/rosout] /onlane_ai_agent_10 http://y:36229/
[rosmaster.master][INFO] 2026-05-06 15:30:31,669: -PUB [/rosout] /onlane_ai_agent_3 http://y:42129/
[rosmaster.master][INFO] 2026-05-06 15:30:31,670: -PUB [/rosout] /onlane_ai_agent_8 http://y:33699/
[rosmaster.master][INFO] 2026-05-06 15:30:31,671: -PUB [/ctrl/agent_10] /onlane_ai_agent_10 http://y:36229/
[rosmaster.master][INFO] 2026-05-06 15:30:31,671: -PUB [/ctrl/agent_3] /onlane_ai_agent_3 http://y:42129/
[rosmaster.master][INFO] 2026-05-06 15:30:31,672: -PUB [/ctrl/agent_8] /onlane_ai_agent_8 http://y:33699/
[rosmaster.master][INFO] 2026-05-06 15:30:31,673: -PUB [/ctrl/agent_7] /onlane_ai_agent_7 http://y:37111/
[rosmaster.master][INFO] 2026-05-06 15:30:31,674: -PUB [/tf] /onlane_ai_agent_10 http://y:36229/
[rosmaster.master][INFO] 2026-05-06 15:30:31,674: -PUB [/tf] /onlane_ai_agent_3 http://y:42129/
[rosmaster.master][INFO] 2026-05-06 15:30:31,676: -PUB [/tf] /onlane_ai_agent_8 http://y:33699/
[rosmaster.master][INFO] 2026-05-06 15:30:31,676: -PUB [/vis/agent_10/ego_vehicle_vis] /onlane_ai_agent_10 http://y:36229/
[rosmaster.master][INFO] 2026-05-06 15:30:31,677: -PUB [/tf] /onlane_ai_agent_7 http://y:37111/
[rosmaster.master][INFO] 2026-05-06 15:30:31,678: -PUB [/rosout] /onlane_ai_agent_2 http://y:36163/
[rosmaster.master][INFO] 2026-05-06 15:30:31,679: -PUB [/vis/agent_3/ego_vehicle_vis] /onlane_ai_agent_3 http://y:42129/
[rosmaster.master][INFO] 2026-05-06 15:30:31,679: -PUB [/vis/agent_8/ego_vehicle_vis] /onlane_ai_agent_8 http://y:33699/
[rosmaster.master][INFO] 2026-05-06 15:30:31,680: -PUB [/vis/agent_10/obstacle_map] /onlane_ai_agent_10 http://y:36229/
[rosmaster.master][INFO] 2026-05-06 15:30:31,681: -PUB [/vis/agent_7/ego_vehicle_vis] /onlane_ai_agent_7 http://y:37111/
[rosmaster.master][INFO] 2026-05-06 15:30:31,681: -PUB [/vis/agent_3/obstacle_map] /onlane_ai_agent_3 http://y:42129/
[rosmaster.master][INFO] 2026-05-06 15:30:31,681: -PUB [/vis/agent_8/obstacle_map] /onlane_ai_agent_8 http://y:33699/
[rosmaster.master][INFO] 2026-05-06 15:30:31,682: -PUB [/ctrl/agent_2] /onlane_ai_agent_2 http://y:36163/
[rosmaster.master][INFO] 2026-05-06 15:30:31,683: -PUB [/vis/agent_7/obstacle_map] /onlane_ai_agent_7 http://y:37111/
[rosmaster.master][INFO] 2026-05-06 15:30:31,684: -PUB [/vis/agent_3/surrounding_lane_net_vis] /onlane_ai_agent_3 http://y:42129/
[rosmaster.master][INFO] 2026-05-06 15:30:31,685: -PUB [/vis/agent_8/surrounding_lane_net_vis] /onlane_ai_agent_8 http://y:33699/
[rosmaster.master][INFO] 2026-05-06 15:30:31,685: -PUB [/tf] /onlane_ai_agent_2 http://y:36163/
[rosmaster.master][INFO] 2026-05-06 15:30:31,686: -PUB [/vis/agent_10/surrounding_lane_net_vis] /onlane_ai_agent_10 http://y:36229/
[rosmaster.master][INFO] 2026-05-06 15:30:31,686: -PUB [/vis/agent_7/surrounding_lane_net_vis] /onlane_ai_agent_7 http://y:37111/
[rosmaster.master][INFO] 2026-05-06 15:30:31,687: -PUB [/vis/agent_3/local_lanes_vis] /onlane_ai_agent_3 http://y:42129/
[rosmaster.master][INFO] 2026-05-06 15:30:31,687: -PUB [/vis/agent_8/local_lanes_vis] /onlane_ai_agent_8 http://y:33699/
[rosmaster.master][INFO] 2026-05-06 15:30:31,688: -PUB [/vis/agent_2/ego_vehicle_vis] /onlane_ai_agent_2 http://y:36163/
[rosmaster.master][INFO] 2026-05-06 15:30:31,689: -PUB [/vis/agent_7/local_lanes_vis] /onlane_ai_agent_7 http://y:37111/
[rosmaster.master][INFO] 2026-05-06 15:30:31,689: -PUB [/vis/agent_3/ego_behavior_vis] /onlane_ai_agent_3 http://y:42129/
[rosmaster.master][INFO] 2026-05-06 15:30:31,690: -PUB [/vis/agent_10/local_lanes_vis] /onlane_ai_agent_10 http://y:36229/
[rosmaster.master][INFO] 2026-05-06 15:30:31,690: -PUB [/vis/agent_8/ego_behavior_vis] /onlane_ai_agent_8 http://y:33699/
[rosmaster.master][INFO] 2026-05-06 15:30:31,691: -PUB [/vis/agent_7/ego_behavior_vis] /onlane_ai_agent_7 http://y:37111/
[rosmaster.master][INFO] 2026-05-06 15:30:31,691: -PUB [/vis/agent_2/obstacle_map] /onlane_ai_agent_2 http://y:36163/
[rosmaster.master][INFO] 2026-05-06 15:30:31,692: -PUB [/vis/agent_3/pred_traj_openloop_vis] /onlane_ai_agent_3 http://y:42129/
[rosmaster.master][INFO] 2026-05-06 15:30:31,692: -PUB [/vis/agent_10/ego_behavior_vis] /onlane_ai_agent_10 http://y:36229/
[rosmaster.master][INFO] 2026-05-06 15:30:31,693: -PUB [/vis/agent_7/pred_traj_openloop_vis] /onlane_ai_agent_7 http://y:37111/
[rosmaster.master][INFO] 2026-05-06 15:30:31,693: -PUB [/vis/agent_8/pred_traj_openloop_vis] /onlane_ai_agent_8 http://y:33699/
[rosmaster.master][INFO] 2026-05-06 15:30:31,694: -PUB [/vis/agent_2/surrounding_lane_net_vis] /onlane_ai_agent_2 http://y:36163/
[rosmaster.master][INFO] 2026-05-06 15:30:31,694: -PUB [/vis/agent_3/pred_initial_intention_vis] /onlane_ai_agent_3 http://y:42129/
[rosmaster.master][INFO] 2026-05-06 15:30:31,694: -PUB [/vis/agent_10/pred_traj_openloop_vis] /onlane_ai_agent_10 http://y:36229/
[rosmaster.master][INFO] 2026-05-06 15:30:31,695: -PUB [/vis/agent_7/pred_initial_intention_vis] /onlane_ai_agent_7 http://y:37111/
[rosmaster.master][INFO] 2026-05-06 15:30:31,695: -PUB [/vis/agent_2/local_lanes_vis] /onlane_ai_agent_2 http://y:36163/
[rosmaster.master][INFO] 2026-05-06 15:30:31,696: -PUB [/vis/agent_8/pred_initial_intention_vis] /onlane_ai_agent_8 http://y:33699/
[rosmaster.master][INFO] 2026-05-06 15:30:31,696: -PUB [/vis/agent_3/surrounding_vehicle_vis] /onlane_ai_agent_3 http://y:42129/
[rosmaster.master][INFO] 2026-05-06 15:30:31,696: -PUB [/vis/agent_10/pred_initial_intention_vis] /onlane_ai_agent_10 http://y:36229/
[rosmaster.master][INFO] 2026-05-06 15:30:31,697: -PUB [/vis/agent_7/surrounding_vehicle_vis] /onlane_ai_agent_7 http://y:37111/
[rosmaster.master][INFO] 2026-05-06 15:30:31,698: -PUB [/vis/agent_2/ego_behavior_vis] /onlane_ai_agent_2 http://y:36163/
[rosmaster.master][INFO] 2026-05-06 15:30:31,698: -PUB [/vis/agent_3/speed_limit] /onlane_ai_agent_3 http://y:42129/
[rosmaster.master][INFO] 2026-05-06 15:30:31,722: -PUB [/vis/agent_8/surrounding_vehicle_vis] /onlane_ai_agent_8 http://y:33699/
[rosmaster.master][INFO] 2026-05-06 15:30:31,723: -PUB [/vis/agent_10/surrounding_vehicle_vis] /onlane_ai_agent_10 http://y:36229/
[rosmaster.master][INFO] 2026-05-06 15:30:31,724: -PUB [/vis/agent_7/speed_limit] /onlane_ai_agent_7 http://y:37111/
[rosmaster.master][INFO] 2026-05-06 15:30:31,724: -PUB [/vis/agent_2/pred_traj_openloop_vis] /onlane_ai_agent_2 http://y:36163/
[rosmaster.master][INFO] 2026-05-06 15:30:31,725: -PUB [/vis/agent_3/forward_trajs] /onlane_ai_agent_3 http://y:42129/
[rosmaster.master][INFO] 2026-05-06 15:30:31,726: -PUB [/vis/agent_8/speed_limit] /onlane_ai_agent_8 http://y:33699/
[rosmaster.master][INFO] 2026-05-06 15:30:31,726: -PUB [/vis/agent_10/speed_limit] /onlane_ai_agent_10 http://y:36229/
[rosmaster.master][INFO] 2026-05-06 15:30:31,727: -PUB [/vis/agent_7/forward_trajs] /onlane_ai_agent_7 http://y:37111/
[rosmaster.master][INFO] 2026-05-06 15:30:31,728: publisherUpdate[/rosout] -> http://y:33281/ ['http://y:37699/', 'http://y:36163/', 'http://y:40439/', 'http://y:42129/', 'http://y:36467/', 'http://y:43003/', 'http://y:33699/', 'http://y:41673/', 'http://y:36229/', 'http://y:37659/']
[rosmaster.master][INFO] 2026-05-06 15:30:31,728: publisherUpdate[/ctrl/agent_10] -> http://y:37659/ []
[rosmaster.master][INFO] 2026-05-06 15:30:31,729: publisherUpdate[/rosout] -> http://y:33281/ ['http://y:37699/', 'http://y:36163/', 'http://y:40439/', 'http://y:42129/', 'http://y:36467/', 'http://y:43003/', 'http://y:33699/', 'http://y:41673/', 'http://y:36229/', 'http://y:37659/']: sec=0.00, result=[1, '', 0]
[rosmaster.master][INFO] 2026-05-06 15:30:31,730: publisherUpdate[/rosout] -> http://y:33281/ ['http://y:37699/', 'http://y:36163/', 'http://y:40439/', 'http://y:42129/', 'http://y:36467/', 'http://y:43003/', 'http://y:33699/', 'http://y:41673/', 'http://y:37659/']
[rosmaster.master][INFO] 2026-05-06 15:30:31,729: -SUB [/arena_info_static] /onlane_ai_agent_3 http://y:42129/
[rosmaster.master][INFO] 2026-05-06 15:30:31,731: publisherUpdate[/rosout] -> http://y:33281/ ['http://y:37699/', 'http://y:36163/', 'http://y:40439/', 'http://y:42129/', 'http://y:36467/', 'http://y:43003/', 'http://y:33699/', 'http://y:41673/', 'http://y:37659/']: sec=0.00, result=[1, '', 0]
[rosmaster.master][INFO] 2026-05-06 15:30:31,731: -PUB [/vis/agent_2/pred_initial_intention_vis] /onlane_ai_agent_2 http://y:36163/
[rosmaster.master][INFO] 2026-05-06 15:30:31,731: publisherUpdate[/rosout] -> http://y:33281/ ['http://y:37699/', 'http://y:36163/', 'http://y:40439/', 'http://y:36467/', 'http://y:43003/', 'http://y:33699/', 'http://y:41673/', 'http://y:37659/']
[rosmaster.master][INFO] 2026-05-06 15:30:31,731: -PUB [/vis/agent_10/forward_trajs] /onlane_ai_agent_10 http://y:36229/
[rosmaster.master][INFO] 2026-05-06 15:30:31,732: -PUB [/rosout] /phy_simulator_planning_node http://y:37659/
[rosmaster.master][INFO] 2026-05-06 15:30:31,733: publisherUpdate[/rosout] -> http://y:33281/ ['http://y:37699/', 'http://y:36163/', 'http://y:40439/', 'http://y:36467/', 'http://y:43003/', 'http://y:33699/', 'http://y:41673/', 'http://y:37659/']: sec=0.00, result=[1, '', 0]
[rosmaster.master][INFO] 2026-05-06 15:30:31,733: -PUB [/vis/agent_8/forward_trajs] /onlane_ai_agent_8 http://y:33699/
[rosmaster.master][INFO] 2026-05-06 15:30:31,733: publisherUpdate[/rosout] -> http://y:33281/ ['http://y:37699/', 'http://y:36163/', 'http://y:40439/', 'http://y:36467/', 'http://y:43003/', 'http://y:41673/', 'http://y:37659/']
[rosmaster.master][INFO] 2026-05-06 15:30:31,734: -SUB [/arena_info_static] /onlane_ai_agent_7 http://y:37111/
[rosmaster.master][INFO] 2026-05-06 15:30:31,735: -PUB [/vis/agent_2/surrounding_vehicle_vis] /onlane_ai_agent_2 http://y:36163/
[rosmaster.master][INFO] 2026-05-06 15:30:31,735: publisherUpdate[/rosout] -> http://y:33281/ ['http://y:37699/', 'http://y:36163/', 'http://y:40439/', 'http://y:36467/', 'http://y:43003/', 'http://y:41673/', 'http://y:37659/']: sec=0.00, result=[1, '', 0]
[rosmaster.master][INFO] 2026-05-06 15:30:31,736: publisherUpdate[/rosout] -> http://y:33281/ ['http://y:37699/', 'http://y:40439/', 'http://y:36467/', 'http://y:43003/', 'http://y:41673/', 'http://y:37659/']
[rosmaster.master][INFO] 2026-05-06 15:30:31,736: -SUB [/arena_info_dynamic] /onlane_ai_agent_3 http://y:42129/
[rosmaster.master][INFO] 2026-05-06 15:30:31,737: publisherUpdate[/rosout] -> http://y:33281/ ['http://y:37699/', 'http://y:40439/', 'http://y:36467/', 'http://y:43003/', 'http://y:41673/', 'http://y:37659/']: sec=0.00, result=[1, '', 0]
[rosmaster.master][INFO] 2026-05-06 15:30:31,737: publisherUpdate[/rosout] -> http://y:33281/ ['http://y:37699/', 'http://y:40439/', 'http://y:36467/', 'http://y:43003/', 'http://y:41673/']
[rosmaster.master][INFO] 2026-05-06 15:30:31,737: -SUB [/arena_info_static] /onlane_ai_agent_10 http://y:36229/
[rosmaster.master][INFO] 2026-05-06 15:30:31,738: publisherUpdate[/ctrl/agent_10] -> http://y:37659/ []: sec=0.01, exception=<Fault -1: 'publisherUpdate: unknown method name'>
[rosmaster.master][INFO] 2026-05-06 15:30:31,738: -PUB [/arena_info_static] /phy_simulator_planning_node http://y:37659/
[rosmaster.master][INFO] 2026-05-06 15:30:31,738: publisherUpdate[/rosout] -> http://y:33281/ ['http://y:37699/', 'http://y:40439/', 'http://y:36467/', 'http://y:43003/', 'http://y:41673/']: sec=0.00, result=[1, '', 0]
[rosmaster.master][INFO] 2026-05-06 15:30:31,740: -SUB [/arena_info_static] /onlane_ai_agent_8 http://y:33699/
[rosmaster.threadpool][ERROR] 2026-05-06 15:30:31,740: Traceback (most recent call last):
  File "/opt/ros/noetic/lib/python3/dist-packages/rosmaster/threadpool.py", line 218, in run
    result = cmd(*args)
  File "/opt/ros/noetic/lib/python3/dist-packages/rosmaster/master_api.py", line 210, in publisher_update_task
    ret = xmlrpcapi(api).publisherUpdate('/master', topic, pub_uris)
  File "/usr/lib/python3.8/xmlrpc/client.py", line 1109, in __call__
    return self.__send(self.__name, args)
  File "/usr/lib/python3.8/xmlrpc/client.py", line 1450, in __request
    response = self.__transport.request(
  File "/usr/lib/python3.8/xmlrpc/client.py", line 1153, in request
    return self.single_request(host, handler, request_body, verbose)
  File "/usr/lib/python3.8/xmlrpc/client.py", line 1169, in single_request
    return self.parse_response(resp)
  File "/usr/lib/python3.8/xmlrpc/client.py", line 1341, in parse_response
    return u.close()
  File "/usr/lib/python3.8/xmlrpc/client.py", line 655, in close
    raise Fault(**self._stack[0])
xmlrpc.client.Fault: <Fault -1: 'publisherUpdate: unknown method name'>

[rosmaster.master][INFO] 2026-05-06 15:30:31,740: publisherUpdate[/ctrl/agent_3] -> http://y:37659/ []
[rosmaster.master][INFO] 2026-05-06 15:30:31,741: -SUB [/arena_info_dynamic] /onlane_ai_agent_7 http://y:37111/
[rosmaster.master][INFO] 2026-05-06 15:30:31,741: publisherUpdate[/arena_info_static] -> http://y:36163/ []
[rosmaster.master][INFO] 2026-05-06 15:30:31,742: -PUB [/vis/agent_2/speed_limit] /onlane_ai_agent_2 http://y:36163/
[rosmaster.master][INFO] 2026-05-06 15:30:31,742: publisherUpdate[/ctrl/agent_3] -> http://y:37659/ []: sec=0.00, exception=<Fault -1: 'publisherUpdate: unknown method name'>
[rosmaster.master][INFO] 2026-05-06 15:30:31,743: -SUB [/joy] /onlane_ai_agent_3 http://y:42129/
[rosmaster.threadpool][ERROR] 2026-05-06 15:30:31,744: Traceback (most recent call last):
  File "/opt/ros/noetic/lib/python3/dist-packages/rosmaster/threadpool.py", line 218, in run
    result = cmd(*args)
  File "/opt/ros/noetic/lib/python3/dist-packages/rosmaster/master_api.py", line 210, in publisher_update_task
    ret = xmlrpcapi(api).publisherUpdate('/master', topic, pub_uris)
  File "/usr/lib/python3.8/xmlrpc/client.py", line 1109, in __call__
    return self.__send(self.__name, args)
  File "/usr/lib/python3.8/xmlrpc/client.py", line 1450, in __request
    response = self.__transport.request(
  File "/usr/lib/python3.8/xmlrpc/client.py", line 1153, in request
    return self.single_request(host, handler, request_body, verbose)
  File "/usr/lib/python3.8/xmlrpc/client.py", line 1169, in single_request
    return self.parse_response(resp)
  File "/usr/lib/python3.8/xmlrpc/client.py", line 1341, in parse_response
    return u.close()
  File "/usr/lib/python3.8/xmlrpc/client.py", line 655, in close
    raise Fault(**self._stack[0])
xmlrpc.client.Fault: <Fault -1: 'publisherUpdate: unknown method name'>

[rosmaster.master][INFO] 2026-05-06 15:30:31,744: -SUB [/arena_info_dynamic] /onlane_ai_agent_10 http://y:36229/
[rosmaster.master][INFO] 2026-05-06 15:30:31,744: publisherUpdate[/ctrl/agent_8] -> http://y:37659/ []
[rosmaster.master][INFO] 2026-05-06 15:30:31,745: publisherUpdate[/arena_info_static] -> http://y:36163/ []: sec=0.00, exception=<Fault -1: 'publisherUpdate: unknown method name'>
[rosmaster.master][INFO] 2026-05-06 15:30:31,745: -PUB [/arena_info_dynamic] /phy_simulator_planning_node http://y:37659/
[rosmaster.master][INFO] 2026-05-06 15:30:31,746: publisherUpdate[/ctrl/agent_8] -> http://y:37659/ []: sec=0.00, exception=<Fault -1: 'publisherUpdate: unknown method name'>
[rosmaster.threadpool][ERROR] 2026-05-06 15:30:31,746: Traceback (most recent call last):
  File "/opt/ros/noetic/lib/python3/dist-packages/rosmaster/threadpool.py", line 218, in run
    result = cmd(*args)
  File "/opt/ros/noetic/lib/python3/dist-packages/rosmaster/master_api.py", line 210, in publisher_update_task
    ret = xmlrpcapi(api).publisherUpdate('/master', topic, pub_uris)
  File "/usr/lib/python3.8/xmlrpc/client.py", line 1109, in __call__
    return self.__send(self.__name, args)
  File "/usr/lib/python3.8/xmlrpc/client.py", line 1450, in __request
    response = self.__transport.request(
  File "/usr/lib/python3.8/xmlrpc/client.py", line 1153, in request
    return self.single_request(host, handler, request_body, verbose)
  File "/usr/lib/python3.8/xmlrpc/client.py", line 1169, in single_request
    return self.parse_response(resp)
  File "/usr/lib/python3.8/xmlrpc/client.py", line 1341, in parse_response
    return u.close()
  File "/usr/lib/python3.8/xmlrpc/client.py", line 655, in close
    raise Fault(**self._stack[0])
xmlrpc.client.Fault: <Fault -1: 'publisherUpdate: unknown method name'>

[rosmaster.master][INFO] 2026-05-06 15:30:31,746: -SUB [/arena_info_dynamic] /onlane_ai_agent_8 http://y:33699/
[rosmaster.threadpool][ERROR] 2026-05-06 15:30:31,747: Traceback (most recent call last):
  File "/opt/ros/noetic/lib/python3/dist-packages/rosmaster/threadpool.py", line 218, in run
    result = cmd(*args)
  File "/opt/ros/noetic/lib/python3/dist-packages/rosmaster/master_api.py", line 210, in publisher_update_task
    ret = xmlrpcapi(api).publisherUpdate('/master', topic, pub_uris)
  File "/usr/lib/python3.8/xmlrpc/client.py", line 1109, in __call__
    return self.__send(self.__name, args)
  File "/usr/lib/python3.8/xmlrpc/client.py", line 1450, in __request
    response = self.__transport.request(
  File "/usr/lib/python3.8/xmlrpc/client.py", line 1153, in request
    return self.single_request(host, handler, request_body, verbose)
  File "/usr/lib/python3.8/xmlrpc/client.py", line 1169, in single_request
    return self.parse_response(resp)
  File "/usr/lib/python3.8/xmlrpc/client.py", line 1341, in parse_response
    return u.close()
  File "/usr/lib/python3.8/xmlrpc/client.py", line 655, in close
    raise Fault(**self._stack[0])
xmlrpc.client.Fault: <Fault -1: 'publisherUpdate: unknown method name'>

[rosmaster.master][INFO] 2026-05-06 15:30:31,747: publisherUpdate[/ctrl/agent_7] -> http://y:37659/ []
[rosmaster.master][INFO] 2026-05-06 15:30:31,747: -SUB [/joy] /onlane_ai_agent_7 http://y:37111/
[rosmaster.master][INFO] 2026-05-06 15:30:31,747: publisherUpdate[/arena_info_static] -> http://y:37699/ []
[rosmaster.master][INFO] 2026-05-06 15:30:31,748: publisherUpdate[/ctrl/agent_7] -> http://y:37659/ []: sec=0.00, exception=<Fault -1: 'publisherUpdate: unknown method name'>
[rosmaster.master][INFO] 2026-05-06 15:30:31,749: -PUB [/vis/agent_2/forward_trajs] /onlane_ai_agent_2 http://y:36163/
[rosmaster.threadpool][ERROR] 2026-05-06 15:30:31,749: Traceback (most recent call last):
  File "/opt/ros/noetic/lib/python3/dist-packages/rosmaster/threadpool.py", line 218, in run
    result = cmd(*args)
  File "/opt/ros/noetic/lib/python3/dist-packages/rosmaster/master_api.py", line 210, in publisher_update_task
    ret = xmlrpcapi(api).publisherUpdate('/master', topic, pub_uris)
  File "/usr/lib/python3.8/xmlrpc/client.py", line 1109, in __call__
    return self.__send(self.__name, args)
  File "/usr/lib/python3.8/xmlrpc/client.py", line 1450, in __request
    response = self.__transport.request(
  File "/usr/lib/python3.8/xmlrpc/client.py", line 1153, in request
    return self.single_request(host, handler, request_body, verbose)
  File "/usr/lib/python3.8/xmlrpc/client.py", line 1169, in single_request
    return self.parse_response(resp)
  File "/usr/lib/python3.8/xmlrpc/client.py", line 1341, in parse_response
    return u.close()
  File "/usr/lib/python3.8/xmlrpc/client.py", line 655, in close
    raise Fault(**self._stack[0])
xmlrpc.client.Fault: <Fault -1: 'publisherUpdate: unknown method name'>

[rosmaster.master][INFO] 2026-05-06 15:30:31,750: -SERVICE [/onlane_ai_agent_3/get_loggers] /onlane_ai_agent_3 rosrpc://y:36951
[rosmaster.master][INFO] 2026-05-06 15:30:31,750: publisherUpdate[/ctrl/agent_2] -> http://y:37659/ []
[rosmaster.master][INFO] 2026-05-06 15:30:31,750: publisherUpdate[/arena_info_static] -> http://y:37699/ []: sec=0.00, result=[0, 'Unknown Error', 0]
[rosmaster.master][INFO] 2026-05-06 15:30:31,750: -SUB [/joy] /onlane_ai_agent_10 http://y:36229/
[rosmaster.master][INFO] 2026-05-06 15:30:31,751: publisherUpdate[/arena_info_static] -> http://y:36467/ []
[rosmaster.master][INFO] 2026-05-06 15:30:31,752: publisherUpdate[/ctrl/agent_2] -> http://y:37659/ []: sec=0.00, exception=<Fault -1: 'publisherUpdate: unknown method name'>
[rosmaster.master][INFO] 2026-05-06 15:30:31,752: -PUB [/phy_simulator_planning_node/vis/vehicle_set_vis] /phy_simulator_planning_node http://y:37659/
[rosmaster.master][INFO] 2026-05-06 15:30:31,752: publisherUpdate[/arena_info_static] -> http://y:36467/ []: sec=0.00, result=[0, 'Unknown Error', 0]
[rosmaster.master][INFO] 2026-05-06 15:30:31,753: publisherUpdate[/arena_info_static] -> http://y:43003/ []
[rosmaster.threadpool][ERROR] 2026-05-06 15:30:31,753: Traceback (most recent call last):
  File "/opt/ros/noetic/lib/python3/dist-packages/rosmaster/threadpool.py", line 218, in run
    result = cmd(*args)
  File "/opt/ros/noetic/lib/python3/dist-packages/rosmaster/master_api.py", line 210, in publisher_update_task
    ret = xmlrpcapi(api).publisherUpdate('/master', topic, pub_uris)
  File "/usr/lib/python3.8/xmlrpc/client.py", line 1109, in __call__
    return self.__send(self.__name, args)
  File "/usr/lib/python3.8/xmlrpc/client.py", line 1450, in __request
    response = self.__transport.request(
  File "/usr/lib/python3.8/xmlrpc/client.py", line 1153, in request
    return self.single_request(host, handler, request_body, verbose)
  File "/usr/lib/python3.8/xmlrpc/client.py", line 1169, in single_request
    return self.parse_response(resp)
  File "/usr/lib/python3.8/xmlrpc/client.py", line 1341, in parse_response
    return u.close()
  File "/usr/lib/python3.8/xmlrpc/client.py", line 655, in close
    raise Fault(**self._stack[0])
xmlrpc.client.Fault: <Fault -1: 'publisherUpdate: unknown method name'>

[rosmaster.master][INFO] 2026-05-06 15:30:31,753: -SUB [/joy] /onlane_ai_agent_8 http://y:33699/
[rosmaster.master][INFO] 2026-05-06 15:30:31,754: publisherUpdate[/arena_info_static] -> http://y:40439/ []
[rosmaster.master][INFO] 2026-05-06 15:30:31,754: publisherUpdate[/arena_info_static] -> http://y:43003/ []: sec=0.00, result=[0, 'Unknown Error', 0]
[rosmaster.master][INFO] 2026-05-06 15:30:31,755: publisherUpdate[/arena_info_static] -> http://y:33699/ []
[rosmaster.master][INFO] 2026-05-06 15:30:31,754: -SERVICE [/onlane_ai_agent_7/get_loggers] /onlane_ai_agent_7 rosrpc://y:38713
[rosmaster.master][INFO] 2026-05-06 15:30:31,755: -SUB [/arena_info_static] /onlane_ai_agent_2 http://y:36163/
[rosmaster.master][INFO] 2026-05-06 15:30:31,756: publisherUpdate[/arena_info_static] -> http://y:40439/ []: sec=0.00, result=[1, '', 0]
[rosmaster.master][INFO] 2026-05-06 15:30:31,756: publisherUpdate[/arena_info_static] -> http://y:41673/ []
[rosmaster.master][INFO] 2026-05-06 15:30:31,757: -SERVICE [/onlane_ai_agent_3/set_logger_level] /onlane_ai_agent_3 rosrpc://y:36951
[rosmaster.master][INFO] 2026-05-06 15:30:31,757: -SERVICE [/onlane_ai_agent_10/get_loggers] /onlane_ai_agent_10 rosrpc://y:59867
[rosmaster.master][INFO] 2026-05-06 15:30:31,758: -PUB [/phy_simulator_planning_node/vis/lane_net_vis] /phy_simulator_planning_node http://y:37659/
[rosmaster.master][INFO] 2026-05-06 15:30:31,759: -SERVICE [/onlane_ai_agent_8/get_loggers] /onlane_ai_agent_8 rosrpc://y:54717
[rosmaster.master][INFO] 2026-05-06 15:30:31,759: publisherUpdate[/arena_info_static] -> http://y:41673/ []: sec=0.00, result=[0, 'Unknown Error', 0]
[rosmaster.master][INFO] 2026-05-06 15:30:31,759: -SUB [/arena_info_dynamic] /onlane_ai_agent_2 http://y:36163/
[rosmaster.master][INFO] 2026-05-06 15:30:31,760: publisherUpdate[/arena_info_dynamic] -> http://y:36163/ []
[rosmaster.master][INFO] 2026-05-06 15:30:31,760: publisherUpdate[/arena_info_static] -> http://y:33699/ []: sec=0.01, exception=<Fault -1: 'publisherUpdate: unknown method name'>
[rosmaster.master][INFO] 2026-05-06 15:30:31,761: -SERVICE [/onlane_ai_agent_7/set_logger_level] /onlane_ai_agent_7 rosrpc://y:38713
[rosmaster.threadpool][ERROR] 2026-05-06 15:30:31,761: Traceback (most recent call last):
  File "/opt/ros/noetic/lib/python3/dist-packages/rosmaster/threadpool.py", line 218, in run
    result = cmd(*args)
  File "/opt/ros/noetic/lib/python3/dist-packages/rosmaster/master_api.py", line 210, in publisher_update_task
    ret = xmlrpcapi(api).publisherUpdate('/master', topic, pub_uris)
  File "/usr/lib/python3.8/xmlrpc/client.py", line 1109, in __call__
    return self.__send(self.__name, args)
  File "/usr/lib/python3.8/xmlrpc/client.py", line 1450, in __request
    response = self.__transport.request(
  File "/usr/lib/python3.8/xmlrpc/client.py", line 1153, in request
    return self.single_request(host, handler, request_body, verbose)
  File "/usr/lib/python3.8/xmlrpc/client.py", line 1169, in single_request
    return self.parse_response(resp)
  File "/usr/lib/python3.8/xmlrpc/client.py", line 1341, in parse_response
    return u.close()
  File "/usr/lib/python3.8/xmlrpc/client.py", line 655, in close
    raise Fault(**self._stack[0])
xmlrpc.client.Fault: <Fault -1: 'publisherUpdate: unknown method name'>

[rosmaster.master][INFO] 2026-05-06 15:30:31,762: publisherUpdate[/arena_info_dynamic] -> http://y:36163/ []: sec=0.00, exception=<Fault -1: 'publisherUpdate: unknown method name'>
[rosmaster.master][INFO] 2026-05-06 15:30:31,762: -SERVICE [/onlane_ai_agent_10/set_logger_level] /onlane_ai_agent_10 rosrpc://y:59867
[rosmaster.master][INFO] 2026-05-06 15:30:31,762: publisherUpdate[/arena_info_dynamic] -> http://y:36467/ []
[rosmaster.threadpool][ERROR] 2026-05-06 15:30:31,763: Traceback (most recent call last):
  File "/opt/ros/noetic/lib/python3/dist-packages/rosmaster/threadpool.py", line 218, in run
    result = cmd(*args)
  File "/opt/ros/noetic/lib/python3/dist-packages/rosmaster/master_api.py", line 210, in publisher_update_task
    ret = xmlrpcapi(api).publisherUpdate('/master', topic, pub_uris)
  File "/usr/lib/python3.8/xmlrpc/client.py", line 1109, in __call__
    return self.__send(self.__name, args)
  File "/usr/lib/python3.8/xmlrpc/client.py", line 1450, in __request
    response = self.__transport.request(
  File "/usr/lib/python3.8/xmlrpc/client.py", line 1153, in request
    return self.single_request(host, handler, request_body, verbose)
  File "/usr/lib/python3.8/xmlrpc/client.py", line 1169, in single_request
    return self.parse_response(resp)
  File "/usr/lib/python3.8/xmlrpc/client.py", line 1341, in parse_response
    return u.close()
  File "/usr/lib/python3.8/xmlrpc/client.py", line 655, in close
    raise Fault(**self._stack[0])
xmlrpc.client.Fault: <Fault -1: 'publisherUpdate: unknown method name'>

[rosmaster.master][INFO] 2026-05-06 15:30:31,763: -PUB [/phy_simulator_planning_node/vis/obstacle_set_vis] /phy_simulator_planning_node http://y:37659/
[rosmaster.master][INFO] 2026-05-06 15:30:31,763: publisherUpdate[/arena_info_dynamic] -> http://y:37699/ []
[rosmaster.master][INFO] 2026-05-06 15:30:31,763: publisherUpdate[/arena_info_dynamic] -> http://y:36467/ []: sec=0.00, result=[0, 'Unknown Error', 0]
[rosmaster.master][INFO] 2026-05-06 15:30:31,764: -SERVICE [/onlane_ai_agent_8/set_logger_level] /onlane_ai_agent_8 rosrpc://y:54717
[rosmaster.master][INFO] 2026-05-06 15:30:31,764: publisherUpdate[/arena_info_dynamic] -> http://y:43003/ []
[rosmaster.master][INFO] 2026-05-06 15:30:31,765: -SUB [/joy] /onlane_ai_agent_2 http://y:36163/
[rosmaster.master][INFO] 2026-05-06 15:30:31,765: publisherUpdate[/arena_info_dynamic] -> http://y:37699/ []: sec=0.00, result=[0, 'Unknown Error', 0]
[rosmaster.master][INFO] 2026-05-06 15:30:31,766: publisherUpdate[/arena_info_dynamic] -> http://y:43003/ []: sec=0.00, result=[0, 'Unknown Error', 0]
[rosmaster.master][INFO] 2026-05-06 15:30:31,766: -SUB [/ctrl/agent_10] /phy_simulator_planning_node http://y:37659/
[rosmaster.master][INFO] 2026-05-06 15:30:31,766: publisherUpdate[/arena_info_dynamic] -> http://y:40439/ []
[rosmaster.master][INFO] 2026-05-06 15:30:31,766: publisherUpdate[/arena_info_dynamic] -> http://y:33699/ []
[rosmaster.master][INFO] 2026-05-06 15:30:31,766: -SERVICE [/onlane_ai_agent_2/get_loggers] /onlane_ai_agent_2 rosrpc://y:55901
[rosmaster.master][INFO] 2026-05-06 15:30:31,766: publisherUpdate[/arena_info_dynamic] -> http://y:40439/ []: sec=0.00, result=[1, '', 0]
[rosmaster.master][INFO] 2026-05-06 15:30:31,766: publisherUpdate[/arena_info_dynamic] -> http://y:33699/ []: sec=0.00, exception=<Fault -1: 'publisherUpdate: unknown method name'>
[rosmaster.master][INFO] 2026-05-06 15:30:31,766: -SUB [/ctrl/agent_9] /phy_simulator_planning_node http://y:37659/
[rosmaster.master][INFO] 2026-05-06 15:30:31,766: publisherUpdate[/arena_info_dynamic] -> http://y:41673/ []
[rosmaster.threadpool][ERROR] 2026-05-06 15:30:31,767: Traceback (most recent call last):
  File "/opt/ros/noetic/lib/python3/dist-packages/rosmaster/threadpool.py", line 218, in run
    result = cmd(*args)
  File "/opt/ros/noetic/lib/python3/dist-packages/rosmaster/master_api.py", line 210, in publisher_update_task
    ret = xmlrpcapi(api).publisherUpdate('/master', topic, pub_uris)
  File "/usr/lib/python3.8/xmlrpc/client.py", line 1109, in __call__
    return self.__send(self.__name, args)
  File "/usr/lib/python3.8/xmlrpc/client.py", line 1450, in __request
    response = self.__transport.request(
  File "/usr/lib/python3.8/xmlrpc/client.py", line 1153, in request
    return self.single_request(host, handler, request_body, verbose)
  File "/usr/lib/python3.8/xmlrpc/client.py", line 1169, in single_request
    return self.parse_response(resp)
  File "/usr/lib/python3.8/xmlrpc/client.py", line 1341, in parse_response
    return u.close()
  File "/usr/lib/python3.8/xmlrpc/client.py", line 655, in close
    raise Fault(**self._stack[0])
xmlrpc.client.Fault: <Fault -1: 'publisherUpdate: unknown method name'>

[rosmaster.master][INFO] 2026-05-06 15:30:31,767: -SERVICE [/onlane_ai_agent_2/set_logger_level] /onlane_ai_agent_2 rosrpc://y:55901
[rosmaster.master][INFO] 2026-05-06 15:30:31,767: publisherUpdate[/arena_info_dynamic] -> http://y:41673/ []: sec=0.00, result=[0, 'Unknown Error', 0]
[rosmaster.master][INFO] 2026-05-06 15:30:31,767: -SUB [/ctrl/agent_8] /phy_simulator_planning_node http://y:37659/
[rosmaster.master][INFO] 2026-05-06 15:30:31,767: -PUB [/rosout] /onlane_ai_agent_6 http://y:41673/
[rosmaster.master][INFO] 2026-05-06 15:30:31,768: -SUB [/ctrl/agent_7] /phy_simulator_planning_node http://y:37659/
[rosmaster.master][INFO] 2026-05-06 15:30:31,768: -PUB [/ctrl/agent_6] /onlane_ai_agent_6 http://y:41673/
[rosmaster.master][INFO] 2026-05-06 15:30:31,768: -SUB [/ctrl/agent_6] /phy_simulator_planning_node http://y:37659/
[rosmaster.master][INFO] 2026-05-06 15:30:31,768: -PUB [/tf] /onlane_ai_agent_6 http://y:41673/
[rosmaster.master][INFO] 2026-05-06 15:30:31,769: -SUB [/ctrl/agent_5] /phy_simulator_planning_node http://y:37659/
[rosmaster.master][INFO] 2026-05-06 15:30:31,769: -PUB [/vis/agent_6/ego_vehicle_vis] /onlane_ai_agent_6 http://y:41673/
[rosmaster.master][INFO] 2026-05-06 15:30:31,769: -SUB [/ctrl/agent_4] /phy_simulator_planning_node http://y:37659/
[rosmaster.master][INFO] 2026-05-06 15:30:31,769: -SUB [/ctrl/agent_3] /phy_simulator_planning_node http://y:37659/
[rosmaster.master][INFO] 2026-05-06 15:30:31,769: -PUB [/vis/agent_6/obstacle_map] /onlane_ai_agent_6 http://y:41673/
[rosmaster.master][INFO] 2026-05-06 15:30:31,770: -SUB [/ctrl/agent_2] /phy_simulator_planning_node http://y:37659/
[rosmaster.master][INFO] 2026-05-06 15:30:31,770: -PUB [/vis/agent_6/surrounding_lane_net_vis] /onlane_ai_agent_6 http://y:41673/
[rosmaster.master][INFO] 2026-05-06 15:30:31,770: -SUB [/ctrl/agent_1] /phy_simulator_planning_node http://y:37659/
[rosmaster.master][INFO] 2026-05-06 15:30:31,771: -PUB [/vis/agent_6/local_lanes_vis] /onlane_ai_agent_6 http://y:41673/
[rosmaster.master][INFO] 2026-05-06 15:30:31,771: -SUB [/ctrl/agent_0] /phy_simulator_planning_node http://y:37659/
[rosmaster.master][INFO] 2026-05-06 15:30:31,771: -PUB [/vis/agent_6/ego_behavior_vis] /onlane_ai_agent_6 http://y:41673/
[rosmaster.master][INFO] 2026-05-06 15:30:31,772: -SUB [/initialpose] /phy_simulator_planning_node http://y:37659/
[rosmaster.master][INFO] 2026-05-06 15:30:31,772: -PUB [/vis/agent_6/pred_traj_openloop_vis] /onlane_ai_agent_6 http://y:41673/
[rosmaster.master][INFO] 2026-05-06 15:30:31,772: -SUB [/move_base_simple/goal] /phy_simulator_planning_node http://y:37659/
[rosmaster.master][INFO] 2026-05-06 15:30:31,773: -PUB [/vis/agent_6/pred_initial_intention_vis] /onlane_ai_agent_6 http://y:41673/
[rosmaster.master][INFO] 2026-05-06 15:30:31,773: -SERVICE [/phy_simulator_planning_node/get_loggers] /phy_simulator_planning_node rosrpc://y:56305
[rosmaster.master][INFO] 2026-05-06 15:30:31,774: -PUB [/vis/agent_6/surrounding_vehicle_vis] /onlane_ai_agent_6 http://y:41673/
[rosmaster.master][INFO] 2026-05-06 15:30:31,774: -SERVICE [/phy_simulator_planning_node/set_logger_level] /phy_simulator_planning_node rosrpc://y:56305
[rosmaster.master][INFO] 2026-05-06 15:30:31,774: -PUB [/vis/agent_6/speed_limit] /onlane_ai_agent_6 http://y:41673/
[rosmaster.master][INFO] 2026-05-06 15:30:31,775: -PUB [/vis/agent_6/forward_trajs] /onlane_ai_agent_6 http://y:41673/
[rosmaster.master][INFO] 2026-05-06 15:30:31,776: -SUB [/arena_info_static] /onlane_ai_agent_6 http://y:41673/
[rosmaster.master][INFO] 2026-05-06 15:30:31,776: -SUB [/arena_info_dynamic] /onlane_ai_agent_6 http://y:41673/
[rosmaster.master][INFO] 2026-05-06 15:30:31,777: -SUB [/joy] /onlane_ai_agent_6 http://y:41673/
[rosmaster.master][INFO] 2026-05-06 15:30:31,778: -SERVICE [/onlane_ai_agent_6/get_loggers] /onlane_ai_agent_6 rosrpc://y:54227
[rosmaster.master][INFO] 2026-05-06 15:30:31,778: -SERVICE [/onlane_ai_agent_6/set_logger_level] /onlane_ai_agent_6 rosrpc://y:54227
[rosmaster.master][INFO] 2026-05-06 15:30:31,829: publisherUpdate[/rosout] -> http://y:33281/ ['http://y:37699/', 'http://y:40439/', 'http://y:36467/', 'http://y:43003/']
[rosmaster.master][INFO] 2026-05-06 15:30:31,830: publisherUpdate[/rosout] -> http://y:33281/ ['http://y:37699/', 'http://y:40439/', 'http://y:36467/', 'http://y:43003/']: sec=0.00, result=[1, '', 0]
[rosmaster.master][INFO] 2026-05-06 15:30:31,830: publisherUpdate[/ctrl/agent_6] -> http://y:37659/ []
[rosmaster.master][INFO] 2026-05-06 15:30:31,831: publisherUpdate[/ctrl/agent_6] -> http://y:37659/ []: sec=0.00, exception=<Fault -1: 'publisherUpdate: unknown method name'>
[rosmaster.threadpool][ERROR] 2026-05-06 15:30:31,832: Traceback (most recent call last):
  File "/opt/ros/noetic/lib/python3/dist-packages/rosmaster/threadpool.py", line 218, in run
    result = cmd(*args)
  File "/opt/ros/noetic/lib/python3/dist-packages/rosmaster/master_api.py", line 210, in publisher_update_task
    ret = xmlrpcapi(api).publisherUpdate('/master', topic, pub_uris)
  File "/usr/lib/python3.8/xmlrpc/client.py", line 1109, in __call__
    return self.__send(self.__name, args)
  File "/usr/lib/python3.8/xmlrpc/client.py", line 1450, in __request
    response = self.__transport.request(
  File "/usr/lib/python3.8/xmlrpc/client.py", line 1153, in request
    return self.single_request(host, handler, request_body, verbose)
  File "/usr/lib/python3.8/xmlrpc/client.py", line 1169, in single_request
    return self.parse_response(resp)
  File "/usr/lib/python3.8/xmlrpc/client.py", line 1341, in parse_response
    return u.close()
  File "/usr/lib/python3.8/xmlrpc/client.py", line 655, in close
    raise Fault(**self._stack[0])
xmlrpc.client.Fault: <Fault -1: 'publisherUpdate: unknown method name'>

[rosmaster.master][INFO] 2026-05-06 15:30:31,864: -PUB [/rosout] /onlane_ai_agent_4 http://y:36467/
[rosmaster.master][INFO] 2026-05-06 15:30:31,865: -PUB [/ctrl/agent_4] /onlane_ai_agent_4 http://y:36467/
[rosmaster.master][INFO] 2026-05-06 15:30:31,866: -PUB [/rosout] /onlane_ai_agent_1 http://y:37699/
[rosmaster.master][INFO] 2026-05-06 15:30:31,867: -PUB [/rosout] /onlane_ai_agent_5 http://y:43003/
[rosmaster.master][INFO] 2026-05-06 15:30:31,867: publisherUpdate[/rosout] -> http://y:33281/ ['http://y:37699/', 'http://y:40439/', 'http://y:43003/']
[rosmaster.master][INFO] 2026-05-06 15:30:31,869: -PUB [/tf] /onlane_ai_agent_4 http://y:36467/
[rosmaster.master][INFO] 2026-05-06 15:30:31,869: -PUB [/ctrl/agent_5] /onlane_ai_agent_5 http://y:43003/
[rosmaster.master][INFO] 2026-05-06 15:30:31,869: publisherUpdate[/rosout] -> http://y:33281/ ['http://y:37699/', 'http://y:40439/', 'http://y:43003/']: sec=0.00, result=[1, '', 0]
[rosmaster.master][INFO] 2026-05-06 15:30:31,870: -PUB [/ctrl/agent_1] /onlane_ai_agent_1 http://y:37699/
[rosmaster.master][INFO] 2026-05-06 15:30:31,870: publisherUpdate[/rosout] -> http://y:33281/ ['http://y:40439/', 'http://y:43003/']
[rosmaster.master][INFO] 2026-05-06 15:30:31,871: -PUB [/vis/agent_4/ego_vehicle_vis] /onlane_ai_agent_4 http://y:36467/
[rosmaster.master][INFO] 2026-05-06 15:30:31,871: publisherUpdate[/rosout] -> http://y:33281/ ['http://y:40439/', 'http://y:43003/']: sec=0.00, result=[1, '', 0]
[rosmaster.master][INFO] 2026-05-06 15:30:31,871: -PUB [/tf] /onlane_ai_agent_5 http://y:43003/
[rosmaster.master][INFO] 2026-05-06 15:30:31,871: publisherUpdate[/rosout] -> http://y:33281/ ['http://y:40439/']
[rosmaster.master][INFO] 2026-05-06 15:30:31,872: -PUB [/tf] /onlane_ai_agent_1 http://y:37699/
[rosmaster.master][INFO] 2026-05-06 15:30:31,872: publisherUpdate[/rosout] -> http://y:33281/ ['http://y:40439/']: sec=0.00, result=[1, '', 0]
[rosmaster.master][INFO] 2026-05-06 15:30:31,872: -PUB [/vis/agent_4/obstacle_map] /onlane_ai_agent_4 http://y:36467/
[rosmaster.master][INFO] 2026-05-06 15:30:31,873: -PUB [/vis/agent_5/ego_vehicle_vis] /onlane_ai_agent_5 http://y:43003/
[rosmaster.master][INFO] 2026-05-06 15:30:31,873: -PUB [/vis/agent_1/ego_vehicle_vis] /onlane_ai_agent_1 http://y:37699/
[rosmaster.master][INFO] 2026-05-06 15:30:31,873: -PUB [/vis/agent_4/surrounding_lane_net_vis] /onlane_ai_agent_4 http://y:36467/
[rosmaster.master][INFO] 2026-05-06 15:30:31,874: -PUB [/vis/agent_5/obstacle_map] /onlane_ai_agent_5 http://y:43003/
[rosmaster.master][INFO] 2026-05-06 15:30:31,874: -PUB [/vis/agent_1/obstacle_map] /onlane_ai_agent_1 http://y:37699/
[rosmaster.master][INFO] 2026-05-06 15:30:31,874: -PUB [/vis/agent_4/local_lanes_vis] /onlane_ai_agent_4 http://y:36467/
[rosmaster.master][INFO] 2026-05-06 15:30:31,874: -PUB [/vis/agent_5/surrounding_lane_net_vis] /onlane_ai_agent_5 http://y:43003/
[rosmaster.master][INFO] 2026-05-06 15:30:31,875: -PUB [/vis/agent_1/surrounding_lane_net_vis] /onlane_ai_agent_1 http://y:37699/
[rosmaster.master][INFO] 2026-05-06 15:30:31,875: -PUB [/vis/agent_4/ego_behavior_vis] /onlane_ai_agent_4 http://y:36467/
[rosmaster.master][INFO] 2026-05-06 15:30:31,875: -PUB [/vis/agent_5/local_lanes_vis] /onlane_ai_agent_5 http://y:43003/
[rosmaster.master][INFO] 2026-05-06 15:30:31,875: -PUB [/vis/agent_1/local_lanes_vis] /onlane_ai_agent_1 http://y:37699/
[rosmaster.master][INFO] 2026-05-06 15:30:31,876: -PUB [/vis/agent_4/pred_traj_openloop_vis] /onlane_ai_agent_4 http://y:36467/
[rosmaster.master][INFO] 2026-05-06 15:30:31,876: -PUB [/vis/agent_5/ego_behavior_vis] /onlane_ai_agent_5 http://y:43003/
[rosmaster.master][INFO] 2026-05-06 15:30:31,876: -PUB [/vis/agent_1/ego_behavior_vis] /onlane_ai_agent_1 http://y:37699/
[rosmaster.master][INFO] 2026-05-06 15:30:31,877: -PUB [/vis/agent_4/pred_initial_intention_vis] /onlane_ai_agent_4 http://y:36467/
[rosmaster.master][INFO] 2026-05-06 15:30:31,877: -PUB [/vis/agent_5/pred_traj_openloop_vis] /onlane_ai_agent_5 http://y:43003/
[rosmaster.master][INFO] 2026-05-06 15:30:31,877: -PUB [/vis/agent_1/pred_traj_openloop_vis] /onlane_ai_agent_1 http://y:37699/
[rosmaster.master][INFO] 2026-05-06 15:30:31,878: -PUB [/vis/agent_4/surrounding_vehicle_vis] /onlane_ai_agent_4 http://y:36467/
[rosmaster.master][INFO] 2026-05-06 15:30:31,878: -PUB [/vis/agent_5/pred_initial_intention_vis] /onlane_ai_agent_5 http://y:43003/
[rosmaster.master][INFO] 2026-05-06 15:30:31,878: -PUB [/vis/agent_1/pred_initial_intention_vis] /onlane_ai_agent_1 http://y:37699/
[rosmaster.master][INFO] 2026-05-06 15:30:31,879: -PUB [/vis/agent_4/speed_limit] /onlane_ai_agent_4 http://y:36467/
[rosmaster.master][INFO] 2026-05-06 15:30:31,879: -PUB [/vis/agent_5/surrounding_vehicle_vis] /onlane_ai_agent_5 http://y:43003/
[rosmaster.master][INFO] 2026-05-06 15:30:31,880: -PUB [/vis/agent_1/surrounding_vehicle_vis] /onlane_ai_agent_1 http://y:37699/
[rosmaster.master][INFO] 2026-05-06 15:30:31,880: -PUB [/vis/agent_4/forward_trajs] /onlane_ai_agent_4 http://y:36467/
[rosmaster.master][INFO] 2026-05-06 15:30:31,880: -PUB [/vis/agent_5/speed_limit] /onlane_ai_agent_5 http://y:43003/
[rosmaster.master][INFO] 2026-05-06 15:30:31,881: -SUB [/arena_info_static] /onlane_ai_agent_4 http://y:36467/
[rosmaster.master][INFO] 2026-05-06 15:30:31,881: -PUB [/vis/agent_1/speed_limit] /onlane_ai_agent_1 http://y:37699/
[rosmaster.master][INFO] 2026-05-06 15:30:31,881: -PUB [/vis/agent_5/forward_trajs] /onlane_ai_agent_5 http://y:43003/
[rosmaster.master][INFO] 2026-05-06 15:30:31,882: -SUB [/arena_info_dynamic] /onlane_ai_agent_4 http://y:36467/
[rosmaster.master][INFO] 2026-05-06 15:30:31,882: -PUB [/vis/agent_1/forward_trajs] /onlane_ai_agent_1 http://y:37699/
[rosmaster.master][INFO] 2026-05-06 15:30:31,883: -SUB [/arena_info_static] /onlane_ai_agent_5 http://y:43003/
[rosmaster.master][INFO] 2026-05-06 15:30:31,883: -SUB [/joy] /onlane_ai_agent_4 http://y:36467/
[rosmaster.master][INFO] 2026-05-06 15:30:31,884: -SUB [/arena_info_static] /onlane_ai_agent_1 http://y:37699/
[rosmaster.master][INFO] 2026-05-06 15:30:31,884: -SUB [/arena_info_dynamic] /onlane_ai_agent_5 http://y:43003/
[rosmaster.master][INFO] 2026-05-06 15:30:31,884: -SERVICE [/onlane_ai_agent_4/get_loggers] /onlane_ai_agent_4 rosrpc://y:48859
[rosmaster.master][INFO] 2026-05-06 15:30:31,885: -SUB [/arena_info_dynamic] /onlane_ai_agent_1 http://y:37699/
[rosmaster.master][INFO] 2026-05-06 15:30:31,885: -SUB [/joy] /onlane_ai_agent_5 http://y:43003/
[rosmaster.master][INFO] 2026-05-06 15:30:31,886: -SERVICE [/onlane_ai_agent_4/set_logger_level] /onlane_ai_agent_4 rosrpc://y:48859
[rosmaster.master][INFO] 2026-05-06 15:30:31,886: -SUB [/joy] /onlane_ai_agent_1 http://y:37699/
[rosmaster.master][INFO] 2026-05-06 15:30:31,887: -SERVICE [/onlane_ai_agent_5/get_loggers] /onlane_ai_agent_5 rosrpc://y:35165
[rosmaster.master][INFO] 2026-05-06 15:30:31,887: -SERVICE [/onlane_ai_agent_1/get_loggers] /onlane_ai_agent_1 rosrpc://y:50181
[rosmaster.master][INFO] 2026-05-06 15:30:31,888: -SERVICE [/onlane_ai_agent_5/set_logger_level] /onlane_ai_agent_5 rosrpc://y:35165
[rosmaster.master][INFO] 2026-05-06 15:30:31,889: -SERVICE [/onlane_ai_agent_1/set_logger_level] /onlane_ai_agent_1 rosrpc://y:50181
[rosmaster.master][INFO] 2026-05-06 15:30:31,967: -PUB [/rosout] /test_ssc_with_eudm_0 http://y:40439/
[rosmaster.master][INFO] 2026-05-06 15:30:31,968: -PUB [/tf] /test_ssc_with_eudm_0 http://y:40439/
[rosmaster.master][INFO] 2026-05-06 15:30:31,969: publisherUpdate[/rosout] -> http://y:33281/ []
[rosmaster.master][INFO] 2026-05-06 15:30:31,969: -PUB [/vis/agent_0/ego_vehicle_vis] /test_ssc_with_eudm_0 http://y:40439/
[rosmaster.master][INFO] 2026-05-06 15:30:31,970: -PUB [/vis/agent_0/obstacle_map] /test_ssc_with_eudm_0 http://y:40439/
[rosmaster.master][INFO] 2026-05-06 15:30:31,970: -PUB [/vis/agent_0/surrounding_lane_net_vis] /test_ssc_with_eudm_0 http://y:40439/
[rosmaster.master][INFO] 2026-05-06 15:30:31,971: publisherUpdate[/rosout] -> http://y:33281/ []: sec=0.00, result=[1, '', 0]
[rosmaster.master][INFO] 2026-05-06 15:30:31,971: -PUB [/vis/agent_0/local_lanes_vis] /test_ssc_with_eudm_0 http://y:40439/
[rosmaster.master][INFO] 2026-05-06 15:30:31,972: -PUB [/vis/agent_0/ego_behavior_vis] /test_ssc_with_eudm_0 http://y:40439/
[rosmaster.master][INFO] 2026-05-06 15:30:31,972: -PUB [/vis/agent_0/pred_traj_openloop_vis] /test_ssc_with_eudm_0 http://y:40439/
[rosmaster.master][INFO] 2026-05-06 15:30:31,972: -PUB [/vis/agent_0/pred_initial_intention_vis] /test_ssc_with_eudm_0 http://y:40439/
[rosmaster.master][INFO] 2026-05-06 15:30:31,973: -PUB [/vis/agent_0/surrounding_vehicle_vis] /test_ssc_with_eudm_0 http://y:40439/
[rosmaster.master][INFO] 2026-05-06 15:30:31,973: -PUB [/vis/agent_0/speed_limit] /test_ssc_with_eudm_0 http://y:40439/
[rosmaster.master][INFO] 2026-05-06 15:30:31,973: -PUB [/vis/agent_0/ssc/map_vis] /test_ssc_with_eudm_0 http://y:40439/
[rosmaster.master][INFO] 2026-05-06 15:30:31,973: -PUB [/vis/agent_0/ssc/qp_vis] /test_ssc_with_eudm_0 http://y:40439/
[rosmaster.master][INFO] 2026-05-06 15:30:31,974: -PUB [/vis/agent_0/ssc/ego_fs_vis] /test_ssc_with_eudm_0 http://y:40439/
[rosmaster.master][INFO] 2026-05-06 15:30:31,974: -PUB [/vis/agent_0/ssc/forward_trajs_vis] /test_ssc_with_eudm_0 http://y:40439/
[rosmaster.master][INFO] 2026-05-06 15:30:31,974: -PUB [/vis/agent_0/ssc/sur_vehicle_trajs_vis] /test_ssc_with_eudm_0 http://y:40439/
[rosmaster.master][INFO] 2026-05-06 15:30:31,974: -PUB [/vis/agent_0/ssc/corridor_vis] /test_ssc_with_eudm_0 http://y:40439/
[rosmaster.master][INFO] 2026-05-06 15:30:31,974: -PUB [/vis/agent_0/forward_trajs] /test_ssc_with_eudm_0 http://y:40439/
[rosmaster.master][INFO] 2026-05-06 15:30:31,974: -PUB [/ctrl/agent_0] /test_ssc_with_eudm_0 http://y:40439/
[rosmaster.master][INFO] 2026-05-06 15:30:31,975: -PUB [/test_ssc_with_eudm_0/ssc_map] /test_ssc_with_eudm_0 http://y:40439/
[rosmaster.master][INFO] 2026-05-06 15:30:31,975: -PUB [/vis/agent_0/ssc/exec_traj] /test_ssc_with_eudm_0 http://y:40439/
[rosmaster.master][INFO] 2026-05-06 15:30:31,975: -SUB [/joy] /test_ssc_with_eudm_0 http://y:40439/
[rosmaster.master][INFO] 2026-05-06 15:30:31,975: -SUB [/arena_info_static] /test_ssc_with_eudm_0 http://y:40439/
[rosmaster.master][INFO] 2026-05-06 15:30:31,975: -SUB [/arena_info_dynamic] /test_ssc_with_eudm_0 http://y:40439/
[rosmaster.master][INFO] 2026-05-06 15:30:31,975: -SERVICE [/test_ssc_with_eudm_0/get_loggers] /test_ssc_with_eudm_0 rosrpc://y:35793
[rosmaster.master][INFO] 2026-05-06 15:30:31,975: -SERVICE [/test_ssc_with_eudm_0/set_logger_level] /test_ssc_with_eudm_0 rosrpc://y:35793
[rosmaster.master][INFO] 2026-05-06 15:30:31,976: -CACHEDPARAM [/rosout_disable_topics_generation] by /test_ssc_with_eudm_0
[rosmaster.master][INFO] 2026-05-06 15:30:32,171: -PUB [/rosout_agg] /rosout http://y:33281/
[rosmaster.master][INFO] 2026-05-06 15:30:32,172: -SUB [/rosout] /rosout http://y:33281/
[rosmaster.master][INFO] 2026-05-06 15:30:32,172: -SERVICE [/rosout/get_loggers] /rosout rosrpc://y:48457
[rosmaster.master][INFO] 2026-05-06 15:30:32,173: -SERVICE [/rosout/set_logger_level] /rosout rosrpc://y:48457
[rosmaster.master][INFO] 2026-05-06 15:30:32,174: -CACHEDPARAM [/rosout/omit_topics] by /rosout
[rosmaster.main][INFO] 2026-05-06 15:30:32,259: keyboard interrupt, will exit
[rosmaster.main][INFO] 2026-05-06 15:30:32,259: stopping master...
[rospy.core][INFO] 2026-05-06 15:30:32,260: signal_shutdown [atexit]
