[rosmaster.main][INFO] 2026-05-06 16:57:44,346: initialization complete, waiting for shutdown
[rosmaster.main][INFO] 2026-05-06 16:57:44,346: Starting ROS Master Node
[xmlrpc][INFO] 2026-05-06 16:57:44,347: XML-RPC server binding to 0.0.0.0:11311
[xmlrpc][INFO] 2026-05-06 16:57:44,347: Started XML-RPC server [http://y:11311/]
[xmlrpc][INFO] 2026-05-06 16:57:44,347: xml rpc node: starting XML-RPC server
[rosmaster.master][INFO] 2026-05-06 16:57:44,347: Master initialized: port[11311], uri[http://y:11311/]
[rosmaster.master][INFO] 2026-05-06 16:57:44,364: +PARAM [/run_id] by /roslaunch
[rosmaster.master][INFO] 2026-05-06 16:57:44,365: +PARAM [/roslaunch/uris/host_y__40221] by /roslaunch
[rosmaster.master][INFO] 2026-05-06 16:57:44,389: +PARAM [/rosversion] by /roslaunch
[rosmaster.master][INFO] 2026-05-06 16:57:44,389: +PARAM [/rosdistro] by /roslaunch
[rosmaster.master][INFO] 2026-05-06 16:57:44,389: +PARAM [/test_ssc_with_mpdm_0/ego_id] by /roslaunch
[rosmaster.master][INFO] 2026-05-06 16:57:44,389: +PARAM [/test_ssc_with_mpdm_0/agent_config_path] by /roslaunch
[rosmaster.master][INFO] 2026-05-06 16:57:44,389: +PARAM [/test_ssc_with_mpdm_0/ssc_config_path] by /roslaunch
[rosmaster.master][INFO] 2026-05-06 16:57:44,389: +PARAM [/test_ssc_with_mpdm_0/desired_vel] by /roslaunch
[rosmaster.master][INFO] 2026-05-06 16:57:44,389: +PARAM [/test_ssc_with_mpdm_0/use_sim_state] by /roslaunch
[rosmaster.master][INFO] 2026-05-06 16:57:44,389: +PARAM [/onlane_ai_agent_1/ego_id] by /roslaunch
[rosmaster.master][INFO] 2026-05-06 16:57:44,389: +PARAM [/onlane_ai_agent_1/agent_config_path] by /roslaunch
[rosmaster.master][INFO] 2026-05-06 16:57:44,389: +PARAM [/onlane_ai_agent_1/desired_vel] by /roslaunch
[rosmaster.master][INFO] 2026-05-06 16:57:44,389: +PARAM [/onlane_ai_agent_1/autonomous_level] by /roslaunch
[rosmaster.master][INFO] 2026-05-06 16:57:44,389: +PARAM [/onlane_ai_agent_1/aggressiveness_level] by /roslaunch
[rosmaster.master][INFO] 2026-05-06 16:57:44,389: +PARAM [/onlane_ai_agent_2/ego_id] by /roslaunch
[rosmaster.master][INFO] 2026-05-06 16:57:44,389: +PARAM [/onlane_ai_agent_2/agent_config_path] by /roslaunch
[rosmaster.master][INFO] 2026-05-06 16:57:44,389: +PARAM [/onlane_ai_agent_2/desired_vel] by /roslaunch
[rosmaster.master][INFO] 2026-05-06 16:57:44,390: +PARAM [/onlane_ai_agent_2/autonomous_level] by /roslaunch
[rosmaster.master][INFO] 2026-05-06 16:57:44,390: +PARAM [/onlane_ai_agent_2/aggressiveness_level] by /roslaunch
[rosmaster.master][INFO] 2026-05-06 16:57:44,390: +PARAM [/onlane_ai_agent_3/ego_id] by /roslaunch
[rosmaster.master][INFO] 2026-05-06 16:57:44,390: +PARAM [/onlane_ai_agent_3/agent_config_path] by /roslaunch
[rosmaster.master][INFO] 2026-05-06 16:57:44,390: +PARAM [/onlane_ai_agent_3/desired_vel] by /roslaunch
[rosmaster.master][INFO] 2026-05-06 16:57:44,390: +PARAM [/onlane_ai_agent_3/autonomous_level] by /roslaunch
[rosmaster.master][INFO] 2026-05-06 16:57:44,390: +PARAM [/onlane_ai_agent_3/aggressiveness_level] by /roslaunch
[rosmaster.master][INFO] 2026-05-06 16:57:44,390: +PARAM [/onlane_ai_agent_4/ego_id] by /roslaunch
[rosmaster.master][INFO] 2026-05-06 16:57:44,390: +PARAM [/onlane_ai_agent_4/agent_config_path] by /roslaunch
[rosmaster.master][INFO] 2026-05-06 16:57:44,390: +PARAM [/onlane_ai_agent_4/desired_vel] by /roslaunch
[rosmaster.master][INFO] 2026-05-06 16:57:44,390: +PARAM [/onlane_ai_agent_4/autonomous_level] by /roslaunch
[rosmaster.master][INFO] 2026-05-06 16:57:44,390: +PARAM [/onlane_ai_agent_4/aggressiveness_level] by /roslaunch
[rosmaster.master][INFO] 2026-05-06 16:57:44,390: +PARAM [/onlane_ai_agent_5/ego_id] by /roslaunch
[rosmaster.master][INFO] 2026-05-06 16:57:44,390: +PARAM [/onlane_ai_agent_5/agent_config_path] by /roslaunch
[rosmaster.master][INFO] 2026-05-06 16:57:44,390: +PARAM [/onlane_ai_agent_5/desired_vel] by /roslaunch
[rosmaster.master][INFO] 2026-05-06 16:57:44,390: +PARAM [/onlane_ai_agent_5/autonomous_level] by /roslaunch
[rosmaster.master][INFO] 2026-05-06 16:57:44,390: +PARAM [/onlane_ai_agent_5/aggressiveness_level] by /roslaunch
[rosmaster.master][INFO] 2026-05-06 16:57:44,390: +PARAM [/onlane_ai_agent_6/ego_id] by /roslaunch
[rosmaster.master][INFO] 2026-05-06 16:57:44,390: +PARAM [/onlane_ai_agent_6/agent_config_path] by /roslaunch
[rosmaster.master][INFO] 2026-05-06 16:57:44,390: +SERVICE [/rosout/get_loggers] /rosout http://y:33393/
[rosmaster.master][INFO] 2026-05-06 16:57:44,390: +PARAM [/onlane_ai_agent_6/desired_vel] by /roslaunch
[rosmaster.master][INFO] 2026-05-06 16:57:44,390: +PARAM [/onlane_ai_agent_6/autonomous_level] by /roslaunch
[rosmaster.master][INFO] 2026-05-06 16:57:44,390: +PARAM [/onlane_ai_agent_6/aggressiveness_level] by /roslaunch
[rosmaster.master][INFO] 2026-05-06 16:57:44,391: +PARAM [/onlane_ai_agent_7/ego_id] by /roslaunch
[rosmaster.master][INFO] 2026-05-06 16:57:44,391: +SERVICE [/rosout/set_logger_level] /rosout http://y:33393/
[rosmaster.master][INFO] 2026-05-06 16:57:44,391: +PARAM [/onlane_ai_agent_7/agent_config_path] by /roslaunch
[rosmaster.master][INFO] 2026-05-06 16:57:44,391: +PARAM [/onlane_ai_agent_7/desired_vel] by /roslaunch
[rosmaster.master][INFO] 2026-05-06 16:57:44,391: +PARAM [/onlane_ai_agent_7/autonomous_level] by /roslaunch
[rosmaster.master][INFO] 2026-05-06 16:57:44,391: +PARAM [/onlane_ai_agent_7/aggressiveness_level] by /roslaunch
[rosmaster.master][INFO] 2026-05-06 16:57:44,391: +PARAM [/onlane_ai_agent_8/ego_id] by /roslaunch
[rosmaster.master][INFO] 2026-05-06 16:57:44,391: +PARAM [/onlane_ai_agent_8/agent_config_path] by /roslaunch
[rosmaster.master][INFO] 2026-05-06 16:57:44,391: +PARAM [/onlane_ai_agent_8/desired_vel] by /roslaunch
[rosmaster.master][INFO] 2026-05-06 16:57:44,391: +PARAM [/onlane_ai_agent_8/autonomous_level] by /roslaunch
[rosmaster.master][INFO] 2026-05-06 16:57:44,391: +PARAM [/onlane_ai_agent_8/aggressiveness_level] by /roslaunch
[rosmaster.master][INFO] 2026-05-06 16:57:44,391: +PARAM [/onlane_ai_agent_9/ego_id] by /roslaunch
[rosmaster.master][INFO] 2026-05-06 16:57:44,391: +PARAM [/onlane_ai_agent_9/agent_config_path] by /roslaunch
[rosmaster.master][INFO] 2026-05-06 16:57:44,391: +PARAM [/onlane_ai_agent_9/desired_vel] by /roslaunch
[rosmaster.master][INFO] 2026-05-06 16:57:44,391: +PARAM [/onlane_ai_agent_9/autonomous_level] by /roslaunch
[rosmaster.master][INFO] 2026-05-06 16:57:44,391: +PARAM [/onlane_ai_agent_9/aggressiveness_level] by /roslaunch
[rosmaster.master][INFO] 2026-05-06 16:57:44,391: +PARAM [/onlane_ai_agent_10/ego_id] by /roslaunch
[rosmaster.master][INFO] 2026-05-06 16:57:44,391: +PARAM [/onlane_ai_agent_10/agent_config_path] by /roslaunch
[rosmaster.master][INFO] 2026-05-06 16:57:44,391: +PARAM [/onlane_ai_agent_10/desired_vel] by /roslaunch
[rosmaster.master][INFO] 2026-05-06 16:57:44,391: +PARAM [/onlane_ai_agent_10/autonomous_level] by /roslaunch
[rosmaster.master][INFO] 2026-05-06 16:57:44,391: +PARAM [/onlane_ai_agent_10/aggressiveness_level] by /roslaunch
[rosmaster.master][INFO] 2026-05-06 16:57:44,391: +PARAM [/phy_simulator_planning_node/vehicle_info_path] by /roslaunch
[rosmaster.master][INFO] 2026-05-06 16:57:44,391: +PARAM [/phy_simulator_planning_node/map_path] by /roslaunch
[rosmaster.master][INFO] 2026-05-06 16:57:44,391: +PARAM [/phy_simulator_planning_node/lane_net_path] by /roslaunch
[rosmaster.master][INFO] 2026-05-06 16:57:44,392: +PUB [/rosout_agg] /rosout http://y:33393/
[rosmaster.master][INFO] 2026-05-06 16:57:44,393: +SUB [/rosout] /rosout http://y:33393/
[rosmaster.master][INFO] 2026-05-06 16:57:44,420: +PUB [/rosout] /onlane_ai_agent_1 http://y:35859/
[rosmaster.master][INFO] 2026-05-06 16:57:44,421: +SERVICE [/onlane_ai_agent_1/get_loggers] /onlane_ai_agent_1 http://y:35859/
[rosmaster.master][INFO] 2026-05-06 16:57:44,421: +SERVICE [/onlane_ai_agent_1/set_logger_level] /onlane_ai_agent_1 http://y:35859/
[rosmaster.master][INFO] 2026-05-06 16:57:44,422: +PUB [/ctrl/agent_1] /onlane_ai_agent_1 http://y:35859/
[rosmaster.master][INFO] 2026-05-06 16:57:44,422: +PUB [/rosout] /test_ssc_with_mpdm_0 http://y:34405/
[rosmaster.master][INFO] 2026-05-06 16:57:44,423: +PUB [/tf] /onlane_ai_agent_1 http://y:35859/
[rosmaster.master][INFO] 2026-05-06 16:57:44,424: +PUB [/vis/agent_1/ego_vehicle_vis] /onlane_ai_agent_1 http://y:35859/
[rosmaster.master][INFO] 2026-05-06 16:57:44,426: +SERVICE [/test_ssc_with_mpdm_0/get_loggers] /test_ssc_with_mpdm_0 http://y:34405/
[rosmaster.master][INFO] 2026-05-06 16:57:44,428: +PUB [/vis/agent_1/obstacle_map] /onlane_ai_agent_1 http://y:35859/
[rosmaster.master][INFO] 2026-05-06 16:57:44,428: +PUB [/vis/agent_1/surrounding_lane_net_vis] /onlane_ai_agent_1 http://y:35859/
[rosmaster.master][INFO] 2026-05-06 16:57:44,429: +PUB [/vis/agent_1/local_lanes_vis] /onlane_ai_agent_1 http://y:35859/
[rosmaster.master][INFO] 2026-05-06 16:57:44,429: +PUB [/vis/agent_1/ego_behavior_vis] /onlane_ai_agent_1 http://y:35859/
[rosmaster.master][INFO] 2026-05-06 16:57:44,429: +PUB [/vis/agent_1/pred_traj_openloop_vis] /onlane_ai_agent_1 http://y:35859/
[rosmaster.master][INFO] 2026-05-06 16:57:44,429: +PUB [/vis/agent_1/pred_initial_intention_vis] /onlane_ai_agent_1 http://y:35859/
[rosmaster.master][INFO] 2026-05-06 16:57:44,430: +PUB [/vis/agent_1/surrounding_vehicle_vis] /onlane_ai_agent_1 http://y:35859/
[rosmaster.master][INFO] 2026-05-06 16:57:44,431: +PUB [/vis/agent_1/speed_limit] /onlane_ai_agent_1 http://y:35859/
[rosmaster.master][INFO] 2026-05-06 16:57:44,434: +PUB [/rosout] /onlane_ai_agent_4 http://y:43203/
[rosmaster.master][INFO] 2026-05-06 16:57:44,436: +SERVICE [/onlane_ai_agent_4/get_loggers] /onlane_ai_agent_4 http://y:43203/
[rosmaster.master][INFO] 2026-05-06 16:57:44,436: +SERVICE [/onlane_ai_agent_4/set_logger_level] /onlane_ai_agent_4 http://y:43203/
[rosmaster.master][INFO] 2026-05-06 16:57:44,438: +PUB [/rosout] /onlane_ai_agent_2 http://y:42647/
[rosmaster.master][INFO] 2026-05-06 16:57:44,438: +PUB [/ctrl/agent_4] /onlane_ai_agent_4 http://y:43203/
[rosmaster.master][INFO] 2026-05-06 16:57:44,441: +PUB [/rosout] /onlane_ai_agent_5 http://y:39057/
[rosmaster.master][INFO] 2026-05-06 16:57:44,444: +SERVICE [/test_ssc_with_mpdm_0/set_logger_level] /test_ssc_with_mpdm_0 http://y:34405/
[rosmaster.master][INFO] 2026-05-06 16:57:44,444: +SERVICE [/onlane_ai_agent_2/get_loggers] /onlane_ai_agent_2 http://y:42647/
[rosmaster.master][INFO] 2026-05-06 16:57:44,445: +SERVICE [/onlane_ai_agent_2/set_logger_level] /onlane_ai_agent_2 http://y:42647/
[rosmaster.master][INFO] 2026-05-06 16:57:44,445: +PUB [/rosout] /onlane_ai_agent_6 http://y:34943/
[rosmaster.master][INFO] 2026-05-06 16:57:44,446: +PUB [/rosout] /onlane_ai_agent_3 http://y:43887/
[rosmaster.master][INFO] 2026-05-06 16:57:44,446: +SERVICE [/onlane_ai_agent_5/get_loggers] /onlane_ai_agent_5 http://y:39057/
[rosmaster.master][INFO] 2026-05-06 16:57:44,446: +SERVICE [/onlane_ai_agent_6/get_loggers] /onlane_ai_agent_6 http://y:34943/
[rosmaster.master][INFO] 2026-05-06 16:57:44,446: +SERVICE [/onlane_ai_agent_6/set_logger_level] /onlane_ai_agent_6 http://y:34943/
[rosmaster.master][INFO] 2026-05-06 16:57:44,447: publisherUpdate[/rosout] -> http://y:33393/ ['http://y:35859/']
[rosmaster.master][INFO] 2026-05-06 16:57:44,448: +SERVICE [/onlane_ai_agent_3/get_loggers] /onlane_ai_agent_3 http://y:43887/
[rosmaster.master][INFO] 2026-05-06 16:57:44,449: publisherUpdate[/rosout] -> http://y:33393/ ['http://y:35859/']: sec=0.00, result=[1, '', 0]
[rosmaster.master][INFO] 2026-05-06 16:57:44,449: publisherUpdate[/rosout] -> http://y:33393/ ['http://y:35859/', 'http://y:34405/']
[rosmaster.master][INFO] 2026-05-06 16:57:44,449: publisherUpdate[/rosout] -> http://y:33393/ ['http://y:35859/', 'http://y:34405/']: sec=0.00, result=[1, '', 0]
[rosmaster.master][INFO] 2026-05-06 16:57:44,449: publisherUpdate[/rosout] -> http://y:33393/ ['http://y:35859/', 'http://y:34405/', 'http://y:43203/']
[rosmaster.master][INFO] 2026-05-06 16:57:44,450: publisherUpdate[/rosout] -> http://y:33393/ ['http://y:35859/', 'http://y:34405/', 'http://y:43203/']: sec=0.00, result=[1, '', 0]
[rosmaster.master][INFO] 2026-05-06 16:57:44,450: publisherUpdate[/rosout] -> http://y:33393/ ['http://y:35859/', 'http://y:34405/', 'http://y:43203/', 'http://y:42647/']
[rosmaster.master][INFO] 2026-05-06 16:57:44,451: publisherUpdate[/rosout] -> http://y:33393/ ['http://y:35859/', 'http://y:34405/', 'http://y:43203/', 'http://y:42647/']: sec=0.00, result=[1, '', 0]
[rosmaster.master][INFO] 2026-05-06 16:57:44,451: publisherUpdate[/rosout] -> http://y:33393/ ['http://y:35859/', 'http://y:34405/', 'http://y:43203/', 'http://y:42647/', 'http://y:39057/']
[rosmaster.master][INFO] 2026-05-06 16:57:44,452: +PUB [/ctrl/agent_2] /onlane_ai_agent_2 http://y:42647/
[rosmaster.master][INFO] 2026-05-06 16:57:44,453: +SERVICE [/onlane_ai_agent_3/set_logger_level] /onlane_ai_agent_3 http://y:43887/
[rosmaster.master][INFO] 2026-05-06 16:57:44,453: publisherUpdate[/rosout] -> http://y:33393/ ['http://y:35859/', 'http://y:34405/', 'http://y:43203/', 'http://y:42647/', 'http://y:39057/']: sec=0.00, result=[1, '', 0]
[rosmaster.master][INFO] 2026-05-06 16:57:44,454: publisherUpdate[/rosout] -> http://y:33393/ ['http://y:35859/', 'http://y:34405/', 'http://y:43203/', 'http://y:42647/', 'http://y:39057/', 'http://y:34943/']
[rosmaster.master][INFO] 2026-05-06 16:57:44,455: publisherUpdate[/rosout] -> http://y:33393/ ['http://y:35859/', 'http://y:34405/', 'http://y:43203/', 'http://y:42647/', 'http://y:39057/', 'http://y:34943/']: sec=0.00, result=[1, '', 0]
[rosmaster.master][INFO] 2026-05-06 16:57:44,455: publisherUpdate[/rosout] -> http://y:33393/ ['http://y:35859/', 'http://y:34405/', 'http://y:43203/', 'http://y:42647/', 'http://y:39057/', 'http://y:34943/', 'http://y:43887/']
[rosmaster.master][INFO] 2026-05-06 16:57:44,456: publisherUpdate[/rosout] -> http://y:33393/ ['http://y:35859/', 'http://y:34405/', 'http://y:43203/', 'http://y:42647/', 'http://y:39057/', 'http://y:34943/', 'http://y:43887/']: sec=0.00, result=[1, '', 0]
[rosmaster.master][INFO] 2026-05-06 16:57:44,456: +SERVICE [/onlane_ai_agent_5/set_logger_level] /onlane_ai_agent_5 http://y:39057/
[rosmaster.master][INFO] 2026-05-06 16:57:44,459: +PUB [/rosout] /onlane_ai_agent_7 http://y:37747/
[rosmaster.master][INFO] 2026-05-06 16:57:44,460: +PUB [/ctrl/agent_6] /onlane_ai_agent_6 http://y:34943/
[rosmaster.master][INFO] 2026-05-06 16:57:44,468: +PUB [/ctrl/agent_3] /onlane_ai_agent_3 http://y:43887/
[rosmaster.master][INFO] 2026-05-06 16:57:44,468: +PUB [/tf] /onlane_ai_agent_6 http://y:34943/
[rosmaster.master][INFO] 2026-05-06 16:57:44,478: +PUB [/ctrl/agent_5] /onlane_ai_agent_5 http://y:39057/
[rosmaster.master][INFO] 2026-05-06 16:57:44,478: +PUB [/vis/agent_6/ego_vehicle_vis] /onlane_ai_agent_6 http://y:34943/
[rosmaster.master][INFO] 2026-05-06 16:57:44,478: +PUB [/rosout] /onlane_ai_agent_8 http://y:38505/
[rosmaster.master][INFO] 2026-05-06 16:57:44,480: +PUB [/rosout] /onlane_ai_agent_9 http://y:34107/
[rosmaster.master][INFO] 2026-05-06 16:57:44,481: +PUB [/tf] /onlane_ai_agent_3 http://y:43887/
[rosmaster.master][INFO] 2026-05-06 16:57:44,481: +PUB [/vis/agent_3/ego_vehicle_vis] /onlane_ai_agent_3 http://y:43887/
[rosmaster.master][INFO] 2026-05-06 16:57:44,481: +PUB [/vis/agent_3/obstacle_map] /onlane_ai_agent_3 http://y:43887/
[rosmaster.master][INFO] 2026-05-06 16:57:44,482: +PUB [/vis/agent_3/surrounding_lane_net_vis] /onlane_ai_agent_3 http://y:43887/
[rosmaster.master][INFO] 2026-05-06 16:57:44,482: +PUB [/vis/agent_3/local_lanes_vis] /onlane_ai_agent_3 http://y:43887/
[rosmaster.master][INFO] 2026-05-06 16:57:44,482: +PUB [/vis/agent_3/ego_behavior_vis] /onlane_ai_agent_3 http://y:43887/
[rosmaster.master][INFO] 2026-05-06 16:57:44,483: +SERVICE [/onlane_ai_agent_7/get_loggers] /onlane_ai_agent_7 http://y:37747/
[rosmaster.master][INFO] 2026-05-06 16:57:44,484: +PUB [/vis/agent_3/pred_traj_openloop_vis] /onlane_ai_agent_3 http://y:43887/
[rosmaster.master][INFO] 2026-05-06 16:57:44,484: +SERVICE [/onlane_ai_agent_9/get_loggers] /onlane_ai_agent_9 http://y:34107/
[rosmaster.master][INFO] 2026-05-06 16:57:44,485: +PUB [/vis/agent_6/obstacle_map] /onlane_ai_agent_6 http://y:34943/
[rosmaster.master][INFO] 2026-05-06 16:57:44,486: +PUB [/vis/agent_3/pred_initial_intention_vis] /onlane_ai_agent_3 http://y:43887/
[rosmaster.master][INFO] 2026-05-06 16:57:44,486: +SUB [/arena_info_static] /onlane_ai_agent_1 http://y:35859/
[rosmaster.master][INFO] 2026-05-06 16:57:44,486: +PUB [/vis/agent_3/surrounding_vehicle_vis] /onlane_ai_agent_3 http://y:43887/
[rosmaster.master][INFO] 2026-05-06 16:57:44,487: +PUB [/vis/agent_3/speed_limit] /onlane_ai_agent_3 http://y:43887/
[rosmaster.master][INFO] 2026-05-06 16:57:44,488: +SUB [/arena_info_dynamic] /onlane_ai_agent_1 http://y:35859/
[rosmaster.master][INFO] 2026-05-06 16:57:44,489: +PUB [/tf] /onlane_ai_agent_4 http://y:43203/
[rosmaster.master][INFO] 2026-05-06 16:57:44,490: +PUB [/rosout] /phy_simulator_planning_node http://y:42523/
[rosmaster.master][INFO] 2026-05-06 16:57:44,491: +SERVICE [/phy_simulator_planning_node/get_loggers] /phy_simulator_planning_node http://y:42523/
[rosmaster.master][INFO] 2026-05-06 16:57:44,491: +PUB [/vis/agent_6/surrounding_lane_net_vis] /onlane_ai_agent_6 http://y:34943/
[rosmaster.master][INFO] 2026-05-06 16:57:44,491: +SUB [/arena_info_static] /onlane_ai_agent_3 http://y:43887/
[rosmaster.master][INFO] 2026-05-06 16:57:44,491: +SERVICE [/phy_simulator_planning_node/set_logger_level] /phy_simulator_planning_node http://y:42523/
[rosmaster.master][INFO] 2026-05-06 16:57:44,493: +PUB [/tf] /onlane_ai_agent_2 http://y:42647/
[rosmaster.master][INFO] 2026-05-06 16:57:44,494: +SUB [/arena_info_dynamic] /onlane_ai_agent_3 http://y:43887/
[rosmaster.master][INFO] 2026-05-06 16:57:44,499: +SUB [/joy] /onlane_ai_agent_3 http://y:43887/
[rosmaster.master][INFO] 2026-05-06 16:57:44,499: +PUB [/vis/agent_3/forward_trajs] /onlane_ai_agent_3 http://y:43887/
[rosmaster.master][INFO] 2026-05-06 16:57:44,500: +SERVICE [/onlane_ai_agent_9/set_logger_level] /onlane_ai_agent_9 http://y:34107/
[rosmaster.master][INFO] 2026-05-06 16:57:44,501: +PUB [/vis/agent_6/local_lanes_vis] /onlane_ai_agent_6 http://y:34943/
[rosmaster.master][INFO] 2026-05-06 16:57:44,502: +PUB [/rosout] /onlane_ai_agent_10 http://y:42097/
[rosmaster.master][INFO] 2026-05-06 16:57:44,502: +SERVICE [/onlane_ai_agent_7/set_logger_level] /onlane_ai_agent_7 http://y:37747/
[rosmaster.master][INFO] 2026-05-06 16:57:44,502: +SERVICE [/onlane_ai_agent_10/get_loggers] /onlane_ai_agent_10 http://y:42097/
[rosmaster.master][INFO] 2026-05-06 16:57:44,502: +SERVICE [/onlane_ai_agent_10/set_logger_level] /onlane_ai_agent_10 http://y:42097/
[rosmaster.master][INFO] 2026-05-06 16:57:44,504: +PUB [/ctrl/agent_10] /onlane_ai_agent_10 http://y:42097/
[rosmaster.master][INFO] 2026-05-06 16:57:44,510: +PUB [/vis/agent_4/ego_vehicle_vis] /onlane_ai_agent_4 http://y:43203/
[rosmaster.master][INFO] 2026-05-06 16:57:44,512: +SERVICE [/onlane_ai_agent_8/get_loggers] /onlane_ai_agent_8 http://y:38505/
[rosmaster.master][INFO] 2026-05-06 16:57:44,517: +PUB [/vis/agent_6/ego_behavior_vis] /onlane_ai_agent_6 http://y:34943/
[rosmaster.master][INFO] 2026-05-06 16:57:44,518: +PUB [/vis/agent_6/pred_traj_openloop_vis] /onlane_ai_agent_6 http://y:34943/
[rosmaster.master][INFO] 2026-05-06 16:57:44,520: +PUB [/tf] /onlane_ai_agent_5 http://y:39057/
[rosmaster.master][INFO] 2026-05-06 16:57:44,520: +PUB [/ctrl/agent_7] /onlane_ai_agent_7 http://y:37747/
[rosmaster.master][INFO] 2026-05-06 16:57:44,521: +PUB [/vis/agent_6/pred_initial_intention_vis] /onlane_ai_agent_6 http://y:34943/
[rosmaster.master][INFO] 2026-05-06 16:57:44,522: +PUB [/vis/agent_6/surrounding_vehicle_vis] /onlane_ai_agent_6 http://y:34943/
[rosmaster.master][INFO] 2026-05-06 16:57:44,525: +PUB [/vis/agent_6/speed_limit] /onlane_ai_agent_6 http://y:34943/
[rosmaster.master][INFO] 2026-05-06 16:57:44,528: +SUB [/arena_info_static] /onlane_ai_agent_6 http://y:34943/
[rosmaster.master][INFO] 2026-05-06 16:57:44,528: +PUB [/tf] /onlane_ai_agent_10 http://y:42097/
[rosmaster.master][INFO] 2026-05-06 16:57:44,531: +SUB [/arena_info_dynamic] /onlane_ai_agent_6 http://y:34943/
[rosmaster.master][INFO] 2026-05-06 16:57:44,533: +SUB [/joy] /onlane_ai_agent_6 http://y:34943/
[rosmaster.master][INFO] 2026-05-06 16:57:44,534: +PUB [/vis/agent_6/forward_trajs] /onlane_ai_agent_6 http://y:34943/
[rosmaster.master][INFO] 2026-05-06 16:57:44,535: +SUB [/joy] /onlane_ai_agent_1 http://y:35859/
[rosmaster.master][INFO] 2026-05-06 16:57:44,536: +PUB [/vis/agent_1/forward_trajs] /onlane_ai_agent_1 http://y:35859/
[rosmaster.master][INFO] 2026-05-06 16:57:44,538: +PUB [/vis/agent_4/obstacle_map] /onlane_ai_agent_4 http://y:43203/
[rosmaster.master][INFO] 2026-05-06 16:57:44,540: +SERVICE [/onlane_ai_agent_8/set_logger_level] /onlane_ai_agent_8 http://y:38505/
[rosmaster.master][INFO] 2026-05-06 16:57:44,544: +PUB [/ctrl/agent_9] /onlane_ai_agent_9 http://y:34107/
[rosmaster.master][INFO] 2026-05-06 16:57:44,544: +PUB [/vis/agent_4/surrounding_lane_net_vis] /onlane_ai_agent_4 http://y:43203/
[rosmaster.master][INFO] 2026-05-06 16:57:44,549: publisherUpdate[/rosout] -> http://y:33393/ ['http://y:35859/', 'http://y:34405/', 'http://y:43203/', 'http://y:42647/', 'http://y:39057/', 'http://y:34943/', 'http://y:43887/', 'http://y:37747/']
[rosmaster.master][INFO] 2026-05-06 16:57:44,549: publisherUpdate[/rosout] -> http://y:33393/ ['http://y:35859/', 'http://y:34405/', 'http://y:43203/', 'http://y:42647/', 'http://y:39057/', 'http://y:34943/', 'http://y:43887/', 'http://y:37747/']: sec=0.00, result=[1, '', 0]
[rosmaster.master][INFO] 2026-05-06 16:57:44,549: publisherUpdate[/rosout] -> http://y:33393/ ['http://y:35859/', 'http://y:34405/', 'http://y:43203/', 'http://y:42647/', 'http://y:39057/', 'http://y:34943/', 'http://y:43887/', 'http://y:37747/', 'http://y:38505/']
[rosmaster.master][INFO] 2026-05-06 16:57:44,550: publisherUpdate[/rosout] -> http://y:33393/ ['http://y:35859/', 'http://y:34405/', 'http://y:43203/', 'http://y:42647/', 'http://y:39057/', 'http://y:34943/', 'http://y:43887/', 'http://y:37747/', 'http://y:38505/']: sec=0.00, result=[1, '', 0]
[rosmaster.master][INFO] 2026-05-06 16:57:44,550: publisherUpdate[/rosout] -> http://y:33393/ ['http://y:35859/', 'http://y:34405/', 'http://y:43203/', 'http://y:42647/', 'http://y:39057/', 'http://y:34943/', 'http://y:43887/', 'http://y:37747/', 'http://y:38505/', 'http://y:34107/']
[rosmaster.master][INFO] 2026-05-06 16:57:44,550: +PUB [/vis/agent_2/ego_vehicle_vis] /onlane_ai_agent_2 http://y:42647/
[rosmaster.master][INFO] 2026-05-06 16:57:44,551: +PUB [/vis/agent_2/obstacle_map] /onlane_ai_agent_2 http://y:42647/
[rosmaster.master][INFO] 2026-05-06 16:57:44,551: +PUB [/vis/agent_2/surrounding_lane_net_vis] /onlane_ai_agent_2 http://y:42647/
[rosmaster.master][INFO] 2026-05-06 16:57:44,551: +PUB [/vis/agent_2/local_lanes_vis] /onlane_ai_agent_2 http://y:42647/
[rosmaster.master][INFO] 2026-05-06 16:57:44,552: +PUB [/vis/agent_2/ego_behavior_vis] /onlane_ai_agent_2 http://y:42647/
[rosmaster.master][INFO] 2026-05-06 16:57:44,552: +PUB [/vis/agent_2/pred_traj_openloop_vis] /onlane_ai_agent_2 http://y:42647/
[rosmaster.master][INFO] 2026-05-06 16:57:44,557: publisherUpdate[/rosout] -> http://y:33393/ ['http://y:35859/', 'http://y:34405/', 'http://y:43203/', 'http://y:42647/', 'http://y:39057/', 'http://y:34943/', 'http://y:43887/', 'http://y:37747/', 'http://y:38505/', 'http://y:34107/']: sec=0.01, result=[1, '', 0]
[rosmaster.master][INFO] 2026-05-06 16:57:44,560: publisherUpdate[/rosout] -> http://y:33393/ ['http://y:35859/', 'http://y:34405/', 'http://y:43203/', 'http://y:42647/', 'http://y:39057/', 'http://y:34943/', 'http://y:43887/', 'http://y:37747/', 'http://y:38505/', 'http://y:34107/', 'http://y:42523/']
[rosmaster.master][INFO] 2026-05-06 16:57:44,557: +PUB [/vis/agent_5/ego_vehicle_vis] /onlane_ai_agent_5 http://y:39057/
[rosmaster.master][INFO] 2026-05-06 16:57:44,561: publisherUpdate[/rosout] -> http://y:33393/ ['http://y:35859/', 'http://y:34405/', 'http://y:43203/', 'http://y:42647/', 'http://y:39057/', 'http://y:34943/', 'http://y:43887/', 'http://y:37747/', 'http://y:38505/', 'http://y:34107/', 'http://y:42523/']: sec=0.00, result=[1, '', 0]
[rosmaster.master][INFO] 2026-05-06 16:57:44,561: publisherUpdate[/rosout] -> http://y:33393/ ['http://y:35859/', 'http://y:34405/', 'http://y:43203/', 'http://y:42647/', 'http://y:39057/', 'http://y:34943/', 'http://y:43887/', 'http://y:37747/', 'http://y:38505/', 'http://y:34107/', 'http://y:42523/', 'http://y:42097/']
[rosmaster.master][INFO] 2026-05-06 16:57:44,561: +PUB [/vis/agent_2/pred_initial_intention_vis] /onlane_ai_agent_2 http://y:42647/
[rosmaster.master][INFO] 2026-05-06 16:57:44,561: publisherUpdate[/rosout] -> http://y:33393/ ['http://y:35859/', 'http://y:34405/', 'http://y:43203/', 'http://y:42647/', 'http://y:39057/', 'http://y:34943/', 'http://y:43887/', 'http://y:37747/', 'http://y:38505/', 'http://y:34107/', 'http://y:42523/', 'http://y:42097/']: sec=0.00, result=[1, '', 0]
[rosmaster.master][INFO] 2026-05-06 16:57:44,562: +PUB [/tf] /test_ssc_with_mpdm_0 http://y:34405/
[rosmaster.master][INFO] 2026-05-06 16:57:44,562: +PUB [/ctrl/agent_8] /onlane_ai_agent_8 http://y:38505/
[rosmaster.master][INFO] 2026-05-06 16:57:44,563: +PUB [/arena_info_static] /phy_simulator_planning_node http://y:42523/
[rosmaster.master][INFO] 2026-05-06 16:57:44,563: +PUB [/vis/agent_10/ego_vehicle_vis] /onlane_ai_agent_10 http://y:42097/
[rosmaster.master][INFO] 2026-05-06 16:57:44,563: +PUB [/vis/agent_4/local_lanes_vis] /onlane_ai_agent_4 http://y:43203/
[rosmaster.master][INFO] 2026-05-06 16:57:44,563: +PUB [/vis/agent_4/ego_behavior_vis] /onlane_ai_agent_4 http://y:43203/
[rosmaster.master][INFO] 2026-05-06 16:57:44,564: +PUB [/tf] /onlane_ai_agent_7 http://y:37747/
[rosmaster.master][INFO] 2026-05-06 16:57:44,564: +PUB [/vis/agent_4/pred_traj_openloop_vis] /onlane_ai_agent_4 http://y:43203/
[rosmaster.master][INFO] 2026-05-06 16:57:44,564: +PUB [/vis/agent_0/ego_vehicle_vis] /test_ssc_with_mpdm_0 http://y:34405/
[rosmaster.master][INFO] 2026-05-06 16:57:44,564: +PUB [/arena_info_dynamic] /phy_simulator_planning_node http://y:42523/
[rosmaster.master][INFO] 2026-05-06 16:57:44,564: +PUB [/vis/agent_2/surrounding_vehicle_vis] /onlane_ai_agent_2 http://y:42647/
[rosmaster.master][INFO] 2026-05-06 16:57:44,565: +PUB [/vis/agent_10/obstacle_map] /onlane_ai_agent_10 http://y:42097/
[rosmaster.master][INFO] 2026-05-06 16:57:44,565: +PUB [/tf] /onlane_ai_agent_9 http://y:34107/
[rosmaster.master][INFO] 2026-05-06 16:57:44,565: +PUB [/vis/agent_5/obstacle_map] /onlane_ai_agent_5 http://y:39057/
[rosmaster.master][INFO] 2026-05-06 16:57:44,565: +PUB [/vis/agent_4/pred_initial_intention_vis] /onlane_ai_agent_4 http://y:43203/
[rosmaster.master][INFO] 2026-05-06 16:57:44,566: +PUB [/vis/agent_7/ego_vehicle_vis] /onlane_ai_agent_7 http://y:37747/
[rosmaster.master][INFO] 2026-05-06 16:57:44,566: +PUB [/vis/agent_0/obstacle_map] /test_ssc_with_mpdm_0 http://y:34405/
[rosmaster.master][INFO] 2026-05-06 16:57:44,566: +PUB [/vis/agent_2/speed_limit] /onlane_ai_agent_2 http://y:42647/
[rosmaster.master][INFO] 2026-05-06 16:57:44,566: +PUB [/vis/agent_0/surrounding_lane_net_vis] /test_ssc_with_mpdm_0 http://y:34405/
[rosmaster.master][INFO] 2026-05-06 16:57:44,567: +PUB [/vis/agent_9/ego_vehicle_vis] /onlane_ai_agent_9 http://y:34107/
[rosmaster.master][INFO] 2026-05-06 16:57:44,568: +SUB [/arena_info_static] /onlane_ai_agent_2 http://y:42647/
[rosmaster.master][INFO] 2026-05-06 16:57:44,568: +PUB [/vis/agent_10/surrounding_lane_net_vis] /onlane_ai_agent_10 http://y:42097/
[rosmaster.master][INFO] 2026-05-06 16:57:44,569: +PUB [/vis/agent_9/obstacle_map] /onlane_ai_agent_9 http://y:34107/
[rosmaster.master][INFO] 2026-05-06 16:57:44,569: +PUB [/phy_simulator_planning_node/vis/vehicle_set_vis] /phy_simulator_planning_node http://y:42523/
[rosmaster.master][INFO] 2026-05-06 16:57:44,569: +PUB [/vis/agent_10/local_lanes_vis] /onlane_ai_agent_10 http://y:42097/
[rosmaster.master][INFO] 2026-05-06 16:57:44,570: +PUB [/vis/agent_5/surrounding_lane_net_vis] /onlane_ai_agent_5 http://y:39057/
[rosmaster.master][INFO] 2026-05-06 16:57:44,571: +PUB [/vis/agent_0/local_lanes_vis] /test_ssc_with_mpdm_0 http://y:34405/
[rosmaster.master][INFO] 2026-05-06 16:57:44,571: +PUB [/vis/agent_4/surrounding_vehicle_vis] /onlane_ai_agent_4 http://y:43203/
[rosmaster.master][INFO] 2026-05-06 16:57:44,571: +PUB [/phy_simulator_planning_node/vis/lane_net_vis] /phy_simulator_planning_node http://y:42523/
[rosmaster.master][INFO] 2026-05-06 16:57:44,571: +PUB [/tf] /onlane_ai_agent_8 http://y:38505/
[rosmaster.master][INFO] 2026-05-06 16:57:44,571: +SUB [/arena_info_dynamic] /onlane_ai_agent_2 http://y:42647/
[rosmaster.master][INFO] 2026-05-06 16:57:44,572: +PUB [/vis/agent_10/ego_behavior_vis] /onlane_ai_agent_10 http://y:42097/
[rosmaster.master][INFO] 2026-05-06 16:57:44,572: +PUB [/vis/agent_7/obstacle_map] /onlane_ai_agent_7 http://y:37747/
[rosmaster.master][INFO] 2026-05-06 16:57:44,573: +PUB [/vis/agent_4/speed_limit] /onlane_ai_agent_4 http://y:43203/
[rosmaster.master][INFO] 2026-05-06 16:57:44,573: +PUB [/vis/agent_5/local_lanes_vis] /onlane_ai_agent_5 http://y:39057/
[rosmaster.master][INFO] 2026-05-06 16:57:44,573: +PUB [/vis/agent_8/ego_vehicle_vis] /onlane_ai_agent_8 http://y:38505/
[rosmaster.master][INFO] 2026-05-06 16:57:44,573: +PUB [/phy_simulator_planning_node/vis/obstacle_set_vis] /phy_simulator_planning_node http://y:42523/
[rosmaster.master][INFO] 2026-05-06 16:57:44,574: +PUB [/vis/agent_0/ego_behavior_vis] /test_ssc_with_mpdm_0 http://y:34405/
[rosmaster.master][INFO] 2026-05-06 16:57:44,574: +PUB [/vis/agent_9/surrounding_lane_net_vis] /onlane_ai_agent_9 http://y:34107/
[rosmaster.master][INFO] 2026-05-06 16:57:44,576: +PUB [/vis/agent_5/ego_behavior_vis] /onlane_ai_agent_5 http://y:39057/
[rosmaster.master][INFO] 2026-05-06 16:57:44,578: +PUB [/vis/agent_8/obstacle_map] /onlane_ai_agent_8 http://y:38505/
[rosmaster.master][INFO] 2026-05-06 16:57:44,579: +PUB [/vis/agent_7/surrounding_lane_net_vis] /onlane_ai_agent_7 http://y:37747/
[rosmaster.master][INFO] 2026-05-06 16:57:44,579: +PUB [/vis/agent_10/pred_traj_openloop_vis] /onlane_ai_agent_10 http://y:42097/
[rosmaster.master][INFO] 2026-05-06 16:57:44,580: +PUB [/vis/agent_0/pred_traj_openloop_vis] /test_ssc_with_mpdm_0 http://y:34405/
[rosmaster.master][INFO] 2026-05-06 16:57:44,580: +PUB [/vis/agent_5/pred_traj_openloop_vis] /onlane_ai_agent_5 http://y:39057/
[rosmaster.master][INFO] 2026-05-06 16:57:44,580: +SUB [/arena_info_static] /onlane_ai_agent_4 http://y:43203/
[rosmaster.master][INFO] 2026-05-06 16:57:44,580: +PUB [/vis/agent_9/local_lanes_vis] /onlane_ai_agent_9 http://y:34107/
[rosmaster.master][INFO] 2026-05-06 16:57:44,580: +PUB [/vis/agent_8/surrounding_lane_net_vis] /onlane_ai_agent_8 http://y:38505/
[rosmaster.master][INFO] 2026-05-06 16:57:44,580: +SUB [/joy] /onlane_ai_agent_2 http://y:42647/
[rosmaster.master][INFO] 2026-05-06 16:57:44,580: +PUB [/vis/agent_7/local_lanes_vis] /onlane_ai_agent_7 http://y:37747/
[rosmaster.master][INFO] 2026-05-06 16:57:44,580: +SUB [/ctrl/agent_10] /phy_simulator_planning_node http://y:42523/
[rosmaster.master][INFO] 2026-05-06 16:57:44,583: +PUB [/vis/agent_10/pred_initial_intention_vis] /onlane_ai_agent_10 http://y:42097/
[rosmaster.master][INFO] 2026-05-06 16:57:44,584: +PUB [/vis/agent_0/pred_initial_intention_vis] /test_ssc_with_mpdm_0 http://y:34405/
[rosmaster.master][INFO] 2026-05-06 16:57:44,584: +PUB [/vis/agent_8/local_lanes_vis] /onlane_ai_agent_8 http://y:38505/
[rosmaster.master][INFO] 2026-05-06 16:57:44,585: +PUB [/vis/agent_0/surrounding_vehicle_vis] /test_ssc_with_mpdm_0 http://y:34405/
[rosmaster.master][INFO] 2026-05-06 16:57:44,585: +PUB [/vis/agent_2/forward_trajs] /onlane_ai_agent_2 http://y:42647/
[rosmaster.master][INFO] 2026-05-06 16:57:44,585: +PUB [/vis/agent_8/ego_behavior_vis] /onlane_ai_agent_8 http://y:38505/
[rosmaster.master][INFO] 2026-05-06 16:57:44,585: +PUB [/vis/agent_9/ego_behavior_vis] /onlane_ai_agent_9 http://y:34107/
[rosmaster.master][INFO] 2026-05-06 16:57:44,585: +PUB [/vis/agent_10/surrounding_vehicle_vis] /onlane_ai_agent_10 http://y:42097/
[rosmaster.master][INFO] 2026-05-06 16:57:44,586: +PUB [/vis/agent_9/pred_traj_openloop_vis] /onlane_ai_agent_9 http://y:34107/
[rosmaster.master][INFO] 2026-05-06 16:57:44,586: +SUB [/arena_info_dynamic] /onlane_ai_agent_4 http://y:43203/
[rosmaster.master][INFO] 2026-05-06 16:57:44,586: +SUB [/ctrl/agent_9] /phy_simulator_planning_node http://y:42523/
[rosmaster.master][INFO] 2026-05-06 16:57:44,587: +PUB [/vis/agent_0/speed_limit] /test_ssc_with_mpdm_0 http://y:34405/
[rosmaster.master][INFO] 2026-05-06 16:57:44,587: +PUB [/vis/agent_5/pred_initial_intention_vis] /onlane_ai_agent_5 http://y:39057/
[rosmaster.master][INFO] 2026-05-06 16:57:44,587: +PUB [/vis/agent_7/ego_behavior_vis] /onlane_ai_agent_7 http://y:37747/
[rosmaster.master][INFO] 2026-05-06 16:57:44,588: +PUB [/vis/agent_8/pred_traj_openloop_vis] /onlane_ai_agent_8 http://y:38505/
[rosmaster.master][INFO] 2026-05-06 16:57:44,589: +PUB [/vis/agent_9/pred_initial_intention_vis] /onlane_ai_agent_9 http://y:34107/
[rosmaster.master][INFO] 2026-05-06 16:57:44,589: +PUB [/vis/agent_10/speed_limit] /onlane_ai_agent_10 http://y:42097/
[rosmaster.master][INFO] 2026-05-06 16:57:44,589: +PUB [/vis/agent_0/ssc/map_vis] /test_ssc_with_mpdm_0 http://y:34405/
[rosmaster.master][INFO] 2026-05-06 16:57:44,590: +PUB [/vis/agent_5/surrounding_vehicle_vis] /onlane_ai_agent_5 http://y:39057/
[rosmaster.master][INFO] 2026-05-06 16:57:44,591: +PUB [/vis/agent_7/pred_traj_openloop_vis] /onlane_ai_agent_7 http://y:37747/
[rosmaster.master][INFO] 2026-05-06 16:57:44,591: +SUB [/joy] /onlane_ai_agent_4 http://y:43203/
[rosmaster.master][INFO] 2026-05-06 16:57:44,591: +PUB [/vis/agent_8/pred_initial_intention_vis] /onlane_ai_agent_8 http://y:38505/
[rosmaster.master][INFO] 2026-05-06 16:57:44,591: +SUB [/ctrl/agent_8] /phy_simulator_planning_node http://y:42523/
[rosmaster.master][INFO] 2026-05-06 16:57:44,595: +PUB [/vis/agent_0/ssc/qp_vis] /test_ssc_with_mpdm_0 http://y:34405/
[rosmaster.master][INFO] 2026-05-06 16:57:44,596: +PUB [/vis/agent_9/surrounding_vehicle_vis] /onlane_ai_agent_9 http://y:34107/
[rosmaster.master][INFO] 2026-05-06 16:57:44,596: +PUB [/vis/agent_8/surrounding_vehicle_vis] /onlane_ai_agent_8 http://y:38505/
[rosmaster.master][INFO] 2026-05-06 16:57:44,597: +PUB [/vis/agent_5/speed_limit] /onlane_ai_agent_5 http://y:39057/
[rosmaster.master][INFO] 2026-05-06 16:57:44,597: +PUB [/vis/agent_7/pred_initial_intention_vis] /onlane_ai_agent_7 http://y:37747/
[rosmaster.master][INFO] 2026-05-06 16:57:44,597: +PUB [/vis/agent_0/ssc/ego_fs_vis] /test_ssc_with_mpdm_0 http://y:34405/
[rosmaster.master][INFO] 2026-05-06 16:57:44,597: +SUB [/arena_info_static] /onlane_ai_agent_10 http://y:42097/
[rosmaster.master][INFO] 2026-05-06 16:57:44,598: +PUB [/vis/agent_4/forward_trajs] /onlane_ai_agent_4 http://y:43203/
[rosmaster.master][INFO] 2026-05-06 16:57:44,599: +SUB [/ctrl/agent_7] /phy_simulator_planning_node http://y:42523/
[rosmaster.master][INFO] 2026-05-06 16:57:44,599: +PUB [/vis/agent_9/speed_limit] /onlane_ai_agent_9 http://y:34107/
[rosmaster.master][INFO] 2026-05-06 16:57:44,599: +PUB [/vis/agent_8/speed_limit] /onlane_ai_agent_8 http://y:38505/
[rosmaster.master][INFO] 2026-05-06 16:57:44,599: +PUB [/vis/agent_7/surrounding_vehicle_vis] /onlane_ai_agent_7 http://y:37747/
[rosmaster.master][INFO] 2026-05-06 16:57:44,600: +PUB [/vis/agent_0/ssc/forward_trajs_vis] /test_ssc_with_mpdm_0 http://y:34405/
[rosmaster.master][INFO] 2026-05-06 16:57:44,601: +SUB [/arena_info_static] /onlane_ai_agent_5 http://y:39057/
[rosmaster.master][INFO] 2026-05-06 16:57:44,601: +SUB [/arena_info_dynamic] /onlane_ai_agent_10 http://y:42097/
[rosmaster.master][INFO] 2026-05-06 16:57:44,602: +PUB [/vis/agent_7/speed_limit] /onlane_ai_agent_7 http://y:37747/
[rosmaster.master][INFO] 2026-05-06 16:57:44,602: +SUB [/arena_info_static] /onlane_ai_agent_8 http://y:38505/
[rosmaster.master][INFO] 2026-05-06 16:57:44,603: +SUB [/arena_info_static] /onlane_ai_agent_9 http://y:34107/
[rosmaster.master][INFO] 2026-05-06 16:57:44,603: +SUB [/ctrl/agent_6] /phy_simulator_planning_node http://y:42523/
[rosmaster.master][INFO] 2026-05-06 16:57:44,604: +PUB [/vis/agent_0/ssc/sur_vehicle_trajs_vis] /test_ssc_with_mpdm_0 http://y:34405/
[rosmaster.master][INFO] 2026-05-06 16:57:44,606: +SUB [/arena_info_static] /onlane_ai_agent_7 http://y:37747/
[rosmaster.master][INFO] 2026-05-06 16:57:44,607: +SUB [/joy] /onlane_ai_agent_10 http://y:42097/
[rosmaster.master][INFO] 2026-05-06 16:57:44,607: +SUB [/arena_info_dynamic] /onlane_ai_agent_5 http://y:39057/
[rosmaster.master][INFO] 2026-05-06 16:57:44,608: +PUB [/vis/agent_0/ssc/corridor_vis] /test_ssc_with_mpdm_0 http://y:34405/
[rosmaster.master][INFO] 2026-05-06 16:57:44,608: +SUB [/arena_info_dynamic] /onlane_ai_agent_9 http://y:34107/
[rosmaster.master][INFO] 2026-05-06 16:57:44,609: +SUB [/arena_info_dynamic] /onlane_ai_agent_8 http://y:38505/
[rosmaster.master][INFO] 2026-05-06 16:57:44,610: +SUB [/ctrl/agent_5] /phy_simulator_planning_node http://y:42523/
[rosmaster.master][INFO] 2026-05-06 16:57:44,610: +PUB [/vis/agent_10/forward_trajs] /onlane_ai_agent_10 http://y:42097/
[rosmaster.master][INFO] 2026-05-06 16:57:44,611: +SUB [/arena_info_dynamic] /onlane_ai_agent_7 http://y:37747/
[rosmaster.master][INFO] 2026-05-06 16:57:44,611: +SUB [/joy] /onlane_ai_agent_5 http://y:39057/
[rosmaster.master][INFO] 2026-05-06 16:57:44,612: +PUB [/ctrl/agent_0] /test_ssc_with_mpdm_0 http://y:34405/
[rosmaster.master][INFO] 2026-05-06 16:57:44,612: +SUB [/joy] /onlane_ai_agent_8 http://y:38505/
[rosmaster.master][INFO] 2026-05-06 16:57:44,612: +SUB [/joy] /onlane_ai_agent_9 http://y:34107/
[rosmaster.master][INFO] 2026-05-06 16:57:44,613: +SUB [/ctrl/agent_4] /phy_simulator_planning_node http://y:42523/
[rosmaster.master][INFO] 2026-05-06 16:57:44,613: +PUB [/test_ssc_with_mpdm_0/ssc_map] /test_ssc_with_mpdm_0 http://y:34405/
[rosmaster.master][INFO] 2026-05-06 16:57:44,613: +PUB [/vis/agent_5/forward_trajs] /onlane_ai_agent_5 http://y:39057/
[rosmaster.master][INFO] 2026-05-06 16:57:44,614: +PUB [/vis/agent_9/forward_trajs] /onlane_ai_agent_9 http://y:34107/
[rosmaster.master][INFO] 2026-05-06 16:57:44,614: +SUB [/joy] /onlane_ai_agent_7 http://y:37747/
[rosmaster.master][INFO] 2026-05-06 16:57:44,614: +PUB [/vis/agent_8/forward_trajs] /onlane_ai_agent_8 http://y:38505/
[rosmaster.master][INFO] 2026-05-06 16:57:44,614: +PUB [/vis/agent_0/ssc/exec_traj] /test_ssc_with_mpdm_0 http://y:34405/
[rosmaster.master][INFO] 2026-05-06 16:57:44,615: +SUB [/ctrl/agent_3] /phy_simulator_planning_node http://y:42523/
[rosmaster.master][INFO] 2026-05-06 16:57:44,615: +PUB [/vis/agent_7/forward_trajs] /onlane_ai_agent_7 http://y:37747/
[rosmaster.master][INFO] 2026-05-06 16:57:44,616: +SUB [/joy] /test_ssc_with_mpdm_0 http://y:34405/
[rosmaster.master][INFO] 2026-05-06 16:57:44,617: +SUB [/ctrl/agent_2] /phy_simulator_planning_node http://y:42523/
[rosmaster.master][INFO] 2026-05-06 16:57:44,617: +PUB [/vis/agent_0/forward_trajs] /test_ssc_with_mpdm_0 http://y:34405/
[rosmaster.master][INFO] 2026-05-06 16:57:44,619: +SUB [/arena_info_static] /test_ssc_with_mpdm_0 http://y:34405/
[rosmaster.master][INFO] 2026-05-06 16:57:44,619: +SUB [/ctrl/agent_1] /phy_simulator_planning_node http://y:42523/
[rosmaster.master][INFO] 2026-05-06 16:57:44,620: +SUB [/arena_info_dynamic] /test_ssc_with_mpdm_0 http://y:34405/
[rosmaster.master][INFO] 2026-05-06 16:57:44,621: +SUB [/ctrl/agent_0] /phy_simulator_planning_node http://y:42523/
[rosmaster.master][INFO] 2026-05-06 16:57:44,624: +SUB [/initialpose] /phy_simulator_planning_node http://y:42523/
[rosmaster.master][INFO] 2026-05-06 16:57:44,625: +SUB [/move_base_simple/goal] /phy_simulator_planning_node http://y:42523/
[rosmaster.master][INFO] 2026-05-06 16:57:44,650: publisherUpdate[/arena_info_static] -> http://y:35859/ ['http://y:42523/']
[rosmaster.master][INFO] 2026-05-06 16:57:44,650: publisherUpdate[/arena_info_static] -> http://y:35859/ ['http://y:42523/']: sec=0.00, result=[1, '', 0]
[rosmaster.master][INFO] 2026-05-06 16:57:44,650: publisherUpdate[/arena_info_static] -> http://y:43887/ ['http://y:42523/']
[rosmaster.master][INFO] 2026-05-06 16:57:44,651: publisherUpdate[/arena_info_static] -> http://y:43887/ ['http://y:42523/']: sec=0.00, result=[1, '', 0]
[rosmaster.master][INFO] 2026-05-06 16:57:44,651: publisherUpdate[/arena_info_static] -> http://y:34943/ ['http://y:42523/']
[rosmaster.master][INFO] 2026-05-06 16:57:44,652: publisherUpdate[/arena_info_static] -> http://y:34943/ ['http://y:42523/']: sec=0.00, result=[1, '', 0]
[rosmaster.master][INFO] 2026-05-06 16:57:44,652: publisherUpdate[/arena_info_dynamic] -> http://y:35859/ ['http://y:42523/']
[rosmaster.master][INFO] 2026-05-06 16:57:44,652: publisherUpdate[/arena_info_dynamic] -> http://y:35859/ ['http://y:42523/']: sec=0.00, result=[1, '', 0]
[rosmaster.master][INFO] 2026-05-06 16:57:44,652: publisherUpdate[/arena_info_dynamic] -> http://y:43887/ ['http://y:42523/']
[rosmaster.master][INFO] 2026-05-06 16:57:44,653: publisherUpdate[/arena_info_dynamic] -> http://y:43887/ ['http://y:42523/']: sec=0.00, result=[1, '', 0]
[rosmaster.master][INFO] 2026-05-06 16:57:44,653: publisherUpdate[/arena_info_dynamic] -> http://y:34943/ ['http://y:42523/']
[rosmaster.master][INFO] 2026-05-06 16:57:44,653: publisherUpdate[/arena_info_dynamic] -> http://y:34943/ ['http://y:42523/']: sec=0.00, result=[1, '', 0]
[rosmaster.master][INFO] 2026-05-06 16:57:52,232: +PUB [/rosout] /epsilon_metric_collector_1856827_1778057872118 http://y:42429/
[rosmaster.master][INFO] 2026-05-06 16:57:52,234: +SERVICE [/epsilon_metric_collector_1856827_1778057872118/get_loggers] /epsilon_metric_collector_1856827_1778057872118 http://y:42429/
[rosmaster.master][INFO] 2026-05-06 16:57:52,234: +SERVICE [/epsilon_metric_collector_1856827_1778057872118/set_logger_level] /epsilon_metric_collector_1856827_1778057872118 http://y:42429/
[rosmaster.master][INFO] 2026-05-06 16:57:52,235: +SUB [/arena_info_dynamic] /epsilon_metric_collector_1856827_1778057872118 http://y:42429/
[rosmaster.master][INFO] 2026-05-06 16:57:52,265: publisherUpdate[/rosout] -> http://y:33393/ ['http://y:35859/', 'http://y:34405/', 'http://y:43203/', 'http://y:42647/', 'http://y:39057/', 'http://y:34943/', 'http://y:43887/', 'http://y:37747/', 'http://y:38505/', 'http://y:34107/', 'http://y:42523/', 'http://y:42097/', 'http://y:42429/']
[rosmaster.master][INFO] 2026-05-06 16:57:52,266: publisherUpdate[/rosout] -> http://y:33393/ ['http://y:35859/', 'http://y:34405/', 'http://y:43203/', 'http://y:42647/', 'http://y:39057/', 'http://y:34943/', 'http://y:43887/', 'http://y:37747/', 'http://y:38505/', 'http://y:34107/', 'http://y:42523/', 'http://y:42097/', 'http://y:42429/']: sec=0.00, result=[1, '', 0]
[rosmaster.master][INFO] 2026-05-06 16:59:51,870: -SUB [/arena_info_dynamic] /epsilon_metric_collector_1856827_1778057872118 http://y:42429/
[rosmaster.master][INFO] 2026-05-06 16:59:51,870: -PUB [/rosout] /epsilon_metric_collector_1856827_1778057872118 http://y:42429/
[rosmaster.master][INFO] 2026-05-06 16:59:51,870: -SERVICE [/epsilon_metric_collector_1856827_1778057872118/get_loggers] /epsilon_metric_collector_1856827_1778057872118 rosrpc://y:39271
[rosmaster.master][INFO] 2026-05-06 16:59:51,870: -SERVICE [/epsilon_metric_collector_1856827_1778057872118/set_logger_level] /epsilon_metric_collector_1856827_1778057872118 rosrpc://y:39271
[rosmaster.master][INFO] 2026-05-06 16:59:51,956: publisherUpdate[/rosout] -> http://y:33393/ ['http://y:35859/', 'http://y:34405/', 'http://y:43203/', 'http://y:42647/', 'http://y:39057/', 'http://y:34943/', 'http://y:43887/', 'http://y:37747/', 'http://y:38505/', 'http://y:34107/', 'http://y:42523/', 'http://y:42097/']
[rosmaster.master][INFO] 2026-05-06 16:59:51,957: publisherUpdate[/rosout] -> http://y:33393/ ['http://y:35859/', 'http://y:34405/', 'http://y:43203/', 'http://y:42647/', 'http://y:39057/', 'http://y:34943/', 'http://y:43887/', 'http://y:37747/', 'http://y:38505/', 'http://y:34107/', 'http://y:42523/', 'http://y:42097/']: sec=0.00, result=[1, '', 0]
[rosmaster.master][INFO] 2026-05-06 16:59:52,910: +PUB [/rosout] /rostopic_1856916_1778057992797 http://y:37203/
[rosmaster.master][INFO] 2026-05-06 16:59:52,912: +SERVICE [/rostopic_1856916_1778057992797/get_loggers] /rostopic_1856916_1778057992797 http://y:37203/
[rosmaster.master][INFO] 2026-05-06 16:59:52,913: +SERVICE [/rostopic_1856916_1778057992797/set_logger_level] /rostopic_1856916_1778057992797 http://y:37203/
[rosmaster.master][INFO] 2026-05-06 16:59:52,921: +SUB [/arena_info_dynamic] /rostopic_1856916_1778057992797 http://y:37203/
[rosmaster.master][INFO] 2026-05-06 16:59:52,958: publisherUpdate[/rosout] -> http://y:33393/ ['http://y:35859/', 'http://y:34405/', 'http://y:43203/', 'http://y:42647/', 'http://y:39057/', 'http://y:34943/', 'http://y:43887/', 'http://y:37747/', 'http://y:38505/', 'http://y:34107/', 'http://y:42523/', 'http://y:42097/', 'http://y:37203/']
[rosmaster.master][INFO] 2026-05-06 16:59:52,959: publisherUpdate[/rosout] -> http://y:33393/ ['http://y:35859/', 'http://y:34405/', 'http://y:43203/', 'http://y:42647/', 'http://y:39057/', 'http://y:34943/', 'http://y:43887/', 'http://y:37747/', 'http://y:38505/', 'http://y:34107/', 'http://y:42523/', 'http://y:42097/', 'http://y:37203/']: sec=0.00, result=[1, '', 0]
[rosmaster.master][INFO] 2026-05-06 17:00:07,513: -SUB [/arena_info_dynamic] /rostopic_1856916_1778057992797 http://y:37203/
[rosmaster.master][INFO] 2026-05-06 17:00:07,513: -PUB [/rosout] /rostopic_1856916_1778057992797 http://y:37203/
[rosmaster.master][INFO] 2026-05-06 17:00:07,513: -SERVICE [/rostopic_1856916_1778057992797/get_loggers] /rostopic_1856916_1778057992797 rosrpc://y:36673
[rosmaster.master][INFO] 2026-05-06 17:00:07,513: -SERVICE [/rostopic_1856916_1778057992797/set_logger_level] /rostopic_1856916_1778057992797 rosrpc://y:36673
[rosmaster.master][INFO] 2026-05-06 17:00:07,581: publisherUpdate[/rosout] -> http://y:33393/ ['http://y:35859/', 'http://y:34405/', 'http://y:43203/', 'http://y:42647/', 'http://y:39057/', 'http://y:34943/', 'http://y:43887/', 'http://y:37747/', 'http://y:38505/', 'http://y:34107/', 'http://y:42523/', 'http://y:42097/']
[rosmaster.master][INFO] 2026-05-06 17:00:07,582: publisherUpdate[/rosout] -> http://y:33393/ ['http://y:35859/', 'http://y:34405/', 'http://y:43203/', 'http://y:42647/', 'http://y:39057/', 'http://y:34943/', 'http://y:43887/', 'http://y:37747/', 'http://y:38505/', 'http://y:34107/', 'http://y:42523/', 'http://y:42097/']: sec=0.00, result=[1, '', 0]
[rosmaster.master][INFO] 2026-05-06 17:00:08,245: -PUB [/rosout] /phy_simulator_planning_node http://y:42523/
[rosmaster.master][INFO] 2026-05-06 17:00:08,246: -PUB [/arena_info_static] /phy_simulator_planning_node http://y:42523/
[rosmaster.master][INFO] 2026-05-06 17:00:08,247: -PUB [/arena_info_dynamic] /phy_simulator_planning_node http://y:42523/
[rosmaster.master][INFO] 2026-05-06 17:00:08,247: -PUB [/phy_simulator_planning_node/vis/vehicle_set_vis] /phy_simulator_planning_node http://y:42523/
[rosmaster.master][INFO] 2026-05-06 17:00:08,248: -PUB [/phy_simulator_planning_node/vis/lane_net_vis] /phy_simulator_planning_node http://y:42523/
[rosmaster.master][INFO] 2026-05-06 17:00:08,249: -PUB [/phy_simulator_planning_node/vis/obstacle_set_vis] /phy_simulator_planning_node http://y:42523/
[rosmaster.master][INFO] 2026-05-06 17:00:08,249: -SUB [/ctrl/agent_10] /phy_simulator_planning_node http://y:42523/
[rosmaster.master][INFO] 2026-05-06 17:00:08,250: -SUB [/ctrl/agent_9] /phy_simulator_planning_node http://y:42523/
[rosmaster.master][INFO] 2026-05-06 17:00:08,250: -SUB [/ctrl/agent_8] /phy_simulator_planning_node http://y:42523/
[rosmaster.master][INFO] 2026-05-06 17:00:08,250: -SUB [/ctrl/agent_7] /phy_simulator_planning_node http://y:42523/
[rosmaster.master][INFO] 2026-05-06 17:00:08,251: -SUB [/ctrl/agent_6] /phy_simulator_planning_node http://y:42523/
[rosmaster.master][INFO] 2026-05-06 17:00:08,251: -SUB [/ctrl/agent_5] /phy_simulator_planning_node http://y:42523/
[rosmaster.master][INFO] 2026-05-06 17:00:08,252: -SUB [/ctrl/agent_4] /phy_simulator_planning_node http://y:42523/
[rosmaster.master][INFO] 2026-05-06 17:00:08,252: -SUB [/ctrl/agent_3] /phy_simulator_planning_node http://y:42523/
[rosmaster.master][INFO] 2026-05-06 17:00:08,253: -SUB [/ctrl/agent_2] /phy_simulator_planning_node http://y:42523/
[rosmaster.master][INFO] 2026-05-06 17:00:08,253: -SUB [/ctrl/agent_1] /phy_simulator_planning_node http://y:42523/
[rosmaster.master][INFO] 2026-05-06 17:00:08,254: -SUB [/ctrl/agent_0] /phy_simulator_planning_node http://y:42523/
[rosmaster.master][INFO] 2026-05-06 17:00:08,254: -SUB [/initialpose] /phy_simulator_planning_node http://y:42523/
[rosmaster.master][INFO] 2026-05-06 17:00:08,254: -SUB [/move_base_simple/goal] /phy_simulator_planning_node http://y:42523/
[rosmaster.master][INFO] 2026-05-06 17:00:08,255: -SERVICE [/phy_simulator_planning_node/get_loggers] /phy_simulator_planning_node rosrpc://y:45513
[rosmaster.master][INFO] 2026-05-06 17:00:08,255: -SERVICE [/phy_simulator_planning_node/set_logger_level] /phy_simulator_planning_node rosrpc://y:45513
[rosmaster.master][INFO] 2026-05-06 17:00:08,272: -PUB [/rosout] /onlane_ai_agent_7 http://y:37747/
[rosmaster.master][INFO] 2026-05-06 17:00:08,273: -PUB [/rosout] /onlane_ai_agent_9 http://y:34107/
[rosmaster.master][INFO] 2026-05-06 17:00:08,273: -PUB [/ctrl/agent_7] /onlane_ai_agent_7 http://y:37747/
[rosmaster.master][INFO] 2026-05-06 17:00:08,274: -PUB [/ctrl/agent_9] /onlane_ai_agent_9 http://y:34107/
[rosmaster.master][INFO] 2026-05-06 17:00:08,275: -PUB [/tf] /onlane_ai_agent_7 http://y:37747/
[rosmaster.master][INFO] 2026-05-06 17:00:08,275: -PUB [/tf] /onlane_ai_agent_9 http://y:34107/
[rosmaster.master][INFO] 2026-05-06 17:00:08,276: -PUB [/vis/agent_7/ego_vehicle_vis] /onlane_ai_agent_7 http://y:37747/
[rosmaster.master][INFO] 2026-05-06 17:00:08,276: -PUB [/vis/agent_9/ego_vehicle_vis] /onlane_ai_agent_9 http://y:34107/
[rosmaster.master][INFO] 2026-05-06 17:00:08,277: -PUB [/vis/agent_7/obstacle_map] /onlane_ai_agent_7 http://y:37747/
[rosmaster.master][INFO] 2026-05-06 17:00:08,278: -PUB [/vis/agent_9/obstacle_map] /onlane_ai_agent_9 http://y:34107/
[rosmaster.master][INFO] 2026-05-06 17:00:08,279: -PUB [/vis/agent_7/surrounding_lane_net_vis] /onlane_ai_agent_7 http://y:37747/
[rosmaster.master][INFO] 2026-05-06 17:00:08,280: -PUB [/rosout] /onlane_ai_agent_10 http://y:42097/
[rosmaster.master][INFO] 2026-05-06 17:00:08,280: -PUB [/vis/agent_9/surrounding_lane_net_vis] /onlane_ai_agent_9 http://y:34107/
[rosmaster.master][INFO] 2026-05-06 17:00:08,280: -PUB [/vis/agent_7/local_lanes_vis] /onlane_ai_agent_7 http://y:37747/
[rosmaster.master][INFO] 2026-05-06 17:00:08,281: -PUB [/vis/agent_9/local_lanes_vis] /onlane_ai_agent_9 http://y:34107/
[rosmaster.master][INFO] 2026-05-06 17:00:08,282: -PUB [/ctrl/agent_10] /onlane_ai_agent_10 http://y:42097/
[rosmaster.master][INFO] 2026-05-06 17:00:08,283: -PUB [/vis/agent_7/ego_behavior_vis] /onlane_ai_agent_7 http://y:37747/
[rosmaster.master][INFO] 2026-05-06 17:00:08,283: -PUB [/vis/agent_9/ego_behavior_vis] /onlane_ai_agent_9 http://y:34107/
[rosmaster.master][INFO] 2026-05-06 17:00:08,283: -PUB [/vis/agent_7/pred_traj_openloop_vis] /onlane_ai_agent_7 http://y:37747/
[rosmaster.master][INFO] 2026-05-06 17:00:08,284: -PUB [/vis/agent_7/pred_initial_intention_vis] /onlane_ai_agent_7 http://y:37747/
[rosmaster.master][INFO] 2026-05-06 17:00:08,284: -PUB [/vis/agent_9/pred_traj_openloop_vis] /onlane_ai_agent_9 http://y:34107/
[rosmaster.master][INFO] 2026-05-06 17:00:08,285: publisherUpdate[/rosout] -> http://y:33393/ ['http://y:35859/', 'http://y:34405/', 'http://y:43203/', 'http://y:42647/', 'http://y:39057/', 'http://y:34943/', 'http://y:43887/', 'http://y:37747/', 'http://y:38505/', 'http://y:34107/', 'http://y:42097/']
[rosmaster.master][INFO] 2026-05-06 17:00:08,285: -PUB [/vis/agent_9/pred_initial_intention_vis] /onlane_ai_agent_9 http://y:34107/
[rosmaster.master][INFO] 2026-05-06 17:00:08,286: publisherUpdate[/arena_info_static] -> http://y:35859/ []
[rosmaster.master][INFO] 2026-05-06 17:00:08,286: -PUB [/vis/agent_7/surrounding_vehicle_vis] /onlane_ai_agent_7 http://y:37747/
[rosmaster.master][INFO] 2026-05-06 17:00:08,287: -PUB [/vis/agent_9/surrounding_vehicle_vis] /onlane_ai_agent_9 http://y:34107/
[rosmaster.master][INFO] 2026-05-06 17:00:08,288: -PUB [/vis/agent_7/speed_limit] /onlane_ai_agent_7 http://y:37747/
[rosmaster.master][INFO] 2026-05-06 17:00:08,289: publisherUpdate[/rosout] -> http://y:33393/ ['http://y:35859/', 'http://y:34405/', 'http://y:43203/', 'http://y:42647/', 'http://y:39057/', 'http://y:34943/', 'http://y:43887/', 'http://y:37747/', 'http://y:38505/', 'http://y:34107/', 'http://y:42097/']: sec=0.00, result=[1, '', 0]
[rosmaster.master][INFO] 2026-05-06 17:00:08,290: publisherUpdate[/arena_info_static] -> http://y:43887/ []
[rosmaster.master][INFO] 2026-05-06 17:00:08,290: publisherUpdate[/arena_info_static] -> http://y:35859/ []: sec=0.00, result=[1, '', 0]
[rosmaster.master][INFO] 2026-05-06 17:00:08,291: -PUB [/tf] /onlane_ai_agent_10 http://y:42097/
[rosmaster.master][INFO] 2026-05-06 17:00:08,291: publisherUpdate[/arena_info_static] -> http://y:34943/ []
[rosmaster.master][INFO] 2026-05-06 17:00:08,291: -PUB [/vis/agent_9/speed_limit] /onlane_ai_agent_9 http://y:34107/
[rosmaster.master][INFO] 2026-05-06 17:00:08,291: publisherUpdate[/arena_info_static] -> http://y:42647/ []
[rosmaster.master][INFO] 2026-05-06 17:00:08,292: publisherUpdate[/arena_info_static] -> http://y:43887/ []: sec=0.00, result=[1, '', 0]
[rosmaster.master][INFO] 2026-05-06 17:00:08,293: publisherUpdate[/arena_info_static] -> http://y:34943/ []: sec=0.00, result=[0, 'Unknown Error', 0]
[rosmaster.master][INFO] 2026-05-06 17:00:08,294: -PUB [/vis/agent_7/forward_trajs] /onlane_ai_agent_7 http://y:37747/
[rosmaster.master][INFO] 2026-05-06 17:00:08,294: publisherUpdate[/arena_info_static] -> http://y:43203/ []
[rosmaster.master][INFO] 2026-05-06 17:00:08,294: publisherUpdate[/arena_info_static] -> http://y:42647/ []: sec=0.00, result=[0, 'Unknown Error', 0]
[rosmaster.master][INFO] 2026-05-06 17:00:08,295: publisherUpdate[/arena_info_static] -> http://y:39057/ []
[rosmaster.master][INFO] 2026-05-06 17:00:08,295: -PUB [/vis/agent_10/ego_vehicle_vis] /onlane_ai_agent_10 http://y:42097/
[rosmaster.master][INFO] 2026-05-06 17:00:08,295: publisherUpdate[/arena_info_static] -> http://y:42097/ []
[rosmaster.master][INFO] 2026-05-06 17:00:08,296: publisherUpdate[/arena_info_static] -> http://y:43203/ []: sec=0.00, result=[1, '', 0]
[rosmaster.master][INFO] 2026-05-06 17:00:08,296: publisherUpdate[/arena_info_static] -> http://y:39057/ []: sec=0.00, result=[1, '', 0]
[rosmaster.master][INFO] 2026-05-06 17:00:08,297: publisherUpdate[/arena_info_static] -> http://y:34107/ []
[rosmaster.master][INFO] 2026-05-06 17:00:08,297: publisherUpdate[/arena_info_static] -> http://y:38505/ []
[rosmaster.master][INFO] 2026-05-06 17:00:08,297: -PUB [/vis/agent_9/forward_trajs] /onlane_ai_agent_9 http://y:34107/
[rosmaster.master][INFO] 2026-05-06 17:00:08,297: publisherUpdate[/arena_info_static] -> http://y:42097/ []: sec=0.00, exception=<Fault -1: 'publisherUpdate: unknown method name'>
[rosmaster.master][INFO] 2026-05-06 17:00:08,298: publisherUpdate[/arena_info_static] -> http://y:34107/ []: sec=0.00, exception=<Fault -1: 'publisherUpdate: unknown method name'>
[rosmaster.master][INFO] 2026-05-06 17:00:08,298: -SUB [/arena_info_static] /onlane_ai_agent_7 http://y:37747/
[rosmaster.master][INFO] 2026-05-06 17:00:08,298: publisherUpdate[/arena_info_static] -> http://y:38505/ []: sec=0.00, result=[0, 'Unknown Error', 0]
[rosmaster.master][INFO] 2026-05-06 17:00:08,299: publisherUpdate[/arena_info_static] -> http://y:37747/ []
[rosmaster.master][INFO] 2026-05-06 17:00:08,299: -PUB [/vis/agent_10/obstacle_map] /onlane_ai_agent_10 http://y:42097/
[rosmaster.master][INFO] 2026-05-06 17:00:08,300: -SUB [/arena_info_static] /onlane_ai_agent_9 http://y:34107/
[rosmaster.threadpool][ERROR] 2026-05-06 17:00:08,300: Traceback (most recent call last):
  File "/opt/ros/noetic/lib/python3/dist-packages/rosmaster/threadpool.py", line 218, in run
    result = cmd(*args)
  File "/opt/ros/noetic/lib/python3/dist-packages/rosmaster/master_api.py", line 210, in publisher_update_task
    ret = xmlrpcapi(api).publisherUpdate('/master', topic, pub_uris)
  File "/usr/lib/python3.8/xmlrpc/client.py", line 1109, in __call__
    return self.__send(self.__name, args)
  File "/usr/lib/python3.8/xmlrpc/client.py", line 1450, in __request
    response = self.__transport.request(
  File "/usr/lib/python3.8/xmlrpc/client.py", line 1153, in request
    return self.single_request(host, handler, request_body, verbose)
  File "/usr/lib/python3.8/xmlrpc/client.py", line 1169, in single_request
    return self.parse_response(resp)
  File "/usr/lib/python3.8/xmlrpc/client.py", line 1341, in parse_response
    return u.close()
  File "/usr/lib/python3.8/xmlrpc/client.py", line 655, in close
    raise Fault(**self._stack[0])
xmlrpc.client.Fault: <Fault -1: 'publisherUpdate: unknown method name'>

[rosmaster.master][INFO] 2026-05-06 17:00:08,300: -SUB [/arena_info_dynamic] /onlane_ai_agent_7 http://y:37747/
[rosmaster.master][INFO] 2026-05-06 17:00:08,300: publisherUpdate[/arena_info_static] -> http://y:34405/ []
[rosmaster.threadpool][ERROR] 2026-05-06 17:00:08,300: Traceback (most recent call last):
  File "/opt/ros/noetic/lib/python3/dist-packages/rosmaster/threadpool.py", line 218, in run
    result = cmd(*args)
  File "/opt/ros/noetic/lib/python3/dist-packages/rosmaster/master_api.py", line 210, in publisher_update_task
    ret = xmlrpcapi(api).publisherUpdate('/master', topic, pub_uris)
  File "/usr/lib/python3.8/xmlrpc/client.py", line 1109, in __call__
    return self.__send(self.__name, args)
  File "/usr/lib/python3.8/xmlrpc/client.py", line 1450, in __request
    response = self.__transport.request(
  File "/usr/lib/python3.8/xmlrpc/client.py", line 1153, in request
    return self.single_request(host, handler, request_body, verbose)
  File "/usr/lib/python3.8/xmlrpc/client.py", line 1169, in single_request
    return self.parse_response(resp)
  File "/usr/lib/python3.8/xmlrpc/client.py", line 1341, in parse_response
    return u.close()
  File "/usr/lib/python3.8/xmlrpc/client.py", line 655, in close
    raise Fault(**self._stack[0])
xmlrpc.client.Fault: <Fault -1: 'publisherUpdate: unknown method name'>

[rosmaster.master][INFO] 2026-05-06 17:00:08,301: publisherUpdate[/arena_info_static] -> http://y:37747/ []: sec=0.00, exception=<Fault -1: 'publisherUpdate: unknown method name'>
[rosmaster.master][INFO] 2026-05-06 17:00:08,301: -SUB [/arena_info_dynamic] /onlane_ai_agent_9 http://y:34107/
[rosmaster.master][INFO] 2026-05-06 17:00:08,301: publisherUpdate[/arena_info_dynamic] -> http://y:35859/ []
[rosmaster.threadpool][ERROR] 2026-05-06 17:00:08,301: Traceback (most recent call last):
  File "/opt/ros/noetic/lib/python3/dist-packages/rosmaster/threadpool.py", line 218, in run
    result = cmd(*args)
  File "/opt/ros/noetic/lib/python3/dist-packages/rosmaster/master_api.py", line 210, in publisher_update_task
    ret = xmlrpcapi(api).publisherUpdate('/master', topic, pub_uris)
  File "/usr/lib/python3.8/xmlrpc/client.py", line 1109, in __call__
    return self.__send(self.__name, args)
  File "/usr/lib/python3.8/xmlrpc/client.py", line 1450, in __request
    response = self.__transport.request(
  File "/usr/lib/python3.8/xmlrpc/client.py", line 1153, in request
    return self.single_request(host, handler, request_body, verbose)
  File "/usr/lib/python3.8/xmlrpc/client.py", line 1169, in single_request
    return self.parse_response(resp)
  File "/usr/lib/python3.8/xmlrpc/client.py", line 1341, in parse_response
    return u.close()
  File "/usr/lib/python3.8/xmlrpc/client.py", line 655, in close
    raise Fault(**self._stack[0])
xmlrpc.client.Fault: <Fault -1: 'publisherUpdate: unknown method name'>

[rosmaster.master][INFO] 2026-05-06 17:00:08,301: publisherUpdate[/arena_info_static] -> http://y:34405/ []: sec=0.00, result=[1, '', 0]
[rosmaster.master][INFO] 2026-05-06 17:00:08,302: publisherUpdate[/arena_info_dynamic] -> http://y:34943/ []
[rosmaster.master][INFO] 2026-05-06 17:00:08,302: publisherUpdate[/arena_info_dynamic] -> http://y:43887/ []
[rosmaster.master][INFO] 2026-05-06 17:00:08,302: publisherUpdate[/arena_info_dynamic] -> http://y:35859/ []: sec=0.00, result=[1, '', 0]
[rosmaster.master][INFO] 2026-05-06 17:00:08,301: -PUB [/vis/agent_10/surrounding_lane_net_vis] /onlane_ai_agent_10 http://y:42097/
[rosmaster.master][INFO] 2026-05-06 17:00:08,302: publisherUpdate[/arena_info_dynamic] -> http://y:42647/ []
[rosmaster.master][INFO] 2026-05-06 17:00:08,302: publisherUpdate[/arena_info_dynamic] -> http://y:34943/ []: sec=0.00, result=[0, 'Unknown Error', 0]
[rosmaster.master][INFO] 2026-05-06 17:00:08,302: publisherUpdate[/arena_info_dynamic] -> http://y:43887/ []: sec=0.00, result=[1, '', 0]
[rosmaster.master][INFO] 2026-05-06 17:00:08,302: -SUB [/joy] /onlane_ai_agent_7 http://y:37747/
[rosmaster.master][INFO] 2026-05-06 17:00:08,303: publisherUpdate[/arena_info_dynamic] -> http://y:43203/ []
[rosmaster.master][INFO] 2026-05-06 17:00:08,303: publisherUpdate[/arena_info_dynamic] -> http://y:42097/ []
[rosmaster.master][INFO] 2026-05-06 17:00:08,303: publisherUpdate[/arena_info_dynamic] -> http://y:42647/ []: sec=0.00, result=[0, 'Unknown Error', 0]
[rosmaster.master][INFO] 2026-05-06 17:00:08,303: -SUB [/joy] /onlane_ai_agent_9 http://y:34107/
[rosmaster.master][INFO] 2026-05-06 17:00:08,303: publisherUpdate[/arena_info_dynamic] -> http://y:39057/ []
[rosmaster.master][INFO] 2026-05-06 17:00:08,303: publisherUpdate[/arena_info_dynamic] -> http://y:43203/ []: sec=0.00, result=[0, 'Unknown Error', 0]
[rosmaster.master][INFO] 2026-05-06 17:00:08,304: -PUB [/vis/agent_10/local_lanes_vis] /onlane_ai_agent_10 http://y:42097/
[rosmaster.master][INFO] 2026-05-06 17:00:08,304: publisherUpdate[/arena_info_dynamic] -> http://y:42097/ []: sec=0.00, exception=<Fault -1: 'publisherUpdate: unknown method name'>
[rosmaster.master][INFO] 2026-05-06 17:00:08,304: publisherUpdate[/arena_info_dynamic] -> http://y:34107/ []
[rosmaster.master][INFO] 2026-05-06 17:00:08,304: -SERVICE [/onlane_ai_agent_7/get_loggers] /onlane_ai_agent_7 rosrpc://y:45459
[rosmaster.master][INFO] 2026-05-06 17:00:08,304: publisherUpdate[/arena_info_dynamic] -> http://y:39057/ []: sec=0.00, result=[1, '', 0]
[rosmaster.threadpool][ERROR] 2026-05-06 17:00:08,305: Traceback (most recent call last):
  File "/opt/ros/noetic/lib/python3/dist-packages/rosmaster/threadpool.py", line 218, in run
    result = cmd(*args)
  File "/opt/ros/noetic/lib/python3/dist-packages/rosmaster/master_api.py", line 210, in publisher_update_task
    ret = xmlrpcapi(api).publisherUpdate('/master', topic, pub_uris)
  File "/usr/lib/python3.8/xmlrpc/client.py", line 1109, in __call__
    return self.__send(self.__name, args)
  File "/usr/lib/python3.8/xmlrpc/client.py", line 1450, in __request
    response = self.__transport.request(
  File "/usr/lib/python3.8/xmlrpc/client.py", line 1153, in request
    return self.single_request(host, handler, request_body, verbose)
  File "/usr/lib/python3.8/xmlrpc/client.py", line 1169, in single_request
    return self.parse_response(resp)
  File "/usr/lib/python3.8/xmlrpc/client.py", line 1341, in parse_response
    return u.close()
  File "/usr/lib/python3.8/xmlrpc/client.py", line 655, in close
    raise Fault(**self._stack[0])
xmlrpc.client.Fault: <Fault -1: 'publisherUpdate: unknown method name'>

[rosmaster.master][INFO] 2026-05-06 17:00:08,305: -SERVICE [/onlane_ai_agent_9/get_loggers] /onlane_ai_agent_9 rosrpc://y:50231
[rosmaster.master][INFO] 2026-05-06 17:00:08,305: publisherUpdate[/arena_info_dynamic] -> http://y:34107/ []: sec=0.00, exception=<Fault -1: 'publisherUpdate: unknown method name'>
[rosmaster.master][INFO] 2026-05-06 17:00:08,305: publisherUpdate[/arena_info_dynamic] -> http://y:38505/ []
[rosmaster.master][INFO] 2026-05-06 17:00:08,305: publisherUpdate[/arena_info_dynamic] -> http://y:37747/ []
[rosmaster.master][INFO] 2026-05-06 17:00:08,305: -PUB [/vis/agent_10/ego_behavior_vis] /onlane_ai_agent_10 http://y:42097/
[rosmaster.threadpool][ERROR] 2026-05-06 17:00:08,305: Traceback (most recent call last):
  File "/opt/ros/noetic/lib/python3/dist-packages/rosmaster/threadpool.py", line 218, in run
    result = cmd(*args)
  File "/opt/ros/noetic/lib/python3/dist-packages/rosmaster/master_api.py", line 210, in publisher_update_task
    ret = xmlrpcapi(api).publisherUpdate('/master', topic, pub_uris)
  File "/usr/lib/python3.8/xmlrpc/client.py", line 1109, in __call__
    return self.__send(self.__name, args)
  File "/usr/lib/python3.8/xmlrpc/client.py", line 1450, in __request
    response = self.__transport.request(
  File "/usr/lib/python3.8/xmlrpc/client.py", line 1153, in request
    return self.single_request(host, handler, request_body, verbose)
  File "/usr/lib/python3.8/xmlrpc/client.py", line 1169, in single_request
    return self.parse_response(resp)
  File "/usr/lib/python3.8/xmlrpc/client.py", line 1341, in parse_response
    return u.close()
  File "/usr/lib/python3.8/xmlrpc/client.py", line 655, in close
    raise Fault(**self._stack[0])
xmlrpc.client.Fault: <Fault -1: 'publisherUpdate: unknown method name'>

[rosmaster.master][INFO] 2026-05-06 17:00:08,306: publisherUpdate[/arena_info_dynamic] -> http://y:37747/ []: sec=0.00, exception=<Fault -1: 'publisherUpdate: unknown method name'>
[rosmaster.master][INFO] 2026-05-06 17:00:08,306: -SERVICE [/onlane_ai_agent_7/set_logger_level] /onlane_ai_agent_7 rosrpc://y:45459
[rosmaster.master][INFO] 2026-05-06 17:00:08,306: publisherUpdate[/arena_info_dynamic] -> http://y:34405/ []
[rosmaster.master][INFO] 2026-05-06 17:00:08,306: publisherUpdate[/arena_info_dynamic] -> http://y:38505/ []: sec=0.00, result=[0, 'Unknown Error', 0]
[rosmaster.threadpool][ERROR] 2026-05-06 17:00:08,306: Traceback (most recent call last):
  File "/opt/ros/noetic/lib/python3/dist-packages/rosmaster/threadpool.py", line 218, in run
    result = cmd(*args)
  File "/opt/ros/noetic/lib/python3/dist-packages/rosmaster/master_api.py", line 210, in publisher_update_task
    ret = xmlrpcapi(api).publisherUpdate('/master', topic, pub_uris)
  File "/usr/lib/python3.8/xmlrpc/client.py", line 1109, in __call__
    return self.__send(self.__name, args)
  File "/usr/lib/python3.8/xmlrpc/client.py", line 1450, in __request
    response = self.__transport.request(
  File "/usr/lib/python3.8/xmlrpc/client.py", line 1153, in request
    return self.single_request(host, handler, request_body, verbose)
  File "/usr/lib/python3.8/xmlrpc/client.py", line 1169, in single_request
    return self.parse_response(resp)
  File "/usr/lib/python3.8/xmlrpc/client.py", line 1341, in parse_response
    return u.close()
  File "/usr/lib/python3.8/xmlrpc/client.py", line 655, in close
    raise Fault(**self._stack[0])
xmlrpc.client.Fault: <Fault -1: 'publisherUpdate: unknown method name'>

[rosmaster.master][INFO] 2026-05-06 17:00:08,306: -SERVICE [/onlane_ai_agent_9/set_logger_level] /onlane_ai_agent_9 rosrpc://y:50231
[rosmaster.master][INFO] 2026-05-06 17:00:08,307: publisherUpdate[/rosout] -> http://y:33393/ ['http://y:35859/', 'http://y:34405/', 'http://y:43203/', 'http://y:42647/', 'http://y:39057/', 'http://y:34943/', 'http://y:43887/', 'http://y:38505/', 'http://y:34107/', 'http://y:42097/']
[rosmaster.master][INFO] 2026-05-06 17:00:08,307: publisherUpdate[/arena_info_dynamic] -> http://y:34405/ []: sec=0.00, result=[1, '', 0]
[rosmaster.master][INFO] 2026-05-06 17:00:08,307: -PUB [/vis/agent_10/pred_traj_openloop_vis] /onlane_ai_agent_10 http://y:42097/
[rosmaster.master][INFO] 2026-05-06 17:00:08,307: -PUB [/vis/agent_10/pred_initial_intention_vis] /onlane_ai_agent_10 http://y:42097/
[rosmaster.master][INFO] 2026-05-06 17:00:08,307: publisherUpdate[/rosout] -> http://y:33393/ ['http://y:35859/', 'http://y:34405/', 'http://y:43203/', 'http://y:42647/', 'http://y:39057/', 'http://y:34943/', 'http://y:43887/', 'http://y:38505/', 'http://y:34107/', 'http://y:42097/']: sec=0.00, result=[1, '', 0]
[rosmaster.master][INFO] 2026-05-06 17:00:08,307: -PUB [/vis/agent_10/surrounding_vehicle_vis] /onlane_ai_agent_10 http://y:42097/
[rosmaster.master][INFO] 2026-05-06 17:00:08,307: publisherUpdate[/rosout] -> http://y:33393/ ['http://y:35859/', 'http://y:34405/', 'http://y:43203/', 'http://y:42647/', 'http://y:39057/', 'http://y:34943/', 'http://y:43887/', 'http://y:38505/', 'http://y:42097/']
[rosmaster.master][INFO] 2026-05-06 17:00:08,308: -PUB [/vis/agent_10/speed_limit] /onlane_ai_agent_10 http://y:42097/
[rosmaster.master][INFO] 2026-05-06 17:00:08,308: -PUB [/vis/agent_10/forward_trajs] /onlane_ai_agent_10 http://y:42097/
[rosmaster.master][INFO] 2026-05-06 17:00:08,308: publisherUpdate[/rosout] -> http://y:33393/ ['http://y:35859/', 'http://y:34405/', 'http://y:43203/', 'http://y:42647/', 'http://y:39057/', 'http://y:34943/', 'http://y:43887/', 'http://y:38505/', 'http://y:42097/']: sec=0.00, result=[1, '', 0]
[rosmaster.master][INFO] 2026-05-06 17:00:08,308: publisherUpdate[/rosout] -> http://y:33393/ ['http://y:35859/', 'http://y:34405/', 'http://y:43203/', 'http://y:42647/', 'http://y:39057/', 'http://y:34943/', 'http://y:43887/', 'http://y:38505/']
[rosmaster.master][INFO] 2026-05-06 17:00:08,308: -SUB [/arena_info_static] /onlane_ai_agent_10 http://y:42097/
[rosmaster.master][INFO] 2026-05-06 17:00:08,309: -SUB [/arena_info_dynamic] /onlane_ai_agent_10 http://y:42097/
[rosmaster.master][INFO] 2026-05-06 17:00:08,309: publisherUpdate[/rosout] -> http://y:33393/ ['http://y:35859/', 'http://y:34405/', 'http://y:43203/', 'http://y:42647/', 'http://y:39057/', 'http://y:34943/', 'http://y:43887/', 'http://y:38505/']: sec=0.00, result=[1, '', 0]
[rosmaster.master][INFO] 2026-05-06 17:00:08,309: -SUB [/joy] /onlane_ai_agent_10 http://y:42097/
[rosmaster.master][INFO] 2026-05-06 17:00:08,309: -SERVICE [/onlane_ai_agent_10/get_loggers] /onlane_ai_agent_10 rosrpc://y:48563
[rosmaster.master][INFO] 2026-05-06 17:00:08,309: -SERVICE [/onlane_ai_agent_10/set_logger_level] /onlane_ai_agent_10 rosrpc://y:48563
[rosmaster.master][INFO] 2026-05-06 17:00:08,403: -PUB [/rosout] /onlane_ai_agent_3 http://y:43887/
[rosmaster.master][INFO] 2026-05-06 17:00:08,403: -PUB [/rosout] /onlane_ai_agent_6 http://y:34943/
[rosmaster.master][INFO] 2026-05-06 17:00:08,403: -PUB [/ctrl/agent_6] /onlane_ai_agent_6 http://y:34943/
[rosmaster.master][INFO] 2026-05-06 17:00:08,404: -PUB [/ctrl/agent_3] /onlane_ai_agent_3 http://y:43887/
[rosmaster.master][INFO] 2026-05-06 17:00:08,404: -PUB [/rosout] /onlane_ai_agent_4 http://y:43203/
[rosmaster.master][INFO] 2026-05-06 17:00:08,405: -PUB [/rosout] /onlane_ai_agent_2 http://y:42647/
[rosmaster.master][INFO] 2026-05-06 17:00:08,405: -PUB [/tf] /onlane_ai_agent_6 http://y:34943/
[rosmaster.master][INFO] 2026-05-06 17:00:08,406: -PUB [/rosout] /onlane_ai_agent_5 http://y:39057/
[rosmaster.master][INFO] 2026-05-06 17:00:08,407: publisherUpdate[/rosout] -> http://y:33393/ ['http://y:35859/', 'http://y:34405/', 'http://y:43203/', 'http://y:42647/', 'http://y:39057/', 'http://y:34943/', 'http://y:38505/']
[rosmaster.master][INFO] 2026-05-06 17:00:08,407: -PUB [/tf] /onlane_ai_agent_3 http://y:43887/
[rosmaster.master][INFO] 2026-05-06 17:00:08,408: publisherUpdate[/rosout] -> http://y:33393/ ['http://y:35859/', 'http://y:34405/', 'http://y:43203/', 'http://y:42647/', 'http://y:39057/', 'http://y:34943/', 'http://y:38505/']: sec=0.00, result=[1, '', 0]
[rosmaster.master][INFO] 2026-05-06 17:00:08,408: -PUB [/ctrl/agent_2] /onlane_ai_agent_2 http://y:42647/
[rosmaster.master][INFO] 2026-05-06 17:00:08,408: publisherUpdate[/rosout] -> http://y:33393/ ['http://y:35859/', 'http://y:34405/', 'http://y:43203/', 'http://y:42647/', 'http://y:39057/', 'http://y:38505/']
[rosmaster.master][INFO] 2026-05-06 17:00:08,409: -PUB [/rosout] /onlane_ai_agent_8 http://y:38505/
[rosmaster.master][INFO] 2026-05-06 17:00:08,409: publisherUpdate[/rosout] -> http://y:33393/ ['http://y:35859/', 'http://y:34405/', 'http://y:43203/', 'http://y:42647/', 'http://y:39057/', 'http://y:38505/']: sec=0.00, result=[1, '', 0]
[rosmaster.master][INFO] 2026-05-06 17:00:08,410: publisherUpdate[/rosout] -> http://y:33393/ ['http://y:35859/', 'http://y:34405/', 'http://y:42647/', 'http://y:39057/', 'http://y:38505/']
[rosmaster.master][INFO] 2026-05-06 17:00:08,410: -PUB [/ctrl/agent_4] /onlane_ai_agent_4 http://y:43203/
[rosmaster.master][INFO] 2026-05-06 17:00:08,410: -PUB [/vis/agent_6/ego_vehicle_vis] /onlane_ai_agent_6 http://y:34943/
[rosmaster.master][INFO] 2026-05-06 17:00:08,411: publisherUpdate[/rosout] -> http://y:33393/ ['http://y:35859/', 'http://y:34405/', 'http://y:42647/', 'http://y:39057/', 'http://y:38505/']: sec=0.00, result=[1, '', 0]
[rosmaster.master][INFO] 2026-05-06 17:00:08,411: publisherUpdate[/rosout] -> http://y:33393/ ['http://y:35859/', 'http://y:34405/', 'http://y:39057/', 'http://y:38505/']
[rosmaster.master][INFO] 2026-05-06 17:00:08,411: -PUB [/vis/agent_3/ego_vehicle_vis] /onlane_ai_agent_3 http://y:43887/
[rosmaster.master][INFO] 2026-05-06 17:00:08,412: -PUB [/ctrl/agent_5] /onlane_ai_agent_5 http://y:39057/
[rosmaster.master][INFO] 2026-05-06 17:00:08,413: publisherUpdate[/rosout] -> http://y:33393/ ['http://y:35859/', 'http://y:34405/', 'http://y:39057/', 'http://y:38505/']: sec=0.00, result=[1, '', 0]
[rosmaster.master][INFO] 2026-05-06 17:00:08,413: -PUB [/tf] /onlane_ai_agent_2 http://y:42647/
[rosmaster.master][INFO] 2026-05-06 17:00:08,413: publisherUpdate[/rosout] -> http://y:33393/ ['http://y:35859/', 'http://y:34405/', 'http://y:38505/']
[rosmaster.master][INFO] 2026-05-06 17:00:08,414: -PUB [/ctrl/agent_8] /onlane_ai_agent_8 http://y:38505/
[rosmaster.master][INFO] 2026-05-06 17:00:08,415: publisherUpdate[/rosout] -> http://y:33393/ ['http://y:35859/', 'http://y:34405/', 'http://y:38505/']: sec=0.00, result=[1, '', 0]
[rosmaster.master][INFO] 2026-05-06 17:00:08,415: publisherUpdate[/rosout] -> http://y:33393/ ['http://y:35859/', 'http://y:34405/']
[rosmaster.master][INFO] 2026-05-06 17:00:08,415: -PUB [/tf] /onlane_ai_agent_4 http://y:43203/
[rosmaster.master][INFO] 2026-05-06 17:00:08,416: -PUB [/vis/agent_6/obstacle_map] /onlane_ai_agent_6 http://y:34943/
[rosmaster.master][INFO] 2026-05-06 17:00:08,416: publisherUpdate[/rosout] -> http://y:33393/ ['http://y:35859/', 'http://y:34405/']: sec=0.00, result=[1, '', 0]
[rosmaster.master][INFO] 2026-05-06 17:00:08,418: -PUB [/vis/agent_3/obstacle_map] /onlane_ai_agent_3 http://y:43887/
[rosmaster.master][INFO] 2026-05-06 17:00:08,418: -PUB [/tf] /onlane_ai_agent_5 http://y:39057/
[rosmaster.master][INFO] 2026-05-06 17:00:08,419: -PUB [/vis/agent_2/ego_vehicle_vis] /onlane_ai_agent_2 http://y:42647/
[rosmaster.master][INFO] 2026-05-06 17:00:08,419: -PUB [/tf] /onlane_ai_agent_8 http://y:38505/
[rosmaster.master][INFO] 2026-05-06 17:00:08,420: -PUB [/vis/agent_4/ego_vehicle_vis] /onlane_ai_agent_4 http://y:43203/
[rosmaster.master][INFO] 2026-05-06 17:00:08,421: -PUB [/vis/agent_6/surrounding_lane_net_vis] /onlane_ai_agent_6 http://y:34943/
[rosmaster.master][INFO] 2026-05-06 17:00:08,421: -PUB [/vis/agent_3/surrounding_lane_net_vis] /onlane_ai_agent_3 http://y:43887/
[rosmaster.master][INFO] 2026-05-06 17:00:08,423: -PUB [/vis/agent_5/ego_vehicle_vis] /onlane_ai_agent_5 http://y:39057/
[rosmaster.master][INFO] 2026-05-06 17:00:08,423: -PUB [/vis/agent_2/obstacle_map] /onlane_ai_agent_2 http://y:42647/
[rosmaster.master][INFO] 2026-05-06 17:00:08,423: -PUB [/vis/agent_8/ego_vehicle_vis] /onlane_ai_agent_8 http://y:38505/
[rosmaster.master][INFO] 2026-05-06 17:00:08,424: -PUB [/vis/agent_6/local_lanes_vis] /onlane_ai_agent_6 http://y:34943/
[rosmaster.master][INFO] 2026-05-06 17:00:08,424: -PUB [/vis/agent_4/obstacle_map] /onlane_ai_agent_4 http://y:43203/
[rosmaster.master][INFO] 2026-05-06 17:00:08,425: -PUB [/vis/agent_3/local_lanes_vis] /onlane_ai_agent_3 http://y:43887/
[rosmaster.master][INFO] 2026-05-06 17:00:08,426: -PUB [/vis/agent_2/surrounding_lane_net_vis] /onlane_ai_agent_2 http://y:42647/
[rosmaster.master][INFO] 2026-05-06 17:00:08,427: -PUB [/vis/agent_8/obstacle_map] /onlane_ai_agent_8 http://y:38505/
[rosmaster.master][INFO] 2026-05-06 17:00:08,427: -PUB [/vis/agent_6/ego_behavior_vis] /onlane_ai_agent_6 http://y:34943/
[rosmaster.master][INFO] 2026-05-06 17:00:08,427: -PUB [/vis/agent_5/obstacle_map] /onlane_ai_agent_5 http://y:39057/
[rosmaster.master][INFO] 2026-05-06 17:00:08,428: -PUB [/vis/agent_4/surrounding_lane_net_vis] /onlane_ai_agent_4 http://y:43203/
[rosmaster.master][INFO] 2026-05-06 17:00:08,429: -PUB [/vis/agent_3/ego_behavior_vis] /onlane_ai_agent_3 http://y:43887/
[rosmaster.master][INFO] 2026-05-06 17:00:08,429: -PUB [/vis/agent_2/local_lanes_vis] /onlane_ai_agent_2 http://y:42647/
[rosmaster.master][INFO] 2026-05-06 17:00:08,430: -PUB [/vis/agent_8/surrounding_lane_net_vis] /onlane_ai_agent_8 http://y:38505/
[rosmaster.master][INFO] 2026-05-06 17:00:08,430: -PUB [/vis/agent_6/pred_traj_openloop_vis] /onlane_ai_agent_6 http://y:34943/
[rosmaster.master][INFO] 2026-05-06 17:00:08,431: -PUB [/vis/agent_5/surrounding_lane_net_vis] /onlane_ai_agent_5 http://y:39057/
[rosmaster.master][INFO] 2026-05-06 17:00:08,432: -PUB [/vis/agent_4/local_lanes_vis] /onlane_ai_agent_4 http://y:43203/
[rosmaster.master][INFO] 2026-05-06 17:00:08,433: -PUB [/vis/agent_3/pred_traj_openloop_vis] /onlane_ai_agent_3 http://y:43887/
[rosmaster.master][INFO] 2026-05-06 17:00:08,433: -PUB [/vis/agent_2/ego_behavior_vis] /onlane_ai_agent_2 http://y:42647/
[rosmaster.master][INFO] 2026-05-06 17:00:08,434: -PUB [/vis/agent_8/local_lanes_vis] /onlane_ai_agent_8 http://y:38505/
[rosmaster.master][INFO] 2026-05-06 17:00:08,435: -PUB [/vis/agent_6/pred_initial_intention_vis] /onlane_ai_agent_6 http://y:34943/
[rosmaster.master][INFO] 2026-05-06 17:00:08,435: -PUB [/vis/agent_5/local_lanes_vis] /onlane_ai_agent_5 http://y:39057/
[rosmaster.master][INFO] 2026-05-06 17:00:08,436: -PUB [/vis/agent_4/ego_behavior_vis] /onlane_ai_agent_4 http://y:43203/
[rosmaster.master][INFO] 2026-05-06 17:00:08,437: -PUB [/vis/agent_3/pred_initial_intention_vis] /onlane_ai_agent_3 http://y:43887/
[rosmaster.master][INFO] 2026-05-06 17:00:08,437: -PUB [/vis/agent_2/pred_traj_openloop_vis] /onlane_ai_agent_2 http://y:42647/
[rosmaster.master][INFO] 2026-05-06 17:00:08,438: -PUB [/vis/agent_8/ego_behavior_vis] /onlane_ai_agent_8 http://y:38505/
[rosmaster.master][INFO] 2026-05-06 17:00:08,438: -PUB [/vis/agent_6/surrounding_vehicle_vis] /onlane_ai_agent_6 http://y:34943/
[rosmaster.master][INFO] 2026-05-06 17:00:08,439: -PUB [/vis/agent_5/ego_behavior_vis] /onlane_ai_agent_5 http://y:39057/
[rosmaster.master][INFO] 2026-05-06 17:00:08,440: -PUB [/vis/agent_4/pred_traj_openloop_vis] /onlane_ai_agent_4 http://y:43203/
[rosmaster.master][INFO] 2026-05-06 17:00:08,440: -PUB [/vis/agent_3/surrounding_vehicle_vis] /onlane_ai_agent_3 http://y:43887/
[rosmaster.master][INFO] 2026-05-06 17:00:08,441: -PUB [/vis/agent_2/pred_initial_intention_vis] /onlane_ai_agent_2 http://y:42647/
[rosmaster.master][INFO] 2026-05-06 17:00:08,442: -PUB [/vis/agent_8/pred_traj_openloop_vis] /onlane_ai_agent_8 http://y:38505/
[rosmaster.master][INFO] 2026-05-06 17:00:08,442: -PUB [/vis/agent_6/speed_limit] /onlane_ai_agent_6 http://y:34943/
[rosmaster.master][INFO] 2026-05-06 17:00:08,443: -PUB [/vis/agent_4/pred_initial_intention_vis] /onlane_ai_agent_4 http://y:43203/
[rosmaster.master][INFO] 2026-05-06 17:00:08,443: -PUB [/vis/agent_5/pred_traj_openloop_vis] /onlane_ai_agent_5 http://y:39057/
[rosmaster.master][INFO] 2026-05-06 17:00:08,444: -PUB [/vis/agent_3/speed_limit] /onlane_ai_agent_3 http://y:43887/
[rosmaster.master][INFO] 2026-05-06 17:00:08,445: -PUB [/vis/agent_2/surrounding_vehicle_vis] /onlane_ai_agent_2 http://y:42647/
[rosmaster.master][INFO] 2026-05-06 17:00:08,445: -PUB [/vis/agent_8/pred_initial_intention_vis] /onlane_ai_agent_8 http://y:38505/
[rosmaster.master][INFO] 2026-05-06 17:00:08,446: -PUB [/vis/agent_6/forward_trajs] /onlane_ai_agent_6 http://y:34943/
[rosmaster.master][INFO] 2026-05-06 17:00:08,446: -PUB [/vis/agent_4/surrounding_vehicle_vis] /onlane_ai_agent_4 http://y:43203/
[rosmaster.master][INFO] 2026-05-06 17:00:08,446: -PUB [/vis/agent_5/pred_initial_intention_vis] /onlane_ai_agent_5 http://y:39057/
[rosmaster.master][INFO] 2026-05-06 17:00:08,447: -PUB [/vis/agent_3/forward_trajs] /onlane_ai_agent_3 http://y:43887/
[rosmaster.master][INFO] 2026-05-06 17:00:08,447: -PUB [/vis/agent_2/speed_limit] /onlane_ai_agent_2 http://y:42647/
[rosmaster.master][INFO] 2026-05-06 17:00:08,448: -PUB [/vis/agent_8/surrounding_vehicle_vis] /onlane_ai_agent_8 http://y:38505/
[rosmaster.master][INFO] 2026-05-06 17:00:08,448: -SUB [/arena_info_static] /onlane_ai_agent_6 http://y:34943/
[rosmaster.master][INFO] 2026-05-06 17:00:08,448: -PUB [/vis/agent_4/speed_limit] /onlane_ai_agent_4 http://y:43203/
[rosmaster.master][INFO] 2026-05-06 17:00:08,449: -PUB [/vis/agent_5/surrounding_vehicle_vis] /onlane_ai_agent_5 http://y:39057/
[rosmaster.master][INFO] 2026-05-06 17:00:08,449: -SUB [/arena_info_static] /onlane_ai_agent_3 http://y:43887/
[rosmaster.master][INFO] 2026-05-06 17:00:08,449: -PUB [/vis/agent_2/forward_trajs] /onlane_ai_agent_2 http://y:42647/
[rosmaster.master][INFO] 2026-05-06 17:00:08,450: -PUB [/vis/agent_8/speed_limit] /onlane_ai_agent_8 http://y:38505/
[rosmaster.master][INFO] 2026-05-06 17:00:08,450: -SUB [/arena_info_dynamic] /onlane_ai_agent_6 http://y:34943/
[rosmaster.master][INFO] 2026-05-06 17:00:08,450: -PUB [/vis/agent_5/speed_limit] /onlane_ai_agent_5 http://y:39057/
[rosmaster.master][INFO] 2026-05-06 17:00:08,450: -PUB [/vis/agent_4/forward_trajs] /onlane_ai_agent_4 http://y:43203/
[rosmaster.master][INFO] 2026-05-06 17:00:08,451: -SUB [/arena_info_dynamic] /onlane_ai_agent_3 http://y:43887/
[rosmaster.master][INFO] 2026-05-06 17:00:08,451: -SUB [/arena_info_static] /onlane_ai_agent_2 http://y:42647/
[rosmaster.master][INFO] 2026-05-06 17:00:08,451: -PUB [/vis/agent_8/forward_trajs] /onlane_ai_agent_8 http://y:38505/
[rosmaster.master][INFO] 2026-05-06 17:00:08,451: -SUB [/joy] /onlane_ai_agent_6 http://y:34943/
[rosmaster.master][INFO] 2026-05-06 17:00:08,452: -PUB [/vis/agent_5/forward_trajs] /onlane_ai_agent_5 http://y:39057/
[rosmaster.master][INFO] 2026-05-06 17:00:08,452: -SUB [/arena_info_static] /onlane_ai_agent_4 http://y:43203/
[rosmaster.master][INFO] 2026-05-06 17:00:08,452: -SUB [/joy] /onlane_ai_agent_3 http://y:43887/
[rosmaster.master][INFO] 2026-05-06 17:00:08,452: -SUB [/arena_info_dynamic] /onlane_ai_agent_2 http://y:42647/
[rosmaster.master][INFO] 2026-05-06 17:00:08,452: -SERVICE [/onlane_ai_agent_6/get_loggers] /onlane_ai_agent_6 rosrpc://y:39953
[rosmaster.master][INFO] 2026-05-06 17:00:08,453: -SUB [/arena_info_static] /onlane_ai_agent_8 http://y:38505/
[rosmaster.master][INFO] 2026-05-06 17:00:08,453: -SUB [/arena_info_static] /onlane_ai_agent_5 http://y:39057/
[rosmaster.master][INFO] 2026-05-06 17:00:08,453: -SUB [/arena_info_dynamic] /onlane_ai_agent_4 http://y:43203/
[rosmaster.master][INFO] 2026-05-06 17:00:08,453: -SUB [/joy] /onlane_ai_agent_2 http://y:42647/
[rosmaster.master][INFO] 2026-05-06 17:00:08,454: -SERVICE [/onlane_ai_agent_3/get_loggers] /onlane_ai_agent_3 rosrpc://y:45769
[rosmaster.master][INFO] 2026-05-06 17:00:08,454: -SERVICE [/onlane_ai_agent_6/set_logger_level] /onlane_ai_agent_6 rosrpc://y:39953
[rosmaster.master][INFO] 2026-05-06 17:00:08,454: -SUB [/arena_info_dynamic] /onlane_ai_agent_8 http://y:38505/
[rosmaster.master][INFO] 2026-05-06 17:00:08,454: -SUB [/arena_info_dynamic] /onlane_ai_agent_5 http://y:39057/
[rosmaster.master][INFO] 2026-05-06 17:00:08,454: -SUB [/joy] /onlane_ai_agent_4 http://y:43203/
[rosmaster.master][INFO] 2026-05-06 17:00:08,455: -SERVICE [/onlane_ai_agent_2/get_loggers] /onlane_ai_agent_2 rosrpc://y:53555
[rosmaster.master][INFO] 2026-05-06 17:00:08,455: -SERVICE [/onlane_ai_agent_3/set_logger_level] /onlane_ai_agent_3 rosrpc://y:45769
[rosmaster.master][INFO] 2026-05-06 17:00:08,455: -SUB [/joy] /onlane_ai_agent_8 http://y:38505/
[rosmaster.master][INFO] 2026-05-06 17:00:08,455: -SUB [/joy] /onlane_ai_agent_5 http://y:39057/
[rosmaster.master][INFO] 2026-05-06 17:00:08,455: -SERVICE [/onlane_ai_agent_4/get_loggers] /onlane_ai_agent_4 rosrpc://y:35325
[rosmaster.master][INFO] 2026-05-06 17:00:08,456: -SERVICE [/onlane_ai_agent_2/set_logger_level] /onlane_ai_agent_2 rosrpc://y:53555
[rosmaster.master][INFO] 2026-05-06 17:00:08,456: -SERVICE [/onlane_ai_agent_5/get_loggers] /onlane_ai_agent_5 rosrpc://y:46949
[rosmaster.master][INFO] 2026-05-06 17:00:08,456: -SERVICE [/onlane_ai_agent_8/get_loggers] /onlane_ai_agent_8 rosrpc://y:55069
[rosmaster.master][INFO] 2026-05-06 17:00:08,456: -SERVICE [/onlane_ai_agent_4/set_logger_level] /onlane_ai_agent_4 rosrpc://y:35325
[rosmaster.master][INFO] 2026-05-06 17:00:08,456: -SERVICE [/onlane_ai_agent_8/set_logger_level] /onlane_ai_agent_8 rosrpc://y:55069
[rosmaster.master][INFO] 2026-05-06 17:00:08,456: -SERVICE [/onlane_ai_agent_5/set_logger_level] /onlane_ai_agent_5 rosrpc://y:46949
[rosmaster.master][INFO] 2026-05-06 17:00:08,502: -PUB [/rosout] /onlane_ai_agent_1 http://y:35859/
[rosmaster.master][INFO] 2026-05-06 17:00:08,503: -PUB [/ctrl/agent_1] /onlane_ai_agent_1 http://y:35859/
[rosmaster.master][INFO] 2026-05-06 17:00:08,503: -PUB [/tf] /onlane_ai_agent_1 http://y:35859/
[rosmaster.master][INFO] 2026-05-06 17:00:08,503: -PUB [/vis/agent_1/ego_vehicle_vis] /onlane_ai_agent_1 http://y:35859/
[rosmaster.master][INFO] 2026-05-06 17:00:08,504: -PUB [/vis/agent_1/obstacle_map] /onlane_ai_agent_1 http://y:35859/
[rosmaster.master][INFO] 2026-05-06 17:00:08,504: -PUB [/vis/agent_1/surrounding_lane_net_vis] /onlane_ai_agent_1 http://y:35859/
[rosmaster.master][INFO] 2026-05-06 17:00:08,504: -PUB [/vis/agent_1/local_lanes_vis] /onlane_ai_agent_1 http://y:35859/
[rosmaster.master][INFO] 2026-05-06 17:00:08,505: -PUB [/vis/agent_1/ego_behavior_vis] /onlane_ai_agent_1 http://y:35859/
[rosmaster.master][INFO] 2026-05-06 17:00:08,505: -PUB [/vis/agent_1/pred_traj_openloop_vis] /onlane_ai_agent_1 http://y:35859/
[rosmaster.master][INFO] 2026-05-06 17:00:08,505: -PUB [/vis/agent_1/pred_initial_intention_vis] /onlane_ai_agent_1 http://y:35859/
[rosmaster.master][INFO] 2026-05-06 17:00:08,505: -PUB [/vis/agent_1/surrounding_vehicle_vis] /onlane_ai_agent_1 http://y:35859/
[rosmaster.master][INFO] 2026-05-06 17:00:08,506: -PUB [/vis/agent_1/speed_limit] /onlane_ai_agent_1 http://y:35859/
[rosmaster.master][INFO] 2026-05-06 17:00:08,506: -PUB [/vis/agent_1/forward_trajs] /onlane_ai_agent_1 http://y:35859/
[rosmaster.master][INFO] 2026-05-06 17:00:08,506: -SUB [/arena_info_static] /onlane_ai_agent_1 http://y:35859/
[rosmaster.master][INFO] 2026-05-06 17:00:08,507: -SUB [/arena_info_dynamic] /onlane_ai_agent_1 http://y:35859/
[rosmaster.master][INFO] 2026-05-06 17:00:08,507: -SUB [/joy] /onlane_ai_agent_1 http://y:35859/
[rosmaster.master][INFO] 2026-05-06 17:00:08,507: -SERVICE [/onlane_ai_agent_1/get_loggers] /onlane_ai_agent_1 rosrpc://y:41683
[rosmaster.master][INFO] 2026-05-06 17:00:08,507: -SERVICE [/onlane_ai_agent_1/set_logger_level] /onlane_ai_agent_1 rosrpc://y:41683
[rosmaster.master][INFO] 2026-05-06 17:00:08,508: publisherUpdate[/rosout] -> http://y:33393/ ['http://y:34405/']
[rosmaster.master][INFO] 2026-05-06 17:00:08,509: publisherUpdate[/rosout] -> http://y:33393/ ['http://y:34405/']: sec=0.00, result=[1, '', 0]
[rosmaster.master][INFO] 2026-05-06 17:00:08,708: -PUB [/rosout] /test_ssc_with_mpdm_0 http://y:34405/
[rosmaster.master][INFO] 2026-05-06 17:00:08,709: -PUB [/tf] /test_ssc_with_mpdm_0 http://y:34405/
[rosmaster.master][INFO] 2026-05-06 17:00:08,709: -PUB [/vis/agent_0/ego_vehicle_vis] /test_ssc_with_mpdm_0 http://y:34405/
[rosmaster.master][INFO] 2026-05-06 17:00:08,709: publisherUpdate[/rosout] -> http://y:33393/ []
[rosmaster.master][INFO] 2026-05-06 17:00:08,710: -PUB [/vis/agent_0/obstacle_map] /test_ssc_with_mpdm_0 http://y:34405/
[rosmaster.master][INFO] 2026-05-06 17:00:08,710: -PUB [/vis/agent_0/surrounding_lane_net_vis] /test_ssc_with_mpdm_0 http://y:34405/
[rosmaster.master][INFO] 2026-05-06 17:00:08,711: publisherUpdate[/rosout] -> http://y:33393/ []: sec=0.00, result=[1, '', 0]
[rosmaster.master][INFO] 2026-05-06 17:00:08,711: -PUB [/vis/agent_0/local_lanes_vis] /test_ssc_with_mpdm_0 http://y:34405/
[rosmaster.master][INFO] 2026-05-06 17:00:08,711: -PUB [/vis/agent_0/ego_behavior_vis] /test_ssc_with_mpdm_0 http://y:34405/
[rosmaster.master][INFO] 2026-05-06 17:00:08,712: -PUB [/vis/agent_0/pred_traj_openloop_vis] /test_ssc_with_mpdm_0 http://y:34405/
[rosmaster.master][INFO] 2026-05-06 17:00:08,712: -PUB [/vis/agent_0/pred_initial_intention_vis] /test_ssc_with_mpdm_0 http://y:34405/
[rosmaster.master][INFO] 2026-05-06 17:00:08,712: -PUB [/vis/agent_0/surrounding_vehicle_vis] /test_ssc_with_mpdm_0 http://y:34405/
[rosmaster.master][INFO] 2026-05-06 17:00:08,712: -PUB [/vis/agent_0/speed_limit] /test_ssc_with_mpdm_0 http://y:34405/
[rosmaster.master][INFO] 2026-05-06 17:00:08,712: -PUB [/vis/agent_0/ssc/map_vis] /test_ssc_with_mpdm_0 http://y:34405/
[rosmaster.master][INFO] 2026-05-06 17:00:08,713: -PUB [/vis/agent_0/ssc/qp_vis] /test_ssc_with_mpdm_0 http://y:34405/
[rosmaster.master][INFO] 2026-05-06 17:00:08,713: -PUB [/vis/agent_0/ssc/ego_fs_vis] /test_ssc_with_mpdm_0 http://y:34405/
[rosmaster.master][INFO] 2026-05-06 17:00:08,713: -PUB [/vis/agent_0/ssc/forward_trajs_vis] /test_ssc_with_mpdm_0 http://y:34405/
[rosmaster.master][INFO] 2026-05-06 17:00:08,713: -PUB [/vis/agent_0/ssc/sur_vehicle_trajs_vis] /test_ssc_with_mpdm_0 http://y:34405/
[rosmaster.master][INFO] 2026-05-06 17:00:08,713: -PUB [/vis/agent_0/ssc/corridor_vis] /test_ssc_with_mpdm_0 http://y:34405/
[rosmaster.master][INFO] 2026-05-06 17:00:08,714: -PUB [/ctrl/agent_0] /test_ssc_with_mpdm_0 http://y:34405/
[rosmaster.master][INFO] 2026-05-06 17:00:08,714: -PUB [/test_ssc_with_mpdm_0/ssc_map] /test_ssc_with_mpdm_0 http://y:34405/
[rosmaster.master][INFO] 2026-05-06 17:00:08,714: -PUB [/vis/agent_0/ssc/exec_traj] /test_ssc_with_mpdm_0 http://y:34405/
[rosmaster.master][INFO] 2026-05-06 17:00:08,714: -PUB [/vis/agent_0/forward_trajs] /test_ssc_with_mpdm_0 http://y:34405/
[rosmaster.master][INFO] 2026-05-06 17:00:08,714: -SUB [/joy] /test_ssc_with_mpdm_0 http://y:34405/
[rosmaster.master][INFO] 2026-05-06 17:00:08,714: -SUB [/arena_info_static] /test_ssc_with_mpdm_0 http://y:34405/
[rosmaster.master][INFO] 2026-05-06 17:00:08,715: -SUB [/arena_info_dynamic] /test_ssc_with_mpdm_0 http://y:34405/
[rosmaster.master][INFO] 2026-05-06 17:00:08,715: -SERVICE [/test_ssc_with_mpdm_0/get_loggers] /test_ssc_with_mpdm_0 rosrpc://y:34485
[rosmaster.master][INFO] 2026-05-06 17:00:08,715: -SERVICE [/test_ssc_with_mpdm_0/set_logger_level] /test_ssc_with_mpdm_0 rosrpc://y:34485
[rosmaster.master][INFO] 2026-05-06 17:00:09,011: -PUB [/rosout_agg] /rosout http://y:33393/
[rosmaster.master][INFO] 2026-05-06 17:00:09,012: -SUB [/rosout] /rosout http://y:33393/
[rosmaster.master][INFO] 2026-05-06 17:00:09,012: -SERVICE [/rosout/get_loggers] /rosout rosrpc://y:49341
[rosmaster.master][INFO] 2026-05-06 17:00:09,013: -SERVICE [/rosout/set_logger_level] /rosout rosrpc://y:49341
[rosmaster.main][INFO] 2026-05-06 17:00:09,112: keyboard interrupt, will exit
[rosmaster.main][INFO] 2026-05-06 17:00:09,113: stopping master...
[rospy.core][INFO] 2026-05-06 17:00:09,113: signal_shutdown [atexit]
