[rosmaster.main][INFO] 2026-04-25 19:13:45,310: initialization complete, waiting for shutdown
[rosmaster.main][INFO] 2026-04-25 19:13:45,310: Starting ROS Master Node
[xmlrpc][INFO] 2026-04-25 19:13:45,311: XML-RPC server binding to 0.0.0.0:11311
[xmlrpc][INFO] 2026-04-25 19:13:45,311: Started XML-RPC server [http://y:11311/]
[xmlrpc][INFO] 2026-04-25 19:13:45,311: xml rpc node: starting XML-RPC server
[rosmaster.master][INFO] 2026-04-25 19:13:45,312: Master initialized: port[11311], uri[http://y:11311/]
[rosmaster.master][INFO] 2026-04-25 19:13:45,406: +PARAM [/run_id] by /roslaunch
[rosmaster.master][INFO] 2026-04-25 19:13:45,407: +PARAM [/roslaunch/uris/host_y__42915] by /roslaunch
[rosmaster.master][INFO] 2026-04-25 19:13:45,436: +PARAM [/rosversion] by /roslaunch
[rosmaster.master][INFO] 2026-04-25 19:13:45,436: +PARAM [/rosdistro] by /roslaunch
[rosmaster.master][INFO] 2026-04-25 19:13:45,436: +PARAM [/test_ssc_with_mpdm_0/ego_id] by /roslaunch
[rosmaster.master][INFO] 2026-04-25 19:13:45,436: +PARAM [/test_ssc_with_mpdm_0/agent_config_path] by /roslaunch
[rosmaster.master][INFO] 2026-04-25 19:13:45,436: +PARAM [/test_ssc_with_mpdm_0/ssc_config_path] by /roslaunch
[rosmaster.master][INFO] 2026-04-25 19:13:45,436: +PARAM [/test_ssc_with_mpdm_0/desired_vel] by /roslaunch
[rosmaster.master][INFO] 2026-04-25 19:13:45,436: +PARAM [/test_ssc_with_mpdm_0/use_sim_state] by /roslaunch
[rosmaster.master][INFO] 2026-04-25 19:13:45,436: +PARAM [/onlane_ai_agent_1/ego_id] by /roslaunch
[rosmaster.master][INFO] 2026-04-25 19:13:45,436: +PARAM [/onlane_ai_agent_1/agent_config_path] by /roslaunch
[rosmaster.master][INFO] 2026-04-25 19:13:45,436: +PARAM [/onlane_ai_agent_1/desired_vel] by /roslaunch
[rosmaster.master][INFO] 2026-04-25 19:13:45,436: +PARAM [/onlane_ai_agent_1/autonomous_level] by /roslaunch
[rosmaster.master][INFO] 2026-04-25 19:13:45,436: +PARAM [/onlane_ai_agent_1/aggressiveness_level] by /roslaunch
[rosmaster.master][INFO] 2026-04-25 19:13:45,436: +PARAM [/onlane_ai_agent_2/ego_id] by /roslaunch
[rosmaster.master][INFO] 2026-04-25 19:13:45,436: +PARAM [/onlane_ai_agent_2/agent_config_path] by /roslaunch
[rosmaster.master][INFO] 2026-04-25 19:13:45,436: +PARAM [/onlane_ai_agent_2/desired_vel] by /roslaunch
[rosmaster.master][INFO] 2026-04-25 19:13:45,436: +PARAM [/onlane_ai_agent_2/autonomous_level] by /roslaunch
[rosmaster.master][INFO] 2026-04-25 19:13:45,436: +PARAM [/onlane_ai_agent_2/aggressiveness_level] by /roslaunch
[rosmaster.master][INFO] 2026-04-25 19:13:45,436: +PARAM [/onlane_ai_agent_3/ego_id] by /roslaunch
[rosmaster.master][INFO] 2026-04-25 19:13:45,436: +PARAM [/onlane_ai_agent_3/agent_config_path] by /roslaunch
[rosmaster.master][INFO] 2026-04-25 19:13:45,436: +PARAM [/onlane_ai_agent_3/desired_vel] by /roslaunch
[rosmaster.master][INFO] 2026-04-25 19:13:45,436: +PARAM [/onlane_ai_agent_3/autonomous_level] by /roslaunch
[rosmaster.master][INFO] 2026-04-25 19:13:45,436: +PARAM [/onlane_ai_agent_3/aggressiveness_level] by /roslaunch
[rosmaster.master][INFO] 2026-04-25 19:13:45,436: +PARAM [/onlane_ai_agent_4/ego_id] by /roslaunch
[rosmaster.master][INFO] 2026-04-25 19:13:45,436: +PARAM [/onlane_ai_agent_4/agent_config_path] by /roslaunch
[rosmaster.master][INFO] 2026-04-25 19:13:45,436: +PARAM [/onlane_ai_agent_4/desired_vel] by /roslaunch
[rosmaster.master][INFO] 2026-04-25 19:13:45,436: +PARAM [/onlane_ai_agent_4/autonomous_level] by /roslaunch
[rosmaster.master][INFO] 2026-04-25 19:13:45,436: +PARAM [/onlane_ai_agent_4/aggressiveness_level] by /roslaunch
[rosmaster.master][INFO] 2026-04-25 19:13:45,436: +PARAM [/onlane_ai_agent_5/ego_id] by /roslaunch
[rosmaster.master][INFO] 2026-04-25 19:13:45,436: +PARAM [/onlane_ai_agent_5/agent_config_path] by /roslaunch
[rosmaster.master][INFO] 2026-04-25 19:13:45,436: +PARAM [/onlane_ai_agent_5/desired_vel] by /roslaunch
[rosmaster.master][INFO] 2026-04-25 19:13:45,437: +PARAM [/onlane_ai_agent_5/autonomous_level] by /roslaunch
[rosmaster.master][INFO] 2026-04-25 19:13:45,437: +PARAM [/onlane_ai_agent_5/aggressiveness_level] by /roslaunch
[rosmaster.master][INFO] 2026-04-25 19:13:45,437: +PARAM [/onlane_ai_agent_6/ego_id] by /roslaunch
[rosmaster.master][INFO] 2026-04-25 19:13:45,437: +PARAM [/onlane_ai_agent_6/agent_config_path] by /roslaunch
[rosmaster.master][INFO] 2026-04-25 19:13:45,437: +PARAM [/onlane_ai_agent_6/desired_vel] by /roslaunch
[rosmaster.master][INFO] 2026-04-25 19:13:45,437: +PARAM [/onlane_ai_agent_6/autonomous_level] by /roslaunch
[rosmaster.master][INFO] 2026-04-25 19:13:45,437: +PARAM [/onlane_ai_agent_6/aggressiveness_level] by /roslaunch
[rosmaster.master][INFO] 2026-04-25 19:13:45,437: +PARAM [/onlane_ai_agent_7/ego_id] by /roslaunch
[rosmaster.master][INFO] 2026-04-25 19:13:45,437: +PARAM [/onlane_ai_agent_7/agent_config_path] by /roslaunch
[rosmaster.master][INFO] 2026-04-25 19:13:45,437: +PARAM [/onlane_ai_agent_7/desired_vel] by /roslaunch
[rosmaster.master][INFO] 2026-04-25 19:13:45,437: +PARAM [/onlane_ai_agent_7/autonomous_level] by /roslaunch
[rosmaster.master][INFO] 2026-04-25 19:13:45,437: +PARAM [/onlane_ai_agent_7/aggressiveness_level] by /roslaunch
[rosmaster.master][INFO] 2026-04-25 19:13:45,437: +PARAM [/onlane_ai_agent_8/ego_id] by /roslaunch
[rosmaster.master][INFO] 2026-04-25 19:13:45,437: +PARAM [/onlane_ai_agent_8/agent_config_path] by /roslaunch
[rosmaster.master][INFO] 2026-04-25 19:13:45,437: +PARAM [/onlane_ai_agent_8/desired_vel] by /roslaunch
[rosmaster.master][INFO] 2026-04-25 19:13:45,437: +PARAM [/onlane_ai_agent_8/autonomous_level] by /roslaunch
[rosmaster.master][INFO] 2026-04-25 19:13:45,437: +PARAM [/onlane_ai_agent_8/aggressiveness_level] by /roslaunch
[rosmaster.master][INFO] 2026-04-25 19:13:45,437: +PARAM [/onlane_ai_agent_9/ego_id] by /roslaunch
[rosmaster.master][INFO] 2026-04-25 19:13:45,437: +PARAM [/onlane_ai_agent_9/agent_config_path] by /roslaunch
[rosmaster.master][INFO] 2026-04-25 19:13:45,437: +PARAM [/onlane_ai_agent_9/desired_vel] by /roslaunch
[rosmaster.master][INFO] 2026-04-25 19:13:45,437: +PARAM [/onlane_ai_agent_9/autonomous_level] by /roslaunch
[rosmaster.master][INFO] 2026-04-25 19:13:45,437: +PARAM [/onlane_ai_agent_9/aggressiveness_level] by /roslaunch
[rosmaster.master][INFO] 2026-04-25 19:13:45,437: +PARAM [/onlane_ai_agent_10/ego_id] by /roslaunch
[rosmaster.master][INFO] 2026-04-25 19:13:45,437: +PARAM [/onlane_ai_agent_10/agent_config_path] by /roslaunch
[rosmaster.master][INFO] 2026-04-25 19:13:45,437: +PARAM [/onlane_ai_agent_10/desired_vel] by /roslaunch
[rosmaster.master][INFO] 2026-04-25 19:13:45,437: +PARAM [/onlane_ai_agent_10/autonomous_level] by /roslaunch
[rosmaster.master][INFO] 2026-04-25 19:13:45,437: +PARAM [/onlane_ai_agent_10/aggressiveness_level] by /roslaunch
[rosmaster.master][INFO] 2026-04-25 19:13:45,438: +PARAM [/joy_node/dev] by /roslaunch
[rosmaster.master][INFO] 2026-04-25 19:13:45,438: +PARAM [/phy_simulator_planning_node/vehicle_info_path] by /roslaunch
[rosmaster.master][INFO] 2026-04-25 19:13:45,438: +PARAM [/phy_simulator_planning_node/map_path] by /roslaunch
[rosmaster.master][INFO] 2026-04-25 19:13:45,438: +PARAM [/phy_simulator_planning_node/lane_net_path] by /roslaunch
[rosmaster.master][INFO] 2026-04-25 19:13:45,439: +SERVICE [/rosout/get_loggers] /rosout http://y:40679/
[rosmaster.master][INFO] 2026-04-25 19:13:45,439: +SERVICE [/rosout/set_logger_level] /rosout http://y:40679/
[rosmaster.master][INFO] 2026-04-25 19:13:45,440: +PUB [/rosout_agg] /rosout http://y:40679/
[rosmaster.master][INFO] 2026-04-25 19:13:45,441: +SUB [/rosout] /rosout http://y:40679/
[rosmaster.master][INFO] 2026-04-25 19:13:45,470: +PUB [/rosout] /onlane_ai_agent_1 http://y:34853/
[rosmaster.master][INFO] 2026-04-25 19:13:45,470: +SERVICE [/onlane_ai_agent_1/get_loggers] /onlane_ai_agent_1 http://y:34853/
[rosmaster.master][INFO] 2026-04-25 19:13:45,470: +SERVICE [/onlane_ai_agent_1/set_logger_level] /onlane_ai_agent_1 http://y:34853/
[rosmaster.master][INFO] 2026-04-25 19:13:45,471: +PUB [/ctrl/agent_1] /onlane_ai_agent_1 http://y:34853/
[rosmaster.master][INFO] 2026-04-25 19:13:45,473: +PUB [/tf] /onlane_ai_agent_1 http://y:34853/
[rosmaster.master][INFO] 2026-04-25 19:13:45,475: +PUB [/rosout] /onlane_ai_agent_2 http://y:39469/
[rosmaster.master][INFO] 2026-04-25 19:13:45,476: +PUB [/vis/agent_1/ego_vehicle_vis] /onlane_ai_agent_1 http://y:34853/
[rosmaster.master][INFO] 2026-04-25 19:13:45,476: +PUB [/vis/agent_1/obstacle_map] /onlane_ai_agent_1 http://y:34853/
[rosmaster.master][INFO] 2026-04-25 19:13:45,476: +PUB [/vis/agent_1/surrounding_lane_net_vis] /onlane_ai_agent_1 http://y:34853/
[rosmaster.master][INFO] 2026-04-25 19:13:45,477: +PUB [/vis/agent_1/local_lanes_vis] /onlane_ai_agent_1 http://y:34853/
[rosmaster.master][INFO] 2026-04-25 19:13:45,477: +PUB [/vis/agent_1/ego_behavior_vis] /onlane_ai_agent_1 http://y:34853/
[rosmaster.master][INFO] 2026-04-25 19:13:45,478: +PUB [/vis/agent_1/pred_traj_openloop_vis] /onlane_ai_agent_1 http://y:34853/
[rosmaster.master][INFO] 2026-04-25 19:13:45,478: +PUB [/vis/agent_1/pred_initial_intention_vis] /onlane_ai_agent_1 http://y:34853/
[rosmaster.master][INFO] 2026-04-25 19:13:45,478: +PUB [/rosout] /test_ssc_with_mpdm_0 http://y:45469/
[rosmaster.master][INFO] 2026-04-25 19:13:45,479: +SERVICE [/onlane_ai_agent_2/get_loggers] /onlane_ai_agent_2 http://y:39469/
[rosmaster.master][INFO] 2026-04-25 19:13:45,479: +PUB [/vis/agent_1/surrounding_vehicle_vis] /onlane_ai_agent_1 http://y:34853/
[rosmaster.master][INFO] 2026-04-25 19:13:45,480: +SERVICE [/onlane_ai_agent_2/set_logger_level] /onlane_ai_agent_2 http://y:39469/
[rosmaster.master][INFO] 2026-04-25 19:13:45,480: +PUB [/vis/agent_1/speed_limit] /onlane_ai_agent_1 http://y:34853/
[rosmaster.master][INFO] 2026-04-25 19:13:45,481: +SERVICE [/test_ssc_with_mpdm_0/get_loggers] /test_ssc_with_mpdm_0 http://y:45469/
[rosmaster.master][INFO] 2026-04-25 19:13:45,482: +SERVICE [/test_ssc_with_mpdm_0/set_logger_level] /test_ssc_with_mpdm_0 http://y:45469/
[rosmaster.master][INFO] 2026-04-25 19:13:45,494: +PUB [/rosout] /onlane_ai_agent_3 http://y:38769/
[rosmaster.master][INFO] 2026-04-25 19:13:45,497: +PUB [/ctrl/agent_2] /onlane_ai_agent_2 http://y:39469/
[rosmaster.master][INFO] 2026-04-25 19:13:45,497: +SUB [/arena_info_static] /onlane_ai_agent_1 http://y:34853/
[rosmaster.master][INFO] 2026-04-25 19:13:45,500: +SERVICE [/onlane_ai_agent_3/get_loggers] /onlane_ai_agent_3 http://y:38769/
[rosmaster.master][INFO] 2026-04-25 19:13:45,500: +PUB [/rosout] /onlane_ai_agent_4 http://y:33981/
[rosmaster.master][INFO] 2026-04-25 19:13:45,502: +PUB [/rosout] /onlane_ai_agent_5 http://y:41289/
[rosmaster.master][INFO] 2026-04-25 19:13:45,503: +PUB [/tf] /onlane_ai_agent_2 http://y:39469/
[rosmaster.master][INFO] 2026-04-25 19:13:45,504: +PUB [/vis/agent_2/ego_vehicle_vis] /onlane_ai_agent_2 http://y:39469/
[rosmaster.master][INFO] 2026-04-25 19:13:45,504: +SERVICE [/onlane_ai_agent_4/get_loggers] /onlane_ai_agent_4 http://y:33981/
[rosmaster.master][INFO] 2026-04-25 19:13:45,505: +PUB [/vis/agent_2/obstacle_map] /onlane_ai_agent_2 http://y:39469/
[rosmaster.master][INFO] 2026-04-25 19:13:45,505: +SERVICE [/onlane_ai_agent_4/set_logger_level] /onlane_ai_agent_4 http://y:33981/
[rosmaster.master][INFO] 2026-04-25 19:13:45,506: +PUB [/vis/agent_2/surrounding_lane_net_vis] /onlane_ai_agent_2 http://y:39469/
[rosmaster.master][INFO] 2026-04-25 19:13:45,509: +PUB [/ctrl/agent_4] /onlane_ai_agent_4 http://y:33981/
[rosmaster.master][INFO] 2026-04-25 19:13:45,509: +PUB [/vis/agent_2/local_lanes_vis] /onlane_ai_agent_2 http://y:39469/
[rosmaster.master][INFO] 2026-04-25 19:13:45,509: +PUB [/vis/agent_2/ego_behavior_vis] /onlane_ai_agent_2 http://y:39469/
[rosmaster.master][INFO] 2026-04-25 19:13:45,510: +PUB [/vis/agent_2/pred_traj_openloop_vis] /onlane_ai_agent_2 http://y:39469/
[rosmaster.master][INFO] 2026-04-25 19:13:45,510: +PUB [/vis/agent_2/pred_initial_intention_vis] /onlane_ai_agent_2 http://y:39469/
[rosmaster.master][INFO] 2026-04-25 19:13:45,511: +PUB [/vis/agent_2/surrounding_vehicle_vis] /onlane_ai_agent_2 http://y:39469/
[rosmaster.master][INFO] 2026-04-25 19:13:45,511: publisherUpdate[/rosout] -> http://y:40679/ ['http://y:34853/']
[rosmaster.master][INFO] 2026-04-25 19:13:45,512: +PUB [/rosout] /onlane_ai_agent_8 http://y:34323/
[rosmaster.master][INFO] 2026-04-25 19:13:45,513: +PUB [/vis/agent_2/speed_limit] /onlane_ai_agent_2 http://y:39469/
[rosmaster.master][INFO] 2026-04-25 19:13:45,514: publisherUpdate[/rosout] -> http://y:40679/ ['http://y:34853/']: sec=0.00, result=[1, '', 0]
[rosmaster.master][INFO] 2026-04-25 19:13:45,514: publisherUpdate[/rosout] -> http://y:40679/ ['http://y:34853/', 'http://y:39469/']
[rosmaster.master][INFO] 2026-04-25 19:13:45,515: +SERVICE [/onlane_ai_agent_8/get_loggers] /onlane_ai_agent_8 http://y:34323/
[rosmaster.master][INFO] 2026-04-25 19:13:45,515: publisherUpdate[/rosout] -> http://y:40679/ ['http://y:34853/', 'http://y:39469/']: sec=0.00, result=[1, '', 0]
[rosmaster.master][INFO] 2026-04-25 19:13:45,515: publisherUpdate[/rosout] -> http://y:40679/ ['http://y:34853/', 'http://y:39469/', 'http://y:45469/']
[rosmaster.master][INFO] 2026-04-25 19:13:45,516: +PUB [/rosout] /onlane_ai_agent_6 http://y:39125/
[rosmaster.master][INFO] 2026-04-25 19:13:45,516: publisherUpdate[/rosout] -> http://y:40679/ ['http://y:34853/', 'http://y:39469/', 'http://y:45469/']: sec=0.00, result=[1, '', 0]
[rosmaster.master][INFO] 2026-04-25 19:13:45,516: publisherUpdate[/rosout] -> http://y:40679/ ['http://y:34853/', 'http://y:39469/', 'http://y:45469/', 'http://y:38769/']
[rosmaster.master][INFO] 2026-04-25 19:13:45,516: +SUB [/arena_info_dynamic] /onlane_ai_agent_1 http://y:34853/
[rosmaster.master][INFO] 2026-04-25 19:13:45,524: +SERVICE [/onlane_ai_agent_5/get_loggers] /onlane_ai_agent_5 http://y:41289/
[rosmaster.master][INFO] 2026-04-25 19:13:45,524: publisherUpdate[/rosout] -> http://y:40679/ ['http://y:34853/', 'http://y:39469/', 'http://y:45469/', 'http://y:38769/']: sec=0.01, result=[1, '', 0]
[rosmaster.master][INFO] 2026-04-25 19:13:45,525: +SERVICE [/onlane_ai_agent_3/set_logger_level] /onlane_ai_agent_3 http://y:38769/
[rosmaster.master][INFO] 2026-04-25 19:13:45,526: publisherUpdate[/rosout] -> http://y:40679/ ['http://y:34853/', 'http://y:39469/', 'http://y:45469/', 'http://y:38769/', 'http://y:33981/']
[rosmaster.master][INFO] 2026-04-25 19:13:45,529: +SERVICE [/onlane_ai_agent_5/set_logger_level] /onlane_ai_agent_5 http://y:41289/
[rosmaster.master][INFO] 2026-04-25 19:13:45,533: +PUB [/rosout] /onlane_ai_agent_7 http://y:35847/
[rosmaster.master][INFO] 2026-04-25 19:13:45,533: +SERVICE [/onlane_ai_agent_6/get_loggers] /onlane_ai_agent_6 http://y:39125/
[rosmaster.master][INFO] 2026-04-25 19:13:45,534: publisherUpdate[/rosout] -> http://y:40679/ ['http://y:34853/', 'http://y:39469/', 'http://y:45469/', 'http://y:38769/', 'http://y:33981/']: sec=0.00, result=[1, '', 0]
[rosmaster.master][INFO] 2026-04-25 19:13:45,534: publisherUpdate[/rosout] -> http://y:40679/ ['http://y:34853/', 'http://y:39469/', 'http://y:45469/', 'http://y:38769/', 'http://y:33981/', 'http://y:41289/']
[rosmaster.master][INFO] 2026-04-25 19:13:45,534: +SUB [/arena_info_static] /onlane_ai_agent_2 http://y:39469/
[rosmaster.master][INFO] 2026-04-25 19:13:45,535: publisherUpdate[/rosout] -> http://y:40679/ ['http://y:34853/', 'http://y:39469/', 'http://y:45469/', 'http://y:38769/', 'http://y:33981/', 'http://y:41289/']: sec=0.00, result=[1, '', 0]
[rosmaster.master][INFO] 2026-04-25 19:13:45,535: publisherUpdate[/rosout] -> http://y:40679/ ['http://y:34853/', 'http://y:39469/', 'http://y:45469/', 'http://y:38769/', 'http://y:33981/', 'http://y:41289/', 'http://y:34323/']
[rosmaster.master][INFO] 2026-04-25 19:13:45,535: +PUB [/tf] /test_ssc_with_mpdm_0 http://y:45469/
[rosmaster.master][INFO] 2026-04-25 19:13:45,536: publisherUpdate[/rosout] -> http://y:40679/ ['http://y:34853/', 'http://y:39469/', 'http://y:45469/', 'http://y:38769/', 'http://y:33981/', 'http://y:41289/', 'http://y:34323/']: sec=0.00, result=[1, '', 0]
[rosmaster.master][INFO] 2026-04-25 19:13:45,536: publisherUpdate[/rosout] -> http://y:40679/ ['http://y:34853/', 'http://y:39469/', 'http://y:45469/', 'http://y:38769/', 'http://y:33981/', 'http://y:41289/', 'http://y:34323/', 'http://y:39125/']
[rosmaster.master][INFO] 2026-04-25 19:13:45,536: +PUB [/rosout] /onlane_ai_agent_9 http://y:33019/
[rosmaster.master][INFO] 2026-04-25 19:13:45,537: publisherUpdate[/rosout] -> http://y:40679/ ['http://y:34853/', 'http://y:39469/', 'http://y:45469/', 'http://y:38769/', 'http://y:33981/', 'http://y:41289/', 'http://y:34323/', 'http://y:39125/']: sec=0.00, result=[1, '', 0]
[rosmaster.master][INFO] 2026-04-25 19:13:45,538: publisherUpdate[/rosout] -> http://y:40679/ ['http://y:34853/', 'http://y:39469/', 'http://y:45469/', 'http://y:38769/', 'http://y:33981/', 'http://y:41289/', 'http://y:34323/', 'http://y:39125/', 'http://y:35847/']
[rosmaster.master][INFO] 2026-04-25 19:13:45,538: +SERVICE [/onlane_ai_agent_8/set_logger_level] /onlane_ai_agent_8 http://y:34323/
[rosmaster.master][INFO] 2026-04-25 19:13:45,538: +PUB [/tf] /onlane_ai_agent_4 http://y:33981/
[rosmaster.master][INFO] 2026-04-25 19:13:45,539: publisherUpdate[/rosout] -> http://y:40679/ ['http://y:34853/', 'http://y:39469/', 'http://y:45469/', 'http://y:38769/', 'http://y:33981/', 'http://y:41289/', 'http://y:34323/', 'http://y:39125/', 'http://y:35847/']: sec=0.00, result=[1, '', 0]
[rosmaster.master][INFO] 2026-04-25 19:13:45,539: publisherUpdate[/rosout] -> http://y:40679/ ['http://y:34853/', 'http://y:39469/', 'http://y:45469/', 'http://y:38769/', 'http://y:33981/', 'http://y:41289/', 'http://y:34323/', 'http://y:39125/', 'http://y:35847/', 'http://y:33019/']
[rosmaster.master][INFO] 2026-04-25 19:13:45,539: +PUB [/rosout] /onlane_ai_agent_10 http://y:45129/
[rosmaster.master][INFO] 2026-04-25 19:13:45,540: publisherUpdate[/rosout] -> http://y:40679/ ['http://y:34853/', 'http://y:39469/', 'http://y:45469/', 'http://y:38769/', 'http://y:33981/', 'http://y:41289/', 'http://y:34323/', 'http://y:39125/', 'http://y:35847/', 'http://y:33019/']: sec=0.00, result=[1, '', 0]
[rosmaster.master][INFO] 2026-04-25 19:13:45,540: publisherUpdate[/rosout] -> http://y:40679/ ['http://y:34853/', 'http://y:39469/', 'http://y:45469/', 'http://y:38769/', 'http://y:33981/', 'http://y:41289/', 'http://y:34323/', 'http://y:39125/', 'http://y:35847/', 'http://y:33019/', 'http://y:45129/']
[rosmaster.master][INFO] 2026-04-25 19:13:45,540: +SERVICE [/onlane_ai_agent_7/get_loggers] /onlane_ai_agent_7 http://y:35847/
[rosmaster.master][INFO] 2026-04-25 19:13:45,540: +SERVICE [/onlane_ai_agent_6/set_logger_level] /onlane_ai_agent_6 http://y:39125/
[rosmaster.master][INFO] 2026-04-25 19:13:45,540: publisherUpdate[/rosout] -> http://y:40679/ ['http://y:34853/', 'http://y:39469/', 'http://y:45469/', 'http://y:38769/', 'http://y:33981/', 'http://y:41289/', 'http://y:34323/', 'http://y:39125/', 'http://y:35847/', 'http://y:33019/', 'http://y:45129/']: sec=0.00, result=[1, '', 0]
[rosmaster.master][INFO] 2026-04-25 19:13:45,541: +PUB [/ctrl/agent_5] /onlane_ai_agent_5 http://y:41289/
[rosmaster.master][INFO] 2026-04-25 19:13:45,541: +PUB [/vis/agent_0/ego_vehicle_vis] /test_ssc_with_mpdm_0 http://y:45469/
[rosmaster.master][INFO] 2026-04-25 19:13:45,541: +PUB [/ctrl/agent_6] /onlane_ai_agent_6 http://y:39125/
[rosmaster.master][INFO] 2026-04-25 19:13:45,542: +SUB [/arena_info_dynamic] /onlane_ai_agent_2 http://y:39469/
[rosmaster.master][INFO] 2026-04-25 19:13:45,543: +PUB [/vis/agent_4/ego_vehicle_vis] /onlane_ai_agent_4 http://y:33981/
[rosmaster.master][INFO] 2026-04-25 19:13:45,545: +SERVICE [/onlane_ai_agent_7/set_logger_level] /onlane_ai_agent_7 http://y:35847/
[rosmaster.master][INFO] 2026-04-25 19:13:45,545: +PUB [/rosout] /phy_simulator_planning_node http://y:45449/
[rosmaster.master][INFO] 2026-04-25 19:13:45,546: +PUB [/vis/agent_0/obstacle_map] /test_ssc_with_mpdm_0 http://y:45469/
[rosmaster.master][INFO] 2026-04-25 19:13:45,550: +SERVICE [/onlane_ai_agent_10/get_loggers] /onlane_ai_agent_10 http://y:45129/
[rosmaster.master][INFO] 2026-04-25 19:13:45,550: +SUB [/joy] /onlane_ai_agent_1 http://y:34853/
[rosmaster.master][INFO] 2026-04-25 19:13:45,550: +PUB [/ctrl/agent_8] /onlane_ai_agent_8 http://y:34323/
[rosmaster.master][INFO] 2026-04-25 19:13:45,551: +SUB [/joy] /onlane_ai_agent_2 http://y:39469/
[rosmaster.master][INFO] 2026-04-25 19:13:45,551: +PUB [/vis/agent_4/obstacle_map] /onlane_ai_agent_4 http://y:33981/
[rosmaster.master][INFO] 2026-04-25 19:13:45,551: +PUB [/ctrl/agent_3] /onlane_ai_agent_3 http://y:38769/
[rosmaster.master][INFO] 2026-04-25 19:13:45,551: +SERVICE [/phy_simulator_planning_node/get_loggers] /phy_simulator_planning_node http://y:45449/
[rosmaster.master][INFO] 2026-04-25 19:13:45,555: +PUB [/vis/agent_4/surrounding_lane_net_vis] /onlane_ai_agent_4 http://y:33981/
[rosmaster.master][INFO] 2026-04-25 19:13:45,556: +PUB [/vis/agent_0/surrounding_lane_net_vis] /test_ssc_with_mpdm_0 http://y:45469/
[rosmaster.master][INFO] 2026-04-25 19:13:45,558: +PUB [/tf] /onlane_ai_agent_6 http://y:39125/
[rosmaster.master][INFO] 2026-04-25 19:13:45,558: +PUB [/ctrl/agent_7] /onlane_ai_agent_7 http://y:35847/
[rosmaster.master][INFO] 2026-04-25 19:13:45,559: +SERVICE [/phy_simulator_planning_node/set_logger_level] /phy_simulator_planning_node http://y:45449/
[rosmaster.master][INFO] 2026-04-25 19:13:45,559: +SERVICE [/onlane_ai_agent_10/set_logger_level] /onlane_ai_agent_10 http://y:45129/
[rosmaster.master][INFO] 2026-04-25 19:13:45,559: +PUB [/vis/agent_2/forward_trajs] /onlane_ai_agent_2 http://y:39469/
[rosmaster.master][INFO] 2026-04-25 19:13:45,559: +PUB [/vis/agent_4/local_lanes_vis] /onlane_ai_agent_4 http://y:33981/
[rosmaster.master][INFO] 2026-04-25 19:13:45,559: +PUB [/vis/agent_0/local_lanes_vis] /test_ssc_with_mpdm_0 http://y:45469/
[rosmaster.master][INFO] 2026-04-25 19:13:45,560: +PUB [/vis/agent_4/ego_behavior_vis] /onlane_ai_agent_4 http://y:33981/
[rosmaster.master][INFO] 2026-04-25 19:13:45,560: +PUB [/tf] /onlane_ai_agent_3 http://y:38769/
[rosmaster.master][INFO] 2026-04-25 19:13:45,562: +PUB [/vis/agent_6/ego_vehicle_vis] /onlane_ai_agent_6 http://y:39125/
[rosmaster.master][INFO] 2026-04-25 19:13:45,562: +PUB [/vis/agent_0/ego_behavior_vis] /test_ssc_with_mpdm_0 http://y:45469/
[rosmaster.master][INFO] 2026-04-25 19:13:45,562: +PUB [/tf] /onlane_ai_agent_5 http://y:41289/
[rosmaster.master][INFO] 2026-04-25 19:13:45,562: +PUB [/vis/agent_3/ego_vehicle_vis] /onlane_ai_agent_3 http://y:38769/
[rosmaster.master][INFO] 2026-04-25 19:13:45,563: +PUB [/vis/agent_4/pred_traj_openloop_vis] /onlane_ai_agent_4 http://y:33981/
[rosmaster.master][INFO] 2026-04-25 19:13:45,563: +PUB [/vis/agent_5/ego_vehicle_vis] /onlane_ai_agent_5 http://y:41289/
[rosmaster.master][INFO] 2026-04-25 19:13:45,563: +PUB [/vis/agent_1/forward_trajs] /onlane_ai_agent_1 http://y:34853/
[rosmaster.master][INFO] 2026-04-25 19:13:45,564: +PUB [/ctrl/agent_10] /onlane_ai_agent_10 http://y:45129/
[rosmaster.master][INFO] 2026-04-25 19:13:45,564: +PUB [/vis/agent_6/obstacle_map] /onlane_ai_agent_6 http://y:39125/
[rosmaster.master][INFO] 2026-04-25 19:13:45,565: +SERVICE [/onlane_ai_agent_9/get_loggers] /onlane_ai_agent_9 http://y:33019/
[rosmaster.master][INFO] 2026-04-25 19:13:45,571: +PUB [/vis/agent_0/pred_traj_openloop_vis] /test_ssc_with_mpdm_0 http://y:45469/
[rosmaster.master][INFO] 2026-04-25 19:13:45,573: +PUB [/vis/agent_3/obstacle_map] /onlane_ai_agent_3 http://y:38769/
[rosmaster.master][INFO] 2026-04-25 19:13:45,573: +PUB [/vis/agent_6/surrounding_lane_net_vis] /onlane_ai_agent_6 http://y:39125/
[rosmaster.master][INFO] 2026-04-25 19:13:45,573: +SERVICE [/onlane_ai_agent_9/set_logger_level] /onlane_ai_agent_9 http://y:33019/
[rosmaster.master][INFO] 2026-04-25 19:13:45,574: +PUB [/vis/agent_4/pred_initial_intention_vis] /onlane_ai_agent_4 http://y:33981/
[rosmaster.master][INFO] 2026-04-25 19:13:45,574: +PUB [/arena_info_static] /phy_simulator_planning_node http://y:45449/
[rosmaster.master][INFO] 2026-04-25 19:13:45,575: +PUB [/vis/agent_0/pred_initial_intention_vis] /test_ssc_with_mpdm_0 http://y:45469/
[rosmaster.master][INFO] 2026-04-25 19:13:45,575: +PUB [/vis/agent_6/local_lanes_vis] /onlane_ai_agent_6 http://y:39125/
[rosmaster.master][INFO] 2026-04-25 19:13:45,575: +PUB [/vis/agent_3/surrounding_lane_net_vis] /onlane_ai_agent_3 http://y:38769/
[rosmaster.master][INFO] 2026-04-25 19:13:45,576: +PUB [/vis/agent_5/obstacle_map] /onlane_ai_agent_5 http://y:41289/
[rosmaster.master][INFO] 2026-04-25 19:13:45,576: +PUB [/vis/agent_4/surrounding_vehicle_vis] /onlane_ai_agent_4 http://y:33981/
[rosmaster.master][INFO] 2026-04-25 19:13:45,577: +PUB [/vis/agent_3/local_lanes_vis] /onlane_ai_agent_3 http://y:38769/
[rosmaster.master][INFO] 2026-04-25 19:13:45,577: +PUB [/vis/agent_4/speed_limit] /onlane_ai_agent_4 http://y:33981/
[rosmaster.master][INFO] 2026-04-25 19:13:45,577: +PUB [/vis/agent_6/ego_behavior_vis] /onlane_ai_agent_6 http://y:39125/
[rosmaster.master][INFO] 2026-04-25 19:13:45,578: +PUB [/ctrl/agent_9] /onlane_ai_agent_9 http://y:33019/
[rosmaster.master][INFO] 2026-04-25 19:13:45,579: +PUB [/vis/agent_5/surrounding_lane_net_vis] /onlane_ai_agent_5 http://y:41289/
[rosmaster.master][INFO] 2026-04-25 19:13:45,580: +SUB [/arena_info_static] /onlane_ai_agent_4 http://y:33981/
[rosmaster.master][INFO] 2026-04-25 19:13:45,580: +PUB [/vis/agent_3/ego_behavior_vis] /onlane_ai_agent_3 http://y:38769/
[rosmaster.master][INFO] 2026-04-25 19:13:45,581: +PUB [/vis/agent_6/pred_traj_openloop_vis] /onlane_ai_agent_6 http://y:39125/
[rosmaster.master][INFO] 2026-04-25 19:13:45,581: +PUB [/tf] /onlane_ai_agent_10 http://y:45129/
[rosmaster.master][INFO] 2026-04-25 19:13:45,583: +PUB [/vis/agent_0/surrounding_vehicle_vis] /test_ssc_with_mpdm_0 http://y:45469/
[rosmaster.master][INFO] 2026-04-25 19:13:45,583: +PUB [/tf] /onlane_ai_agent_7 http://y:35847/
[rosmaster.master][INFO] 2026-04-25 19:13:45,584: +PUB [/vis/agent_3/pred_traj_openloop_vis] /onlane_ai_agent_3 http://y:38769/
[rosmaster.master][INFO] 2026-04-25 19:13:45,584: +PUB [/tf] /onlane_ai_agent_9 http://y:33019/
[rosmaster.master][INFO] 2026-04-25 19:13:45,585: +PUB [/vis/agent_6/pred_initial_intention_vis] /onlane_ai_agent_6 http://y:39125/
[rosmaster.master][INFO] 2026-04-25 19:13:45,585: +PUB [/vis/agent_7/ego_vehicle_vis] /onlane_ai_agent_7 http://y:35847/
[rosmaster.master][INFO] 2026-04-25 19:13:45,585: +PUB [/vis/agent_10/ego_vehicle_vis] /onlane_ai_agent_10 http://y:45129/
[rosmaster.master][INFO] 2026-04-25 19:13:45,588: +PUB [/vis/agent_0/speed_limit] /test_ssc_with_mpdm_0 http://y:45469/
[rosmaster.master][INFO] 2026-04-25 19:13:45,588: +PUB [/vis/agent_3/pred_initial_intention_vis] /onlane_ai_agent_3 http://y:38769/
[rosmaster.master][INFO] 2026-04-25 19:13:45,588: +PUB [/vis/agent_5/local_lanes_vis] /onlane_ai_agent_5 http://y:41289/
[rosmaster.master][INFO] 2026-04-25 19:13:45,588: +PUB [/vis/agent_6/surrounding_vehicle_vis] /onlane_ai_agent_6 http://y:39125/
[rosmaster.master][INFO] 2026-04-25 19:13:45,588: +PUB [/vis/agent_7/obstacle_map] /onlane_ai_agent_7 http://y:35847/
[rosmaster.master][INFO] 2026-04-25 19:13:45,589: +PUB [/vis/agent_10/obstacle_map] /onlane_ai_agent_10 http://y:45129/
[rosmaster.master][INFO] 2026-04-25 19:13:45,589: +PUB [/tf] /onlane_ai_agent_8 http://y:34323/
[rosmaster.master][INFO] 2026-04-25 19:13:45,590: +PUB [/vis/agent_9/ego_vehicle_vis] /onlane_ai_agent_9 http://y:33019/
[rosmaster.master][INFO] 2026-04-25 19:13:45,590: +PUB [/vis/agent_0/ssc/map_vis] /test_ssc_with_mpdm_0 http://y:45469/
[rosmaster.master][INFO] 2026-04-25 19:13:45,590: +PUB [/vis/agent_7/surrounding_lane_net_vis] /onlane_ai_agent_7 http://y:35847/
[rosmaster.master][INFO] 2026-04-25 19:13:45,590: +PUB [/vis/agent_6/speed_limit] /onlane_ai_agent_6 http://y:39125/
[rosmaster.master][INFO] 2026-04-25 19:13:45,590: +PUB [/vis/agent_5/ego_behavior_vis] /onlane_ai_agent_5 http://y:41289/
[rosmaster.master][INFO] 2026-04-25 19:13:45,590: +PUB [/vis/agent_9/obstacle_map] /onlane_ai_agent_9 http://y:33019/
[rosmaster.master][INFO] 2026-04-25 19:13:45,591: +PUB [/vis/agent_3/surrounding_vehicle_vis] /onlane_ai_agent_3 http://y:38769/
[rosmaster.master][INFO] 2026-04-25 19:13:45,592: +PUB [/vis/agent_7/local_lanes_vis] /onlane_ai_agent_7 http://y:35847/
[rosmaster.master][INFO] 2026-04-25 19:13:45,592: +SUB [/arena_info_dynamic] /onlane_ai_agent_4 http://y:33981/
[rosmaster.master][INFO] 2026-04-25 19:13:45,593: +PUB [/vis/agent_8/ego_vehicle_vis] /onlane_ai_agent_8 http://y:34323/
[rosmaster.master][INFO] 2026-04-25 19:13:45,593: +PUB [/vis/agent_0/ssc/qp_vis] /test_ssc_with_mpdm_0 http://y:45469/
[rosmaster.master][INFO] 2026-04-25 19:13:45,593: +PUB [/vis/agent_8/obstacle_map] /onlane_ai_agent_8 http://y:34323/
[rosmaster.master][INFO] 2026-04-25 19:13:45,594: +PUB [/vis/agent_10/surrounding_lane_net_vis] /onlane_ai_agent_10 http://y:45129/
[rosmaster.master][INFO] 2026-04-25 19:13:45,594: +PUB [/vis/agent_5/pred_traj_openloop_vis] /onlane_ai_agent_5 http://y:41289/
[rosmaster.master][INFO] 2026-04-25 19:13:45,594: +PUB [/vis/agent_3/speed_limit] /onlane_ai_agent_3 http://y:38769/
[rosmaster.master][INFO] 2026-04-25 19:13:45,594: +PUB [/vis/agent_7/ego_behavior_vis] /onlane_ai_agent_7 http://y:35847/
[rosmaster.master][INFO] 2026-04-25 19:13:45,594: +SUB [/arena_info_static] /onlane_ai_agent_6 http://y:39125/
[rosmaster.master][INFO] 2026-04-25 19:13:45,595: +PUB [/vis/agent_9/surrounding_lane_net_vis] /onlane_ai_agent_9 http://y:33019/
[rosmaster.master][INFO] 2026-04-25 19:13:45,597: +PUB [/vis/agent_8/surrounding_lane_net_vis] /onlane_ai_agent_8 http://y:34323/
[rosmaster.master][INFO] 2026-04-25 19:13:45,597: +PUB [/vis/agent_7/pred_traj_openloop_vis] /onlane_ai_agent_7 http://y:35847/
[rosmaster.master][INFO] 2026-04-25 19:13:45,598: +PUB [/vis/agent_0/ssc/ego_fs_vis] /test_ssc_with_mpdm_0 http://y:45469/
[rosmaster.master][INFO] 2026-04-25 19:13:45,598: +PUB [/vis/agent_7/pred_initial_intention_vis] /onlane_ai_agent_7 http://y:35847/
[rosmaster.master][INFO] 2026-04-25 19:13:45,598: +SUB [/joy] /onlane_ai_agent_4 http://y:33981/
[rosmaster.master][INFO] 2026-04-25 19:13:45,598: +PUB [/vis/agent_7/surrounding_vehicle_vis] /onlane_ai_agent_7 http://y:35847/
[rosmaster.master][INFO] 2026-04-25 19:13:45,599: +SUB [/arena_info_static] /onlane_ai_agent_3 http://y:38769/
[rosmaster.master][INFO] 2026-04-25 19:13:45,599: +SUB [/arena_info_dynamic] /onlane_ai_agent_6 http://y:39125/
[rosmaster.master][INFO] 2026-04-25 19:13:45,599: +PUB [/vis/agent_9/local_lanes_vis] /onlane_ai_agent_9 http://y:33019/
[rosmaster.master][INFO] 2026-04-25 19:13:45,600: +PUB [/vis/agent_8/local_lanes_vis] /onlane_ai_agent_8 http://y:34323/
[rosmaster.master][INFO] 2026-04-25 19:13:45,600: +PUB [/vis/agent_5/pred_initial_intention_vis] /onlane_ai_agent_5 http://y:41289/
[rosmaster.master][INFO] 2026-04-25 19:13:45,601: +PUB [/vis/agent_0/ssc/forward_trajs_vis] /test_ssc_with_mpdm_0 http://y:45469/
[rosmaster.master][INFO] 2026-04-25 19:13:45,601: +PUB [/vis/agent_10/local_lanes_vis] /onlane_ai_agent_10 http://y:45129/
[rosmaster.master][INFO] 2026-04-25 19:13:45,602: +PUB [/vis/agent_4/forward_trajs] /onlane_ai_agent_4 http://y:33981/
[rosmaster.master][INFO] 2026-04-25 19:13:45,602: +PUB [/vis/agent_7/speed_limit] /onlane_ai_agent_7 http://y:35847/
[rosmaster.master][INFO] 2026-04-25 19:13:45,602: +PUB [/arena_info_dynamic] /phy_simulator_planning_node http://y:45449/
[rosmaster.master][INFO] 2026-04-25 19:13:45,602: +PUB [/vis/agent_9/ego_behavior_vis] /onlane_ai_agent_9 http://y:33019/
[rosmaster.master][INFO] 2026-04-25 19:13:45,602: +PUB [/vis/agent_8/ego_behavior_vis] /onlane_ai_agent_8 http://y:34323/
[rosmaster.master][INFO] 2026-04-25 19:13:45,603: +PUB [/vis/agent_0/ssc/sur_vehicle_trajs_vis] /test_ssc_with_mpdm_0 http://y:45469/
[rosmaster.master][INFO] 2026-04-25 19:13:45,604: +PUB [/vis/agent_5/surrounding_vehicle_vis] /onlane_ai_agent_5 http://y:41289/
[rosmaster.master][INFO] 2026-04-25 19:13:45,605: +PUB [/vis/agent_10/ego_behavior_vis] /onlane_ai_agent_10 http://y:45129/
[rosmaster.master][INFO] 2026-04-25 19:13:45,607: +SUB [/arena_info_dynamic] /onlane_ai_agent_3 http://y:38769/
[rosmaster.master][INFO] 2026-04-25 19:13:45,607: +PUB [/phy_simulator_planning_node/vis/vehicle_set_vis] /phy_simulator_planning_node http://y:45449/
[rosmaster.master][INFO] 2026-04-25 19:13:45,607: +PUB [/vis/agent_0/ssc/corridor_vis] /test_ssc_with_mpdm_0 http://y:45469/
[rosmaster.master][INFO] 2026-04-25 19:13:45,609: +PUB [/vis/agent_8/pred_traj_openloop_vis] /onlane_ai_agent_8 http://y:34323/
[rosmaster.master][INFO] 2026-04-25 19:13:45,609: +PUB [/vis/agent_9/pred_traj_openloop_vis] /onlane_ai_agent_9 http://y:33019/
[rosmaster.master][INFO] 2026-04-25 19:13:45,611: publisherUpdate[/rosout] -> http://y:40679/ ['http://y:34853/', 'http://y:39469/', 'http://y:45469/', 'http://y:38769/', 'http://y:33981/', 'http://y:41289/', 'http://y:34323/', 'http://y:39125/', 'http://y:35847/', 'http://y:33019/', 'http://y:45129/', 'http://y:45449/']
[rosmaster.master][INFO] 2026-04-25 19:13:45,611: publisherUpdate[/arena_info_static] -> http://y:34853/ ['http://y:45449/']
[rosmaster.master][INFO] 2026-04-25 19:13:45,613: +PUB [/vis/agent_10/pred_traj_openloop_vis] /onlane_ai_agent_10 http://y:45129/
[rosmaster.master][INFO] 2026-04-25 19:13:45,613: publisherUpdate[/rosout] -> http://y:40679/ ['http://y:34853/', 'http://y:39469/', 'http://y:45469/', 'http://y:38769/', 'http://y:33981/', 'http://y:41289/', 'http://y:34323/', 'http://y:39125/', 'http://y:35847/', 'http://y:33019/', 'http://y:45129/', 'http://y:45449/']: sec=0.00, result=[1, '', 0]
[rosmaster.master][INFO] 2026-04-25 19:13:45,614: publisherUpdate[/arena_info_static] -> http://y:39469/ ['http://y:45449/']
[rosmaster.master][INFO] 2026-04-25 19:13:45,614: +PUB [/vis/agent_5/speed_limit] /onlane_ai_agent_5 http://y:41289/
[rosmaster.master][INFO] 2026-04-25 19:13:45,614: +PUB [/phy_simulator_planning_node/vis/lane_net_vis] /phy_simulator_planning_node http://y:45449/
[rosmaster.master][INFO] 2026-04-25 19:13:45,614: publisherUpdate[/arena_info_static] -> http://y:39469/ ['http://y:45449/']: sec=0.00, result=[1, '', 0]
[rosmaster.master][INFO] 2026-04-25 19:13:45,615: publisherUpdate[/arena_info_dynamic] -> http://y:39469/ ['http://y:45449/']
[rosmaster.master][INFO] 2026-04-25 19:13:45,615: +SUB [/joy] /onlane_ai_agent_3 http://y:38769/
[rosmaster.master][INFO] 2026-04-25 19:13:45,615: publisherUpdate[/arena_info_static] -> http://y:34853/ ['http://y:45449/']: sec=0.00, result=[1, '', 0]
[rosmaster.master][INFO] 2026-04-25 19:13:45,616: publisherUpdate[/arena_info_dynamic] -> http://y:34853/ ['http://y:45449/']
[rosmaster.master][INFO] 2026-04-25 19:13:45,616: +PUB [/vis/agent_8/pred_initial_intention_vis] /onlane_ai_agent_8 http://y:34323/
[rosmaster.master][INFO] 2026-04-25 19:13:45,616: publisherUpdate[/arena_info_dynamic] -> http://y:39469/ ['http://y:45449/']: sec=0.00, result=[1, '', 0]
[rosmaster.master][INFO] 2026-04-25 19:13:45,617: +PUB [/vis/agent_9/pred_initial_intention_vis] /onlane_ai_agent_9 http://y:33019/
[rosmaster.master][INFO] 2026-04-25 19:13:45,617: publisherUpdate[/arena_info_dynamic] -> http://y:33981/ ['http://y:45449/']
[rosmaster.master][INFO] 2026-04-25 19:13:45,618: +SUB [/arena_info_static] /onlane_ai_agent_7 http://y:35847/
[rosmaster.master][INFO] 2026-04-25 19:13:45,617: publisherUpdate[/arena_info_dynamic] -> http://y:34853/ ['http://y:45449/']: sec=0.00, result=[1, '', 0]
[rosmaster.master][INFO] 2026-04-25 19:13:45,618: +PUB [/ctrl/agent_0] /test_ssc_with_mpdm_0 http://y:45469/
[rosmaster.master][INFO] 2026-04-25 19:13:45,618: publisherUpdate[/arena_info_dynamic] -> http://y:33981/ ['http://y:45449/']: sec=0.00, result=[1, '', 0]
[rosmaster.master][INFO] 2026-04-25 19:13:45,621: +PUB [/vis/agent_10/pred_initial_intention_vis] /onlane_ai_agent_10 http://y:45129/
[rosmaster.master][INFO] 2026-04-25 19:13:45,619: publisherUpdate[/arena_info_dynamic] -> http://y:39125/ ['http://y:45449/']
[rosmaster.master][INFO] 2026-04-25 19:13:45,621: +SUB [/joy] /onlane_ai_agent_6 http://y:39125/
[rosmaster.master][INFO] 2026-04-25 19:13:45,621: +PUB [/vis/agent_3/forward_trajs] /onlane_ai_agent_3 http://y:38769/
[rosmaster.master][INFO] 2026-04-25 19:13:45,621: +PUB [/phy_simulator_planning_node/vis/obstacle_set_vis] /phy_simulator_planning_node http://y:45449/
[rosmaster.master][INFO] 2026-04-25 19:13:45,621: +SUB [/arena_info_static] /onlane_ai_agent_5 http://y:41289/
[rosmaster.master][INFO] 2026-04-25 19:13:45,621: +PUB [/vis/agent_9/surrounding_vehicle_vis] /onlane_ai_agent_9 http://y:33019/
[rosmaster.master][INFO] 2026-04-25 19:13:45,622: publisherUpdate[/arena_info_dynamic] -> http://y:39125/ ['http://y:45449/']: sec=0.00, result=[1, '', 0]
[rosmaster.master][INFO] 2026-04-25 19:13:45,622: +PUB [/vis/agent_8/surrounding_vehicle_vis] /onlane_ai_agent_8 http://y:34323/
[rosmaster.master][INFO] 2026-04-25 19:13:45,624: +SUB [/arena_info_dynamic] /onlane_ai_agent_7 http://y:35847/
[rosmaster.master][INFO] 2026-04-25 19:13:45,624: +PUB [/test_ssc_with_mpdm_0/ssc_map] /test_ssc_with_mpdm_0 http://y:45469/
[rosmaster.master][INFO] 2026-04-25 19:13:45,625: +PUB [/vis/agent_10/surrounding_vehicle_vis] /onlane_ai_agent_10 http://y:45129/
[rosmaster.master][INFO] 2026-04-25 19:13:45,626: +PUB [/vis/agent_9/speed_limit] /onlane_ai_agent_9 http://y:33019/
[rosmaster.master][INFO] 2026-04-25 19:13:45,626: +PUB [/vis/agent_6/forward_trajs] /onlane_ai_agent_6 http://y:39125/
[rosmaster.master][INFO] 2026-04-25 19:13:45,627: +SUB [/ctrl/agent_1002] /phy_simulator_planning_node http://y:45449/
[rosmaster.master][INFO] 2026-04-25 19:13:45,628: +PUB [/vis/agent_8/speed_limit] /onlane_ai_agent_8 http://y:34323/
[rosmaster.master][INFO] 2026-04-25 19:13:45,629: +PUB [/vis/agent_0/ssc/exec_traj] /test_ssc_with_mpdm_0 http://y:45469/
[rosmaster.master][INFO] 2026-04-25 19:13:45,629: +PUB [/vis/agent_10/speed_limit] /onlane_ai_agent_10 http://y:45129/
[rosmaster.master][INFO] 2026-04-25 19:13:45,630: +SUB [/joy] /onlane_ai_agent_7 http://y:35847/
[rosmaster.master][INFO] 2026-04-25 19:13:45,632: +SUB [/arena_info_dynamic] /onlane_ai_agent_5 http://y:41289/
[rosmaster.master][INFO] 2026-04-25 19:13:45,633: +SUB [/arena_info_static] /onlane_ai_agent_9 http://y:33019/
[rosmaster.master][INFO] 2026-04-25 19:13:45,634: +SUB [/ctrl/agent_0] /phy_simulator_planning_node http://y:45449/
[rosmaster.master][INFO] 2026-04-25 19:13:45,634: +SUB [/joy] /test_ssc_with_mpdm_0 http://y:45469/
[rosmaster.master][INFO] 2026-04-25 19:13:45,635: +SUB [/arena_info_static] /onlane_ai_agent_10 http://y:45129/
[rosmaster.master][INFO] 2026-04-25 19:13:45,636: +PUB [/vis/agent_7/forward_trajs] /onlane_ai_agent_7 http://y:35847/
[rosmaster.master][INFO] 2026-04-25 19:13:45,638: +SUB [/arena_info_static] /onlane_ai_agent_8 http://y:34323/
[rosmaster.master][INFO] 2026-04-25 19:13:45,639: +PUB [/vis/agent_0/forward_trajs] /test_ssc_with_mpdm_0 http://y:45469/
[rosmaster.master][INFO] 2026-04-25 19:13:45,640: +SUB [/joy] /onlane_ai_agent_5 http://y:41289/
[rosmaster.master][INFO] 2026-04-25 19:13:45,641: +SUB [/arena_info_dynamic] /onlane_ai_agent_10 http://y:45129/
[rosmaster.master][INFO] 2026-04-25 19:13:45,641: +SUB [/ctrl/agent_1001] /phy_simulator_planning_node http://y:45449/
[rosmaster.master][INFO] 2026-04-25 19:13:45,643: +SUB [/arena_info_dynamic] /onlane_ai_agent_9 http://y:33019/
[rosmaster.master][INFO] 2026-04-25 19:13:45,644: +SUB [/arena_info_static] /test_ssc_with_mpdm_0 http://y:45469/
[rosmaster.master][INFO] 2026-04-25 19:13:45,645: +PUB [/vis/agent_5/forward_trajs] /onlane_ai_agent_5 http://y:41289/
[rosmaster.master][INFO] 2026-04-25 19:13:45,646: +SUB [/arena_info_dynamic] /onlane_ai_agent_8 http://y:34323/
[rosmaster.master][INFO] 2026-04-25 19:13:45,646: +SUB [/joy] /onlane_ai_agent_10 http://y:45129/
[rosmaster.master][INFO] 2026-04-25 19:13:45,647: +SUB [/joy] /onlane_ai_agent_9 http://y:33019/
[rosmaster.master][INFO] 2026-04-25 19:13:45,647: +SUB [/ctrl/agent_1] /phy_simulator_planning_node http://y:45449/
[rosmaster.master][INFO] 2026-04-25 19:13:45,648: +SUB [/arena_info_dynamic] /test_ssc_with_mpdm_0 http://y:45469/
[rosmaster.master][INFO] 2026-04-25 19:13:45,648: +PUB [/vis/agent_9/forward_trajs] /onlane_ai_agent_9 http://y:33019/
[rosmaster.master][INFO] 2026-04-25 19:13:45,649: +PUB [/vis/agent_10/forward_trajs] /onlane_ai_agent_10 http://y:45129/
[rosmaster.master][INFO] 2026-04-25 19:13:45,649: +SUB [/joy] /onlane_ai_agent_8 http://y:34323/
[rosmaster.master][INFO] 2026-04-25 19:13:45,649: +SUB [/ctrl/agent_2] /phy_simulator_planning_node http://y:45449/
[rosmaster.master][INFO] 2026-04-25 19:13:45,650: +PUB [/vis/agent_8/forward_trajs] /onlane_ai_agent_8 http://y:34323/
[rosmaster.master][INFO] 2026-04-25 19:13:45,651: +SUB [/ctrl/agent_3] /phy_simulator_planning_node http://y:45449/
[rosmaster.master][INFO] 2026-04-25 19:13:45,651: +SUB [/ctrl/agent_4] /phy_simulator_planning_node http://y:45449/
[rosmaster.master][INFO] 2026-04-25 19:13:45,652: +SUB [/ctrl/agent_5] /phy_simulator_planning_node http://y:45449/
[rosmaster.master][INFO] 2026-04-25 19:13:45,653: +SUB [/ctrl/agent_6] /phy_simulator_planning_node http://y:45449/
[rosmaster.master][INFO] 2026-04-25 19:13:45,653: +SUB [/ctrl/agent_7] /phy_simulator_planning_node http://y:45449/
[rosmaster.master][INFO] 2026-04-25 19:13:45,654: +SUB [/ctrl/agent_8] /phy_simulator_planning_node http://y:45449/
[rosmaster.master][INFO] 2026-04-25 19:13:45,654: +SUB [/ctrl/agent_9] /phy_simulator_planning_node http://y:45449/
[rosmaster.master][INFO] 2026-04-25 19:13:45,655: +SUB [/ctrl/agent_10] /phy_simulator_planning_node http://y:45449/
[rosmaster.master][INFO] 2026-04-25 19:13:45,656: +SUB [/ctrl/agent_1000] /phy_simulator_planning_node http://y:45449/
[rosmaster.master][INFO] 2026-04-25 19:13:45,656: +SUB [/initialpose] /phy_simulator_planning_node http://y:45449/
[rosmaster.master][INFO] 2026-04-25 19:13:45,657: +SUB [/move_base_simple/goal] /phy_simulator_planning_node http://y:45449/
[rosmaster.master][INFO] 2026-04-25 19:13:53,038: +PUB [/rosout] /epsilon_metric_collector_1082082_1777115632925 http://y:33597/
[rosmaster.master][INFO] 2026-04-25 19:13:53,040: +SERVICE [/epsilon_metric_collector_1082082_1777115632925/get_loggers] /epsilon_metric_collector_1082082_1777115632925 http://y:33597/
[rosmaster.master][INFO] 2026-04-25 19:13:53,040: +SERVICE [/epsilon_metric_collector_1082082_1777115632925/set_logger_level] /epsilon_metric_collector_1082082_1777115632925 http://y:33597/
[rosmaster.master][INFO] 2026-04-25 19:13:53,041: +SUB [/arena_info_dynamic] /epsilon_metric_collector_1082082_1777115632925 http://y:33597/
[rosmaster.master][INFO] 2026-04-25 19:13:53,052: publisherUpdate[/rosout] -> http://y:40679/ ['http://y:34853/', 'http://y:39469/', 'http://y:45469/', 'http://y:38769/', 'http://y:33981/', 'http://y:41289/', 'http://y:34323/', 'http://y:39125/', 'http://y:35847/', 'http://y:33019/', 'http://y:45129/', 'http://y:45449/', 'http://y:33597/']
[rosmaster.master][INFO] 2026-04-25 19:13:53,053: publisherUpdate[/rosout] -> http://y:40679/ ['http://y:34853/', 'http://y:39469/', 'http://y:45469/', 'http://y:38769/', 'http://y:33981/', 'http://y:41289/', 'http://y:34323/', 'http://y:39125/', 'http://y:35847/', 'http://y:33019/', 'http://y:45129/', 'http://y:45449/', 'http://y:33597/']: sec=0.00, result=[1, '', 0]
[rosmaster.master][INFO] 2026-04-25 19:15:52,706: -SUB [/arena_info_dynamic] /epsilon_metric_collector_1082082_1777115632925 http://y:33597/
[rosmaster.master][INFO] 2026-04-25 19:15:52,706: -PUB [/rosout] /epsilon_metric_collector_1082082_1777115632925 http://y:33597/
[rosmaster.master][INFO] 2026-04-25 19:15:52,706: -SERVICE [/epsilon_metric_collector_1082082_1777115632925/get_loggers] /epsilon_metric_collector_1082082_1777115632925 rosrpc://y:36887
[rosmaster.master][INFO] 2026-04-25 19:15:52,706: -SERVICE [/epsilon_metric_collector_1082082_1777115632925/set_logger_level] /epsilon_metric_collector_1082082_1777115632925 rosrpc://y:36887
[rosmaster.master][INFO] 2026-04-25 19:15:52,716: publisherUpdate[/rosout] -> http://y:40679/ ['http://y:34853/', 'http://y:39469/', 'http://y:45469/', 'http://y:38769/', 'http://y:33981/', 'http://y:41289/', 'http://y:34323/', 'http://y:39125/', 'http://y:35847/', 'http://y:33019/', 'http://y:45129/', 'http://y:45449/']
[rosmaster.master][INFO] 2026-04-25 19:15:52,717: publisherUpdate[/rosout] -> http://y:40679/ ['http://y:34853/', 'http://y:39469/', 'http://y:45469/', 'http://y:38769/', 'http://y:33981/', 'http://y:41289/', 'http://y:34323/', 'http://y:39125/', 'http://y:35847/', 'http://y:33019/', 'http://y:45129/', 'http://y:45449/']: sec=0.00, result=[1, '', 0]
[rosmaster.master][INFO] 2026-04-25 19:15:53,751: +PUB [/rosout] /rostopic_1082205_1777115753639 http://y:37685/
[rosmaster.master][INFO] 2026-04-25 19:15:53,753: +SERVICE [/rostopic_1082205_1777115753639/get_loggers] /rostopic_1082205_1777115753639 http://y:37685/
[rosmaster.master][INFO] 2026-04-25 19:15:53,753: +SERVICE [/rostopic_1082205_1777115753639/set_logger_level] /rostopic_1082205_1777115753639 http://y:37685/
[rosmaster.master][INFO] 2026-04-25 19:15:53,761: +SUB [/arena_info_dynamic] /rostopic_1082205_1777115753639 http://y:37685/
[rosmaster.master][INFO] 2026-04-25 19:15:53,818: publisherUpdate[/rosout] -> http://y:40679/ ['http://y:34853/', 'http://y:39469/', 'http://y:45469/', 'http://y:38769/', 'http://y:33981/', 'http://y:41289/', 'http://y:34323/', 'http://y:39125/', 'http://y:35847/', 'http://y:33019/', 'http://y:45129/', 'http://y:45449/', 'http://y:37685/']
[rosmaster.master][INFO] 2026-04-25 19:15:53,819: publisherUpdate[/rosout] -> http://y:40679/ ['http://y:34853/', 'http://y:39469/', 'http://y:45469/', 'http://y:38769/', 'http://y:33981/', 'http://y:41289/', 'http://y:34323/', 'http://y:39125/', 'http://y:35847/', 'http://y:33019/', 'http://y:45129/', 'http://y:45449/', 'http://y:37685/']: sec=0.00, result=[1, '', 0]
[rosmaster.master][INFO] 2026-04-25 19:16:08,353: -SUB [/arena_info_dynamic] /rostopic_1082205_1777115753639 http://y:37685/
[rosmaster.master][INFO] 2026-04-25 19:16:08,353: -PUB [/rosout] /rostopic_1082205_1777115753639 http://y:37685/
[rosmaster.master][INFO] 2026-04-25 19:16:08,353: -SERVICE [/rostopic_1082205_1777115753639/get_loggers] /rostopic_1082205_1777115753639 rosrpc://y:33715
[rosmaster.master][INFO] 2026-04-25 19:16:08,353: -SERVICE [/rostopic_1082205_1777115753639/set_logger_level] /rostopic_1082205_1777115753639 rosrpc://y:33715
[rosmaster.master][INFO] 2026-04-25 19:16:08,369: publisherUpdate[/rosout] -> http://y:40679/ ['http://y:34853/', 'http://y:39469/', 'http://y:45469/', 'http://y:38769/', 'http://y:33981/', 'http://y:41289/', 'http://y:34323/', 'http://y:39125/', 'http://y:35847/', 'http://y:33019/', 'http://y:45129/', 'http://y:45449/']
[rosmaster.master][INFO] 2026-04-25 19:16:08,369: publisherUpdate[/rosout] -> http://y:40679/ ['http://y:34853/', 'http://y:39469/', 'http://y:45469/', 'http://y:38769/', 'http://y:33981/', 'http://y:41289/', 'http://y:34323/', 'http://y:39125/', 'http://y:35847/', 'http://y:33019/', 'http://y:45129/', 'http://y:45449/']: sec=0.00, result=[1, '', 0]
[rosmaster.master][INFO] 2026-04-25 19:16:09,125: -PUB [/rosout] /onlane_ai_agent_3 http://y:38769/
[rosmaster.master][INFO] 2026-04-25 19:16:09,126: -PUB [/ctrl/agent_3] /onlane_ai_agent_3 http://y:38769/
[rosmaster.master][INFO] 2026-04-25 19:16:09,126: -PUB [/tf] /onlane_ai_agent_3 http://y:38769/
[rosmaster.master][INFO] 2026-04-25 19:16:09,126: -PUB [/vis/agent_3/ego_vehicle_vis] /onlane_ai_agent_3 http://y:38769/
[rosmaster.master][INFO] 2026-04-25 19:16:09,127: -PUB [/vis/agent_3/obstacle_map] /onlane_ai_agent_3 http://y:38769/
[rosmaster.master][INFO] 2026-04-25 19:16:09,127: -PUB [/vis/agent_3/surrounding_lane_net_vis] /onlane_ai_agent_3 http://y:38769/
[rosmaster.master][INFO] 2026-04-25 19:16:09,127: -PUB [/vis/agent_3/local_lanes_vis] /onlane_ai_agent_3 http://y:38769/
[rosmaster.master][INFO] 2026-04-25 19:16:09,127: -PUB [/vis/agent_3/ego_behavior_vis] /onlane_ai_agent_3 http://y:38769/
[rosmaster.master][INFO] 2026-04-25 19:16:09,127: -PUB [/vis/agent_3/pred_traj_openloop_vis] /onlane_ai_agent_3 http://y:38769/
[rosmaster.master][INFO] 2026-04-25 19:16:09,128: -PUB [/vis/agent_3/pred_initial_intention_vis] /onlane_ai_agent_3 http://y:38769/
[rosmaster.master][INFO] 2026-04-25 19:16:09,128: -PUB [/vis/agent_3/surrounding_vehicle_vis] /onlane_ai_agent_3 http://y:38769/
[rosmaster.master][INFO] 2026-04-25 19:16:09,128: -PUB [/vis/agent_3/speed_limit] /onlane_ai_agent_3 http://y:38769/
[rosmaster.master][INFO] 2026-04-25 19:16:09,128: -PUB [/vis/agent_3/forward_trajs] /onlane_ai_agent_3 http://y:38769/
[rosmaster.master][INFO] 2026-04-25 19:16:09,128: -SUB [/arena_info_static] /onlane_ai_agent_3 http://y:38769/
[rosmaster.master][INFO] 2026-04-25 19:16:09,128: -SUB [/arena_info_dynamic] /onlane_ai_agent_3 http://y:38769/
[rosmaster.master][INFO] 2026-04-25 19:16:09,129: -SUB [/joy] /onlane_ai_agent_3 http://y:38769/
[rosmaster.master][INFO] 2026-04-25 19:16:09,129: -SERVICE [/onlane_ai_agent_3/get_loggers] /onlane_ai_agent_3 rosrpc://y:36943
[rosmaster.master][INFO] 2026-04-25 19:16:09,129: -SERVICE [/onlane_ai_agent_3/set_logger_level] /onlane_ai_agent_3 rosrpc://y:36943
[rosmaster.master][INFO] 2026-04-25 19:16:09,130: -PUB [/rosout] /onlane_ai_agent_9 http://y:33019/
[rosmaster.master][INFO] 2026-04-25 19:16:09,130: -PUB [/ctrl/agent_9] /onlane_ai_agent_9 http://y:33019/
[rosmaster.master][INFO] 2026-04-25 19:16:09,131: -PUB [/rosout] /onlane_ai_agent_5 http://y:41289/
[rosmaster.master][INFO] 2026-04-25 19:16:09,131: -PUB [/tf] /onlane_ai_agent_9 http://y:33019/
[rosmaster.master][INFO] 2026-04-25 19:16:09,132: -PUB [/ctrl/agent_5] /onlane_ai_agent_5 http://y:41289/
[rosmaster.master][INFO] 2026-04-25 19:16:09,132: -PUB [/vis/agent_9/ego_vehicle_vis] /onlane_ai_agent_9 http://y:33019/
[rosmaster.master][INFO] 2026-04-25 19:16:09,132: -PUB [/tf] /onlane_ai_agent_5 http://y:41289/
[rosmaster.master][INFO] 2026-04-25 19:16:09,133: -PUB [/vis/agent_9/obstacle_map] /onlane_ai_agent_9 http://y:33019/
[rosmaster.master][INFO] 2026-04-25 19:16:09,133: -PUB [/vis/agent_5/ego_vehicle_vis] /onlane_ai_agent_5 http://y:41289/
[rosmaster.master][INFO] 2026-04-25 19:16:09,133: -PUB [/vis/agent_9/surrounding_lane_net_vis] /onlane_ai_agent_9 http://y:33019/
[rosmaster.master][INFO] 2026-04-25 19:16:09,134: -PUB [/vis/agent_9/local_lanes_vis] /onlane_ai_agent_9 http://y:33019/
[rosmaster.master][INFO] 2026-04-25 19:16:09,134: -PUB [/vis/agent_5/obstacle_map] /onlane_ai_agent_5 http://y:41289/
[rosmaster.master][INFO] 2026-04-25 19:16:09,134: -PUB [/vis/agent_9/ego_behavior_vis] /onlane_ai_agent_9 http://y:33019/
[rosmaster.master][INFO] 2026-04-25 19:16:09,134: -PUB [/vis/agent_5/surrounding_lane_net_vis] /onlane_ai_agent_5 http://y:41289/
[rosmaster.master][INFO] 2026-04-25 19:16:09,135: -PUB [/vis/agent_9/pred_traj_openloop_vis] /onlane_ai_agent_9 http://y:33019/
[rosmaster.master][INFO] 2026-04-25 19:16:09,135: -PUB [/vis/agent_5/local_lanes_vis] /onlane_ai_agent_5 http://y:41289/
[rosmaster.master][INFO] 2026-04-25 19:16:09,135: -PUB [/rosout] /onlane_ai_agent_2 http://y:39469/
[rosmaster.master][INFO] 2026-04-25 19:16:09,136: -PUB [/vis/agent_9/pred_initial_intention_vis] /onlane_ai_agent_9 http://y:33019/
[rosmaster.master][INFO] 2026-04-25 19:16:09,136: -PUB [/rosout] /onlane_ai_agent_7 http://y:35847/
[rosmaster.master][INFO] 2026-04-25 19:16:09,137: -PUB [/vis/agent_5/ego_behavior_vis] /onlane_ai_agent_5 http://y:41289/
[rosmaster.master][INFO] 2026-04-25 19:16:09,137: -PUB [/ctrl/agent_2] /onlane_ai_agent_2 http://y:39469/
[rosmaster.master][INFO] 2026-04-25 19:16:09,137: -PUB [/vis/agent_9/surrounding_vehicle_vis] /onlane_ai_agent_9 http://y:33019/
[rosmaster.master][INFO] 2026-04-25 19:16:09,138: -PUB [/ctrl/agent_7] /onlane_ai_agent_7 http://y:35847/
[rosmaster.master][INFO] 2026-04-25 19:16:09,138: -PUB [/rosout] /onlane_ai_agent_6 http://y:39125/
[rosmaster.master][INFO] 2026-04-25 19:16:09,138: -PUB [/vis/agent_5/pred_traj_openloop_vis] /onlane_ai_agent_5 http://y:41289/
[rosmaster.master][INFO] 2026-04-25 19:16:09,139: -PUB [/tf] /onlane_ai_agent_2 http://y:39469/
[rosmaster.master][INFO] 2026-04-25 19:16:09,139: -PUB [/vis/agent_9/speed_limit] /onlane_ai_agent_9 http://y:33019/
[rosmaster.master][INFO] 2026-04-25 19:16:09,139: -PUB [/tf] /onlane_ai_agent_7 http://y:35847/
[rosmaster.master][INFO] 2026-04-25 19:16:09,139: -PUB [/ctrl/agent_6] /onlane_ai_agent_6 http://y:39125/
[rosmaster.master][INFO] 2026-04-25 19:16:09,140: -PUB [/vis/agent_5/pred_initial_intention_vis] /onlane_ai_agent_5 http://y:41289/
[rosmaster.master][INFO] 2026-04-25 19:16:09,140: -PUB [/vis/agent_2/ego_vehicle_vis] /onlane_ai_agent_2 http://y:39469/
[rosmaster.master][INFO] 2026-04-25 19:16:09,140: -PUB [/vis/agent_9/forward_trajs] /onlane_ai_agent_9 http://y:33019/
[rosmaster.master][INFO] 2026-04-25 19:16:09,140: -PUB [/vis/agent_7/ego_vehicle_vis] /onlane_ai_agent_7 http://y:35847/
[rosmaster.master][INFO] 2026-04-25 19:16:09,141: -PUB [/tf] /onlane_ai_agent_6 http://y:39125/
[rosmaster.master][INFO] 2026-04-25 19:16:09,141: -PUB [/vis/agent_5/surrounding_vehicle_vis] /onlane_ai_agent_5 http://y:41289/
[rosmaster.master][INFO] 2026-04-25 19:16:09,141: -PUB [/vis/agent_2/obstacle_map] /onlane_ai_agent_2 http://y:39469/
[rosmaster.master][INFO] 2026-04-25 19:16:09,141: -SUB [/arena_info_static] /onlane_ai_agent_9 http://y:33019/
[rosmaster.master][INFO] 2026-04-25 19:16:09,142: -PUB [/vis/agent_7/obstacle_map] /onlane_ai_agent_7 http://y:35847/
[rosmaster.master][INFO] 2026-04-25 19:16:09,142: -PUB [/vis/agent_6/ego_vehicle_vis] /onlane_ai_agent_6 http://y:39125/
[rosmaster.master][INFO] 2026-04-25 19:16:09,142: -PUB [/vis/agent_5/speed_limit] /onlane_ai_agent_5 http://y:41289/
[rosmaster.master][INFO] 2026-04-25 19:16:09,142: publisherUpdate[/rosout] -> http://y:40679/ ['http://y:34853/', 'http://y:39469/', 'http://y:45469/', 'http://y:33981/', 'http://y:41289/', 'http://y:34323/', 'http://y:39125/', 'http://y:35847/', 'http://y:33019/', 'http://y:45129/', 'http://y:45449/']
[rosmaster.master][INFO] 2026-04-25 19:16:09,142: -PUB [/vis/agent_2/surrounding_lane_net_vis] /onlane_ai_agent_2 http://y:39469/
[rosmaster.master][INFO] 2026-04-25 19:16:09,143: publisherUpdate[/ctrl/agent_3] -> http://y:45449/ []
[rosmaster.master][INFO] 2026-04-25 19:16:09,143: -SUB [/arena_info_dynamic] /onlane_ai_agent_9 http://y:33019/
[rosmaster.master][INFO] 2026-04-25 19:16:09,143: publisherUpdate[/rosout] -> http://y:40679/ ['http://y:34853/', 'http://y:39469/', 'http://y:45469/', 'http://y:33981/', 'http://y:41289/', 'http://y:34323/', 'http://y:39125/', 'http://y:35847/', 'http://y:33019/', 'http://y:45129/', 'http://y:45449/']: sec=0.00, result=[1, '', 0]
[rosmaster.master][INFO] 2026-04-25 19:16:09,144: publisherUpdate[/rosout] -> http://y:40679/ ['http://y:34853/', 'http://y:39469/', 'http://y:45469/', 'http://y:33981/', 'http://y:41289/', 'http://y:34323/', 'http://y:39125/', 'http://y:35847/', 'http://y:45129/', 'http://y:45449/']
[rosmaster.master][INFO] 2026-04-25 19:16:09,144: -PUB [/vis/agent_7/surrounding_lane_net_vis] /onlane_ai_agent_7 http://y:35847/
[rosmaster.master][INFO] 2026-04-25 19:16:09,144: publisherUpdate[/ctrl/agent_3] -> http://y:45449/ []: sec=0.00, result=[0, 'Unknown Error', 0]
[rosmaster.master][INFO] 2026-04-25 19:16:09,144: publisherUpdate[/rosout] -> http://y:40679/ ['http://y:34853/', 'http://y:39469/', 'http://y:45469/', 'http://y:33981/', 'http://y:41289/', 'http://y:34323/', 'http://y:39125/', 'http://y:35847/', 'http://y:45129/', 'http://y:45449/']: sec=0.00, result=[1, '', 0]
[rosmaster.master][INFO] 2026-04-25 19:16:09,144: publisherUpdate[/ctrl/agent_9] -> http://y:45449/ []
[rosmaster.master][INFO] 2026-04-25 19:16:09,144: -PUB [/vis/agent_6/obstacle_map] /onlane_ai_agent_6 http://y:39125/
[rosmaster.master][INFO] 2026-04-25 19:16:09,144: publisherUpdate[/rosout] -> http://y:40679/ ['http://y:34853/', 'http://y:39469/', 'http://y:45469/', 'http://y:33981/', 'http://y:34323/', 'http://y:39125/', 'http://y:35847/', 'http://y:45129/', 'http://y:45449/']
[rosmaster.master][INFO] 2026-04-25 19:16:09,145: publisherUpdate[/ctrl/agent_9] -> http://y:45449/ []: sec=0.00, result=[0, 'Unknown Error', 0]
[rosmaster.master][INFO] 2026-04-25 19:16:09,145: -PUB [/vis/agent_5/forward_trajs] /onlane_ai_agent_5 http://y:41289/
[rosmaster.master][INFO] 2026-04-25 19:16:09,145: publisherUpdate[/ctrl/agent_5] -> http://y:45449/ []
[rosmaster.master][INFO] 2026-04-25 19:16:09,145: -PUB [/vis/agent_2/local_lanes_vis] /onlane_ai_agent_2 http://y:39469/
[rosmaster.master][INFO] 2026-04-25 19:16:09,145: publisherUpdate[/ctrl/agent_5] -> http://y:45449/ []: sec=0.00, result=[0, 'Unknown Error', 0]
[rosmaster.master][INFO] 2026-04-25 19:16:09,146: publisherUpdate[/rosout] -> http://y:40679/ ['http://y:34853/', 'http://y:39469/', 'http://y:45469/', 'http://y:33981/', 'http://y:34323/', 'http://y:39125/', 'http://y:35847/', 'http://y:45129/', 'http://y:45449/']: sec=0.00, result=[1, '', 0]
[rosmaster.master][INFO] 2026-04-25 19:16:09,146: -SUB [/joy] /onlane_ai_agent_9 http://y:33019/
[rosmaster.master][INFO] 2026-04-25 19:16:09,146: publisherUpdate[/ctrl/agent_2] -> http://y:45449/ []
[rosmaster.master][INFO] 2026-04-25 19:16:09,146: publisherUpdate[/rosout] -> http://y:40679/ ['http://y:34853/', 'http://y:45469/', 'http://y:33981/', 'http://y:34323/', 'http://y:39125/', 'http://y:35847/', 'http://y:45129/', 'http://y:45449/']
[rosmaster.master][INFO] 2026-04-25 19:16:09,146: -PUB [/vis/agent_7/local_lanes_vis] /onlane_ai_agent_7 http://y:35847/
[rosmaster.master][INFO] 2026-04-25 19:16:09,147: publisherUpdate[/ctrl/agent_2] -> http://y:45449/ []: sec=0.00, result=[0, 'Unknown Error', 0]
[rosmaster.master][INFO] 2026-04-25 19:16:09,147: publisherUpdate[/rosout] -> http://y:40679/ ['http://y:34853/', 'http://y:45469/', 'http://y:33981/', 'http://y:34323/', 'http://y:39125/', 'http://y:35847/', 'http://y:45129/', 'http://y:45449/']: sec=0.00, result=[1, '', 0]
[rosmaster.master][INFO] 2026-04-25 19:16:09,147: -PUB [/vis/agent_6/surrounding_lane_net_vis] /onlane_ai_agent_6 http://y:39125/
[rosmaster.master][INFO] 2026-04-25 19:16:09,147: publisherUpdate[/ctrl/agent_7] -> http://y:45449/ []
[rosmaster.master][INFO] 2026-04-25 19:16:09,147: publisherUpdate[/rosout] -> http://y:40679/ ['http://y:34853/', 'http://y:45469/', 'http://y:33981/', 'http://y:34323/', 'http://y:39125/', 'http://y:45129/', 'http://y:45449/']
[rosmaster.master][INFO] 2026-04-25 19:16:09,147: -SUB [/arena_info_static] /onlane_ai_agent_5 http://y:41289/
[rosmaster.master][INFO] 2026-04-25 19:16:09,148: publisherUpdate[/ctrl/agent_7] -> http://y:45449/ []: sec=0.00, result=[0, 'Unknown Error', 0]
[rosmaster.master][INFO] 2026-04-25 19:16:09,148: publisherUpdate[/rosout] -> http://y:40679/ ['http://y:34853/', 'http://y:45469/', 'http://y:33981/', 'http://y:34323/', 'http://y:39125/', 'http://y:45129/', 'http://y:45449/']: sec=0.00, result=[1, '', 0]
[rosmaster.master][INFO] 2026-04-25 19:16:09,148: -PUB [/vis/agent_2/ego_behavior_vis] /onlane_ai_agent_2 http://y:39469/
[rosmaster.master][INFO] 2026-04-25 19:16:09,148: publisherUpdate[/ctrl/agent_6] -> http://y:45449/ []
[rosmaster.master][INFO] 2026-04-25 19:16:09,148: publisherUpdate[/rosout] -> http://y:40679/ ['http://y:34853/', 'http://y:45469/', 'http://y:33981/', 'http://y:34323/', 'http://y:45129/', 'http://y:45449/']
[rosmaster.master][INFO] 2026-04-25 19:16:09,149: -SERVICE [/onlane_ai_agent_9/get_loggers] /onlane_ai_agent_9 rosrpc://y:40851
[rosmaster.master][INFO] 2026-04-25 19:16:09,149: publisherUpdate[/ctrl/agent_6] -> http://y:45449/ []: sec=0.00, result=[0, 'Unknown Error', 0]
[rosmaster.master][INFO] 2026-04-25 19:16:09,149: publisherUpdate[/rosout] -> http://y:40679/ ['http://y:34853/', 'http://y:45469/', 'http://y:33981/', 'http://y:34323/', 'http://y:45129/', 'http://y:45449/']: sec=0.00, result=[1, '', 0]
[rosmaster.master][INFO] 2026-04-25 19:16:09,149: -PUB [/vis/agent_7/ego_behavior_vis] /onlane_ai_agent_7 http://y:35847/
[rosmaster.master][INFO] 2026-04-25 19:16:09,150: -PUB [/rosout] /onlane_ai_agent_10 http://y:45129/
[rosmaster.master][INFO] 2026-04-25 19:16:09,150: -PUB [/vis/agent_6/local_lanes_vis] /onlane_ai_agent_6 http://y:39125/
[rosmaster.master][INFO] 2026-04-25 19:16:09,150: -SUB [/arena_info_dynamic] /onlane_ai_agent_5 http://y:41289/
[rosmaster.master][INFO] 2026-04-25 19:16:09,150: -PUB [/vis/agent_2/pred_traj_openloop_vis] /onlane_ai_agent_2 http://y:39469/
[rosmaster.master][INFO] 2026-04-25 19:16:09,150: -SERVICE [/onlane_ai_agent_9/set_logger_level] /onlane_ai_agent_9 rosrpc://y:40851
[rosmaster.master][INFO] 2026-04-25 19:16:09,151: -PUB [/vis/agent_7/pred_traj_openloop_vis] /onlane_ai_agent_7 http://y:35847/
[rosmaster.master][INFO] 2026-04-25 19:16:09,151: -PUB [/ctrl/agent_10] /onlane_ai_agent_10 http://y:45129/
[rosmaster.master][INFO] 2026-04-25 19:16:09,151: -PUB [/vis/agent_6/ego_behavior_vis] /onlane_ai_agent_6 http://y:39125/
[rosmaster.master][INFO] 2026-04-25 19:16:09,151: -SUB [/joy] /onlane_ai_agent_5 http://y:41289/
[rosmaster.master][INFO] 2026-04-25 19:16:09,151: -PUB [/vis/agent_2/pred_initial_intention_vis] /onlane_ai_agent_2 http://y:39469/
[rosmaster.master][INFO] 2026-04-25 19:16:09,151: -PUB [/vis/agent_7/pred_initial_intention_vis] /onlane_ai_agent_7 http://y:35847/
[rosmaster.master][INFO] 2026-04-25 19:16:09,152: -PUB [/tf] /onlane_ai_agent_10 http://y:45129/
[rosmaster.master][INFO] 2026-04-25 19:16:09,152: -PUB [/vis/agent_6/pred_traj_openloop_vis] /onlane_ai_agent_6 http://y:39125/
[rosmaster.master][INFO] 2026-04-25 19:16:09,152: -SERVICE [/onlane_ai_agent_5/get_loggers] /onlane_ai_agent_5 rosrpc://y:50437
[rosmaster.master][INFO] 2026-04-25 19:16:09,152: -PUB [/vis/agent_2/surrounding_vehicle_vis] /onlane_ai_agent_2 http://y:39469/
[rosmaster.master][INFO] 2026-04-25 19:16:09,152: -PUB [/vis/agent_7/surrounding_vehicle_vis] /onlane_ai_agent_7 http://y:35847/
[rosmaster.master][INFO] 2026-04-25 19:16:09,153: -PUB [/vis/agent_6/pred_initial_intention_vis] /onlane_ai_agent_6 http://y:39125/
[rosmaster.master][INFO] 2026-04-25 19:16:09,153: -PUB [/vis/agent_10/ego_vehicle_vis] /onlane_ai_agent_10 http://y:45129/
[rosmaster.master][INFO] 2026-04-25 19:16:09,153: -SERVICE [/onlane_ai_agent_5/set_logger_level] /onlane_ai_agent_5 rosrpc://y:50437
[rosmaster.master][INFO] 2026-04-25 19:16:09,153: -PUB [/vis/agent_2/speed_limit] /onlane_ai_agent_2 http://y:39469/
[rosmaster.master][INFO] 2026-04-25 19:16:09,153: -PUB [/vis/agent_7/speed_limit] /onlane_ai_agent_7 http://y:35847/
[rosmaster.master][INFO] 2026-04-25 19:16:09,153: -PUB [/vis/agent_6/surrounding_vehicle_vis] /onlane_ai_agent_6 http://y:39125/
[rosmaster.master][INFO] 2026-04-25 19:16:09,153: -PUB [/vis/agent_10/obstacle_map] /onlane_ai_agent_10 http://y:45129/
[rosmaster.master][INFO] 2026-04-25 19:16:09,154: -PUB [/vis/agent_2/forward_trajs] /onlane_ai_agent_2 http://y:39469/
[rosmaster.master][INFO] 2026-04-25 19:16:09,154: -PUB [/vis/agent_7/forward_trajs] /onlane_ai_agent_7 http://y:35847/
[rosmaster.master][INFO] 2026-04-25 19:16:09,154: -PUB [/vis/agent_6/speed_limit] /onlane_ai_agent_6 http://y:39125/
[rosmaster.master][INFO] 2026-04-25 19:16:09,154: -PUB [/vis/agent_10/surrounding_lane_net_vis] /onlane_ai_agent_10 http://y:45129/
[rosmaster.master][INFO] 2026-04-25 19:16:09,154: -SUB [/arena_info_static] /onlane_ai_agent_2 http://y:39469/
[rosmaster.master][INFO] 2026-04-25 19:16:09,155: -PUB [/vis/agent_6/forward_trajs] /onlane_ai_agent_6 http://y:39125/
[rosmaster.master][INFO] 2026-04-25 19:16:09,155: -SUB [/arena_info_static] /onlane_ai_agent_7 http://y:35847/
[rosmaster.master][INFO] 2026-04-25 19:16:09,155: -PUB [/vis/agent_10/local_lanes_vis] /onlane_ai_agent_10 http://y:45129/
[rosmaster.master][INFO] 2026-04-25 19:16:09,155: -SUB [/arena_info_dynamic] /onlane_ai_agent_2 http://y:39469/
[rosmaster.master][INFO] 2026-04-25 19:16:09,155: -SUB [/arena_info_static] /onlane_ai_agent_6 http://y:39125/
[rosmaster.master][INFO] 2026-04-25 19:16:09,156: -SUB [/arena_info_dynamic] /onlane_ai_agent_7 http://y:35847/
[rosmaster.master][INFO] 2026-04-25 19:16:09,156: -PUB [/vis/agent_10/ego_behavior_vis] /onlane_ai_agent_10 http://y:45129/
[rosmaster.master][INFO] 2026-04-25 19:16:09,156: -SUB [/joy] /onlane_ai_agent_2 http://y:39469/
[rosmaster.master][INFO] 2026-04-25 19:16:09,156: -SUB [/arena_info_dynamic] /onlane_ai_agent_6 http://y:39125/
[rosmaster.master][INFO] 2026-04-25 19:16:09,156: -PUB [/vis/agent_10/pred_traj_openloop_vis] /onlane_ai_agent_10 http://y:45129/
[rosmaster.master][INFO] 2026-04-25 19:16:09,157: -SUB [/joy] /onlane_ai_agent_7 http://y:35847/
[rosmaster.master][INFO] 2026-04-25 19:16:09,157: -SERVICE [/onlane_ai_agent_2/get_loggers] /onlane_ai_agent_2 rosrpc://y:37767
[rosmaster.master][INFO] 2026-04-25 19:16:09,157: -SUB [/joy] /onlane_ai_agent_6 http://y:39125/
[rosmaster.master][INFO] 2026-04-25 19:16:09,157: -PUB [/vis/agent_10/pred_initial_intention_vis] /onlane_ai_agent_10 http://y:45129/
[rosmaster.master][INFO] 2026-04-25 19:16:09,157: -SERVICE [/onlane_ai_agent_7/get_loggers] /onlane_ai_agent_7 rosrpc://y:54773
[rosmaster.master][INFO] 2026-04-25 19:16:09,158: -SERVICE [/onlane_ai_agent_2/set_logger_level] /onlane_ai_agent_2 rosrpc://y:37767
[rosmaster.master][INFO] 2026-04-25 19:16:09,158: -SERVICE [/onlane_ai_agent_6/get_loggers] /onlane_ai_agent_6 rosrpc://y:53795
[rosmaster.master][INFO] 2026-04-25 19:16:09,158: -PUB [/vis/agent_10/surrounding_vehicle_vis] /onlane_ai_agent_10 http://y:45129/
[rosmaster.master][INFO] 2026-04-25 19:16:09,158: -SERVICE [/onlane_ai_agent_7/set_logger_level] /onlane_ai_agent_7 rosrpc://y:54773
[rosmaster.master][INFO] 2026-04-25 19:16:09,158: -SERVICE [/onlane_ai_agent_6/set_logger_level] /onlane_ai_agent_6 rosrpc://y:53795
[rosmaster.master][INFO] 2026-04-25 19:16:09,158: -PUB [/vis/agent_10/speed_limit] /onlane_ai_agent_10 http://y:45129/
[rosmaster.master][INFO] 2026-04-25 19:16:09,158: -PUB [/vis/agent_10/forward_trajs] /onlane_ai_agent_10 http://y:45129/
[rosmaster.master][INFO] 2026-04-25 19:16:09,158: -SUB [/arena_info_static] /onlane_ai_agent_10 http://y:45129/
[rosmaster.master][INFO] 2026-04-25 19:16:09,159: -SUB [/arena_info_dynamic] /onlane_ai_agent_10 http://y:45129/
[rosmaster.master][INFO] 2026-04-25 19:16:09,159: -SUB [/joy] /onlane_ai_agent_10 http://y:45129/
[rosmaster.master][INFO] 2026-04-25 19:16:09,159: -SERVICE [/onlane_ai_agent_10/get_loggers] /onlane_ai_agent_10 rosrpc://y:48491
[rosmaster.master][INFO] 2026-04-25 19:16:09,159: -SERVICE [/onlane_ai_agent_10/set_logger_level] /onlane_ai_agent_10 rosrpc://y:48491
[rosmaster.master][INFO] 2026-04-25 19:16:09,171: publisherUpdate[/rosout] -> http://y:40679/ ['http://y:34853/', 'http://y:45469/', 'http://y:33981/', 'http://y:34323/', 'http://y:45449/']
[rosmaster.master][INFO] 2026-04-25 19:16:09,171: publisherUpdate[/rosout] -> http://y:40679/ ['http://y:34853/', 'http://y:45469/', 'http://y:33981/', 'http://y:34323/', 'http://y:45449/']: sec=0.00, result=[1, '', 0]
[rosmaster.master][INFO] 2026-04-25 19:16:09,171: publisherUpdate[/ctrl/agent_10] -> http://y:45449/ []
[rosmaster.master][INFO] 2026-04-25 19:16:09,172: publisherUpdate[/ctrl/agent_10] -> http://y:45449/ []: sec=0.00, result=[0, 'Unknown Error', 0]
[rosmaster.master][INFO] 2026-04-25 19:16:09,228: -PUB [/rosout] /onlane_ai_agent_8 http://y:34323/
[rosmaster.master][INFO] 2026-04-25 19:16:09,229: -PUB [/ctrl/agent_8] /onlane_ai_agent_8 http://y:34323/
[rosmaster.master][INFO] 2026-04-25 19:16:09,229: -PUB [/tf] /onlane_ai_agent_8 http://y:34323/
[rosmaster.master][INFO] 2026-04-25 19:16:09,230: -PUB [/vis/agent_8/ego_vehicle_vis] /onlane_ai_agent_8 http://y:34323/
[rosmaster.master][INFO] 2026-04-25 19:16:09,230: -PUB [/vis/agent_8/obstacle_map] /onlane_ai_agent_8 http://y:34323/
[rosmaster.master][INFO] 2026-04-25 19:16:09,230: -PUB [/vis/agent_8/surrounding_lane_net_vis] /onlane_ai_agent_8 http://y:34323/
[rosmaster.master][INFO] 2026-04-25 19:16:09,231: -PUB [/vis/agent_8/local_lanes_vis] /onlane_ai_agent_8 http://y:34323/
[rosmaster.master][INFO] 2026-04-25 19:16:09,231: -PUB [/rosout] /onlane_ai_agent_4 http://y:33981/
[rosmaster.master][INFO] 2026-04-25 19:16:09,231: -PUB [/vis/agent_8/ego_behavior_vis] /onlane_ai_agent_8 http://y:34323/
[rosmaster.master][INFO] 2026-04-25 19:16:09,231: -PUB [/ctrl/agent_4] /onlane_ai_agent_4 http://y:33981/
[rosmaster.master][INFO] 2026-04-25 19:16:09,231: -PUB [/vis/agent_8/pred_traj_openloop_vis] /onlane_ai_agent_8 http://y:34323/
[rosmaster.master][INFO] 2026-04-25 19:16:09,231: -PUB [/tf] /onlane_ai_agent_4 http://y:33981/
[rosmaster.master][INFO] 2026-04-25 19:16:09,232: -PUB [/vis/agent_8/pred_initial_intention_vis] /onlane_ai_agent_8 http://y:34323/
[rosmaster.master][INFO] 2026-04-25 19:16:09,232: -PUB [/vis/agent_4/ego_vehicle_vis] /onlane_ai_agent_4 http://y:33981/
[rosmaster.master][INFO] 2026-04-25 19:16:09,232: -PUB [/vis/agent_8/surrounding_vehicle_vis] /onlane_ai_agent_8 http://y:34323/
[rosmaster.master][INFO] 2026-04-25 19:16:09,232: -PUB [/vis/agent_4/obstacle_map] /onlane_ai_agent_4 http://y:33981/
[rosmaster.master][INFO] 2026-04-25 19:16:09,232: -PUB [/vis/agent_8/speed_limit] /onlane_ai_agent_8 http://y:34323/
[rosmaster.master][INFO] 2026-04-25 19:16:09,232: -PUB [/vis/agent_4/surrounding_lane_net_vis] /onlane_ai_agent_4 http://y:33981/
[rosmaster.master][INFO] 2026-04-25 19:16:09,232: -PUB [/vis/agent_8/forward_trajs] /onlane_ai_agent_8 http://y:34323/
[rosmaster.master][INFO] 2026-04-25 19:16:09,233: -PUB [/vis/agent_4/local_lanes_vis] /onlane_ai_agent_4 http://y:33981/
[rosmaster.master][INFO] 2026-04-25 19:16:09,233: -SUB [/arena_info_static] /onlane_ai_agent_8 http://y:34323/
[rosmaster.master][INFO] 2026-04-25 19:16:09,233: -PUB [/vis/agent_4/ego_behavior_vis] /onlane_ai_agent_4 http://y:33981/
[rosmaster.master][INFO] 2026-04-25 19:16:09,233: -SUB [/arena_info_dynamic] /onlane_ai_agent_8 http://y:34323/
[rosmaster.master][INFO] 2026-04-25 19:16:09,233: -PUB [/vis/agent_4/pred_traj_openloop_vis] /onlane_ai_agent_4 http://y:33981/
[rosmaster.master][INFO] 2026-04-25 19:16:09,233: -SUB [/joy] /onlane_ai_agent_8 http://y:34323/
[rosmaster.master][INFO] 2026-04-25 19:16:09,233: -PUB [/vis/agent_4/pred_initial_intention_vis] /onlane_ai_agent_4 http://y:33981/
[rosmaster.master][INFO] 2026-04-25 19:16:09,233: -SERVICE [/onlane_ai_agent_8/get_loggers] /onlane_ai_agent_8 rosrpc://y:57351
[rosmaster.master][INFO] 2026-04-25 19:16:09,234: -PUB [/vis/agent_4/surrounding_vehicle_vis] /onlane_ai_agent_4 http://y:33981/
[rosmaster.master][INFO] 2026-04-25 19:16:09,234: -SERVICE [/onlane_ai_agent_8/set_logger_level] /onlane_ai_agent_8 rosrpc://y:57351
[rosmaster.master][INFO] 2026-04-25 19:16:09,234: -PUB [/vis/agent_4/speed_limit] /onlane_ai_agent_4 http://y:33981/
[rosmaster.master][INFO] 2026-04-25 19:16:09,234: -PUB [/vis/agent_4/forward_trajs] /onlane_ai_agent_4 http://y:33981/
[rosmaster.master][INFO] 2026-04-25 19:16:09,234: -SUB [/arena_info_static] /onlane_ai_agent_4 http://y:33981/
[rosmaster.master][INFO] 2026-04-25 19:16:09,234: -SUB [/arena_info_dynamic] /onlane_ai_agent_4 http://y:33981/
[rosmaster.master][INFO] 2026-04-25 19:16:09,234: -SUB [/joy] /onlane_ai_agent_4 http://y:33981/
[rosmaster.master][INFO] 2026-04-25 19:16:09,235: -SERVICE [/onlane_ai_agent_4/get_loggers] /onlane_ai_agent_4 rosrpc://y:55443
[rosmaster.master][INFO] 2026-04-25 19:16:09,235: -SERVICE [/onlane_ai_agent_4/set_logger_level] /onlane_ai_agent_4 rosrpc://y:55443
[rosmaster.master][INFO] 2026-04-25 19:16:09,249: publisherUpdate[/rosout] -> http://y:40679/ ['http://y:34853/', 'http://y:45469/', 'http://y:33981/', 'http://y:45449/']
[rosmaster.master][INFO] 2026-04-25 19:16:09,250: publisherUpdate[/ctrl/agent_8] -> http://y:45449/ []
[rosmaster.master][INFO] 2026-04-25 19:16:09,250: publisherUpdate[/rosout] -> http://y:40679/ ['http://y:34853/', 'http://y:45469/', 'http://y:33981/', 'http://y:45449/']: sec=0.00, result=[1, '', 0]
[rosmaster.master][INFO] 2026-04-25 19:16:09,250: publisherUpdate[/rosout] -> http://y:40679/ ['http://y:34853/', 'http://y:45469/', 'http://y:45449/']
[rosmaster.master][INFO] 2026-04-25 19:16:09,250: publisherUpdate[/rosout] -> http://y:40679/ ['http://y:34853/', 'http://y:45469/', 'http://y:45449/']: sec=0.00, result=[1, '', 0]
[rosmaster.master][INFO] 2026-04-25 19:16:09,251: -PUB [/rosout] /phy_simulator_planning_node http://y:45449/
[rosmaster.master][INFO] 2026-04-25 19:16:09,251: -PUB [/arena_info_static] /phy_simulator_planning_node http://y:45449/
[rosmaster.master][INFO] 2026-04-25 19:16:09,251: -PUB [/arena_info_dynamic] /phy_simulator_planning_node http://y:45449/
[rosmaster.master][INFO] 2026-04-25 19:16:09,252: -PUB [/phy_simulator_planning_node/vis/vehicle_set_vis] /phy_simulator_planning_node http://y:45449/
[rosmaster.master][INFO] 2026-04-25 19:16:09,252: -PUB [/phy_simulator_planning_node/vis/lane_net_vis] /phy_simulator_planning_node http://y:45449/
[rosmaster.master][INFO] 2026-04-25 19:16:09,253: -PUB [/phy_simulator_planning_node/vis/obstacle_set_vis] /phy_simulator_planning_node http://y:45449/
[rosmaster.master][INFO] 2026-04-25 19:16:09,253: -SUB [/ctrl/agent_1002] /phy_simulator_planning_node http://y:45449/
[rosmaster.master][INFO] 2026-04-25 19:16:09,253: -SUB [/ctrl/agent_0] /phy_simulator_planning_node http://y:45449/
[rosmaster.master][INFO] 2026-04-25 19:16:09,253: -SUB [/ctrl/agent_1001] /phy_simulator_planning_node http://y:45449/
[rosmaster.master][INFO] 2026-04-25 19:16:09,253: -SUB [/ctrl/agent_1] /phy_simulator_planning_node http://y:45449/
[rosmaster.master][INFO] 2026-04-25 19:16:09,254: -SUB [/ctrl/agent_2] /phy_simulator_planning_node http://y:45449/
[rosmaster.master][INFO] 2026-04-25 19:16:09,254: -SUB [/ctrl/agent_3] /phy_simulator_planning_node http://y:45449/
[rosmaster.master][INFO] 2026-04-25 19:16:09,254: -SUB [/ctrl/agent_4] /phy_simulator_planning_node http://y:45449/
[rosmaster.master][INFO] 2026-04-25 19:16:09,254: -SUB [/ctrl/agent_5] /phy_simulator_planning_node http://y:45449/
[rosmaster.master][INFO] 2026-04-25 19:16:09,254: -SUB [/ctrl/agent_6] /phy_simulator_planning_node http://y:45449/
[rosmaster.master][INFO] 2026-04-25 19:16:09,254: -SUB [/ctrl/agent_7] /phy_simulator_planning_node http://y:45449/
[rosmaster.master][INFO] 2026-04-25 19:16:09,255: -SUB [/ctrl/agent_8] /phy_simulator_planning_node http://y:45449/
[rosmaster.master][INFO] 2026-04-25 19:16:09,255: -SUB [/ctrl/agent_9] /phy_simulator_planning_node http://y:45449/
[rosmaster.master][INFO] 2026-04-25 19:16:09,255: -SUB [/ctrl/agent_10] /phy_simulator_planning_node http://y:45449/
[rosmaster.master][INFO] 2026-04-25 19:16:09,255: -SUB [/ctrl/agent_1000] /phy_simulator_planning_node http://y:45449/
[rosmaster.master][INFO] 2026-04-25 19:16:09,255: -SUB [/initialpose] /phy_simulator_planning_node http://y:45449/
[rosmaster.master][INFO] 2026-04-25 19:16:09,255: -SUB [/move_base_simple/goal] /phy_simulator_planning_node http://y:45449/
[rosmaster.master][INFO] 2026-04-25 19:16:09,255: -SERVICE [/phy_simulator_planning_node/get_loggers] /phy_simulator_planning_node rosrpc://y:38157
[rosmaster.master][INFO] 2026-04-25 19:16:09,256: -SERVICE [/phy_simulator_planning_node/set_logger_level] /phy_simulator_planning_node rosrpc://y:38157
[rosmaster.master][INFO] 2026-04-25 19:16:09,262: publisherUpdate[/ctrl/agent_8] -> http://y:45449/ []: sec=0.01, exception=[Errno 111] Connection refused
[rosmaster.threadpool][ERROR] 2026-04-25 19:16:09,263: Traceback (most recent call last):
  File "/opt/ros/noetic/lib/python3/dist-packages/rosmaster/threadpool.py", line 218, in run
    result = cmd(*args)
  File "/opt/ros/noetic/lib/python3/dist-packages/rosmaster/master_api.py", line 210, in publisher_update_task
    ret = xmlrpcapi(api).publisherUpdate('/master', topic, pub_uris)
  File "/usr/lib/python3.8/xmlrpc/client.py", line 1109, in __call__
    return self.__send(self.__name, args)
  File "/usr/lib/python3.8/xmlrpc/client.py", line 1450, in __request
    response = self.__transport.request(
  File "/usr/lib/python3.8/xmlrpc/client.py", line 1153, in request
    return self.single_request(host, handler, request_body, verbose)
  File "/usr/lib/python3.8/xmlrpc/client.py", line 1165, in single_request
    http_conn = self.send_request(host, handler, request_body, verbose)
  File "/usr/lib/python3.8/xmlrpc/client.py", line 1278, in send_request
    self.send_content(connection, request_body)
  File "/usr/lib/python3.8/xmlrpc/client.py", line 1308, in send_content
    connection.endheaders(request_body)
  File "/usr/lib/python3.8/http/client.py", line 1251, in endheaders
    self._send_output(message_body, encode_chunked=encode_chunked)
  File "/usr/lib/python3.8/http/client.py", line 1011, in _send_output
    self.send(msg)
  File "/usr/lib/python3.8/http/client.py", line 951, in send
    self.connect()
  File "/usr/lib/python3.8/http/client.py", line 922, in connect
    self.sock = self._create_connection(
  File "/usr/lib/python3.8/socket.py", line 808, in create_connection
    raise err
  File "/usr/lib/python3.8/socket.py", line 796, in create_connection
    sock.connect(sa)
ConnectionRefusedError: [Errno 111] Connection refused

[rosmaster.master][INFO] 2026-04-25 19:16:09,263: publisherUpdate[/ctrl/agent_4] -> http://y:45449/ []
[rosmaster.master][INFO] 2026-04-25 19:16:09,263: publisherUpdate[/ctrl/agent_4] -> http://y:45449/ []: sec=0.00, exception=[Errno 111] Connection refused
[rosmaster.threadpool][ERROR] 2026-04-25 19:16:09,263: Traceback (most recent call last):
  File "/opt/ros/noetic/lib/python3/dist-packages/rosmaster/threadpool.py", line 218, in run
    result = cmd(*args)
  File "/opt/ros/noetic/lib/python3/dist-packages/rosmaster/master_api.py", line 210, in publisher_update_task
    ret = xmlrpcapi(api).publisherUpdate('/master', topic, pub_uris)
  File "/usr/lib/python3.8/xmlrpc/client.py", line 1109, in __call__
    return self.__send(self.__name, args)
  File "/usr/lib/python3.8/xmlrpc/client.py", line 1450, in __request
    response = self.__transport.request(
  File "/usr/lib/python3.8/xmlrpc/client.py", line 1153, in request
    return self.single_request(host, handler, request_body, verbose)
  File "/usr/lib/python3.8/xmlrpc/client.py", line 1165, in single_request
    http_conn = self.send_request(host, handler, request_body, verbose)
  File "/usr/lib/python3.8/xmlrpc/client.py", line 1278, in send_request
    self.send_content(connection, request_body)
  File "/usr/lib/python3.8/xmlrpc/client.py", line 1308, in send_content
    connection.endheaders(request_body)
  File "/usr/lib/python3.8/http/client.py", line 1251, in endheaders
    self._send_output(message_body, encode_chunked=encode_chunked)
  File "/usr/lib/python3.8/http/client.py", line 1011, in _send_output
    self.send(msg)
  File "/usr/lib/python3.8/http/client.py", line 951, in send
    self.connect()
  File "/usr/lib/python3.8/http/client.py", line 922, in connect
    self.sock = self._create_connection(
  File "/usr/lib/python3.8/socket.py", line 808, in create_connection
    raise err
  File "/usr/lib/python3.8/socket.py", line 796, in create_connection
    sock.connect(sa)
ConnectionRefusedError: [Errno 111] Connection refused

[rosmaster.master][INFO] 2026-04-25 19:16:09,263: publisherUpdate[/rosout] -> http://y:40679/ ['http://y:34853/', 'http://y:45469/']
[rosmaster.master][INFO] 2026-04-25 19:16:09,264: publisherUpdate[/rosout] -> http://y:40679/ ['http://y:34853/', 'http://y:45469/']: sec=0.00, result=[1, '', 0]
[rosmaster.master][INFO] 2026-04-25 19:16:09,264: publisherUpdate[/arena_info_static] -> http://y:34853/ []
[rosmaster.master][INFO] 2026-04-25 19:16:09,264: publisherUpdate[/arena_info_static] -> http://y:34853/ []: sec=0.00, result=[1, '', 0]
[rosmaster.master][INFO] 2026-04-25 19:16:09,264: publisherUpdate[/arena_info_static] -> http://y:45469/ []
[rosmaster.master][INFO] 2026-04-25 19:16:09,265: publisherUpdate[/arena_info_static] -> http://y:45469/ []: sec=0.00, result=[1, '', 0]
[rosmaster.master][INFO] 2026-04-25 19:16:09,265: publisherUpdate[/arena_info_dynamic] -> http://y:34853/ []
[rosmaster.master][INFO] 2026-04-25 19:16:09,265: publisherUpdate[/arena_info_dynamic] -> http://y:34853/ []: sec=0.00, result=[1, '', 0]
[rosmaster.master][INFO] 2026-04-25 19:16:09,266: publisherUpdate[/arena_info_dynamic] -> http://y:45469/ []
[rosmaster.master][INFO] 2026-04-25 19:16:09,266: publisherUpdate[/arena_info_dynamic] -> http://y:45469/ []: sec=0.00, result=[1, '', 0]
[rosmaster.master][INFO] 2026-04-25 19:16:09,366: -PUB [/rosout] /onlane_ai_agent_1 http://y:34853/
[rosmaster.master][INFO] 2026-04-25 19:16:09,366: publisherUpdate[/rosout] -> http://y:40679/ ['http://y:45469/']
[rosmaster.master][INFO] 2026-04-25 19:16:09,367: -PUB [/ctrl/agent_1] /onlane_ai_agent_1 http://y:34853/
[rosmaster.master][INFO] 2026-04-25 19:16:09,367: publisherUpdate[/rosout] -> http://y:40679/ ['http://y:45469/']: sec=0.00, result=[1, '', 0]
[rosmaster.master][INFO] 2026-04-25 19:16:09,367: -PUB [/tf] /onlane_ai_agent_1 http://y:34853/
[rosmaster.master][INFO] 2026-04-25 19:16:09,367: -PUB [/vis/agent_1/ego_vehicle_vis] /onlane_ai_agent_1 http://y:34853/
[rosmaster.master][INFO] 2026-04-25 19:16:09,368: -PUB [/vis/agent_1/obstacle_map] /onlane_ai_agent_1 http://y:34853/
[rosmaster.master][INFO] 2026-04-25 19:16:09,368: -PUB [/vis/agent_1/surrounding_lane_net_vis] /onlane_ai_agent_1 http://y:34853/
[rosmaster.master][INFO] 2026-04-25 19:16:09,368: -PUB [/vis/agent_1/local_lanes_vis] /onlane_ai_agent_1 http://y:34853/
[rosmaster.master][INFO] 2026-04-25 19:16:09,368: -PUB [/vis/agent_1/ego_behavior_vis] /onlane_ai_agent_1 http://y:34853/
[rosmaster.master][INFO] 2026-04-25 19:16:09,368: -PUB [/vis/agent_1/pred_traj_openloop_vis] /onlane_ai_agent_1 http://y:34853/
[rosmaster.master][INFO] 2026-04-25 19:16:09,369: -PUB [/vis/agent_1/pred_initial_intention_vis] /onlane_ai_agent_1 http://y:34853/
[rosmaster.master][INFO] 2026-04-25 19:16:09,369: -PUB [/vis/agent_1/surrounding_vehicle_vis] /onlane_ai_agent_1 http://y:34853/
[rosmaster.master][INFO] 2026-04-25 19:16:09,369: -PUB [/vis/agent_1/speed_limit] /onlane_ai_agent_1 http://y:34853/
[rosmaster.master][INFO] 2026-04-25 19:16:09,369: -PUB [/vis/agent_1/forward_trajs] /onlane_ai_agent_1 http://y:34853/
[rosmaster.master][INFO] 2026-04-25 19:16:09,369: -SUB [/arena_info_static] /onlane_ai_agent_1 http://y:34853/
[rosmaster.master][INFO] 2026-04-25 19:16:09,369: -SUB [/arena_info_dynamic] /onlane_ai_agent_1 http://y:34853/
[rosmaster.master][INFO] 2026-04-25 19:16:09,369: -SUB [/joy] /onlane_ai_agent_1 http://y:34853/
[rosmaster.master][INFO] 2026-04-25 19:16:09,369: -SERVICE [/onlane_ai_agent_1/get_loggers] /onlane_ai_agent_1 rosrpc://y:49609
[rosmaster.master][INFO] 2026-04-25 19:16:09,370: -SERVICE [/onlane_ai_agent_1/set_logger_level] /onlane_ai_agent_1 rosrpc://y:49609
[rosmaster.master][INFO] 2026-04-25 19:16:09,467: -PUB [/rosout] /test_ssc_with_mpdm_0 http://y:45469/
[rosmaster.master][INFO] 2026-04-25 19:16:09,467: -PUB [/tf] /test_ssc_with_mpdm_0 http://y:45469/
[rosmaster.master][INFO] 2026-04-25 19:16:09,467: publisherUpdate[/rosout] -> http://y:40679/ []
[rosmaster.master][INFO] 2026-04-25 19:16:09,468: -PUB [/vis/agent_0/ego_vehicle_vis] /test_ssc_with_mpdm_0 http://y:45469/
[rosmaster.master][INFO] 2026-04-25 19:16:09,468: -PUB [/vis/agent_0/obstacle_map] /test_ssc_with_mpdm_0 http://y:45469/
[rosmaster.master][INFO] 2026-04-25 19:16:09,468: publisherUpdate[/rosout] -> http://y:40679/ []: sec=0.00, result=[1, '', 0]
[rosmaster.master][INFO] 2026-04-25 19:16:09,468: -PUB [/vis/agent_0/surrounding_lane_net_vis] /test_ssc_with_mpdm_0 http://y:45469/
[rosmaster.master][INFO] 2026-04-25 19:16:09,469: -PUB [/vis/agent_0/local_lanes_vis] /test_ssc_with_mpdm_0 http://y:45469/
[rosmaster.master][INFO] 2026-04-25 19:16:09,469: -PUB [/vis/agent_0/ego_behavior_vis] /test_ssc_with_mpdm_0 http://y:45469/
[rosmaster.master][INFO] 2026-04-25 19:16:09,469: -PUB [/vis/agent_0/pred_traj_openloop_vis] /test_ssc_with_mpdm_0 http://y:45469/
[rosmaster.master][INFO] 2026-04-25 19:16:09,469: -PUB [/vis/agent_0/pred_initial_intention_vis] /test_ssc_with_mpdm_0 http://y:45469/
[rosmaster.master][INFO] 2026-04-25 19:16:09,470: -PUB [/vis/agent_0/surrounding_vehicle_vis] /test_ssc_with_mpdm_0 http://y:45469/
[rosmaster.master][INFO] 2026-04-25 19:16:09,470: -PUB [/vis/agent_0/speed_limit] /test_ssc_with_mpdm_0 http://y:45469/
[rosmaster.master][INFO] 2026-04-25 19:16:09,470: -PUB [/vis/agent_0/ssc/map_vis] /test_ssc_with_mpdm_0 http://y:45469/
[rosmaster.master][INFO] 2026-04-25 19:16:09,470: -PUB [/vis/agent_0/ssc/qp_vis] /test_ssc_with_mpdm_0 http://y:45469/
[rosmaster.master][INFO] 2026-04-25 19:16:09,470: -PUB [/vis/agent_0/ssc/ego_fs_vis] /test_ssc_with_mpdm_0 http://y:45469/
[rosmaster.master][INFO] 2026-04-25 19:16:09,471: -PUB [/vis/agent_0/ssc/forward_trajs_vis] /test_ssc_with_mpdm_0 http://y:45469/
[rosmaster.master][INFO] 2026-04-25 19:16:09,471: -PUB [/vis/agent_0/ssc/sur_vehicle_trajs_vis] /test_ssc_with_mpdm_0 http://y:45469/
[rosmaster.master][INFO] 2026-04-25 19:16:09,471: -PUB [/vis/agent_0/ssc/corridor_vis] /test_ssc_with_mpdm_0 http://y:45469/
[rosmaster.master][INFO] 2026-04-25 19:16:09,471: -PUB [/ctrl/agent_0] /test_ssc_with_mpdm_0 http://y:45469/
[rosmaster.master][INFO] 2026-04-25 19:16:09,471: -PUB [/test_ssc_with_mpdm_0/ssc_map] /test_ssc_with_mpdm_0 http://y:45469/
[rosmaster.master][INFO] 2026-04-25 19:16:09,471: -PUB [/vis/agent_0/ssc/exec_traj] /test_ssc_with_mpdm_0 http://y:45469/
[rosmaster.master][INFO] 2026-04-25 19:16:09,471: -PUB [/vis/agent_0/forward_trajs] /test_ssc_with_mpdm_0 http://y:45469/
[rosmaster.master][INFO] 2026-04-25 19:16:09,472: -SUB [/joy] /test_ssc_with_mpdm_0 http://y:45469/
[rosmaster.master][INFO] 2026-04-25 19:16:09,472: -SUB [/arena_info_static] /test_ssc_with_mpdm_0 http://y:45469/
[rosmaster.master][INFO] 2026-04-25 19:16:09,472: -SUB [/arena_info_dynamic] /test_ssc_with_mpdm_0 http://y:45469/
[rosmaster.master][INFO] 2026-04-25 19:16:09,472: -SERVICE [/test_ssc_with_mpdm_0/get_loggers] /test_ssc_with_mpdm_0 rosrpc://y:33349
[rosmaster.master][INFO] 2026-04-25 19:16:09,472: -SERVICE [/test_ssc_with_mpdm_0/set_logger_level] /test_ssc_with_mpdm_0 rosrpc://y:33349
[rosmaster.master][INFO] 2026-04-25 19:16:09,669: -PUB [/rosout_agg] /rosout http://y:40679/
[rosmaster.master][INFO] 2026-04-25 19:16:09,669: -SUB [/rosout] /rosout http://y:40679/
[rosmaster.master][INFO] 2026-04-25 19:16:09,670: -SERVICE [/rosout/get_loggers] /rosout rosrpc://y:44477
[rosmaster.master][INFO] 2026-04-25 19:16:09,670: -SERVICE [/rosout/set_logger_level] /rosout rosrpc://y:44477
[rosmaster.main][INFO] 2026-04-25 19:16:09,732: keyboard interrupt, will exit
[rosmaster.main][INFO] 2026-04-25 19:16:09,732: stopping master...
[rospy.core][INFO] 2026-04-25 19:16:09,732: signal_shutdown [atexit]
