[rosmaster.main][INFO] 2026-05-06 16:30:44,787: initialization complete, waiting for shutdown
[rosmaster.main][INFO] 2026-05-06 16:30:44,787: Starting ROS Master Node
[xmlrpc][INFO] 2026-05-06 16:30:44,788: XML-RPC server binding to 0.0.0.0:11311
[xmlrpc][INFO] 2026-05-06 16:30:44,788: Started XML-RPC server [http://y:11311/]
[xmlrpc][INFO] 2026-05-06 16:30:44,788: xml rpc node: starting XML-RPC server
[rosmaster.master][INFO] 2026-05-06 16:30:44,788: Master initialized: port[11311], uri[http://y:11311/]
[rosmaster.master][INFO] 2026-05-06 16:30:44,833: +PARAM [/run_id] by /roslaunch
[rosmaster.master][INFO] 2026-05-06 16:30:44,833: +PARAM [/roslaunch/uris/host_y__32779] by /roslaunch
[rosmaster.master][INFO] 2026-05-06 16:30:44,857: +PARAM [/rosversion] by /roslaunch
[rosmaster.master][INFO] 2026-05-06 16:30:44,857: +PARAM [/rosdistro] by /roslaunch
[rosmaster.master][INFO] 2026-05-06 16:30:44,857: +PARAM [/test_ssc_with_eudm_0/ego_id] by /roslaunch
[rosmaster.master][INFO] 2026-05-06 16:30:44,857: +PARAM [/test_ssc_with_eudm_0/agent_config_path] by /roslaunch
[rosmaster.master][INFO] 2026-05-06 16:30:44,857: +PARAM [/test_ssc_with_eudm_0/bp_config_path] by /roslaunch
[rosmaster.master][INFO] 2026-05-06 16:30:44,857: +PARAM [/test_ssc_with_eudm_0/ssc_config_path] by /roslaunch
[rosmaster.master][INFO] 2026-05-06 16:30:44,857: +PARAM [/test_ssc_with_eudm_0/desired_vel] by /roslaunch
[rosmaster.master][INFO] 2026-05-06 16:30:44,857: +PARAM [/test_ssc_with_eudm_0/use_sim_state] by /roslaunch
[rosmaster.master][INFO] 2026-05-06 16:30:44,857: +PARAM [/onlane_ai_agent_1/ego_id] by /roslaunch
[rosmaster.master][INFO] 2026-05-06 16:30:44,857: +PARAM [/onlane_ai_agent_1/agent_config_path] by /roslaunch
[rosmaster.master][INFO] 2026-05-06 16:30:44,857: +PARAM [/onlane_ai_agent_1/desired_vel] by /roslaunch
[rosmaster.master][INFO] 2026-05-06 16:30:44,857: +PARAM [/onlane_ai_agent_1/autonomous_level] by /roslaunch
[rosmaster.master][INFO] 2026-05-06 16:30:44,857: +PARAM [/onlane_ai_agent_1/aggressiveness_level] by /roslaunch
[rosmaster.master][INFO] 2026-05-06 16:30:44,857: +PARAM [/onlane_ai_agent_2/ego_id] by /roslaunch
[rosmaster.master][INFO] 2026-05-06 16:30:44,857: +PARAM [/onlane_ai_agent_2/agent_config_path] by /roslaunch
[rosmaster.master][INFO] 2026-05-06 16:30:44,857: +PARAM [/onlane_ai_agent_2/desired_vel] by /roslaunch
[rosmaster.master][INFO] 2026-05-06 16:30:44,858: +PARAM [/onlane_ai_agent_2/autonomous_level] by /roslaunch
[rosmaster.master][INFO] 2026-05-06 16:30:44,858: +PARAM [/onlane_ai_agent_2/aggressiveness_level] by /roslaunch
[rosmaster.master][INFO] 2026-05-06 16:30:44,858: +PARAM [/onlane_ai_agent_3/ego_id] by /roslaunch
[rosmaster.master][INFO] 2026-05-06 16:30:44,858: +PARAM [/onlane_ai_agent_3/agent_config_path] by /roslaunch
[rosmaster.master][INFO] 2026-05-06 16:30:44,858: +PARAM [/onlane_ai_agent_3/desired_vel] by /roslaunch
[rosmaster.master][INFO] 2026-05-06 16:30:44,858: +PARAM [/onlane_ai_agent_3/autonomous_level] by /roslaunch
[rosmaster.master][INFO] 2026-05-06 16:30:44,858: +PARAM [/onlane_ai_agent_3/aggressiveness_level] by /roslaunch
[rosmaster.master][INFO] 2026-05-06 16:30:44,858: +PARAM [/onlane_ai_agent_4/ego_id] by /roslaunch
[rosmaster.master][INFO] 2026-05-06 16:30:44,858: +PARAM [/onlane_ai_agent_4/agent_config_path] by /roslaunch
[rosmaster.master][INFO] 2026-05-06 16:30:44,858: +PARAM [/onlane_ai_agent_4/desired_vel] by /roslaunch
[rosmaster.master][INFO] 2026-05-06 16:30:44,858: +PARAM [/onlane_ai_agent_4/autonomous_level] by /roslaunch
[rosmaster.master][INFO] 2026-05-06 16:30:44,858: +PARAM [/onlane_ai_agent_4/aggressiveness_level] by /roslaunch
[rosmaster.master][INFO] 2026-05-06 16:30:44,858: +PARAM [/onlane_ai_agent_5/ego_id] by /roslaunch
[rosmaster.master][INFO] 2026-05-06 16:30:44,858: +PARAM [/onlane_ai_agent_5/agent_config_path] by /roslaunch
[rosmaster.master][INFO] 2026-05-06 16:30:44,858: +PARAM [/onlane_ai_agent_5/desired_vel] by /roslaunch
[rosmaster.master][INFO] 2026-05-06 16:30:44,858: +PARAM [/onlane_ai_agent_5/autonomous_level] by /roslaunch
[rosmaster.master][INFO] 2026-05-06 16:30:44,858: +PARAM [/onlane_ai_agent_5/aggressiveness_level] by /roslaunch
[rosmaster.master][INFO] 2026-05-06 16:30:44,858: +PARAM [/onlane_ai_agent_6/ego_id] by /roslaunch
[rosmaster.master][INFO] 2026-05-06 16:30:44,858: +PARAM [/onlane_ai_agent_6/agent_config_path] by /roslaunch
[rosmaster.master][INFO] 2026-05-06 16:30:44,858: +PARAM [/onlane_ai_agent_6/desired_vel] by /roslaunch
[rosmaster.master][INFO] 2026-05-06 16:30:44,858: +PARAM [/onlane_ai_agent_6/autonomous_level] by /roslaunch
[rosmaster.master][INFO] 2026-05-06 16:30:44,858: +PARAM [/onlane_ai_agent_6/aggressiveness_level] by /roslaunch
[rosmaster.master][INFO] 2026-05-06 16:30:44,858: +PARAM [/onlane_ai_agent_7/ego_id] by /roslaunch
[rosmaster.master][INFO] 2026-05-06 16:30:44,858: +PARAM [/onlane_ai_agent_7/agent_config_path] by /roslaunch
[rosmaster.master][INFO] 2026-05-06 16:30:44,858: +PARAM [/onlane_ai_agent_7/desired_vel] by /roslaunch
[rosmaster.master][INFO] 2026-05-06 16:30:44,858: +PARAM [/onlane_ai_agent_7/autonomous_level] by /roslaunch
[rosmaster.master][INFO] 2026-05-06 16:30:44,858: +PARAM [/onlane_ai_agent_7/aggressiveness_level] by /roslaunch
[rosmaster.master][INFO] 2026-05-06 16:30:44,858: +PARAM [/onlane_ai_agent_8/ego_id] by /roslaunch
[rosmaster.master][INFO] 2026-05-06 16:30:44,858: +PARAM [/onlane_ai_agent_8/agent_config_path] by /roslaunch
[rosmaster.master][INFO] 2026-05-06 16:30:44,858: +PARAM [/onlane_ai_agent_8/desired_vel] by /roslaunch
[rosmaster.master][INFO] 2026-05-06 16:30:44,858: +PARAM [/onlane_ai_agent_8/autonomous_level] by /roslaunch
[rosmaster.master][INFO] 2026-05-06 16:30:44,858: +PARAM [/onlane_ai_agent_8/aggressiveness_level] by /roslaunch
[rosmaster.master][INFO] 2026-05-06 16:30:44,858: +PARAM [/onlane_ai_agent_9/ego_id] by /roslaunch
[rosmaster.master][INFO] 2026-05-06 16:30:44,858: +PARAM [/onlane_ai_agent_9/agent_config_path] by /roslaunch
[rosmaster.master][INFO] 2026-05-06 16:30:44,858: +PARAM [/onlane_ai_agent_9/desired_vel] by /roslaunch
[rosmaster.master][INFO] 2026-05-06 16:30:44,859: +PARAM [/onlane_ai_agent_9/autonomous_level] by /roslaunch
[rosmaster.master][INFO] 2026-05-06 16:30:44,859: +PARAM [/onlane_ai_agent_9/aggressiveness_level] by /roslaunch
[rosmaster.master][INFO] 2026-05-06 16:30:44,859: +PARAM [/onlane_ai_agent_10/ego_id] by /roslaunch
[rosmaster.master][INFO] 2026-05-06 16:30:44,859: +PARAM [/onlane_ai_agent_10/agent_config_path] by /roslaunch
[rosmaster.master][INFO] 2026-05-06 16:30:44,859: +PARAM [/onlane_ai_agent_10/desired_vel] by /roslaunch
[rosmaster.master][INFO] 2026-05-06 16:30:44,859: +PARAM [/onlane_ai_agent_10/autonomous_level] by /roslaunch
[rosmaster.master][INFO] 2026-05-06 16:30:44,859: +PARAM [/onlane_ai_agent_10/aggressiveness_level] by /roslaunch
[rosmaster.master][INFO] 2026-05-06 16:30:44,859: +PARAM [/phy_simulator_planning_node/vehicle_info_path] by /roslaunch
[rosmaster.master][INFO] 2026-05-06 16:30:44,859: +PARAM [/phy_simulator_planning_node/map_path] by /roslaunch
[rosmaster.master][INFO] 2026-05-06 16:30:44,859: +PARAM [/phy_simulator_planning_node/lane_net_path] by /roslaunch
[rosmaster.master][INFO] 2026-05-06 16:30:44,859: +SERVICE [/rosout/get_loggers] /rosout http://y:38471/
[rosmaster.master][INFO] 2026-05-06 16:30:44,859: +SERVICE [/rosout/set_logger_level] /rosout http://y:38471/
[rosmaster.master][INFO] 2026-05-06 16:30:44,860: +PUB [/rosout_agg] /rosout http://y:38471/
[rosmaster.master][INFO] 2026-05-06 16:30:44,861: +SUB [/rosout] /rosout http://y:38471/
[rosmaster.master][INFO] 2026-05-06 16:30:44,895: +PUB [/rosout] /onlane_ai_agent_1 http://y:33883/
[rosmaster.master][INFO] 2026-05-06 16:30:44,896: +PUB [/rosout] /test_ssc_with_eudm_0 http://y:40889/
[rosmaster.master][INFO] 2026-05-06 16:30:44,896: +PUB [/rosout] /onlane_ai_agent_2 http://y:43573/
[rosmaster.master][INFO] 2026-05-06 16:30:44,897: +SERVICE [/test_ssc_with_eudm_0/get_loggers] /test_ssc_with_eudm_0 http://y:40889/
[rosmaster.master][INFO] 2026-05-06 16:30:44,897: +PUB [/rosout] /onlane_ai_agent_3 http://y:45941/
[rosmaster.master][INFO] 2026-05-06 16:30:44,897: +SERVICE [/onlane_ai_agent_2/get_loggers] /onlane_ai_agent_2 http://y:43573/
[rosmaster.master][INFO] 2026-05-06 16:30:44,897: +PUB [/rosout] /onlane_ai_agent_4 http://y:43879/
[rosmaster.master][INFO] 2026-05-06 16:30:44,898: +SERVICE [/onlane_ai_agent_4/get_loggers] /onlane_ai_agent_4 http://y:43879/
[rosmaster.master][INFO] 2026-05-06 16:30:44,901: +SERVICE [/onlane_ai_agent_3/get_loggers] /onlane_ai_agent_3 http://y:45941/
[rosmaster.master][INFO] 2026-05-06 16:30:44,903: +SERVICE [/test_ssc_with_eudm_0/set_logger_level] /test_ssc_with_eudm_0 http://y:40889/
[rosmaster.master][INFO] 2026-05-06 16:30:44,904: +SERVICE [/onlane_ai_agent_1/get_loggers] /onlane_ai_agent_1 http://y:33883/
[rosmaster.master][INFO] 2026-05-06 16:30:44,904: +SERVICE [/onlane_ai_agent_2/set_logger_level] /onlane_ai_agent_2 http://y:43573/
[rosmaster.master][INFO] 2026-05-06 16:30:44,904: +SERVICE [/onlane_ai_agent_4/set_logger_level] /onlane_ai_agent_4 http://y:43879/
[rosmaster.master][INFO] 2026-05-06 16:30:44,905: +PUB [/rosout] /onlane_ai_agent_5 http://y:45365/
[rosmaster.master][INFO] 2026-05-06 16:30:44,905: +SERVICE [/onlane_ai_agent_3/set_logger_level] /onlane_ai_agent_3 http://y:45941/
[rosmaster.master][INFO] 2026-05-06 16:30:44,905: +SERVICE [/onlane_ai_agent_5/get_loggers] /onlane_ai_agent_5 http://y:45365/
[rosmaster.master][INFO] 2026-05-06 16:30:44,907: +SERVICE [/onlane_ai_agent_5/set_logger_level] /onlane_ai_agent_5 http://y:45365/
[rosmaster.master][INFO] 2026-05-06 16:30:44,907: +PUB [/rosout] /onlane_ai_agent_6 http://y:34521/
[rosmaster.master][INFO] 2026-05-06 16:30:44,909: +SERVICE [/onlane_ai_agent_1/set_logger_level] /onlane_ai_agent_1 http://y:33883/
[rosmaster.master][INFO] 2026-05-06 16:30:44,909: +CACHEDPARAM [/rosout_disable_topics_generation] by /test_ssc_with_eudm_0
[rosmaster.master][INFO] 2026-05-06 16:30:44,909: +SERVICE [/onlane_ai_agent_6/get_loggers] /onlane_ai_agent_6 http://y:34521/
[rosmaster.master][INFO] 2026-05-06 16:30:44,916: +SERVICE [/onlane_ai_agent_6/set_logger_level] /onlane_ai_agent_6 http://y:34521/
[rosmaster.master][INFO] 2026-05-06 16:30:44,917: +PUB [/ctrl/agent_5] /onlane_ai_agent_5 http://y:45365/
[rosmaster.master][INFO] 2026-05-06 16:30:44,917: +PUB [/ctrl/agent_1] /onlane_ai_agent_1 http://y:33883/
[rosmaster.master][INFO] 2026-05-06 16:30:44,921: +PUB [/ctrl/agent_6] /onlane_ai_agent_6 http://y:34521/
[rosmaster.master][INFO] 2026-05-06 16:30:44,922: +PUB [/rosout] /onlane_ai_agent_8 http://y:39671/
[rosmaster.master][INFO] 2026-05-06 16:30:44,923: +PUB [/ctrl/agent_4] /onlane_ai_agent_4 http://y:43879/
[rosmaster.master][INFO] 2026-05-06 16:30:44,923: +PUB [/ctrl/agent_3] /onlane_ai_agent_3 http://y:45941/
[rosmaster.master][INFO] 2026-05-06 16:30:44,924: +PUB [/tf] /onlane_ai_agent_1 http://y:33883/
[rosmaster.master][INFO] 2026-05-06 16:30:44,925: +PUB [/tf] /onlane_ai_agent_6 http://y:34521/
[rosmaster.master][INFO] 2026-05-06 16:30:44,926: +PUB [/rosout] /onlane_ai_agent_7 http://y:45753/
[rosmaster.master][INFO] 2026-05-06 16:30:44,927: +PUB [/vis/agent_6/ego_vehicle_vis] /onlane_ai_agent_6 http://y:34521/
[rosmaster.master][INFO] 2026-05-06 16:30:44,933: +PUB [/vis/agent_1/ego_vehicle_vis] /onlane_ai_agent_1 http://y:33883/
[rosmaster.master][INFO] 2026-05-06 16:30:44,934: +PUB [/rosout] /onlane_ai_agent_9 http://y:46873/
[rosmaster.master][INFO] 2026-05-06 16:30:44,934: +PUB [/tf] /onlane_ai_agent_5 http://y:45365/
[rosmaster.master][INFO] 2026-05-06 16:30:44,934: +SERVICE [/onlane_ai_agent_7/get_loggers] /onlane_ai_agent_7 http://y:45753/
[rosmaster.master][INFO] 2026-05-06 16:30:44,936: +PUB [/vis/agent_1/obstacle_map] /onlane_ai_agent_1 http://y:33883/
[rosmaster.master][INFO] 2026-05-06 16:30:44,936: +PUB [/vis/agent_6/obstacle_map] /onlane_ai_agent_6 http://y:34521/
[rosmaster.master][INFO] 2026-05-06 16:30:44,937: +PUB [/vis/agent_6/surrounding_lane_net_vis] /onlane_ai_agent_6 http://y:34521/
[rosmaster.master][INFO] 2026-05-06 16:30:44,937: +PUB [/vis/agent_6/local_lanes_vis] /onlane_ai_agent_6 http://y:34521/
[rosmaster.master][INFO] 2026-05-06 16:30:44,937: +PUB [/vis/agent_5/ego_vehicle_vis] /onlane_ai_agent_5 http://y:45365/
[rosmaster.master][INFO] 2026-05-06 16:30:44,938: +SERVICE [/onlane_ai_agent_9/get_loggers] /onlane_ai_agent_9 http://y:46873/
[rosmaster.master][INFO] 2026-05-06 16:30:44,939: +PUB [/vis/agent_1/surrounding_lane_net_vis] /onlane_ai_agent_1 http://y:33883/
[rosmaster.master][INFO] 2026-05-06 16:30:44,939: +PUB [/vis/agent_6/ego_behavior_vis] /onlane_ai_agent_6 http://y:34521/
[rosmaster.master][INFO] 2026-05-06 16:30:44,941: +PUB [/vis/agent_5/obstacle_map] /onlane_ai_agent_5 http://y:45365/
[rosmaster.master][INFO] 2026-05-06 16:30:44,941: +PUB [/rosout] /onlane_ai_agent_10 http://y:42119/
[rosmaster.master][INFO] 2026-05-06 16:30:44,941: +SERVICE [/onlane_ai_agent_7/set_logger_level] /onlane_ai_agent_7 http://y:45753/
[rosmaster.master][INFO] 2026-05-06 16:30:44,941: +PUB [/vis/agent_1/local_lanes_vis] /onlane_ai_agent_1 http://y:33883/
[rosmaster.master][INFO] 2026-05-06 16:30:44,942: +SERVICE [/onlane_ai_agent_9/set_logger_level] /onlane_ai_agent_9 http://y:46873/
[rosmaster.master][INFO] 2026-05-06 16:30:44,943: +PUB [/vis/agent_6/pred_traj_openloop_vis] /onlane_ai_agent_6 http://y:34521/
[rosmaster.master][INFO] 2026-05-06 16:30:44,947: +PUB [/vis/agent_5/surrounding_lane_net_vis] /onlane_ai_agent_5 http://y:45365/
[rosmaster.master][INFO] 2026-05-06 16:30:44,947: +PUB [/vis/agent_1/ego_behavior_vis] /onlane_ai_agent_1 http://y:33883/
[rosmaster.master][INFO] 2026-05-06 16:30:44,950: +SERVICE [/onlane_ai_agent_10/get_loggers] /onlane_ai_agent_10 http://y:42119/
[rosmaster.master][INFO] 2026-05-06 16:30:44,951: +PUB [/ctrl/agent_2] /onlane_ai_agent_2 http://y:43573/
[rosmaster.master][INFO] 2026-05-06 16:30:44,951: +PUB [/vis/agent_5/local_lanes_vis] /onlane_ai_agent_5 http://y:45365/
[rosmaster.master][INFO] 2026-05-06 16:30:44,951: +PUB [/tf] /test_ssc_with_eudm_0 http://y:40889/
[rosmaster.master][INFO] 2026-05-06 16:30:44,952: +PUB [/vis/agent_6/pred_initial_intention_vis] /onlane_ai_agent_6 http://y:34521/
[rosmaster.master][INFO] 2026-05-06 16:30:44,952: +PUB [/ctrl/agent_9] /onlane_ai_agent_9 http://y:46873/
[rosmaster.master][INFO] 2026-05-06 16:30:44,953: +PUB [/tf] /onlane_ai_agent_9 http://y:46873/
[rosmaster.master][INFO] 2026-05-06 16:30:44,954: +PUB [/vis/agent_9/ego_vehicle_vis] /onlane_ai_agent_9 http://y:46873/
[rosmaster.master][INFO] 2026-05-06 16:30:44,955: +PUB [/vis/agent_5/ego_behavior_vis] /onlane_ai_agent_5 http://y:45365/
[rosmaster.master][INFO] 2026-05-06 16:30:44,955: +PUB [/vis/agent_6/surrounding_vehicle_vis] /onlane_ai_agent_6 http://y:34521/
[rosmaster.master][INFO] 2026-05-06 16:30:44,955: +PUB [/vis/agent_9/obstacle_map] /onlane_ai_agent_9 http://y:46873/
[rosmaster.master][INFO] 2026-05-06 16:30:44,956: +PUB [/vis/agent_9/surrounding_lane_net_vis] /onlane_ai_agent_9 http://y:46873/
[rosmaster.master][INFO] 2026-05-06 16:30:44,956: +PUB [/vis/agent_9/local_lanes_vis] /onlane_ai_agent_9 http://y:46873/
[rosmaster.master][INFO] 2026-05-06 16:30:44,957: +PUB [/tf] /onlane_ai_agent_4 http://y:43879/
[rosmaster.master][INFO] 2026-05-06 16:30:44,959: +PUB [/vis/agent_1/pred_traj_openloop_vis] /onlane_ai_agent_1 http://y:33883/
[rosmaster.master][INFO] 2026-05-06 16:30:44,959: +PUB [/tf] /onlane_ai_agent_3 http://y:45941/
[rosmaster.master][INFO] 2026-05-06 16:30:44,960: +PUB [/ctrl/agent_7] /onlane_ai_agent_7 http://y:45753/
[rosmaster.master][INFO] 2026-05-06 16:30:44,960: +PUB [/vis/agent_4/ego_vehicle_vis] /onlane_ai_agent_4 http://y:43879/
[rosmaster.master][INFO] 2026-05-06 16:30:44,960: +PUB [/vis/agent_5/pred_traj_openloop_vis] /onlane_ai_agent_5 http://y:45365/
[rosmaster.master][INFO] 2026-05-06 16:30:44,962: +PUB [/rosout] /phy_simulator_planning_node http://y:39845/
[rosmaster.master][INFO] 2026-05-06 16:30:44,962: +PUB [/vis/agent_9/ego_behavior_vis] /onlane_ai_agent_9 http://y:46873/
[rosmaster.master][INFO] 2026-05-06 16:30:44,962: +PUB [/vis/agent_3/ego_vehicle_vis] /onlane_ai_agent_3 http://y:45941/
[rosmaster.master][INFO] 2026-05-06 16:30:44,963: +SERVICE [/onlane_ai_agent_10/set_logger_level] /onlane_ai_agent_10 http://y:42119/
[rosmaster.master][INFO] 2026-05-06 16:30:44,963: +SERVICE [/onlane_ai_agent_8/get_loggers] /onlane_ai_agent_8 http://y:39671/
[rosmaster.master][INFO] 2026-05-06 16:30:44,963: +PUB [/vis/agent_5/pred_initial_intention_vis] /onlane_ai_agent_5 http://y:45365/
[rosmaster.master][INFO] 2026-05-06 16:30:44,963: +PUB [/vis/agent_9/pred_traj_openloop_vis] /onlane_ai_agent_9 http://y:46873/
[rosmaster.master][INFO] 2026-05-06 16:30:44,963: +PUB [/vis/agent_9/pred_initial_intention_vis] /onlane_ai_agent_9 http://y:46873/
[rosmaster.master][INFO] 2026-05-06 16:30:44,964: +PUB [/vis/agent_3/obstacle_map] /onlane_ai_agent_3 http://y:45941/
[rosmaster.master][INFO] 2026-05-06 16:30:44,964: +PUB [/vis/agent_9/surrounding_vehicle_vis] /onlane_ai_agent_9 http://y:46873/
[rosmaster.master][INFO] 2026-05-06 16:30:44,964: +PUB [/vis/agent_9/speed_limit] /onlane_ai_agent_9 http://y:46873/
[rosmaster.master][INFO] 2026-05-06 16:30:44,964: +PUB [/vis/agent_3/surrounding_lane_net_vis] /onlane_ai_agent_3 http://y:45941/
[rosmaster.master][INFO] 2026-05-06 16:30:44,966: +PUB [/vis/agent_6/speed_limit] /onlane_ai_agent_6 http://y:34521/
[rosmaster.master][INFO] 2026-05-06 16:30:44,967: +PUB [/vis/agent_5/surrounding_vehicle_vis] /onlane_ai_agent_5 http://y:45365/
[rosmaster.master][INFO] 2026-05-06 16:30:44,967: +PUB [/vis/agent_3/local_lanes_vis] /onlane_ai_agent_3 http://y:45941/
[rosmaster.master][INFO] 2026-05-06 16:30:44,967: +SUB [/arena_info_static] /onlane_ai_agent_9 http://y:46873/
[rosmaster.master][INFO] 2026-05-06 16:30:44,968: +SERVICE [/onlane_ai_agent_8/set_logger_level] /onlane_ai_agent_8 http://y:39671/
[rosmaster.master][INFO] 2026-05-06 16:30:44,968: +PUB [/vis/agent_5/speed_limit] /onlane_ai_agent_5 http://y:45365/
[rosmaster.master][INFO] 2026-05-06 16:30:44,969: +PUB [/vis/agent_4/obstacle_map] /onlane_ai_agent_4 http://y:43879/
[rosmaster.master][INFO] 2026-05-06 16:30:44,969: +PUB [/vis/agent_3/ego_behavior_vis] /onlane_ai_agent_3 http://y:45941/
[rosmaster.master][INFO] 2026-05-06 16:30:44,970: +SUB [/arena_info_dynamic] /onlane_ai_agent_9 http://y:46873/
[rosmaster.master][INFO] 2026-05-06 16:30:44,971: +SUB [/joy] /onlane_ai_agent_9 http://y:46873/
[rosmaster.master][INFO] 2026-05-06 16:30:44,974: +PUB [/vis/agent_3/pred_traj_openloop_vis] /onlane_ai_agent_3 http://y:45941/
[rosmaster.master][INFO] 2026-05-06 16:30:44,976: +PUB [/vis/agent_9/forward_trajs] /onlane_ai_agent_9 http://y:46873/
[rosmaster.master][INFO] 2026-05-06 16:30:44,976: +PUB [/tf] /onlane_ai_agent_7 http://y:45753/
[rosmaster.master][INFO] 2026-05-06 16:30:44,978: +PUB [/vis/agent_7/ego_vehicle_vis] /onlane_ai_agent_7 http://y:45753/
[rosmaster.master][INFO] 2026-05-06 16:30:44,980: +SUB [/arena_info_static] /onlane_ai_agent_6 http://y:34521/
[rosmaster.master][INFO] 2026-05-06 16:30:44,980: +PUB [/vis/agent_3/pred_initial_intention_vis] /onlane_ai_agent_3 http://y:45941/
[rosmaster.master][INFO] 2026-05-06 16:30:44,980: +SERVICE [/phy_simulator_planning_node/get_loggers] /phy_simulator_planning_node http://y:39845/
[rosmaster.master][INFO] 2026-05-06 16:30:44,984: +SUB [/arena_info_dynamic] /onlane_ai_agent_6 http://y:34521/
[rosmaster.master][INFO] 2026-05-06 16:30:44,986: +SERVICE [/phy_simulator_planning_node/set_logger_level] /phy_simulator_planning_node http://y:39845/
[rosmaster.master][INFO] 2026-05-06 16:30:44,988: +PUB [/vis/agent_3/surrounding_vehicle_vis] /onlane_ai_agent_3 http://y:45941/
[rosmaster.master][INFO] 2026-05-06 16:30:44,988: +PUB [/vis/agent_0/ego_vehicle_vis] /test_ssc_with_eudm_0 http://y:40889/
[rosmaster.master][INFO] 2026-05-06 16:30:44,988: publisherUpdate[/rosout] -> http://y:38471/ ['http://y:33883/']
[rosmaster.master][INFO] 2026-05-06 16:30:44,990: publisherUpdate[/rosout] -> http://y:38471/ ['http://y:33883/']: sec=0.00, result=[1, '', 0]
[rosmaster.master][INFO] 2026-05-06 16:30:44,990: publisherUpdate[/rosout] -> http://y:38471/ ['http://y:33883/', 'http://y:40889/']
[rosmaster.master][INFO] 2026-05-06 16:30:44,991: +PUB [/vis/agent_3/speed_limit] /onlane_ai_agent_3 http://y:45941/
[rosmaster.master][INFO] 2026-05-06 16:30:44,994: publisherUpdate[/rosout] -> http://y:38471/ ['http://y:33883/', 'http://y:40889/']: sec=0.00, result=[1, '', 0]
[rosmaster.master][INFO] 2026-05-06 16:30:44,994: publisherUpdate[/rosout] -> http://y:38471/ ['http://y:33883/', 'http://y:40889/', 'http://y:43573/']
[rosmaster.master][INFO] 2026-05-06 16:30:44,994: +PUB [/vis/agent_4/surrounding_lane_net_vis] /onlane_ai_agent_4 http://y:43879/
[rosmaster.master][INFO] 2026-05-06 16:30:44,994: +SUB [/arena_info_static] /onlane_ai_agent_5 http://y:45365/
[rosmaster.master][INFO] 2026-05-06 16:30:44,995: publisherUpdate[/rosout] -> http://y:38471/ ['http://y:33883/', 'http://y:40889/', 'http://y:43573/']: sec=0.00, result=[1, '', 0]
[rosmaster.master][INFO] 2026-05-06 16:30:44,995: publisherUpdate[/rosout] -> http://y:38471/ ['http://y:33883/', 'http://y:40889/', 'http://y:43573/', 'http://y:45941/']
[rosmaster.master][INFO] 2026-05-06 16:30:44,995: publisherUpdate[/rosout] -> http://y:38471/ ['http://y:33883/', 'http://y:40889/', 'http://y:43573/', 'http://y:45941/']: sec=0.00, result=[1, '', 0]
[rosmaster.master][INFO] 2026-05-06 16:30:44,995: publisherUpdate[/rosout] -> http://y:38471/ ['http://y:33883/', 'http://y:40889/', 'http://y:43573/', 'http://y:45941/', 'http://y:43879/']
[rosmaster.master][INFO] 2026-05-06 16:30:44,996: publisherUpdate[/rosout] -> http://y:38471/ ['http://y:33883/', 'http://y:40889/', 'http://y:43573/', 'http://y:45941/', 'http://y:43879/']: sec=0.00, result=[1, '', 0]
[rosmaster.master][INFO] 2026-05-06 16:30:44,996: publisherUpdate[/rosout] -> http://y:38471/ ['http://y:33883/', 'http://y:40889/', 'http://y:43573/', 'http://y:45941/', 'http://y:43879/', 'http://y:45365/']
[rosmaster.master][INFO] 2026-05-06 16:30:44,996: +PUB [/vis/agent_0/obstacle_map] /test_ssc_with_eudm_0 http://y:40889/
[rosmaster.master][INFO] 2026-05-06 16:30:44,996: +PUB [/vis/agent_7/obstacle_map] /onlane_ai_agent_7 http://y:45753/
[rosmaster.master][INFO] 2026-05-06 16:30:44,996: publisherUpdate[/rosout] -> http://y:38471/ ['http://y:33883/', 'http://y:40889/', 'http://y:43573/', 'http://y:45941/', 'http://y:43879/', 'http://y:45365/']: sec=0.00, result=[1, '', 0]
[rosmaster.master][INFO] 2026-05-06 16:30:44,997: publisherUpdate[/rosout] -> http://y:38471/ ['http://y:33883/', 'http://y:40889/', 'http://y:43573/', 'http://y:45941/', 'http://y:43879/', 'http://y:45365/', 'http://y:34521/']
[rosmaster.master][INFO] 2026-05-06 16:30:44,997: publisherUpdate[/rosout] -> http://y:38471/ ['http://y:33883/', 'http://y:40889/', 'http://y:43573/', 'http://y:45941/', 'http://y:43879/', 'http://y:45365/', 'http://y:34521/']: sec=0.00, result=[1, '', 0]
[rosmaster.master][INFO] 2026-05-06 16:30:44,997: publisherUpdate[/rosout] -> http://y:38471/ ['http://y:33883/', 'http://y:40889/', 'http://y:43573/', 'http://y:45941/', 'http://y:43879/', 'http://y:45365/', 'http://y:34521/', 'http://y:39671/']
[rosmaster.master][INFO] 2026-05-06 16:30:44,998: publisherUpdate[/rosout] -> http://y:38471/ ['http://y:33883/', 'http://y:40889/', 'http://y:43573/', 'http://y:45941/', 'http://y:43879/', 'http://y:45365/', 'http://y:34521/', 'http://y:39671/']: sec=0.00, result=[1, '', 0]
[rosmaster.master][INFO] 2026-05-06 16:30:44,998: publisherUpdate[/rosout] -> http://y:38471/ ['http://y:33883/', 'http://y:40889/', 'http://y:43573/', 'http://y:45941/', 'http://y:43879/', 'http://y:45365/', 'http://y:34521/', 'http://y:39671/', 'http://y:45753/']
[rosmaster.master][INFO] 2026-05-06 16:30:44,998: publisherUpdate[/rosout] -> http://y:38471/ ['http://y:33883/', 'http://y:40889/', 'http://y:43573/', 'http://y:45941/', 'http://y:43879/', 'http://y:45365/', 'http://y:34521/', 'http://y:39671/', 'http://y:45753/']: sec=0.00, result=[1, '', 0]
[rosmaster.master][INFO] 2026-05-06 16:30:44,998: publisherUpdate[/rosout] -> http://y:38471/ ['http://y:33883/', 'http://y:40889/', 'http://y:43573/', 'http://y:45941/', 'http://y:43879/', 'http://y:45365/', 'http://y:34521/', 'http://y:39671/', 'http://y:45753/', 'http://y:46873/']
[rosmaster.master][INFO] 2026-05-06 16:30:44,999: publisherUpdate[/rosout] -> http://y:38471/ ['http://y:33883/', 'http://y:40889/', 'http://y:43573/', 'http://y:45941/', 'http://y:43879/', 'http://y:45365/', 'http://y:34521/', 'http://y:39671/', 'http://y:45753/', 'http://y:46873/']: sec=0.00, result=[1, '', 0]
[rosmaster.master][INFO] 2026-05-06 16:30:44,999: publisherUpdate[/rosout] -> http://y:38471/ ['http://y:33883/', 'http://y:40889/', 'http://y:43573/', 'http://y:45941/', 'http://y:43879/', 'http://y:45365/', 'http://y:34521/', 'http://y:39671/', 'http://y:45753/', 'http://y:46873/', 'http://y:42119/']
[rosmaster.master][INFO] 2026-05-06 16:30:45,001: +PUB [/vis/agent_0/surrounding_lane_net_vis] /test_ssc_with_eudm_0 http://y:40889/
[rosmaster.master][INFO] 2026-05-06 16:30:45,003: +SUB [/arena_info_dynamic] /onlane_ai_agent_5 http://y:45365/
[rosmaster.master][INFO] 2026-05-06 16:30:45,004: +PUB [/vis/agent_0/local_lanes_vis] /test_ssc_with_eudm_0 http://y:40889/
[rosmaster.master][INFO] 2026-05-06 16:30:45,004: +PUB [/tf] /onlane_ai_agent_2 http://y:43573/
[rosmaster.master][INFO] 2026-05-06 16:30:45,004: +SUB [/joy] /onlane_ai_agent_6 http://y:34521/
[rosmaster.master][INFO] 2026-05-06 16:30:45,005: +PUB [/vis/agent_0/ego_behavior_vis] /test_ssc_with_eudm_0 http://y:40889/
[rosmaster.master][INFO] 2026-05-06 16:30:45,005: +PUB [/vis/agent_4/local_lanes_vis] /onlane_ai_agent_4 http://y:43879/
[rosmaster.master][INFO] 2026-05-06 16:30:45,006: +PUB [/vis/agent_2/ego_vehicle_vis] /onlane_ai_agent_2 http://y:43573/
[rosmaster.master][INFO] 2026-05-06 16:30:45,006: +PUB [/ctrl/agent_10] /onlane_ai_agent_10 http://y:42119/
[rosmaster.master][INFO] 2026-05-06 16:30:45,007: +PUB [/vis/agent_0/pred_traj_openloop_vis] /test_ssc_with_eudm_0 http://y:40889/
[rosmaster.master][INFO] 2026-05-06 16:30:45,007: +PUB [/vis/agent_1/pred_initial_intention_vis] /onlane_ai_agent_1 http://y:33883/
[rosmaster.master][INFO] 2026-05-06 16:30:45,007: +SUB [/joy] /onlane_ai_agent_5 http://y:45365/
[rosmaster.master][INFO] 2026-05-06 16:30:45,007: +SUB [/arena_info_static] /onlane_ai_agent_3 http://y:45941/
[rosmaster.master][INFO] 2026-05-06 16:30:45,008: +PUB [/vis/agent_2/obstacle_map] /onlane_ai_agent_2 http://y:43573/
[rosmaster.master][INFO] 2026-05-06 16:30:45,008: +PUB [/vis/agent_1/surrounding_vehicle_vis] /onlane_ai_agent_1 http://y:33883/
[rosmaster.master][INFO] 2026-05-06 16:30:45,008: +PUB [/vis/agent_5/forward_trajs] /onlane_ai_agent_5 http://y:45365/
[rosmaster.master][INFO] 2026-05-06 16:30:45,009: +PUB [/vis/agent_6/forward_trajs] /onlane_ai_agent_6 http://y:34521/
[rosmaster.master][INFO] 2026-05-06 16:30:45,009: +PUB [/vis/agent_1/speed_limit] /onlane_ai_agent_1 http://y:33883/
[rosmaster.master][INFO] 2026-05-06 16:30:45,009: +PUB [/vis/agent_2/surrounding_lane_net_vis] /onlane_ai_agent_2 http://y:43573/
[rosmaster.master][INFO] 2026-05-06 16:30:45,010: +SUB [/arena_info_dynamic] /onlane_ai_agent_3 http://y:45941/
[rosmaster.master][INFO] 2026-05-06 16:30:45,011: +PUB [/vis/agent_2/local_lanes_vis] /onlane_ai_agent_2 http://y:43573/
[rosmaster.master][INFO] 2026-05-06 16:30:45,012: +PUB [/vis/agent_2/ego_behavior_vis] /onlane_ai_agent_2 http://y:43573/
[rosmaster.master][INFO] 2026-05-06 16:30:45,012: +PUB [/vis/agent_4/ego_behavior_vis] /onlane_ai_agent_4 http://y:43879/
[rosmaster.master][INFO] 2026-05-06 16:30:45,013: +SUB [/arena_info_static] /onlane_ai_agent_1 http://y:33883/
[rosmaster.master][INFO] 2026-05-06 16:30:45,013: +PUB [/vis/agent_2/pred_traj_openloop_vis] /onlane_ai_agent_2 http://y:43573/
[rosmaster.master][INFO] 2026-05-06 16:30:45,013: +PUB [/vis/agent_4/pred_traj_openloop_vis] /onlane_ai_agent_4 http://y:43879/
[rosmaster.master][INFO] 2026-05-06 16:30:45,014: +SUB [/joy] /onlane_ai_agent_3 http://y:45941/
[rosmaster.master][INFO] 2026-05-06 16:30:45,014: +PUB [/vis/agent_7/surrounding_lane_net_vis] /onlane_ai_agent_7 http://y:45753/
[rosmaster.master][INFO] 2026-05-06 16:30:45,014: +PUB [/vis/agent_4/pred_initial_intention_vis] /onlane_ai_agent_4 http://y:43879/
[rosmaster.master][INFO] 2026-05-06 16:30:45,015: +PUB [/vis/agent_2/pred_initial_intention_vis] /onlane_ai_agent_2 http://y:43573/
[rosmaster.master][INFO] 2026-05-06 16:30:45,015: +PUB [/vis/agent_3/forward_trajs] /onlane_ai_agent_3 http://y:45941/
[rosmaster.master][INFO] 2026-05-06 16:30:45,016: +PUB [/vis/agent_4/surrounding_vehicle_vis] /onlane_ai_agent_4 http://y:43879/
[rosmaster.master][INFO] 2026-05-06 16:30:45,016: +PUB [/ctrl/agent_8] /onlane_ai_agent_8 http://y:39671/
[rosmaster.master][INFO] 2026-05-06 16:30:45,017: +PUB [/vis/agent_2/surrounding_vehicle_vis] /onlane_ai_agent_2 http://y:43573/
[rosmaster.master][INFO] 2026-05-06 16:30:45,017: +PUB [/vis/agent_4/speed_limit] /onlane_ai_agent_4 http://y:43879/
[rosmaster.master][INFO] 2026-05-06 16:30:45,018: +PUB [/vis/agent_2/speed_limit] /onlane_ai_agent_2 http://y:43573/
[rosmaster.master][INFO] 2026-05-06 16:30:45,019: +SUB [/arena_info_dynamic] /onlane_ai_agent_1 http://y:33883/
[rosmaster.master][INFO] 2026-05-06 16:30:45,020: +PUB [/vis/agent_7/local_lanes_vis] /onlane_ai_agent_7 http://y:45753/
[rosmaster.master][INFO] 2026-05-06 16:30:45,021: +PUB [/vis/agent_7/ego_behavior_vis] /onlane_ai_agent_7 http://y:45753/
[rosmaster.master][INFO] 2026-05-06 16:30:45,022: +SUB [/arena_info_static] /onlane_ai_agent_4 http://y:43879/
[rosmaster.master][INFO] 2026-05-06 16:30:45,022: publisherUpdate[/rosout] -> http://y:38471/ ['http://y:33883/', 'http://y:40889/', 'http://y:43573/', 'http://y:45941/', 'http://y:43879/', 'http://y:45365/', 'http://y:34521/', 'http://y:39671/', 'http://y:45753/', 'http://y:46873/', 'http://y:42119/']: sec=0.02, result=[1, '', 0]
[rosmaster.master][INFO] 2026-05-06 16:30:45,023: +PUB [/vis/agent_7/pred_traj_openloop_vis] /onlane_ai_agent_7 http://y:45753/
[rosmaster.master][INFO] 2026-05-06 16:30:45,023: publisherUpdate[/rosout] -> http://y:38471/ ['http://y:33883/', 'http://y:40889/', 'http://y:43573/', 'http://y:45941/', 'http://y:43879/', 'http://y:45365/', 'http://y:34521/', 'http://y:39671/', 'http://y:45753/', 'http://y:46873/', 'http://y:42119/', 'http://y:39845/']
[rosmaster.master][INFO] 2026-05-06 16:30:45,024: +PUB [/vis/agent_0/pred_initial_intention_vis] /test_ssc_with_eudm_0 http://y:40889/
[rosmaster.master][INFO] 2026-05-06 16:30:45,026: publisherUpdate[/rosout] -> http://y:38471/ ['http://y:33883/', 'http://y:40889/', 'http://y:43573/', 'http://y:45941/', 'http://y:43879/', 'http://y:45365/', 'http://y:34521/', 'http://y:39671/', 'http://y:45753/', 'http://y:46873/', 'http://y:42119/', 'http://y:39845/']: sec=0.00, result=[1, '', 0]
[rosmaster.master][INFO] 2026-05-06 16:30:45,026: +SUB [/arena_info_static] /onlane_ai_agent_2 http://y:43573/
[rosmaster.master][INFO] 2026-05-06 16:30:45,026: +SUB [/joy] /onlane_ai_agent_1 http://y:33883/
[rosmaster.master][INFO] 2026-05-06 16:30:45,027: +PUB [/tf] /onlane_ai_agent_8 http://y:39671/
[rosmaster.master][INFO] 2026-05-06 16:30:45,027: +PUB [/vis/agent_7/pred_initial_intention_vis] /onlane_ai_agent_7 http://y:45753/
[rosmaster.master][INFO] 2026-05-06 16:30:45,027: +PUB [/vis/agent_0/surrounding_vehicle_vis] /test_ssc_with_eudm_0 http://y:40889/
[rosmaster.master][INFO] 2026-05-06 16:30:45,028: +SUB [/arena_info_dynamic] /onlane_ai_agent_4 http://y:43879/
[rosmaster.master][INFO] 2026-05-06 16:30:45,028: +PUB [/vis/agent_1/forward_trajs] /onlane_ai_agent_1 http://y:33883/
[rosmaster.master][INFO] 2026-05-06 16:30:45,028: +PUB [/vis/agent_8/ego_vehicle_vis] /onlane_ai_agent_8 http://y:39671/
[rosmaster.master][INFO] 2026-05-06 16:30:45,028: +PUB [/vis/agent_0/speed_limit] /test_ssc_with_eudm_0 http://y:40889/
[rosmaster.master][INFO] 2026-05-06 16:30:45,028: +PUB [/vis/agent_7/surrounding_vehicle_vis] /onlane_ai_agent_7 http://y:45753/
[rosmaster.master][INFO] 2026-05-06 16:30:45,029: +PUB [/vis/agent_0/ssc/map_vis] /test_ssc_with_eudm_0 http://y:40889/
[rosmaster.master][INFO] 2026-05-06 16:30:45,029: +PUB [/vis/agent_7/speed_limit] /onlane_ai_agent_7 http://y:45753/
[rosmaster.master][INFO] 2026-05-06 16:30:45,030: +PUB [/vis/agent_8/obstacle_map] /onlane_ai_agent_8 http://y:39671/
[rosmaster.master][INFO] 2026-05-06 16:30:45,031: +SUB [/arena_info_dynamic] /onlane_ai_agent_2 http://y:43573/
[rosmaster.master][INFO] 2026-05-06 16:30:45,032: +PUB [/vis/agent_0/ssc/qp_vis] /test_ssc_with_eudm_0 http://y:40889/
[rosmaster.master][INFO] 2026-05-06 16:30:45,032: +SUB [/joy] /onlane_ai_agent_4 http://y:43879/
[rosmaster.master][INFO] 2026-05-06 16:30:45,032: +PUB [/vis/agent_8/surrounding_lane_net_vis] /onlane_ai_agent_8 http://y:39671/
[rosmaster.master][INFO] 2026-05-06 16:30:45,033: +SUB [/arena_info_static] /onlane_ai_agent_7 http://y:45753/
[rosmaster.master][INFO] 2026-05-06 16:30:45,037: +PUB [/vis/agent_0/ssc/ego_fs_vis] /test_ssc_with_eudm_0 http://y:40889/
[rosmaster.master][INFO] 2026-05-06 16:30:45,037: +PUB [/vis/agent_8/local_lanes_vis] /onlane_ai_agent_8 http://y:39671/
[rosmaster.master][INFO] 2026-05-06 16:30:45,037: +SUB [/joy] /onlane_ai_agent_2 http://y:43573/
[rosmaster.master][INFO] 2026-05-06 16:30:45,038: +PUB [/vis/agent_4/forward_trajs] /onlane_ai_agent_4 http://y:43879/
[rosmaster.master][INFO] 2026-05-06 16:30:45,039: +PUB [/vis/agent_0/ssc/forward_trajs_vis] /test_ssc_with_eudm_0 http://y:40889/
[rosmaster.master][INFO] 2026-05-06 16:30:45,039: +PUB [/tf] /onlane_ai_agent_10 http://y:42119/
[rosmaster.master][INFO] 2026-05-06 16:30:45,039: +PUB [/vis/agent_8/ego_behavior_vis] /onlane_ai_agent_8 http://y:39671/
[rosmaster.master][INFO] 2026-05-06 16:30:45,039: +PUB [/vis/agent_0/ssc/sur_vehicle_trajs_vis] /test_ssc_with_eudm_0 http://y:40889/
[rosmaster.master][INFO] 2026-05-06 16:30:45,040: +SUB [/arena_info_dynamic] /onlane_ai_agent_7 http://y:45753/
[rosmaster.master][INFO] 2026-05-06 16:30:45,040: +PUB [/vis/agent_2/forward_trajs] /onlane_ai_agent_2 http://y:43573/
[rosmaster.master][INFO] 2026-05-06 16:30:45,040: +PUB [/vis/agent_10/ego_vehicle_vis] /onlane_ai_agent_10 http://y:42119/
[rosmaster.master][INFO] 2026-05-06 16:30:45,040: +PUB [/vis/agent_10/obstacle_map] /onlane_ai_agent_10 http://y:42119/
[rosmaster.master][INFO] 2026-05-06 16:30:45,040: +PUB [/vis/agent_0/ssc/corridor_vis] /test_ssc_with_eudm_0 http://y:40889/
[rosmaster.master][INFO] 2026-05-06 16:30:45,041: +PUB [/vis/agent_10/surrounding_lane_net_vis] /onlane_ai_agent_10 http://y:42119/
[rosmaster.master][INFO] 2026-05-06 16:30:45,042: +PUB [/vis/agent_8/pred_traj_openloop_vis] /onlane_ai_agent_8 http://y:39671/
[rosmaster.master][INFO] 2026-05-06 16:30:45,042: +PUB [/vis/agent_10/local_lanes_vis] /onlane_ai_agent_10 http://y:42119/
[rosmaster.master][INFO] 2026-05-06 16:30:45,043: +PUB [/vis/agent_10/ego_behavior_vis] /onlane_ai_agent_10 http://y:42119/
[rosmaster.master][INFO] 2026-05-06 16:30:45,043: +PUB [/vis/agent_8/pred_initial_intention_vis] /onlane_ai_agent_8 http://y:39671/
[rosmaster.master][INFO] 2026-05-06 16:30:45,044: +PUB [/vis/agent_10/pred_traj_openloop_vis] /onlane_ai_agent_10 http://y:42119/
[rosmaster.master][INFO] 2026-05-06 16:30:45,044: +PUB [/vis/agent_8/surrounding_vehicle_vis] /onlane_ai_agent_8 http://y:39671/
[rosmaster.master][INFO] 2026-05-06 16:30:45,044: +PUB [/vis/agent_10/pred_initial_intention_vis] /onlane_ai_agent_10 http://y:42119/
[rosmaster.master][INFO] 2026-05-06 16:30:45,045: +SUB [/joy] /onlane_ai_agent_7 http://y:45753/
[rosmaster.master][INFO] 2026-05-06 16:30:45,045: +SUB [/joy] /test_ssc_with_eudm_0 http://y:40889/
[rosmaster.master][INFO] 2026-05-06 16:30:45,045: +PUB [/vis/agent_8/speed_limit] /onlane_ai_agent_8 http://y:39671/
[rosmaster.master][INFO] 2026-05-06 16:30:45,046: +PUB [/vis/agent_10/surrounding_vehicle_vis] /onlane_ai_agent_10 http://y:42119/
[rosmaster.master][INFO] 2026-05-06 16:30:45,047: +PUB [/vis/agent_7/forward_trajs] /onlane_ai_agent_7 http://y:45753/
[rosmaster.master][INFO] 2026-05-06 16:30:45,047: +PUB [/arena_info_static] /phy_simulator_planning_node http://y:39845/
[rosmaster.master][INFO] 2026-05-06 16:30:45,047: +PUB [/vis/agent_10/speed_limit] /onlane_ai_agent_10 http://y:42119/
[rosmaster.master][INFO] 2026-05-06 16:30:45,048: +PUB [/vis/agent_0/forward_trajs] /test_ssc_with_eudm_0 http://y:40889/
[rosmaster.master][INFO] 2026-05-06 16:30:45,049: +PUB [/arena_info_dynamic] /phy_simulator_planning_node http://y:39845/
[rosmaster.master][INFO] 2026-05-06 16:30:45,049: +SUB [/arena_info_static] /onlane_ai_agent_8 http://y:39671/
[rosmaster.master][INFO] 2026-05-06 16:30:45,050: +SUB [/arena_info_static] /onlane_ai_agent_10 http://y:42119/
[rosmaster.master][INFO] 2026-05-06 16:30:45,051: +PUB [/phy_simulator_planning_node/vis/vehicle_set_vis] /phy_simulator_planning_node http://y:39845/
[rosmaster.master][INFO] 2026-05-06 16:30:45,052: +PUB [/ctrl/agent_0] /test_ssc_with_eudm_0 http://y:40889/
[rosmaster.master][INFO] 2026-05-06 16:30:45,052: +SUB [/arena_info_dynamic] /onlane_ai_agent_8 http://y:39671/
[rosmaster.master][INFO] 2026-05-06 16:30:45,052: +SUB [/arena_info_dynamic] /onlane_ai_agent_10 http://y:42119/
[rosmaster.master][INFO] 2026-05-06 16:30:45,053: +PUB [/test_ssc_with_eudm_0/ssc_map] /test_ssc_with_eudm_0 http://y:40889/
[rosmaster.master][INFO] 2026-05-06 16:30:45,053: +PUB [/phy_simulator_planning_node/vis/lane_net_vis] /phy_simulator_planning_node http://y:39845/
[rosmaster.master][INFO] 2026-05-06 16:30:45,053: +PUB [/vis/agent_0/ssc/exec_traj] /test_ssc_with_eudm_0 http://y:40889/
[rosmaster.master][INFO] 2026-05-06 16:30:45,055: +PUB [/phy_simulator_planning_node/vis/obstacle_set_vis] /phy_simulator_planning_node http://y:39845/
[rosmaster.master][INFO] 2026-05-06 16:30:45,055: +SUB [/joy] /onlane_ai_agent_8 http://y:39671/
[rosmaster.master][INFO] 2026-05-06 16:30:45,056: +SUB [/joy] /onlane_ai_agent_10 http://y:42119/
[rosmaster.master][INFO] 2026-05-06 16:30:45,057: +SUB [/arena_info_static] /test_ssc_with_eudm_0 http://y:40889/
[rosmaster.master][INFO] 2026-05-06 16:30:45,057: +SUB [/ctrl/agent_10] /phy_simulator_planning_node http://y:39845/
[rosmaster.master][INFO] 2026-05-06 16:30:45,057: +PUB [/vis/agent_8/forward_trajs] /onlane_ai_agent_8 http://y:39671/
[rosmaster.master][INFO] 2026-05-06 16:30:45,058: +PUB [/vis/agent_10/forward_trajs] /onlane_ai_agent_10 http://y:42119/
[rosmaster.master][INFO] 2026-05-06 16:30:45,059: +SUB [/ctrl/agent_9] /phy_simulator_planning_node http://y:39845/
[rosmaster.master][INFO] 2026-05-06 16:30:45,059: +SUB [/arena_info_dynamic] /test_ssc_with_eudm_0 http://y:40889/
[rosmaster.master][INFO] 2026-05-06 16:30:45,060: +SUB [/ctrl/agent_8] /phy_simulator_planning_node http://y:39845/
[rosmaster.master][INFO] 2026-05-06 16:30:45,061: +SUB [/ctrl/agent_7] /phy_simulator_planning_node http://y:39845/
[rosmaster.master][INFO] 2026-05-06 16:30:45,062: +SUB [/ctrl/agent_6] /phy_simulator_planning_node http://y:39845/
[rosmaster.master][INFO] 2026-05-06 16:30:45,063: +SUB [/ctrl/agent_5] /phy_simulator_planning_node http://y:39845/
[rosmaster.master][INFO] 2026-05-06 16:30:45,064: +SUB [/ctrl/agent_4] /phy_simulator_planning_node http://y:39845/
[rosmaster.master][INFO] 2026-05-06 16:30:45,065: +SUB [/ctrl/agent_3] /phy_simulator_planning_node http://y:39845/
[rosmaster.master][INFO] 2026-05-06 16:30:45,066: +SUB [/ctrl/agent_2] /phy_simulator_planning_node http://y:39845/
[rosmaster.master][INFO] 2026-05-06 16:30:45,067: +SUB [/ctrl/agent_1] /phy_simulator_planning_node http://y:39845/
[rosmaster.master][INFO] 2026-05-06 16:30:45,068: +SUB [/ctrl/agent_0] /phy_simulator_planning_node http://y:39845/
[rosmaster.master][INFO] 2026-05-06 16:30:45,068: +SUB [/initialpose] /phy_simulator_planning_node http://y:39845/
[rosmaster.master][INFO] 2026-05-06 16:30:45,069: +SUB [/move_base_simple/goal] /phy_simulator_planning_node http://y:39845/
[rosmaster.master][INFO] 2026-05-06 16:30:45,088: publisherUpdate[/arena_info_static] -> http://y:46873/ ['http://y:39845/']
[rosmaster.master][INFO] 2026-05-06 16:30:45,089: publisherUpdate[/arena_info_static] -> http://y:46873/ ['http://y:39845/']: sec=0.00, result=[1, '', 0]
[rosmaster.master][INFO] 2026-05-06 16:30:45,089: publisherUpdate[/arena_info_static] -> http://y:34521/ ['http://y:39845/']
[rosmaster.master][INFO] 2026-05-06 16:30:45,089: publisherUpdate[/arena_info_static] -> http://y:34521/ ['http://y:39845/']: sec=0.00, result=[1, '', 0]
[rosmaster.master][INFO] 2026-05-06 16:30:45,090: publisherUpdate[/arena_info_static] -> http://y:45365/ ['http://y:39845/']
[rosmaster.master][INFO] 2026-05-06 16:30:45,090: publisherUpdate[/arena_info_static] -> http://y:45365/ ['http://y:39845/']: sec=0.00, result=[1, '', 0]
[rosmaster.master][INFO] 2026-05-06 16:30:45,090: publisherUpdate[/arena_info_static] -> http://y:45941/ ['http://y:39845/']
[rosmaster.master][INFO] 2026-05-06 16:30:45,090: publisherUpdate[/arena_info_static] -> http://y:33883/ ['http://y:39845/']
[rosmaster.master][INFO] 2026-05-06 16:30:45,090: publisherUpdate[/arena_info_static] -> http://y:45941/ ['http://y:39845/']: sec=0.00, result=[1, '', 0]
[rosmaster.master][INFO] 2026-05-06 16:30:45,090: publisherUpdate[/arena_info_static] -> http://y:43879/ ['http://y:39845/']
[rosmaster.master][INFO] 2026-05-06 16:30:45,091: publisherUpdate[/arena_info_static] -> http://y:33883/ ['http://y:39845/']: sec=0.00, result=[1, '', 0]
[rosmaster.master][INFO] 2026-05-06 16:30:45,091: publisherUpdate[/arena_info_static] -> http://y:43573/ ['http://y:39845/']
[rosmaster.master][INFO] 2026-05-06 16:30:45,091: publisherUpdate[/arena_info_static] -> http://y:43573/ ['http://y:39845/']: sec=0.00, result=[1, '', 0]
[rosmaster.master][INFO] 2026-05-06 16:30:45,091: publisherUpdate[/arena_info_static] -> http://y:45753/ ['http://y:39845/']
[rosmaster.master][INFO] 2026-05-06 16:30:45,091: publisherUpdate[/arena_info_static] -> http://y:43879/ ['http://y:39845/']: sec=0.00, result=[1, '', 0]
[rosmaster.master][INFO] 2026-05-06 16:30:45,092: publisherUpdate[/arena_info_static] -> http://y:45753/ ['http://y:39845/']: sec=0.00, result=[1, '', 0]
[rosmaster.master][INFO] 2026-05-06 16:30:45,092: publisherUpdate[/arena_info_dynamic] -> http://y:46873/ ['http://y:39845/']
[rosmaster.master][INFO] 2026-05-06 16:30:45,092: publisherUpdate[/arena_info_dynamic] -> http://y:34521/ ['http://y:39845/']
[rosmaster.master][INFO] 2026-05-06 16:30:45,092: publisherUpdate[/arena_info_dynamic] -> http://y:46873/ ['http://y:39845/']: sec=0.00, result=[1, '', 0]
[rosmaster.master][INFO] 2026-05-06 16:30:45,092: publisherUpdate[/arena_info_dynamic] -> http://y:45365/ ['http://y:39845/']
[rosmaster.master][INFO] 2026-05-06 16:30:45,092: publisherUpdate[/arena_info_dynamic] -> http://y:45365/ ['http://y:39845/']: sec=0.00, result=[1, '', 0]
[rosmaster.master][INFO] 2026-05-06 16:30:45,092: publisherUpdate[/arena_info_dynamic] -> http://y:34521/ ['http://y:39845/']: sec=0.00, result=[1, '', 0]
[rosmaster.master][INFO] 2026-05-06 16:30:45,092: publisherUpdate[/arena_info_dynamic] -> http://y:45941/ ['http://y:39845/']
[rosmaster.master][INFO] 2026-05-06 16:30:45,092: publisherUpdate[/arena_info_dynamic] -> http://y:33883/ ['http://y:39845/']
[rosmaster.master][INFO] 2026-05-06 16:30:45,093: publisherUpdate[/arena_info_dynamic] -> http://y:45941/ ['http://y:39845/']: sec=0.00, result=[1, '', 0]
[rosmaster.master][INFO] 2026-05-06 16:30:45,093: publisherUpdate[/arena_info_dynamic] -> http://y:33883/ ['http://y:39845/']: sec=0.00, result=[1, '', 0]
[rosmaster.master][INFO] 2026-05-06 16:30:45,093: publisherUpdate[/arena_info_dynamic] -> http://y:43879/ ['http://y:39845/']
[rosmaster.master][INFO] 2026-05-06 16:30:45,093: publisherUpdate[/arena_info_dynamic] -> http://y:43573/ ['http://y:39845/']
[rosmaster.master][INFO] 2026-05-06 16:30:45,093: publisherUpdate[/arena_info_dynamic] -> http://y:43879/ ['http://y:39845/']: sec=0.00, result=[1, '', 0]
[rosmaster.master][INFO] 2026-05-06 16:30:45,093: publisherUpdate[/arena_info_dynamic] -> http://y:45753/ ['http://y:39845/']
[rosmaster.master][INFO] 2026-05-06 16:30:45,093: publisherUpdate[/arena_info_dynamic] -> http://y:43573/ ['http://y:39845/']: sec=0.00, result=[1, '', 0]
[rosmaster.master][INFO] 2026-05-06 16:30:45,093: publisherUpdate[/arena_info_dynamic] -> http://y:45753/ ['http://y:39845/']: sec=0.00, result=[1, '', 0]
[rosmaster.master][INFO] 2026-05-06 16:30:45,319: +CACHEDPARAM [/rosout/omit_topics] by /rosout
[rosmaster.master][INFO] 2026-05-06 16:30:52,644: +PUB [/rosout] /epsilon_metric_collector_1232745_1778056252530 http://y:33877/
[rosmaster.master][INFO] 2026-05-06 16:30:52,646: +SERVICE [/epsilon_metric_collector_1232745_1778056252530/get_loggers] /epsilon_metric_collector_1232745_1778056252530 http://y:33877/
[rosmaster.master][INFO] 2026-05-06 16:30:52,646: +SERVICE [/epsilon_metric_collector_1232745_1778056252530/set_logger_level] /epsilon_metric_collector_1232745_1778056252530 http://y:33877/
[rosmaster.master][INFO] 2026-05-06 16:30:52,647: +SUB [/arena_info_dynamic] /epsilon_metric_collector_1232745_1778056252530 http://y:33877/
[rosmaster.master][INFO] 2026-05-06 16:30:52,706: publisherUpdate[/rosout] -> http://y:38471/ ['http://y:33883/', 'http://y:40889/', 'http://y:43573/', 'http://y:45941/', 'http://y:43879/', 'http://y:45365/', 'http://y:34521/', 'http://y:39671/', 'http://y:45753/', 'http://y:46873/', 'http://y:42119/', 'http://y:39845/', 'http://y:33877/']
[rosmaster.master][INFO] 2026-05-06 16:30:52,707: publisherUpdate[/rosout] -> http://y:38471/ ['http://y:33883/', 'http://y:40889/', 'http://y:43573/', 'http://y:45941/', 'http://y:43879/', 'http://y:45365/', 'http://y:34521/', 'http://y:39671/', 'http://y:45753/', 'http://y:46873/', 'http://y:42119/', 'http://y:39845/', 'http://y:33877/']: sec=0.00, result=[1, '', 0]
[rosmaster.master][INFO] 2026-05-06 16:32:52,312: -SUB [/arena_info_dynamic] /epsilon_metric_collector_1232745_1778056252530 http://y:33877/
[rosmaster.master][INFO] 2026-05-06 16:32:52,312: -PUB [/rosout] /epsilon_metric_collector_1232745_1778056252530 http://y:33877/
[rosmaster.master][INFO] 2026-05-06 16:32:52,312: -SERVICE [/epsilon_metric_collector_1232745_1778056252530/get_loggers] /epsilon_metric_collector_1232745_1778056252530 rosrpc://y:46159
[rosmaster.master][INFO] 2026-05-06 16:32:52,312: -SERVICE [/epsilon_metric_collector_1232745_1778056252530/set_logger_level] /epsilon_metric_collector_1232745_1778056252530 rosrpc://y:46159
[rosmaster.master][INFO] 2026-05-06 16:32:52,340: publisherUpdate[/rosout] -> http://y:38471/ ['http://y:33883/', 'http://y:40889/', 'http://y:43573/', 'http://y:45941/', 'http://y:43879/', 'http://y:45365/', 'http://y:34521/', 'http://y:39671/', 'http://y:45753/', 'http://y:46873/', 'http://y:42119/', 'http://y:39845/']
[rosmaster.master][INFO] 2026-05-06 16:32:52,341: publisherUpdate[/rosout] -> http://y:38471/ ['http://y:33883/', 'http://y:40889/', 'http://y:43573/', 'http://y:45941/', 'http://y:43879/', 'http://y:45365/', 'http://y:34521/', 'http://y:39671/', 'http://y:45753/', 'http://y:46873/', 'http://y:42119/', 'http://y:39845/']: sec=0.00, result=[1, '', 0]
[rosmaster.master][INFO] 2026-05-06 16:32:53,369: +PUB [/rosout] /rostopic_1297837_1778056373244 http://y:37341/
[rosmaster.master][INFO] 2026-05-06 16:32:53,371: +SERVICE [/rostopic_1297837_1778056373244/get_loggers] /rostopic_1297837_1778056373244 http://y:37341/
[rosmaster.master][INFO] 2026-05-06 16:32:53,371: +SERVICE [/rostopic_1297837_1778056373244/set_logger_level] /rostopic_1297837_1778056373244 http://y:37341/
[rosmaster.master][INFO] 2026-05-06 16:32:53,379: +SUB [/arena_info_dynamic] /rostopic_1297837_1778056373244 http://y:37341/
[rosmaster.master][INFO] 2026-05-06 16:32:53,405: publisherUpdate[/rosout] -> http://y:38471/ ['http://y:33883/', 'http://y:40889/', 'http://y:43573/', 'http://y:45941/', 'http://y:43879/', 'http://y:45365/', 'http://y:34521/', 'http://y:39671/', 'http://y:45753/', 'http://y:46873/', 'http://y:42119/', 'http://y:39845/', 'http://y:37341/']
[rosmaster.master][INFO] 2026-05-06 16:32:53,406: publisherUpdate[/rosout] -> http://y:38471/ ['http://y:33883/', 'http://y:40889/', 'http://y:43573/', 'http://y:45941/', 'http://y:43879/', 'http://y:45365/', 'http://y:34521/', 'http://y:39671/', 'http://y:45753/', 'http://y:46873/', 'http://y:42119/', 'http://y:39845/', 'http://y:37341/']: sec=0.00, result=[1, '', 0]
[rosmaster.master][INFO] 2026-05-06 16:33:07,950: -SUB [/arena_info_dynamic] /rostopic_1297837_1778056373244 http://y:37341/
[rosmaster.master][INFO] 2026-05-06 16:33:07,951: -PUB [/rosout] /rostopic_1297837_1778056373244 http://y:37341/
[rosmaster.master][INFO] 2026-05-06 16:33:07,951: -SERVICE [/rostopic_1297837_1778056373244/get_loggers] /rostopic_1297837_1778056373244 rosrpc://y:35643
[rosmaster.master][INFO] 2026-05-06 16:33:07,951: -SERVICE [/rostopic_1297837_1778056373244/set_logger_level] /rostopic_1297837_1778056373244 rosrpc://y:35643
[rosmaster.master][INFO] 2026-05-06 16:33:07,966: publisherUpdate[/rosout] -> http://y:38471/ ['http://y:33883/', 'http://y:40889/', 'http://y:43573/', 'http://y:45941/', 'http://y:43879/', 'http://y:45365/', 'http://y:34521/', 'http://y:39671/', 'http://y:45753/', 'http://y:46873/', 'http://y:42119/', 'http://y:39845/']
[rosmaster.master][INFO] 2026-05-06 16:33:07,967: publisherUpdate[/rosout] -> http://y:38471/ ['http://y:33883/', 'http://y:40889/', 'http://y:43573/', 'http://y:45941/', 'http://y:43879/', 'http://y:45365/', 'http://y:34521/', 'http://y:39671/', 'http://y:45753/', 'http://y:46873/', 'http://y:42119/', 'http://y:39845/']: sec=0.00, result=[1, '', 0]
[rosmaster.master][INFO] 2026-05-06 16:33:08,703: -PUB [/rosout] /phy_simulator_planning_node http://y:39845/
[rosmaster.master][INFO] 2026-05-06 16:33:08,703: -PUB [/arena_info_static] /phy_simulator_planning_node http://y:39845/
[rosmaster.master][INFO] 2026-05-06 16:33:08,703: -PUB [/arena_info_dynamic] /phy_simulator_planning_node http://y:39845/
[rosmaster.master][INFO] 2026-05-06 16:33:08,704: -PUB [/phy_simulator_planning_node/vis/vehicle_set_vis] /phy_simulator_planning_node http://y:39845/
[rosmaster.master][INFO] 2026-05-06 16:33:08,704: -PUB [/phy_simulator_planning_node/vis/lane_net_vis] /phy_simulator_planning_node http://y:39845/
[rosmaster.master][INFO] 2026-05-06 16:33:08,705: -PUB [/phy_simulator_planning_node/vis/obstacle_set_vis] /phy_simulator_planning_node http://y:39845/
[rosmaster.master][INFO] 2026-05-06 16:33:08,705: -SUB [/ctrl/agent_10] /phy_simulator_planning_node http://y:39845/
[rosmaster.master][INFO] 2026-05-06 16:33:08,705: -SUB [/ctrl/agent_9] /phy_simulator_planning_node http://y:39845/
[rosmaster.master][INFO] 2026-05-06 16:33:08,705: -SUB [/ctrl/agent_8] /phy_simulator_planning_node http://y:39845/
[rosmaster.master][INFO] 2026-05-06 16:33:08,705: -SUB [/ctrl/agent_7] /phy_simulator_planning_node http://y:39845/
[rosmaster.master][INFO] 2026-05-06 16:33:08,706: -SUB [/ctrl/agent_6] /phy_simulator_planning_node http://y:39845/
[rosmaster.master][INFO] 2026-05-06 16:33:08,706: -SUB [/ctrl/agent_5] /phy_simulator_planning_node http://y:39845/
[rosmaster.master][INFO] 2026-05-06 16:33:08,706: -SUB [/ctrl/agent_4] /phy_simulator_planning_node http://y:39845/
[rosmaster.master][INFO] 2026-05-06 16:33:08,706: -SUB [/ctrl/agent_3] /phy_simulator_planning_node http://y:39845/
[rosmaster.master][INFO] 2026-05-06 16:33:08,707: -SUB [/ctrl/agent_2] /phy_simulator_planning_node http://y:39845/
[rosmaster.master][INFO] 2026-05-06 16:33:08,707: -SUB [/ctrl/agent_1] /phy_simulator_planning_node http://y:39845/
[rosmaster.master][INFO] 2026-05-06 16:33:08,707: -SUB [/ctrl/agent_0] /phy_simulator_planning_node http://y:39845/
[rosmaster.master][INFO] 2026-05-06 16:33:08,707: -SUB [/initialpose] /phy_simulator_planning_node http://y:39845/
[rosmaster.master][INFO] 2026-05-06 16:33:08,707: -SUB [/move_base_simple/goal] /phy_simulator_planning_node http://y:39845/
[rosmaster.master][INFO] 2026-05-06 16:33:08,707: -SERVICE [/phy_simulator_planning_node/get_loggers] /phy_simulator_planning_node rosrpc://y:52173
[rosmaster.master][INFO] 2026-05-06 16:33:08,708: -SERVICE [/phy_simulator_planning_node/set_logger_level] /phy_simulator_planning_node rosrpc://y:52173
[rosmaster.master][INFO] 2026-05-06 16:33:08,708: -PUB [/rosout] /onlane_ai_agent_7 http://y:45753/
[rosmaster.master][INFO] 2026-05-06 16:33:08,709: -PUB [/ctrl/agent_7] /onlane_ai_agent_7 http://y:45753/
[rosmaster.master][INFO] 2026-05-06 16:33:08,709: -PUB [/tf] /onlane_ai_agent_7 http://y:45753/
[rosmaster.master][INFO] 2026-05-06 16:33:08,709: -PUB [/vis/agent_7/ego_vehicle_vis] /onlane_ai_agent_7 http://y:45753/
[rosmaster.master][INFO] 2026-05-06 16:33:08,709: -PUB [/vis/agent_7/obstacle_map] /onlane_ai_agent_7 http://y:45753/
[rosmaster.master][INFO] 2026-05-06 16:33:08,709: -PUB [/vis/agent_7/surrounding_lane_net_vis] /onlane_ai_agent_7 http://y:45753/
[rosmaster.master][INFO] 2026-05-06 16:33:08,710: -PUB [/vis/agent_7/local_lanes_vis] /onlane_ai_agent_7 http://y:45753/
[rosmaster.master][INFO] 2026-05-06 16:33:08,710: -PUB [/vis/agent_7/ego_behavior_vis] /onlane_ai_agent_7 http://y:45753/
[rosmaster.master][INFO] 2026-05-06 16:33:08,710: -PUB [/vis/agent_7/pred_traj_openloop_vis] /onlane_ai_agent_7 http://y:45753/
[rosmaster.master][INFO] 2026-05-06 16:33:08,710: -PUB [/vis/agent_7/pred_initial_intention_vis] /onlane_ai_agent_7 http://y:45753/
[rosmaster.master][INFO] 2026-05-06 16:33:08,710: -PUB [/vis/agent_7/surrounding_vehicle_vis] /onlane_ai_agent_7 http://y:45753/
[rosmaster.master][INFO] 2026-05-06 16:33:08,710: -PUB [/vis/agent_7/speed_limit] /onlane_ai_agent_7 http://y:45753/
[rosmaster.master][INFO] 2026-05-06 16:33:08,711: -PUB [/vis/agent_7/forward_trajs] /onlane_ai_agent_7 http://y:45753/
[rosmaster.master][INFO] 2026-05-06 16:33:08,711: -SUB [/arena_info_static] /onlane_ai_agent_7 http://y:45753/
[rosmaster.master][INFO] 2026-05-06 16:33:08,711: -SUB [/arena_info_dynamic] /onlane_ai_agent_7 http://y:45753/
[rosmaster.master][INFO] 2026-05-06 16:33:08,711: -SUB [/joy] /onlane_ai_agent_7 http://y:45753/
[rosmaster.master][INFO] 2026-05-06 16:33:08,711: -SERVICE [/onlane_ai_agent_7/get_loggers] /onlane_ai_agent_7 rosrpc://y:52519
[rosmaster.master][INFO] 2026-05-06 16:33:08,711: -SERVICE [/onlane_ai_agent_7/set_logger_level] /onlane_ai_agent_7 rosrpc://y:52519
[rosmaster.master][INFO] 2026-05-06 16:33:08,729: publisherUpdate[/rosout] -> http://y:38471/ ['http://y:33883/', 'http://y:40889/', 'http://y:43573/', 'http://y:45941/', 'http://y:43879/', 'http://y:45365/', 'http://y:34521/', 'http://y:39671/', 'http://y:45753/', 'http://y:46873/', 'http://y:42119/']
[rosmaster.master][INFO] 2026-05-06 16:33:08,730: publisherUpdate[/arena_info_static] -> http://y:46873/ []
[rosmaster.master][INFO] 2026-05-06 16:33:08,730: publisherUpdate[/rosout] -> http://y:38471/ ['http://y:33883/', 'http://y:40889/', 'http://y:43573/', 'http://y:45941/', 'http://y:43879/', 'http://y:45365/', 'http://y:34521/', 'http://y:39671/', 'http://y:45753/', 'http://y:46873/', 'http://y:42119/']: sec=0.00, result=[1, '', 0]
[rosmaster.master][INFO] 2026-05-06 16:33:08,730: publisherUpdate[/arena_info_static] -> http://y:34521/ []
[rosmaster.master][INFO] 2026-05-06 16:33:08,731: publisherUpdate[/arena_info_static] -> http://y:34521/ []: sec=0.00, result=[1, '', 0]
[rosmaster.master][INFO] 2026-05-06 16:33:08,731: publisherUpdate[/arena_info_static] -> http://y:45365/ []
[rosmaster.master][INFO] 2026-05-06 16:33:08,731: publisherUpdate[/arena_info_static] -> http://y:46873/ []: sec=0.00, result=[1, '', 0]
[rosmaster.master][INFO] 2026-05-06 16:33:08,731: publisherUpdate[/arena_info_static] -> http://y:45365/ []: sec=0.00, result=[1, '', 0]
[rosmaster.master][INFO] 2026-05-06 16:33:08,731: publisherUpdate[/arena_info_static] -> http://y:33883/ []
[rosmaster.master][INFO] 2026-05-06 16:33:08,731: publisherUpdate[/arena_info_static] -> http://y:45941/ []
[rosmaster.master][INFO] 2026-05-06 16:33:08,732: publisherUpdate[/arena_info_static] -> http://y:33883/ []: sec=0.00, result=[1, '', 0]
[rosmaster.master][INFO] 2026-05-06 16:33:08,732: publisherUpdate[/arena_info_static] -> http://y:43879/ []
[rosmaster.master][INFO] 2026-05-06 16:33:08,732: publisherUpdate[/arena_info_static] -> http://y:45941/ []: sec=0.00, result=[1, '', 0]
[rosmaster.master][INFO] 2026-05-06 16:33:08,732: publisherUpdate[/arena_info_static] -> http://y:43573/ []
[rosmaster.master][INFO] 2026-05-06 16:33:08,732: publisherUpdate[/arena_info_static] -> http://y:43879/ []: sec=0.00, result=[1, '', 0]
[rosmaster.master][INFO] 2026-05-06 16:33:08,732: publisherUpdate[/arena_info_static] -> http://y:45753/ []
[rosmaster.master][INFO] 2026-05-06 16:33:08,733: publisherUpdate[/arena_info_static] -> http://y:43573/ []: sec=0.00, result=[1, '', 0]
[rosmaster.master][INFO] 2026-05-06 16:33:08,733: publisherUpdate[/arena_info_static] -> http://y:39671/ []
[rosmaster.master][INFO] 2026-05-06 16:33:08,733: publisherUpdate[/arena_info_static] -> http://y:45753/ []: sec=0.00, exception=[Errno 111] Connection refused
[rosmaster.master][INFO] 2026-05-06 16:33:08,734: publisherUpdate[/arena_info_static] -> http://y:39671/ []: sec=0.00, result=[1, '', 0]
[rosmaster.master][INFO] 2026-05-06 16:33:08,734: publisherUpdate[/arena_info_static] -> http://y:42119/ []
[rosmaster.threadpool][ERROR] 2026-05-06 16:33:08,734: Traceback (most recent call last):
  File "/opt/ros/noetic/lib/python3/dist-packages/rosmaster/threadpool.py", line 218, in run
    result = cmd(*args)
  File "/opt/ros/noetic/lib/python3/dist-packages/rosmaster/master_api.py", line 210, in publisher_update_task
    ret = xmlrpcapi(api).publisherUpdate('/master', topic, pub_uris)
  File "/usr/lib/python3.8/xmlrpc/client.py", line 1109, in __call__
    return self.__send(self.__name, args)
  File "/usr/lib/python3.8/xmlrpc/client.py", line 1450, in __request
    response = self.__transport.request(
  File "/usr/lib/python3.8/xmlrpc/client.py", line 1153, in request
    return self.single_request(host, handler, request_body, verbose)
  File "/usr/lib/python3.8/xmlrpc/client.py", line 1165, in single_request
    http_conn = self.send_request(host, handler, request_body, verbose)
  File "/usr/lib/python3.8/xmlrpc/client.py", line 1278, in send_request
    self.send_content(connection, request_body)
  File "/usr/lib/python3.8/xmlrpc/client.py", line 1308, in send_content
    connection.endheaders(request_body)
  File "/usr/lib/python3.8/http/client.py", line 1251, in endheaders
    self._send_output(message_body, encode_chunked=encode_chunked)
  File "/usr/lib/python3.8/http/client.py", line 1011, in _send_output
    self.send(msg)
  File "/usr/lib/python3.8/http/client.py", line 951, in send
    self.connect()
  File "/usr/lib/python3.8/http/client.py", line 922, in connect
    self.sock = self._create_connection(
  File "/usr/lib/python3.8/socket.py", line 808, in create_connection
    raise err
  File "/usr/lib/python3.8/socket.py", line 796, in create_connection
    sock.connect(sa)
ConnectionRefusedError: [Errno 111] Connection refused

[rosmaster.master][INFO] 2026-05-06 16:33:08,734: publisherUpdate[/arena_info_static] -> http://y:40889/ []
[rosmaster.master][INFO] 2026-05-06 16:33:08,734: publisherUpdate[/arena_info_static] -> http://y:40889/ []: sec=0.00, result=[1, '', 0]
[rosmaster.master][INFO] 2026-05-06 16:33:08,735: publisherUpdate[/arena_info_static] -> http://y:42119/ []: sec=0.00, result=[1, '', 0]
[rosmaster.master][INFO] 2026-05-06 16:33:08,735: publisherUpdate[/arena_info_dynamic] -> http://y:46873/ []
[rosmaster.master][INFO] 2026-05-06 16:33:08,735: publisherUpdate[/arena_info_dynamic] -> http://y:34521/ []
[rosmaster.master][INFO] 2026-05-06 16:33:08,735: publisherUpdate[/arena_info_dynamic] -> http://y:46873/ []: sec=0.00, result=[1, '', 0]
[rosmaster.master][INFO] 2026-05-06 16:33:08,735: publisherUpdate[/arena_info_dynamic] -> http://y:45365/ []
[rosmaster.master][INFO] 2026-05-06 16:33:08,735: publisherUpdate[/arena_info_dynamic] -> http://y:34521/ []: sec=0.00, result=[1, '', 0]
[rosmaster.master][INFO] 2026-05-06 16:33:08,735: publisherUpdate[/arena_info_dynamic] -> http://y:45941/ []
[rosmaster.master][INFO] 2026-05-06 16:33:08,736: publisherUpdate[/arena_info_dynamic] -> http://y:45365/ []: sec=0.00, result=[1, '', 0]
[rosmaster.master][INFO] 2026-05-06 16:33:08,736: publisherUpdate[/arena_info_dynamic] -> http://y:33883/ []
[rosmaster.master][INFO] 2026-05-06 16:33:08,736: publisherUpdate[/arena_info_dynamic] -> http://y:45941/ []: sec=0.00, result=[1, '', 0]
[rosmaster.master][INFO] 2026-05-06 16:33:08,736: publisherUpdate[/arena_info_dynamic] -> http://y:33883/ []: sec=0.00, result=[1, '', 0]
[rosmaster.master][INFO] 2026-05-06 16:33:08,736: publisherUpdate[/arena_info_dynamic] -> http://y:43879/ []
[rosmaster.master][INFO] 2026-05-06 16:33:08,736: publisherUpdate[/arena_info_dynamic] -> http://y:43573/ []
[rosmaster.master][INFO] 2026-05-06 16:33:08,736: publisherUpdate[/arena_info_dynamic] -> http://y:43573/ []: sec=0.00, result=[1, '', 0]
[rosmaster.master][INFO] 2026-05-06 16:33:08,737: publisherUpdate[/arena_info_dynamic] -> http://y:43879/ []: sec=0.00, result=[1, '', 0]
[rosmaster.master][INFO] 2026-05-06 16:33:08,737: publisherUpdate[/arena_info_dynamic] -> http://y:45753/ []
[rosmaster.master][INFO] 2026-05-06 16:33:08,737: publisherUpdate[/arena_info_dynamic] -> http://y:39671/ []
[rosmaster.master][INFO] 2026-05-06 16:33:08,737: publisherUpdate[/arena_info_dynamic] -> http://y:45753/ []: sec=0.00, exception=[Errno 111] Connection refused
[rosmaster.threadpool][ERROR] 2026-05-06 16:33:08,737: Traceback (most recent call last):
  File "/opt/ros/noetic/lib/python3/dist-packages/rosmaster/threadpool.py", line 218, in run
    result = cmd(*args)
  File "/opt/ros/noetic/lib/python3/dist-packages/rosmaster/master_api.py", line 210, in publisher_update_task
    ret = xmlrpcapi(api).publisherUpdate('/master', topic, pub_uris)
  File "/usr/lib/python3.8/xmlrpc/client.py", line 1109, in __call__
    return self.__send(self.__name, args)
  File "/usr/lib/python3.8/xmlrpc/client.py", line 1450, in __request
    response = self.__transport.request(
  File "/usr/lib/python3.8/xmlrpc/client.py", line 1153, in request
    return self.single_request(host, handler, request_body, verbose)
  File "/usr/lib/python3.8/xmlrpc/client.py", line 1165, in single_request
    http_conn = self.send_request(host, handler, request_body, verbose)
  File "/usr/lib/python3.8/xmlrpc/client.py", line 1278, in send_request
    self.send_content(connection, request_body)
  File "/usr/lib/python3.8/xmlrpc/client.py", line 1308, in send_content
    connection.endheaders(request_body)
  File "/usr/lib/python3.8/http/client.py", line 1251, in endheaders
    self._send_output(message_body, encode_chunked=encode_chunked)
  File "/usr/lib/python3.8/http/client.py", line 1011, in _send_output
    self.send(msg)
  File "/usr/lib/python3.8/http/client.py", line 951, in send
    self.connect()
  File "/usr/lib/python3.8/http/client.py", line 922, in connect
    self.sock = self._create_connection(
  File "/usr/lib/python3.8/socket.py", line 808, in create_connection
    raise err
  File "/usr/lib/python3.8/socket.py", line 796, in create_connection
    sock.connect(sa)
ConnectionRefusedError: [Errno 111] Connection refused

[rosmaster.master][INFO] 2026-05-06 16:33:08,737: publisherUpdate[/arena_info_dynamic] -> http://y:42119/ []
[rosmaster.master][INFO] 2026-05-06 16:33:08,737: publisherUpdate[/arena_info_dynamic] -> http://y:39671/ []: sec=0.00, result=[1, '', 0]
[rosmaster.master][INFO] 2026-05-06 16:33:08,737: publisherUpdate[/arena_info_dynamic] -> http://y:40889/ []
[rosmaster.master][INFO] 2026-05-06 16:33:08,738: publisherUpdate[/arena_info_dynamic] -> http://y:42119/ []: sec=0.00, result=[0, 'Unknown Error', 0]
[rosmaster.master][INFO] 2026-05-06 16:33:08,738: publisherUpdate[/rosout] -> http://y:38471/ ['http://y:33883/', 'http://y:40889/', 'http://y:43573/', 'http://y:45941/', 'http://y:43879/', 'http://y:45365/', 'http://y:34521/', 'http://y:39671/', 'http://y:46873/', 'http://y:42119/']
[rosmaster.master][INFO] 2026-05-06 16:33:08,738: publisherUpdate[/arena_info_dynamic] -> http://y:40889/ []: sec=0.00, result=[1, '', 0]
[rosmaster.master][INFO] 2026-05-06 16:33:08,738: publisherUpdate[/rosout] -> http://y:38471/ ['http://y:33883/', 'http://y:40889/', 'http://y:43573/', 'http://y:45941/', 'http://y:43879/', 'http://y:45365/', 'http://y:34521/', 'http://y:39671/', 'http://y:46873/', 'http://y:42119/']: sec=0.00, result=[1, '', 0]
[rosmaster.master][INFO] 2026-05-06 16:33:08,836: -PUB [/rosout] /onlane_ai_agent_9 http://y:46873/
[rosmaster.master][INFO] 2026-05-06 16:33:08,836: -PUB [/rosout] /onlane_ai_agent_6 http://y:34521/
[rosmaster.master][INFO] 2026-05-06 16:33:08,836: -PUB [/rosout] /onlane_ai_agent_5 http://y:45365/
[rosmaster.master][INFO] 2026-05-06 16:33:08,836: -PUB [/ctrl/agent_6] /onlane_ai_agent_6 http://y:34521/
[rosmaster.master][INFO] 2026-05-06 16:33:08,837: -PUB [/rosout] /onlane_ai_agent_3 http://y:45941/
[rosmaster.master][INFO] 2026-05-06 16:33:08,837: -PUB [/ctrl/agent_3] /onlane_ai_agent_3 http://y:45941/
[rosmaster.master][INFO] 2026-05-06 16:33:08,838: -PUB [/rosout] /onlane_ai_agent_4 http://y:43879/
[rosmaster.master][INFO] 2026-05-06 16:33:08,839: -PUB [/rosout] /onlane_ai_agent_2 http://y:43573/
[rosmaster.master][INFO] 2026-05-06 16:33:08,839: -PUB [/tf] /onlane_ai_agent_6 http://y:34521/
[rosmaster.master][INFO] 2026-05-06 16:33:08,839: publisherUpdate[/rosout] -> http://y:38471/ ['http://y:33883/', 'http://y:40889/', 'http://y:43573/', 'http://y:45941/', 'http://y:43879/', 'http://y:45365/', 'http://y:34521/', 'http://y:39671/', 'http://y:42119/']
[rosmaster.master][INFO] 2026-05-06 16:33:08,840: publisherUpdate[/rosout] -> http://y:38471/ ['http://y:33883/', 'http://y:40889/', 'http://y:43573/', 'http://y:45941/', 'http://y:43879/', 'http://y:45365/', 'http://y:34521/', 'http://y:39671/', 'http://y:42119/']: sec=0.00, result=[1, '', 0]
[rosmaster.master][INFO] 2026-05-06 16:33:08,840: publisherUpdate[/rosout] -> http://y:38471/ ['http://y:33883/', 'http://y:40889/', 'http://y:43573/', 'http://y:45941/', 'http://y:43879/', 'http://y:45365/', 'http://y:39671/', 'http://y:42119/']
[rosmaster.master][INFO] 2026-05-06 16:33:08,840: -PUB [/ctrl/agent_9] /onlane_ai_agent_9 http://y:46873/
[rosmaster.master][INFO] 2026-05-06 16:33:08,840: -PUB [/tf] /onlane_ai_agent_3 http://y:45941/
[rosmaster.master][INFO] 2026-05-06 16:33:08,841: publisherUpdate[/rosout] -> http://y:38471/ ['http://y:33883/', 'http://y:40889/', 'http://y:43573/', 'http://y:45941/', 'http://y:43879/', 'http://y:45365/', 'http://y:39671/', 'http://y:42119/']: sec=0.00, result=[1, '', 0]
[rosmaster.master][INFO] 2026-05-06 16:33:08,841: -PUB [/ctrl/agent_5] /onlane_ai_agent_5 http://y:45365/
[rosmaster.master][INFO] 2026-05-06 16:33:08,841: publisherUpdate[/rosout] -> http://y:38471/ ['http://y:33883/', 'http://y:40889/', 'http://y:43573/', 'http://y:45941/', 'http://y:43879/', 'http://y:39671/', 'http://y:42119/']
[rosmaster.master][INFO] 2026-05-06 16:33:08,841: -PUB [/rosout] /onlane_ai_agent_10 http://y:42119/
[rosmaster.master][INFO] 2026-05-06 16:33:08,842: -PUB [/ctrl/agent_2] /onlane_ai_agent_2 http://y:43573/
[rosmaster.master][INFO] 2026-05-06 16:33:08,842: publisherUpdate[/rosout] -> http://y:38471/ ['http://y:33883/', 'http://y:40889/', 'http://y:43573/', 'http://y:45941/', 'http://y:43879/', 'http://y:39671/', 'http://y:42119/']: sec=0.00, result=[1, '', 0]
[rosmaster.master][INFO] 2026-05-06 16:33:08,842: -PUB [/vis/agent_6/ego_vehicle_vis] /onlane_ai_agent_6 http://y:34521/
[rosmaster.master][INFO] 2026-05-06 16:33:08,842: publisherUpdate[/rosout] -> http://y:38471/ ['http://y:33883/', 'http://y:40889/', 'http://y:43573/', 'http://y:43879/', 'http://y:39671/', 'http://y:42119/']
[rosmaster.master][INFO] 2026-05-06 16:33:08,842: -PUB [/rosout] /onlane_ai_agent_8 http://y:39671/
[rosmaster.master][INFO] 2026-05-06 16:33:08,843: publisherUpdate[/rosout] -> http://y:38471/ ['http://y:33883/', 'http://y:40889/', 'http://y:43573/', 'http://y:43879/', 'http://y:39671/', 'http://y:42119/']: sec=0.00, result=[1, '', 0]
[rosmaster.master][INFO] 2026-05-06 16:33:08,843: publisherUpdate[/rosout] -> http://y:38471/ ['http://y:33883/', 'http://y:40889/', 'http://y:43573/', 'http://y:39671/', 'http://y:42119/']
[rosmaster.master][INFO] 2026-05-06 16:33:08,843: -PUB [/ctrl/agent_4] /onlane_ai_agent_4 http://y:43879/
[rosmaster.master][INFO] 2026-05-06 16:33:08,843: -PUB [/tf] /onlane_ai_agent_9 http://y:46873/
[rosmaster.master][INFO] 2026-05-06 16:33:08,844: publisherUpdate[/rosout] -> http://y:38471/ ['http://y:33883/', 'http://y:40889/', 'http://y:43573/', 'http://y:39671/', 'http://y:42119/']: sec=0.00, result=[1, '', 0]
[rosmaster.master][INFO] 2026-05-06 16:33:08,844: -PUB [/vis/agent_3/ego_vehicle_vis] /onlane_ai_agent_3 http://y:45941/
[rosmaster.master][INFO] 2026-05-06 16:33:08,844: publisherUpdate[/rosout] -> http://y:38471/ ['http://y:33883/', 'http://y:40889/', 'http://y:39671/', 'http://y:42119/']
[rosmaster.master][INFO] 2026-05-06 16:33:08,844: -PUB [/tf] /onlane_ai_agent_5 http://y:45365/
[rosmaster.master][INFO] 2026-05-06 16:33:08,844: -PUB [/ctrl/agent_10] /onlane_ai_agent_10 http://y:42119/
[rosmaster.master][INFO] 2026-05-06 16:33:08,845: publisherUpdate[/rosout] -> http://y:38471/ ['http://y:33883/', 'http://y:40889/', 'http://y:39671/', 'http://y:42119/']: sec=0.00, result=[1, '', 0]
[rosmaster.master][INFO] 2026-05-06 16:33:08,845: -PUB [/tf] /onlane_ai_agent_2 http://y:43573/
[rosmaster.master][INFO] 2026-05-06 16:33:08,845: publisherUpdate[/rosout] -> http://y:38471/ ['http://y:33883/', 'http://y:40889/', 'http://y:39671/']
[rosmaster.master][INFO] 2026-05-06 16:33:08,845: -PUB [/vis/agent_6/obstacle_map] /onlane_ai_agent_6 http://y:34521/
[rosmaster.master][INFO] 2026-05-06 16:33:08,845: -PUB [/ctrl/agent_8] /onlane_ai_agent_8 http://y:39671/
[rosmaster.master][INFO] 2026-05-06 16:33:08,846: publisherUpdate[/rosout] -> http://y:38471/ ['http://y:33883/', 'http://y:40889/', 'http://y:39671/']: sec=0.00, result=[1, '', 0]
[rosmaster.master][INFO] 2026-05-06 16:33:08,846: publisherUpdate[/rosout] -> http://y:38471/ ['http://y:33883/', 'http://y:40889/']
[rosmaster.master][INFO] 2026-05-06 16:33:08,846: -PUB [/tf] /onlane_ai_agent_4 http://y:43879/
[rosmaster.master][INFO] 2026-05-06 16:33:08,846: -PUB [/vis/agent_9/ego_vehicle_vis] /onlane_ai_agent_9 http://y:46873/
[rosmaster.master][INFO] 2026-05-06 16:33:08,847: publisherUpdate[/rosout] -> http://y:38471/ ['http://y:33883/', 'http://y:40889/']: sec=0.00, result=[1, '', 0]
[rosmaster.master][INFO] 2026-05-06 16:33:08,847: -PUB [/vis/agent_3/obstacle_map] /onlane_ai_agent_3 http://y:45941/
[rosmaster.master][INFO] 2026-05-06 16:33:08,847: -PUB [/vis/agent_5/ego_vehicle_vis] /onlane_ai_agent_5 http://y:45365/
[rosmaster.master][INFO] 2026-05-06 16:33:08,847: -PUB [/tf] /onlane_ai_agent_10 http://y:42119/
[rosmaster.master][INFO] 2026-05-06 16:33:08,848: -PUB [/vis/agent_2/ego_vehicle_vis] /onlane_ai_agent_2 http://y:43573/
[rosmaster.master][INFO] 2026-05-06 16:33:08,848: -PUB [/vis/agent_6/surrounding_lane_net_vis] /onlane_ai_agent_6 http://y:34521/
[rosmaster.master][INFO] 2026-05-06 16:33:08,848: -PUB [/tf] /onlane_ai_agent_8 http://y:39671/
[rosmaster.master][INFO] 2026-05-06 16:33:08,848: -PUB [/vis/agent_4/ego_vehicle_vis] /onlane_ai_agent_4 http://y:43879/
[rosmaster.master][INFO] 2026-05-06 16:33:08,848: -PUB [/vis/agent_9/obstacle_map] /onlane_ai_agent_9 http://y:46873/
[rosmaster.master][INFO] 2026-05-06 16:33:08,848: -PUB [/vis/agent_3/surrounding_lane_net_vis] /onlane_ai_agent_3 http://y:45941/
[rosmaster.master][INFO] 2026-05-06 16:33:08,849: -PUB [/vis/agent_5/obstacle_map] /onlane_ai_agent_5 http://y:45365/
[rosmaster.master][INFO] 2026-05-06 16:33:08,849: -PUB [/vis/agent_10/ego_vehicle_vis] /onlane_ai_agent_10 http://y:42119/
[rosmaster.master][INFO] 2026-05-06 16:33:08,849: -PUB [/vis/agent_2/obstacle_map] /onlane_ai_agent_2 http://y:43573/
[rosmaster.master][INFO] 2026-05-06 16:33:08,849: -PUB [/vis/agent_6/local_lanes_vis] /onlane_ai_agent_6 http://y:34521/
[rosmaster.master][INFO] 2026-05-06 16:33:08,850: -PUB [/vis/agent_8/ego_vehicle_vis] /onlane_ai_agent_8 http://y:39671/
[rosmaster.master][INFO] 2026-05-06 16:33:08,850: -PUB [/vis/agent_4/obstacle_map] /onlane_ai_agent_4 http://y:43879/
[rosmaster.master][INFO] 2026-05-06 16:33:08,850: -PUB [/vis/agent_9/surrounding_lane_net_vis] /onlane_ai_agent_9 http://y:46873/
[rosmaster.master][INFO] 2026-05-06 16:33:08,850: -PUB [/vis/agent_5/surrounding_lane_net_vis] /onlane_ai_agent_5 http://y:45365/
[rosmaster.master][INFO] 2026-05-06 16:33:08,851: -PUB [/vis/agent_3/local_lanes_vis] /onlane_ai_agent_3 http://y:45941/
[rosmaster.master][INFO] 2026-05-06 16:33:08,851: -PUB [/vis/agent_10/obstacle_map] /onlane_ai_agent_10 http://y:42119/
[rosmaster.master][INFO] 2026-05-06 16:33:08,851: -PUB [/vis/agent_2/surrounding_lane_net_vis] /onlane_ai_agent_2 http://y:43573/
[rosmaster.master][INFO] 2026-05-06 16:33:08,851: -PUB [/vis/agent_6/ego_behavior_vis] /onlane_ai_agent_6 http://y:34521/
[rosmaster.master][INFO] 2026-05-06 16:33:08,851: -PUB [/vis/agent_8/obstacle_map] /onlane_ai_agent_8 http://y:39671/
[rosmaster.master][INFO] 2026-05-06 16:33:08,851: -PUB [/vis/agent_4/surrounding_lane_net_vis] /onlane_ai_agent_4 http://y:43879/
[rosmaster.master][INFO] 2026-05-06 16:33:08,852: -PUB [/vis/agent_9/local_lanes_vis] /onlane_ai_agent_9 http://y:46873/
[rosmaster.master][INFO] 2026-05-06 16:33:08,852: -PUB [/vis/agent_5/local_lanes_vis] /onlane_ai_agent_5 http://y:45365/
[rosmaster.master][INFO] 2026-05-06 16:33:08,852: -PUB [/vis/agent_3/ego_behavior_vis] /onlane_ai_agent_3 http://y:45941/
[rosmaster.master][INFO] 2026-05-06 16:33:08,852: -PUB [/vis/agent_10/surrounding_lane_net_vis] /onlane_ai_agent_10 http://y:42119/
[rosmaster.master][INFO] 2026-05-06 16:33:08,852: -PUB [/vis/agent_2/local_lanes_vis] /onlane_ai_agent_2 http://y:43573/
[rosmaster.master][INFO] 2026-05-06 16:33:08,853: -PUB [/vis/agent_6/pred_traj_openloop_vis] /onlane_ai_agent_6 http://y:34521/
[rosmaster.master][INFO] 2026-05-06 16:33:08,853: -PUB [/vis/agent_8/surrounding_lane_net_vis] /onlane_ai_agent_8 http://y:39671/
[rosmaster.master][INFO] 2026-05-06 16:33:08,853: -PUB [/vis/agent_4/local_lanes_vis] /onlane_ai_agent_4 http://y:43879/
[rosmaster.master][INFO] 2026-05-06 16:33:08,853: -PUB [/vis/agent_9/ego_behavior_vis] /onlane_ai_agent_9 http://y:46873/
[rosmaster.master][INFO] 2026-05-06 16:33:08,853: -PUB [/vis/agent_3/pred_traj_openloop_vis] /onlane_ai_agent_3 http://y:45941/
[rosmaster.master][INFO] 2026-05-06 16:33:08,854: -PUB [/vis/agent_5/ego_behavior_vis] /onlane_ai_agent_5 http://y:45365/
[rosmaster.master][INFO] 2026-05-06 16:33:08,854: -PUB [/vis/agent_10/local_lanes_vis] /onlane_ai_agent_10 http://y:42119/
[rosmaster.master][INFO] 2026-05-06 16:33:08,854: -PUB [/vis/agent_2/ego_behavior_vis] /onlane_ai_agent_2 http://y:43573/
[rosmaster.master][INFO] 2026-05-06 16:33:08,854: -PUB [/vis/agent_6/pred_initial_intention_vis] /onlane_ai_agent_6 http://y:34521/
[rosmaster.master][INFO] 2026-05-06 16:33:08,854: -PUB [/vis/agent_8/local_lanes_vis] /onlane_ai_agent_8 http://y:39671/
[rosmaster.master][INFO] 2026-05-06 16:33:08,854: -PUB [/vis/agent_4/ego_behavior_vis] /onlane_ai_agent_4 http://y:43879/
[rosmaster.master][INFO] 2026-05-06 16:33:08,855: -PUB [/vis/agent_9/pred_traj_openloop_vis] /onlane_ai_agent_9 http://y:46873/
[rosmaster.master][INFO] 2026-05-06 16:33:08,855: -PUB [/vis/agent_3/pred_initial_intention_vis] /onlane_ai_agent_3 http://y:45941/
[rosmaster.master][INFO] 2026-05-06 16:33:08,855: -PUB [/vis/agent_5/pred_traj_openloop_vis] /onlane_ai_agent_5 http://y:45365/
[rosmaster.master][INFO] 2026-05-06 16:33:08,855: -PUB [/vis/agent_10/ego_behavior_vis] /onlane_ai_agent_10 http://y:42119/
[rosmaster.master][INFO] 2026-05-06 16:33:08,855: -PUB [/vis/agent_2/pred_traj_openloop_vis] /onlane_ai_agent_2 http://y:43573/
[rosmaster.master][INFO] 2026-05-06 16:33:08,856: -PUB [/vis/agent_8/ego_behavior_vis] /onlane_ai_agent_8 http://y:39671/
[rosmaster.master][INFO] 2026-05-06 16:33:08,856: -PUB [/vis/agent_6/surrounding_vehicle_vis] /onlane_ai_agent_6 http://y:34521/
[rosmaster.master][INFO] 2026-05-06 16:33:08,856: -PUB [/vis/agent_4/pred_traj_openloop_vis] /onlane_ai_agent_4 http://y:43879/
[rosmaster.master][INFO] 2026-05-06 16:33:08,856: -PUB [/vis/agent_9/pred_initial_intention_vis] /onlane_ai_agent_9 http://y:46873/
[rosmaster.master][INFO] 2026-05-06 16:33:08,856: -PUB [/vis/agent_3/surrounding_vehicle_vis] /onlane_ai_agent_3 http://y:45941/
[rosmaster.master][INFO] 2026-05-06 16:33:08,856: -PUB [/vis/agent_5/pred_initial_intention_vis] /onlane_ai_agent_5 http://y:45365/
[rosmaster.master][INFO] 2026-05-06 16:33:08,857: -PUB [/vis/agent_10/pred_traj_openloop_vis] /onlane_ai_agent_10 http://y:42119/
[rosmaster.master][INFO] 2026-05-06 16:33:08,857: -PUB [/vis/agent_2/pred_initial_intention_vis] /onlane_ai_agent_2 http://y:43573/
[rosmaster.master][INFO] 2026-05-06 16:33:08,857: -PUB [/vis/agent_8/pred_traj_openloop_vis] /onlane_ai_agent_8 http://y:39671/
[rosmaster.master][INFO] 2026-05-06 16:33:08,857: -PUB [/vis/agent_6/speed_limit] /onlane_ai_agent_6 http://y:34521/
[rosmaster.master][INFO] 2026-05-06 16:33:08,857: -PUB [/vis/agent_4/pred_initial_intention_vis] /onlane_ai_agent_4 http://y:43879/
[rosmaster.master][INFO] 2026-05-06 16:33:08,857: -PUB [/vis/agent_9/surrounding_vehicle_vis] /onlane_ai_agent_9 http://y:46873/
[rosmaster.master][INFO] 2026-05-06 16:33:08,858: -PUB [/vis/agent_3/speed_limit] /onlane_ai_agent_3 http://y:45941/
[rosmaster.master][INFO] 2026-05-06 16:33:08,858: -PUB [/vis/agent_5/surrounding_vehicle_vis] /onlane_ai_agent_5 http://y:45365/
[rosmaster.master][INFO] 2026-05-06 16:33:08,858: -PUB [/vis/agent_10/pred_initial_intention_vis] /onlane_ai_agent_10 http://y:42119/
[rosmaster.master][INFO] 2026-05-06 16:33:08,858: -PUB [/vis/agent_2/surrounding_vehicle_vis] /onlane_ai_agent_2 http://y:43573/
[rosmaster.master][INFO] 2026-05-06 16:33:08,859: -PUB [/vis/agent_8/pred_initial_intention_vis] /onlane_ai_agent_8 http://y:39671/
[rosmaster.master][INFO] 2026-05-06 16:33:08,859: -PUB [/vis/agent_6/forward_trajs] /onlane_ai_agent_6 http://y:34521/
[rosmaster.master][INFO] 2026-05-06 16:33:08,859: -PUB [/vis/agent_4/surrounding_vehicle_vis] /onlane_ai_agent_4 http://y:43879/
[rosmaster.master][INFO] 2026-05-06 16:33:08,859: -PUB [/vis/agent_9/speed_limit] /onlane_ai_agent_9 http://y:46873/
[rosmaster.master][INFO] 2026-05-06 16:33:08,859: -PUB [/vis/agent_3/forward_trajs] /onlane_ai_agent_3 http://y:45941/
[rosmaster.master][INFO] 2026-05-06 16:33:08,860: -PUB [/vis/agent_5/speed_limit] /onlane_ai_agent_5 http://y:45365/
[rosmaster.master][INFO] 2026-05-06 16:33:08,860: -PUB [/vis/agent_10/surrounding_vehicle_vis] /onlane_ai_agent_10 http://y:42119/
[rosmaster.master][INFO] 2026-05-06 16:33:08,860: -PUB [/vis/agent_2/speed_limit] /onlane_ai_agent_2 http://y:43573/
[rosmaster.master][INFO] 2026-05-06 16:33:08,860: -PUB [/vis/agent_8/surrounding_vehicle_vis] /onlane_ai_agent_8 http://y:39671/
[rosmaster.master][INFO] 2026-05-06 16:33:08,860: -SUB [/arena_info_static] /onlane_ai_agent_6 http://y:34521/
[rosmaster.master][INFO] 2026-05-06 16:33:08,860: -PUB [/vis/agent_4/speed_limit] /onlane_ai_agent_4 http://y:43879/
[rosmaster.master][INFO] 2026-05-06 16:33:08,861: -PUB [/vis/agent_9/forward_trajs] /onlane_ai_agent_9 http://y:46873/
[rosmaster.master][INFO] 2026-05-06 16:33:08,861: -SUB [/arena_info_static] /onlane_ai_agent_3 http://y:45941/
[rosmaster.master][INFO] 2026-05-06 16:33:08,861: -PUB [/vis/agent_5/forward_trajs] /onlane_ai_agent_5 http://y:45365/
[rosmaster.master][INFO] 2026-05-06 16:33:08,861: -PUB [/vis/agent_10/speed_limit] /onlane_ai_agent_10 http://y:42119/
[rosmaster.master][INFO] 2026-05-06 16:33:08,861: -PUB [/vis/agent_2/forward_trajs] /onlane_ai_agent_2 http://y:43573/
[rosmaster.master][INFO] 2026-05-06 16:33:08,861: -PUB [/vis/agent_8/speed_limit] /onlane_ai_agent_8 http://y:39671/
[rosmaster.master][INFO] 2026-05-06 16:33:08,862: -SUB [/arena_info_dynamic] /onlane_ai_agent_6 http://y:34521/
[rosmaster.master][INFO] 2026-05-06 16:33:08,862: -PUB [/vis/agent_4/forward_trajs] /onlane_ai_agent_4 http://y:43879/
[rosmaster.master][INFO] 2026-05-06 16:33:08,862: -SUB [/arena_info_static] /onlane_ai_agent_9 http://y:46873/
[rosmaster.master][INFO] 2026-05-06 16:33:08,862: -SUB [/arena_info_dynamic] /onlane_ai_agent_3 http://y:45941/
[rosmaster.master][INFO] 2026-05-06 16:33:08,862: -SUB [/arena_info_static] /onlane_ai_agent_5 http://y:45365/
[rosmaster.master][INFO] 2026-05-06 16:33:08,863: -PUB [/vis/agent_10/forward_trajs] /onlane_ai_agent_10 http://y:42119/
[rosmaster.master][INFO] 2026-05-06 16:33:08,863: -SUB [/arena_info_static] /onlane_ai_agent_2 http://y:43573/
[rosmaster.master][INFO] 2026-05-06 16:33:08,863: -PUB [/vis/agent_8/forward_trajs] /onlane_ai_agent_8 http://y:39671/
[rosmaster.master][INFO] 2026-05-06 16:33:08,863: -SUB [/joy] /onlane_ai_agent_6 http://y:34521/
[rosmaster.master][INFO] 2026-05-06 16:33:08,863: -SUB [/arena_info_static] /onlane_ai_agent_4 http://y:43879/
[rosmaster.master][INFO] 2026-05-06 16:33:08,864: -SUB [/arena_info_dynamic] /onlane_ai_agent_9 http://y:46873/
[rosmaster.master][INFO] 2026-05-06 16:33:08,864: -SUB [/joy] /onlane_ai_agent_3 http://y:45941/
[rosmaster.master][INFO] 2026-05-06 16:33:08,864: -SUB [/arena_info_dynamic] /onlane_ai_agent_5 http://y:45365/
[rosmaster.master][INFO] 2026-05-06 16:33:08,865: -SUB [/arena_info_static] /onlane_ai_agent_10 http://y:42119/
[rosmaster.master][INFO] 2026-05-06 16:33:08,865: -SUB [/arena_info_dynamic] /onlane_ai_agent_2 http://y:43573/
[rosmaster.master][INFO] 2026-05-06 16:33:08,865: -SUB [/arena_info_static] /onlane_ai_agent_8 http://y:39671/
[rosmaster.master][INFO] 2026-05-06 16:33:08,865: -SERVICE [/onlane_ai_agent_6/get_loggers] /onlane_ai_agent_6 rosrpc://y:53231
[rosmaster.master][INFO] 2026-05-06 16:33:08,865: -SUB [/joy] /onlane_ai_agent_9 http://y:46873/
[rosmaster.master][INFO] 2026-05-06 16:33:08,865: -SERVICE [/onlane_ai_agent_3/get_loggers] /onlane_ai_agent_3 rosrpc://y:50233
[rosmaster.master][INFO] 2026-05-06 16:33:08,866: -SUB [/arena_info_dynamic] /onlane_ai_agent_4 http://y:43879/
[rosmaster.master][INFO] 2026-05-06 16:33:08,866: -SUB [/joy] /onlane_ai_agent_5 http://y:45365/
[rosmaster.master][INFO] 2026-05-06 16:33:08,866: -SUB [/arena_info_dynamic] /onlane_ai_agent_10 http://y:42119/
[rosmaster.master][INFO] 2026-05-06 16:33:08,866: -SUB [/joy] /onlane_ai_agent_2 http://y:43573/
[rosmaster.master][INFO] 2026-05-06 16:33:08,866: -SUB [/arena_info_dynamic] /onlane_ai_agent_8 http://y:39671/
[rosmaster.master][INFO] 2026-05-06 16:33:08,867: -SERVICE [/onlane_ai_agent_6/set_logger_level] /onlane_ai_agent_6 rosrpc://y:53231
[rosmaster.master][INFO] 2026-05-06 16:33:08,867: -SERVICE [/onlane_ai_agent_9/get_loggers] /onlane_ai_agent_9 rosrpc://y:37413
[rosmaster.master][INFO] 2026-05-06 16:33:08,867: -SERVICE [/onlane_ai_agent_3/set_logger_level] /onlane_ai_agent_3 rosrpc://y:50233
[rosmaster.master][INFO] 2026-05-06 16:33:08,867: -SUB [/joy] /onlane_ai_agent_4 http://y:43879/
[rosmaster.master][INFO] 2026-05-06 16:33:08,867: -SERVICE [/onlane_ai_agent_5/get_loggers] /onlane_ai_agent_5 rosrpc://y:45751
[rosmaster.master][INFO] 2026-05-06 16:33:08,867: -SUB [/joy] /onlane_ai_agent_10 http://y:42119/
[rosmaster.master][INFO] 2026-05-06 16:33:08,867: -SERVICE [/onlane_ai_agent_2/get_loggers] /onlane_ai_agent_2 rosrpc://y:47509
[rosmaster.master][INFO] 2026-05-06 16:33:08,868: -SUB [/joy] /onlane_ai_agent_8 http://y:39671/
[rosmaster.master][INFO] 2026-05-06 16:33:08,868: -SERVICE [/onlane_ai_agent_9/set_logger_level] /onlane_ai_agent_9 rosrpc://y:37413
[rosmaster.master][INFO] 2026-05-06 16:33:08,868: -SERVICE [/onlane_ai_agent_4/get_loggers] /onlane_ai_agent_4 rosrpc://y:50137
[rosmaster.master][INFO] 2026-05-06 16:33:08,868: -SERVICE [/onlane_ai_agent_5/set_logger_level] /onlane_ai_agent_5 rosrpc://y:45751
[rosmaster.master][INFO] 2026-05-06 16:33:08,868: -SERVICE [/onlane_ai_agent_2/set_logger_level] /onlane_ai_agent_2 rosrpc://y:47509
[rosmaster.master][INFO] 2026-05-06 16:33:08,868: -SERVICE [/onlane_ai_agent_10/get_loggers] /onlane_ai_agent_10 rosrpc://y:54517
[rosmaster.master][INFO] 2026-05-06 16:33:08,868: -SERVICE [/onlane_ai_agent_8/get_loggers] /onlane_ai_agent_8 rosrpc://y:35945
[rosmaster.master][INFO] 2026-05-06 16:33:08,869: -SERVICE [/onlane_ai_agent_4/set_logger_level] /onlane_ai_agent_4 rosrpc://y:50137
[rosmaster.master][INFO] 2026-05-06 16:33:08,869: -SERVICE [/onlane_ai_agent_10/set_logger_level] /onlane_ai_agent_10 rosrpc://y:54517
[rosmaster.master][INFO] 2026-05-06 16:33:08,869: -SERVICE [/onlane_ai_agent_8/set_logger_level] /onlane_ai_agent_8 rosrpc://y:35945
[rosmaster.master][INFO] 2026-05-06 16:33:08,937: -PUB [/rosout] /onlane_ai_agent_1 http://y:33883/
[rosmaster.master][INFO] 2026-05-06 16:33:08,937: -PUB [/ctrl/agent_1] /onlane_ai_agent_1 http://y:33883/
[rosmaster.master][INFO] 2026-05-06 16:33:08,937: -PUB [/tf] /onlane_ai_agent_1 http://y:33883/
[rosmaster.master][INFO] 2026-05-06 16:33:08,938: -PUB [/vis/agent_1/ego_vehicle_vis] /onlane_ai_agent_1 http://y:33883/
[rosmaster.master][INFO] 2026-05-06 16:33:08,938: -PUB [/vis/agent_1/obstacle_map] /onlane_ai_agent_1 http://y:33883/
[rosmaster.master][INFO] 2026-05-06 16:33:08,938: -PUB [/vis/agent_1/surrounding_lane_net_vis] /onlane_ai_agent_1 http://y:33883/
[rosmaster.master][INFO] 2026-05-06 16:33:08,939: -PUB [/rosout] /test_ssc_with_eudm_0 http://y:40889/
[rosmaster.master][INFO] 2026-05-06 16:33:08,939: -PUB [/vis/agent_1/local_lanes_vis] /onlane_ai_agent_1 http://y:33883/
[rosmaster.master][INFO] 2026-05-06 16:33:08,939: -PUB [/tf] /test_ssc_with_eudm_0 http://y:40889/
[rosmaster.master][INFO] 2026-05-06 16:33:08,939: -PUB [/vis/agent_1/ego_behavior_vis] /onlane_ai_agent_1 http://y:33883/
[rosmaster.master][INFO] 2026-05-06 16:33:08,940: -PUB [/vis/agent_0/ego_vehicle_vis] /test_ssc_with_eudm_0 http://y:40889/
[rosmaster.master][INFO] 2026-05-06 16:33:08,940: publisherUpdate[/rosout] -> http://y:38471/ ['http://y:40889/']
[rosmaster.master][INFO] 2026-05-06 16:33:08,940: -PUB [/vis/agent_1/pred_traj_openloop_vis] /onlane_ai_agent_1 http://y:33883/
[rosmaster.master][INFO] 2026-05-06 16:33:08,940: -PUB [/vis/agent_0/obstacle_map] /test_ssc_with_eudm_0 http://y:40889/
[rosmaster.master][INFO] 2026-05-06 16:33:08,941: publisherUpdate[/rosout] -> http://y:38471/ ['http://y:40889/']: sec=0.00, result=[1, '', 0]
[rosmaster.master][INFO] 2026-05-06 16:33:08,941: -PUB [/vis/agent_1/pred_initial_intention_vis] /onlane_ai_agent_1 http://y:33883/
[rosmaster.master][INFO] 2026-05-06 16:33:08,941: publisherUpdate[/rosout] -> http://y:38471/ []
[rosmaster.master][INFO] 2026-05-06 16:33:08,941: -PUB [/vis/agent_0/surrounding_lane_net_vis] /test_ssc_with_eudm_0 http://y:40889/
[rosmaster.master][INFO] 2026-05-06 16:33:08,941: -PUB [/vis/agent_1/surrounding_vehicle_vis] /onlane_ai_agent_1 http://y:33883/
[rosmaster.master][INFO] 2026-05-06 16:33:08,941: publisherUpdate[/rosout] -> http://y:38471/ []: sec=0.00, result=[1, '', 0]
[rosmaster.master][INFO] 2026-05-06 16:33:08,941: -PUB [/vis/agent_0/local_lanes_vis] /test_ssc_with_eudm_0 http://y:40889/
[rosmaster.master][INFO] 2026-05-06 16:33:08,942: -PUB [/vis/agent_1/speed_limit] /onlane_ai_agent_1 http://y:33883/
[rosmaster.master][INFO] 2026-05-06 16:33:08,942: -PUB [/vis/agent_0/ego_behavior_vis] /test_ssc_with_eudm_0 http://y:40889/
[rosmaster.master][INFO] 2026-05-06 16:33:08,942: -PUB [/vis/agent_1/forward_trajs] /onlane_ai_agent_1 http://y:33883/
[rosmaster.master][INFO] 2026-05-06 16:33:08,942: -PUB [/vis/agent_0/pred_traj_openloop_vis] /test_ssc_with_eudm_0 http://y:40889/
[rosmaster.master][INFO] 2026-05-06 16:33:08,942: -SUB [/arena_info_static] /onlane_ai_agent_1 http://y:33883/
[rosmaster.master][INFO] 2026-05-06 16:33:08,942: -PUB [/vis/agent_0/pred_initial_intention_vis] /test_ssc_with_eudm_0 http://y:40889/
[rosmaster.master][INFO] 2026-05-06 16:33:08,942: -SUB [/arena_info_dynamic] /onlane_ai_agent_1 http://y:33883/
[rosmaster.master][INFO] 2026-05-06 16:33:08,943: -PUB [/vis/agent_0/surrounding_vehicle_vis] /test_ssc_with_eudm_0 http://y:40889/
[rosmaster.master][INFO] 2026-05-06 16:33:08,943: -SUB [/joy] /onlane_ai_agent_1 http://y:33883/
[rosmaster.master][INFO] 2026-05-06 16:33:08,943: -PUB [/vis/agent_0/speed_limit] /test_ssc_with_eudm_0 http://y:40889/
[rosmaster.master][INFO] 2026-05-06 16:33:08,943: -SERVICE [/onlane_ai_agent_1/get_loggers] /onlane_ai_agent_1 rosrpc://y:52577
[rosmaster.master][INFO] 2026-05-06 16:33:08,943: -PUB [/vis/agent_0/ssc/map_vis] /test_ssc_with_eudm_0 http://y:40889/
[rosmaster.master][INFO] 2026-05-06 16:33:08,943: -SERVICE [/onlane_ai_agent_1/set_logger_level] /onlane_ai_agent_1 rosrpc://y:52577
[rosmaster.master][INFO] 2026-05-06 16:33:08,943: -PUB [/vis/agent_0/ssc/qp_vis] /test_ssc_with_eudm_0 http://y:40889/
[rosmaster.master][INFO] 2026-05-06 16:33:08,943: -PUB [/vis/agent_0/ssc/ego_fs_vis] /test_ssc_with_eudm_0 http://y:40889/
[rosmaster.master][INFO] 2026-05-06 16:33:08,944: -PUB [/vis/agent_0/ssc/forward_trajs_vis] /test_ssc_with_eudm_0 http://y:40889/
[rosmaster.master][INFO] 2026-05-06 16:33:08,944: -PUB [/vis/agent_0/ssc/sur_vehicle_trajs_vis] /test_ssc_with_eudm_0 http://y:40889/
[rosmaster.master][INFO] 2026-05-06 16:33:08,944: -PUB [/vis/agent_0/ssc/corridor_vis] /test_ssc_with_eudm_0 http://y:40889/
[rosmaster.master][INFO] 2026-05-06 16:33:08,944: -PUB [/vis/agent_0/forward_trajs] /test_ssc_with_eudm_0 http://y:40889/
[rosmaster.master][INFO] 2026-05-06 16:33:08,944: -PUB [/ctrl/agent_0] /test_ssc_with_eudm_0 http://y:40889/
[rosmaster.master][INFO] 2026-05-06 16:33:08,944: -PUB [/test_ssc_with_eudm_0/ssc_map] /test_ssc_with_eudm_0 http://y:40889/
[rosmaster.master][INFO] 2026-05-06 16:33:08,944: -PUB [/vis/agent_0/ssc/exec_traj] /test_ssc_with_eudm_0 http://y:40889/
[rosmaster.master][INFO] 2026-05-06 16:33:08,945: -SUB [/joy] /test_ssc_with_eudm_0 http://y:40889/
[rosmaster.master][INFO] 2026-05-06 16:33:08,945: -SUB [/arena_info_static] /test_ssc_with_eudm_0 http://y:40889/
[rosmaster.master][INFO] 2026-05-06 16:33:08,945: -SUB [/arena_info_dynamic] /test_ssc_with_eudm_0 http://y:40889/
[rosmaster.master][INFO] 2026-05-06 16:33:08,945: -SERVICE [/test_ssc_with_eudm_0/get_loggers] /test_ssc_with_eudm_0 rosrpc://y:51767
[rosmaster.master][INFO] 2026-05-06 16:33:08,945: -SERVICE [/test_ssc_with_eudm_0/set_logger_level] /test_ssc_with_eudm_0 rosrpc://y:51767
[rosmaster.master][INFO] 2026-05-06 16:33:08,945: -CACHEDPARAM [/rosout_disable_topics_generation] by /test_ssc_with_eudm_0
[rosmaster.master][INFO] 2026-05-06 16:33:09,242: -PUB [/rosout_agg] /rosout http://y:38471/
[rosmaster.master][INFO] 2026-05-06 16:33:09,243: -SUB [/rosout] /rosout http://y:38471/
[rosmaster.master][INFO] 2026-05-06 16:33:09,243: -SERVICE [/rosout/get_loggers] /rosout rosrpc://y:38993
[rosmaster.master][INFO] 2026-05-06 16:33:09,244: -SERVICE [/rosout/set_logger_level] /rosout rosrpc://y:38993
[rosmaster.master][INFO] 2026-05-06 16:33:09,244: -CACHEDPARAM [/rosout/omit_topics] by /rosout
[rosmaster.main][INFO] 2026-05-06 16:33:09,256: keyboard interrupt, will exit
[rosmaster.main][INFO] 2026-05-06 16:33:09,257: stopping master...
[rospy.core][INFO] 2026-05-06 16:33:09,257: signal_shutdown [atexit]
