[rosmaster.main][INFO] 2026-05-06 16:08:41,018: initialization complete, waiting for shutdown
[rosmaster.main][INFO] 2026-05-06 16:08:41,018: Starting ROS Master Node
[xmlrpc][INFO] 2026-05-06 16:08:41,024: XML-RPC server binding to 0.0.0.0:11311
[xmlrpc][INFO] 2026-05-06 16:08:41,025: Started XML-RPC server [http://y:11311/]
[xmlrpc][INFO] 2026-05-06 16:08:41,025: xml rpc node: starting XML-RPC server
[rosmaster.master][INFO] 2026-05-06 16:08:41,025: Master initialized: port[11311], uri[http://y:11311/]
[rosmaster.master][INFO] 2026-05-06 16:08:41,043: +PARAM [/run_id] by /roslaunch
[rosmaster.master][INFO] 2026-05-06 16:08:41,043: +PARAM [/roslaunch/uris/host_y__42257] by /roslaunch
[rosmaster.master][INFO] 2026-05-06 16:08:41,063: +PARAM [/rosversion] by /roslaunch
[rosmaster.master][INFO] 2026-05-06 16:08:41,063: +PARAM [/rosdistro] by /roslaunch
[rosmaster.master][INFO] 2026-05-06 16:08:41,063: +PARAM [/test_ssc_with_eudm_0/ego_id] by /roslaunch
[rosmaster.master][INFO] 2026-05-06 16:08:41,063: +PARAM [/test_ssc_with_eudm_0/agent_config_path] by /roslaunch
[rosmaster.master][INFO] 2026-05-06 16:08:41,063: +PARAM [/test_ssc_with_eudm_0/bp_config_path] by /roslaunch
[rosmaster.master][INFO] 2026-05-06 16:08:41,063: +PARAM [/test_ssc_with_eudm_0/ssc_config_path] by /roslaunch
[rosmaster.master][INFO] 2026-05-06 16:08:41,063: +PARAM [/test_ssc_with_eudm_0/desired_vel] by /roslaunch
[rosmaster.master][INFO] 2026-05-06 16:08:41,063: +PARAM [/test_ssc_with_eudm_0/use_sim_state] by /roslaunch
[rosmaster.master][INFO] 2026-05-06 16:08:41,063: +PARAM [/onlane_ai_agent_1/ego_id] by /roslaunch
[rosmaster.master][INFO] 2026-05-06 16:08:41,063: +PARAM [/onlane_ai_agent_1/agent_config_path] by /roslaunch
[rosmaster.master][INFO] 2026-05-06 16:08:41,063: +PARAM [/onlane_ai_agent_1/desired_vel] by /roslaunch
[rosmaster.master][INFO] 2026-05-06 16:08:41,063: +PARAM [/onlane_ai_agent_1/autonomous_level] by /roslaunch
[rosmaster.master][INFO] 2026-05-06 16:08:41,063: +PARAM [/onlane_ai_agent_1/aggressiveness_level] by /roslaunch
[rosmaster.master][INFO] 2026-05-06 16:08:41,063: +PARAM [/onlane_ai_agent_2/ego_id] by /roslaunch
[rosmaster.master][INFO] 2026-05-06 16:08:41,063: +PARAM [/onlane_ai_agent_2/agent_config_path] by /roslaunch
[rosmaster.master][INFO] 2026-05-06 16:08:41,063: +PARAM [/onlane_ai_agent_2/desired_vel] by /roslaunch
[rosmaster.master][INFO] 2026-05-06 16:08:41,063: +PARAM [/onlane_ai_agent_2/autonomous_level] by /roslaunch
[rosmaster.master][INFO] 2026-05-06 16:08:41,063: +PARAM [/onlane_ai_agent_2/aggressiveness_level] by /roslaunch
[rosmaster.master][INFO] 2026-05-06 16:08:41,063: +PARAM [/onlane_ai_agent_3/ego_id] by /roslaunch
[rosmaster.master][INFO] 2026-05-06 16:08:41,063: +PARAM [/onlane_ai_agent_3/agent_config_path] by /roslaunch
[rosmaster.master][INFO] 2026-05-06 16:08:41,063: +PARAM [/onlane_ai_agent_3/desired_vel] by /roslaunch
[rosmaster.master][INFO] 2026-05-06 16:08:41,063: +PARAM [/onlane_ai_agent_3/autonomous_level] by /roslaunch
[rosmaster.master][INFO] 2026-05-06 16:08:41,063: +PARAM [/onlane_ai_agent_3/aggressiveness_level] by /roslaunch
[rosmaster.master][INFO] 2026-05-06 16:08:41,063: +PARAM [/onlane_ai_agent_4/ego_id] by /roslaunch
[rosmaster.master][INFO] 2026-05-06 16:08:41,063: +PARAM [/onlane_ai_agent_4/agent_config_path] by /roslaunch
[rosmaster.master][INFO] 2026-05-06 16:08:41,063: +PARAM [/onlane_ai_agent_4/desired_vel] by /roslaunch
[rosmaster.master][INFO] 2026-05-06 16:08:41,063: +PARAM [/onlane_ai_agent_4/autonomous_level] by /roslaunch
[rosmaster.master][INFO] 2026-05-06 16:08:41,063: +PARAM [/onlane_ai_agent_4/aggressiveness_level] by /roslaunch
[rosmaster.master][INFO] 2026-05-06 16:08:41,063: +PARAM [/onlane_ai_agent_5/ego_id] by /roslaunch
[rosmaster.master][INFO] 2026-05-06 16:08:41,063: +PARAM [/onlane_ai_agent_5/agent_config_path] by /roslaunch
[rosmaster.master][INFO] 2026-05-06 16:08:41,063: +PARAM [/onlane_ai_agent_5/desired_vel] by /roslaunch
[rosmaster.master][INFO] 2026-05-06 16:08:41,063: +PARAM [/onlane_ai_agent_5/autonomous_level] by /roslaunch
[rosmaster.master][INFO] 2026-05-06 16:08:41,063: +PARAM [/onlane_ai_agent_5/aggressiveness_level] by /roslaunch
[rosmaster.master][INFO] 2026-05-06 16:08:41,063: +PARAM [/onlane_ai_agent_6/ego_id] by /roslaunch
[rosmaster.master][INFO] 2026-05-06 16:08:41,063: +PARAM [/onlane_ai_agent_6/agent_config_path] by /roslaunch
[rosmaster.master][INFO] 2026-05-06 16:08:41,063: +PARAM [/onlane_ai_agent_6/desired_vel] by /roslaunch
[rosmaster.master][INFO] 2026-05-06 16:08:41,063: +PARAM [/onlane_ai_agent_6/autonomous_level] by /roslaunch
[rosmaster.master][INFO] 2026-05-06 16:08:41,063: +PARAM [/onlane_ai_agent_6/aggressiveness_level] by /roslaunch
[rosmaster.master][INFO] 2026-05-06 16:08:41,063: +PARAM [/onlane_ai_agent_7/ego_id] by /roslaunch
[rosmaster.master][INFO] 2026-05-06 16:08:41,063: +PARAM [/onlane_ai_agent_7/agent_config_path] by /roslaunch
[rosmaster.master][INFO] 2026-05-06 16:08:41,063: +PARAM [/onlane_ai_agent_7/desired_vel] by /roslaunch
[rosmaster.master][INFO] 2026-05-06 16:08:41,063: +PARAM [/onlane_ai_agent_7/autonomous_level] by /roslaunch
[rosmaster.master][INFO] 2026-05-06 16:08:41,063: +PARAM [/onlane_ai_agent_7/aggressiveness_level] by /roslaunch
[rosmaster.master][INFO] 2026-05-06 16:08:41,063: +PARAM [/onlane_ai_agent_8/ego_id] by /roslaunch
[rosmaster.master][INFO] 2026-05-06 16:08:41,064: +PARAM [/onlane_ai_agent_8/agent_config_path] by /roslaunch
[rosmaster.master][INFO] 2026-05-06 16:08:41,064: +PARAM [/onlane_ai_agent_8/desired_vel] by /roslaunch
[rosmaster.master][INFO] 2026-05-06 16:08:41,064: +PARAM [/onlane_ai_agent_8/autonomous_level] by /roslaunch
[rosmaster.master][INFO] 2026-05-06 16:08:41,064: +PARAM [/onlane_ai_agent_8/aggressiveness_level] by /roslaunch
[rosmaster.master][INFO] 2026-05-06 16:08:41,064: +PARAM [/onlane_ai_agent_9/ego_id] by /roslaunch
[rosmaster.master][INFO] 2026-05-06 16:08:41,064: +PARAM [/onlane_ai_agent_9/agent_config_path] by /roslaunch
[rosmaster.master][INFO] 2026-05-06 16:08:41,064: +PARAM [/onlane_ai_agent_9/desired_vel] by /roslaunch
[rosmaster.master][INFO] 2026-05-06 16:08:41,064: +PARAM [/onlane_ai_agent_9/autonomous_level] by /roslaunch
[rosmaster.master][INFO] 2026-05-06 16:08:41,064: +PARAM [/onlane_ai_agent_9/aggressiveness_level] by /roslaunch
[rosmaster.master][INFO] 2026-05-06 16:08:41,064: +PARAM [/onlane_ai_agent_10/ego_id] by /roslaunch
[rosmaster.master][INFO] 2026-05-06 16:08:41,064: +PARAM [/onlane_ai_agent_10/agent_config_path] by /roslaunch
[rosmaster.master][INFO] 2026-05-06 16:08:41,064: +PARAM [/onlane_ai_agent_10/desired_vel] by /roslaunch
[rosmaster.master][INFO] 2026-05-06 16:08:41,064: +PARAM [/onlane_ai_agent_10/autonomous_level] by /roslaunch
[rosmaster.master][INFO] 2026-05-06 16:08:41,064: +PARAM [/onlane_ai_agent_10/aggressiveness_level] by /roslaunch
[rosmaster.master][INFO] 2026-05-06 16:08:41,064: +PARAM [/phy_simulator_planning_node/vehicle_info_path] by /roslaunch
[rosmaster.master][INFO] 2026-05-06 16:08:41,064: +PARAM [/phy_simulator_planning_node/map_path] by /roslaunch
[rosmaster.master][INFO] 2026-05-06 16:08:41,064: +PARAM [/phy_simulator_planning_node/lane_net_path] by /roslaunch
[rosmaster.master][INFO] 2026-05-06 16:08:41,066: +SERVICE [/rosout/get_loggers] /rosout http://y:42615/
[rosmaster.master][INFO] 2026-05-06 16:08:41,066: +SERVICE [/rosout/set_logger_level] /rosout http://y:42615/
[rosmaster.master][INFO] 2026-05-06 16:08:41,067: +PUB [/rosout_agg] /rosout http://y:42615/
[rosmaster.master][INFO] 2026-05-06 16:08:41,068: +SUB [/rosout] /rosout http://y:42615/
[rosmaster.master][INFO] 2026-05-06 16:08:41,090: +PUB [/rosout] /test_ssc_with_eudm_0 http://y:42549/
[rosmaster.master][INFO] 2026-05-06 16:08:41,090: +PUB [/rosout] /onlane_ai_agent_1 http://y:34179/
[rosmaster.master][INFO] 2026-05-06 16:08:41,090: +SERVICE [/onlane_ai_agent_1/get_loggers] /onlane_ai_agent_1 http://y:34179/
[rosmaster.master][INFO] 2026-05-06 16:08:41,090: +SERVICE [/onlane_ai_agent_1/set_logger_level] /onlane_ai_agent_1 http://y:34179/
[rosmaster.master][INFO] 2026-05-06 16:08:41,091: +SERVICE [/test_ssc_with_eudm_0/get_loggers] /test_ssc_with_eudm_0 http://y:42549/
[rosmaster.master][INFO] 2026-05-06 16:08:41,091: +SERVICE [/test_ssc_with_eudm_0/set_logger_level] /test_ssc_with_eudm_0 http://y:42549/
[rosmaster.master][INFO] 2026-05-06 16:08:41,091: +CACHEDPARAM [/rosout_disable_topics_generation] by /test_ssc_with_eudm_0
[rosmaster.master][INFO] 2026-05-06 16:08:41,093: +PUB [/ctrl/agent_1] /onlane_ai_agent_1 http://y:34179/
[rosmaster.master][INFO] 2026-05-06 16:08:41,094: +PUB [/rosout] /onlane_ai_agent_2 http://y:43771/
[rosmaster.master][INFO] 2026-05-06 16:08:41,094: +SERVICE [/onlane_ai_agent_2/get_loggers] /onlane_ai_agent_2 http://y:43771/
[rosmaster.master][INFO] 2026-05-06 16:08:41,095: +SERVICE [/onlane_ai_agent_2/set_logger_level] /onlane_ai_agent_2 http://y:43771/
[rosmaster.master][INFO] 2026-05-06 16:08:41,095: +PUB [/tf] /test_ssc_with_eudm_0 http://y:42549/
[rosmaster.master][INFO] 2026-05-06 16:08:41,096: +PUB [/vis/agent_0/ego_vehicle_vis] /test_ssc_with_eudm_0 http://y:42549/
[rosmaster.master][INFO] 2026-05-06 16:08:41,096: +PUB [/ctrl/agent_2] /onlane_ai_agent_2 http://y:43771/
[rosmaster.master][INFO] 2026-05-06 16:08:41,098: +PUB [/vis/agent_0/obstacle_map] /test_ssc_with_eudm_0 http://y:42549/
[rosmaster.master][INFO] 2026-05-06 16:08:41,098: +PUB [/tf] /onlane_ai_agent_2 http://y:43771/
[rosmaster.master][INFO] 2026-05-06 16:08:41,098: +PUB [/vis/agent_0/surrounding_lane_net_vis] /test_ssc_with_eudm_0 http://y:42549/
[rosmaster.master][INFO] 2026-05-06 16:08:41,099: +PUB [/tf] /onlane_ai_agent_1 http://y:34179/
[rosmaster.master][INFO] 2026-05-06 16:08:41,099: +PUB [/vis/agent_2/ego_vehicle_vis] /onlane_ai_agent_2 http://y:43771/
[rosmaster.master][INFO] 2026-05-06 16:08:41,099: +PUB [/vis/agent_1/ego_vehicle_vis] /onlane_ai_agent_1 http://y:34179/
[rosmaster.master][INFO] 2026-05-06 16:08:41,099: +PUB [/vis/agent_2/obstacle_map] /onlane_ai_agent_2 http://y:43771/
[rosmaster.master][INFO] 2026-05-06 16:08:41,100: +PUB [/vis/agent_2/surrounding_lane_net_vis] /onlane_ai_agent_2 http://y:43771/
[rosmaster.master][INFO] 2026-05-06 16:08:41,100: +PUB [/vis/agent_2/local_lanes_vis] /onlane_ai_agent_2 http://y:43771/
[rosmaster.master][INFO] 2026-05-06 16:08:41,100: +PUB [/vis/agent_2/ego_behavior_vis] /onlane_ai_agent_2 http://y:43771/
[rosmaster.master][INFO] 2026-05-06 16:08:41,100: +PUB [/vis/agent_2/pred_traj_openloop_vis] /onlane_ai_agent_2 http://y:43771/
[rosmaster.master][INFO] 2026-05-06 16:08:41,100: +PUB [/vis/agent_2/pred_initial_intention_vis] /onlane_ai_agent_2 http://y:43771/
[rosmaster.master][INFO] 2026-05-06 16:08:41,101: +PUB [/vis/agent_2/surrounding_vehicle_vis] /onlane_ai_agent_2 http://y:43771/
[rosmaster.master][INFO] 2026-05-06 16:08:41,101: +PUB [/vis/agent_0/local_lanes_vis] /test_ssc_with_eudm_0 http://y:42549/
[rosmaster.master][INFO] 2026-05-06 16:08:41,101: +PUB [/vis/agent_2/speed_limit] /onlane_ai_agent_2 http://y:43771/
[rosmaster.master][INFO] 2026-05-06 16:08:41,101: +PUB [/rosout] /onlane_ai_agent_4 http://y:33187/
[rosmaster.master][INFO] 2026-05-06 16:08:41,102: +PUB [/rosout] /onlane_ai_agent_3 http://y:36335/
[rosmaster.master][INFO] 2026-05-06 16:08:41,102: +PUB [/vis/agent_0/ego_behavior_vis] /test_ssc_with_eudm_0 http://y:42549/
[rosmaster.master][INFO] 2026-05-06 16:08:41,103: +SERVICE [/onlane_ai_agent_4/get_loggers] /onlane_ai_agent_4 http://y:33187/
[rosmaster.master][INFO] 2026-05-06 16:08:41,103: +PUB [/vis/agent_0/pred_traj_openloop_vis] /test_ssc_with_eudm_0 http://y:42549/
[rosmaster.master][INFO] 2026-05-06 16:08:41,103: +SERVICE [/onlane_ai_agent_4/set_logger_level] /onlane_ai_agent_4 http://y:33187/
[rosmaster.master][INFO] 2026-05-06 16:08:41,103: +SUB [/arena_info_static] /onlane_ai_agent_2 http://y:43771/
[rosmaster.master][INFO] 2026-05-06 16:08:41,104: +PUB [/vis/agent_0/pred_initial_intention_vis] /test_ssc_with_eudm_0 http://y:42549/
[rosmaster.master][INFO] 2026-05-06 16:08:41,105: +PUB [/vis/agent_1/obstacle_map] /onlane_ai_agent_1 http://y:34179/
[rosmaster.master][INFO] 2026-05-06 16:08:41,105: +PUB [/ctrl/agent_4] /onlane_ai_agent_4 http://y:33187/
[rosmaster.master][INFO] 2026-05-06 16:08:41,105: +PUB [/vis/agent_0/surrounding_vehicle_vis] /test_ssc_with_eudm_0 http://y:42549/
[rosmaster.master][INFO] 2026-05-06 16:08:41,106: +PUB [/vis/agent_0/speed_limit] /test_ssc_with_eudm_0 http://y:42549/
[rosmaster.master][INFO] 2026-05-06 16:08:41,107: +PUB [/vis/agent_1/surrounding_lane_net_vis] /onlane_ai_agent_1 http://y:34179/
[rosmaster.master][INFO] 2026-05-06 16:08:41,107: +PUB [/vis/agent_0/ssc/map_vis] /test_ssc_with_eudm_0 http://y:42549/
[rosmaster.master][INFO] 2026-05-06 16:08:41,107: +SUB [/arena_info_dynamic] /onlane_ai_agent_2 http://y:43771/
[rosmaster.master][INFO] 2026-05-06 16:08:41,109: +PUB [/vis/agent_0/ssc/qp_vis] /test_ssc_with_eudm_0 http://y:42549/
[rosmaster.master][INFO] 2026-05-06 16:08:41,112: +PUB [/vis/agent_1/local_lanes_vis] /onlane_ai_agent_1 http://y:34179/
[rosmaster.master][INFO] 2026-05-06 16:08:41,112: +PUB [/vis/agent_0/ssc/ego_fs_vis] /test_ssc_with_eudm_0 http://y:42549/
[rosmaster.master][INFO] 2026-05-06 16:08:41,115: +PUB [/tf] /onlane_ai_agent_4 http://y:33187/
[rosmaster.master][INFO] 2026-05-06 16:08:41,115: +SERVICE [/onlane_ai_agent_3/get_loggers] /onlane_ai_agent_3 http://y:36335/
[rosmaster.master][INFO] 2026-05-06 16:08:41,117: +PUB [/vis/agent_1/ego_behavior_vis] /onlane_ai_agent_1 http://y:34179/
[rosmaster.master][INFO] 2026-05-06 16:08:41,120: publisherUpdate[/rosout] -> http://y:42615/ ['http://y:42549/']
[rosmaster.master][INFO] 2026-05-06 16:08:41,120: +PUB [/vis/agent_0/ssc/forward_trajs_vis] /test_ssc_with_eudm_0 http://y:42549/
[rosmaster.master][INFO] 2026-05-06 16:08:41,121: +PUB [/vis/agent_4/ego_vehicle_vis] /onlane_ai_agent_4 http://y:33187/
[rosmaster.master][INFO] 2026-05-06 16:08:41,123: +SERVICE [/onlane_ai_agent_3/set_logger_level] /onlane_ai_agent_3 http://y:36335/
[rosmaster.master][INFO] 2026-05-06 16:08:41,128: +SUB [/joy] /onlane_ai_agent_2 http://y:43771/
[rosmaster.master][INFO] 2026-05-06 16:08:41,128: +PUB [/vis/agent_0/ssc/sur_vehicle_trajs_vis] /test_ssc_with_eudm_0 http://y:42549/
[rosmaster.master][INFO] 2026-05-06 16:08:41,128: publisherUpdate[/rosout] -> http://y:42615/ ['http://y:42549/']: sec=0.01, result=[1, '', 0]
[rosmaster.master][INFO] 2026-05-06 16:08:41,129: publisherUpdate[/rosout] -> http://y:42615/ ['http://y:42549/', 'http://y:34179/']
[rosmaster.master][INFO] 2026-05-06 16:08:41,129: +PUB [/vis/agent_4/obstacle_map] /onlane_ai_agent_4 http://y:33187/
[rosmaster.master][INFO] 2026-05-06 16:08:41,130: +PUB [/rosout] /onlane_ai_agent_6 http://y:37897/
[rosmaster.master][INFO] 2026-05-06 16:08:41,131: +PUB [/vis/agent_0/ssc/corridor_vis] /test_ssc_with_eudm_0 http://y:42549/
[rosmaster.master][INFO] 2026-05-06 16:08:41,131: +PUB [/vis/agent_4/surrounding_lane_net_vis] /onlane_ai_agent_4 http://y:33187/
[rosmaster.master][INFO] 2026-05-06 16:08:41,129: publisherUpdate[/rosout] -> http://y:42615/ ['http://y:42549/', 'http://y:34179/']: sec=0.00, result=[1, '', 0]
[rosmaster.master][INFO] 2026-05-06 16:08:41,131: publisherUpdate[/rosout] -> http://y:42615/ ['http://y:42549/', 'http://y:34179/', 'http://y:43771/']
[rosmaster.master][INFO] 2026-05-06 16:08:41,132: +PUB [/rosout] /onlane_ai_agent_7 http://y:45705/
[rosmaster.master][INFO] 2026-05-06 16:08:41,132: publisherUpdate[/rosout] -> http://y:42615/ ['http://y:42549/', 'http://y:34179/', 'http://y:43771/']: sec=0.00, result=[1, '', 0]
[rosmaster.master][INFO] 2026-05-06 16:08:41,132: publisherUpdate[/rosout] -> http://y:42615/ ['http://y:42549/', 'http://y:34179/', 'http://y:43771/', 'http://y:33187/']
[rosmaster.master][INFO] 2026-05-06 16:08:41,133: +PUB [/rosout] /onlane_ai_agent_9 http://y:42495/
[rosmaster.master][INFO] 2026-05-06 16:08:41,133: +SERVICE [/onlane_ai_agent_6/get_loggers] /onlane_ai_agent_6 http://y:37897/
[rosmaster.master][INFO] 2026-05-06 16:08:41,134: publisherUpdate[/rosout] -> http://y:42615/ ['http://y:42549/', 'http://y:34179/', 'http://y:43771/', 'http://y:33187/']: sec=0.00, result=[1, '', 0]
[rosmaster.master][INFO] 2026-05-06 16:08:41,134: publisherUpdate[/rosout] -> http://y:42615/ ['http://y:42549/', 'http://y:34179/', 'http://y:43771/', 'http://y:33187/', 'http://y:36335/']
[rosmaster.master][INFO] 2026-05-06 16:08:41,134: +PUB [/vis/agent_4/local_lanes_vis] /onlane_ai_agent_4 http://y:33187/
[rosmaster.master][INFO] 2026-05-06 16:08:41,134: publisherUpdate[/rosout] -> http://y:42615/ ['http://y:42549/', 'http://y:34179/', 'http://y:43771/', 'http://y:33187/', 'http://y:36335/']: sec=0.00, result=[1, '', 0]
[rosmaster.master][INFO] 2026-05-06 16:08:41,135: publisherUpdate[/rosout] -> http://y:42615/ ['http://y:42549/', 'http://y:34179/', 'http://y:43771/', 'http://y:33187/', 'http://y:36335/', 'http://y:37897/']
[rosmaster.master][INFO] 2026-05-06 16:08:41,135: +SERVICE [/onlane_ai_agent_9/get_loggers] /onlane_ai_agent_9 http://y:42495/
[rosmaster.master][INFO] 2026-05-06 16:08:41,142: publisherUpdate[/rosout] -> http://y:42615/ ['http://y:42549/', 'http://y:34179/', 'http://y:43771/', 'http://y:33187/', 'http://y:36335/', 'http://y:37897/']: sec=0.01, result=[1, '', 0]
[rosmaster.master][INFO] 2026-05-06 16:08:41,143: publisherUpdate[/rosout] -> http://y:42615/ ['http://y:42549/', 'http://y:34179/', 'http://y:43771/', 'http://y:33187/', 'http://y:36335/', 'http://y:37897/', 'http://y:45705/']
[rosmaster.master][INFO] 2026-05-06 16:08:41,143: publisherUpdate[/rosout] -> http://y:42615/ ['http://y:42549/', 'http://y:34179/', 'http://y:43771/', 'http://y:33187/', 'http://y:36335/', 'http://y:37897/', 'http://y:45705/']: sec=0.00, result=[1, '', 0]
[rosmaster.master][INFO] 2026-05-06 16:08:41,143: publisherUpdate[/rosout] -> http://y:42615/ ['http://y:42549/', 'http://y:34179/', 'http://y:43771/', 'http://y:33187/', 'http://y:36335/', 'http://y:37897/', 'http://y:45705/', 'http://y:42495/']
[rosmaster.master][INFO] 2026-05-06 16:08:41,144: +SERVICE [/onlane_ai_agent_6/set_logger_level] /onlane_ai_agent_6 http://y:37897/
[rosmaster.master][INFO] 2026-05-06 16:08:41,144: +PUB [/vis/agent_4/ego_behavior_vis] /onlane_ai_agent_4 http://y:33187/
[rosmaster.master][INFO] 2026-05-06 16:08:41,144: +SUB [/joy] /test_ssc_with_eudm_0 http://y:42549/
[rosmaster.master][INFO] 2026-05-06 16:08:41,144: +PUB [/rosout] /onlane_ai_agent_10 http://y:34953/
[rosmaster.master][INFO] 2026-05-06 16:08:41,144: publisherUpdate[/rosout] -> http://y:42615/ ['http://y:42549/', 'http://y:34179/', 'http://y:43771/', 'http://y:33187/', 'http://y:36335/', 'http://y:37897/', 'http://y:45705/', 'http://y:42495/']: sec=0.00, result=[1, '', 0]
[rosmaster.master][INFO] 2026-05-06 16:08:41,144: publisherUpdate[/rosout] -> http://y:42615/ ['http://y:42549/', 'http://y:34179/', 'http://y:43771/', 'http://y:33187/', 'http://y:36335/', 'http://y:37897/', 'http://y:45705/', 'http://y:42495/', 'http://y:34953/']
[rosmaster.master][INFO] 2026-05-06 16:08:41,149: publisherUpdate[/rosout] -> http://y:42615/ ['http://y:42549/', 'http://y:34179/', 'http://y:43771/', 'http://y:33187/', 'http://y:36335/', 'http://y:37897/', 'http://y:45705/', 'http://y:42495/', 'http://y:34953/']: sec=0.00, result=[1, '', 0]
[rosmaster.master][INFO] 2026-05-06 16:08:41,149: +SERVICE [/onlane_ai_agent_9/set_logger_level] /onlane_ai_agent_9 http://y:42495/
[rosmaster.master][INFO] 2026-05-06 16:08:41,151: +PUB [/rosout] /onlane_ai_agent_8 http://y:38575/
[rosmaster.master][INFO] 2026-05-06 16:08:41,152: +PUB [/vis/agent_2/forward_trajs] /onlane_ai_agent_2 http://y:43771/
[rosmaster.master][INFO] 2026-05-06 16:08:41,152: +PUB [/vis/agent_4/pred_traj_openloop_vis] /onlane_ai_agent_4 http://y:33187/
[rosmaster.master][INFO] 2026-05-06 16:08:41,153: +SERVICE [/onlane_ai_agent_10/get_loggers] /onlane_ai_agent_10 http://y:34953/
[rosmaster.master][INFO] 2026-05-06 16:08:41,153: +SERVICE [/onlane_ai_agent_7/get_loggers] /onlane_ai_agent_7 http://y:45705/
[rosmaster.master][INFO] 2026-05-06 16:08:41,153: +PUB [/rosout] /phy_simulator_planning_node http://y:37975/
[rosmaster.master][INFO] 2026-05-06 16:08:41,153: +PUB [/vis/agent_1/pred_traj_openloop_vis] /onlane_ai_agent_1 http://y:34179/
[rosmaster.master][INFO] 2026-05-06 16:08:41,153: +PUB [/ctrl/agent_6] /onlane_ai_agent_6 http://y:37897/
[rosmaster.master][INFO] 2026-05-06 16:08:41,157: +PUB [/vis/agent_0/forward_trajs] /test_ssc_with_eudm_0 http://y:42549/
[rosmaster.master][INFO] 2026-05-06 16:08:41,157: +PUB [/rosout] /onlane_ai_agent_5 http://y:33017/
[rosmaster.master][INFO] 2026-05-06 16:08:41,157: +PUB [/ctrl/agent_9] /onlane_ai_agent_9 http://y:42495/
[rosmaster.master][INFO] 2026-05-06 16:08:41,158: +SERVICE [/onlane_ai_agent_8/get_loggers] /onlane_ai_agent_8 http://y:38575/
[rosmaster.master][INFO] 2026-05-06 16:08:41,158: +PUB [/vis/agent_4/pred_initial_intention_vis] /onlane_ai_agent_4 http://y:33187/
[rosmaster.master][INFO] 2026-05-06 16:08:41,159: +SERVICE [/onlane_ai_agent_10/set_logger_level] /onlane_ai_agent_10 http://y:34953/
[rosmaster.master][INFO] 2026-05-06 16:08:41,160: +SERVICE [/onlane_ai_agent_7/set_logger_level] /onlane_ai_agent_7 http://y:45705/
[rosmaster.master][INFO] 2026-05-06 16:08:41,160: +PUB [/vis/agent_1/pred_initial_intention_vis] /onlane_ai_agent_1 http://y:34179/
[rosmaster.master][INFO] 2026-05-06 16:08:41,160: +SERVICE [/onlane_ai_agent_8/set_logger_level] /onlane_ai_agent_8 http://y:38575/
[rosmaster.master][INFO] 2026-05-06 16:08:41,161: +PUB [/vis/agent_4/surrounding_vehicle_vis] /onlane_ai_agent_4 http://y:33187/
[rosmaster.master][INFO] 2026-05-06 16:08:41,161: +PUB [/ctrl/agent_0] /test_ssc_with_eudm_0 http://y:42549/
[rosmaster.master][INFO] 2026-05-06 16:08:41,162: +PUB [/tf] /onlane_ai_agent_9 http://y:42495/
[rosmaster.master][INFO] 2026-05-06 16:08:41,162: +PUB [/vis/agent_4/speed_limit] /onlane_ai_agent_4 http://y:33187/
[rosmaster.master][INFO] 2026-05-06 16:08:41,162: +PUB [/tf] /onlane_ai_agent_6 http://y:37897/
[rosmaster.master][INFO] 2026-05-06 16:08:41,163: +PUB [/test_ssc_with_eudm_0/ssc_map] /test_ssc_with_eudm_0 http://y:42549/
[rosmaster.master][INFO] 2026-05-06 16:08:41,163: +PUB [/ctrl/agent_3] /onlane_ai_agent_3 http://y:36335/
[rosmaster.master][INFO] 2026-05-06 16:08:41,163: +SERVICE [/phy_simulator_planning_node/get_loggers] /phy_simulator_planning_node http://y:37975/
[rosmaster.master][INFO] 2026-05-06 16:08:41,163: +PUB [/vis/agent_0/ssc/exec_traj] /test_ssc_with_eudm_0 http://y:42549/
[rosmaster.master][INFO] 2026-05-06 16:08:41,164: +PUB [/vis/agent_9/ego_vehicle_vis] /onlane_ai_agent_9 http://y:42495/
[rosmaster.master][INFO] 2026-05-06 16:08:41,164: +PUB [/vis/agent_6/ego_vehicle_vis] /onlane_ai_agent_6 http://y:37897/
[rosmaster.master][INFO] 2026-05-06 16:08:41,164: +PUB [/ctrl/agent_10] /onlane_ai_agent_10 http://y:34953/
[rosmaster.master][INFO] 2026-05-06 16:08:41,164: +PUB [/ctrl/agent_7] /onlane_ai_agent_7 http://y:45705/
[rosmaster.master][INFO] 2026-05-06 16:08:41,165: +PUB [/vis/agent_9/obstacle_map] /onlane_ai_agent_9 http://y:42495/
[rosmaster.master][INFO] 2026-05-06 16:08:41,167: +PUB [/vis/agent_6/obstacle_map] /onlane_ai_agent_6 http://y:37897/
[rosmaster.master][INFO] 2026-05-06 16:08:41,167: +SUB [/arena_info_static] /onlane_ai_agent_4 http://y:33187/
[rosmaster.master][INFO] 2026-05-06 16:08:41,167: +SUB [/arena_info_static] /test_ssc_with_eudm_0 http://y:42549/
[rosmaster.master][INFO] 2026-05-06 16:08:41,168: +PUB [/tf] /onlane_ai_agent_7 http://y:45705/
[rosmaster.master][INFO] 2026-05-06 16:08:41,168: +PUB [/vis/agent_9/surrounding_lane_net_vis] /onlane_ai_agent_9 http://y:42495/
[rosmaster.master][INFO] 2026-05-06 16:08:41,169: +PUB [/vis/agent_6/surrounding_lane_net_vis] /onlane_ai_agent_6 http://y:37897/
[rosmaster.master][INFO] 2026-05-06 16:08:41,169: +PUB [/vis/agent_7/ego_vehicle_vis] /onlane_ai_agent_7 http://y:45705/
[rosmaster.master][INFO] 2026-05-06 16:08:41,171: +PUB [/vis/agent_6/local_lanes_vis] /onlane_ai_agent_6 http://y:37897/
[rosmaster.master][INFO] 2026-05-06 16:08:41,171: +PUB [/vis/agent_9/local_lanes_vis] /onlane_ai_agent_9 http://y:42495/
[rosmaster.master][INFO] 2026-05-06 16:08:41,171: +SUB [/arena_info_dynamic] /test_ssc_with_eudm_0 http://y:42549/
[rosmaster.master][INFO] 2026-05-06 16:08:41,171: +PUB [/vis/agent_7/obstacle_map] /onlane_ai_agent_7 http://y:45705/
[rosmaster.master][INFO] 2026-05-06 16:08:41,171: +PUB [/tf] /onlane_ai_agent_10 http://y:34953/
[rosmaster.master][INFO] 2026-05-06 16:08:41,171: +PUB [/vis/agent_6/ego_behavior_vis] /onlane_ai_agent_6 http://y:37897/
[rosmaster.master][INFO] 2026-05-06 16:08:41,172: +PUB [/vis/agent_9/ego_behavior_vis] /onlane_ai_agent_9 http://y:42495/
[rosmaster.master][INFO] 2026-05-06 16:08:41,172: +PUB [/vis/agent_9/pred_traj_openloop_vis] /onlane_ai_agent_9 http://y:42495/
[rosmaster.master][INFO] 2026-05-06 16:08:41,172: +PUB [/vis/agent_9/pred_initial_intention_vis] /onlane_ai_agent_9 http://y:42495/
[rosmaster.master][INFO] 2026-05-06 16:08:41,172: +PUB [/vis/agent_9/surrounding_vehicle_vis] /onlane_ai_agent_9 http://y:42495/
[rosmaster.master][INFO] 2026-05-06 16:08:41,173: +PUB [/vis/agent_9/speed_limit] /onlane_ai_agent_9 http://y:42495/
[rosmaster.master][INFO] 2026-05-06 16:08:41,173: +PUB [/vis/agent_6/pred_traj_openloop_vis] /onlane_ai_agent_6 http://y:37897/
[rosmaster.master][INFO] 2026-05-06 16:08:41,174: +PUB [/vis/agent_1/surrounding_vehicle_vis] /onlane_ai_agent_1 http://y:34179/
[rosmaster.master][INFO] 2026-05-06 16:08:41,175: +SUB [/arena_info_dynamic] /onlane_ai_agent_4 http://y:33187/
[rosmaster.master][INFO] 2026-05-06 16:08:41,175: +PUB [/vis/agent_7/surrounding_lane_net_vis] /onlane_ai_agent_7 http://y:45705/
[rosmaster.master][INFO] 2026-05-06 16:08:41,175: +PUB [/vis/agent_10/ego_vehicle_vis] /onlane_ai_agent_10 http://y:34953/
[rosmaster.master][INFO] 2026-05-06 16:08:41,176: +SUB [/arena_info_static] /onlane_ai_agent_9 http://y:42495/
[rosmaster.master][INFO] 2026-05-06 16:08:41,177: +SUB [/joy] /onlane_ai_agent_4 http://y:33187/
[rosmaster.master][INFO] 2026-05-06 16:08:41,177: +SERVICE [/onlane_ai_agent_5/get_loggers] /onlane_ai_agent_5 http://y:33017/
[rosmaster.master][INFO] 2026-05-06 16:08:41,178: +PUB [/vis/agent_7/local_lanes_vis] /onlane_ai_agent_7 http://y:45705/
[rosmaster.master][INFO] 2026-05-06 16:08:41,178: +PUB [/vis/agent_4/forward_trajs] /onlane_ai_agent_4 http://y:33187/
[rosmaster.master][INFO] 2026-05-06 16:08:41,178: +SUB [/arena_info_dynamic] /onlane_ai_agent_9 http://y:42495/
[rosmaster.master][INFO] 2026-05-06 16:08:41,179: +SUB [/joy] /onlane_ai_agent_9 http://y:42495/
[rosmaster.master][INFO] 2026-05-06 16:08:41,180: +PUB [/vis/agent_9/forward_trajs] /onlane_ai_agent_9 http://y:42495/
[rosmaster.master][INFO] 2026-05-06 16:08:41,180: +PUB [/vis/agent_6/pred_initial_intention_vis] /onlane_ai_agent_6 http://y:37897/
[rosmaster.master][INFO] 2026-05-06 16:08:41,181: +PUB [/vis/agent_7/ego_behavior_vis] /onlane_ai_agent_7 http://y:45705/
[rosmaster.master][INFO] 2026-05-06 16:08:41,181: +PUB [/vis/agent_10/obstacle_map] /onlane_ai_agent_10 http://y:34953/
[rosmaster.master][INFO] 2026-05-06 16:08:41,181: +PUB [/vis/agent_7/pred_traj_openloop_vis] /onlane_ai_agent_7 http://y:45705/
[rosmaster.master][INFO] 2026-05-06 16:08:41,181: +PUB [/vis/agent_7/pred_initial_intention_vis] /onlane_ai_agent_7 http://y:45705/
[rosmaster.master][INFO] 2026-05-06 16:08:41,182: +PUB [/vis/agent_7/surrounding_vehicle_vis] /onlane_ai_agent_7 http://y:45705/
[rosmaster.master][INFO] 2026-05-06 16:08:41,182: +PUB [/ctrl/agent_8] /onlane_ai_agent_8 http://y:38575/
[rosmaster.master][INFO] 2026-05-06 16:08:41,182: +PUB [/vis/agent_10/surrounding_lane_net_vis] /onlane_ai_agent_10 http://y:34953/
[rosmaster.master][INFO] 2026-05-06 16:08:41,186: +PUB [/vis/agent_7/speed_limit] /onlane_ai_agent_7 http://y:45705/
[rosmaster.master][INFO] 2026-05-06 16:08:41,187: +SERVICE [/phy_simulator_planning_node/set_logger_level] /phy_simulator_planning_node http://y:37975/
[rosmaster.master][INFO] 2026-05-06 16:08:41,188: +PUB [/vis/agent_10/local_lanes_vis] /onlane_ai_agent_10 http://y:34953/
[rosmaster.master][INFO] 2026-05-06 16:08:41,193: +PUB [/vis/agent_6/surrounding_vehicle_vis] /onlane_ai_agent_6 http://y:37897/
[rosmaster.master][INFO] 2026-05-06 16:08:41,193: +PUB [/vis/agent_6/speed_limit] /onlane_ai_agent_6 http://y:37897/
[rosmaster.master][INFO] 2026-05-06 16:08:41,194: +SUB [/arena_info_static] /onlane_ai_agent_6 http://y:37897/
[rosmaster.master][INFO] 2026-05-06 16:08:41,195: +SUB [/arena_info_dynamic] /onlane_ai_agent_6 http://y:37897/
[rosmaster.master][INFO] 2026-05-06 16:08:41,196: +SUB [/joy] /onlane_ai_agent_6 http://y:37897/
[rosmaster.master][INFO] 2026-05-06 16:08:41,197: +PUB [/vis/agent_6/forward_trajs] /onlane_ai_agent_6 http://y:37897/
[rosmaster.master][INFO] 2026-05-06 16:08:41,198: +SUB [/arena_info_static] /onlane_ai_agent_7 http://y:45705/
[rosmaster.master][INFO] 2026-05-06 16:08:41,200: +PUB [/vis/agent_10/ego_behavior_vis] /onlane_ai_agent_10 http://y:34953/
[rosmaster.master][INFO] 2026-05-06 16:08:41,202: +PUB [/vis/agent_1/speed_limit] /onlane_ai_agent_1 http://y:34179/
[rosmaster.master][INFO] 2026-05-06 16:08:41,203: +SERVICE [/onlane_ai_agent_5/set_logger_level] /onlane_ai_agent_5 http://y:33017/
[rosmaster.master][INFO] 2026-05-06 16:08:41,206: +SUB [/arena_info_dynamic] /onlane_ai_agent_7 http://y:45705/
[rosmaster.master][INFO] 2026-05-06 16:08:41,207: +PUB [/vis/agent_10/pred_traj_openloop_vis] /onlane_ai_agent_10 http://y:34953/
[rosmaster.master][INFO] 2026-05-06 16:08:41,208: +SUB [/joy] /onlane_ai_agent_7 http://y:45705/
[rosmaster.master][INFO] 2026-05-06 16:08:41,209: +PUB [/vis/agent_7/forward_trajs] /onlane_ai_agent_7 http://y:45705/
[rosmaster.master][INFO] 2026-05-06 16:08:41,209: +PUB [/tf] /onlane_ai_agent_8 http://y:38575/
[rosmaster.master][INFO] 2026-05-06 16:08:41,210: +PUB [/vis/agent_8/ego_vehicle_vis] /onlane_ai_agent_8 http://y:38575/
[rosmaster.master][INFO] 2026-05-06 16:08:41,210: +PUB [/vis/agent_8/obstacle_map] /onlane_ai_agent_8 http://y:38575/
[rosmaster.master][INFO] 2026-05-06 16:08:41,210: +PUB [/vis/agent_8/surrounding_lane_net_vis] /onlane_ai_agent_8 http://y:38575/
[rosmaster.master][INFO] 2026-05-06 16:08:41,211: +PUB [/vis/agent_8/local_lanes_vis] /onlane_ai_agent_8 http://y:38575/
[rosmaster.master][INFO] 2026-05-06 16:08:41,211: +PUB [/vis/agent_8/ego_behavior_vis] /onlane_ai_agent_8 http://y:38575/
[rosmaster.master][INFO] 2026-05-06 16:08:41,211: +PUB [/vis/agent_8/pred_traj_openloop_vis] /onlane_ai_agent_8 http://y:38575/
[rosmaster.master][INFO] 2026-05-06 16:08:41,211: +PUB [/vis/agent_8/pred_initial_intention_vis] /onlane_ai_agent_8 http://y:38575/
[rosmaster.master][INFO] 2026-05-06 16:08:41,212: +PUB [/vis/agent_8/surrounding_vehicle_vis] /onlane_ai_agent_8 http://y:38575/
[rosmaster.master][INFO] 2026-05-06 16:08:41,212: +PUB [/vis/agent_8/speed_limit] /onlane_ai_agent_8 http://y:38575/
[rosmaster.master][INFO] 2026-05-06 16:08:41,213: +PUB [/arena_info_static] /phy_simulator_planning_node http://y:37975/
[rosmaster.master][INFO] 2026-05-06 16:08:41,214: +PUB [/vis/agent_10/pred_initial_intention_vis] /onlane_ai_agent_10 http://y:34953/
[rosmaster.master][INFO] 2026-05-06 16:08:41,214: +PUB [/vis/agent_10/surrounding_vehicle_vis] /onlane_ai_agent_10 http://y:34953/
[rosmaster.master][INFO] 2026-05-06 16:08:41,214: +PUB [/vis/agent_10/speed_limit] /onlane_ai_agent_10 http://y:34953/
[rosmaster.master][INFO] 2026-05-06 16:08:41,215: +SUB [/arena_info_static] /onlane_ai_agent_8 http://y:38575/
[rosmaster.master][INFO] 2026-05-06 16:08:41,216: +PUB [/tf] /onlane_ai_agent_3 http://y:36335/
[rosmaster.master][INFO] 2026-05-06 16:08:41,217: +SUB [/arena_info_static] /onlane_ai_agent_10 http://y:34953/
[rosmaster.master][INFO] 2026-05-06 16:08:41,217: +SUB [/arena_info_dynamic] /onlane_ai_agent_8 http://y:38575/
[rosmaster.master][INFO] 2026-05-06 16:08:41,217: +PUB [/vis/agent_3/ego_vehicle_vis] /onlane_ai_agent_3 http://y:36335/
[rosmaster.master][INFO] 2026-05-06 16:08:41,217: +PUB [/vis/agent_3/obstacle_map] /onlane_ai_agent_3 http://y:36335/
[rosmaster.master][INFO] 2026-05-06 16:08:41,218: +PUB [/vis/agent_3/surrounding_lane_net_vis] /onlane_ai_agent_3 http://y:36335/
[rosmaster.master][INFO] 2026-05-06 16:08:41,219: +PUB [/vis/agent_3/local_lanes_vis] /onlane_ai_agent_3 http://y:36335/
[rosmaster.master][INFO] 2026-05-06 16:08:41,220: +PUB [/arena_info_dynamic] /phy_simulator_planning_node http://y:37975/
[rosmaster.master][INFO] 2026-05-06 16:08:41,222: +PUB [/vis/agent_3/ego_behavior_vis] /onlane_ai_agent_3 http://y:36335/
[rosmaster.master][INFO] 2026-05-06 16:08:41,222: +PUB [/ctrl/agent_5] /onlane_ai_agent_5 http://y:33017/
[rosmaster.master][INFO] 2026-05-06 16:08:41,223: +PUB [/phy_simulator_planning_node/vis/vehicle_set_vis] /phy_simulator_planning_node http://y:37975/
[rosmaster.master][INFO] 2026-05-06 16:08:41,223: +SUB [/joy] /onlane_ai_agent_8 http://y:38575/
[rosmaster.master][INFO] 2026-05-06 16:08:41,223: +SUB [/arena_info_dynamic] /onlane_ai_agent_10 http://y:34953/
[rosmaster.master][INFO] 2026-05-06 16:08:41,223: +PUB [/vis/agent_3/pred_traj_openloop_vis] /onlane_ai_agent_3 http://y:36335/
[rosmaster.master][INFO] 2026-05-06 16:08:41,224: +SUB [/arena_info_static] /onlane_ai_agent_1 http://y:34179/
[rosmaster.master][INFO] 2026-05-06 16:08:41,224: +PUB [/phy_simulator_planning_node/vis/lane_net_vis] /phy_simulator_planning_node http://y:37975/
[rosmaster.master][INFO] 2026-05-06 16:08:41,224: +PUB [/vis/agent_8/forward_trajs] /onlane_ai_agent_8 http://y:38575/
[rosmaster.master][INFO] 2026-05-06 16:08:41,225: +PUB [/vis/agent_3/pred_initial_intention_vis] /onlane_ai_agent_3 http://y:36335/
[rosmaster.master][INFO] 2026-05-06 16:08:41,225: +PUB [/vis/agent_3/surrounding_vehicle_vis] /onlane_ai_agent_3 http://y:36335/
[rosmaster.master][INFO] 2026-05-06 16:08:41,226: +PUB [/vis/agent_3/speed_limit] /onlane_ai_agent_3 http://y:36335/
[rosmaster.master][INFO] 2026-05-06 16:08:41,227: +SUB [/joy] /onlane_ai_agent_10 http://y:34953/
[rosmaster.master][INFO] 2026-05-06 16:08:41,228: +PUB [/tf] /onlane_ai_agent_5 http://y:33017/
[rosmaster.master][INFO] 2026-05-06 16:08:41,228: +SUB [/arena_info_dynamic] /onlane_ai_agent_1 http://y:34179/
[rosmaster.master][INFO] 2026-05-06 16:08:41,228: publisherUpdate[/rosout] -> http://y:42615/ ['http://y:42549/', 'http://y:34179/', 'http://y:43771/', 'http://y:33187/', 'http://y:36335/', 'http://y:37897/', 'http://y:45705/', 'http://y:42495/', 'http://y:34953/', 'http://y:38575/']
[rosmaster.master][INFO] 2026-05-06 16:08:41,228: publisherUpdate[/arena_info_static] -> http://y:43771/ ['http://y:37975/']
[rosmaster.master][INFO] 2026-05-06 16:08:41,229: +PUB [/phy_simulator_planning_node/vis/obstacle_set_vis] /phy_simulator_planning_node http://y:37975/
[rosmaster.master][INFO] 2026-05-06 16:08:41,230: +PUB [/vis/agent_5/ego_vehicle_vis] /onlane_ai_agent_5 http://y:33017/
[rosmaster.master][INFO] 2026-05-06 16:08:41,230: publisherUpdate[/arena_info_static] -> http://y:43771/ ['http://y:37975/']: sec=0.00, result=[1, '', 0]
[rosmaster.master][INFO] 2026-05-06 16:08:41,230: +PUB [/vis/agent_10/forward_trajs] /onlane_ai_agent_10 http://y:34953/
[rosmaster.master][INFO] 2026-05-06 16:08:41,230: publisherUpdate[/arena_info_static] -> http://y:33187/ ['http://y:37975/']
[rosmaster.master][INFO] 2026-05-06 16:08:41,231: publisherUpdate[/rosout] -> http://y:42615/ ['http://y:42549/', 'http://y:34179/', 'http://y:43771/', 'http://y:33187/', 'http://y:36335/', 'http://y:37897/', 'http://y:45705/', 'http://y:42495/', 'http://y:34953/', 'http://y:38575/']: sec=0.00, result=[1, '', 0]
[rosmaster.master][INFO] 2026-05-06 16:08:41,232: publisherUpdate[/rosout] -> http://y:42615/ ['http://y:42549/', 'http://y:34179/', 'http://y:43771/', 'http://y:33187/', 'http://y:36335/', 'http://y:37897/', 'http://y:45705/', 'http://y:42495/', 'http://y:34953/', 'http://y:38575/', 'http://y:37975/']
[rosmaster.master][INFO] 2026-05-06 16:08:41,232: +PUB [/vis/agent_5/obstacle_map] /onlane_ai_agent_5 http://y:33017/
[rosmaster.master][INFO] 2026-05-06 16:08:41,232: publisherUpdate[/arena_info_static] -> http://y:33187/ ['http://y:37975/']: sec=0.00, result=[1, '', 0]
[rosmaster.master][INFO] 2026-05-06 16:08:41,233: publisherUpdate[/arena_info_static] -> http://y:42549/ ['http://y:37975/']
[rosmaster.master][INFO] 2026-05-06 16:08:41,233: publisherUpdate[/rosout] -> http://y:42615/ ['http://y:42549/', 'http://y:34179/', 'http://y:43771/', 'http://y:33187/', 'http://y:36335/', 'http://y:37897/', 'http://y:45705/', 'http://y:42495/', 'http://y:34953/', 'http://y:38575/', 'http://y:37975/']: sec=0.00, result=[1, '', 0]
[rosmaster.master][INFO] 2026-05-06 16:08:41,233: publisherUpdate[/rosout] -> http://y:42615/ ['http://y:42549/', 'http://y:34179/', 'http://y:43771/', 'http://y:33187/', 'http://y:36335/', 'http://y:37897/', 'http://y:45705/', 'http://y:42495/', 'http://y:34953/', 'http://y:38575/', 'http://y:37975/', 'http://y:33017/']
[rosmaster.master][INFO] 2026-05-06 16:08:41,233: publisherUpdate[/arena_info_static] -> http://y:42549/ ['http://y:37975/']: sec=0.00, result=[1, '', 0]
[rosmaster.master][INFO] 2026-05-06 16:08:41,234: publisherUpdate[/arena_info_static] -> http://y:42495/ ['http://y:37975/']
[rosmaster.master][INFO] 2026-05-06 16:08:41,234: publisherUpdate[/rosout] -> http://y:42615/ ['http://y:42549/', 'http://y:34179/', 'http://y:43771/', 'http://y:33187/', 'http://y:36335/', 'http://y:37897/', 'http://y:45705/', 'http://y:42495/', 'http://y:34953/', 'http://y:38575/', 'http://y:37975/', 'http://y:33017/']: sec=0.00, result=[1, '', 0]
[rosmaster.master][INFO] 2026-05-06 16:08:41,234: +SUB [/arena_info_static] /onlane_ai_agent_3 http://y:36335/
[rosmaster.master][INFO] 2026-05-06 16:08:41,234: publisherUpdate[/arena_info_static] -> http://y:37897/ ['http://y:37975/']
[rosmaster.master][INFO] 2026-05-06 16:08:41,234: +SUB [/joy] /onlane_ai_agent_1 http://y:34179/
[rosmaster.master][INFO] 2026-05-06 16:08:41,235: publisherUpdate[/arena_info_static] -> http://y:42495/ ['http://y:37975/']: sec=0.00, result=[1, '', 0]
[rosmaster.master][INFO] 2026-05-06 16:08:41,235: publisherUpdate[/arena_info_static] -> http://y:45705/ ['http://y:37975/']
[rosmaster.master][INFO] 2026-05-06 16:08:41,235: +SUB [/ctrl/agent_10] /phy_simulator_planning_node http://y:37975/
[rosmaster.master][INFO] 2026-05-06 16:08:41,235: publisherUpdate[/arena_info_static] -> http://y:37897/ ['http://y:37975/']: sec=0.00, result=[1, '', 0]
[rosmaster.master][INFO] 2026-05-06 16:08:41,236: publisherUpdate[/arena_info_dynamic] -> http://y:43771/ ['http://y:37975/']
[rosmaster.master][INFO] 2026-05-06 16:08:41,236: +PUB [/vis/agent_5/surrounding_lane_net_vis] /onlane_ai_agent_5 http://y:33017/
[rosmaster.master][INFO] 2026-05-06 16:08:41,237: publisherUpdate[/arena_info_dynamic] -> http://y:43771/ ['http://y:37975/']: sec=0.00, result=[1, '', 0]
[rosmaster.master][INFO] 2026-05-06 16:08:41,237: publisherUpdate[/arena_info_dynamic] -> http://y:42549/ ['http://y:37975/']
[rosmaster.master][INFO] 2026-05-06 16:08:41,238: publisherUpdate[/arena_info_static] -> http://y:45705/ ['http://y:37975/']: sec=0.00, result=[1, '', 0]
[rosmaster.master][INFO] 2026-05-06 16:08:41,239: publisherUpdate[/arena_info_dynamic] -> http://y:33187/ ['http://y:37975/']
[rosmaster.master][INFO] 2026-05-06 16:08:41,239: +PUB [/vis/agent_1/forward_trajs] /onlane_ai_agent_1 http://y:34179/
[rosmaster.master][INFO] 2026-05-06 16:08:41,239: publisherUpdate[/arena_info_dynamic] -> http://y:42549/ ['http://y:37975/']: sec=0.00, result=[1, '', 0]
[rosmaster.master][INFO] 2026-05-06 16:08:41,241: +PUB [/vis/agent_5/local_lanes_vis] /onlane_ai_agent_5 http://y:33017/
[rosmaster.master][INFO] 2026-05-06 16:08:41,241: publisherUpdate[/arena_info_dynamic] -> http://y:33187/ ['http://y:37975/']: sec=0.00, result=[1, '', 0]
[rosmaster.master][INFO] 2026-05-06 16:08:41,241: publisherUpdate[/arena_info_dynamic] -> http://y:42495/ ['http://y:37975/']
[rosmaster.master][INFO] 2026-05-06 16:08:41,241: publisherUpdate[/arena_info_dynamic] -> http://y:37897/ ['http://y:37975/']
[rosmaster.master][INFO] 2026-05-06 16:08:41,241: +SUB [/ctrl/agent_9] /phy_simulator_planning_node http://y:37975/
[rosmaster.master][INFO] 2026-05-06 16:08:41,242: publisherUpdate[/arena_info_dynamic] -> http://y:37897/ ['http://y:37975/']: sec=0.00, result=[1, '', 0]
[rosmaster.master][INFO] 2026-05-06 16:08:41,242: publisherUpdate[/arena_info_dynamic] -> http://y:45705/ ['http://y:37975/']
[rosmaster.master][INFO] 2026-05-06 16:08:41,242: publisherUpdate[/arena_info_dynamic] -> http://y:42495/ ['http://y:37975/']: sec=0.00, result=[1, '', 0]
[rosmaster.master][INFO] 2026-05-06 16:08:41,242: publisherUpdate[/arena_info_dynamic] -> http://y:38575/ ['http://y:37975/']
[rosmaster.master][INFO] 2026-05-06 16:08:41,242: +SUB [/arena_info_dynamic] /onlane_ai_agent_3 http://y:36335/
[rosmaster.master][INFO] 2026-05-06 16:08:41,243: publisherUpdate[/arena_info_dynamic] -> http://y:45705/ ['http://y:37975/']: sec=0.00, result=[1, '', 0]
[rosmaster.master][INFO] 2026-05-06 16:08:41,244: +SUB [/ctrl/agent_8] /phy_simulator_planning_node http://y:37975/
[rosmaster.master][INFO] 2026-05-06 16:08:41,245: +PUB [/vis/agent_5/ego_behavior_vis] /onlane_ai_agent_5 http://y:33017/
[rosmaster.master][INFO] 2026-05-06 16:08:41,245: +SUB [/joy] /onlane_ai_agent_3 http://y:36335/
[rosmaster.master][INFO] 2026-05-06 16:08:41,246: +PUB [/vis/agent_5/pred_traj_openloop_vis] /onlane_ai_agent_5 http://y:33017/
[rosmaster.master][INFO] 2026-05-06 16:08:41,246: +SUB [/ctrl/agent_7] /phy_simulator_planning_node http://y:37975/
[rosmaster.master][INFO] 2026-05-06 16:08:41,246: +PUB [/vis/agent_5/pred_initial_intention_vis] /onlane_ai_agent_5 http://y:33017/
[rosmaster.master][INFO] 2026-05-06 16:08:41,247: +PUB [/vis/agent_3/forward_trajs] /onlane_ai_agent_3 http://y:36335/
[rosmaster.master][INFO] 2026-05-06 16:08:41,247: +PUB [/vis/agent_5/surrounding_vehicle_vis] /onlane_ai_agent_5 http://y:33017/
[rosmaster.master][INFO] 2026-05-06 16:08:41,248: +PUB [/vis/agent_5/speed_limit] /onlane_ai_agent_5 http://y:33017/
[rosmaster.master][INFO] 2026-05-06 16:08:41,248: publisherUpdate[/arena_info_dynamic] -> http://y:38575/ ['http://y:37975/']: sec=0.01, result=[1, '', 0]
[rosmaster.master][INFO] 2026-05-06 16:08:41,249: +SUB [/ctrl/agent_6] /phy_simulator_planning_node http://y:37975/
[rosmaster.master][INFO] 2026-05-06 16:08:41,250: +SUB [/arena_info_static] /onlane_ai_agent_5 http://y:33017/
[rosmaster.master][INFO] 2026-05-06 16:08:41,251: +SUB [/ctrl/agent_5] /phy_simulator_planning_node http://y:37975/
[rosmaster.master][INFO] 2026-05-06 16:08:41,251: +SUB [/arena_info_dynamic] /onlane_ai_agent_5 http://y:33017/
[rosmaster.master][INFO] 2026-05-06 16:08:41,252: +SUB [/ctrl/agent_4] /phy_simulator_planning_node http://y:37975/
[rosmaster.master][INFO] 2026-05-06 16:08:41,253: +SUB [/joy] /onlane_ai_agent_5 http://y:33017/
[rosmaster.master][INFO] 2026-05-06 16:08:41,254: +PUB [/vis/agent_5/forward_trajs] /onlane_ai_agent_5 http://y:33017/
[rosmaster.master][INFO] 2026-05-06 16:08:41,254: +SUB [/ctrl/agent_3] /phy_simulator_planning_node http://y:37975/
[rosmaster.master][INFO] 2026-05-06 16:08:41,255: +SUB [/ctrl/agent_2] /phy_simulator_planning_node http://y:37975/
[rosmaster.master][INFO] 2026-05-06 16:08:41,256: +SUB [/ctrl/agent_1] /phy_simulator_planning_node http://y:37975/
[rosmaster.master][INFO] 2026-05-06 16:08:41,257: +SUB [/ctrl/agent_0] /phy_simulator_planning_node http://y:37975/
[rosmaster.master][INFO] 2026-05-06 16:08:41,258: +SUB [/initialpose] /phy_simulator_planning_node http://y:37975/
[rosmaster.master][INFO] 2026-05-06 16:08:41,259: +SUB [/move_base_simple/goal] /phy_simulator_planning_node http://y:37975/
[rosmaster.master][INFO] 2026-05-06 16:08:41,531: +CACHEDPARAM [/rosout/omit_topics] by /rosout
[rosmaster.master][INFO] 2026-05-06 16:08:48,935: +PUB [/rosout] /epsilon_metric_collector_763045_1778054928811 http://y:41519/
[rosmaster.master][INFO] 2026-05-06 16:08:48,937: +SERVICE [/epsilon_metric_collector_763045_1778054928811/get_loggers] /epsilon_metric_collector_763045_1778054928811 http://y:41519/
[rosmaster.master][INFO] 2026-05-06 16:08:48,938: +SERVICE [/epsilon_metric_collector_763045_1778054928811/set_logger_level] /epsilon_metric_collector_763045_1778054928811 http://y:41519/
[rosmaster.master][INFO] 2026-05-06 16:08:48,939: +SUB [/arena_info_dynamic] /epsilon_metric_collector_763045_1778054928811 http://y:41519/
[rosmaster.master][INFO] 2026-05-06 16:08:48,957: publisherUpdate[/rosout] -> http://y:42615/ ['http://y:42549/', 'http://y:34179/', 'http://y:43771/', 'http://y:33187/', 'http://y:36335/', 'http://y:37897/', 'http://y:45705/', 'http://y:42495/', 'http://y:34953/', 'http://y:38575/', 'http://y:37975/', 'http://y:33017/', 'http://y:41519/']
[rosmaster.master][INFO] 2026-05-06 16:08:48,958: publisherUpdate[/rosout] -> http://y:42615/ ['http://y:42549/', 'http://y:34179/', 'http://y:43771/', 'http://y:33187/', 'http://y:36335/', 'http://y:37897/', 'http://y:45705/', 'http://y:42495/', 'http://y:34953/', 'http://y:38575/', 'http://y:37975/', 'http://y:33017/', 'http://y:41519/']: sec=0.00, result=[1, '', 0]
[rosmaster.master][INFO] 2026-05-06 16:10:48,557: -SUB [/arena_info_dynamic] /epsilon_metric_collector_763045_1778054928811 http://y:41519/
[rosmaster.master][INFO] 2026-05-06 16:10:48,558: -PUB [/rosout] /epsilon_metric_collector_763045_1778054928811 http://y:41519/
[rosmaster.master][INFO] 2026-05-06 16:10:48,558: -SERVICE [/epsilon_metric_collector_763045_1778054928811/get_loggers] /epsilon_metric_collector_763045_1778054928811 rosrpc://y:39783
[rosmaster.master][INFO] 2026-05-06 16:10:48,558: -SERVICE [/epsilon_metric_collector_763045_1778054928811/set_logger_level] /epsilon_metric_collector_763045_1778054928811 rosrpc://y:39783
[rosmaster.master][INFO] 2026-05-06 16:10:48,652: publisherUpdate[/rosout] -> http://y:42615/ ['http://y:42549/', 'http://y:34179/', 'http://y:43771/', 'http://y:33187/', 'http://y:36335/', 'http://y:37897/', 'http://y:45705/', 'http://y:42495/', 'http://y:34953/', 'http://y:38575/', 'http://y:37975/', 'http://y:33017/']
[rosmaster.master][INFO] 2026-05-06 16:10:48,653: publisherUpdate[/rosout] -> http://y:42615/ ['http://y:42549/', 'http://y:34179/', 'http://y:43771/', 'http://y:33187/', 'http://y:36335/', 'http://y:37897/', 'http://y:45705/', 'http://y:42495/', 'http://y:34953/', 'http://y:38575/', 'http://y:37975/', 'http://y:33017/']: sec=0.00, result=[1, '', 0]
[rosmaster.master][INFO] 2026-05-06 16:10:49,607: +PUB [/rosout] /rostopic_828131_1778055049494 http://y:33661/
[rosmaster.master][INFO] 2026-05-06 16:10:49,609: +SERVICE [/rostopic_828131_1778055049494/get_loggers] /rostopic_828131_1778055049494 http://y:33661/
[rosmaster.master][INFO] 2026-05-06 16:10:49,609: +SERVICE [/rostopic_828131_1778055049494/set_logger_level] /rostopic_828131_1778055049494 http://y:33661/
[rosmaster.master][INFO] 2026-05-06 16:10:49,621: +SUB [/arena_info_dynamic] /rostopic_828131_1778055049494 http://y:33661/
[rosmaster.master][INFO] 2026-05-06 16:10:49,655: publisherUpdate[/rosout] -> http://y:42615/ ['http://y:42549/', 'http://y:34179/', 'http://y:43771/', 'http://y:33187/', 'http://y:36335/', 'http://y:37897/', 'http://y:45705/', 'http://y:42495/', 'http://y:34953/', 'http://y:38575/', 'http://y:37975/', 'http://y:33017/', 'http://y:33661/']
[rosmaster.master][INFO] 2026-05-06 16:10:49,655: publisherUpdate[/rosout] -> http://y:42615/ ['http://y:42549/', 'http://y:34179/', 'http://y:43771/', 'http://y:33187/', 'http://y:36335/', 'http://y:37897/', 'http://y:45705/', 'http://y:42495/', 'http://y:34953/', 'http://y:38575/', 'http://y:37975/', 'http://y:33017/', 'http://y:33661/']: sec=0.00, result=[1, '', 0]
[rosmaster.master][INFO] 2026-05-06 16:11:04,197: -SUB [/arena_info_dynamic] /rostopic_828131_1778055049494 http://y:33661/
[rosmaster.master][INFO] 2026-05-06 16:11:04,197: -PUB [/rosout] /rostopic_828131_1778055049494 http://y:33661/
[rosmaster.master][INFO] 2026-05-06 16:11:04,197: -SERVICE [/rostopic_828131_1778055049494/get_loggers] /rostopic_828131_1778055049494 rosrpc://y:46597
[rosmaster.master][INFO] 2026-05-06 16:11:04,197: -SERVICE [/rostopic_828131_1778055049494/set_logger_level] /rostopic_828131_1778055049494 rosrpc://y:46597
[rosmaster.master][INFO] 2026-05-06 16:11:04,279: publisherUpdate[/rosout] -> http://y:42615/ ['http://y:42549/', 'http://y:34179/', 'http://y:43771/', 'http://y:33187/', 'http://y:36335/', 'http://y:37897/', 'http://y:45705/', 'http://y:42495/', 'http://y:34953/', 'http://y:38575/', 'http://y:37975/', 'http://y:33017/']
[rosmaster.master][INFO] 2026-05-06 16:11:04,280: publisherUpdate[/rosout] -> http://y:42615/ ['http://y:42549/', 'http://y:34179/', 'http://y:43771/', 'http://y:33187/', 'http://y:36335/', 'http://y:37897/', 'http://y:45705/', 'http://y:42495/', 'http://y:34953/', 'http://y:38575/', 'http://y:37975/', 'http://y:33017/']: sec=0.00, result=[1, '', 0]
[rosmaster.master][INFO] 2026-05-06 16:11:04,948: -PUB [/rosout] /phy_simulator_planning_node http://y:37975/
[rosmaster.master][INFO] 2026-05-06 16:11:04,949: -PUB [/arena_info_static] /phy_simulator_planning_node http://y:37975/
[rosmaster.master][INFO] 2026-05-06 16:11:04,950: -PUB [/arena_info_dynamic] /phy_simulator_planning_node http://y:37975/
[rosmaster.master][INFO] 2026-05-06 16:11:04,951: -PUB [/phy_simulator_planning_node/vis/vehicle_set_vis] /phy_simulator_planning_node http://y:37975/
[rosmaster.master][INFO] 2026-05-06 16:11:04,951: -PUB [/phy_simulator_planning_node/vis/lane_net_vis] /phy_simulator_planning_node http://y:37975/
[rosmaster.master][INFO] 2026-05-06 16:11:04,952: -PUB [/phy_simulator_planning_node/vis/obstacle_set_vis] /phy_simulator_planning_node http://y:37975/
[rosmaster.master][INFO] 2026-05-06 16:11:04,953: -SUB [/ctrl/agent_10] /phy_simulator_planning_node http://y:37975/
[rosmaster.master][INFO] 2026-05-06 16:11:04,953: -SUB [/ctrl/agent_9] /phy_simulator_planning_node http://y:37975/
[rosmaster.master][INFO] 2026-05-06 16:11:04,954: -SUB [/ctrl/agent_8] /phy_simulator_planning_node http://y:37975/
[rosmaster.master][INFO] 2026-05-06 16:11:04,955: -SUB [/ctrl/agent_7] /phy_simulator_planning_node http://y:37975/
[rosmaster.master][INFO] 2026-05-06 16:11:04,955: -SUB [/ctrl/agent_6] /phy_simulator_planning_node http://y:37975/
[rosmaster.master][INFO] 2026-05-06 16:11:04,956: -SUB [/ctrl/agent_5] /phy_simulator_planning_node http://y:37975/
[rosmaster.master][INFO] 2026-05-06 16:11:04,957: -SUB [/ctrl/agent_4] /phy_simulator_planning_node http://y:37975/
[rosmaster.master][INFO] 2026-05-06 16:11:04,957: -SUB [/ctrl/agent_3] /phy_simulator_planning_node http://y:37975/
[rosmaster.master][INFO] 2026-05-06 16:11:04,958: -SUB [/ctrl/agent_2] /phy_simulator_planning_node http://y:37975/
[rosmaster.master][INFO] 2026-05-06 16:11:04,959: -SUB [/ctrl/agent_1] /phy_simulator_planning_node http://y:37975/
[rosmaster.master][INFO] 2026-05-06 16:11:04,960: -SUB [/ctrl/agent_0] /phy_simulator_planning_node http://y:37975/
[rosmaster.master][INFO] 2026-05-06 16:11:04,961: -SUB [/initialpose] /phy_simulator_planning_node http://y:37975/
[rosmaster.master][INFO] 2026-05-06 16:11:04,962: -SUB [/move_base_simple/goal] /phy_simulator_planning_node http://y:37975/
[rosmaster.master][INFO] 2026-05-06 16:11:04,962: -SERVICE [/phy_simulator_planning_node/get_loggers] /phy_simulator_planning_node rosrpc://y:43999
[rosmaster.master][INFO] 2026-05-06 16:11:04,963: -SERVICE [/phy_simulator_planning_node/set_logger_level] /phy_simulator_planning_node rosrpc://y:43999
[rosmaster.master][INFO] 2026-05-06 16:11:04,969: -PUB [/rosout] /onlane_ai_agent_4 http://y:33187/
[rosmaster.master][INFO] 2026-05-06 16:11:04,970: -PUB [/ctrl/agent_4] /onlane_ai_agent_4 http://y:33187/
[rosmaster.master][INFO] 2026-05-06 16:11:04,971: -PUB [/tf] /onlane_ai_agent_4 http://y:33187/
[rosmaster.master][INFO] 2026-05-06 16:11:04,971: -PUB [/vis/agent_4/ego_vehicle_vis] /onlane_ai_agent_4 http://y:33187/
[rosmaster.master][INFO] 2026-05-06 16:11:04,972: -PUB [/vis/agent_4/obstacle_map] /onlane_ai_agent_4 http://y:33187/
[rosmaster.master][INFO] 2026-05-06 16:11:04,973: -PUB [/vis/agent_4/surrounding_lane_net_vis] /onlane_ai_agent_4 http://y:33187/
[rosmaster.master][INFO] 2026-05-06 16:11:04,974: -PUB [/vis/agent_4/local_lanes_vis] /onlane_ai_agent_4 http://y:33187/
[rosmaster.master][INFO] 2026-05-06 16:11:04,975: -PUB [/vis/agent_4/ego_behavior_vis] /onlane_ai_agent_4 http://y:33187/
[rosmaster.master][INFO] 2026-05-06 16:11:04,975: -PUB [/vis/agent_4/pred_traj_openloop_vis] /onlane_ai_agent_4 http://y:33187/
[rosmaster.master][INFO] 2026-05-06 16:11:04,976: -PUB [/rosout] /onlane_ai_agent_5 http://y:33017/
[rosmaster.master][INFO] 2026-05-06 16:11:04,977: -PUB [/vis/agent_4/pred_initial_intention_vis] /onlane_ai_agent_4 http://y:33187/
[rosmaster.master][INFO] 2026-05-06 16:11:04,977: -PUB [/ctrl/agent_5] /onlane_ai_agent_5 http://y:33017/
[rosmaster.master][INFO] 2026-05-06 16:11:04,978: -PUB [/vis/agent_4/surrounding_vehicle_vis] /onlane_ai_agent_4 http://y:33187/
[rosmaster.master][INFO] 2026-05-06 16:11:04,979: -PUB [/rosout] /onlane_ai_agent_10 http://y:34953/
[rosmaster.master][INFO] 2026-05-06 16:11:04,980: -PUB [/rosout] /onlane_ai_agent_8 http://y:38575/
[rosmaster.master][INFO] 2026-05-06 16:11:04,980: -PUB [/tf] /onlane_ai_agent_5 http://y:33017/
[rosmaster.master][INFO] 2026-05-06 16:11:04,981: publisherUpdate[/rosout] -> http://y:42615/ ['http://y:42549/', 'http://y:34179/', 'http://y:43771/', 'http://y:33187/', 'http://y:36335/', 'http://y:37897/', 'http://y:45705/', 'http://y:42495/', 'http://y:34953/', 'http://y:38575/', 'http://y:33017/']
[rosmaster.master][INFO] 2026-05-06 16:11:04,981: -PUB [/rosout] /onlane_ai_agent_6 http://y:37897/
[rosmaster.master][INFO] 2026-05-06 16:11:04,981: publisherUpdate[/arena_info_static] -> http://y:43771/ []
[rosmaster.master][INFO] 2026-05-06 16:11:04,981: publisherUpdate[/arena_info_static] -> http://y:33187/ []
[rosmaster.master][INFO] 2026-05-06 16:11:04,982: publisherUpdate[/rosout] -> http://y:42615/ ['http://y:42549/', 'http://y:34179/', 'http://y:43771/', 'http://y:33187/', 'http://y:36335/', 'http://y:37897/', 'http://y:45705/', 'http://y:42495/', 'http://y:34953/', 'http://y:38575/', 'http://y:33017/']: sec=0.00, result=[1, '', 0]
[rosmaster.master][INFO] 2026-05-06 16:11:04,982: -PUB [/vis/agent_4/speed_limit] /onlane_ai_agent_4 http://y:33187/
[rosmaster.master][INFO] 2026-05-06 16:11:04,983: publisherUpdate[/arena_info_static] -> http://y:43771/ []: sec=0.00, result=[0, 'Unknown Error', 0]
[rosmaster.master][INFO] 2026-05-06 16:11:04,984: publisherUpdate[/arena_info_static] -> http://y:33187/ []: sec=0.00, exception=<Fault -1: 'publisherUpdate: unknown method name'>
[rosmaster.master][INFO] 2026-05-06 16:11:04,984: publisherUpdate[/arena_info_static] -> http://y:42549/ []
[rosmaster.master][INFO] 2026-05-06 16:11:04,984: -PUB [/ctrl/agent_10] /onlane_ai_agent_10 http://y:34953/
[rosmaster.master][INFO] 2026-05-06 16:11:04,984: publisherUpdate[/arena_info_static] -> http://y:42495/ []
[rosmaster.master][INFO] 2026-05-06 16:11:04,985: -PUB [/vis/agent_5/ego_vehicle_vis] /onlane_ai_agent_5 http://y:33017/
[rosmaster.threadpool][ERROR] 2026-05-06 16:11:04,985: Traceback (most recent call last):
  File "/opt/ros/noetic/lib/python3/dist-packages/rosmaster/threadpool.py", line 218, in run
    result = cmd(*args)
  File "/opt/ros/noetic/lib/python3/dist-packages/rosmaster/master_api.py", line 210, in publisher_update_task
    ret = xmlrpcapi(api).publisherUpdate('/master', topic, pub_uris)
  File "/usr/lib/python3.8/xmlrpc/client.py", line 1109, in __call__
    return self.__send(self.__name, args)
  File "/usr/lib/python3.8/xmlrpc/client.py", line 1450, in __request
    response = self.__transport.request(
  File "/usr/lib/python3.8/xmlrpc/client.py", line 1153, in request
    return self.single_request(host, handler, request_body, verbose)
  File "/usr/lib/python3.8/xmlrpc/client.py", line 1169, in single_request
    return self.parse_response(resp)
  File "/usr/lib/python3.8/xmlrpc/client.py", line 1341, in parse_response
    return u.close()
  File "/usr/lib/python3.8/xmlrpc/client.py", line 655, in close
    raise Fault(**self._stack[0])
xmlrpc.client.Fault: <Fault -1: 'publisherUpdate: unknown method name'>

[rosmaster.master][INFO] 2026-05-06 16:11:04,986: publisherUpdate[/arena_info_static] -> http://y:42549/ []: sec=0.00, result=[1, '', 0]
[rosmaster.master][INFO] 2026-05-06 16:11:04,986: -PUB [/ctrl/agent_8] /onlane_ai_agent_8 http://y:38575/
[rosmaster.master][INFO] 2026-05-06 16:11:04,986: publisherUpdate[/arena_info_static] -> http://y:37897/ []
[rosmaster.master][INFO] 2026-05-06 16:11:04,986: publisherUpdate[/arena_info_static] -> http://y:45705/ []
[rosmaster.master][INFO] 2026-05-06 16:11:04,987: publisherUpdate[/arena_info_static] -> http://y:42495/ []: sec=0.00, result=[1, '', 0]
[rosmaster.master][INFO] 2026-05-06 16:11:04,988: publisherUpdate[/arena_info_static] -> http://y:38575/ []
[rosmaster.master][INFO] 2026-05-06 16:11:04,988: -PUB [/ctrl/agent_6] /onlane_ai_agent_6 http://y:37897/
[rosmaster.master][INFO] 2026-05-06 16:11:04,989: publisherUpdate[/arena_info_static] -> http://y:37897/ []: sec=0.00, exception=<Fault -1: 'publisherUpdate: unknown method name'>
[rosmaster.master][INFO] 2026-05-06 16:11:04,989: publisherUpdate[/arena_info_static] -> http://y:45705/ []: sec=0.00, result=[1, '', 0]
[rosmaster.master][INFO] 2026-05-06 16:11:04,990: publisherUpdate[/arena_info_static] -> http://y:34953/ []
[rosmaster.master][INFO] 2026-05-06 16:11:04,990: publisherUpdate[/arena_info_static] -> http://y:38575/ []: sec=0.00, exception=<Fault -1: 'publisherUpdate: unknown method name'>
[rosmaster.master][INFO] 2026-05-06 16:11:04,990: -PUB [/vis/agent_4/forward_trajs] /onlane_ai_agent_4 http://y:33187/
[rosmaster.threadpool][ERROR] 2026-05-06 16:11:04,991: Traceback (most recent call last):
  File "/opt/ros/noetic/lib/python3/dist-packages/rosmaster/threadpool.py", line 218, in run
    result = cmd(*args)
  File "/opt/ros/noetic/lib/python3/dist-packages/rosmaster/master_api.py", line 210, in publisher_update_task
    ret = xmlrpcapi(api).publisherUpdate('/master', topic, pub_uris)
  File "/usr/lib/python3.8/xmlrpc/client.py", line 1109, in __call__
    return self.__send(self.__name, args)
  File "/usr/lib/python3.8/xmlrpc/client.py", line 1450, in __request
    response = self.__transport.request(
  File "/usr/lib/python3.8/xmlrpc/client.py", line 1153, in request
    return self.single_request(host, handler, request_body, verbose)
  File "/usr/lib/python3.8/xmlrpc/client.py", line 1169, in single_request
    return self.parse_response(resp)
  File "/usr/lib/python3.8/xmlrpc/client.py", line 1341, in parse_response
    return u.close()
  File "/usr/lib/python3.8/xmlrpc/client.py", line 655, in close
    raise Fault(**self._stack[0])
xmlrpc.client.Fault: <Fault -1: 'publisherUpdate: unknown method name'>

[rosmaster.master][INFO] 2026-05-06 16:11:04,991: publisherUpdate[/arena_info_static] -> http://y:34953/ []: sec=0.00, exception=<Fault -1: 'publisherUpdate: unknown method name'>
[rosmaster.master][INFO] 2026-05-06 16:11:04,991: -PUB [/tf] /onlane_ai_agent_10 http://y:34953/
[rosmaster.master][INFO] 2026-05-06 16:11:04,991: publisherUpdate[/arena_info_static] -> http://y:34179/ []
[rosmaster.threadpool][ERROR] 2026-05-06 16:11:04,992: Traceback (most recent call last):
  File "/opt/ros/noetic/lib/python3/dist-packages/rosmaster/threadpool.py", line 218, in run
    result = cmd(*args)
  File "/opt/ros/noetic/lib/python3/dist-packages/rosmaster/master_api.py", line 210, in publisher_update_task
    ret = xmlrpcapi(api).publisherUpdate('/master', topic, pub_uris)
  File "/usr/lib/python3.8/xmlrpc/client.py", line 1109, in __call__
    return self.__send(self.__name, args)
  File "/usr/lib/python3.8/xmlrpc/client.py", line 1450, in __request
    response = self.__transport.request(
  File "/usr/lib/python3.8/xmlrpc/client.py", line 1153, in request
    return self.single_request(host, handler, request_body, verbose)
  File "/usr/lib/python3.8/xmlrpc/client.py", line 1169, in single_request
    return self.parse_response(resp)
  File "/usr/lib/python3.8/xmlrpc/client.py", line 1341, in parse_response
    return u.close()
  File "/usr/lib/python3.8/xmlrpc/client.py", line 655, in close
    raise Fault(**self._stack[0])
xmlrpc.client.Fault: <Fault -1: 'publisherUpdate: unknown method name'>

[rosmaster.threadpool][ERROR] 2026-05-06 16:11:04,992: Traceback (most recent call last):
  File "/opt/ros/noetic/lib/python3/dist-packages/rosmaster/threadpool.py", line 218, in run
    result = cmd(*args)
  File "/opt/ros/noetic/lib/python3/dist-packages/rosmaster/master_api.py", line 210, in publisher_update_task
    ret = xmlrpcapi(api).publisherUpdate('/master', topic, pub_uris)
  File "/usr/lib/python3.8/xmlrpc/client.py", line 1109, in __call__
    return self.__send(self.__name, args)
  File "/usr/lib/python3.8/xmlrpc/client.py", line 1450, in __request
    response = self.__transport.request(
  File "/usr/lib/python3.8/xmlrpc/client.py", line 1153, in request
    return self.single_request(host, handler, request_body, verbose)
  File "/usr/lib/python3.8/xmlrpc/client.py", line 1169, in single_request
    return self.parse_response(resp)
  File "/usr/lib/python3.8/xmlrpc/client.py", line 1341, in parse_response
    return u.close()
  File "/usr/lib/python3.8/xmlrpc/client.py", line 655, in close
    raise Fault(**self._stack[0])
xmlrpc.client.Fault: <Fault -1: 'publisherUpdate: unknown method name'>

[rosmaster.master][INFO] 2026-05-06 16:11:04,993: -PUB [/vis/agent_5/obstacle_map] /onlane_ai_agent_5 http://y:33017/
[rosmaster.master][INFO] 2026-05-06 16:11:04,993: publisherUpdate[/arena_info_static] -> http://y:36335/ []
[rosmaster.master][INFO] 2026-05-06 16:11:04,993: publisherUpdate[/arena_info_static] -> http://y:33017/ []
[rosmaster.master][INFO] 2026-05-06 16:11:04,994: publisherUpdate[/arena_info_static] -> http://y:34179/ []: sec=0.00, result=[1, '', 0]
[rosmaster.master][INFO] 2026-05-06 16:11:04,994: -PUB [/tf] /onlane_ai_agent_8 http://y:38575/
[rosmaster.master][INFO] 2026-05-06 16:11:04,995: publisherUpdate[/arena_info_dynamic] -> http://y:43771/ []
[rosmaster.master][INFO] 2026-05-06 16:11:04,995: publisherUpdate[/arena_info_static] -> http://y:36335/ []: sec=0.00, result=[0, 'Unknown Error', 0]
[rosmaster.master][INFO] 2026-05-06 16:11:04,996: publisherUpdate[/arena_info_static] -> http://y:33017/ []: sec=0.00, exception=<Fault -1: 'publisherUpdate: unknown method name'>
[rosmaster.master][INFO] 2026-05-06 16:11:04,996: publisherUpdate[/arena_info_dynamic] -> http://y:43771/ []: sec=0.00, result=[0, 'Unknown Error', 0]
[rosmaster.master][INFO] 2026-05-06 16:11:04,997: -PUB [/tf] /onlane_ai_agent_6 http://y:37897/
[rosmaster.master][INFO] 2026-05-06 16:11:04,997: publisherUpdate[/arena_info_dynamic] -> http://y:42549/ []
[rosmaster.master][INFO] 2026-05-06 16:11:04,998: publisherUpdate[/arena_info_dynamic] -> http://y:33187/ []
[rosmaster.threadpool][ERROR] 2026-05-06 16:11:04,998: Traceback (most recent call last):
  File "/opt/ros/noetic/lib/python3/dist-packages/rosmaster/threadpool.py", line 218, in run
    result = cmd(*args)
  File "/opt/ros/noetic/lib/python3/dist-packages/rosmaster/master_api.py", line 210, in publisher_update_task
    ret = xmlrpcapi(api).publisherUpdate('/master', topic, pub_uris)
  File "/usr/lib/python3.8/xmlrpc/client.py", line 1109, in __call__
    return self.__send(self.__name, args)
  File "/usr/lib/python3.8/xmlrpc/client.py", line 1450, in __request
    response = self.__transport.request(
  File "/usr/lib/python3.8/xmlrpc/client.py", line 1153, in request
    return self.single_request(host, handler, request_body, verbose)
  File "/usr/lib/python3.8/xmlrpc/client.py", line 1169, in single_request
    return self.parse_response(resp)
  File "/usr/lib/python3.8/xmlrpc/client.py", line 1341, in parse_response
    return u.close()
  File "/usr/lib/python3.8/xmlrpc/client.py", line 655, in close
    raise Fault(**self._stack[0])
xmlrpc.client.Fault: <Fault -1: 'publisherUpdate: unknown method name'>

[rosmaster.master][INFO] 2026-05-06 16:11:04,999: -SUB [/arena_info_static] /onlane_ai_agent_4 http://y:33187/
[rosmaster.master][INFO] 2026-05-06 16:11:04,999: publisherUpdate[/arena_info_dynamic] -> http://y:42549/ []: sec=0.00, result=[1, '', 0]
[rosmaster.master][INFO] 2026-05-06 16:11:04,999: publisherUpdate[/arena_info_dynamic] -> http://y:42495/ []
[rosmaster.master][INFO] 2026-05-06 16:11:05,000: publisherUpdate[/arena_info_dynamic] -> http://y:33187/ []: sec=0.00, exception=<Fault -1: 'publisherUpdate: unknown method name'>
[rosmaster.master][INFO] 2026-05-06 16:11:05,000: -PUB [/vis/agent_10/ego_vehicle_vis] /onlane_ai_agent_10 http://y:34953/
[rosmaster.master][INFO] 2026-05-06 16:11:05,000: publisherUpdate[/arena_info_dynamic] -> http://y:37897/ []
[rosmaster.threadpool][ERROR] 2026-05-06 16:11:05,001: Traceback (most recent call last):
  File "/opt/ros/noetic/lib/python3/dist-packages/rosmaster/threadpool.py", line 218, in run
    result = cmd(*args)
  File "/opt/ros/noetic/lib/python3/dist-packages/rosmaster/master_api.py", line 210, in publisher_update_task
    ret = xmlrpcapi(api).publisherUpdate('/master', topic, pub_uris)
  File "/usr/lib/python3.8/xmlrpc/client.py", line 1109, in __call__
    return self.__send(self.__name, args)
  File "/usr/lib/python3.8/xmlrpc/client.py", line 1450, in __request
    response = self.__transport.request(
  File "/usr/lib/python3.8/xmlrpc/client.py", line 1153, in request
    return self.single_request(host, handler, request_body, verbose)
  File "/usr/lib/python3.8/xmlrpc/client.py", line 1169, in single_request
    return self.parse_response(resp)
  File "/usr/lib/python3.8/xmlrpc/client.py", line 1341, in parse_response
    return u.close()
  File "/usr/lib/python3.8/xmlrpc/client.py", line 655, in close
    raise Fault(**self._stack[0])
xmlrpc.client.Fault: <Fault -1: 'publisherUpdate: unknown method name'>

[rosmaster.master][INFO] 2026-05-06 16:11:05,001: publisherUpdate[/arena_info_dynamic] -> http://y:42495/ []: sec=0.00, result=[0, 'Unknown Error', 0]
[rosmaster.master][INFO] 2026-05-06 16:11:05,002: -PUB [/vis/agent_5/surrounding_lane_net_vis] /onlane_ai_agent_5 http://y:33017/
[rosmaster.master][INFO] 2026-05-06 16:11:05,002: publisherUpdate[/arena_info_dynamic] -> http://y:45705/ []
[rosmaster.master][INFO] 2026-05-06 16:11:05,002: publisherUpdate[/arena_info_dynamic] -> http://y:37897/ []: sec=0.00, exception=<Fault -1: 'publisherUpdate: unknown method name'>
[rosmaster.master][INFO] 2026-05-06 16:11:05,003: publisherUpdate[/arena_info_dynamic] -> http://y:38575/ []
[rosmaster.master][INFO] 2026-05-06 16:11:05,003: -PUB [/rosout] /onlane_ai_agent_2 http://y:43771/
[rosmaster.master][INFO] 2026-05-06 16:11:05,004: publisherUpdate[/arena_info_dynamic] -> http://y:45705/ []: sec=0.00, result=[1, '', 0]
[rosmaster.threadpool][ERROR] 2026-05-06 16:11:05,004: Traceback (most recent call last):
  File "/opt/ros/noetic/lib/python3/dist-packages/rosmaster/threadpool.py", line 218, in run
    result = cmd(*args)
  File "/opt/ros/noetic/lib/python3/dist-packages/rosmaster/master_api.py", line 210, in publisher_update_task
    ret = xmlrpcapi(api).publisherUpdate('/master', topic, pub_uris)
  File "/usr/lib/python3.8/xmlrpc/client.py", line 1109, in __call__
    return self.__send(self.__name, args)
  File "/usr/lib/python3.8/xmlrpc/client.py", line 1450, in __request
    response = self.__transport.request(
  File "/usr/lib/python3.8/xmlrpc/client.py", line 1153, in request
    return self.single_request(host, handler, request_body, verbose)
  File "/usr/lib/python3.8/xmlrpc/client.py", line 1169, in single_request
    return self.parse_response(resp)
  File "/usr/lib/python3.8/xmlrpc/client.py", line 1341, in parse_response
    return u.close()
  File "/usr/lib/python3.8/xmlrpc/client.py", line 655, in close
    raise Fault(**self._stack[0])
xmlrpc.client.Fault: <Fault -1: 'publisherUpdate: unknown method name'>

[rosmaster.master][INFO] 2026-05-06 16:11:05,005: publisherUpdate[/arena_info_dynamic] -> http://y:34953/ []
[rosmaster.master][INFO] 2026-05-06 16:11:05,005: -PUB [/vis/agent_8/ego_vehicle_vis] /onlane_ai_agent_8 http://y:38575/
[rosmaster.master][INFO] 2026-05-06 16:11:05,005: publisherUpdate[/arena_info_dynamic] -> http://y:38575/ []: sec=0.00, exception=<Fault -1: 'publisherUpdate: unknown method name'>
[rosmaster.master][INFO] 2026-05-06 16:11:05,005: publisherUpdate[/arena_info_dynamic] -> http://y:34179/ []
[rosmaster.master][INFO] 2026-05-06 16:11:05,006: -PUB [/vis/agent_6/ego_vehicle_vis] /onlane_ai_agent_6 http://y:37897/
[rosmaster.master][INFO] 2026-05-06 16:11:05,007: publisherUpdate[/arena_info_dynamic] -> http://y:34953/ []: sec=0.00, exception=<Fault -1: 'publisherUpdate: unknown method name'>
[rosmaster.threadpool][ERROR] 2026-05-06 16:11:05,008: Traceback (most recent call last):
  File "/opt/ros/noetic/lib/python3/dist-packages/rosmaster/threadpool.py", line 218, in run
    result = cmd(*args)
  File "/opt/ros/noetic/lib/python3/dist-packages/rosmaster/master_api.py", line 210, in publisher_update_task
    ret = xmlrpcapi(api).publisherUpdate('/master', topic, pub_uris)
  File "/usr/lib/python3.8/xmlrpc/client.py", line 1109, in __call__
    return self.__send(self.__name, args)
  File "/usr/lib/python3.8/xmlrpc/client.py", line 1450, in __request
    response = self.__transport.request(
  File "/usr/lib/python3.8/xmlrpc/client.py", line 1153, in request
    return self.single_request(host, handler, request_body, verbose)
  File "/usr/lib/python3.8/xmlrpc/client.py", line 1169, in single_request
    return self.parse_response(resp)
  File "/usr/lib/python3.8/xmlrpc/client.py", line 1341, in parse_response
    return u.close()
  File "/usr/lib/python3.8/xmlrpc/client.py", line 655, in close
    raise Fault(**self._stack[0])
xmlrpc.client.Fault: <Fault -1: 'publisherUpdate: unknown method name'>

[rosmaster.master][INFO] 2026-05-06 16:11:05,008: -SUB [/arena_info_dynamic] /onlane_ai_agent_4 http://y:33187/
[rosmaster.threadpool][ERROR] 2026-05-06 16:11:05,009: Traceback (most recent call last):
  File "/opt/ros/noetic/lib/python3/dist-packages/rosmaster/threadpool.py", line 218, in run
    result = cmd(*args)
  File "/opt/ros/noetic/lib/python3/dist-packages/rosmaster/master_api.py", line 210, in publisher_update_task
    ret = xmlrpcapi(api).publisherUpdate('/master', topic, pub_uris)
  File "/usr/lib/python3.8/xmlrpc/client.py", line 1109, in __call__
    return self.__send(self.__name, args)
  File "/usr/lib/python3.8/xmlrpc/client.py", line 1450, in __request
    response = self.__transport.request(
  File "/usr/lib/python3.8/xmlrpc/client.py", line 1153, in request
    return self.single_request(host, handler, request_body, verbose)
  File "/usr/lib/python3.8/xmlrpc/client.py", line 1169, in single_request
    return self.parse_response(resp)
  File "/usr/lib/python3.8/xmlrpc/client.py", line 1341, in parse_response
    return u.close()
  File "/usr/lib/python3.8/xmlrpc/client.py", line 655, in close
    raise Fault(**self._stack[0])
xmlrpc.client.Fault: <Fault -1: 'publisherUpdate: unknown method name'>

[rosmaster.master][INFO] 2026-05-06 16:11:05,009: publisherUpdate[/arena_info_dynamic] -> http://y:34179/ []: sec=0.00, result=[1, '', 0]
[rosmaster.master][INFO] 2026-05-06 16:11:05,009: publisherUpdate[/arena_info_dynamic] -> http://y:36335/ []
[rosmaster.master][INFO] 2026-05-06 16:11:05,010: -PUB [/vis/agent_10/obstacle_map] /onlane_ai_agent_10 http://y:34953/
[rosmaster.master][INFO] 2026-05-06 16:11:05,010: publisherUpdate[/arena_info_dynamic] -> http://y:33017/ []
[rosmaster.master][INFO] 2026-05-06 16:11:05,010: publisherUpdate[/rosout] -> http://y:42615/ ['http://y:42549/', 'http://y:34179/', 'http://y:43771/', 'http://y:36335/', 'http://y:37897/', 'http://y:45705/', 'http://y:42495/', 'http://y:34953/', 'http://y:38575/', 'http://y:33017/']
[rosmaster.master][INFO] 2026-05-06 16:11:05,011: -PUB [/vis/agent_5/local_lanes_vis] /onlane_ai_agent_5 http://y:33017/
[rosmaster.master][INFO] 2026-05-06 16:11:05,012: publisherUpdate[/rosout] -> http://y:42615/ ['http://y:42549/', 'http://y:34179/', 'http://y:43771/', 'http://y:36335/', 'http://y:37897/', 'http://y:45705/', 'http://y:42495/', 'http://y:34953/', 'http://y:38575/', 'http://y:33017/']: sec=0.00, result=[1, '', 0]
[rosmaster.master][INFO] 2026-05-06 16:11:05,013: publisherUpdate[/arena_info_dynamic] -> http://y:36335/ []: sec=0.00, result=[0, 'Unknown Error', 0]
[rosmaster.master][INFO] 2026-05-06 16:11:05,013: -PUB [/ctrl/agent_2] /onlane_ai_agent_2 http://y:43771/
[rosmaster.master][INFO] 2026-05-06 16:11:05,013: publisherUpdate[/rosout] -> http://y:42615/ ['http://y:42549/', 'http://y:34179/', 'http://y:43771/', 'http://y:36335/', 'http://y:37897/', 'http://y:45705/', 'http://y:42495/', 'http://y:34953/', 'http://y:38575/']
[rosmaster.master][INFO] 2026-05-06 16:11:05,014: publisherUpdate[/arena_info_dynamic] -> http://y:33017/ []: sec=0.00, exception=<Fault -1: 'publisherUpdate: unknown method name'>
[rosmaster.master][INFO] 2026-05-06 16:11:05,014: -PUB [/vis/agent_8/obstacle_map] /onlane_ai_agent_8 http://y:38575/
[rosmaster.master][INFO] 2026-05-06 16:11:05,015: publisherUpdate[/rosout] -> http://y:42615/ ['http://y:42549/', 'http://y:34179/', 'http://y:43771/', 'http://y:36335/', 'http://y:37897/', 'http://y:45705/', 'http://y:42495/', 'http://y:34953/', 'http://y:38575/']: sec=0.00, result=[1, '', 0]
[rosmaster.threadpool][ERROR] 2026-05-06 16:11:05,015: Traceback (most recent call last):
  File "/opt/ros/noetic/lib/python3/dist-packages/rosmaster/threadpool.py", line 218, in run
    result = cmd(*args)
  File "/opt/ros/noetic/lib/python3/dist-packages/rosmaster/master_api.py", line 210, in publisher_update_task
    ret = xmlrpcapi(api).publisherUpdate('/master', topic, pub_uris)
  File "/usr/lib/python3.8/xmlrpc/client.py", line 1109, in __call__
    return self.__send(self.__name, args)
  File "/usr/lib/python3.8/xmlrpc/client.py", line 1450, in __request
    response = self.__transport.request(
  File "/usr/lib/python3.8/xmlrpc/client.py", line 1153, in request
    return self.single_request(host, handler, request_body, verbose)
  File "/usr/lib/python3.8/xmlrpc/client.py", line 1169, in single_request
    return self.parse_response(resp)
  File "/usr/lib/python3.8/xmlrpc/client.py", line 1341, in parse_response
    return u.close()
  File "/usr/lib/python3.8/xmlrpc/client.py", line 655, in close
    raise Fault(**self._stack[0])
xmlrpc.client.Fault: <Fault -1: 'publisherUpdate: unknown method name'>

[rosmaster.master][INFO] 2026-05-06 16:11:05,016: publisherUpdate[/rosout] -> http://y:42615/ ['http://y:42549/', 'http://y:34179/', 'http://y:43771/', 'http://y:36335/', 'http://y:37897/', 'http://y:45705/', 'http://y:42495/', 'http://y:38575/']
[rosmaster.master][INFO] 2026-05-06 16:11:05,016: -PUB [/vis/agent_6/obstacle_map] /onlane_ai_agent_6 http://y:37897/
[rosmaster.master][INFO] 2026-05-06 16:11:05,017: publisherUpdate[/rosout] -> http://y:42615/ ['http://y:42549/', 'http://y:34179/', 'http://y:43771/', 'http://y:36335/', 'http://y:37897/', 'http://y:45705/', 'http://y:42495/', 'http://y:38575/']: sec=0.00, result=[1, '', 0]
[rosmaster.master][INFO] 2026-05-06 16:11:05,017: -SUB [/joy] /onlane_ai_agent_4 http://y:33187/
[rosmaster.master][INFO] 2026-05-06 16:11:05,017: publisherUpdate[/rosout] -> http://y:42615/ ['http://y:42549/', 'http://y:34179/', 'http://y:43771/', 'http://y:36335/', 'http://y:37897/', 'http://y:45705/', 'http://y:42495/']
[rosmaster.master][INFO] 2026-05-06 16:11:05,018: -PUB [/vis/agent_10/surrounding_lane_net_vis] /onlane_ai_agent_10 http://y:34953/
[rosmaster.master][INFO] 2026-05-06 16:11:05,019: publisherUpdate[/rosout] -> http://y:42615/ ['http://y:42549/', 'http://y:34179/', 'http://y:43771/', 'http://y:36335/', 'http://y:37897/', 'http://y:45705/', 'http://y:42495/']: sec=0.00, result=[1, '', 0]
[rosmaster.master][INFO] 2026-05-06 16:11:05,019: -PUB [/vis/agent_5/ego_behavior_vis] /onlane_ai_agent_5 http://y:33017/
[rosmaster.master][INFO] 2026-05-06 16:11:05,019: publisherUpdate[/rosout] -> http://y:42615/ ['http://y:42549/', 'http://y:34179/', 'http://y:43771/', 'http://y:36335/', 'http://y:45705/', 'http://y:42495/']
[rosmaster.master][INFO] 2026-05-06 16:11:05,020: -PUB [/tf] /onlane_ai_agent_2 http://y:43771/
[rosmaster.master][INFO] 2026-05-06 16:11:05,021: publisherUpdate[/rosout] -> http://y:42615/ ['http://y:42549/', 'http://y:34179/', 'http://y:43771/', 'http://y:36335/', 'http://y:45705/', 'http://y:42495/']: sec=0.00, result=[1, '', 0]
[rosmaster.master][INFO] 2026-05-06 16:11:05,021: publisherUpdate[/rosout] -> http://y:42615/ ['http://y:42549/', 'http://y:34179/', 'http://y:36335/', 'http://y:45705/', 'http://y:42495/']
[rosmaster.master][INFO] 2026-05-06 16:11:05,021: -PUB [/vis/agent_8/surrounding_lane_net_vis] /onlane_ai_agent_8 http://y:38575/
[rosmaster.master][INFO] 2026-05-06 16:11:05,022: publisherUpdate[/rosout] -> http://y:42615/ ['http://y:42549/', 'http://y:34179/', 'http://y:36335/', 'http://y:45705/', 'http://y:42495/']: sec=0.00, result=[1, '', 0]
[rosmaster.master][INFO] 2026-05-06 16:11:05,022: -PUB [/vis/agent_6/surrounding_lane_net_vis] /onlane_ai_agent_6 http://y:37897/
[rosmaster.master][INFO] 2026-05-06 16:11:05,023: -SERVICE [/onlane_ai_agent_4/get_loggers] /onlane_ai_agent_4 rosrpc://y:58537
[rosmaster.master][INFO] 2026-05-06 16:11:05,023: -PUB [/vis/agent_10/local_lanes_vis] /onlane_ai_agent_10 http://y:34953/
[rosmaster.master][INFO] 2026-05-06 16:11:05,023: -PUB [/vis/agent_5/pred_traj_openloop_vis] /onlane_ai_agent_5 http://y:33017/
[rosmaster.master][INFO] 2026-05-06 16:11:05,023: -PUB [/vis/agent_2/ego_vehicle_vis] /onlane_ai_agent_2 http://y:43771/
[rosmaster.master][INFO] 2026-05-06 16:11:05,024: -PUB [/vis/agent_8/local_lanes_vis] /onlane_ai_agent_8 http://y:38575/
[rosmaster.master][INFO] 2026-05-06 16:11:05,024: -PUB [/vis/agent_6/local_lanes_vis] /onlane_ai_agent_6 http://y:37897/
[rosmaster.master][INFO] 2026-05-06 16:11:05,025: -PUB [/vis/agent_10/ego_behavior_vis] /onlane_ai_agent_10 http://y:34953/
[rosmaster.master][INFO] 2026-05-06 16:11:05,025: -PUB [/vis/agent_5/pred_initial_intention_vis] /onlane_ai_agent_5 http://y:33017/
[rosmaster.master][INFO] 2026-05-06 16:11:05,025: -SERVICE [/onlane_ai_agent_4/set_logger_level] /onlane_ai_agent_4 rosrpc://y:58537
[rosmaster.master][INFO] 2026-05-06 16:11:05,026: -PUB [/vis/agent_2/obstacle_map] /onlane_ai_agent_2 http://y:43771/
[rosmaster.master][INFO] 2026-05-06 16:11:05,026: -PUB [/vis/agent_6/ego_behavior_vis] /onlane_ai_agent_6 http://y:37897/
[rosmaster.master][INFO] 2026-05-06 16:11:05,026: -PUB [/vis/agent_8/ego_behavior_vis] /onlane_ai_agent_8 http://y:38575/
[rosmaster.master][INFO] 2026-05-06 16:11:05,026: -PUB [/vis/agent_10/pred_traj_openloop_vis] /onlane_ai_agent_10 http://y:34953/
[rosmaster.master][INFO] 2026-05-06 16:11:05,026: -PUB [/vis/agent_5/surrounding_vehicle_vis] /onlane_ai_agent_5 http://y:33017/
[rosmaster.master][INFO] 2026-05-06 16:11:05,027: -PUB [/vis/agent_6/pred_traj_openloop_vis] /onlane_ai_agent_6 http://y:37897/
[rosmaster.master][INFO] 2026-05-06 16:11:05,027: -PUB [/vis/agent_2/surrounding_lane_net_vis] /onlane_ai_agent_2 http://y:43771/
[rosmaster.master][INFO] 2026-05-06 16:11:05,027: -PUB [/vis/agent_8/pred_traj_openloop_vis] /onlane_ai_agent_8 http://y:38575/
[rosmaster.master][INFO] 2026-05-06 16:11:05,027: -PUB [/vis/agent_5/speed_limit] /onlane_ai_agent_5 http://y:33017/
[rosmaster.master][INFO] 2026-05-06 16:11:05,028: -PUB [/vis/agent_10/pred_initial_intention_vis] /onlane_ai_agent_10 http://y:34953/
[rosmaster.master][INFO] 2026-05-06 16:11:05,028: -PUB [/vis/agent_6/pred_initial_intention_vis] /onlane_ai_agent_6 http://y:37897/
[rosmaster.master][INFO] 2026-05-06 16:11:05,028: -PUB [/vis/agent_5/forward_trajs] /onlane_ai_agent_5 http://y:33017/
[rosmaster.master][INFO] 2026-05-06 16:11:05,028: -PUB [/vis/agent_8/pred_initial_intention_vis] /onlane_ai_agent_8 http://y:38575/
[rosmaster.master][INFO] 2026-05-06 16:11:05,029: -PUB [/vis/agent_2/local_lanes_vis] /onlane_ai_agent_2 http://y:43771/
[rosmaster.master][INFO] 2026-05-06 16:11:05,029: -PUB [/vis/agent_6/surrounding_vehicle_vis] /onlane_ai_agent_6 http://y:37897/
[rosmaster.master][INFO] 2026-05-06 16:11:05,029: -PUB [/vis/agent_10/surrounding_vehicle_vis] /onlane_ai_agent_10 http://y:34953/
[rosmaster.master][INFO] 2026-05-06 16:11:05,029: -SUB [/arena_info_static] /onlane_ai_agent_5 http://y:33017/
[rosmaster.master][INFO] 2026-05-06 16:11:05,029: -PUB [/vis/agent_8/surrounding_vehicle_vis] /onlane_ai_agent_8 http://y:38575/
[rosmaster.master][INFO] 2026-05-06 16:11:05,030: -PUB [/vis/agent_2/ego_behavior_vis] /onlane_ai_agent_2 http://y:43771/
[rosmaster.master][INFO] 2026-05-06 16:11:05,030: -PUB [/vis/agent_6/speed_limit] /onlane_ai_agent_6 http://y:37897/
[rosmaster.master][INFO] 2026-05-06 16:11:05,030: -PUB [/vis/agent_10/speed_limit] /onlane_ai_agent_10 http://y:34953/
[rosmaster.master][INFO] 2026-05-06 16:11:05,030: -SUB [/arena_info_dynamic] /onlane_ai_agent_5 http://y:33017/
[rosmaster.master][INFO] 2026-05-06 16:11:05,030: -PUB [/vis/agent_8/speed_limit] /onlane_ai_agent_8 http://y:38575/
[rosmaster.master][INFO] 2026-05-06 16:11:05,031: -PUB [/vis/agent_2/pred_traj_openloop_vis] /onlane_ai_agent_2 http://y:43771/
[rosmaster.master][INFO] 2026-05-06 16:11:05,031: -PUB [/vis/agent_6/forward_trajs] /onlane_ai_agent_6 http://y:37897/
[rosmaster.master][INFO] 2026-05-06 16:11:05,031: -PUB [/vis/agent_10/forward_trajs] /onlane_ai_agent_10 http://y:34953/
[rosmaster.master][INFO] 2026-05-06 16:11:05,031: -SUB [/joy] /onlane_ai_agent_5 http://y:33017/
[rosmaster.master][INFO] 2026-05-06 16:11:05,031: -PUB [/vis/agent_8/forward_trajs] /onlane_ai_agent_8 http://y:38575/
[rosmaster.master][INFO] 2026-05-06 16:11:05,031: -PUB [/vis/agent_2/pred_initial_intention_vis] /onlane_ai_agent_2 http://y:43771/
[rosmaster.master][INFO] 2026-05-06 16:11:05,032: -SUB [/arena_info_static] /onlane_ai_agent_6 http://y:37897/
[rosmaster.master][INFO] 2026-05-06 16:11:05,032: -SERVICE [/onlane_ai_agent_5/get_loggers] /onlane_ai_agent_5 rosrpc://y:59171
[rosmaster.master][INFO] 2026-05-06 16:11:05,032: -SUB [/arena_info_static] /onlane_ai_agent_10 http://y:34953/
[rosmaster.master][INFO] 2026-05-06 16:11:05,032: -SUB [/arena_info_static] /onlane_ai_agent_8 http://y:38575/
[rosmaster.master][INFO] 2026-05-06 16:11:05,032: -PUB [/vis/agent_2/surrounding_vehicle_vis] /onlane_ai_agent_2 http://y:43771/
[rosmaster.master][INFO] 2026-05-06 16:11:05,033: -SUB [/arena_info_dynamic] /onlane_ai_agent_6 http://y:37897/
[rosmaster.master][INFO] 2026-05-06 16:11:05,033: -SERVICE [/onlane_ai_agent_5/set_logger_level] /onlane_ai_agent_5 rosrpc://y:59171
[rosmaster.master][INFO] 2026-05-06 16:11:05,033: -SUB [/arena_info_dynamic] /onlane_ai_agent_10 http://y:34953/
[rosmaster.master][INFO] 2026-05-06 16:11:05,033: -SUB [/arena_info_dynamic] /onlane_ai_agent_8 http://y:38575/
[rosmaster.master][INFO] 2026-05-06 16:11:05,033: -PUB [/vis/agent_2/speed_limit] /onlane_ai_agent_2 http://y:43771/
[rosmaster.master][INFO] 2026-05-06 16:11:05,034: -SUB [/joy] /onlane_ai_agent_6 http://y:37897/
[rosmaster.master][INFO] 2026-05-06 16:11:05,034: -SUB [/joy] /onlane_ai_agent_10 http://y:34953/
[rosmaster.master][INFO] 2026-05-06 16:11:05,034: -SUB [/joy] /onlane_ai_agent_8 http://y:38575/
[rosmaster.master][INFO] 2026-05-06 16:11:05,035: -PUB [/vis/agent_2/forward_trajs] /onlane_ai_agent_2 http://y:43771/
[rosmaster.master][INFO] 2026-05-06 16:11:05,035: -SERVICE [/onlane_ai_agent_10/get_loggers] /onlane_ai_agent_10 rosrpc://y:58561
[rosmaster.master][INFO] 2026-05-06 16:11:05,035: -SERVICE [/onlane_ai_agent_6/get_loggers] /onlane_ai_agent_6 rosrpc://y:55083
[rosmaster.master][INFO] 2026-05-06 16:11:05,036: -SERVICE [/onlane_ai_agent_8/get_loggers] /onlane_ai_agent_8 rosrpc://y:59189
[rosmaster.master][INFO] 2026-05-06 16:11:05,036: -SUB [/arena_info_static] /onlane_ai_agent_2 http://y:43771/
[rosmaster.master][INFO] 2026-05-06 16:11:05,036: -SERVICE [/onlane_ai_agent_10/set_logger_level] /onlane_ai_agent_10 rosrpc://y:58561
[rosmaster.master][INFO] 2026-05-06 16:11:05,037: -SERVICE [/onlane_ai_agent_6/set_logger_level] /onlane_ai_agent_6 rosrpc://y:55083
[rosmaster.master][INFO] 2026-05-06 16:11:05,037: -SERVICE [/onlane_ai_agent_8/set_logger_level] /onlane_ai_agent_8 rosrpc://y:59189
[rosmaster.master][INFO] 2026-05-06 16:11:05,037: -SUB [/arena_info_dynamic] /onlane_ai_agent_2 http://y:43771/
[rosmaster.master][INFO] 2026-05-06 16:11:05,038: -SUB [/joy] /onlane_ai_agent_2 http://y:43771/
[rosmaster.master][INFO] 2026-05-06 16:11:05,038: -SERVICE [/onlane_ai_agent_2/get_loggers] /onlane_ai_agent_2 rosrpc://y:58455
[rosmaster.master][INFO] 2026-05-06 16:11:05,038: -SERVICE [/onlane_ai_agent_2/set_logger_level] /onlane_ai_agent_2 rosrpc://y:58455
[rosmaster.master][INFO] 2026-05-06 16:11:05,102: -PUB [/rosout] /onlane_ai_agent_9 http://y:42495/
[rosmaster.master][INFO] 2026-05-06 16:11:05,103: -PUB [/ctrl/agent_9] /onlane_ai_agent_9 http://y:42495/
[rosmaster.master][INFO] 2026-05-06 16:11:05,104: -PUB [/tf] /onlane_ai_agent_9 http://y:42495/
[rosmaster.master][INFO] 2026-05-06 16:11:05,105: -PUB [/rosout] /onlane_ai_agent_7 http://y:45705/
[rosmaster.master][INFO] 2026-05-06 16:11:05,106: -PUB [/vis/agent_9/ego_vehicle_vis] /onlane_ai_agent_9 http://y:42495/
[rosmaster.master][INFO] 2026-05-06 16:11:05,107: -PUB [/ctrl/agent_7] /onlane_ai_agent_7 http://y:45705/
[rosmaster.master][INFO] 2026-05-06 16:11:05,109: -PUB [/vis/agent_9/obstacle_map] /onlane_ai_agent_9 http://y:42495/
[rosmaster.master][INFO] 2026-05-06 16:11:05,109: -PUB [/tf] /onlane_ai_agent_7 http://y:45705/
[rosmaster.master][INFO] 2026-05-06 16:11:05,110: -PUB [/vis/agent_9/surrounding_lane_net_vis] /onlane_ai_agent_9 http://y:42495/
[rosmaster.master][INFO] 2026-05-06 16:11:05,111: -PUB [/vis/agent_7/ego_vehicle_vis] /onlane_ai_agent_7 http://y:45705/
[rosmaster.master][INFO] 2026-05-06 16:11:05,111: -PUB [/vis/agent_9/local_lanes_vis] /onlane_ai_agent_9 http://y:42495/
[rosmaster.master][INFO] 2026-05-06 16:11:05,112: -PUB [/vis/agent_7/obstacle_map] /onlane_ai_agent_7 http://y:45705/
[rosmaster.master][INFO] 2026-05-06 16:11:05,113: -PUB [/rosout] /onlane_ai_agent_3 http://y:36335/
[rosmaster.master][INFO] 2026-05-06 16:11:05,114: -PUB [/vis/agent_7/surrounding_lane_net_vis] /onlane_ai_agent_7 http://y:45705/
[rosmaster.master][INFO] 2026-05-06 16:11:05,114: publisherUpdate[/rosout] -> http://y:42615/ ['http://y:42549/', 'http://y:34179/', 'http://y:36335/', 'http://y:45705/']
[rosmaster.master][INFO] 2026-05-06 16:11:05,116: publisherUpdate[/rosout] -> http://y:42615/ ['http://y:42549/', 'http://y:34179/', 'http://y:36335/', 'http://y:45705/']: sec=0.00, result=[1, '', 0]
[rosmaster.master][INFO] 2026-05-06 16:11:05,116: publisherUpdate[/rosout] -> http://y:42615/ ['http://y:42549/', 'http://y:34179/', 'http://y:36335/']
[rosmaster.master][INFO] 2026-05-06 16:11:05,116: -PUB [/vis/agent_9/ego_behavior_vis] /onlane_ai_agent_9 http://y:42495/
[rosmaster.master][INFO] 2026-05-06 16:11:05,117: publisherUpdate[/rosout] -> http://y:42615/ ['http://y:42549/', 'http://y:34179/', 'http://y:36335/']: sec=0.00, result=[1, '', 0]
[rosmaster.master][INFO] 2026-05-06 16:11:05,118: publisherUpdate[/rosout] -> http://y:42615/ ['http://y:42549/', 'http://y:34179/']
[rosmaster.master][INFO] 2026-05-06 16:11:05,118: -PUB [/ctrl/agent_3] /onlane_ai_agent_3 http://y:36335/
[rosmaster.master][INFO] 2026-05-06 16:11:05,119: publisherUpdate[/rosout] -> http://y:42615/ ['http://y:42549/', 'http://y:34179/']: sec=0.00, result=[1, '', 0]
[rosmaster.master][INFO] 2026-05-06 16:11:05,119: -PUB [/vis/agent_7/local_lanes_vis] /onlane_ai_agent_7 http://y:45705/
[rosmaster.master][INFO] 2026-05-06 16:11:05,120: -PUB [/vis/agent_9/pred_traj_openloop_vis] /onlane_ai_agent_9 http://y:42495/
[rosmaster.master][INFO] 2026-05-06 16:11:05,121: -PUB [/tf] /onlane_ai_agent_3 http://y:36335/
[rosmaster.master][INFO] 2026-05-06 16:11:05,122: -PUB [/vis/agent_7/ego_behavior_vis] /onlane_ai_agent_7 http://y:45705/
[rosmaster.master][INFO] 2026-05-06 16:11:05,122: -PUB [/vis/agent_9/pred_initial_intention_vis] /onlane_ai_agent_9 http://y:42495/
[rosmaster.master][INFO] 2026-05-06 16:11:05,123: -PUB [/vis/agent_3/ego_vehicle_vis] /onlane_ai_agent_3 http://y:36335/
[rosmaster.master][INFO] 2026-05-06 16:11:05,124: -PUB [/vis/agent_7/pred_traj_openloop_vis] /onlane_ai_agent_7 http://y:45705/
[rosmaster.master][INFO] 2026-05-06 16:11:05,125: -PUB [/vis/agent_9/surrounding_vehicle_vis] /onlane_ai_agent_9 http://y:42495/
[rosmaster.master][INFO] 2026-05-06 16:11:05,125: -PUB [/vis/agent_3/obstacle_map] /onlane_ai_agent_3 http://y:36335/
[rosmaster.master][INFO] 2026-05-06 16:11:05,126: -PUB [/vis/agent_7/pred_initial_intention_vis] /onlane_ai_agent_7 http://y:45705/
[rosmaster.master][INFO] 2026-05-06 16:11:05,127: -PUB [/vis/agent_9/speed_limit] /onlane_ai_agent_9 http://y:42495/
[rosmaster.master][INFO] 2026-05-06 16:11:05,128: -PUB [/vis/agent_7/surrounding_vehicle_vis] /onlane_ai_agent_7 http://y:45705/
[rosmaster.master][INFO] 2026-05-06 16:11:05,129: -PUB [/vis/agent_3/surrounding_lane_net_vis] /onlane_ai_agent_3 http://y:36335/
[rosmaster.master][INFO] 2026-05-06 16:11:05,129: -PUB [/vis/agent_9/forward_trajs] /onlane_ai_agent_9 http://y:42495/
[rosmaster.master][INFO] 2026-05-06 16:11:05,130: -PUB [/vis/agent_7/speed_limit] /onlane_ai_agent_7 http://y:45705/
[rosmaster.master][INFO] 2026-05-06 16:11:05,131: -PUB [/vis/agent_3/local_lanes_vis] /onlane_ai_agent_3 http://y:36335/
[rosmaster.master][INFO] 2026-05-06 16:11:05,131: -SUB [/arena_info_static] /onlane_ai_agent_9 http://y:42495/
[rosmaster.master][INFO] 2026-05-06 16:11:05,131: -PUB [/vis/agent_3/ego_behavior_vis] /onlane_ai_agent_3 http://y:36335/
[rosmaster.master][INFO] 2026-05-06 16:11:05,132: -SUB [/arena_info_dynamic] /onlane_ai_agent_9 http://y:42495/
[rosmaster.master][INFO] 2026-05-06 16:11:05,133: -PUB [/vis/agent_7/forward_trajs] /onlane_ai_agent_7 http://y:45705/
[rosmaster.master][INFO] 2026-05-06 16:11:05,133: -PUB [/vis/agent_3/pred_traj_openloop_vis] /onlane_ai_agent_3 http://y:36335/
[rosmaster.master][INFO] 2026-05-06 16:11:05,133: -SUB [/joy] /onlane_ai_agent_9 http://y:42495/
[rosmaster.master][INFO] 2026-05-06 16:11:05,134: -SUB [/arena_info_static] /onlane_ai_agent_7 http://y:45705/
[rosmaster.master][INFO] 2026-05-06 16:11:05,134: -PUB [/vis/agent_3/pred_initial_intention_vis] /onlane_ai_agent_3 http://y:36335/
[rosmaster.master][INFO] 2026-05-06 16:11:05,134: -SUB [/arena_info_dynamic] /onlane_ai_agent_7 http://y:45705/
[rosmaster.master][INFO] 2026-05-06 16:11:05,135: -SERVICE [/onlane_ai_agent_9/get_loggers] /onlane_ai_agent_9 rosrpc://y:53229
[rosmaster.master][INFO] 2026-05-06 16:11:05,135: -PUB [/vis/agent_3/surrounding_vehicle_vis] /onlane_ai_agent_3 http://y:36335/
[rosmaster.master][INFO] 2026-05-06 16:11:05,135: -SUB [/joy] /onlane_ai_agent_7 http://y:45705/
[rosmaster.master][INFO] 2026-05-06 16:11:05,136: -SERVICE [/onlane_ai_agent_9/set_logger_level] /onlane_ai_agent_9 rosrpc://y:53229
[rosmaster.master][INFO] 2026-05-06 16:11:05,136: -PUB [/vis/agent_3/speed_limit] /onlane_ai_agent_3 http://y:36335/
[rosmaster.master][INFO] 2026-05-06 16:11:05,136: -SERVICE [/onlane_ai_agent_7/get_loggers] /onlane_ai_agent_7 rosrpc://y:47155
[rosmaster.master][INFO] 2026-05-06 16:11:05,137: -PUB [/vis/agent_3/forward_trajs] /onlane_ai_agent_3 http://y:36335/
[rosmaster.master][INFO] 2026-05-06 16:11:05,137: -SERVICE [/onlane_ai_agent_7/set_logger_level] /onlane_ai_agent_7 rosrpc://y:47155
[rosmaster.master][INFO] 2026-05-06 16:11:05,138: -SUB [/arena_info_static] /onlane_ai_agent_3 http://y:36335/
[rosmaster.master][INFO] 2026-05-06 16:11:05,138: -SUB [/arena_info_dynamic] /onlane_ai_agent_3 http://y:36335/
[rosmaster.master][INFO] 2026-05-06 16:11:05,138: -SUB [/joy] /onlane_ai_agent_3 http://y:36335/
[rosmaster.master][INFO] 2026-05-06 16:11:05,139: -SERVICE [/onlane_ai_agent_3/get_loggers] /onlane_ai_agent_3 rosrpc://y:58343
[rosmaster.master][INFO] 2026-05-06 16:11:05,139: -SERVICE [/onlane_ai_agent_3/set_logger_level] /onlane_ai_agent_3 rosrpc://y:58343
[rosmaster.master][INFO] 2026-05-06 16:11:05,310: -PUB [/rosout] /onlane_ai_agent_1 http://y:34179/
[rosmaster.master][INFO] 2026-05-06 16:11:05,312: -PUB [/ctrl/agent_1] /onlane_ai_agent_1 http://y:34179/
[rosmaster.master][INFO] 2026-05-06 16:11:05,313: -PUB [/tf] /onlane_ai_agent_1 http://y:34179/
[rosmaster.master][INFO] 2026-05-06 16:11:05,314: -PUB [/vis/agent_1/ego_vehicle_vis] /onlane_ai_agent_1 http://y:34179/
[rosmaster.master][INFO] 2026-05-06 16:11:05,315: -PUB [/vis/agent_1/obstacle_map] /onlane_ai_agent_1 http://y:34179/
[rosmaster.master][INFO] 2026-05-06 16:11:05,316: -PUB [/vis/agent_1/surrounding_lane_net_vis] /onlane_ai_agent_1 http://y:34179/
[rosmaster.master][INFO] 2026-05-06 16:11:05,316: -PUB [/vis/agent_1/local_lanes_vis] /onlane_ai_agent_1 http://y:34179/
[rosmaster.master][INFO] 2026-05-06 16:11:05,317: -PUB [/vis/agent_1/ego_behavior_vis] /onlane_ai_agent_1 http://y:34179/
[rosmaster.master][INFO] 2026-05-06 16:11:05,318: publisherUpdate[/rosout] -> http://y:42615/ ['http://y:42549/']
[rosmaster.master][INFO] 2026-05-06 16:11:05,318: -PUB [/vis/agent_1/pred_traj_openloop_vis] /onlane_ai_agent_1 http://y:34179/
[rosmaster.master][INFO] 2026-05-06 16:11:05,319: -PUB [/vis/agent_1/pred_initial_intention_vis] /onlane_ai_agent_1 http://y:34179/
[rosmaster.master][INFO] 2026-05-06 16:11:05,320: -PUB [/vis/agent_1/surrounding_vehicle_vis] /onlane_ai_agent_1 http://y:34179/
[rosmaster.master][INFO] 2026-05-06 16:11:05,321: -PUB [/vis/agent_1/speed_limit] /onlane_ai_agent_1 http://y:34179/
[rosmaster.master][INFO] 2026-05-06 16:11:05,322: publisherUpdate[/rosout] -> http://y:42615/ ['http://y:42549/']: sec=0.00, result=[1, '', 0]
[rosmaster.master][INFO] 2026-05-06 16:11:05,322: -PUB [/vis/agent_1/forward_trajs] /onlane_ai_agent_1 http://y:34179/
[rosmaster.master][INFO] 2026-05-06 16:11:05,323: -SUB [/arena_info_static] /onlane_ai_agent_1 http://y:34179/
[rosmaster.master][INFO] 2026-05-06 16:11:05,324: -SUB [/arena_info_dynamic] /onlane_ai_agent_1 http://y:34179/
[rosmaster.master][INFO] 2026-05-06 16:11:05,325: -SUB [/joy] /onlane_ai_agent_1 http://y:34179/
[rosmaster.master][INFO] 2026-05-06 16:11:05,326: -SERVICE [/onlane_ai_agent_1/get_loggers] /onlane_ai_agent_1 rosrpc://y:41321
[rosmaster.master][INFO] 2026-05-06 16:11:05,327: -SERVICE [/onlane_ai_agent_1/set_logger_level] /onlane_ai_agent_1 rosrpc://y:41321
[rosmaster.master][INFO] 2026-05-06 16:11:05,401: -PUB [/rosout] /test_ssc_with_eudm_0 http://y:42549/
[rosmaster.master][INFO] 2026-05-06 16:11:05,402: -PUB [/tf] /test_ssc_with_eudm_0 http://y:42549/
[rosmaster.master][INFO] 2026-05-06 16:11:05,403: -PUB [/vis/agent_0/ego_vehicle_vis] /test_ssc_with_eudm_0 http://y:42549/
[rosmaster.master][INFO] 2026-05-06 16:11:05,404: -PUB [/vis/agent_0/obstacle_map] /test_ssc_with_eudm_0 http://y:42549/
[rosmaster.master][INFO] 2026-05-06 16:11:05,405: -PUB [/vis/agent_0/surrounding_lane_net_vis] /test_ssc_with_eudm_0 http://y:42549/
[rosmaster.master][INFO] 2026-05-06 16:11:05,405: -PUB [/vis/agent_0/local_lanes_vis] /test_ssc_with_eudm_0 http://y:42549/
[rosmaster.master][INFO] 2026-05-06 16:11:05,406: -PUB [/vis/agent_0/ego_behavior_vis] /test_ssc_with_eudm_0 http://y:42549/
[rosmaster.master][INFO] 2026-05-06 16:11:05,407: -PUB [/vis/agent_0/pred_traj_openloop_vis] /test_ssc_with_eudm_0 http://y:42549/
[rosmaster.master][INFO] 2026-05-06 16:11:05,407: -PUB [/vis/agent_0/pred_initial_intention_vis] /test_ssc_with_eudm_0 http://y:42549/
[rosmaster.master][INFO] 2026-05-06 16:11:05,408: -PUB [/vis/agent_0/surrounding_vehicle_vis] /test_ssc_with_eudm_0 http://y:42549/
[rosmaster.master][INFO] 2026-05-06 16:11:05,408: -PUB [/vis/agent_0/speed_limit] /test_ssc_with_eudm_0 http://y:42549/
[rosmaster.master][INFO] 2026-05-06 16:11:05,409: -PUB [/vis/agent_0/ssc/map_vis] /test_ssc_with_eudm_0 http://y:42549/
[rosmaster.master][INFO] 2026-05-06 16:11:05,409: -PUB [/vis/agent_0/ssc/qp_vis] /test_ssc_with_eudm_0 http://y:42549/
[rosmaster.master][INFO] 2026-05-06 16:11:05,410: -PUB [/vis/agent_0/ssc/ego_fs_vis] /test_ssc_with_eudm_0 http://y:42549/
[rosmaster.master][INFO] 2026-05-06 16:11:05,410: -PUB [/vis/agent_0/ssc/forward_trajs_vis] /test_ssc_with_eudm_0 http://y:42549/
[rosmaster.master][INFO] 2026-05-06 16:11:05,410: -PUB [/vis/agent_0/ssc/sur_vehicle_trajs_vis] /test_ssc_with_eudm_0 http://y:42549/
[rosmaster.master][INFO] 2026-05-06 16:11:05,411: -PUB [/vis/agent_0/ssc/corridor_vis] /test_ssc_with_eudm_0 http://y:42549/
[rosmaster.master][INFO] 2026-05-06 16:11:05,412: -PUB [/vis/agent_0/forward_trajs] /test_ssc_with_eudm_0 http://y:42549/
[rosmaster.master][INFO] 2026-05-06 16:11:05,412: -PUB [/ctrl/agent_0] /test_ssc_with_eudm_0 http://y:42549/
[rosmaster.master][INFO] 2026-05-06 16:11:05,413: -PUB [/test_ssc_with_eudm_0/ssc_map] /test_ssc_with_eudm_0 http://y:42549/
[rosmaster.master][INFO] 2026-05-06 16:11:05,413: -PUB [/vis/agent_0/ssc/exec_traj] /test_ssc_with_eudm_0 http://y:42549/
[rosmaster.master][INFO] 2026-05-06 16:11:05,414: -SUB [/joy] /test_ssc_with_eudm_0 http://y:42549/
[rosmaster.master][INFO] 2026-05-06 16:11:05,414: -SUB [/arena_info_static] /test_ssc_with_eudm_0 http://y:42549/
[rosmaster.master][INFO] 2026-05-06 16:11:05,415: -SUB [/arena_info_dynamic] /test_ssc_with_eudm_0 http://y:42549/
[rosmaster.master][INFO] 2026-05-06 16:11:05,416: -SERVICE [/test_ssc_with_eudm_0/get_loggers] /test_ssc_with_eudm_0 rosrpc://y:47781
[rosmaster.master][INFO] 2026-05-06 16:11:05,416: -SERVICE [/test_ssc_with_eudm_0/set_logger_level] /test_ssc_with_eudm_0 rosrpc://y:47781
[rosmaster.master][INFO] 2026-05-06 16:11:05,417: -CACHEDPARAM [/rosout_disable_topics_generation] by /test_ssc_with_eudm_0
[rosmaster.master][INFO] 2026-05-06 16:11:05,422: publisherUpdate[/rosout] -> http://y:42615/ []
[rosmaster.master][INFO] 2026-05-06 16:11:05,423: publisherUpdate[/rosout] -> http://y:42615/ []: sec=0.00, result=[1, '', 0]
[rosmaster.master][INFO] 2026-05-06 16:11:05,624: -PUB [/rosout_agg] /rosout http://y:42615/
[rosmaster.master][INFO] 2026-05-06 16:11:05,624: -SUB [/rosout] /rosout http://y:42615/
[rosmaster.master][INFO] 2026-05-06 16:11:05,624: -SERVICE [/rosout/get_loggers] /rosout rosrpc://y:42107
[rosmaster.master][INFO] 2026-05-06 16:11:05,625: -SERVICE [/rosout/set_logger_level] /rosout rosrpc://y:42107
[rosmaster.master][INFO] 2026-05-06 16:11:05,625: -CACHEDPARAM [/rosout/omit_topics] by /rosout
[rosmaster.main][INFO] 2026-05-06 16:11:05,691: keyboard interrupt, will exit
[rosmaster.main][INFO] 2026-05-06 16:11:05,691: stopping master...
[rospy.core][INFO] 2026-05-06 16:11:05,692: signal_shutdown [atexit]
