[rosmaster.main][INFO] 2026-05-06 19:22:50,817: initialization complete, waiting for shutdown
[rosmaster.main][INFO] 2026-05-06 19:22:50,817: Starting ROS Master Node
[xmlrpc][INFO] 2026-05-06 19:22:50,817: XML-RPC server binding to 0.0.0.0:11311
[xmlrpc][INFO] 2026-05-06 19:22:50,818: Started XML-RPC server [http://y:11311/]
[xmlrpc][INFO] 2026-05-06 19:22:50,818: xml rpc node: starting XML-RPC server
[rosmaster.master][INFO] 2026-05-06 19:22:50,818: Master initialized: port[11311], uri[http://y:11311/]
[rosmaster.master][INFO] 2026-05-06 19:22:50,908: +PARAM [/run_id] by /roslaunch
[rosmaster.master][INFO] 2026-05-06 19:22:50,909: +PARAM [/roslaunch/uris/host_y__37083] by /roslaunch
[rosmaster.master][INFO] 2026-05-06 19:22:50,937: +PARAM [/rosversion] by /roslaunch
[rosmaster.master][INFO] 2026-05-06 19:22:50,937: +PARAM [/rosdistro] by /roslaunch
[rosmaster.master][INFO] 2026-05-06 19:22:50,937: +PARAM [/test_ssc_with_eudm_0/ego_id] by /roslaunch
[rosmaster.master][INFO] 2026-05-06 19:22:50,937: +PARAM [/test_ssc_with_eudm_0/agent_config_path] by /roslaunch
[rosmaster.master][INFO] 2026-05-06 19:22:50,937: +PARAM [/test_ssc_with_eudm_0/bp_config_path] by /roslaunch
[rosmaster.master][INFO] 2026-05-06 19:22:50,937: +PARAM [/test_ssc_with_eudm_0/ssc_config_path] by /roslaunch
[rosmaster.master][INFO] 2026-05-06 19:22:50,937: +PARAM [/test_ssc_with_eudm_0/desired_vel] by /roslaunch
[rosmaster.master][INFO] 2026-05-06 19:22:50,937: +PARAM [/test_ssc_with_eudm_0/use_sim_state] by /roslaunch
[rosmaster.master][INFO] 2026-05-06 19:22:50,937: +PARAM [/onlane_ai_agent_1/ego_id] by /roslaunch
[rosmaster.master][INFO] 2026-05-06 19:22:50,937: +PARAM [/onlane_ai_agent_1/agent_config_path] by /roslaunch
[rosmaster.master][INFO] 2026-05-06 19:22:50,938: +PARAM [/onlane_ai_agent_1/desired_vel] by /roslaunch
[rosmaster.master][INFO] 2026-05-06 19:22:50,938: +PARAM [/onlane_ai_agent_1/autonomous_level] by /roslaunch
[rosmaster.master][INFO] 2026-05-06 19:22:50,938: +PARAM [/onlane_ai_agent_1/aggressiveness_level] by /roslaunch
[rosmaster.master][INFO] 2026-05-06 19:22:50,938: +PARAM [/onlane_ai_agent_2/ego_id] by /roslaunch
[rosmaster.master][INFO] 2026-05-06 19:22:50,938: +PARAM [/onlane_ai_agent_2/agent_config_path] by /roslaunch
[rosmaster.master][INFO] 2026-05-06 19:22:50,938: +PARAM [/onlane_ai_agent_2/desired_vel] by /roslaunch
[rosmaster.master][INFO] 2026-05-06 19:22:50,938: +PARAM [/onlane_ai_agent_2/autonomous_level] by /roslaunch
[rosmaster.master][INFO] 2026-05-06 19:22:50,938: +PARAM [/onlane_ai_agent_2/aggressiveness_level] by /roslaunch
[rosmaster.master][INFO] 2026-05-06 19:22:50,938: +PARAM [/onlane_ai_agent_3/ego_id] by /roslaunch
[rosmaster.master][INFO] 2026-05-06 19:22:50,938: +PARAM [/onlane_ai_agent_3/agent_config_path] by /roslaunch
[rosmaster.master][INFO] 2026-05-06 19:22:50,938: +PARAM [/onlane_ai_agent_3/desired_vel] by /roslaunch
[rosmaster.master][INFO] 2026-05-06 19:22:50,938: +PARAM [/onlane_ai_agent_3/autonomous_level] by /roslaunch
[rosmaster.master][INFO] 2026-05-06 19:22:50,938: +PARAM [/onlane_ai_agent_3/aggressiveness_level] by /roslaunch
[rosmaster.master][INFO] 2026-05-06 19:22:50,938: +PARAM [/onlane_ai_agent_4/ego_id] by /roslaunch
[rosmaster.master][INFO] 2026-05-06 19:22:50,938: +PARAM [/onlane_ai_agent_4/agent_config_path] by /roslaunch
[rosmaster.master][INFO] 2026-05-06 19:22:50,938: +PARAM [/onlane_ai_agent_4/desired_vel] by /roslaunch
[rosmaster.master][INFO] 2026-05-06 19:22:50,938: +PARAM [/onlane_ai_agent_4/autonomous_level] by /roslaunch
[rosmaster.master][INFO] 2026-05-06 19:22:50,938: +PARAM [/onlane_ai_agent_4/aggressiveness_level] by /roslaunch
[rosmaster.master][INFO] 2026-05-06 19:22:50,938: +PARAM [/onlane_ai_agent_5/ego_id] by /roslaunch
[rosmaster.master][INFO] 2026-05-06 19:22:50,939: +PARAM [/onlane_ai_agent_5/agent_config_path] by /roslaunch
[rosmaster.master][INFO] 2026-05-06 19:22:50,939: +PARAM [/onlane_ai_agent_5/desired_vel] by /roslaunch
[rosmaster.master][INFO] 2026-05-06 19:22:50,939: +PARAM [/onlane_ai_agent_5/autonomous_level] by /roslaunch
[rosmaster.master][INFO] 2026-05-06 19:22:50,939: +SERVICE [/rosout/get_loggers] /rosout http://y:42791/
[rosmaster.master][INFO] 2026-05-06 19:22:50,939: +PARAM [/onlane_ai_agent_5/aggressiveness_level] by /roslaunch
[rosmaster.master][INFO] 2026-05-06 19:22:50,939: +PARAM [/onlane_ai_agent_6/ego_id] by /roslaunch
[rosmaster.master][INFO] 2026-05-06 19:22:50,939: +SERVICE [/rosout/set_logger_level] /rosout http://y:42791/
[rosmaster.master][INFO] 2026-05-06 19:22:50,939: +PARAM [/onlane_ai_agent_6/agent_config_path] by /roslaunch
[rosmaster.master][INFO] 2026-05-06 19:22:50,939: +PARAM [/onlane_ai_agent_6/desired_vel] by /roslaunch
[rosmaster.master][INFO] 2026-05-06 19:22:50,940: +PUB [/rosout_agg] /rosout http://y:42791/
[rosmaster.master][INFO] 2026-05-06 19:22:50,940: +PARAM [/onlane_ai_agent_6/autonomous_level] by /roslaunch
[rosmaster.master][INFO] 2026-05-06 19:22:50,940: +PARAM [/onlane_ai_agent_6/aggressiveness_level] by /roslaunch
[rosmaster.master][INFO] 2026-05-06 19:22:50,940: +PARAM [/onlane_ai_agent_7/ego_id] by /roslaunch
[rosmaster.master][INFO] 2026-05-06 19:22:50,940: +PARAM [/onlane_ai_agent_7/agent_config_path] by /roslaunch
[rosmaster.master][INFO] 2026-05-06 19:22:50,940: +PARAM [/onlane_ai_agent_7/desired_vel] by /roslaunch
[rosmaster.master][INFO] 2026-05-06 19:22:50,940: +PARAM [/onlane_ai_agent_7/autonomous_level] by /roslaunch
[rosmaster.master][INFO] 2026-05-06 19:22:50,940: +PARAM [/onlane_ai_agent_7/aggressiveness_level] by /roslaunch
[rosmaster.master][INFO] 2026-05-06 19:22:50,940: +PARAM [/onlane_ai_agent_8/ego_id] by /roslaunch
[rosmaster.master][INFO] 2026-05-06 19:22:50,940: +PARAM [/onlane_ai_agent_8/agent_config_path] by /roslaunch
[rosmaster.master][INFO] 2026-05-06 19:22:50,940: +SUB [/rosout] /rosout http://y:42791/
[rosmaster.master][INFO] 2026-05-06 19:22:50,940: +PARAM [/onlane_ai_agent_8/desired_vel] by /roslaunch
[rosmaster.master][INFO] 2026-05-06 19:22:50,940: +PARAM [/onlane_ai_agent_8/autonomous_level] by /roslaunch
[rosmaster.master][INFO] 2026-05-06 19:22:50,940: +PARAM [/onlane_ai_agent_8/aggressiveness_level] by /roslaunch
[rosmaster.master][INFO] 2026-05-06 19:22:50,941: +PARAM [/onlane_ai_agent_9/ego_id] by /roslaunch
[rosmaster.master][INFO] 2026-05-06 19:22:50,941: +PARAM [/onlane_ai_agent_9/agent_config_path] by /roslaunch
[rosmaster.master][INFO] 2026-05-06 19:22:50,941: +PARAM [/onlane_ai_agent_9/desired_vel] by /roslaunch
[rosmaster.master][INFO] 2026-05-06 19:22:50,941: +PARAM [/onlane_ai_agent_9/autonomous_level] by /roslaunch
[rosmaster.master][INFO] 2026-05-06 19:22:50,941: +PARAM [/onlane_ai_agent_9/aggressiveness_level] by /roslaunch
[rosmaster.master][INFO] 2026-05-06 19:22:50,941: +PARAM [/onlane_ai_agent_10/ego_id] by /roslaunch
[rosmaster.master][INFO] 2026-05-06 19:22:50,941: +PARAM [/onlane_ai_agent_10/agent_config_path] by /roslaunch
[rosmaster.master][INFO] 2026-05-06 19:22:50,941: +PARAM [/onlane_ai_agent_10/desired_vel] by /roslaunch
[rosmaster.master][INFO] 2026-05-06 19:22:50,941: +PARAM [/onlane_ai_agent_10/autonomous_level] by /roslaunch
[rosmaster.master][INFO] 2026-05-06 19:22:50,941: +PARAM [/onlane_ai_agent_10/aggressiveness_level] by /roslaunch
[rosmaster.master][INFO] 2026-05-06 19:22:50,941: +PARAM [/phy_simulator_planning_node/vehicle_info_path] by /roslaunch
[rosmaster.master][INFO] 2026-05-06 19:22:50,941: +PARAM [/phy_simulator_planning_node/map_path] by /roslaunch
[rosmaster.master][INFO] 2026-05-06 19:22:50,941: +PARAM [/phy_simulator_planning_node/lane_net_path] by /roslaunch
[rosmaster.master][INFO] 2026-05-06 19:22:50,967: +PUB [/rosout] /test_ssc_with_eudm_0 http://y:38439/
[rosmaster.master][INFO] 2026-05-06 19:22:50,967: +SERVICE [/test_ssc_with_eudm_0/get_loggers] /test_ssc_with_eudm_0 http://y:38439/
[rosmaster.master][INFO] 2026-05-06 19:22:50,968: +SERVICE [/test_ssc_with_eudm_0/set_logger_level] /test_ssc_with_eudm_0 http://y:38439/
[rosmaster.master][INFO] 2026-05-06 19:22:50,969: +CACHEDPARAM [/rosout_disable_topics_generation] by /test_ssc_with_eudm_0
[rosmaster.master][INFO] 2026-05-06 19:22:50,969: +PUB [/rosout] /onlane_ai_agent_1 http://y:37213/
[rosmaster.master][INFO] 2026-05-06 19:22:50,970: +SERVICE [/onlane_ai_agent_1/get_loggers] /onlane_ai_agent_1 http://y:37213/
[rosmaster.master][INFO] 2026-05-06 19:22:50,970: +SERVICE [/onlane_ai_agent_1/set_logger_level] /onlane_ai_agent_1 http://y:37213/
[rosmaster.master][INFO] 2026-05-06 19:22:50,973: +PUB [/ctrl/agent_1] /onlane_ai_agent_1 http://y:37213/
[rosmaster.master][INFO] 2026-05-06 19:22:50,974: +PUB [/tf] /test_ssc_with_eudm_0 http://y:38439/
[rosmaster.master][INFO] 2026-05-06 19:22:50,976: +PUB [/vis/agent_0/ego_vehicle_vis] /test_ssc_with_eudm_0 http://y:38439/
[rosmaster.master][INFO] 2026-05-06 19:22:50,976: +PUB [/rosout] /onlane_ai_agent_3 http://y:37629/
[rosmaster.master][INFO] 2026-05-06 19:22:50,976: +PUB [/rosout] /onlane_ai_agent_2 http://y:44809/
[rosmaster.master][INFO] 2026-05-06 19:22:50,976: +SERVICE [/onlane_ai_agent_2/get_loggers] /onlane_ai_agent_2 http://y:44809/
[rosmaster.master][INFO] 2026-05-06 19:22:50,977: +SERVICE [/onlane_ai_agent_2/set_logger_level] /onlane_ai_agent_2 http://y:44809/
[rosmaster.master][INFO] 2026-05-06 19:22:50,977: +SERVICE [/onlane_ai_agent_3/get_loggers] /onlane_ai_agent_3 http://y:37629/
[rosmaster.master][INFO] 2026-05-06 19:22:50,978: +PUB [/vis/agent_0/obstacle_map] /test_ssc_with_eudm_0 http://y:38439/
[rosmaster.master][INFO] 2026-05-06 19:22:50,978: +SERVICE [/onlane_ai_agent_3/set_logger_level] /onlane_ai_agent_3 http://y:37629/
[rosmaster.master][INFO] 2026-05-06 19:22:50,978: +PUB [/ctrl/agent_2] /onlane_ai_agent_2 http://y:44809/
[rosmaster.master][INFO] 2026-05-06 19:22:50,979: +PUB [/vis/agent_0/surrounding_lane_net_vis] /test_ssc_with_eudm_0 http://y:38439/
[rosmaster.master][INFO] 2026-05-06 19:22:50,981: +PUB [/vis/agent_0/local_lanes_vis] /test_ssc_with_eudm_0 http://y:38439/
[rosmaster.master][INFO] 2026-05-06 19:22:50,982: +PUB [/vis/agent_0/ego_behavior_vis] /test_ssc_with_eudm_0 http://y:38439/
[rosmaster.master][INFO] 2026-05-06 19:22:50,982: +PUB [/ctrl/agent_3] /onlane_ai_agent_3 http://y:37629/
[rosmaster.master][INFO] 2026-05-06 19:22:50,983: +PUB [/rosout] /onlane_ai_agent_4 http://y:37807/
[rosmaster.master][INFO] 2026-05-06 19:22:50,984: +PUB [/vis/agent_0/pred_traj_openloop_vis] /test_ssc_with_eudm_0 http://y:38439/
[rosmaster.master][INFO] 2026-05-06 19:22:50,984: +SERVICE [/onlane_ai_agent_4/get_loggers] /onlane_ai_agent_4 http://y:37807/
[rosmaster.master][INFO] 2026-05-06 19:22:50,984: +PUB [/vis/agent_0/pred_initial_intention_vis] /test_ssc_with_eudm_0 http://y:38439/
[rosmaster.master][INFO] 2026-05-06 19:22:50,985: +SERVICE [/onlane_ai_agent_4/set_logger_level] /onlane_ai_agent_4 http://y:37807/
[rosmaster.master][INFO] 2026-05-06 19:22:50,985: +PUB [/vis/agent_0/surrounding_vehicle_vis] /test_ssc_with_eudm_0 http://y:38439/
[rosmaster.master][INFO] 2026-05-06 19:22:50,987: +PUB [/rosout] /onlane_ai_agent_6 http://y:44069/
[rosmaster.master][INFO] 2026-05-06 19:22:50,987: +PUB [/vis/agent_0/speed_limit] /test_ssc_with_eudm_0 http://y:38439/
[rosmaster.master][INFO] 2026-05-06 19:22:50,988: +SERVICE [/onlane_ai_agent_6/get_loggers] /onlane_ai_agent_6 http://y:44069/
[rosmaster.master][INFO] 2026-05-06 19:22:50,988: +SERVICE [/onlane_ai_agent_6/set_logger_level] /onlane_ai_agent_6 http://y:44069/
[rosmaster.master][INFO] 2026-05-06 19:22:50,989: +PUB [/ctrl/agent_6] /onlane_ai_agent_6 http://y:44069/
[rosmaster.master][INFO] 2026-05-06 19:22:50,995: +PUB [/rosout] /onlane_ai_agent_5 http://y:34669/
[rosmaster.master][INFO] 2026-05-06 19:22:50,996: +PUB [/vis/agent_0/ssc/map_vis] /test_ssc_with_eudm_0 http://y:38439/
[rosmaster.master][INFO] 2026-05-06 19:22:50,999: +PUB [/vis/agent_0/ssc/qp_vis] /test_ssc_with_eudm_0 http://y:38439/
[rosmaster.master][INFO] 2026-05-06 19:22:50,999: +PUB [/vis/agent_0/ssc/ego_fs_vis] /test_ssc_with_eudm_0 http://y:38439/
[rosmaster.master][INFO] 2026-05-06 19:22:51,000: +PUB [/vis/agent_0/ssc/forward_trajs_vis] /test_ssc_with_eudm_0 http://y:38439/
[rosmaster.master][INFO] 2026-05-06 19:22:51,000: +PUB [/vis/agent_0/ssc/sur_vehicle_trajs_vis] /test_ssc_with_eudm_0 http://y:38439/
[rosmaster.master][INFO] 2026-05-06 19:22:51,001: +PUB [/vis/agent_0/ssc/corridor_vis] /test_ssc_with_eudm_0 http://y:38439/
[rosmaster.master][INFO] 2026-05-06 19:22:51,004: +SERVICE [/onlane_ai_agent_5/get_loggers] /onlane_ai_agent_5 http://y:34669/
[rosmaster.master][INFO] 2026-05-06 19:22:51,010: +SERVICE [/onlane_ai_agent_5/set_logger_level] /onlane_ai_agent_5 http://y:34669/
[rosmaster.master][INFO] 2026-05-06 19:22:51,011: +PUB [/rosout] /onlane_ai_agent_7 http://y:44107/
[rosmaster.master][INFO] 2026-05-06 19:22:51,011: +PUB [/rosout] /onlane_ai_agent_8 http://y:39949/
[rosmaster.master][INFO] 2026-05-06 19:22:51,011: +SERVICE [/onlane_ai_agent_8/get_loggers] /onlane_ai_agent_8 http://y:39949/
[rosmaster.master][INFO] 2026-05-06 19:22:51,012: +SERVICE [/onlane_ai_agent_8/set_logger_level] /onlane_ai_agent_8 http://y:39949/
[rosmaster.master][INFO] 2026-05-06 19:22:51,013: +PUB [/rosout] /onlane_ai_agent_9 http://y:44507/
[rosmaster.master][INFO] 2026-05-06 19:22:51,014: +PUB [/ctrl/agent_8] /onlane_ai_agent_8 http://y:39949/
[rosmaster.master][INFO] 2026-05-06 19:22:51,017: +PUB [/ctrl/agent_4] /onlane_ai_agent_4 http://y:37807/
[rosmaster.master][INFO] 2026-05-06 19:22:51,017: publisherUpdate[/rosout] -> http://y:42791/ ['http://y:38439/']
[rosmaster.master][INFO] 2026-05-06 19:22:51,019: publisherUpdate[/rosout] -> http://y:42791/ ['http://y:38439/']: sec=0.00, result=[1, '', 0]
[rosmaster.master][INFO] 2026-05-06 19:22:51,020: +SUB [/joy] /test_ssc_with_eudm_0 http://y:38439/
[rosmaster.master][INFO] 2026-05-06 19:22:51,020: publisherUpdate[/rosout] -> http://y:42791/ ['http://y:38439/', 'http://y:37213/']
[rosmaster.master][INFO] 2026-05-06 19:22:51,022: +PUB [/rosout] /onlane_ai_agent_10 http://y:39723/
[rosmaster.master][INFO] 2026-05-06 19:22:51,023: publisherUpdate[/rosout] -> http://y:42791/ ['http://y:38439/', 'http://y:37213/']: sec=0.00, result=[1, '', 0]
[rosmaster.master][INFO] 2026-05-06 19:22:51,031: publisherUpdate[/rosout] -> http://y:42791/ ['http://y:38439/', 'http://y:37213/', 'http://y:37629/']
[rosmaster.master][INFO] 2026-05-06 19:22:51,034: publisherUpdate[/rosout] -> http://y:42791/ ['http://y:38439/', 'http://y:37213/', 'http://y:37629/']: sec=0.00, result=[1, '', 0]
[rosmaster.master][INFO] 2026-05-06 19:22:51,034: publisherUpdate[/rosout] -> http://y:42791/ ['http://y:38439/', 'http://y:37213/', 'http://y:37629/', 'http://y:44809/']
[rosmaster.master][INFO] 2026-05-06 19:22:51,034: +SERVICE [/onlane_ai_agent_9/get_loggers] /onlane_ai_agent_9 http://y:44507/
[rosmaster.master][INFO] 2026-05-06 19:22:51,036: +PUB [/vis/agent_0/forward_trajs] /test_ssc_with_eudm_0 http://y:38439/
[rosmaster.master][INFO] 2026-05-06 19:22:51,038: publisherUpdate[/rosout] -> http://y:42791/ ['http://y:38439/', 'http://y:37213/', 'http://y:37629/', 'http://y:44809/']: sec=0.00, result=[1, '', 0]
[rosmaster.master][INFO] 2026-05-06 19:22:51,038: publisherUpdate[/rosout] -> http://y:42791/ ['http://y:38439/', 'http://y:37213/', 'http://y:37629/', 'http://y:44809/', 'http://y:37807/']
[rosmaster.master][INFO] 2026-05-06 19:22:51,038: +SERVICE [/onlane_ai_agent_10/get_loggers] /onlane_ai_agent_10 http://y:39723/
[rosmaster.master][INFO] 2026-05-06 19:22:51,040: publisherUpdate[/rosout] -> http://y:42791/ ['http://y:38439/', 'http://y:37213/', 'http://y:37629/', 'http://y:44809/', 'http://y:37807/']: sec=0.00, result=[1, '', 0]
[rosmaster.master][INFO] 2026-05-06 19:22:51,041: publisherUpdate[/rosout] -> http://y:42791/ ['http://y:38439/', 'http://y:37213/', 'http://y:37629/', 'http://y:44809/', 'http://y:37807/', 'http://y:44069/']
[rosmaster.master][INFO] 2026-05-06 19:22:51,041: +SERVICE [/onlane_ai_agent_7/get_loggers] /onlane_ai_agent_7 http://y:44107/
[rosmaster.master][INFO] 2026-05-06 19:22:51,041: +SERVICE [/onlane_ai_agent_9/set_logger_level] /onlane_ai_agent_9 http://y:44507/
[rosmaster.master][INFO] 2026-05-06 19:22:51,041: publisherUpdate[/rosout] -> http://y:42791/ ['http://y:38439/', 'http://y:37213/', 'http://y:37629/', 'http://y:44809/', 'http://y:37807/', 'http://y:44069/']: sec=0.00, result=[1, '', 0]
[rosmaster.master][INFO] 2026-05-06 19:22:51,042: publisherUpdate[/rosout] -> http://y:42791/ ['http://y:38439/', 'http://y:37213/', 'http://y:37629/', 'http://y:44809/', 'http://y:37807/', 'http://y:44069/', 'http://y:34669/']
[rosmaster.master][INFO] 2026-05-06 19:22:51,042: +PUB [/rosout] /phy_simulator_planning_node http://y:45655/
[rosmaster.master][INFO] 2026-05-06 19:22:51,042: publisherUpdate[/rosout] -> http://y:42791/ ['http://y:38439/', 'http://y:37213/', 'http://y:37629/', 'http://y:44809/', 'http://y:37807/', 'http://y:44069/', 'http://y:34669/']: sec=0.00, result=[1, '', 0]
[rosmaster.master][INFO] 2026-05-06 19:22:51,042: publisherUpdate[/rosout] -> http://y:42791/ ['http://y:38439/', 'http://y:37213/', 'http://y:37629/', 'http://y:44809/', 'http://y:37807/', 'http://y:44069/', 'http://y:34669/', 'http://y:44107/']
[rosmaster.master][INFO] 2026-05-06 19:22:51,043: +PUB [/ctrl/agent_0] /test_ssc_with_eudm_0 http://y:38439/
[rosmaster.master][INFO] 2026-05-06 19:22:51,045: publisherUpdate[/rosout] -> http://y:42791/ ['http://y:38439/', 'http://y:37213/', 'http://y:37629/', 'http://y:44809/', 'http://y:37807/', 'http://y:44069/', 'http://y:34669/', 'http://y:44107/']: sec=0.00, result=[1, '', 0]
[rosmaster.master][INFO] 2026-05-06 19:22:51,046: +SERVICE [/phy_simulator_planning_node/get_loggers] /phy_simulator_planning_node http://y:45655/
[rosmaster.master][INFO] 2026-05-06 19:22:51,048: publisherUpdate[/rosout] -> http://y:42791/ ['http://y:38439/', 'http://y:37213/', 'http://y:37629/', 'http://y:44809/', 'http://y:37807/', 'http://y:44069/', 'http://y:34669/', 'http://y:44107/', 'http://y:39949/']
[rosmaster.master][INFO] 2026-05-06 19:22:51,048: publisherUpdate[/rosout] -> http://y:42791/ ['http://y:38439/', 'http://y:37213/', 'http://y:37629/', 'http://y:44809/', 'http://y:37807/', 'http://y:44069/', 'http://y:34669/', 'http://y:44107/', 'http://y:39949/']: sec=0.00, result=[1, '', 0]
[rosmaster.master][INFO] 2026-05-06 19:22:51,048: publisherUpdate[/rosout] -> http://y:42791/ ['http://y:38439/', 'http://y:37213/', 'http://y:37629/', 'http://y:44809/', 'http://y:37807/', 'http://y:44069/', 'http://y:34669/', 'http://y:44107/', 'http://y:39949/', 'http://y:44507/']
[rosmaster.master][INFO] 2026-05-06 19:22:51,049: +PUB [/test_ssc_with_eudm_0/ssc_map] /test_ssc_with_eudm_0 http://y:38439/
[rosmaster.master][INFO] 2026-05-06 19:22:51,049: publisherUpdate[/rosout] -> http://y:42791/ ['http://y:38439/', 'http://y:37213/', 'http://y:37629/', 'http://y:44809/', 'http://y:37807/', 'http://y:44069/', 'http://y:34669/', 'http://y:44107/', 'http://y:39949/', 'http://y:44507/']: sec=0.00, result=[1, '', 0]
[rosmaster.master][INFO] 2026-05-06 19:22:51,049: publisherUpdate[/rosout] -> http://y:42791/ ['http://y:38439/', 'http://y:37213/', 'http://y:37629/', 'http://y:44809/', 'http://y:37807/', 'http://y:44069/', 'http://y:34669/', 'http://y:44107/', 'http://y:39949/', 'http://y:44507/', 'http://y:39723/']
[rosmaster.master][INFO] 2026-05-06 19:22:51,049: publisherUpdate[/rosout] -> http://y:42791/ ['http://y:38439/', 'http://y:37213/', 'http://y:37629/', 'http://y:44809/', 'http://y:37807/', 'http://y:44069/', 'http://y:34669/', 'http://y:44107/', 'http://y:39949/', 'http://y:44507/', 'http://y:39723/']: sec=0.00, result=[1, '', 0]
[rosmaster.master][INFO] 2026-05-06 19:22:51,049: publisherUpdate[/rosout] -> http://y:42791/ ['http://y:38439/', 'http://y:37213/', 'http://y:37629/', 'http://y:44809/', 'http://y:37807/', 'http://y:44069/', 'http://y:34669/', 'http://y:44107/', 'http://y:39949/', 'http://y:44507/', 'http://y:39723/', 'http://y:45655/']
[rosmaster.master][INFO] 2026-05-06 19:22:51,050: publisherUpdate[/rosout] -> http://y:42791/ ['http://y:38439/', 'http://y:37213/', 'http://y:37629/', 'http://y:44809/', 'http://y:37807/', 'http://y:44069/', 'http://y:34669/', 'http://y:44107/', 'http://y:39949/', 'http://y:44507/', 'http://y:39723/', 'http://y:45655/']: sec=0.00, result=[1, '', 0]
[rosmaster.master][INFO] 2026-05-06 19:22:51,050: +SERVICE [/onlane_ai_agent_10/set_logger_level] /onlane_ai_agent_10 http://y:39723/
[rosmaster.master][INFO] 2026-05-06 19:22:51,050: +SERVICE [/onlane_ai_agent_7/set_logger_level] /onlane_ai_agent_7 http://y:44107/
[rosmaster.master][INFO] 2026-05-06 19:22:51,051: +PUB [/ctrl/agent_5] /onlane_ai_agent_5 http://y:34669/
[rosmaster.master][INFO] 2026-05-06 19:22:51,051: +PUB [/ctrl/agent_10] /onlane_ai_agent_10 http://y:39723/
[rosmaster.master][INFO] 2026-05-06 19:22:51,057: +PUB [/vis/agent_0/ssc/exec_traj] /test_ssc_with_eudm_0 http://y:38439/
[rosmaster.master][INFO] 2026-05-06 19:22:51,063: +SERVICE [/phy_simulator_planning_node/set_logger_level] /phy_simulator_planning_node http://y:45655/
[rosmaster.master][INFO] 2026-05-06 19:22:51,066: +SUB [/arena_info_static] /test_ssc_with_eudm_0 http://y:38439/
[rosmaster.master][INFO] 2026-05-06 19:22:51,071: +PUB [/ctrl/agent_7] /onlane_ai_agent_7 http://y:44107/
[rosmaster.master][INFO] 2026-05-06 19:22:51,076: +PUB [/ctrl/agent_9] /onlane_ai_agent_9 http://y:44507/
[rosmaster.master][INFO] 2026-05-06 19:22:51,082: +SUB [/arena_info_dynamic] /test_ssc_with_eudm_0 http://y:38439/
[rosmaster.master][INFO] 2026-05-06 19:22:51,112: +PUB [/arena_info_static] /phy_simulator_planning_node http://y:45655/
[rosmaster.master][INFO] 2026-05-06 19:22:51,114: +PUB [/arena_info_dynamic] /phy_simulator_planning_node http://y:45655/
[rosmaster.master][INFO] 2026-05-06 19:22:51,119: publisherUpdate[/arena_info_static] -> http://y:38439/ ['http://y:45655/']
[rosmaster.master][INFO] 2026-05-06 19:22:51,120: publisherUpdate[/arena_info_static] -> http://y:38439/ ['http://y:45655/']: sec=0.00, result=[1, '', 0]
[rosmaster.master][INFO] 2026-05-06 19:22:51,120: publisherUpdate[/arena_info_dynamic] -> http://y:38439/ ['http://y:45655/']
[rosmaster.master][INFO] 2026-05-06 19:22:51,120: +PUB [/phy_simulator_planning_node/vis/vehicle_set_vis] /phy_simulator_planning_node http://y:45655/
[rosmaster.master][INFO] 2026-05-06 19:22:51,120: publisherUpdate[/arena_info_dynamic] -> http://y:38439/ ['http://y:45655/']: sec=0.00, result=[1, '', 0]
[rosmaster.master][INFO] 2026-05-06 19:22:51,126: +PUB [/phy_simulator_planning_node/vis/lane_net_vis] /phy_simulator_planning_node http://y:45655/
[rosmaster.master][INFO] 2026-05-06 19:22:51,131: +PUB [/phy_simulator_planning_node/vis/obstacle_set_vis] /phy_simulator_planning_node http://y:45655/
[rosmaster.master][INFO] 2026-05-06 19:22:51,135: +SUB [/ctrl/agent_10] /phy_simulator_planning_node http://y:45655/
[rosmaster.master][INFO] 2026-05-06 19:22:51,136: +SUB [/ctrl/agent_9] /phy_simulator_planning_node http://y:45655/
[rosmaster.master][INFO] 2026-05-06 19:22:51,138: +SUB [/ctrl/agent_8] /phy_simulator_planning_node http://y:45655/
[rosmaster.master][INFO] 2026-05-06 19:22:51,139: +SUB [/ctrl/agent_7] /phy_simulator_planning_node http://y:45655/
[rosmaster.master][INFO] 2026-05-06 19:22:51,141: +SUB [/ctrl/agent_6] /phy_simulator_planning_node http://y:45655/
[rosmaster.master][INFO] 2026-05-06 19:22:51,142: +SUB [/ctrl/agent_5] /phy_simulator_planning_node http://y:45655/
[rosmaster.master][INFO] 2026-05-06 19:22:51,143: +SUB [/ctrl/agent_4] /phy_simulator_planning_node http://y:45655/
[rosmaster.master][INFO] 2026-05-06 19:22:51,145: +SUB [/ctrl/agent_3] /phy_simulator_planning_node http://y:45655/
[rosmaster.master][INFO] 2026-05-06 19:22:51,146: +SUB [/ctrl/agent_2] /phy_simulator_planning_node http://y:45655/
[rosmaster.master][INFO] 2026-05-06 19:22:51,147: +SUB [/ctrl/agent_1] /phy_simulator_planning_node http://y:45655/
[rosmaster.master][INFO] 2026-05-06 19:22:51,149: +SUB [/ctrl/agent_0] /phy_simulator_planning_node http://y:45655/
[rosmaster.master][INFO] 2026-05-06 19:22:51,150: +SUB [/initialpose] /phy_simulator_planning_node http://y:45655/
[rosmaster.master][INFO] 2026-05-06 19:22:51,151: +SUB [/move_base_simple/goal] /phy_simulator_planning_node http://y:45655/
[rosmaster.master][INFO] 2026-05-06 19:22:51,501: +CACHEDPARAM [/rosout/omit_topics] by /rosout
[rosmaster.master][INFO] 2026-05-06 19:22:58,583: +PUB [/rosout] /epsilon_metric_collector_699608_1778066578464 http://y:44413/
[rosmaster.master][INFO] 2026-05-06 19:22:58,584: +SERVICE [/epsilon_metric_collector_699608_1778066578464/get_loggers] /epsilon_metric_collector_699608_1778066578464 http://y:44413/
[rosmaster.master][INFO] 2026-05-06 19:22:58,585: +SERVICE [/epsilon_metric_collector_699608_1778066578464/set_logger_level] /epsilon_metric_collector_699608_1778066578464 http://y:44413/
[rosmaster.master][INFO] 2026-05-06 19:22:58,585: +SUB [/arena_info_dynamic] /epsilon_metric_collector_699608_1778066578464 http://y:44413/
[rosmaster.master][INFO] 2026-05-06 19:22:58,634: publisherUpdate[/rosout] -> http://y:42791/ ['http://y:38439/', 'http://y:37213/', 'http://y:37629/', 'http://y:44809/', 'http://y:37807/', 'http://y:44069/', 'http://y:34669/', 'http://y:44107/', 'http://y:39949/', 'http://y:44507/', 'http://y:39723/', 'http://y:45655/', 'http://y:44413/']
[rosmaster.master][INFO] 2026-05-06 19:22:58,635: publisherUpdate[/rosout] -> http://y:42791/ ['http://y:38439/', 'http://y:37213/', 'http://y:37629/', 'http://y:44809/', 'http://y:37807/', 'http://y:44069/', 'http://y:34669/', 'http://y:44107/', 'http://y:39949/', 'http://y:44507/', 'http://y:39723/', 'http://y:45655/', 'http://y:44413/']: sec=0.00, result=[1, '', 0]
[rosmaster.master][INFO] 2026-05-06 19:24:58,258: -SUB [/arena_info_dynamic] /epsilon_metric_collector_699608_1778066578464 http://y:44413/
[rosmaster.master][INFO] 2026-05-06 19:24:58,258: -PUB [/rosout] /epsilon_metric_collector_699608_1778066578464 http://y:44413/
[rosmaster.master][INFO] 2026-05-06 19:24:58,258: -SERVICE [/epsilon_metric_collector_699608_1778066578464/get_loggers] /epsilon_metric_collector_699608_1778066578464 rosrpc://y:37225
[rosmaster.master][INFO] 2026-05-06 19:24:58,259: -SERVICE [/epsilon_metric_collector_699608_1778066578464/set_logger_level] /epsilon_metric_collector_699608_1778066578464 rosrpc://y:37225
[rosmaster.master][INFO] 2026-05-06 19:24:58,282: publisherUpdate[/rosout] -> http://y:42791/ ['http://y:38439/', 'http://y:37213/', 'http://y:37629/', 'http://y:44809/', 'http://y:37807/', 'http://y:44069/', 'http://y:34669/', 'http://y:44107/', 'http://y:39949/', 'http://y:44507/', 'http://y:39723/', 'http://y:45655/']
[rosmaster.master][INFO] 2026-05-06 19:24:58,282: publisherUpdate[/rosout] -> http://y:42791/ ['http://y:38439/', 'http://y:37213/', 'http://y:37629/', 'http://y:44809/', 'http://y:37807/', 'http://y:44069/', 'http://y:34669/', 'http://y:44107/', 'http://y:39949/', 'http://y:44507/', 'http://y:39723/', 'http://y:45655/']: sec=0.00, result=[1, '', 0]
[rosmaster.master][INFO] 2026-05-06 19:24:59,223: +PUB [/rosout] /rostopic_764731_1778066699112 http://y:38595/
[rosmaster.master][INFO] 2026-05-06 19:24:59,225: +SERVICE [/rostopic_764731_1778066699112/get_loggers] /rostopic_764731_1778066699112 http://y:38595/
[rosmaster.master][INFO] 2026-05-06 19:24:59,226: +SERVICE [/rostopic_764731_1778066699112/set_logger_level] /rostopic_764731_1778066699112 http://y:38595/
[rosmaster.master][INFO] 2026-05-06 19:24:59,232: +SUB [/arena_info_dynamic] /rostopic_764731_1778066699112 http://y:38595/
[rosmaster.master][INFO] 2026-05-06 19:24:59,253: publisherUpdate[/rosout] -> http://y:42791/ ['http://y:38439/', 'http://y:37213/', 'http://y:37629/', 'http://y:44809/', 'http://y:37807/', 'http://y:44069/', 'http://y:34669/', 'http://y:44107/', 'http://y:39949/', 'http://y:44507/', 'http://y:39723/', 'http://y:45655/', 'http://y:38595/']
[rosmaster.master][INFO] 2026-05-06 19:24:59,254: publisherUpdate[/rosout] -> http://y:42791/ ['http://y:38439/', 'http://y:37213/', 'http://y:37629/', 'http://y:44809/', 'http://y:37807/', 'http://y:44069/', 'http://y:34669/', 'http://y:44107/', 'http://y:39949/', 'http://y:44507/', 'http://y:39723/', 'http://y:45655/', 'http://y:38595/']: sec=0.00, result=[1, '', 0]
[rosmaster.master][INFO] 2026-05-06 19:25:13,881: -SUB [/arena_info_dynamic] /rostopic_764731_1778066699112 http://y:38595/
[rosmaster.master][INFO] 2026-05-06 19:25:13,881: -PUB [/rosout] /rostopic_764731_1778066699112 http://y:38595/
[rosmaster.master][INFO] 2026-05-06 19:25:13,881: -SERVICE [/rostopic_764731_1778066699112/get_loggers] /rostopic_764731_1778066699112 rosrpc://y:42619
[rosmaster.master][INFO] 2026-05-06 19:25:13,881: -SERVICE [/rostopic_764731_1778066699112/set_logger_level] /rostopic_764731_1778066699112 rosrpc://y:42619
[rosmaster.master][INFO] 2026-05-06 19:25:13,881: publisherUpdate[/rosout] -> http://y:42791/ ['http://y:38439/', 'http://y:37213/', 'http://y:37629/', 'http://y:44809/', 'http://y:37807/', 'http://y:44069/', 'http://y:34669/', 'http://y:44107/', 'http://y:39949/', 'http://y:44507/', 'http://y:39723/', 'http://y:45655/']
[rosmaster.master][INFO] 2026-05-06 19:25:13,882: publisherUpdate[/rosout] -> http://y:42791/ ['http://y:38439/', 'http://y:37213/', 'http://y:37629/', 'http://y:44809/', 'http://y:37807/', 'http://y:44069/', 'http://y:34669/', 'http://y:44107/', 'http://y:39949/', 'http://y:44507/', 'http://y:39723/', 'http://y:45655/']: sec=0.00, result=[1, '', 0]
[rosmaster.master][INFO] 2026-05-06 19:25:14,643: -PUB [/rosout] /test_ssc_with_eudm_0 http://y:38439/
[rosmaster.master][INFO] 2026-05-06 19:25:14,644: -PUB [/tf] /test_ssc_with_eudm_0 http://y:38439/
[rosmaster.master][INFO] 2026-05-06 19:25:14,645: -PUB [/vis/agent_0/ego_vehicle_vis] /test_ssc_with_eudm_0 http://y:38439/
[rosmaster.master][INFO] 2026-05-06 19:25:14,646: -PUB [/vis/agent_0/obstacle_map] /test_ssc_with_eudm_0 http://y:38439/
[rosmaster.master][INFO] 2026-05-06 19:25:14,646: -PUB [/vis/agent_0/surrounding_lane_net_vis] /test_ssc_with_eudm_0 http://y:38439/
[rosmaster.master][INFO] 2026-05-06 19:25:14,647: -PUB [/vis/agent_0/local_lanes_vis] /test_ssc_with_eudm_0 http://y:38439/
[rosmaster.master][INFO] 2026-05-06 19:25:14,648: -PUB [/vis/agent_0/ego_behavior_vis] /test_ssc_with_eudm_0 http://y:38439/
[rosmaster.master][INFO] 2026-05-06 19:25:14,649: -PUB [/vis/agent_0/pred_traj_openloop_vis] /test_ssc_with_eudm_0 http://y:38439/
[rosmaster.master][INFO] 2026-05-06 19:25:14,649: -PUB [/vis/agent_0/pred_initial_intention_vis] /test_ssc_with_eudm_0 http://y:38439/
[rosmaster.master][INFO] 2026-05-06 19:25:14,650: -PUB [/vis/agent_0/surrounding_vehicle_vis] /test_ssc_with_eudm_0 http://y:38439/
[rosmaster.master][INFO] 2026-05-06 19:25:14,651: -PUB [/vis/agent_0/speed_limit] /test_ssc_with_eudm_0 http://y:38439/
[rosmaster.master][INFO] 2026-05-06 19:25:14,651: -PUB [/vis/agent_0/ssc/map_vis] /test_ssc_with_eudm_0 http://y:38439/
[rosmaster.master][INFO] 2026-05-06 19:25:14,652: -PUB [/vis/agent_0/ssc/qp_vis] /test_ssc_with_eudm_0 http://y:38439/
[rosmaster.master][INFO] 2026-05-06 19:25:14,652: -PUB [/vis/agent_0/ssc/ego_fs_vis] /test_ssc_with_eudm_0 http://y:38439/
[rosmaster.master][INFO] 2026-05-06 19:25:14,652: -PUB [/vis/agent_0/ssc/forward_trajs_vis] /test_ssc_with_eudm_0 http://y:38439/
[rosmaster.master][INFO] 2026-05-06 19:25:14,653: -PUB [/vis/agent_0/ssc/sur_vehicle_trajs_vis] /test_ssc_with_eudm_0 http://y:38439/
[rosmaster.master][INFO] 2026-05-06 19:25:14,653: -PUB [/vis/agent_0/ssc/corridor_vis] /test_ssc_with_eudm_0 http://y:38439/
[rosmaster.master][INFO] 2026-05-06 19:25:14,654: -PUB [/vis/agent_0/forward_trajs] /test_ssc_with_eudm_0 http://y:38439/
[rosmaster.master][INFO] 2026-05-06 19:25:14,654: -PUB [/ctrl/agent_0] /test_ssc_with_eudm_0 http://y:38439/
[rosmaster.master][INFO] 2026-05-06 19:25:14,655: -PUB [/test_ssc_with_eudm_0/ssc_map] /test_ssc_with_eudm_0 http://y:38439/
[rosmaster.master][INFO] 2026-05-06 19:25:14,655: -PUB [/vis/agent_0/ssc/exec_traj] /test_ssc_with_eudm_0 http://y:38439/
[rosmaster.master][INFO] 2026-05-06 19:25:14,656: -SUB [/joy] /test_ssc_with_eudm_0 http://y:38439/
[rosmaster.master][INFO] 2026-05-06 19:25:14,657: -SUB [/arena_info_static] /test_ssc_with_eudm_0 http://y:38439/
[rosmaster.master][INFO] 2026-05-06 19:25:14,657: -SUB [/arena_info_dynamic] /test_ssc_with_eudm_0 http://y:38439/
[rosmaster.master][INFO] 2026-05-06 19:25:14,658: -SERVICE [/test_ssc_with_eudm_0/get_loggers] /test_ssc_with_eudm_0 rosrpc://y:41869
[rosmaster.master][INFO] 2026-05-06 19:25:14,659: -SERVICE [/test_ssc_with_eudm_0/set_logger_level] /test_ssc_with_eudm_0 rosrpc://y:41869
[rosmaster.master][INFO] 2026-05-06 19:25:14,660: -CACHEDPARAM [/rosout_disable_topics_generation] by /test_ssc_with_eudm_0
[rosmaster.master][INFO] 2026-05-06 19:25:14,660: -PUB [/rosout] /phy_simulator_planning_node http://y:45655/
[rosmaster.master][INFO] 2026-05-06 19:25:14,661: -PUB [/arena_info_static] /phy_simulator_planning_node http://y:45655/
[rosmaster.master][INFO] 2026-05-06 19:25:14,662: -PUB [/arena_info_dynamic] /phy_simulator_planning_node http://y:45655/
[rosmaster.master][INFO] 2026-05-06 19:25:14,663: -PUB [/phy_simulator_planning_node/vis/vehicle_set_vis] /phy_simulator_planning_node http://y:45655/
[rosmaster.master][INFO] 2026-05-06 19:25:14,663: -PUB [/phy_simulator_planning_node/vis/lane_net_vis] /phy_simulator_planning_node http://y:45655/
[rosmaster.master][INFO] 2026-05-06 19:25:14,664: -PUB [/phy_simulator_planning_node/vis/obstacle_set_vis] /phy_simulator_planning_node http://y:45655/
[rosmaster.master][INFO] 2026-05-06 19:25:14,665: -SUB [/ctrl/agent_10] /phy_simulator_planning_node http://y:45655/
[rosmaster.master][INFO] 2026-05-06 19:25:14,665: -SUB [/ctrl/agent_9] /phy_simulator_planning_node http://y:45655/
[rosmaster.master][INFO] 2026-05-06 19:25:14,666: -SUB [/ctrl/agent_8] /phy_simulator_planning_node http://y:45655/
[rosmaster.master][INFO] 2026-05-06 19:25:14,667: -SUB [/ctrl/agent_7] /phy_simulator_planning_node http://y:45655/
[rosmaster.master][INFO] 2026-05-06 19:25:14,667: -SUB [/ctrl/agent_6] /phy_simulator_planning_node http://y:45655/
[rosmaster.master][INFO] 2026-05-06 19:25:14,668: -SUB [/ctrl/agent_5] /phy_simulator_planning_node http://y:45655/
[rosmaster.master][INFO] 2026-05-06 19:25:14,669: -SUB [/ctrl/agent_4] /phy_simulator_planning_node http://y:45655/
[rosmaster.master][INFO] 2026-05-06 19:25:14,669: -SUB [/ctrl/agent_3] /phy_simulator_planning_node http://y:45655/
[rosmaster.master][INFO] 2026-05-06 19:25:14,670: -SUB [/ctrl/agent_2] /phy_simulator_planning_node http://y:45655/
[rosmaster.master][INFO] 2026-05-06 19:25:14,671: -SUB [/ctrl/agent_1] /phy_simulator_planning_node http://y:45655/
[rosmaster.master][INFO] 2026-05-06 19:25:14,671: -SUB [/ctrl/agent_0] /phy_simulator_planning_node http://y:45655/
[rosmaster.master][INFO] 2026-05-06 19:25:14,672: -SUB [/initialpose] /phy_simulator_planning_node http://y:45655/
[rosmaster.master][INFO] 2026-05-06 19:25:14,673: -SUB [/move_base_simple/goal] /phy_simulator_planning_node http://y:45655/
[rosmaster.master][INFO] 2026-05-06 19:25:14,673: -SERVICE [/phy_simulator_planning_node/get_loggers] /phy_simulator_planning_node rosrpc://y:49293
[rosmaster.master][INFO] 2026-05-06 19:25:14,674: -SERVICE [/phy_simulator_planning_node/set_logger_level] /phy_simulator_planning_node rosrpc://y:49293
[rosmaster.master][INFO] 2026-05-06 19:25:14,683: publisherUpdate[/rosout] -> http://y:42791/ ['http://y:37213/', 'http://y:37629/', 'http://y:44809/', 'http://y:37807/', 'http://y:44069/', 'http://y:34669/', 'http://y:44107/', 'http://y:39949/', 'http://y:44507/', 'http://y:39723/', 'http://y:45655/']
[rosmaster.master][INFO] 2026-05-06 19:25:14,684: publisherUpdate[/ctrl/agent_0] -> http://y:45655/ []
[rosmaster.master][INFO] 2026-05-06 19:25:14,685: publisherUpdate[/rosout] -> http://y:42791/ ['http://y:37213/', 'http://y:37629/', 'http://y:44809/', 'http://y:37807/', 'http://y:44069/', 'http://y:34669/', 'http://y:44107/', 'http://y:39949/', 'http://y:44507/', 'http://y:39723/', 'http://y:45655/']: sec=0.00, result=[1, '', 0]
[rosmaster.master][INFO] 2026-05-06 19:25:14,685: publisherUpdate[/rosout] -> http://y:42791/ ['http://y:37213/', 'http://y:37629/', 'http://y:44809/', 'http://y:37807/', 'http://y:44069/', 'http://y:34669/', 'http://y:44107/', 'http://y:39949/', 'http://y:44507/', 'http://y:39723/']
[rosmaster.master][INFO] 2026-05-06 19:25:14,686: publisherUpdate[/rosout] -> http://y:42791/ ['http://y:37213/', 'http://y:37629/', 'http://y:44809/', 'http://y:37807/', 'http://y:44069/', 'http://y:34669/', 'http://y:44107/', 'http://y:39949/', 'http://y:44507/', 'http://y:39723/']: sec=0.00, result=[1, '', 0]
[rosmaster.master][INFO] 2026-05-06 19:25:14,687: publisherUpdate[/ctrl/agent_0] -> http://y:45655/ []: sec=0.00, exception=<Fault -1: 'publisherUpdate: unknown method name'>
[rosmaster.threadpool][ERROR] 2026-05-06 19:25:14,689: Traceback (most recent call last):
  File "/opt/ros/noetic/lib/python3/dist-packages/rosmaster/threadpool.py", line 218, in run
    result = cmd(*args)
  File "/opt/ros/noetic/lib/python3/dist-packages/rosmaster/master_api.py", line 210, in publisher_update_task
    ret = xmlrpcapi(api).publisherUpdate('/master', topic, pub_uris)
  File "/usr/lib/python3.8/xmlrpc/client.py", line 1109, in __call__
    return self.__send(self.__name, args)
  File "/usr/lib/python3.8/xmlrpc/client.py", line 1450, in __request
    response = self.__transport.request(
  File "/usr/lib/python3.8/xmlrpc/client.py", line 1153, in request
    return self.single_request(host, handler, request_body, verbose)
  File "/usr/lib/python3.8/xmlrpc/client.py", line 1169, in single_request
    return self.parse_response(resp)
  File "/usr/lib/python3.8/xmlrpc/client.py", line 1341, in parse_response
    return u.close()
  File "/usr/lib/python3.8/xmlrpc/client.py", line 655, in close
    raise Fault(**self._stack[0])
xmlrpc.client.Fault: <Fault -1: 'publisherUpdate: unknown method name'>

[rosmaster.master][INFO] 2026-05-06 19:25:14,987: -PUB [/rosout_agg] /rosout http://y:42791/
[rosmaster.master][INFO] 2026-05-06 19:25:14,987: -SUB [/rosout] /rosout http://y:42791/
[rosmaster.master][INFO] 2026-05-06 19:25:14,988: -SERVICE [/rosout/get_loggers] /rosout rosrpc://y:54093
[rosmaster.master][INFO] 2026-05-06 19:25:14,988: -SERVICE [/rosout/set_logger_level] /rosout rosrpc://y:54093
[rosmaster.master][INFO] 2026-05-06 19:25:14,989: -CACHEDPARAM [/rosout/omit_topics] by /rosout
[rosmaster.main][INFO] 2026-05-06 19:25:15,031: keyboard interrupt, will exit
[rosmaster.main][INFO] 2026-05-06 19:25:15,031: stopping master...
[rospy.core][INFO] 2026-05-06 19:25:15,032: signal_shutdown [atexit]
