[rosmaster.main][INFO] 2026-04-25 20:34:05,182: initialization complete, waiting for shutdown
[rosmaster.main][INFO] 2026-04-25 20:34:05,182: Starting ROS Master Node
[xmlrpc][INFO] 2026-04-25 20:34:05,193: XML-RPC server binding to 0.0.0.0:11311
[xmlrpc][INFO] 2026-04-25 20:34:05,193: Started XML-RPC server [http://y:11311/]
[rosmaster.master][INFO] 2026-04-25 20:34:05,193: Master initialized: port[11311], uri[http://y:11311/]
[xmlrpc][INFO] 2026-04-25 20:34:05,193: xml rpc node: starting XML-RPC server
[rosmaster.master][INFO] 2026-04-25 20:34:05,241: +PARAM [/run_id] by /roslaunch
[rosmaster.master][INFO] 2026-04-25 20:34:05,242: +PARAM [/roslaunch/uris/host_y__45625] by /roslaunch
[rosmaster.master][INFO] 2026-04-25 20:34:05,265: +PARAM [/rosversion] by /roslaunch
[rosmaster.master][INFO] 2026-04-25 20:34:05,265: +PARAM [/rosdistro] by /roslaunch
[rosmaster.master][INFO] 2026-04-25 20:34:05,265: +PARAM [/test_ssc_with_eudm_0/ego_id] by /roslaunch
[rosmaster.master][INFO] 2026-04-25 20:34:05,265: +PARAM [/test_ssc_with_eudm_0/agent_config_path] by /roslaunch
[rosmaster.master][INFO] 2026-04-25 20:34:05,265: +PARAM [/test_ssc_with_eudm_0/bp_config_path] by /roslaunch
[rosmaster.master][INFO] 2026-04-25 20:34:05,265: +PARAM [/test_ssc_with_eudm_0/ssc_config_path] by /roslaunch
[rosmaster.master][INFO] 2026-04-25 20:34:05,265: +PARAM [/test_ssc_with_eudm_0/desired_vel] by /roslaunch
[rosmaster.master][INFO] 2026-04-25 20:34:05,265: +PARAM [/test_ssc_with_eudm_0/use_sim_state] by /roslaunch
[rosmaster.master][INFO] 2026-04-25 20:34:05,265: +PARAM [/onlane_ai_agent_1/ego_id] by /roslaunch
[rosmaster.master][INFO] 2026-04-25 20:34:05,265: +PARAM [/onlane_ai_agent_1/agent_config_path] by /roslaunch
[rosmaster.master][INFO] 2026-04-25 20:34:05,265: +PARAM [/onlane_ai_agent_1/desired_vel] by /roslaunch
[rosmaster.master][INFO] 2026-04-25 20:34:05,265: +PARAM [/onlane_ai_agent_1/autonomous_level] by /roslaunch
[rosmaster.master][INFO] 2026-04-25 20:34:05,265: +PARAM [/onlane_ai_agent_1/aggressiveness_level] by /roslaunch
[rosmaster.master][INFO] 2026-04-25 20:34:05,266: +PARAM [/onlane_ai_agent_2/ego_id] by /roslaunch
[rosmaster.master][INFO] 2026-04-25 20:34:05,266: +PARAM [/onlane_ai_agent_2/agent_config_path] by /roslaunch
[rosmaster.master][INFO] 2026-04-25 20:34:05,266: +PARAM [/onlane_ai_agent_2/desired_vel] by /roslaunch
[rosmaster.master][INFO] 2026-04-25 20:34:05,266: +PARAM [/onlane_ai_agent_2/autonomous_level] by /roslaunch
[rosmaster.master][INFO] 2026-04-25 20:34:05,266: +PARAM [/onlane_ai_agent_2/aggressiveness_level] by /roslaunch
[rosmaster.master][INFO] 2026-04-25 20:34:05,266: +PARAM [/onlane_ai_agent_3/ego_id] by /roslaunch
[rosmaster.master][INFO] 2026-04-25 20:34:05,266: +PARAM [/onlane_ai_agent_3/agent_config_path] by /roslaunch
[rosmaster.master][INFO] 2026-04-25 20:34:05,266: +PARAM [/onlane_ai_agent_3/desired_vel] by /roslaunch
[rosmaster.master][INFO] 2026-04-25 20:34:05,266: +PARAM [/onlane_ai_agent_3/autonomous_level] by /roslaunch
[rosmaster.master][INFO] 2026-04-25 20:34:05,266: +PARAM [/onlane_ai_agent_3/aggressiveness_level] by /roslaunch
[rosmaster.master][INFO] 2026-04-25 20:34:05,266: +PARAM [/onlane_ai_agent_4/ego_id] by /roslaunch
[rosmaster.master][INFO] 2026-04-25 20:34:05,266: +PARAM [/onlane_ai_agent_4/agent_config_path] by /roslaunch
[rosmaster.master][INFO] 2026-04-25 20:34:05,266: +PARAM [/onlane_ai_agent_4/desired_vel] by /roslaunch
[rosmaster.master][INFO] 2026-04-25 20:34:05,266: +PARAM [/onlane_ai_agent_4/autonomous_level] by /roslaunch
[rosmaster.master][INFO] 2026-04-25 20:34:05,266: +PARAM [/onlane_ai_agent_4/aggressiveness_level] by /roslaunch
[rosmaster.master][INFO] 2026-04-25 20:34:05,266: +PARAM [/onlane_ai_agent_5/ego_id] by /roslaunch
[rosmaster.master][INFO] 2026-04-25 20:34:05,266: +PARAM [/onlane_ai_agent_5/agent_config_path] by /roslaunch
[rosmaster.master][INFO] 2026-04-25 20:34:05,266: +PARAM [/onlane_ai_agent_5/desired_vel] by /roslaunch
[rosmaster.master][INFO] 2026-04-25 20:34:05,266: +PARAM [/onlane_ai_agent_5/autonomous_level] by /roslaunch
[rosmaster.master][INFO] 2026-04-25 20:34:05,266: +PARAM [/onlane_ai_agent_5/aggressiveness_level] by /roslaunch
[rosmaster.master][INFO] 2026-04-25 20:34:05,266: +PARAM [/onlane_ai_agent_6/ego_id] by /roslaunch
[rosmaster.master][INFO] 2026-04-25 20:34:05,267: +PARAM [/onlane_ai_agent_6/agent_config_path] by /roslaunch
[rosmaster.master][INFO] 2026-04-25 20:34:05,267: +PARAM [/onlane_ai_agent_6/desired_vel] by /roslaunch
[rosmaster.master][INFO] 2026-04-25 20:34:05,267: +PARAM [/onlane_ai_agent_6/autonomous_level] by /roslaunch
[rosmaster.master][INFO] 2026-04-25 20:34:05,267: +PARAM [/onlane_ai_agent_6/aggressiveness_level] by /roslaunch
[rosmaster.master][INFO] 2026-04-25 20:34:05,267: +PARAM [/onlane_ai_agent_7/ego_id] by /roslaunch
[rosmaster.master][INFO] 2026-04-25 20:34:05,267: +PARAM [/onlane_ai_agent_7/agent_config_path] by /roslaunch
[rosmaster.master][INFO] 2026-04-25 20:34:05,267: +PARAM [/onlane_ai_agent_7/desired_vel] by /roslaunch
[rosmaster.master][INFO] 2026-04-25 20:34:05,267: +PARAM [/onlane_ai_agent_7/autonomous_level] by /roslaunch
[rosmaster.master][INFO] 2026-04-25 20:34:05,267: +PARAM [/onlane_ai_agent_7/aggressiveness_level] by /roslaunch
[rosmaster.master][INFO] 2026-04-25 20:34:05,267: +PARAM [/onlane_ai_agent_8/ego_id] by /roslaunch
[rosmaster.master][INFO] 2026-04-25 20:34:05,267: +PARAM [/onlane_ai_agent_8/agent_config_path] by /roslaunch
[rosmaster.master][INFO] 2026-04-25 20:34:05,267: +PARAM [/onlane_ai_agent_8/desired_vel] by /roslaunch
[rosmaster.master][INFO] 2026-04-25 20:34:05,267: +PARAM [/onlane_ai_agent_8/autonomous_level] by /roslaunch
[rosmaster.master][INFO] 2026-04-25 20:34:05,267: +PARAM [/onlane_ai_agent_8/aggressiveness_level] by /roslaunch
[rosmaster.master][INFO] 2026-04-25 20:34:05,267: +PARAM [/onlane_ai_agent_9/ego_id] by /roslaunch
[rosmaster.master][INFO] 2026-04-25 20:34:05,267: +PARAM [/onlane_ai_agent_9/agent_config_path] by /roslaunch
[rosmaster.master][INFO] 2026-04-25 20:34:05,267: +PARAM [/onlane_ai_agent_9/desired_vel] by /roslaunch
[rosmaster.master][INFO] 2026-04-25 20:34:05,268: +PARAM [/onlane_ai_agent_9/autonomous_level] by /roslaunch
[rosmaster.master][INFO] 2026-04-25 20:34:05,268: +PARAM [/onlane_ai_agent_9/aggressiveness_level] by /roslaunch
[rosmaster.master][INFO] 2026-04-25 20:34:05,268: +PARAM [/onlane_ai_agent_10/ego_id] by /roslaunch
[rosmaster.master][INFO] 2026-04-25 20:34:05,268: +PARAM [/onlane_ai_agent_10/agent_config_path] by /roslaunch
[rosmaster.master][INFO] 2026-04-25 20:34:05,268: +PARAM [/onlane_ai_agent_10/desired_vel] by /roslaunch
[rosmaster.master][INFO] 2026-04-25 20:34:05,268: +PARAM [/onlane_ai_agent_10/autonomous_level] by /roslaunch
[rosmaster.master][INFO] 2026-04-25 20:34:05,268: +SERVICE [/rosout/get_loggers] /rosout http://y:42217/
[rosmaster.master][INFO] 2026-04-25 20:34:05,268: +PARAM [/onlane_ai_agent_10/aggressiveness_level] by /roslaunch
[rosmaster.master][INFO] 2026-04-25 20:34:05,268: +PARAM [/joy_node/dev] by /roslaunch
[rosmaster.master][INFO] 2026-04-25 20:34:05,268: +SERVICE [/rosout/set_logger_level] /rosout http://y:42217/
[rosmaster.master][INFO] 2026-04-25 20:34:05,269: +PARAM [/phy_simulator_planning_node/vehicle_info_path] by /roslaunch
[rosmaster.master][INFO] 2026-04-25 20:34:05,269: +PARAM [/phy_simulator_planning_node/map_path] by /roslaunch
[rosmaster.master][INFO] 2026-04-25 20:34:05,269: +PARAM [/phy_simulator_planning_node/lane_net_path] by /roslaunch
[rosmaster.master][INFO] 2026-04-25 20:34:05,269: +PUB [/rosout_agg] /rosout http://y:42217/
[rosmaster.master][INFO] 2026-04-25 20:34:05,270: +SUB [/rosout] /rosout http://y:42217/
[rosmaster.master][INFO] 2026-04-25 20:34:05,299: +PUB [/rosout] /test_ssc_with_eudm_0 http://y:46847/
[rosmaster.master][INFO] 2026-04-25 20:34:05,300: +SERVICE [/test_ssc_with_eudm_0/get_loggers] /test_ssc_with_eudm_0 http://y:46847/
[rosmaster.master][INFO] 2026-04-25 20:34:05,300: +SERVICE [/test_ssc_with_eudm_0/set_logger_level] /test_ssc_with_eudm_0 http://y:46847/
[rosmaster.master][INFO] 2026-04-25 20:34:05,302: +PUB [/tf] /test_ssc_with_eudm_0 http://y:46847/
[rosmaster.master][INFO] 2026-04-25 20:34:05,302: +PUB [/vis/agent_0/ego_vehicle_vis] /test_ssc_with_eudm_0 http://y:46847/
[rosmaster.master][INFO] 2026-04-25 20:34:05,302: +PUB [/vis/agent_0/obstacle_map] /test_ssc_with_eudm_0 http://y:46847/
[rosmaster.master][INFO] 2026-04-25 20:34:05,303: +PUB [/vis/agent_0/surrounding_lane_net_vis] /test_ssc_with_eudm_0 http://y:46847/
[rosmaster.master][INFO] 2026-04-25 20:34:05,303: +PUB [/vis/agent_0/local_lanes_vis] /test_ssc_with_eudm_0 http://y:46847/
[rosmaster.master][INFO] 2026-04-25 20:34:05,303: +PUB [/vis/agent_0/ego_behavior_vis] /test_ssc_with_eudm_0 http://y:46847/
[rosmaster.master][INFO] 2026-04-25 20:34:05,303: +PUB [/vis/agent_0/pred_traj_openloop_vis] /test_ssc_with_eudm_0 http://y:46847/
[rosmaster.master][INFO] 2026-04-25 20:34:05,304: +PUB [/vis/agent_0/pred_initial_intention_vis] /test_ssc_with_eudm_0 http://y:46847/
[rosmaster.master][INFO] 2026-04-25 20:34:05,304: +PUB [/vis/agent_0/surrounding_vehicle_vis] /test_ssc_with_eudm_0 http://y:46847/
[rosmaster.master][INFO] 2026-04-25 20:34:05,305: +PUB [/vis/agent_0/speed_limit] /test_ssc_with_eudm_0 http://y:46847/
[rosmaster.master][INFO] 2026-04-25 20:34:05,305: +PUB [/vis/agent_0/ssc/map_vis] /test_ssc_with_eudm_0 http://y:46847/
[rosmaster.master][INFO] 2026-04-25 20:34:05,306: +PUB [/vis/agent_0/ssc/qp_vis] /test_ssc_with_eudm_0 http://y:46847/
[rosmaster.master][INFO] 2026-04-25 20:34:05,307: +PUB [/vis/agent_0/ssc/ego_fs_vis] /test_ssc_with_eudm_0 http://y:46847/
[rosmaster.master][INFO] 2026-04-25 20:34:05,307: +PUB [/vis/agent_0/ssc/forward_trajs_vis] /test_ssc_with_eudm_0 http://y:46847/
[rosmaster.master][INFO] 2026-04-25 20:34:05,308: +PUB [/vis/agent_0/ssc/sur_vehicle_trajs_vis] /test_ssc_with_eudm_0 http://y:46847/
[rosmaster.master][INFO] 2026-04-25 20:34:05,308: +PUB [/vis/agent_0/ssc/corridor_vis] /test_ssc_with_eudm_0 http://y:46847/
[rosmaster.master][INFO] 2026-04-25 20:34:05,311: +SUB [/joy] /test_ssc_with_eudm_0 http://y:46847/
[rosmaster.master][INFO] 2026-04-25 20:34:05,311: +PUB [/vis/agent_0/forward_trajs] /test_ssc_with_eudm_0 http://y:46847/
[rosmaster.master][INFO] 2026-04-25 20:34:05,312: +PUB [/rosout] /onlane_ai_agent_3 http://y:37179/
[rosmaster.master][INFO] 2026-04-25 20:34:05,313: +SERVICE [/onlane_ai_agent_3/get_loggers] /onlane_ai_agent_3 http://y:37179/
[rosmaster.master][INFO] 2026-04-25 20:34:05,313: +PUB [/ctrl/agent_0] /test_ssc_with_eudm_0 http://y:46847/
[rosmaster.master][INFO] 2026-04-25 20:34:05,313: +SERVICE [/onlane_ai_agent_3/set_logger_level] /onlane_ai_agent_3 http://y:37179/
[rosmaster.master][INFO] 2026-04-25 20:34:05,319: +PUB [/test_ssc_with_eudm_0/ssc_map] /test_ssc_with_eudm_0 http://y:46847/
[rosmaster.master][INFO] 2026-04-25 20:34:05,319: +PUB [/rosout] /onlane_ai_agent_1 http://y:38233/
[rosmaster.master][INFO] 2026-04-25 20:34:05,320: +PUB [/rosout] /onlane_ai_agent_2 http://y:40659/
[rosmaster.master][INFO] 2026-04-25 20:34:05,320: +PUB [/rosout] /onlane_ai_agent_4 http://y:36817/
[rosmaster.master][INFO] 2026-04-25 20:34:05,321: +SERVICE [/onlane_ai_agent_2/get_loggers] /onlane_ai_agent_2 http://y:40659/
[rosmaster.master][INFO] 2026-04-25 20:34:05,322: +PUB [/vis/agent_0/ssc/exec_traj] /test_ssc_with_eudm_0 http://y:46847/
[rosmaster.master][INFO] 2026-04-25 20:34:05,322: +PUB [/ctrl/agent_3] /onlane_ai_agent_3 http://y:37179/
[rosmaster.master][INFO] 2026-04-25 20:34:05,323: +SERVICE [/onlane_ai_agent_2/set_logger_level] /onlane_ai_agent_2 http://y:40659/
[rosmaster.master][INFO] 2026-04-25 20:34:05,324: +SERVICE [/onlane_ai_agent_4/get_loggers] /onlane_ai_agent_4 http://y:36817/
[rosmaster.master][INFO] 2026-04-25 20:34:05,325: +SERVICE [/onlane_ai_agent_4/set_logger_level] /onlane_ai_agent_4 http://y:36817/
[rosmaster.master][INFO] 2026-04-25 20:34:05,327: +PUB [/tf] /onlane_ai_agent_3 http://y:37179/
[rosmaster.master][INFO] 2026-04-25 20:34:05,327: +PUB [/vis/agent_3/ego_vehicle_vis] /onlane_ai_agent_3 http://y:37179/
[rosmaster.master][INFO] 2026-04-25 20:34:05,328: +PUB [/vis/agent_3/obstacle_map] /onlane_ai_agent_3 http://y:37179/
[rosmaster.master][INFO] 2026-04-25 20:34:05,328: +PUB [/vis/agent_3/surrounding_lane_net_vis] /onlane_ai_agent_3 http://y:37179/
[rosmaster.master][INFO] 2026-04-25 20:34:05,329: +PUB [/vis/agent_3/local_lanes_vis] /onlane_ai_agent_3 http://y:37179/
[rosmaster.master][INFO] 2026-04-25 20:34:05,329: +PUB [/ctrl/agent_2] /onlane_ai_agent_2 http://y:40659/
[rosmaster.master][INFO] 2026-04-25 20:34:05,331: +SUB [/arena_info_static] /test_ssc_with_eudm_0 http://y:46847/
[rosmaster.master][INFO] 2026-04-25 20:34:05,331: +SERVICE [/onlane_ai_agent_1/get_loggers] /onlane_ai_agent_1 http://y:38233/
[rosmaster.master][INFO] 2026-04-25 20:34:05,336: +PUB [/vis/agent_3/ego_behavior_vis] /onlane_ai_agent_3 http://y:37179/
[rosmaster.master][INFO] 2026-04-25 20:34:05,337: +PUB [/tf] /onlane_ai_agent_2 http://y:40659/
[rosmaster.master][INFO] 2026-04-25 20:34:05,339: +PUB [/vis/agent_3/pred_traj_openloop_vis] /onlane_ai_agent_3 http://y:37179/
[rosmaster.master][INFO] 2026-04-25 20:34:05,339: +SERVICE [/onlane_ai_agent_1/set_logger_level] /onlane_ai_agent_1 http://y:38233/
[rosmaster.master][INFO] 2026-04-25 20:34:05,340: +PUB [/vis/agent_3/pred_initial_intention_vis] /onlane_ai_agent_3 http://y:37179/
[rosmaster.master][INFO] 2026-04-25 20:34:05,340: +PUB [/vis/agent_3/surrounding_vehicle_vis] /onlane_ai_agent_3 http://y:37179/
[rosmaster.master][INFO] 2026-04-25 20:34:05,341: +PUB [/vis/agent_3/speed_limit] /onlane_ai_agent_3 http://y:37179/
[rosmaster.master][INFO] 2026-04-25 20:34:05,342: +PUB [/ctrl/agent_1] /onlane_ai_agent_1 http://y:38233/
[rosmaster.master][INFO] 2026-04-25 20:34:05,342: +PUB [/ctrl/agent_4] /onlane_ai_agent_4 http://y:36817/
[rosmaster.master][INFO] 2026-04-25 20:34:05,343: +PUB [/rosout] /onlane_ai_agent_7 http://y:46269/
[rosmaster.master][INFO] 2026-04-25 20:34:05,344: +SERVICE [/onlane_ai_agent_7/get_loggers] /onlane_ai_agent_7 http://y:46269/
[rosmaster.master][INFO] 2026-04-25 20:34:05,344: +SERVICE [/onlane_ai_agent_7/set_logger_level] /onlane_ai_agent_7 http://y:46269/
[rosmaster.master][INFO] 2026-04-25 20:34:05,346: +PUB [/rosout] /onlane_ai_agent_8 http://y:46669/
[rosmaster.master][INFO] 2026-04-25 20:34:05,347: +SERVICE [/onlane_ai_agent_8/get_loggers] /onlane_ai_agent_8 http://y:46669/
[rosmaster.master][INFO] 2026-04-25 20:34:05,350: +SUB [/arena_info_static] /onlane_ai_agent_3 http://y:37179/
[rosmaster.master][INFO] 2026-04-25 20:34:05,350: +PUB [/ctrl/agent_7] /onlane_ai_agent_7 http://y:46269/
[rosmaster.master][INFO] 2026-04-25 20:34:05,350: +PUB [/tf] /onlane_ai_agent_4 http://y:36817/
[rosmaster.master][INFO] 2026-04-25 20:34:05,351: +PUB [/tf] /onlane_ai_agent_1 http://y:38233/
[rosmaster.master][INFO] 2026-04-25 20:34:05,352: +PUB [/rosout] /onlane_ai_agent_9 http://y:45103/
[rosmaster.master][INFO] 2026-04-25 20:34:05,354: +PUB [/vis/agent_4/ego_vehicle_vis] /onlane_ai_agent_4 http://y:36817/
[rosmaster.master][INFO] 2026-04-25 20:34:05,354: +PUB [/rosout] /onlane_ai_agent_6 http://y:46843/
[rosmaster.master][INFO] 2026-04-25 20:34:05,354: +SERVICE [/onlane_ai_agent_8/set_logger_level] /onlane_ai_agent_8 http://y:46669/
[rosmaster.master][INFO] 2026-04-25 20:34:05,357: +PUB [/vis/agent_1/ego_vehicle_vis] /onlane_ai_agent_1 http://y:38233/
[rosmaster.master][INFO] 2026-04-25 20:34:05,357: +SUB [/arena_info_dynamic] /onlane_ai_agent_3 http://y:37179/
[rosmaster.master][INFO] 2026-04-25 20:34:05,358: +PUB [/vis/agent_4/obstacle_map] /onlane_ai_agent_4 http://y:36817/
[rosmaster.master][INFO] 2026-04-25 20:34:05,358: +SERVICE [/onlane_ai_agent_9/get_loggers] /onlane_ai_agent_9 http://y:45103/
[rosmaster.master][INFO] 2026-04-25 20:34:05,359: +PUB [/ctrl/agent_8] /onlane_ai_agent_8 http://y:46669/
[rosmaster.master][INFO] 2026-04-25 20:34:05,360: +PUB [/rosout] /onlane_ai_agent_5 http://y:40825/
[rosmaster.master][INFO] 2026-04-25 20:34:05,360: +PUB [/vis/agent_1/obstacle_map] /onlane_ai_agent_1 http://y:38233/
[rosmaster.master][INFO] 2026-04-25 20:34:05,360: +PUB [/rosout] /onlane_ai_agent_10 http://y:33681/
[rosmaster.master][INFO] 2026-04-25 20:34:05,361: +PUB [/vis/agent_4/surrounding_lane_net_vis] /onlane_ai_agent_4 http://y:36817/
[rosmaster.master][INFO] 2026-04-25 20:34:05,361: +SERVICE [/onlane_ai_agent_9/set_logger_level] /onlane_ai_agent_9 http://y:45103/
[rosmaster.master][INFO] 2026-04-25 20:34:05,361: +PUB [/vis/agent_2/ego_vehicle_vis] /onlane_ai_agent_2 http://y:40659/
[rosmaster.master][INFO] 2026-04-25 20:34:05,361: +SERVICE [/onlane_ai_agent_6/get_loggers] /onlane_ai_agent_6 http://y:46843/
[rosmaster.master][INFO] 2026-04-25 20:34:05,362: +SUB [/joy] /onlane_ai_agent_3 http://y:37179/
[rosmaster.master][INFO] 2026-04-25 20:34:05,362: +PUB [/vis/agent_4/local_lanes_vis] /onlane_ai_agent_4 http://y:36817/
[rosmaster.master][INFO] 2026-04-25 20:34:05,363: +PUB [/vis/agent_3/forward_trajs] /onlane_ai_agent_3 http://y:37179/
[rosmaster.master][INFO] 2026-04-25 20:34:05,363: +PUB [/vis/agent_4/ego_behavior_vis] /onlane_ai_agent_4 http://y:36817/
[rosmaster.master][INFO] 2026-04-25 20:34:05,364: +PUB [/ctrl/agent_9] /onlane_ai_agent_9 http://y:45103/
[rosmaster.master][INFO] 2026-04-25 20:34:05,364: +PUB [/vis/agent_4/pred_traj_openloop_vis] /onlane_ai_agent_4 http://y:36817/
[rosmaster.master][INFO] 2026-04-25 20:34:05,365: +PUB [/tf] /onlane_ai_agent_8 http://y:46669/
[rosmaster.master][INFO] 2026-04-25 20:34:05,365: +SERVICE [/onlane_ai_agent_10/get_loggers] /onlane_ai_agent_10 http://y:33681/
[rosmaster.master][INFO] 2026-04-25 20:34:05,366: +PUB [/vis/agent_8/ego_vehicle_vis] /onlane_ai_agent_8 http://y:46669/
[rosmaster.master][INFO] 2026-04-25 20:34:05,366: +SERVICE [/onlane_ai_agent_10/set_logger_level] /onlane_ai_agent_10 http://y:33681/
[rosmaster.master][INFO] 2026-04-25 20:34:05,366: +PUB [/vis/agent_4/pred_initial_intention_vis] /onlane_ai_agent_4 http://y:36817/
[rosmaster.master][INFO] 2026-04-25 20:34:05,367: +PUB [/vis/agent_4/surrounding_vehicle_vis] /onlane_ai_agent_4 http://y:36817/
[rosmaster.master][INFO] 2026-04-25 20:34:05,367: +PUB [/vis/agent_8/obstacle_map] /onlane_ai_agent_8 http://y:46669/
[rosmaster.master][INFO] 2026-04-25 20:34:05,367: +PUB [/vis/agent_4/speed_limit] /onlane_ai_agent_4 http://y:36817/
[rosmaster.master][INFO] 2026-04-25 20:34:05,368: +PUB [/vis/agent_8/surrounding_lane_net_vis] /onlane_ai_agent_8 http://y:46669/
[rosmaster.master][INFO] 2026-04-25 20:34:05,368: +SERVICE [/onlane_ai_agent_5/get_loggers] /onlane_ai_agent_5 http://y:40825/
[rosmaster.master][INFO] 2026-04-25 20:34:05,369: +PUB [/vis/agent_8/local_lanes_vis] /onlane_ai_agent_8 http://y:46669/
[rosmaster.master][INFO] 2026-04-25 20:34:05,370: +PUB [/vis/agent_8/ego_behavior_vis] /onlane_ai_agent_8 http://y:46669/
[rosmaster.master][INFO] 2026-04-25 20:34:05,371: +PUB [/vis/agent_8/pred_traj_openloop_vis] /onlane_ai_agent_8 http://y:46669/
[rosmaster.master][INFO] 2026-04-25 20:34:05,372: +SERVICE [/onlane_ai_agent_5/set_logger_level] /onlane_ai_agent_5 http://y:40825/
[rosmaster.master][INFO] 2026-04-25 20:34:05,372: +PUB [/rosout] /phy_simulator_planning_node http://y:34151/
[rosmaster.master][INFO] 2026-04-25 20:34:05,372: +PUB [/vis/agent_8/pred_initial_intention_vis] /onlane_ai_agent_8 http://y:46669/
[rosmaster.master][INFO] 2026-04-25 20:34:05,373: +PUB [/tf] /onlane_ai_agent_9 http://y:45103/
[rosmaster.master][INFO] 2026-04-25 20:34:05,373: +PUB [/vis/agent_8/surrounding_vehicle_vis] /onlane_ai_agent_8 http://y:46669/
[rosmaster.master][INFO] 2026-04-25 20:34:05,374: +PUB [/vis/agent_9/ego_vehicle_vis] /onlane_ai_agent_9 http://y:45103/
[rosmaster.master][INFO] 2026-04-25 20:34:05,374: +PUB [/vis/agent_8/speed_limit] /onlane_ai_agent_8 http://y:46669/
[rosmaster.master][INFO] 2026-04-25 20:34:05,375: +PUB [/vis/agent_9/obstacle_map] /onlane_ai_agent_9 http://y:45103/
[rosmaster.master][INFO] 2026-04-25 20:34:05,376: +SUB [/arena_info_static] /onlane_ai_agent_4 http://y:36817/
[rosmaster.master][INFO] 2026-04-25 20:34:05,376: +PUB [/vis/agent_9/surrounding_lane_net_vis] /onlane_ai_agent_9 http://y:45103/
[rosmaster.master][INFO] 2026-04-25 20:34:05,377: +PUB [/vis/agent_1/surrounding_lane_net_vis] /onlane_ai_agent_1 http://y:38233/
[rosmaster.master][INFO] 2026-04-25 20:34:05,378: +PUB [/vis/agent_9/local_lanes_vis] /onlane_ai_agent_9 http://y:45103/
[rosmaster.master][INFO] 2026-04-25 20:34:05,379: +SUB [/arena_info_static] /onlane_ai_agent_8 http://y:46669/
[rosmaster.master][INFO] 2026-04-25 20:34:05,379: +PUB [/vis/agent_9/ego_behavior_vis] /onlane_ai_agent_9 http://y:45103/
[rosmaster.master][INFO] 2026-04-25 20:34:05,381: +PUB [/vis/agent_9/pred_traj_openloop_vis] /onlane_ai_agent_9 http://y:45103/
[rosmaster.master][INFO] 2026-04-25 20:34:05,381: +SERVICE [/phy_simulator_planning_node/get_loggers] /phy_simulator_planning_node http://y:34151/
[rosmaster.master][INFO] 2026-04-25 20:34:05,382: +SUB [/arena_info_dynamic] /onlane_ai_agent_4 http://y:36817/
[rosmaster.master][INFO] 2026-04-25 20:34:05,383: +PUB [/vis/agent_9/pred_initial_intention_vis] /onlane_ai_agent_9 http://y:45103/
[rosmaster.master][INFO] 2026-04-25 20:34:05,383: +SERVICE [/phy_simulator_planning_node/set_logger_level] /phy_simulator_planning_node http://y:34151/
[rosmaster.master][INFO] 2026-04-25 20:34:05,384: +SUB [/arena_info_dynamic] /onlane_ai_agent_8 http://y:46669/
[rosmaster.master][INFO] 2026-04-25 20:34:05,384: +PUB [/vis/agent_9/surrounding_vehicle_vis] /onlane_ai_agent_9 http://y:45103/
[rosmaster.master][INFO] 2026-04-25 20:34:05,385: publisherUpdate[/rosout] -> http://y:42217/ ['http://y:46847/']
[rosmaster.master][INFO] 2026-04-25 20:34:05,387: +PUB [/ctrl/agent_5] /onlane_ai_agent_5 http://y:40825/
[rosmaster.master][INFO] 2026-04-25 20:34:05,389: +PUB [/vis/agent_9/speed_limit] /onlane_ai_agent_9 http://y:45103/
[rosmaster.master][INFO] 2026-04-25 20:34:05,389: publisherUpdate[/rosout] -> http://y:42217/ ['http://y:46847/']: sec=0.00, result=[1, '', 0]
[rosmaster.master][INFO] 2026-04-25 20:34:05,390: publisherUpdate[/rosout] -> http://y:42217/ ['http://y:46847/', 'http://y:37179/']
[rosmaster.master][INFO] 2026-04-25 20:34:05,392: publisherUpdate[/rosout] -> http://y:42217/ ['http://y:46847/', 'http://y:37179/']: sec=0.00, result=[1, '', 0]
[rosmaster.master][INFO] 2026-04-25 20:34:05,392: publisherUpdate[/rosout] -> http://y:42217/ ['http://y:46847/', 'http://y:37179/', 'http://y:38233/']
[rosmaster.master][INFO] 2026-04-25 20:34:05,392: +PUB [/arena_info_static] /phy_simulator_planning_node http://y:34151/
[rosmaster.master][INFO] 2026-04-25 20:34:05,392: publisherUpdate[/rosout] -> http://y:42217/ ['http://y:46847/', 'http://y:37179/', 'http://y:38233/']: sec=0.00, result=[1, '', 0]
[rosmaster.master][INFO] 2026-04-25 20:34:05,400: publisherUpdate[/rosout] -> http://y:42217/ ['http://y:46847/', 'http://y:37179/', 'http://y:38233/', 'http://y:40659/']
[rosmaster.master][INFO] 2026-04-25 20:34:05,393: +SUB [/joy] /onlane_ai_agent_8 http://y:46669/
[rosmaster.master][INFO] 2026-04-25 20:34:05,400: +SERVICE [/onlane_ai_agent_6/set_logger_level] /onlane_ai_agent_6 http://y:46843/
[rosmaster.master][INFO] 2026-04-25 20:34:05,400: +PUB [/arena_info_dynamic] /phy_simulator_planning_node http://y:34151/
[rosmaster.master][INFO] 2026-04-25 20:34:05,401: publisherUpdate[/rosout] -> http://y:42217/ ['http://y:46847/', 'http://y:37179/', 'http://y:38233/', 'http://y:40659/']: sec=0.00, result=[1, '', 0]
[rosmaster.master][INFO] 2026-04-25 20:34:05,401: publisherUpdate[/rosout] -> http://y:42217/ ['http://y:46847/', 'http://y:37179/', 'http://y:38233/', 'http://y:40659/', 'http://y:36817/']
[rosmaster.master][INFO] 2026-04-25 20:34:05,401: +PUB [/vis/agent_2/obstacle_map] /onlane_ai_agent_2 http://y:40659/
[rosmaster.master][INFO] 2026-04-25 20:34:05,401: +SUB [/joy] /onlane_ai_agent_4 http://y:36817/
[rosmaster.master][INFO] 2026-04-25 20:34:05,403: publisherUpdate[/rosout] -> http://y:42217/ ['http://y:46847/', 'http://y:37179/', 'http://y:38233/', 'http://y:40659/', 'http://y:36817/']: sec=0.00, result=[1, '', 0]
[rosmaster.master][INFO] 2026-04-25 20:34:05,403: publisherUpdate[/rosout] -> http://y:42217/ ['http://y:46847/', 'http://y:37179/', 'http://y:38233/', 'http://y:40659/', 'http://y:36817/', 'http://y:46269/']
[rosmaster.master][INFO] 2026-04-25 20:34:05,403: publisherUpdate[/rosout] -> http://y:42217/ ['http://y:46847/', 'http://y:37179/', 'http://y:38233/', 'http://y:40659/', 'http://y:36817/', 'http://y:46269/']: sec=0.00, result=[1, '', 0]
[rosmaster.master][INFO] 2026-04-25 20:34:05,403: publisherUpdate[/rosout] -> http://y:42217/ ['http://y:46847/', 'http://y:37179/', 'http://y:38233/', 'http://y:40659/', 'http://y:36817/', 'http://y:46269/', 'http://y:46669/']
[rosmaster.master][INFO] 2026-04-25 20:34:05,404: publisherUpdate[/rosout] -> http://y:42217/ ['http://y:46847/', 'http://y:37179/', 'http://y:38233/', 'http://y:40659/', 'http://y:36817/', 'http://y:46269/', 'http://y:46669/']: sec=0.00, result=[1, '', 0]
[rosmaster.master][INFO] 2026-04-25 20:34:05,404: publisherUpdate[/rosout] -> http://y:42217/ ['http://y:46847/', 'http://y:37179/', 'http://y:38233/', 'http://y:40659/', 'http://y:36817/', 'http://y:46269/', 'http://y:46669/', 'http://y:45103/']
[rosmaster.master][INFO] 2026-04-25 20:34:05,404: publisherUpdate[/rosout] -> http://y:42217/ ['http://y:46847/', 'http://y:37179/', 'http://y:38233/', 'http://y:40659/', 'http://y:36817/', 'http://y:46269/', 'http://y:46669/', 'http://y:45103/']: sec=0.00, result=[1, '', 0]
[rosmaster.master][INFO] 2026-04-25 20:34:05,404: publisherUpdate[/rosout] -> http://y:42217/ ['http://y:46847/', 'http://y:37179/', 'http://y:38233/', 'http://y:40659/', 'http://y:36817/', 'http://y:46269/', 'http://y:46669/', 'http://y:45103/', 'http://y:46843/']
[rosmaster.master][INFO] 2026-04-25 20:34:05,404: publisherUpdate[/rosout] -> http://y:42217/ ['http://y:46847/', 'http://y:37179/', 'http://y:38233/', 'http://y:40659/', 'http://y:36817/', 'http://y:46269/', 'http://y:46669/', 'http://y:45103/', 'http://y:46843/']: sec=0.00, result=[1, '', 0]
[rosmaster.master][INFO] 2026-04-25 20:34:05,404: publisherUpdate[/rosout] -> http://y:42217/ ['http://y:46847/', 'http://y:37179/', 'http://y:38233/', 'http://y:40659/', 'http://y:36817/', 'http://y:46269/', 'http://y:46669/', 'http://y:45103/', 'http://y:46843/', 'http://y:40825/']
[rosmaster.master][INFO] 2026-04-25 20:34:05,405: publisherUpdate[/rosout] -> http://y:42217/ ['http://y:46847/', 'http://y:37179/', 'http://y:38233/', 'http://y:40659/', 'http://y:36817/', 'http://y:46269/', 'http://y:46669/', 'http://y:45103/', 'http://y:46843/', 'http://y:40825/']: sec=0.00, result=[1, '', 0]
[rosmaster.master][INFO] 2026-04-25 20:34:05,405: publisherUpdate[/rosout] -> http://y:42217/ ['http://y:46847/', 'http://y:37179/', 'http://y:38233/', 'http://y:40659/', 'http://y:36817/', 'http://y:46269/', 'http://y:46669/', 'http://y:45103/', 'http://y:46843/', 'http://y:40825/', 'http://y:33681/']
[rosmaster.master][INFO] 2026-04-25 20:34:05,405: publisherUpdate[/rosout] -> http://y:42217/ ['http://y:46847/', 'http://y:37179/', 'http://y:38233/', 'http://y:40659/', 'http://y:36817/', 'http://y:46269/', 'http://y:46669/', 'http://y:45103/', 'http://y:46843/', 'http://y:40825/', 'http://y:33681/']: sec=0.00, result=[1, '', 0]
[rosmaster.master][INFO] 2026-04-25 20:34:05,405: publisherUpdate[/rosout] -> http://y:42217/ ['http://y:46847/', 'http://y:37179/', 'http://y:38233/', 'http://y:40659/', 'http://y:36817/', 'http://y:46269/', 'http://y:46669/', 'http://y:45103/', 'http://y:46843/', 'http://y:40825/', 'http://y:33681/', 'http://y:34151/']
[rosmaster.master][INFO] 2026-04-25 20:34:05,406: publisherUpdate[/rosout] -> http://y:42217/ ['http://y:46847/', 'http://y:37179/', 'http://y:38233/', 'http://y:40659/', 'http://y:36817/', 'http://y:46269/', 'http://y:46669/', 'http://y:45103/', 'http://y:46843/', 'http://y:40825/', 'http://y:33681/', 'http://y:34151/']: sec=0.00, result=[1, '', 0]
[rosmaster.master][INFO] 2026-04-25 20:34:05,406: publisherUpdate[/arena_info_static] -> http://y:46847/ ['http://y:34151/']
[rosmaster.master][INFO] 2026-04-25 20:34:05,406: +PUB [/tf] /onlane_ai_agent_5 http://y:40825/
[rosmaster.master][INFO] 2026-04-25 20:34:05,406: +PUB [/vis/agent_1/local_lanes_vis] /onlane_ai_agent_1 http://y:38233/
[rosmaster.master][INFO] 2026-04-25 20:34:05,407: +PUB [/phy_simulator_planning_node/vis/vehicle_set_vis] /phy_simulator_planning_node http://y:34151/
[rosmaster.master][INFO] 2026-04-25 20:34:05,407: +PUB [/vis/agent_4/forward_trajs] /onlane_ai_agent_4 http://y:36817/
[rosmaster.master][INFO] 2026-04-25 20:34:05,407: +SUB [/arena_info_static] /onlane_ai_agent_9 http://y:45103/
[rosmaster.master][INFO] 2026-04-25 20:34:05,407: +PUB [/vis/agent_5/ego_vehicle_vis] /onlane_ai_agent_5 http://y:40825/
[rosmaster.master][INFO] 2026-04-25 20:34:05,407: +PUB [/vis/agent_8/forward_trajs] /onlane_ai_agent_8 http://y:46669/
[rosmaster.master][INFO] 2026-04-25 20:34:05,408: +PUB [/phy_simulator_planning_node/vis/lane_net_vis] /phy_simulator_planning_node http://y:34151/
[rosmaster.master][INFO] 2026-04-25 20:34:05,408: +PUB [/vis/agent_5/obstacle_map] /onlane_ai_agent_5 http://y:40825/
[rosmaster.master][INFO] 2026-04-25 20:34:05,409: +PUB [/phy_simulator_planning_node/vis/obstacle_set_vis] /phy_simulator_planning_node http://y:34151/
[rosmaster.master][INFO] 2026-04-25 20:34:05,409: +PUB [/vis/agent_5/surrounding_lane_net_vis] /onlane_ai_agent_5 http://y:40825/
[rosmaster.master][INFO] 2026-04-25 20:34:05,409: +SUB [/arena_info_dynamic] /onlane_ai_agent_9 http://y:45103/
[rosmaster.master][INFO] 2026-04-25 20:34:05,410: +PUB [/vis/agent_5/local_lanes_vis] /onlane_ai_agent_5 http://y:40825/
[rosmaster.master][INFO] 2026-04-25 20:34:05,411: +PUB [/vis/agent_2/surrounding_lane_net_vis] /onlane_ai_agent_2 http://y:40659/
[rosmaster.master][INFO] 2026-04-25 20:34:05,411: +PUB [/vis/agent_5/ego_behavior_vis] /onlane_ai_agent_5 http://y:40825/
[rosmaster.master][INFO] 2026-04-25 20:34:05,412: +SUB [/ctrl/agent_1003] /phy_simulator_planning_node http://y:34151/
[rosmaster.master][INFO] 2026-04-25 20:34:05,412: +PUB [/tf] /onlane_ai_agent_7 http://y:46269/
[rosmaster.master][INFO] 2026-04-25 20:34:05,413: +PUB [/vis/agent_7/ego_vehicle_vis] /onlane_ai_agent_7 http://y:46269/
[rosmaster.master][INFO] 2026-04-25 20:34:05,414: +SUB [/joy] /onlane_ai_agent_9 http://y:45103/
[rosmaster.master][INFO] 2026-04-25 20:34:05,414: +PUB [/vis/agent_7/obstacle_map] /onlane_ai_agent_7 http://y:46269/
[rosmaster.master][INFO] 2026-04-25 20:34:05,415: +PUB [/vis/agent_1/ego_behavior_vis] /onlane_ai_agent_1 http://y:38233/
[rosmaster.master][INFO] 2026-04-25 20:34:05,415: +PUB [/vis/agent_1/pred_traj_openloop_vis] /onlane_ai_agent_1 http://y:38233/
[rosmaster.master][INFO] 2026-04-25 20:34:05,415: +PUB [/vis/agent_9/forward_trajs] /onlane_ai_agent_9 http://y:45103/
[rosmaster.master][INFO] 2026-04-25 20:34:05,422: +PUB [/vis/agent_1/pred_initial_intention_vis] /onlane_ai_agent_1 http://y:38233/
[rosmaster.master][INFO] 2026-04-25 20:34:05,422: +PUB [/vis/agent_7/surrounding_lane_net_vis] /onlane_ai_agent_7 http://y:46269/
[rosmaster.master][INFO] 2026-04-25 20:34:05,422: +PUB [/vis/agent_1/surrounding_vehicle_vis] /onlane_ai_agent_1 http://y:38233/
[rosmaster.master][INFO] 2026-04-25 20:34:05,422: +PUB [/vis/agent_7/local_lanes_vis] /onlane_ai_agent_7 http://y:46269/
[rosmaster.master][INFO] 2026-04-25 20:34:05,423: +PUB [/vis/agent_1/speed_limit] /onlane_ai_agent_1 http://y:38233/
[rosmaster.master][INFO] 2026-04-25 20:34:05,423: +PUB [/vis/agent_5/pred_traj_openloop_vis] /onlane_ai_agent_5 http://y:40825/
[rosmaster.master][INFO] 2026-04-25 20:34:05,423: +SUB [/ctrl/agent_1002] /phy_simulator_planning_node http://y:34151/
[rosmaster.master][INFO] 2026-04-25 20:34:05,424: +PUB [/vis/agent_7/ego_behavior_vis] /onlane_ai_agent_7 http://y:46269/
[rosmaster.master][INFO] 2026-04-25 20:34:05,425: +SUB [/arena_info_static] /onlane_ai_agent_1 http://y:38233/
[rosmaster.master][INFO] 2026-04-25 20:34:05,426: +PUB [/vis/agent_7/pred_traj_openloop_vis] /onlane_ai_agent_7 http://y:46269/
[rosmaster.master][INFO] 2026-04-25 20:34:05,426: +SUB [/ctrl/agent_0] /phy_simulator_planning_node http://y:34151/
[rosmaster.master][INFO] 2026-04-25 20:34:05,429: +SUB [/arena_info_dynamic] /onlane_ai_agent_1 http://y:38233/
[rosmaster.master][INFO] 2026-04-25 20:34:05,431: +PUB [/ctrl/agent_10] /onlane_ai_agent_10 http://y:33681/
[rosmaster.master][INFO] 2026-04-25 20:34:05,432: +SUB [/ctrl/agent_1001] /phy_simulator_planning_node http://y:34151/
[rosmaster.master][INFO] 2026-04-25 20:34:05,432: +SUB [/joy] /onlane_ai_agent_1 http://y:38233/
[rosmaster.master][INFO] 2026-04-25 20:34:05,433: +PUB [/vis/agent_1/forward_trajs] /onlane_ai_agent_1 http://y:38233/
[rosmaster.master][INFO] 2026-04-25 20:34:05,434: +SUB [/ctrl/agent_1] /phy_simulator_planning_node http://y:34151/
[rosmaster.master][INFO] 2026-04-25 20:34:05,435: +PUB [/ctrl/agent_6] /onlane_ai_agent_6 http://y:46843/
[rosmaster.master][INFO] 2026-04-25 20:34:05,435: +PUB [/tf] /onlane_ai_agent_10 http://y:33681/
[rosmaster.master][INFO] 2026-04-25 20:34:05,435: +PUB [/vis/agent_2/local_lanes_vis] /onlane_ai_agent_2 http://y:40659/
[rosmaster.master][INFO] 2026-04-25 20:34:05,436: +PUB [/vis/agent_2/ego_behavior_vis] /onlane_ai_agent_2 http://y:40659/
[rosmaster.master][INFO] 2026-04-25 20:34:05,439: +PUB [/vis/agent_7/pred_initial_intention_vis] /onlane_ai_agent_7 http://y:46269/
[rosmaster.master][INFO] 2026-04-25 20:34:05,439: +PUB [/vis/agent_10/ego_vehicle_vis] /onlane_ai_agent_10 http://y:33681/
[rosmaster.master][INFO] 2026-04-25 20:34:05,440: +PUB [/vis/agent_2/pred_traj_openloop_vis] /onlane_ai_agent_2 http://y:40659/
[rosmaster.master][INFO] 2026-04-25 20:34:05,441: +PUB [/tf] /onlane_ai_agent_6 http://y:46843/
[rosmaster.master][INFO] 2026-04-25 20:34:05,441: +PUB [/vis/agent_6/ego_vehicle_vis] /onlane_ai_agent_6 http://y:46843/
[rosmaster.master][INFO] 2026-04-25 20:34:05,442: +PUB [/vis/agent_2/pred_initial_intention_vis] /onlane_ai_agent_2 http://y:40659/
[rosmaster.master][INFO] 2026-04-25 20:34:05,442: +PUB [/vis/agent_6/obstacle_map] /onlane_ai_agent_6 http://y:46843/
[rosmaster.master][INFO] 2026-04-25 20:34:05,442: +PUB [/vis/agent_2/surrounding_vehicle_vis] /onlane_ai_agent_2 http://y:40659/
[rosmaster.master][INFO] 2026-04-25 20:34:05,442: +PUB [/vis/agent_2/speed_limit] /onlane_ai_agent_2 http://y:40659/
[rosmaster.master][INFO] 2026-04-25 20:34:05,443: +PUB [/vis/agent_6/surrounding_lane_net_vis] /onlane_ai_agent_6 http://y:46843/
[rosmaster.master][INFO] 2026-04-25 20:34:05,443: +PUB [/vis/agent_6/local_lanes_vis] /onlane_ai_agent_6 http://y:46843/
[rosmaster.master][INFO] 2026-04-25 20:34:05,444: +SUB [/arena_info_dynamic] /test_ssc_with_eudm_0 http://y:46847/
[rosmaster.master][INFO] 2026-04-25 20:34:05,444: +SUB [/ctrl/agent_2] /phy_simulator_planning_node http://y:34151/
[rosmaster.master][INFO] 2026-04-25 20:34:05,444: +PUB [/vis/agent_6/ego_behavior_vis] /onlane_ai_agent_6 http://y:46843/
[rosmaster.master][INFO] 2026-04-25 20:34:05,444: +SUB [/arena_info_static] /onlane_ai_agent_2 http://y:40659/
[rosmaster.master][INFO] 2026-04-25 20:34:05,445: +PUB [/vis/agent_6/pred_traj_openloop_vis] /onlane_ai_agent_6 http://y:46843/
[rosmaster.master][INFO] 2026-04-25 20:34:05,445: +PUB [/vis/agent_6/pred_initial_intention_vis] /onlane_ai_agent_6 http://y:46843/
[rosmaster.master][INFO] 2026-04-25 20:34:05,446: +PUB [/vis/agent_5/pred_initial_intention_vis] /onlane_ai_agent_5 http://y:40825/
[rosmaster.master][INFO] 2026-04-25 20:34:05,446: +SUB [/arena_info_dynamic] /onlane_ai_agent_2 http://y:40659/
[rosmaster.master][INFO] 2026-04-25 20:34:05,447: publisherUpdate[/arena_info_static] -> http://y:46847/ ['http://y:34151/']: sec=0.04, result=[1, '', 0]
[rosmaster.master][INFO] 2026-04-25 20:34:05,447: publisherUpdate[/arena_info_static] -> http://y:37179/ ['http://y:34151/']
[rosmaster.master][INFO] 2026-04-25 20:34:05,448: publisherUpdate[/arena_info_static] -> http://y:37179/ ['http://y:34151/']: sec=0.00, result=[1, '', 0]
[rosmaster.master][INFO] 2026-04-25 20:34:05,448: publisherUpdate[/arena_info_static] -> http://y:36817/ ['http://y:34151/']
[rosmaster.master][INFO] 2026-04-25 20:34:05,449: publisherUpdate[/arena_info_static] -> http://y:36817/ ['http://y:34151/']: sec=0.00, result=[1, '', 0]
[rosmaster.master][INFO] 2026-04-25 20:34:05,449: publisherUpdate[/arena_info_static] -> http://y:46669/ ['http://y:34151/']
[rosmaster.master][INFO] 2026-04-25 20:34:05,450: publisherUpdate[/arena_info_static] -> http://y:46669/ ['http://y:34151/']: sec=0.00, result=[1, '', 0]
[rosmaster.master][INFO] 2026-04-25 20:34:05,450: publisherUpdate[/arena_info_dynamic] -> http://y:37179/ ['http://y:34151/']
[rosmaster.master][INFO] 2026-04-25 20:34:05,447: +PUB [/vis/agent_10/obstacle_map] /onlane_ai_agent_10 http://y:33681/
[rosmaster.master][INFO] 2026-04-25 20:34:05,450: publisherUpdate[/arena_info_dynamic] -> http://y:37179/ ['http://y:34151/']: sec=0.00, result=[1, '', 0]
[rosmaster.master][INFO] 2026-04-25 20:34:05,450: publisherUpdate[/arena_info_dynamic] -> http://y:36817/ ['http://y:34151/']
[rosmaster.master][INFO] 2026-04-25 20:34:05,450: +PUB [/vis/agent_6/surrounding_vehicle_vis] /onlane_ai_agent_6 http://y:46843/
[rosmaster.master][INFO] 2026-04-25 20:34:05,451: publisherUpdate[/arena_info_dynamic] -> http://y:36817/ ['http://y:34151/']: sec=0.00, result=[1, '', 0]
[rosmaster.master][INFO] 2026-04-25 20:34:05,451: publisherUpdate[/arena_info_dynamic] -> http://y:46669/ ['http://y:34151/']
[rosmaster.master][INFO] 2026-04-25 20:34:05,451: +SUB [/joy] /onlane_ai_agent_2 http://y:40659/
[rosmaster.master][INFO] 2026-04-25 20:34:05,452: +PUB [/vis/agent_7/surrounding_vehicle_vis] /onlane_ai_agent_7 http://y:46269/
[rosmaster.master][INFO] 2026-04-25 20:34:05,452: publisherUpdate[/arena_info_dynamic] -> http://y:46669/ ['http://y:34151/']: sec=0.00, result=[1, '', 0]
[rosmaster.master][INFO] 2026-04-25 20:34:05,452: +PUB [/vis/agent_2/forward_trajs] /onlane_ai_agent_2 http://y:40659/
[rosmaster.master][INFO] 2026-04-25 20:34:05,452: +PUB [/vis/agent_6/speed_limit] /onlane_ai_agent_6 http://y:46843/
[rosmaster.master][INFO] 2026-04-25 20:34:05,453: +SUB [/ctrl/agent_3] /phy_simulator_planning_node http://y:34151/
[rosmaster.master][INFO] 2026-04-25 20:34:05,453: +PUB [/vis/agent_5/surrounding_vehicle_vis] /onlane_ai_agent_5 http://y:40825/
[rosmaster.master][INFO] 2026-04-25 20:34:05,454: +PUB [/vis/agent_7/speed_limit] /onlane_ai_agent_7 http://y:46269/
[rosmaster.master][INFO] 2026-04-25 20:34:05,456: +SUB [/arena_info_static] /onlane_ai_agent_6 http://y:46843/
[rosmaster.master][INFO] 2026-04-25 20:34:05,456: +PUB [/vis/agent_10/surrounding_lane_net_vis] /onlane_ai_agent_10 http://y:33681/
[rosmaster.master][INFO] 2026-04-25 20:34:05,456: +PUB [/vis/agent_5/speed_limit] /onlane_ai_agent_5 http://y:40825/
[rosmaster.master][INFO] 2026-04-25 20:34:05,456: +SUB [/arena_info_static] /onlane_ai_agent_7 http://y:46269/
[rosmaster.master][INFO] 2026-04-25 20:34:05,456: +PUB [/vis/agent_10/local_lanes_vis] /onlane_ai_agent_10 http://y:33681/
[rosmaster.master][INFO] 2026-04-25 20:34:05,457: +PUB [/vis/agent_10/ego_behavior_vis] /onlane_ai_agent_10 http://y:33681/
[rosmaster.master][INFO] 2026-04-25 20:34:05,458: +PUB [/vis/agent_10/pred_traj_openloop_vis] /onlane_ai_agent_10 http://y:33681/
[rosmaster.master][INFO] 2026-04-25 20:34:05,458: +PUB [/vis/agent_10/pred_initial_intention_vis] /onlane_ai_agent_10 http://y:33681/
[rosmaster.master][INFO] 2026-04-25 20:34:05,459: +PUB [/vis/agent_10/surrounding_vehicle_vis] /onlane_ai_agent_10 http://y:33681/
[rosmaster.master][INFO] 2026-04-25 20:34:05,460: +PUB [/vis/agent_10/speed_limit] /onlane_ai_agent_10 http://y:33681/
[rosmaster.master][INFO] 2026-04-25 20:34:05,460: +SUB [/arena_info_static] /onlane_ai_agent_5 http://y:40825/
[rosmaster.master][INFO] 2026-04-25 20:34:05,461: +SUB [/arena_info_dynamic] /onlane_ai_agent_7 http://y:46269/
[rosmaster.master][INFO] 2026-04-25 20:34:05,464: +SUB [/arena_info_static] /onlane_ai_agent_10 http://y:33681/
[rosmaster.master][INFO] 2026-04-25 20:34:05,464: +SUB [/ctrl/agent_4] /phy_simulator_planning_node http://y:34151/
[rosmaster.master][INFO] 2026-04-25 20:34:05,465: +SUB [/arena_info_dynamic] /onlane_ai_agent_5 http://y:40825/
[rosmaster.master][INFO] 2026-04-25 20:34:05,465: +SUB [/joy] /onlane_ai_agent_7 http://y:46269/
[rosmaster.master][INFO] 2026-04-25 20:34:05,466: +SUB [/arena_info_dynamic] /onlane_ai_agent_6 http://y:46843/
[rosmaster.master][INFO] 2026-04-25 20:34:05,472: +PUB [/vis/agent_7/forward_trajs] /onlane_ai_agent_7 http://y:46269/
[rosmaster.master][INFO] 2026-04-25 20:34:05,473: +SUB [/arena_info_dynamic] /onlane_ai_agent_10 http://y:33681/
[rosmaster.master][INFO] 2026-04-25 20:34:05,475: +SUB [/joy] /onlane_ai_agent_5 http://y:40825/
[rosmaster.master][INFO] 2026-04-25 20:34:05,476: +SUB [/ctrl/agent_5] /phy_simulator_planning_node http://y:34151/
[rosmaster.master][INFO] 2026-04-25 20:34:05,476: +PUB [/vis/agent_5/forward_trajs] /onlane_ai_agent_5 http://y:40825/
[rosmaster.master][INFO] 2026-04-25 20:34:05,478: +SUB [/joy] /onlane_ai_agent_10 http://y:33681/
[rosmaster.master][INFO] 2026-04-25 20:34:05,478: +SUB [/joy] /onlane_ai_agent_6 http://y:46843/
[rosmaster.master][INFO] 2026-04-25 20:34:05,479: +PUB [/vis/agent_6/forward_trajs] /onlane_ai_agent_6 http://y:46843/
[rosmaster.master][INFO] 2026-04-25 20:34:05,480: +SUB [/ctrl/agent_6] /phy_simulator_planning_node http://y:34151/
[rosmaster.master][INFO] 2026-04-25 20:34:05,480: +PUB [/vis/agent_10/forward_trajs] /onlane_ai_agent_10 http://y:33681/
[rosmaster.master][INFO] 2026-04-25 20:34:05,481: +SUB [/ctrl/agent_7] /phy_simulator_planning_node http://y:34151/
[rosmaster.master][INFO] 2026-04-25 20:34:05,482: +SUB [/ctrl/agent_8] /phy_simulator_planning_node http://y:34151/
[rosmaster.master][INFO] 2026-04-25 20:34:05,484: +SUB [/ctrl/agent_9] /phy_simulator_planning_node http://y:34151/
[rosmaster.master][INFO] 2026-04-25 20:34:05,485: +SUB [/ctrl/agent_10] /phy_simulator_planning_node http://y:34151/
[rosmaster.master][INFO] 2026-04-25 20:34:05,487: +SUB [/ctrl/agent_1000] /phy_simulator_planning_node http://y:34151/
[rosmaster.master][INFO] 2026-04-25 20:34:05,488: +SUB [/initialpose] /phy_simulator_planning_node http://y:34151/
[rosmaster.master][INFO] 2026-04-25 20:34:05,489: +SUB [/move_base_simple/goal] /phy_simulator_planning_node http://y:34151/
[rosmaster.master][INFO] 2026-04-25 20:34:12,996: +PUB [/rosout] /epsilon_metric_collector_478827_1777120452882 http://y:40399/
[rosmaster.master][INFO] 2026-04-25 20:34:12,997: +SERVICE [/epsilon_metric_collector_478827_1777120452882/get_loggers] /epsilon_metric_collector_478827_1777120452882 http://y:40399/
[rosmaster.master][INFO] 2026-04-25 20:34:12,998: +SERVICE [/epsilon_metric_collector_478827_1777120452882/set_logger_level] /epsilon_metric_collector_478827_1777120452882 http://y:40399/
[rosmaster.master][INFO] 2026-04-25 20:34:12,999: +SUB [/arena_info_dynamic] /epsilon_metric_collector_478827_1777120452882 http://y:40399/
[rosmaster.master][INFO] 2026-04-25 20:34:13,002: publisherUpdate[/rosout] -> http://y:42217/ ['http://y:46847/', 'http://y:37179/', 'http://y:38233/', 'http://y:40659/', 'http://y:36817/', 'http://y:46269/', 'http://y:46669/', 'http://y:45103/', 'http://y:46843/', 'http://y:40825/', 'http://y:33681/', 'http://y:34151/', 'http://y:40399/']
[rosmaster.master][INFO] 2026-04-25 20:34:13,002: publisherUpdate[/rosout] -> http://y:42217/ ['http://y:46847/', 'http://y:37179/', 'http://y:38233/', 'http://y:40659/', 'http://y:36817/', 'http://y:46269/', 'http://y:46669/', 'http://y:45103/', 'http://y:46843/', 'http://y:40825/', 'http://y:33681/', 'http://y:34151/', 'http://y:40399/']: sec=0.00, result=[1, '', 0]
[rosmaster.master][INFO] 2026-04-25 20:36:12,692: -SUB [/arena_info_dynamic] /epsilon_metric_collector_478827_1777120452882 http://y:40399/
[rosmaster.master][INFO] 2026-04-25 20:36:12,692: -PUB [/rosout] /epsilon_metric_collector_478827_1777120452882 http://y:40399/
[rosmaster.master][INFO] 2026-04-25 20:36:12,692: -SERVICE [/epsilon_metric_collector_478827_1777120452882/get_loggers] /epsilon_metric_collector_478827_1777120452882 rosrpc://y:45699
[rosmaster.master][INFO] 2026-04-25 20:36:12,692: -SERVICE [/epsilon_metric_collector_478827_1777120452882/set_logger_level] /epsilon_metric_collector_478827_1777120452882 rosrpc://y:45699
[rosmaster.master][INFO] 2026-04-25 20:36:12,696: publisherUpdate[/rosout] -> http://y:42217/ ['http://y:46847/', 'http://y:37179/', 'http://y:38233/', 'http://y:40659/', 'http://y:36817/', 'http://y:46269/', 'http://y:46669/', 'http://y:45103/', 'http://y:46843/', 'http://y:40825/', 'http://y:33681/', 'http://y:34151/']
[rosmaster.master][INFO] 2026-04-25 20:36:12,697: publisherUpdate[/rosout] -> http://y:42217/ ['http://y:46847/', 'http://y:37179/', 'http://y:38233/', 'http://y:40659/', 'http://y:36817/', 'http://y:46269/', 'http://y:46669/', 'http://y:45103/', 'http://y:46843/', 'http://y:40825/', 'http://y:33681/', 'http://y:34151/']: sec=0.00, result=[1, '', 0]
[rosmaster.master][INFO] 2026-04-25 20:36:13,701: +PUB [/rosout] /rostopic_543902_1777120573588 http://y:38913/
[rosmaster.master][INFO] 2026-04-25 20:36:13,702: +SERVICE [/rostopic_543902_1777120573588/get_loggers] /rostopic_543902_1777120573588 http://y:38913/
[rosmaster.master][INFO] 2026-04-25 20:36:13,703: +SERVICE [/rostopic_543902_1777120573588/set_logger_level] /rostopic_543902_1777120573588 http://y:38913/
[rosmaster.master][INFO] 2026-04-25 20:36:13,712: +SUB [/arena_info_dynamic] /rostopic_543902_1777120573588 http://y:38913/
[rosmaster.master][INFO] 2026-04-25 20:36:13,762: publisherUpdate[/rosout] -> http://y:42217/ ['http://y:46847/', 'http://y:37179/', 'http://y:38233/', 'http://y:40659/', 'http://y:36817/', 'http://y:46269/', 'http://y:46669/', 'http://y:45103/', 'http://y:46843/', 'http://y:40825/', 'http://y:33681/', 'http://y:34151/', 'http://y:38913/']
[rosmaster.master][INFO] 2026-04-25 20:36:13,763: publisherUpdate[/rosout] -> http://y:42217/ ['http://y:46847/', 'http://y:37179/', 'http://y:38233/', 'http://y:40659/', 'http://y:36817/', 'http://y:46269/', 'http://y:46669/', 'http://y:45103/', 'http://y:46843/', 'http://y:40825/', 'http://y:33681/', 'http://y:34151/', 'http://y:38913/']: sec=0.00, result=[1, '', 0]
[rosmaster.master][INFO] 2026-04-25 20:36:28,327: -SUB [/arena_info_dynamic] /rostopic_543902_1777120573588 http://y:38913/
[rosmaster.master][INFO] 2026-04-25 20:36:28,327: -PUB [/rosout] /rostopic_543902_1777120573588 http://y:38913/
[rosmaster.master][INFO] 2026-04-25 20:36:28,327: -SERVICE [/rostopic_543902_1777120573588/get_loggers] /rostopic_543902_1777120573588 rosrpc://y:46739
[rosmaster.master][INFO] 2026-04-25 20:36:28,327: -SERVICE [/rostopic_543902_1777120573588/set_logger_level] /rostopic_543902_1777120573588 rosrpc://y:46739
[rosmaster.master][INFO] 2026-04-25 20:36:28,386: publisherUpdate[/rosout] -> http://y:42217/ ['http://y:46847/', 'http://y:37179/', 'http://y:38233/', 'http://y:40659/', 'http://y:36817/', 'http://y:46269/', 'http://y:46669/', 'http://y:45103/', 'http://y:46843/', 'http://y:40825/', 'http://y:33681/', 'http://y:34151/']
[rosmaster.master][INFO] 2026-04-25 20:36:28,387: publisherUpdate[/rosout] -> http://y:42217/ ['http://y:46847/', 'http://y:37179/', 'http://y:38233/', 'http://y:40659/', 'http://y:36817/', 'http://y:46269/', 'http://y:46669/', 'http://y:45103/', 'http://y:46843/', 'http://y:40825/', 'http://y:33681/', 'http://y:34151/']: sec=0.00, result=[1, '', 0]
[rosmaster.master][INFO] 2026-04-25 20:36:29,033: -PUB [/rosout] /onlane_ai_agent_10 http://y:33681/
[rosmaster.master][INFO] 2026-04-25 20:36:29,033: -PUB [/rosout] /onlane_ai_agent_5 http://y:40825/
[rosmaster.master][INFO] 2026-04-25 20:36:29,033: -PUB [/ctrl/agent_10] /onlane_ai_agent_10 http://y:33681/
[rosmaster.master][INFO] 2026-04-25 20:36:29,034: -PUB [/rosout] /onlane_ai_agent_8 http://y:46669/
[rosmaster.master][INFO] 2026-04-25 20:36:29,034: -PUB [/ctrl/agent_5] /onlane_ai_agent_5 http://y:40825/
[rosmaster.master][INFO] 2026-04-25 20:36:29,034: -PUB [/tf] /onlane_ai_agent_10 http://y:33681/
[rosmaster.master][INFO] 2026-04-25 20:36:29,034: -PUB [/ctrl/agent_8] /onlane_ai_agent_8 http://y:46669/
[rosmaster.master][INFO] 2026-04-25 20:36:29,035: -PUB [/tf] /onlane_ai_agent_5 http://y:40825/
[rosmaster.master][INFO] 2026-04-25 20:36:29,035: -PUB [/vis/agent_10/ego_vehicle_vis] /onlane_ai_agent_10 http://y:33681/
[rosmaster.master][INFO] 2026-04-25 20:36:29,035: -PUB [/tf] /onlane_ai_agent_8 http://y:46669/
[rosmaster.master][INFO] 2026-04-25 20:36:29,035: -PUB [/vis/agent_5/ego_vehicle_vis] /onlane_ai_agent_5 http://y:40825/
[rosmaster.master][INFO] 2026-04-25 20:36:29,035: -PUB [/vis/agent_10/obstacle_map] /onlane_ai_agent_10 http://y:33681/
[rosmaster.master][INFO] 2026-04-25 20:36:29,035: -PUB [/vis/agent_8/ego_vehicle_vis] /onlane_ai_agent_8 http://y:46669/
[rosmaster.master][INFO] 2026-04-25 20:36:29,036: -PUB [/vis/agent_5/obstacle_map] /onlane_ai_agent_5 http://y:40825/
[rosmaster.master][INFO] 2026-04-25 20:36:29,036: -PUB [/vis/agent_10/surrounding_lane_net_vis] /onlane_ai_agent_10 http://y:33681/
[rosmaster.master][INFO] 2026-04-25 20:36:29,036: -PUB [/vis/agent_8/obstacle_map] /onlane_ai_agent_8 http://y:46669/
[rosmaster.master][INFO] 2026-04-25 20:36:29,036: -PUB [/vis/agent_5/surrounding_lane_net_vis] /onlane_ai_agent_5 http://y:40825/
[rosmaster.master][INFO] 2026-04-25 20:36:29,036: -PUB [/vis/agent_10/local_lanes_vis] /onlane_ai_agent_10 http://y:33681/
[rosmaster.master][INFO] 2026-04-25 20:36:29,036: -PUB [/vis/agent_5/local_lanes_vis] /onlane_ai_agent_5 http://y:40825/
[rosmaster.master][INFO] 2026-04-25 20:36:29,036: -PUB [/vis/agent_8/surrounding_lane_net_vis] /onlane_ai_agent_8 http://y:46669/
[rosmaster.master][INFO] 2026-04-25 20:36:29,037: -PUB [/vis/agent_10/ego_behavior_vis] /onlane_ai_agent_10 http://y:33681/
[rosmaster.master][INFO] 2026-04-25 20:36:29,037: -PUB [/vis/agent_5/ego_behavior_vis] /onlane_ai_agent_5 http://y:40825/
[rosmaster.master][INFO] 2026-04-25 20:36:29,037: -PUB [/rosout] /phy_simulator_planning_node http://y:34151/
[rosmaster.master][INFO] 2026-04-25 20:36:29,038: -PUB [/vis/agent_8/local_lanes_vis] /onlane_ai_agent_8 http://y:46669/
[rosmaster.master][INFO] 2026-04-25 20:36:29,038: -PUB [/vis/agent_5/pred_traj_openloop_vis] /onlane_ai_agent_5 http://y:40825/
[rosmaster.master][INFO] 2026-04-25 20:36:29,038: -PUB [/vis/agent_10/pred_traj_openloop_vis] /onlane_ai_agent_10 http://y:33681/
[rosmaster.master][INFO] 2026-04-25 20:36:29,038: -PUB [/vis/agent_5/pred_initial_intention_vis] /onlane_ai_agent_5 http://y:40825/
[rosmaster.master][INFO] 2026-04-25 20:36:29,038: -PUB [/vis/agent_8/ego_behavior_vis] /onlane_ai_agent_8 http://y:46669/
[rosmaster.master][INFO] 2026-04-25 20:36:29,038: -PUB [/arena_info_static] /phy_simulator_planning_node http://y:34151/
[rosmaster.master][INFO] 2026-04-25 20:36:29,039: -PUB [/vis/agent_10/pred_initial_intention_vis] /onlane_ai_agent_10 http://y:33681/
[rosmaster.master][INFO] 2026-04-25 20:36:29,039: -PUB [/vis/agent_5/surrounding_vehicle_vis] /onlane_ai_agent_5 http://y:40825/
[rosmaster.master][INFO] 2026-04-25 20:36:29,039: -PUB [/vis/agent_8/pred_traj_openloop_vis] /onlane_ai_agent_8 http://y:46669/
[rosmaster.master][INFO] 2026-04-25 20:36:29,039: -PUB [/vis/agent_10/surrounding_vehicle_vis] /onlane_ai_agent_10 http://y:33681/
[rosmaster.master][INFO] 2026-04-25 20:36:29,039: -PUB [/arena_info_dynamic] /phy_simulator_planning_node http://y:34151/
[rosmaster.master][INFO] 2026-04-25 20:36:29,040: -PUB [/vis/agent_5/speed_limit] /onlane_ai_agent_5 http://y:40825/
[rosmaster.master][INFO] 2026-04-25 20:36:29,040: -PUB [/vis/agent_8/pred_initial_intention_vis] /onlane_ai_agent_8 http://y:46669/
[rosmaster.master][INFO] 2026-04-25 20:36:29,040: -PUB [/vis/agent_10/speed_limit] /onlane_ai_agent_10 http://y:33681/
[rosmaster.master][INFO] 2026-04-25 20:36:29,040: -PUB [/vis/agent_5/forward_trajs] /onlane_ai_agent_5 http://y:40825/
[rosmaster.master][INFO] 2026-04-25 20:36:29,040: -PUB [/phy_simulator_planning_node/vis/vehicle_set_vis] /phy_simulator_planning_node http://y:34151/
[rosmaster.master][INFO] 2026-04-25 20:36:29,040: -PUB [/vis/agent_8/surrounding_vehicle_vis] /onlane_ai_agent_8 http://y:46669/
[rosmaster.master][INFO] 2026-04-25 20:36:29,041: -PUB [/vis/agent_10/forward_trajs] /onlane_ai_agent_10 http://y:33681/
[rosmaster.master][INFO] 2026-04-25 20:36:29,041: -SUB [/arena_info_static] /onlane_ai_agent_5 http://y:40825/
[rosmaster.master][INFO] 2026-04-25 20:36:29,041: -PUB [/phy_simulator_planning_node/vis/lane_net_vis] /phy_simulator_planning_node http://y:34151/
[rosmaster.master][INFO] 2026-04-25 20:36:29,041: -PUB [/vis/agent_8/speed_limit] /onlane_ai_agent_8 http://y:46669/
[rosmaster.master][INFO] 2026-04-25 20:36:29,041: -SUB [/arena_info_static] /onlane_ai_agent_10 http://y:33681/
[rosmaster.master][INFO] 2026-04-25 20:36:29,041: -SUB [/arena_info_dynamic] /onlane_ai_agent_5 http://y:40825/
[rosmaster.master][INFO] 2026-04-25 20:36:29,042: -PUB [/phy_simulator_planning_node/vis/obstacle_set_vis] /phy_simulator_planning_node http://y:34151/
[rosmaster.master][INFO] 2026-04-25 20:36:29,042: -SUB [/arena_info_dynamic] /onlane_ai_agent_10 http://y:33681/
[rosmaster.master][INFO] 2026-04-25 20:36:29,042: -PUB [/vis/agent_8/forward_trajs] /onlane_ai_agent_8 http://y:46669/
[rosmaster.master][INFO] 2026-04-25 20:36:29,042: -SUB [/joy] /onlane_ai_agent_5 http://y:40825/
[rosmaster.master][INFO] 2026-04-25 20:36:29,042: -SUB [/arena_info_static] /onlane_ai_agent_8 http://y:46669/
[rosmaster.master][INFO] 2026-04-25 20:36:29,043: -SUB [/joy] /onlane_ai_agent_10 http://y:33681/
[rosmaster.master][INFO] 2026-04-25 20:36:29,043: -SERVICE [/onlane_ai_agent_5/get_loggers] /onlane_ai_agent_5 rosrpc://y:38765
[rosmaster.master][INFO] 2026-04-25 20:36:29,043: -SUB [/ctrl/agent_1003] /phy_simulator_planning_node http://y:34151/
[rosmaster.master][INFO] 2026-04-25 20:36:29,043: -SERVICE [/onlane_ai_agent_10/get_loggers] /onlane_ai_agent_10 rosrpc://y:35529
[rosmaster.master][INFO] 2026-04-25 20:36:29,043: -SUB [/arena_info_dynamic] /onlane_ai_agent_8 http://y:46669/
[rosmaster.master][INFO] 2026-04-25 20:36:29,044: -SERVICE [/onlane_ai_agent_5/set_logger_level] /onlane_ai_agent_5 rosrpc://y:38765
[rosmaster.master][INFO] 2026-04-25 20:36:29,044: -SERVICE [/onlane_ai_agent_10/set_logger_level] /onlane_ai_agent_10 rosrpc://y:35529
[rosmaster.master][INFO] 2026-04-25 20:36:29,044: -SUB [/ctrl/agent_1002] /phy_simulator_planning_node http://y:34151/
[rosmaster.master][INFO] 2026-04-25 20:36:29,044: -SUB [/joy] /onlane_ai_agent_8 http://y:46669/
[rosmaster.master][INFO] 2026-04-25 20:36:29,044: -SUB [/ctrl/agent_0] /phy_simulator_planning_node http://y:34151/
[rosmaster.master][INFO] 2026-04-25 20:36:29,044: -SERVICE [/onlane_ai_agent_8/get_loggers] /onlane_ai_agent_8 rosrpc://y:56483
[rosmaster.master][INFO] 2026-04-25 20:36:29,044: -SUB [/ctrl/agent_1001] /phy_simulator_planning_node http://y:34151/
[rosmaster.master][INFO] 2026-04-25 20:36:29,045: -SERVICE [/onlane_ai_agent_8/set_logger_level] /onlane_ai_agent_8 rosrpc://y:56483
[rosmaster.master][INFO] 2026-04-25 20:36:29,045: -SUB [/ctrl/agent_1] /phy_simulator_planning_node http://y:34151/
[rosmaster.master][INFO] 2026-04-25 20:36:29,045: -SUB [/ctrl/agent_2] /phy_simulator_planning_node http://y:34151/
[rosmaster.master][INFO] 2026-04-25 20:36:29,045: -SUB [/ctrl/agent_3] /phy_simulator_planning_node http://y:34151/
[rosmaster.master][INFO] 2026-04-25 20:36:29,045: -SUB [/ctrl/agent_4] /phy_simulator_planning_node http://y:34151/
[rosmaster.master][INFO] 2026-04-25 20:36:29,045: -SUB [/ctrl/agent_5] /phy_simulator_planning_node http://y:34151/
[rosmaster.master][INFO] 2026-04-25 20:36:29,045: -SUB [/ctrl/agent_6] /phy_simulator_planning_node http://y:34151/
[rosmaster.master][INFO] 2026-04-25 20:36:29,046: -SUB [/ctrl/agent_7] /phy_simulator_planning_node http://y:34151/
[rosmaster.master][INFO] 2026-04-25 20:36:29,046: -SUB [/ctrl/agent_8] /phy_simulator_planning_node http://y:34151/
[rosmaster.master][INFO] 2026-04-25 20:36:29,046: -SUB [/ctrl/agent_9] /phy_simulator_planning_node http://y:34151/
[rosmaster.master][INFO] 2026-04-25 20:36:29,046: -SUB [/ctrl/agent_10] /phy_simulator_planning_node http://y:34151/
[rosmaster.master][INFO] 2026-04-25 20:36:29,046: -SUB [/ctrl/agent_1000] /phy_simulator_planning_node http://y:34151/
[rosmaster.master][INFO] 2026-04-25 20:36:29,047: -SUB [/initialpose] /phy_simulator_planning_node http://y:34151/
[rosmaster.master][INFO] 2026-04-25 20:36:29,047: -SUB [/move_base_simple/goal] /phy_simulator_planning_node http://y:34151/
[rosmaster.master][INFO] 2026-04-25 20:36:29,047: -SERVICE [/phy_simulator_planning_node/get_loggers] /phy_simulator_planning_node rosrpc://y:57939
[rosmaster.master][INFO] 2026-04-25 20:36:29,047: -SERVICE [/phy_simulator_planning_node/set_logger_level] /phy_simulator_planning_node rosrpc://y:57939
[rosmaster.master][INFO] 2026-04-25 20:36:29,088: publisherUpdate[/rosout] -> http://y:42217/ ['http://y:46847/', 'http://y:37179/', 'http://y:38233/', 'http://y:40659/', 'http://y:36817/', 'http://y:46269/', 'http://y:46669/', 'http://y:45103/', 'http://y:46843/', 'http://y:40825/', 'http://y:34151/']
[rosmaster.master][INFO] 2026-04-25 20:36:29,089: publisherUpdate[/rosout] -> http://y:42217/ ['http://y:46847/', 'http://y:37179/', 'http://y:38233/', 'http://y:40659/', 'http://y:36817/', 'http://y:46269/', 'http://y:46669/', 'http://y:45103/', 'http://y:46843/', 'http://y:40825/', 'http://y:34151/']: sec=0.00, result=[1, '', 0]
[rosmaster.master][INFO] 2026-04-25 20:36:29,089: publisherUpdate[/rosout] -> http://y:42217/ ['http://y:46847/', 'http://y:37179/', 'http://y:38233/', 'http://y:40659/', 'http://y:36817/', 'http://y:46269/', 'http://y:46669/', 'http://y:45103/', 'http://y:46843/', 'http://y:34151/']
[rosmaster.master][INFO] 2026-04-25 20:36:29,089: publisherUpdate[/rosout] -> http://y:42217/ ['http://y:46847/', 'http://y:37179/', 'http://y:38233/', 'http://y:40659/', 'http://y:36817/', 'http://y:46269/', 'http://y:46669/', 'http://y:45103/', 'http://y:46843/', 'http://y:34151/']: sec=0.00, result=[1, '', 0]
[rosmaster.master][INFO] 2026-04-25 20:36:29,089: publisherUpdate[/ctrl/agent_10] -> http://y:34151/ []
[rosmaster.master][INFO] 2026-04-25 20:36:29,090: publisherUpdate[/ctrl/agent_10] -> http://y:34151/ []: sec=0.00, exception=<Fault -1: 'publisherUpdate: unknown method name'>
[rosmaster.threadpool][ERROR] 2026-04-25 20:36:29,090: Traceback (most recent call last):
  File "/opt/ros/noetic/lib/python3/dist-packages/rosmaster/threadpool.py", line 218, in run
    result = cmd(*args)
  File "/opt/ros/noetic/lib/python3/dist-packages/rosmaster/master_api.py", line 210, in publisher_update_task
    ret = xmlrpcapi(api).publisherUpdate('/master', topic, pub_uris)
  File "/usr/lib/python3.8/xmlrpc/client.py", line 1109, in __call__
    return self.__send(self.__name, args)
  File "/usr/lib/python3.8/xmlrpc/client.py", line 1450, in __request
    response = self.__transport.request(
  File "/usr/lib/python3.8/xmlrpc/client.py", line 1153, in request
    return self.single_request(host, handler, request_body, verbose)
  File "/usr/lib/python3.8/xmlrpc/client.py", line 1169, in single_request
    return self.parse_response(resp)
  File "/usr/lib/python3.8/xmlrpc/client.py", line 1341, in parse_response
    return u.close()
  File "/usr/lib/python3.8/xmlrpc/client.py", line 655, in close
    raise Fault(**self._stack[0])
xmlrpc.client.Fault: <Fault -1: 'publisherUpdate: unknown method name'>

[rosmaster.master][INFO] 2026-04-25 20:36:29,090: publisherUpdate[/rosout] -> http://y:42217/ ['http://y:46847/', 'http://y:37179/', 'http://y:38233/', 'http://y:40659/', 'http://y:36817/', 'http://y:46269/', 'http://y:45103/', 'http://y:46843/', 'http://y:34151/']
[rosmaster.master][INFO] 2026-04-25 20:36:29,091: publisherUpdate[/rosout] -> http://y:42217/ ['http://y:46847/', 'http://y:37179/', 'http://y:38233/', 'http://y:40659/', 'http://y:36817/', 'http://y:46269/', 'http://y:45103/', 'http://y:46843/', 'http://y:34151/']: sec=0.00, result=[1, '', 0]
[rosmaster.master][INFO] 2026-04-25 20:36:29,091: publisherUpdate[/ctrl/agent_5] -> http://y:34151/ []
[rosmaster.master][INFO] 2026-04-25 20:36:29,091: publisherUpdate[/ctrl/agent_5] -> http://y:34151/ []: sec=0.00, exception=<Fault -1: 'publisherUpdate: unknown method name'>
[rosmaster.threadpool][ERROR] 2026-04-25 20:36:29,091: Traceback (most recent call last):
  File "/opt/ros/noetic/lib/python3/dist-packages/rosmaster/threadpool.py", line 218, in run
    result = cmd(*args)
  File "/opt/ros/noetic/lib/python3/dist-packages/rosmaster/master_api.py", line 210, in publisher_update_task
    ret = xmlrpcapi(api).publisherUpdate('/master', topic, pub_uris)
  File "/usr/lib/python3.8/xmlrpc/client.py", line 1109, in __call__
    return self.__send(self.__name, args)
  File "/usr/lib/python3.8/xmlrpc/client.py", line 1450, in __request
    response = self.__transport.request(
  File "/usr/lib/python3.8/xmlrpc/client.py", line 1153, in request
    return self.single_request(host, handler, request_body, verbose)
  File "/usr/lib/python3.8/xmlrpc/client.py", line 1169, in single_request
    return self.parse_response(resp)
  File "/usr/lib/python3.8/xmlrpc/client.py", line 1341, in parse_response
    return u.close()
  File "/usr/lib/python3.8/xmlrpc/client.py", line 655, in close
    raise Fault(**self._stack[0])
xmlrpc.client.Fault: <Fault -1: 'publisherUpdate: unknown method name'>

[rosmaster.master][INFO] 2026-04-25 20:36:29,091: publisherUpdate[/ctrl/agent_8] -> http://y:34151/ []
[rosmaster.master][INFO] 2026-04-25 20:36:29,092: publisherUpdate[/ctrl/agent_8] -> http://y:34151/ []: sec=0.00, exception=<Fault -1: 'publisherUpdate: unknown method name'>
[rosmaster.threadpool][ERROR] 2026-04-25 20:36:29,092: Traceback (most recent call last):
  File "/opt/ros/noetic/lib/python3/dist-packages/rosmaster/threadpool.py", line 218, in run
    result = cmd(*args)
  File "/opt/ros/noetic/lib/python3/dist-packages/rosmaster/master_api.py", line 210, in publisher_update_task
    ret = xmlrpcapi(api).publisherUpdate('/master', topic, pub_uris)
  File "/usr/lib/python3.8/xmlrpc/client.py", line 1109, in __call__
    return self.__send(self.__name, args)
  File "/usr/lib/python3.8/xmlrpc/client.py", line 1450, in __request
    response = self.__transport.request(
  File "/usr/lib/python3.8/xmlrpc/client.py", line 1153, in request
    return self.single_request(host, handler, request_body, verbose)
  File "/usr/lib/python3.8/xmlrpc/client.py", line 1169, in single_request
    return self.parse_response(resp)
  File "/usr/lib/python3.8/xmlrpc/client.py", line 1341, in parse_response
    return u.close()
  File "/usr/lib/python3.8/xmlrpc/client.py", line 655, in close
    raise Fault(**self._stack[0])
xmlrpc.client.Fault: <Fault -1: 'publisherUpdate: unknown method name'>

[rosmaster.master][INFO] 2026-04-25 20:36:29,092: publisherUpdate[/rosout] -> http://y:42217/ ['http://y:46847/', 'http://y:37179/', 'http://y:38233/', 'http://y:40659/', 'http://y:36817/', 'http://y:46269/', 'http://y:45103/', 'http://y:46843/']
[rosmaster.master][INFO] 2026-04-25 20:36:29,092: publisherUpdate[/rosout] -> http://y:42217/ ['http://y:46847/', 'http://y:37179/', 'http://y:38233/', 'http://y:40659/', 'http://y:36817/', 'http://y:46269/', 'http://y:45103/', 'http://y:46843/']: sec=0.00, result=[1, '', 0]
[rosmaster.master][INFO] 2026-04-25 20:36:29,092: publisherUpdate[/arena_info_static] -> http://y:46847/ []
[rosmaster.master][INFO] 2026-04-25 20:36:29,092: publisherUpdate[/arena_info_static] -> http://y:46847/ []: sec=0.00, result=[1, '', 0]
[rosmaster.master][INFO] 2026-04-25 20:36:29,092: publisherUpdate[/arena_info_static] -> http://y:37179/ []
[rosmaster.master][INFO] 2026-04-25 20:36:29,093: publisherUpdate[/arena_info_static] -> http://y:37179/ []: sec=0.00, result=[0, 'Unknown Error', 0]
[rosmaster.master][INFO] 2026-04-25 20:36:29,093: publisherUpdate[/arena_info_static] -> http://y:36817/ []
[rosmaster.master][INFO] 2026-04-25 20:36:29,093: publisherUpdate[/arena_info_static] -> http://y:36817/ []: sec=0.00, result=[0, 'Unknown Error', 0]
[rosmaster.master][INFO] 2026-04-25 20:36:29,093: publisherUpdate[/arena_info_static] -> http://y:46669/ []
[rosmaster.master][INFO] 2026-04-25 20:36:29,093: publisherUpdate[/arena_info_static] -> http://y:46669/ []: sec=0.00, exception=<Fault -1: 'publisherUpdate: unknown method name'>
[rosmaster.threadpool][ERROR] 2026-04-25 20:36:29,093: Traceback (most recent call last):
  File "/opt/ros/noetic/lib/python3/dist-packages/rosmaster/threadpool.py", line 218, in run
    result = cmd(*args)
  File "/opt/ros/noetic/lib/python3/dist-packages/rosmaster/master_api.py", line 210, in publisher_update_task
    ret = xmlrpcapi(api).publisherUpdate('/master', topic, pub_uris)
  File "/usr/lib/python3.8/xmlrpc/client.py", line 1109, in __call__
    return self.__send(self.__name, args)
  File "/usr/lib/python3.8/xmlrpc/client.py", line 1450, in __request
    response = self.__transport.request(
  File "/usr/lib/python3.8/xmlrpc/client.py", line 1153, in request
    return self.single_request(host, handler, request_body, verbose)
  File "/usr/lib/python3.8/xmlrpc/client.py", line 1169, in single_request
    return self.parse_response(resp)
  File "/usr/lib/python3.8/xmlrpc/client.py", line 1341, in parse_response
    return u.close()
  File "/usr/lib/python3.8/xmlrpc/client.py", line 655, in close
    raise Fault(**self._stack[0])
xmlrpc.client.Fault: <Fault -1: 'publisherUpdate: unknown method name'>

[rosmaster.master][INFO] 2026-04-25 20:36:29,093: publisherUpdate[/arena_info_static] -> http://y:45103/ []
[rosmaster.master][INFO] 2026-04-25 20:36:29,094: publisherUpdate[/arena_info_static] -> http://y:45103/ []: sec=0.00, result=[0, 'Unknown Error', 0]
[rosmaster.master][INFO] 2026-04-25 20:36:29,094: publisherUpdate[/arena_info_static] -> http://y:38233/ []
[rosmaster.master][INFO] 2026-04-25 20:36:29,094: publisherUpdate[/arena_info_static] -> http://y:38233/ []: sec=0.00, result=[1, '', 0]
[rosmaster.master][INFO] 2026-04-25 20:36:29,094: publisherUpdate[/arena_info_static] -> http://y:40659/ []
[rosmaster.master][INFO] 2026-04-25 20:36:29,095: publisherUpdate[/arena_info_static] -> http://y:40659/ []: sec=0.00, result=[0, 'Unknown Error', 0]
[rosmaster.master][INFO] 2026-04-25 20:36:29,095: publisherUpdate[/arena_info_static] -> http://y:46843/ []
[rosmaster.master][INFO] 2026-04-25 20:36:29,095: publisherUpdate[/arena_info_static] -> http://y:46843/ []: sec=0.00, result=[0, 'Unknown Error', 0]
[rosmaster.master][INFO] 2026-04-25 20:36:29,095: publisherUpdate[/arena_info_static] -> http://y:46269/ []
[rosmaster.master][INFO] 2026-04-25 20:36:29,095: publisherUpdate[/arena_info_static] -> http://y:46269/ []: sec=0.00, result=[0, 'Unknown Error', 0]
[rosmaster.master][INFO] 2026-04-25 20:36:29,095: publisherUpdate[/arena_info_static] -> http://y:40825/ []
[rosmaster.master][INFO] 2026-04-25 20:36:29,096: publisherUpdate[/arena_info_static] -> http://y:40825/ []: sec=0.00, exception=<Fault -1: 'publisherUpdate: unknown method name'>
[rosmaster.threadpool][ERROR] 2026-04-25 20:36:29,096: Traceback (most recent call last):
  File "/opt/ros/noetic/lib/python3/dist-packages/rosmaster/threadpool.py", line 218, in run
    result = cmd(*args)
  File "/opt/ros/noetic/lib/python3/dist-packages/rosmaster/master_api.py", line 210, in publisher_update_task
    ret = xmlrpcapi(api).publisherUpdate('/master', topic, pub_uris)
  File "/usr/lib/python3.8/xmlrpc/client.py", line 1109, in __call__
    return self.__send(self.__name, args)
  File "/usr/lib/python3.8/xmlrpc/client.py", line 1450, in __request
    response = self.__transport.request(
  File "/usr/lib/python3.8/xmlrpc/client.py", line 1153, in request
    return self.single_request(host, handler, request_body, verbose)
  File "/usr/lib/python3.8/xmlrpc/client.py", line 1169, in single_request
    return self.parse_response(resp)
  File "/usr/lib/python3.8/xmlrpc/client.py", line 1341, in parse_response
    return u.close()
  File "/usr/lib/python3.8/xmlrpc/client.py", line 655, in close
    raise Fault(**self._stack[0])
xmlrpc.client.Fault: <Fault -1: 'publisherUpdate: unknown method name'>

[rosmaster.master][INFO] 2026-04-25 20:36:29,096: publisherUpdate[/arena_info_static] -> http://y:33681/ []
[rosmaster.master][INFO] 2026-04-25 20:36:29,096: publisherUpdate[/arena_info_static] -> http://y:33681/ []: sec=0.00, exception=<Fault -1: 'publisherUpdate: unknown method name'>
[rosmaster.threadpool][ERROR] 2026-04-25 20:36:29,096: Traceback (most recent call last):
  File "/opt/ros/noetic/lib/python3/dist-packages/rosmaster/threadpool.py", line 218, in run
    result = cmd(*args)
  File "/opt/ros/noetic/lib/python3/dist-packages/rosmaster/master_api.py", line 210, in publisher_update_task
    ret = xmlrpcapi(api).publisherUpdate('/master', topic, pub_uris)
  File "/usr/lib/python3.8/xmlrpc/client.py", line 1109, in __call__
    return self.__send(self.__name, args)
  File "/usr/lib/python3.8/xmlrpc/client.py", line 1450, in __request
    response = self.__transport.request(
  File "/usr/lib/python3.8/xmlrpc/client.py", line 1153, in request
    return self.single_request(host, handler, request_body, verbose)
  File "/usr/lib/python3.8/xmlrpc/client.py", line 1169, in single_request
    return self.parse_response(resp)
  File "/usr/lib/python3.8/xmlrpc/client.py", line 1341, in parse_response
    return u.close()
  File "/usr/lib/python3.8/xmlrpc/client.py", line 655, in close
    raise Fault(**self._stack[0])
xmlrpc.client.Fault: <Fault -1: 'publisherUpdate: unknown method name'>

[rosmaster.master][INFO] 2026-04-25 20:36:29,096: publisherUpdate[/arena_info_dynamic] -> http://y:37179/ []
[rosmaster.master][INFO] 2026-04-25 20:36:29,097: publisherUpdate[/arena_info_dynamic] -> http://y:37179/ []: sec=0.00, result=[0, 'Unknown Error', 0]
[rosmaster.master][INFO] 2026-04-25 20:36:29,097: publisherUpdate[/arena_info_dynamic] -> http://y:36817/ []
[rosmaster.master][INFO] 2026-04-25 20:36:29,097: publisherUpdate[/arena_info_dynamic] -> http://y:36817/ []: sec=0.00, result=[0, 'Unknown Error', 0]
[rosmaster.master][INFO] 2026-04-25 20:36:29,097: publisherUpdate[/arena_info_dynamic] -> http://y:46669/ []
[rosmaster.master][INFO] 2026-04-25 20:36:29,097: publisherUpdate[/arena_info_dynamic] -> http://y:46669/ []: sec=0.00, exception=<Fault -1: 'publisherUpdate: unknown method name'>
[rosmaster.threadpool][ERROR] 2026-04-25 20:36:29,097: Traceback (most recent call last):
  File "/opt/ros/noetic/lib/python3/dist-packages/rosmaster/threadpool.py", line 218, in run
    result = cmd(*args)
  File "/opt/ros/noetic/lib/python3/dist-packages/rosmaster/master_api.py", line 210, in publisher_update_task
    ret = xmlrpcapi(api).publisherUpdate('/master', topic, pub_uris)
  File "/usr/lib/python3.8/xmlrpc/client.py", line 1109, in __call__
    return self.__send(self.__name, args)
  File "/usr/lib/python3.8/xmlrpc/client.py", line 1450, in __request
    response = self.__transport.request(
  File "/usr/lib/python3.8/xmlrpc/client.py", line 1153, in request
    return self.single_request(host, handler, request_body, verbose)
  File "/usr/lib/python3.8/xmlrpc/client.py", line 1169, in single_request
    return self.parse_response(resp)
  File "/usr/lib/python3.8/xmlrpc/client.py", line 1341, in parse_response
    return u.close()
  File "/usr/lib/python3.8/xmlrpc/client.py", line 655, in close
    raise Fault(**self._stack[0])
xmlrpc.client.Fault: <Fault -1: 'publisherUpdate: unknown method name'>

[rosmaster.master][INFO] 2026-04-25 20:36:29,097: publisherUpdate[/arena_info_dynamic] -> http://y:45103/ []
[rosmaster.master][INFO] 2026-04-25 20:36:29,098: publisherUpdate[/arena_info_dynamic] -> http://y:45103/ []: sec=0.00, result=[0, 'Unknown Error', 0]
[rosmaster.master][INFO] 2026-04-25 20:36:29,098: publisherUpdate[/arena_info_dynamic] -> http://y:38233/ []
[rosmaster.master][INFO] 2026-04-25 20:36:29,098: publisherUpdate[/arena_info_dynamic] -> http://y:38233/ []: sec=0.00, result=[1, '', 0]
[rosmaster.master][INFO] 2026-04-25 20:36:29,098: publisherUpdate[/arena_info_dynamic] -> http://y:46847/ []
[rosmaster.master][INFO] 2026-04-25 20:36:29,098: publisherUpdate[/arena_info_dynamic] -> http://y:46847/ []: sec=0.00, result=[1, '', 0]
[rosmaster.master][INFO] 2026-04-25 20:36:29,098: publisherUpdate[/arena_info_dynamic] -> http://y:40659/ []
[rosmaster.master][INFO] 2026-04-25 20:36:29,098: publisherUpdate[/arena_info_dynamic] -> http://y:40659/ []: sec=0.00, result=[0, 'Unknown Error', 0]
[rosmaster.master][INFO] 2026-04-25 20:36:29,098: publisherUpdate[/arena_info_dynamic] -> http://y:46269/ []
[rosmaster.master][INFO] 2026-04-25 20:36:29,099: publisherUpdate[/arena_info_dynamic] -> http://y:46269/ []: sec=0.00, result=[0, 'Unknown Error', 0]
[rosmaster.master][INFO] 2026-04-25 20:36:29,099: publisherUpdate[/arena_info_dynamic] -> http://y:40825/ []
[rosmaster.master][INFO] 2026-04-25 20:36:29,099: publisherUpdate[/arena_info_dynamic] -> http://y:40825/ []: sec=0.00, exception=<Fault -1: 'publisherUpdate: unknown method name'>
[rosmaster.threadpool][ERROR] 2026-04-25 20:36:29,099: Traceback (most recent call last):
  File "/opt/ros/noetic/lib/python3/dist-packages/rosmaster/threadpool.py", line 218, in run
    result = cmd(*args)
  File "/opt/ros/noetic/lib/python3/dist-packages/rosmaster/master_api.py", line 210, in publisher_update_task
    ret = xmlrpcapi(api).publisherUpdate('/master', topic, pub_uris)
  File "/usr/lib/python3.8/xmlrpc/client.py", line 1109, in __call__
    return self.__send(self.__name, args)
  File "/usr/lib/python3.8/xmlrpc/client.py", line 1450, in __request
    response = self.__transport.request(
  File "/usr/lib/python3.8/xmlrpc/client.py", line 1153, in request
    return self.single_request(host, handler, request_body, verbose)
  File "/usr/lib/python3.8/xmlrpc/client.py", line 1169, in single_request
    return self.parse_response(resp)
  File "/usr/lib/python3.8/xmlrpc/client.py", line 1341, in parse_response
    return u.close()
  File "/usr/lib/python3.8/xmlrpc/client.py", line 655, in close
    raise Fault(**self._stack[0])
xmlrpc.client.Fault: <Fault -1: 'publisherUpdate: unknown method name'>

[rosmaster.master][INFO] 2026-04-25 20:36:29,099: publisherUpdate[/arena_info_dynamic] -> http://y:46843/ []
[rosmaster.master][INFO] 2026-04-25 20:36:29,099: publisherUpdate[/arena_info_dynamic] -> http://y:46843/ []: sec=0.00, result=[0, 'Unknown Error', 0]
[rosmaster.master][INFO] 2026-04-25 20:36:29,099: publisherUpdate[/arena_info_dynamic] -> http://y:33681/ []
[rosmaster.master][INFO] 2026-04-25 20:36:29,099: publisherUpdate[/arena_info_dynamic] -> http://y:33681/ []: sec=0.00, exception=<Fault -1: 'publisherUpdate: unknown method name'>
[rosmaster.threadpool][ERROR] 2026-04-25 20:36:29,099: Traceback (most recent call last):
  File "/opt/ros/noetic/lib/python3/dist-packages/rosmaster/threadpool.py", line 218, in run
    result = cmd(*args)
  File "/opt/ros/noetic/lib/python3/dist-packages/rosmaster/master_api.py", line 210, in publisher_update_task
    ret = xmlrpcapi(api).publisherUpdate('/master', topic, pub_uris)
  File "/usr/lib/python3.8/xmlrpc/client.py", line 1109, in __call__
    return self.__send(self.__name, args)
  File "/usr/lib/python3.8/xmlrpc/client.py", line 1450, in __request
    response = self.__transport.request(
  File "/usr/lib/python3.8/xmlrpc/client.py", line 1153, in request
    return self.single_request(host, handler, request_body, verbose)
  File "/usr/lib/python3.8/xmlrpc/client.py", line 1169, in single_request
    return self.parse_response(resp)
  File "/usr/lib/python3.8/xmlrpc/client.py", line 1341, in parse_response
    return u.close()
  File "/usr/lib/python3.8/xmlrpc/client.py", line 655, in close
    raise Fault(**self._stack[0])
xmlrpc.client.Fault: <Fault -1: 'publisherUpdate: unknown method name'>

[rosmaster.master][INFO] 2026-04-25 20:36:29,197: -PUB [/rosout] /onlane_ai_agent_3 http://y:37179/
[rosmaster.master][INFO] 2026-04-25 20:36:29,198: -PUB [/rosout] /onlane_ai_agent_4 http://y:36817/
[rosmaster.master][INFO] 2026-04-25 20:36:29,198: -PUB [/ctrl/agent_4] /onlane_ai_agent_4 http://y:36817/
[rosmaster.master][INFO] 2026-04-25 20:36:29,199: -PUB [/rosout] /onlane_ai_agent_9 http://y:45103/
[rosmaster.master][INFO] 2026-04-25 20:36:29,199: -PUB [/ctrl/agent_3] /onlane_ai_agent_3 http://y:37179/
[rosmaster.master][INFO] 2026-04-25 20:36:29,199: -PUB [/tf] /onlane_ai_agent_4 http://y:36817/
[rosmaster.master][INFO] 2026-04-25 20:36:29,200: -PUB [/rosout] /onlane_ai_agent_7 http://y:46269/
[rosmaster.master][INFO] 2026-04-25 20:36:29,200: publisherUpdate[/rosout] -> http://y:42217/ ['http://y:46847/', 'http://y:38233/', 'http://y:40659/', 'http://y:36817/', 'http://y:46269/', 'http://y:45103/', 'http://y:46843/']
[rosmaster.master][INFO] 2026-04-25 20:36:29,200: -PUB [/rosout] /onlane_ai_agent_2 http://y:40659/
[rosmaster.master][INFO] 2026-04-25 20:36:29,200: -PUB [/ctrl/agent_9] /onlane_ai_agent_9 http://y:45103/
[rosmaster.master][INFO] 2026-04-25 20:36:29,201: -PUB [/tf] /onlane_ai_agent_3 http://y:37179/
[rosmaster.master][INFO] 2026-04-25 20:36:29,201: publisherUpdate[/rosout] -> http://y:42217/ ['http://y:46847/', 'http://y:38233/', 'http://y:40659/', 'http://y:36817/', 'http://y:46269/', 'http://y:45103/', 'http://y:46843/']: sec=0.00, result=[1, '', 0]
[rosmaster.master][INFO] 2026-04-25 20:36:29,201: publisherUpdate[/rosout] -> http://y:42217/ ['http://y:46847/', 'http://y:38233/', 'http://y:40659/', 'http://y:46269/', 'http://y:45103/', 'http://y:46843/']
[rosmaster.master][INFO] 2026-04-25 20:36:29,201: -PUB [/vis/agent_4/ego_vehicle_vis] /onlane_ai_agent_4 http://y:36817/
[rosmaster.master][INFO] 2026-04-25 20:36:29,201: -PUB [/rosout] /onlane_ai_agent_6 http://y:46843/
[rosmaster.master][INFO] 2026-04-25 20:36:29,201: -PUB [/ctrl/agent_7] /onlane_ai_agent_7 http://y:46269/
[rosmaster.master][INFO] 2026-04-25 20:36:29,202: publisherUpdate[/rosout] -> http://y:42217/ ['http://y:46847/', 'http://y:38233/', 'http://y:40659/', 'http://y:46269/', 'http://y:45103/', 'http://y:46843/']: sec=0.00, result=[1, '', 0]
[rosmaster.master][INFO] 2026-04-25 20:36:29,202: -PUB [/ctrl/agent_2] /onlane_ai_agent_2 http://y:40659/
[rosmaster.master][INFO] 2026-04-25 20:36:29,202: publisherUpdate[/rosout] -> http://y:42217/ ['http://y:46847/', 'http://y:38233/', 'http://y:40659/', 'http://y:46269/', 'http://y:46843/']
[rosmaster.master][INFO] 2026-04-25 20:36:29,202: -PUB [/tf] /onlane_ai_agent_9 http://y:45103/
[rosmaster.master][INFO] 2026-04-25 20:36:29,202: -PUB [/vis/agent_3/ego_vehicle_vis] /onlane_ai_agent_3 http://y:37179/
[rosmaster.master][INFO] 2026-04-25 20:36:29,203: publisherUpdate[/rosout] -> http://y:42217/ ['http://y:46847/', 'http://y:38233/', 'http://y:40659/', 'http://y:46269/', 'http://y:46843/']: sec=0.00, result=[1, '', 0]
[rosmaster.master][INFO] 2026-04-25 20:36:29,203: -PUB [/vis/agent_4/obstacle_map] /onlane_ai_agent_4 http://y:36817/
[rosmaster.master][INFO] 2026-04-25 20:36:29,203: publisherUpdate[/rosout] -> http://y:42217/ ['http://y:46847/', 'http://y:38233/', 'http://y:40659/', 'http://y:46843/']
[rosmaster.master][INFO] 2026-04-25 20:36:29,203: -PUB [/ctrl/agent_6] /onlane_ai_agent_6 http://y:46843/
[rosmaster.master][INFO] 2026-04-25 20:36:29,203: -PUB [/tf] /onlane_ai_agent_7 http://y:46269/
[rosmaster.master][INFO] 2026-04-25 20:36:29,204: publisherUpdate[/rosout] -> http://y:42217/ ['http://y:46847/', 'http://y:38233/', 'http://y:40659/', 'http://y:46843/']: sec=0.00, result=[1, '', 0]
[rosmaster.master][INFO] 2026-04-25 20:36:29,204: -PUB [/tf] /onlane_ai_agent_2 http://y:40659/
[rosmaster.master][INFO] 2026-04-25 20:36:29,204: publisherUpdate[/rosout] -> http://y:42217/ ['http://y:46847/', 'http://y:38233/', 'http://y:46843/']
[rosmaster.master][INFO] 2026-04-25 20:36:29,204: -PUB [/vis/agent_9/ego_vehicle_vis] /onlane_ai_agent_9 http://y:45103/
[rosmaster.master][INFO] 2026-04-25 20:36:29,204: -PUB [/vis/agent_3/obstacle_map] /onlane_ai_agent_3 http://y:37179/
[rosmaster.master][INFO] 2026-04-25 20:36:29,205: publisherUpdate[/rosout] -> http://y:42217/ ['http://y:46847/', 'http://y:38233/', 'http://y:46843/']: sec=0.00, result=[1, '', 0]
[rosmaster.master][INFO] 2026-04-25 20:36:29,205: -PUB [/vis/agent_4/surrounding_lane_net_vis] /onlane_ai_agent_4 http://y:36817/
[rosmaster.master][INFO] 2026-04-25 20:36:29,205: publisherUpdate[/rosout] -> http://y:42217/ ['http://y:46847/', 'http://y:38233/']
[rosmaster.master][INFO] 2026-04-25 20:36:29,205: -PUB [/tf] /onlane_ai_agent_6 http://y:46843/
[rosmaster.master][INFO] 2026-04-25 20:36:29,205: -PUB [/vis/agent_7/ego_vehicle_vis] /onlane_ai_agent_7 http://y:46269/
[rosmaster.master][INFO] 2026-04-25 20:36:29,205: publisherUpdate[/rosout] -> http://y:42217/ ['http://y:46847/', 'http://y:38233/']: sec=0.00, result=[1, '', 0]
[rosmaster.master][INFO] 2026-04-25 20:36:29,206: -PUB [/vis/agent_2/ego_vehicle_vis] /onlane_ai_agent_2 http://y:40659/
[rosmaster.master][INFO] 2026-04-25 20:36:29,206: -PUB [/vis/agent_9/obstacle_map] /onlane_ai_agent_9 http://y:45103/
[rosmaster.master][INFO] 2026-04-25 20:36:29,206: -PUB [/vis/agent_3/surrounding_lane_net_vis] /onlane_ai_agent_3 http://y:37179/
[rosmaster.master][INFO] 2026-04-25 20:36:29,206: -PUB [/vis/agent_4/local_lanes_vis] /onlane_ai_agent_4 http://y:36817/
[rosmaster.master][INFO] 2026-04-25 20:36:29,206: -PUB [/vis/agent_6/ego_vehicle_vis] /onlane_ai_agent_6 http://y:46843/
[rosmaster.master][INFO] 2026-04-25 20:36:29,206: -PUB [/vis/agent_7/obstacle_map] /onlane_ai_agent_7 http://y:46269/
[rosmaster.master][INFO] 2026-04-25 20:36:29,207: -PUB [/vis/agent_2/obstacle_map] /onlane_ai_agent_2 http://y:40659/
[rosmaster.master][INFO] 2026-04-25 20:36:29,207: -PUB [/vis/agent_9/surrounding_lane_net_vis] /onlane_ai_agent_9 http://y:45103/
[rosmaster.master][INFO] 2026-04-25 20:36:29,207: -PUB [/vis/agent_3/local_lanes_vis] /onlane_ai_agent_3 http://y:37179/
[rosmaster.master][INFO] 2026-04-25 20:36:29,208: -PUB [/vis/agent_7/surrounding_lane_net_vis] /onlane_ai_agent_7 http://y:46269/
[rosmaster.master][INFO] 2026-04-25 20:36:29,208: -PUB [/vis/agent_6/obstacle_map] /onlane_ai_agent_6 http://y:46843/
[rosmaster.master][INFO] 2026-04-25 20:36:29,208: -PUB [/vis/agent_2/surrounding_lane_net_vis] /onlane_ai_agent_2 http://y:40659/
[rosmaster.master][INFO] 2026-04-25 20:36:29,208: -PUB [/vis/agent_9/local_lanes_vis] /onlane_ai_agent_9 http://y:45103/
[rosmaster.master][INFO] 2026-04-25 20:36:29,208: -PUB [/vis/agent_4/ego_behavior_vis] /onlane_ai_agent_4 http://y:36817/
[rosmaster.master][INFO] 2026-04-25 20:36:29,208: -PUB [/vis/agent_3/ego_behavior_vis] /onlane_ai_agent_3 http://y:37179/
[rosmaster.master][INFO] 2026-04-25 20:36:29,209: -PUB [/vis/agent_7/local_lanes_vis] /onlane_ai_agent_7 http://y:46269/
[rosmaster.master][INFO] 2026-04-25 20:36:29,209: -PUB [/vis/agent_6/surrounding_lane_net_vis] /onlane_ai_agent_6 http://y:46843/
[rosmaster.master][INFO] 2026-04-25 20:36:29,209: -PUB [/vis/agent_2/local_lanes_vis] /onlane_ai_agent_2 http://y:40659/
[rosmaster.master][INFO] 2026-04-25 20:36:29,209: -PUB [/vis/agent_9/ego_behavior_vis] /onlane_ai_agent_9 http://y:45103/
[rosmaster.master][INFO] 2026-04-25 20:36:29,210: -PUB [/vis/agent_4/pred_traj_openloop_vis] /onlane_ai_agent_4 http://y:36817/
[rosmaster.master][INFO] 2026-04-25 20:36:29,210: -PUB [/vis/agent_3/pred_traj_openloop_vis] /onlane_ai_agent_3 http://y:37179/
[rosmaster.master][INFO] 2026-04-25 20:36:29,210: -PUB [/vis/agent_7/ego_behavior_vis] /onlane_ai_agent_7 http://y:46269/
[rosmaster.master][INFO] 2026-04-25 20:36:29,210: -PUB [/vis/agent_6/local_lanes_vis] /onlane_ai_agent_6 http://y:46843/
[rosmaster.master][INFO] 2026-04-25 20:36:29,210: -PUB [/vis/agent_2/ego_behavior_vis] /onlane_ai_agent_2 http://y:40659/
[rosmaster.master][INFO] 2026-04-25 20:36:29,211: -PUB [/vis/agent_9/pred_traj_openloop_vis] /onlane_ai_agent_9 http://y:45103/
[rosmaster.master][INFO] 2026-04-25 20:36:29,211: -PUB [/vis/agent_4/pred_initial_intention_vis] /onlane_ai_agent_4 http://y:36817/
[rosmaster.master][INFO] 2026-04-25 20:36:29,211: -PUB [/vis/agent_3/pred_initial_intention_vis] /onlane_ai_agent_3 http://y:37179/
[rosmaster.master][INFO] 2026-04-25 20:36:29,211: -PUB [/vis/agent_6/ego_behavior_vis] /onlane_ai_agent_6 http://y:46843/
[rosmaster.master][INFO] 2026-04-25 20:36:29,211: -PUB [/vis/agent_7/pred_traj_openloop_vis] /onlane_ai_agent_7 http://y:46269/
[rosmaster.master][INFO] 2026-04-25 20:36:29,212: -PUB [/vis/agent_2/pred_traj_openloop_vis] /onlane_ai_agent_2 http://y:40659/
[rosmaster.master][INFO] 2026-04-25 20:36:29,212: -PUB [/vis/agent_9/pred_initial_intention_vis] /onlane_ai_agent_9 http://y:45103/
[rosmaster.master][INFO] 2026-04-25 20:36:29,212: -PUB [/vis/agent_4/surrounding_vehicle_vis] /onlane_ai_agent_4 http://y:36817/
[rosmaster.master][INFO] 2026-04-25 20:36:29,212: -PUB [/vis/agent_3/surrounding_vehicle_vis] /onlane_ai_agent_3 http://y:37179/
[rosmaster.master][INFO] 2026-04-25 20:36:29,212: -PUB [/vis/agent_6/pred_traj_openloop_vis] /onlane_ai_agent_6 http://y:46843/
[rosmaster.master][INFO] 2026-04-25 20:36:29,213: -PUB [/vis/agent_2/pred_initial_intention_vis] /onlane_ai_agent_2 http://y:40659/
[rosmaster.master][INFO] 2026-04-25 20:36:29,213: -PUB [/vis/agent_7/pred_initial_intention_vis] /onlane_ai_agent_7 http://y:46269/
[rosmaster.master][INFO] 2026-04-25 20:36:29,213: -PUB [/vis/agent_9/surrounding_vehicle_vis] /onlane_ai_agent_9 http://y:45103/
[rosmaster.master][INFO] 2026-04-25 20:36:29,213: -PUB [/vis/agent_3/speed_limit] /onlane_ai_agent_3 http://y:37179/
[rosmaster.master][INFO] 2026-04-25 20:36:29,213: -PUB [/vis/agent_4/speed_limit] /onlane_ai_agent_4 http://y:36817/
[rosmaster.master][INFO] 2026-04-25 20:36:29,214: -PUB [/vis/agent_6/pred_initial_intention_vis] /onlane_ai_agent_6 http://y:46843/
[rosmaster.master][INFO] 2026-04-25 20:36:29,214: -PUB [/vis/agent_2/surrounding_vehicle_vis] /onlane_ai_agent_2 http://y:40659/
[rosmaster.master][INFO] 2026-04-25 20:36:29,214: -PUB [/vis/agent_9/speed_limit] /onlane_ai_agent_9 http://y:45103/
[rosmaster.master][INFO] 2026-04-25 20:36:29,214: -PUB [/vis/agent_7/surrounding_vehicle_vis] /onlane_ai_agent_7 http://y:46269/
[rosmaster.master][INFO] 2026-04-25 20:36:29,214: -PUB [/vis/agent_3/forward_trajs] /onlane_ai_agent_3 http://y:37179/
[rosmaster.master][INFO] 2026-04-25 20:36:29,214: -PUB [/vis/agent_4/forward_trajs] /onlane_ai_agent_4 http://y:36817/
[rosmaster.master][INFO] 2026-04-25 20:36:29,215: -PUB [/vis/agent_6/surrounding_vehicle_vis] /onlane_ai_agent_6 http://y:46843/
[rosmaster.master][INFO] 2026-04-25 20:36:29,215: -PUB [/vis/agent_2/speed_limit] /onlane_ai_agent_2 http://y:40659/
[rosmaster.master][INFO] 2026-04-25 20:36:29,215: -PUB [/vis/agent_9/forward_trajs] /onlane_ai_agent_9 http://y:45103/
[rosmaster.master][INFO] 2026-04-25 20:36:29,215: -PUB [/vis/agent_7/speed_limit] /onlane_ai_agent_7 http://y:46269/
[rosmaster.master][INFO] 2026-04-25 20:36:29,215: -SUB [/arena_info_static] /onlane_ai_agent_3 http://y:37179/
[rosmaster.master][INFO] 2026-04-25 20:36:29,216: -SUB [/arena_info_static] /onlane_ai_agent_4 http://y:36817/
[rosmaster.master][INFO] 2026-04-25 20:36:29,216: -PUB [/vis/agent_6/speed_limit] /onlane_ai_agent_6 http://y:46843/
[rosmaster.master][INFO] 2026-04-25 20:36:29,216: -PUB [/vis/agent_2/forward_trajs] /onlane_ai_agent_2 http://y:40659/
[rosmaster.master][INFO] 2026-04-25 20:36:29,216: -PUB [/vis/agent_7/forward_trajs] /onlane_ai_agent_7 http://y:46269/
[rosmaster.master][INFO] 2026-04-25 20:36:29,217: -SUB [/arena_info_static] /onlane_ai_agent_7 http://y:46269/
[rosmaster.master][INFO] 2026-04-25 20:36:29,217: -SUB [/arena_info_dynamic] /onlane_ai_agent_3 http://y:37179/
[rosmaster.master][INFO] 2026-04-25 20:36:29,217: -PUB [/vis/agent_6/forward_trajs] /onlane_ai_agent_6 http://y:46843/
[rosmaster.master][INFO] 2026-04-25 20:36:29,218: -SUB [/arena_info_static] /onlane_ai_agent_2 http://y:40659/
[rosmaster.master][INFO] 2026-04-25 20:36:29,218: -SUB [/arena_info_dynamic] /onlane_ai_agent_4 http://y:36817/
[rosmaster.master][INFO] 2026-04-25 20:36:29,218: -SUB [/arena_info_static] /onlane_ai_agent_9 http://y:45103/
[rosmaster.master][INFO] 2026-04-25 20:36:29,219: -SUB [/arena_info_dynamic] /onlane_ai_agent_7 http://y:46269/
[rosmaster.master][INFO] 2026-04-25 20:36:29,219: -SUB [/arena_info_static] /onlane_ai_agent_6 http://y:46843/
[rosmaster.master][INFO] 2026-04-25 20:36:29,219: -SUB [/arena_info_dynamic] /onlane_ai_agent_2 http://y:40659/
[rosmaster.master][INFO] 2026-04-25 20:36:29,219: -SUB [/joy] /onlane_ai_agent_3 http://y:37179/
[rosmaster.master][INFO] 2026-04-25 20:36:29,219: -SUB [/joy] /onlane_ai_agent_4 http://y:36817/
[rosmaster.master][INFO] 2026-04-25 20:36:29,219: -SUB [/arena_info_dynamic] /onlane_ai_agent_9 http://y:45103/
[rosmaster.master][INFO] 2026-04-25 20:36:29,220: -SUB [/joy] /onlane_ai_agent_7 http://y:46269/
[rosmaster.master][INFO] 2026-04-25 20:36:29,220: -SUB [/arena_info_dynamic] /onlane_ai_agent_6 http://y:46843/
[rosmaster.master][INFO] 2026-04-25 20:36:29,220: -SUB [/joy] /onlane_ai_agent_2 http://y:40659/
[rosmaster.master][INFO] 2026-04-25 20:36:29,220: -SERVICE [/onlane_ai_agent_3/get_loggers] /onlane_ai_agent_3 rosrpc://y:38835
[rosmaster.master][INFO] 2026-04-25 20:36:29,221: -SUB [/joy] /onlane_ai_agent_9 http://y:45103/
[rosmaster.master][INFO] 2026-04-25 20:36:29,221: -SERVICE [/onlane_ai_agent_4/get_loggers] /onlane_ai_agent_4 rosrpc://y:56863
[rosmaster.master][INFO] 2026-04-25 20:36:29,221: -SERVICE [/onlane_ai_agent_7/get_loggers] /onlane_ai_agent_7 rosrpc://y:49497
[rosmaster.master][INFO] 2026-04-25 20:36:29,222: -SERVICE [/onlane_ai_agent_2/get_loggers] /onlane_ai_agent_2 rosrpc://y:57969
[rosmaster.master][INFO] 2026-04-25 20:36:29,222: -SUB [/joy] /onlane_ai_agent_6 http://y:46843/
[rosmaster.master][INFO] 2026-04-25 20:36:29,222: -SERVICE [/onlane_ai_agent_3/set_logger_level] /onlane_ai_agent_3 rosrpc://y:38835
[rosmaster.master][INFO] 2026-04-25 20:36:29,222: -SERVICE [/onlane_ai_agent_9/get_loggers] /onlane_ai_agent_9 rosrpc://y:57619
[rosmaster.master][INFO] 2026-04-25 20:36:29,222: -SERVICE [/onlane_ai_agent_4/set_logger_level] /onlane_ai_agent_4 rosrpc://y:56863
[rosmaster.master][INFO] 2026-04-25 20:36:29,223: -SERVICE [/onlane_ai_agent_2/set_logger_level] /onlane_ai_agent_2 rosrpc://y:57969
[rosmaster.master][INFO] 2026-04-25 20:36:29,223: -SERVICE [/onlane_ai_agent_7/set_logger_level] /onlane_ai_agent_7 rosrpc://y:49497
[rosmaster.master][INFO] 2026-04-25 20:36:29,223: -SERVICE [/onlane_ai_agent_6/get_loggers] /onlane_ai_agent_6 rosrpc://y:56499
[rosmaster.master][INFO] 2026-04-25 20:36:29,223: -SERVICE [/onlane_ai_agent_9/set_logger_level] /onlane_ai_agent_9 rosrpc://y:57619
[rosmaster.master][INFO] 2026-04-25 20:36:29,223: -SERVICE [/onlane_ai_agent_6/set_logger_level] /onlane_ai_agent_6 rosrpc://y:56499
[rosmaster.master][INFO] 2026-04-25 20:36:29,399: -PUB [/rosout] /onlane_ai_agent_1 http://y:38233/
[rosmaster.master][INFO] 2026-04-25 20:36:29,399: -PUB [/rosout] /test_ssc_with_eudm_0 http://y:46847/
[rosmaster.master][INFO] 2026-04-25 20:36:29,399: -PUB [/ctrl/agent_1] /onlane_ai_agent_1 http://y:38233/
[rosmaster.master][INFO] 2026-04-25 20:36:29,399: -PUB [/tf] /test_ssc_with_eudm_0 http://y:46847/
[rosmaster.master][INFO] 2026-04-25 20:36:29,400: -PUB [/tf] /onlane_ai_agent_1 http://y:38233/
[rosmaster.master][INFO] 2026-04-25 20:36:29,400: -PUB [/vis/agent_0/ego_vehicle_vis] /test_ssc_with_eudm_0 http://y:46847/
[rosmaster.master][INFO] 2026-04-25 20:36:29,400: -PUB [/vis/agent_1/ego_vehicle_vis] /onlane_ai_agent_1 http://y:38233/
[rosmaster.master][INFO] 2026-04-25 20:36:29,400: -PUB [/vis/agent_0/obstacle_map] /test_ssc_with_eudm_0 http://y:46847/
[rosmaster.master][INFO] 2026-04-25 20:36:29,400: -PUB [/vis/agent_1/obstacle_map] /onlane_ai_agent_1 http://y:38233/
[rosmaster.master][INFO] 2026-04-25 20:36:29,400: -PUB [/vis/agent_0/surrounding_lane_net_vis] /test_ssc_with_eudm_0 http://y:46847/
[rosmaster.master][INFO] 2026-04-25 20:36:29,400: -PUB [/vis/agent_1/surrounding_lane_net_vis] /onlane_ai_agent_1 http://y:38233/
[rosmaster.master][INFO] 2026-04-25 20:36:29,401: -PUB [/vis/agent_0/local_lanes_vis] /test_ssc_with_eudm_0 http://y:46847/
[rosmaster.master][INFO] 2026-04-25 20:36:29,401: -PUB [/vis/agent_1/local_lanes_vis] /onlane_ai_agent_1 http://y:38233/
[rosmaster.master][INFO] 2026-04-25 20:36:29,401: -PUB [/vis/agent_0/ego_behavior_vis] /test_ssc_with_eudm_0 http://y:46847/
[rosmaster.master][INFO] 2026-04-25 20:36:29,401: -PUB [/vis/agent_1/ego_behavior_vis] /onlane_ai_agent_1 http://y:38233/
[rosmaster.master][INFO] 2026-04-25 20:36:29,401: -PUB [/vis/agent_0/pred_traj_openloop_vis] /test_ssc_with_eudm_0 http://y:46847/
[rosmaster.master][INFO] 2026-04-25 20:36:29,401: -PUB [/vis/agent_1/pred_traj_openloop_vis] /onlane_ai_agent_1 http://y:38233/
[rosmaster.master][INFO] 2026-04-25 20:36:29,401: -PUB [/vis/agent_0/pred_initial_intention_vis] /test_ssc_with_eudm_0 http://y:46847/
[rosmaster.master][INFO] 2026-04-25 20:36:29,401: -PUB [/vis/agent_1/pred_initial_intention_vis] /onlane_ai_agent_1 http://y:38233/
[rosmaster.master][INFO] 2026-04-25 20:36:29,402: -PUB [/vis/agent_0/surrounding_vehicle_vis] /test_ssc_with_eudm_0 http://y:46847/
[rosmaster.master][INFO] 2026-04-25 20:36:29,402: -PUB [/vis/agent_1/surrounding_vehicle_vis] /onlane_ai_agent_1 http://y:38233/
[rosmaster.master][INFO] 2026-04-25 20:36:29,402: -PUB [/vis/agent_0/speed_limit] /test_ssc_with_eudm_0 http://y:46847/
[rosmaster.master][INFO] 2026-04-25 20:36:29,402: -PUB [/vis/agent_1/speed_limit] /onlane_ai_agent_1 http://y:38233/
[rosmaster.master][INFO] 2026-04-25 20:36:29,402: -PUB [/vis/agent_0/ssc/map_vis] /test_ssc_with_eudm_0 http://y:46847/
[rosmaster.master][INFO] 2026-04-25 20:36:29,402: -PUB [/vis/agent_0/ssc/qp_vis] /test_ssc_with_eudm_0 http://y:46847/
[rosmaster.master][INFO] 2026-04-25 20:36:29,402: -PUB [/vis/agent_1/forward_trajs] /onlane_ai_agent_1 http://y:38233/
[rosmaster.master][INFO] 2026-04-25 20:36:29,402: -PUB [/vis/agent_0/ssc/ego_fs_vis] /test_ssc_with_eudm_0 http://y:46847/
[rosmaster.master][INFO] 2026-04-25 20:36:29,403: -SUB [/arena_info_static] /onlane_ai_agent_1 http://y:38233/
[rosmaster.master][INFO] 2026-04-25 20:36:29,403: -PUB [/vis/agent_0/ssc/forward_trajs_vis] /test_ssc_with_eudm_0 http://y:46847/
[rosmaster.master][INFO] 2026-04-25 20:36:29,403: -PUB [/vis/agent_0/ssc/sur_vehicle_trajs_vis] /test_ssc_with_eudm_0 http://y:46847/
[rosmaster.master][INFO] 2026-04-25 20:36:29,403: -SUB [/arena_info_dynamic] /onlane_ai_agent_1 http://y:38233/
[rosmaster.master][INFO] 2026-04-25 20:36:29,403: -PUB [/vis/agent_0/ssc/corridor_vis] /test_ssc_with_eudm_0 http://y:46847/
[rosmaster.master][INFO] 2026-04-25 20:36:29,403: -SUB [/joy] /onlane_ai_agent_1 http://y:38233/
[rosmaster.master][INFO] 2026-04-25 20:36:29,403: -PUB [/vis/agent_0/forward_trajs] /test_ssc_with_eudm_0 http://y:46847/
[rosmaster.master][INFO] 2026-04-25 20:36:29,403: -SERVICE [/onlane_ai_agent_1/get_loggers] /onlane_ai_agent_1 rosrpc://y:57037
[rosmaster.master][INFO] 2026-04-25 20:36:29,404: -PUB [/ctrl/agent_0] /test_ssc_with_eudm_0 http://y:46847/
[rosmaster.master][INFO] 2026-04-25 20:36:29,404: -SERVICE [/onlane_ai_agent_1/set_logger_level] /onlane_ai_agent_1 rosrpc://y:57037
[rosmaster.master][INFO] 2026-04-25 20:36:29,404: -PUB [/test_ssc_with_eudm_0/ssc_map] /test_ssc_with_eudm_0 http://y:46847/
[rosmaster.master][INFO] 2026-04-25 20:36:29,404: -PUB [/vis/agent_0/ssc/exec_traj] /test_ssc_with_eudm_0 http://y:46847/
[rosmaster.master][INFO] 2026-04-25 20:36:29,404: -SUB [/joy] /test_ssc_with_eudm_0 http://y:46847/
[rosmaster.master][INFO] 2026-04-25 20:36:29,404: -SUB [/arena_info_static] /test_ssc_with_eudm_0 http://y:46847/
[rosmaster.master][INFO] 2026-04-25 20:36:29,404: -SUB [/arena_info_dynamic] /test_ssc_with_eudm_0 http://y:46847/
[rosmaster.master][INFO] 2026-04-25 20:36:29,404: -SERVICE [/test_ssc_with_eudm_0/get_loggers] /test_ssc_with_eudm_0 rosrpc://y:46783
[rosmaster.master][INFO] 2026-04-25 20:36:29,405: -SERVICE [/test_ssc_with_eudm_0/set_logger_level] /test_ssc_with_eudm_0 rosrpc://y:46783
[rosmaster.master][INFO] 2026-04-25 20:36:29,406: publisherUpdate[/rosout] -> http://y:42217/ ['http://y:46847/']
[rosmaster.master][INFO] 2026-04-25 20:36:29,407: publisherUpdate[/rosout] -> http://y:42217/ ['http://y:46847/']: sec=0.00, result=[1, '', 0]
[rosmaster.master][INFO] 2026-04-25 20:36:29,407: publisherUpdate[/rosout] -> http://y:42217/ []
[rosmaster.master][INFO] 2026-04-25 20:36:29,407: publisherUpdate[/rosout] -> http://y:42217/ []: sec=0.00, result=[1, '', 0]
[rosmaster.master][INFO] 2026-04-25 20:36:29,608: -PUB [/rosout_agg] /rosout http://y:42217/
[rosmaster.master][INFO] 2026-04-25 20:36:29,609: -SUB [/rosout] /rosout http://y:42217/
[rosmaster.master][INFO] 2026-04-25 20:36:29,609: -SERVICE [/rosout/get_loggers] /rosout rosrpc://y:47803
[rosmaster.master][INFO] 2026-04-25 20:36:29,609: -SERVICE [/rosout/set_logger_level] /rosout rosrpc://y:47803
[rosmaster.main][INFO] 2026-04-25 20:36:29,669: keyboard interrupt, will exit
[rosmaster.main][INFO] 2026-04-25 20:36:29,669: stopping master...
[rospy.core][INFO] 2026-04-25 20:36:29,669: signal_shutdown [atexit]
