[rosmaster.main][INFO] 2026-04-25 18:31:49,329: initialization complete, waiting for shutdown
[rosmaster.main][INFO] 2026-04-25 18:31:49,329: Starting ROS Master Node
[xmlrpc][INFO] 2026-04-25 18:31:49,330: XML-RPC server binding to 0.0.0.0:11311
[xmlrpc][INFO] 2026-04-25 18:31:49,330: Started XML-RPC server [http://y:11311/]
[rosmaster.master][INFO] 2026-04-25 18:31:49,330: Master initialized: port[11311], uri[http://y:11311/]
[xmlrpc][INFO] 2026-04-25 18:31:49,330: xml rpc node: starting XML-RPC server
[rosmaster.master][INFO] 2026-04-25 18:31:49,349: +PARAM [/run_id] by /roslaunch
[rosmaster.master][INFO] 2026-04-25 18:31:49,350: +PARAM [/roslaunch/uris/host_y__38049] by /roslaunch
[rosmaster.master][INFO] 2026-04-25 18:31:49,381: +PARAM [/rosversion] by /roslaunch
[rosmaster.master][INFO] 2026-04-25 18:31:49,382: +PARAM [/rosdistro] by /roslaunch
[rosmaster.master][INFO] 2026-04-25 18:31:49,382: +PARAM [/test_ssc_with_eudm_0/ego_id] by /roslaunch
[rosmaster.master][INFO] 2026-04-25 18:31:49,382: +PARAM [/test_ssc_with_eudm_0/agent_config_path] by /roslaunch
[rosmaster.master][INFO] 2026-04-25 18:31:49,382: +PARAM [/test_ssc_with_eudm_0/bp_config_path] by /roslaunch
[rosmaster.master][INFO] 2026-04-25 18:31:49,382: +PARAM [/test_ssc_with_eudm_0/ssc_config_path] by /roslaunch
[rosmaster.master][INFO] 2026-04-25 18:31:49,382: +PARAM [/test_ssc_with_eudm_0/desired_vel] by /roslaunch
[rosmaster.master][INFO] 2026-04-25 18:31:49,382: +PARAM [/test_ssc_with_eudm_0/use_sim_state] by /roslaunch
[rosmaster.master][INFO] 2026-04-25 18:31:49,382: +PARAM [/onlane_ai_agent_1/ego_id] by /roslaunch
[rosmaster.master][INFO] 2026-04-25 18:31:49,382: +PARAM [/onlane_ai_agent_1/agent_config_path] by /roslaunch
[rosmaster.master][INFO] 2026-04-25 18:31:49,382: +PARAM [/onlane_ai_agent_1/desired_vel] by /roslaunch
[rosmaster.master][INFO] 2026-04-25 18:31:49,382: +PARAM [/onlane_ai_agent_1/autonomous_level] by /roslaunch
[rosmaster.master][INFO] 2026-04-25 18:31:49,382: +PARAM [/onlane_ai_agent_1/aggressiveness_level] by /roslaunch
[rosmaster.master][INFO] 2026-04-25 18:31:49,383: +PARAM [/onlane_ai_agent_2/ego_id] by /roslaunch
[rosmaster.master][INFO] 2026-04-25 18:31:49,383: +PARAM [/onlane_ai_agent_2/agent_config_path] by /roslaunch
[rosmaster.master][INFO] 2026-04-25 18:31:49,383: +PARAM [/onlane_ai_agent_2/desired_vel] by /roslaunch
[rosmaster.master][INFO] 2026-04-25 18:31:49,383: +PARAM [/onlane_ai_agent_2/autonomous_level] by /roslaunch
[rosmaster.master][INFO] 2026-04-25 18:31:49,383: +PARAM [/onlane_ai_agent_2/aggressiveness_level] by /roslaunch
[rosmaster.master][INFO] 2026-04-25 18:31:49,383: +PARAM [/onlane_ai_agent_3/ego_id] by /roslaunch
[rosmaster.master][INFO] 2026-04-25 18:31:49,383: +PARAM [/onlane_ai_agent_3/agent_config_path] by /roslaunch
[rosmaster.master][INFO] 2026-04-25 18:31:49,383: +PARAM [/onlane_ai_agent_3/desired_vel] by /roslaunch
[rosmaster.master][INFO] 2026-04-25 18:31:49,383: +PARAM [/onlane_ai_agent_3/autonomous_level] by /roslaunch
[rosmaster.master][INFO] 2026-04-25 18:31:49,383: +PARAM [/onlane_ai_agent_3/aggressiveness_level] by /roslaunch
[rosmaster.master][INFO] 2026-04-25 18:31:49,383: +PARAM [/onlane_ai_agent_4/ego_id] by /roslaunch
[rosmaster.master][INFO] 2026-04-25 18:31:49,383: +PARAM [/onlane_ai_agent_4/agent_config_path] by /roslaunch
[rosmaster.master][INFO] 2026-04-25 18:31:49,383: +PARAM [/onlane_ai_agent_4/desired_vel] by /roslaunch
[rosmaster.master][INFO] 2026-04-25 18:31:49,383: +PARAM [/onlane_ai_agent_4/autonomous_level] by /roslaunch
[rosmaster.master][INFO] 2026-04-25 18:31:49,383: +PARAM [/onlane_ai_agent_4/aggressiveness_level] by /roslaunch
[rosmaster.master][INFO] 2026-04-25 18:31:49,383: +PARAM [/onlane_ai_agent_5/ego_id] by /roslaunch
[rosmaster.master][INFO] 2026-04-25 18:31:49,383: +PARAM [/onlane_ai_agent_5/agent_config_path] by /roslaunch
[rosmaster.master][INFO] 2026-04-25 18:31:49,383: +PARAM [/onlane_ai_agent_5/desired_vel] by /roslaunch
[rosmaster.master][INFO] 2026-04-25 18:31:49,383: +PARAM [/onlane_ai_agent_5/autonomous_level] by /roslaunch
[rosmaster.master][INFO] 2026-04-25 18:31:49,383: +PARAM [/onlane_ai_agent_5/aggressiveness_level] by /roslaunch
[rosmaster.master][INFO] 2026-04-25 18:31:49,384: +PARAM [/onlane_ai_agent_6/ego_id] by /roslaunch
[rosmaster.master][INFO] 2026-04-25 18:31:49,384: +PARAM [/onlane_ai_agent_6/agent_config_path] by /roslaunch
[rosmaster.master][INFO] 2026-04-25 18:31:49,384: +PARAM [/onlane_ai_agent_6/desired_vel] by /roslaunch
[rosmaster.master][INFO] 2026-04-25 18:31:49,384: +PARAM [/onlane_ai_agent_6/autonomous_level] by /roslaunch
[rosmaster.master][INFO] 2026-04-25 18:31:49,384: +PARAM [/onlane_ai_agent_6/aggressiveness_level] by /roslaunch
[rosmaster.master][INFO] 2026-04-25 18:31:49,384: +SERVICE [/rosout/get_loggers] /rosout http://y:41289/
[rosmaster.master][INFO] 2026-04-25 18:31:49,384: +PARAM [/onlane_ai_agent_7/ego_id] by /roslaunch
[rosmaster.master][INFO] 2026-04-25 18:31:49,384: +PARAM [/onlane_ai_agent_7/agent_config_path] by /roslaunch
[rosmaster.master][INFO] 2026-04-25 18:31:49,384: +SERVICE [/rosout/set_logger_level] /rosout http://y:41289/
[rosmaster.master][INFO] 2026-04-25 18:31:49,384: +PARAM [/onlane_ai_agent_7/desired_vel] by /roslaunch
[rosmaster.master][INFO] 2026-04-25 18:31:49,385: +PARAM [/onlane_ai_agent_7/autonomous_level] by /roslaunch
[rosmaster.master][INFO] 2026-04-25 18:31:49,385: +PARAM [/onlane_ai_agent_7/aggressiveness_level] by /roslaunch
[rosmaster.master][INFO] 2026-04-25 18:31:49,385: +PARAM [/onlane_ai_agent_8/ego_id] by /roslaunch
[rosmaster.master][INFO] 2026-04-25 18:31:49,385: +PARAM [/onlane_ai_agent_8/agent_config_path] by /roslaunch
[rosmaster.master][INFO] 2026-04-25 18:31:49,385: +PARAM [/onlane_ai_agent_8/desired_vel] by /roslaunch
[rosmaster.master][INFO] 2026-04-25 18:31:49,385: +PUB [/rosout_agg] /rosout http://y:41289/
[rosmaster.master][INFO] 2026-04-25 18:31:49,385: +PARAM [/onlane_ai_agent_8/autonomous_level] by /roslaunch
[rosmaster.master][INFO] 2026-04-25 18:31:49,385: +PARAM [/onlane_ai_agent_8/aggressiveness_level] by /roslaunch
[rosmaster.master][INFO] 2026-04-25 18:31:49,385: +PARAM [/onlane_ai_agent_9/ego_id] by /roslaunch
[rosmaster.master][INFO] 2026-04-25 18:31:49,386: +PARAM [/onlane_ai_agent_9/agent_config_path] by /roslaunch
[rosmaster.master][INFO] 2026-04-25 18:31:49,386: +PARAM [/onlane_ai_agent_9/desired_vel] by /roslaunch
[rosmaster.master][INFO] 2026-04-25 18:31:49,386: +PARAM [/onlane_ai_agent_9/autonomous_level] by /roslaunch
[rosmaster.master][INFO] 2026-04-25 18:31:49,386: +PARAM [/onlane_ai_agent_9/aggressiveness_level] by /roslaunch
[rosmaster.master][INFO] 2026-04-25 18:31:49,386: +PARAM [/onlane_ai_agent_10/ego_id] by /roslaunch
[rosmaster.master][INFO] 2026-04-25 18:31:49,386: +SUB [/rosout] /rosout http://y:41289/
[rosmaster.master][INFO] 2026-04-25 18:31:49,386: +PARAM [/onlane_ai_agent_10/agent_config_path] by /roslaunch
[rosmaster.master][INFO] 2026-04-25 18:31:49,386: +PARAM [/onlane_ai_agent_10/desired_vel] by /roslaunch
[rosmaster.master][INFO] 2026-04-25 18:31:49,386: +PARAM [/onlane_ai_agent_10/autonomous_level] by /roslaunch
[rosmaster.master][INFO] 2026-04-25 18:31:49,386: +PARAM [/onlane_ai_agent_10/aggressiveness_level] by /roslaunch
[rosmaster.master][INFO] 2026-04-25 18:31:49,387: +PARAM [/joy_node/dev] by /roslaunch
[rosmaster.master][INFO] 2026-04-25 18:31:49,387: +PARAM [/phy_simulator_planning_node/vehicle_info_path] by /roslaunch
[rosmaster.master][INFO] 2026-04-25 18:31:49,387: +PARAM [/phy_simulator_planning_node/map_path] by /roslaunch
[rosmaster.master][INFO] 2026-04-25 18:31:49,387: +PARAM [/phy_simulator_planning_node/lane_net_path] by /roslaunch
[rosmaster.master][INFO] 2026-04-25 18:31:49,419: +PUB [/rosout] /onlane_ai_agent_1 http://y:42379/
[rosmaster.master][INFO] 2026-04-25 18:31:49,420: +SERVICE [/onlane_ai_agent_1/get_loggers] /onlane_ai_agent_1 http://y:42379/
[rosmaster.master][INFO] 2026-04-25 18:31:49,421: +PUB [/rosout] /test_ssc_with_eudm_0 http://y:34357/
[rosmaster.master][INFO] 2026-04-25 18:31:49,422: +SERVICE [/test_ssc_with_eudm_0/get_loggers] /test_ssc_with_eudm_0 http://y:34357/
[rosmaster.master][INFO] 2026-04-25 18:31:49,422: +SERVICE [/test_ssc_with_eudm_0/set_logger_level] /test_ssc_with_eudm_0 http://y:34357/
[rosmaster.master][INFO] 2026-04-25 18:31:49,424: +SERVICE [/onlane_ai_agent_1/set_logger_level] /onlane_ai_agent_1 http://y:42379/
[rosmaster.master][INFO] 2026-04-25 18:31:49,424: +PUB [/tf] /test_ssc_with_eudm_0 http://y:34357/
[rosmaster.master][INFO] 2026-04-25 18:31:49,425: +PUB [/vis/agent_0/ego_vehicle_vis] /test_ssc_with_eudm_0 http://y:34357/
[rosmaster.master][INFO] 2026-04-25 18:31:49,425: +PUB [/vis/agent_0/obstacle_map] /test_ssc_with_eudm_0 http://y:34357/
[rosmaster.master][INFO] 2026-04-25 18:31:49,426: +PUB [/vis/agent_0/surrounding_lane_net_vis] /test_ssc_with_eudm_0 http://y:34357/
[rosmaster.master][INFO] 2026-04-25 18:31:49,426: +PUB [/vis/agent_0/local_lanes_vis] /test_ssc_with_eudm_0 http://y:34357/
[rosmaster.master][INFO] 2026-04-25 18:31:49,426: +PUB [/vis/agent_0/ego_behavior_vis] /test_ssc_with_eudm_0 http://y:34357/
[rosmaster.master][INFO] 2026-04-25 18:31:49,426: +PUB [/vis/agent_0/pred_traj_openloop_vis] /test_ssc_with_eudm_0 http://y:34357/
[rosmaster.master][INFO] 2026-04-25 18:31:49,426: +PUB [/ctrl/agent_1] /onlane_ai_agent_1 http://y:42379/
[rosmaster.master][INFO] 2026-04-25 18:31:49,427: +PUB [/vis/agent_0/pred_initial_intention_vis] /test_ssc_with_eudm_0 http://y:34357/
[rosmaster.master][INFO] 2026-04-25 18:31:49,427: +PUB [/vis/agent_0/surrounding_vehicle_vis] /test_ssc_with_eudm_0 http://y:34357/
[rosmaster.master][INFO] 2026-04-25 18:31:49,427: +PUB [/vis/agent_0/speed_limit] /test_ssc_with_eudm_0 http://y:34357/
[rosmaster.master][INFO] 2026-04-25 18:31:49,428: +PUB [/vis/agent_0/ssc/map_vis] /test_ssc_with_eudm_0 http://y:34357/
[rosmaster.master][INFO] 2026-04-25 18:31:49,428: +PUB [/vis/agent_0/ssc/qp_vis] /test_ssc_with_eudm_0 http://y:34357/
[rosmaster.master][INFO] 2026-04-25 18:31:49,429: +PUB [/vis/agent_0/ssc/ego_fs_vis] /test_ssc_with_eudm_0 http://y:34357/
[rosmaster.master][INFO] 2026-04-25 18:31:49,429: publisherUpdate[/rosout] -> http://y:41289/ ['http://y:42379/']
[rosmaster.master][INFO] 2026-04-25 18:31:49,430: +PUB [/tf] /onlane_ai_agent_1 http://y:42379/
[rosmaster.master][INFO] 2026-04-25 18:31:49,431: +PUB [/vis/agent_0/ssc/forward_trajs_vis] /test_ssc_with_eudm_0 http://y:34357/
[rosmaster.master][INFO] 2026-04-25 18:31:49,433: +PUB [/vis/agent_1/ego_vehicle_vis] /onlane_ai_agent_1 http://y:42379/
[rosmaster.master][INFO] 2026-04-25 18:31:49,433: publisherUpdate[/rosout] -> http://y:41289/ ['http://y:42379/']: sec=0.00, result=[1, '', 0]
[rosmaster.master][INFO] 2026-04-25 18:31:49,434: +PUB [/rosout] /onlane_ai_agent_3 http://y:42635/
[rosmaster.master][INFO] 2026-04-25 18:31:49,434: publisherUpdate[/rosout] -> http://y:41289/ ['http://y:42379/', 'http://y:34357/']
[rosmaster.master][INFO] 2026-04-25 18:31:49,434: +PUB [/rosout] /onlane_ai_agent_2 http://y:43101/
[rosmaster.master][INFO] 2026-04-25 18:31:49,434: +PUB [/vis/agent_1/obstacle_map] /onlane_ai_agent_1 http://y:42379/
[rosmaster.master][INFO] 2026-04-25 18:31:49,436: +SERVICE [/onlane_ai_agent_3/get_loggers] /onlane_ai_agent_3 http://y:42635/
[rosmaster.master][INFO] 2026-04-25 18:31:49,437: publisherUpdate[/rosout] -> http://y:41289/ ['http://y:42379/', 'http://y:34357/']: sec=0.00, result=[1, '', 0]
[rosmaster.master][INFO] 2026-04-25 18:31:49,440: publisherUpdate[/rosout] -> http://y:41289/ ['http://y:42379/', 'http://y:34357/', 'http://y:42635/']
[rosmaster.master][INFO] 2026-04-25 18:31:49,441: +SERVICE [/onlane_ai_agent_2/get_loggers] /onlane_ai_agent_2 http://y:43101/
[rosmaster.master][INFO] 2026-04-25 18:31:49,441: publisherUpdate[/rosout] -> http://y:41289/ ['http://y:42379/', 'http://y:34357/', 'http://y:42635/']: sec=0.00, result=[1, '', 0]
[rosmaster.master][INFO] 2026-04-25 18:31:49,441: +PUB [/vis/agent_0/ssc/sur_vehicle_trajs_vis] /test_ssc_with_eudm_0 http://y:34357/
[rosmaster.master][INFO] 2026-04-25 18:31:49,441: publisherUpdate[/rosout] -> http://y:41289/ ['http://y:42379/', 'http://y:34357/', 'http://y:42635/', 'http://y:43101/']
[rosmaster.master][INFO] 2026-04-25 18:31:49,442: publisherUpdate[/rosout] -> http://y:41289/ ['http://y:42379/', 'http://y:34357/', 'http://y:42635/', 'http://y:43101/']: sec=0.00, result=[1, '', 0]
[rosmaster.master][INFO] 2026-04-25 18:31:49,444: +SERVICE [/onlane_ai_agent_3/set_logger_level] /onlane_ai_agent_3 http://y:42635/
[rosmaster.master][INFO] 2026-04-25 18:31:49,445: +PUB [/vis/agent_1/surrounding_lane_net_vis] /onlane_ai_agent_1 http://y:42379/
[rosmaster.master][INFO] 2026-04-25 18:31:49,445: +SERVICE [/onlane_ai_agent_2/set_logger_level] /onlane_ai_agent_2 http://y:43101/
[rosmaster.master][INFO] 2026-04-25 18:31:49,446: +PUB [/vis/agent_0/ssc/corridor_vis] /test_ssc_with_eudm_0 http://y:34357/
[rosmaster.master][INFO] 2026-04-25 18:31:49,447: +PUB [/vis/agent_1/local_lanes_vis] /onlane_ai_agent_1 http://y:42379/
[rosmaster.master][INFO] 2026-04-25 18:31:49,448: +PUB [/ctrl/agent_2] /onlane_ai_agent_2 http://y:43101/
[rosmaster.master][INFO] 2026-04-25 18:31:49,449: +PUB [/tf] /onlane_ai_agent_2 http://y:43101/
[rosmaster.master][INFO] 2026-04-25 18:31:49,449: +PUB [/vis/agent_2/ego_vehicle_vis] /onlane_ai_agent_2 http://y:43101/
[rosmaster.master][INFO] 2026-04-25 18:31:49,450: +PUB [/vis/agent_2/obstacle_map] /onlane_ai_agent_2 http://y:43101/
[rosmaster.master][INFO] 2026-04-25 18:31:49,450: +PUB [/vis/agent_2/surrounding_lane_net_vis] /onlane_ai_agent_2 http://y:43101/
[rosmaster.master][INFO] 2026-04-25 18:31:49,451: +PUB [/vis/agent_2/local_lanes_vis] /onlane_ai_agent_2 http://y:43101/
[rosmaster.master][INFO] 2026-04-25 18:31:49,451: +PUB [/vis/agent_2/ego_behavior_vis] /onlane_ai_agent_2 http://y:43101/
[rosmaster.master][INFO] 2026-04-25 18:31:49,451: +PUB [/vis/agent_2/pred_traj_openloop_vis] /onlane_ai_agent_2 http://y:43101/
[rosmaster.master][INFO] 2026-04-25 18:31:49,452: +PUB [/vis/agent_2/pred_initial_intention_vis] /onlane_ai_agent_2 http://y:43101/
[rosmaster.master][INFO] 2026-04-25 18:31:49,452: +PUB [/vis/agent_2/surrounding_vehicle_vis] /onlane_ai_agent_2 http://y:43101/
[rosmaster.master][INFO] 2026-04-25 18:31:49,452: +PUB [/vis/agent_2/speed_limit] /onlane_ai_agent_2 http://y:43101/
[rosmaster.master][INFO] 2026-04-25 18:31:49,457: +PUB [/vis/agent_1/ego_behavior_vis] /onlane_ai_agent_1 http://y:42379/
[rosmaster.master][INFO] 2026-04-25 18:31:49,458: +SUB [/arena_info_static] /onlane_ai_agent_2 http://y:43101/
[rosmaster.master][INFO] 2026-04-25 18:31:49,459: +SUB [/arena_info_dynamic] /onlane_ai_agent_2 http://y:43101/
[rosmaster.master][INFO] 2026-04-25 18:31:49,465: +PUB [/rosout] /onlane_ai_agent_5 http://y:38141/
[rosmaster.master][INFO] 2026-04-25 18:31:49,466: +PUB [/rosout] /onlane_ai_agent_8 http://y:41333/
[rosmaster.master][INFO] 2026-04-25 18:31:49,467: +SERVICE [/onlane_ai_agent_8/get_loggers] /onlane_ai_agent_8 http://y:41333/
[rosmaster.master][INFO] 2026-04-25 18:31:49,467: +PUB [/rosout] /onlane_ai_agent_7 http://y:33917/
[rosmaster.master][INFO] 2026-04-25 18:31:49,468: +SUB [/joy] /onlane_ai_agent_2 http://y:43101/
[rosmaster.master][INFO] 2026-04-25 18:31:49,468: +SERVICE [/onlane_ai_agent_8/set_logger_level] /onlane_ai_agent_8 http://y:41333/
[rosmaster.master][INFO] 2026-04-25 18:31:49,469: +PUB [/vis/agent_2/forward_trajs] /onlane_ai_agent_2 http://y:43101/
[rosmaster.master][INFO] 2026-04-25 18:31:49,469: +SERVICE [/onlane_ai_agent_5/get_loggers] /onlane_ai_agent_5 http://y:38141/
[rosmaster.master][INFO] 2026-04-25 18:31:49,469: +SERVICE [/onlane_ai_agent_5/set_logger_level] /onlane_ai_agent_5 http://y:38141/
[rosmaster.master][INFO] 2026-04-25 18:31:49,470: +SERVICE [/onlane_ai_agent_7/get_loggers] /onlane_ai_agent_7 http://y:33917/
[rosmaster.master][INFO] 2026-04-25 18:31:49,470: +PUB [/ctrl/agent_5] /onlane_ai_agent_5 http://y:38141/
[rosmaster.master][INFO] 2026-04-25 18:31:49,471: +SERVICE [/onlane_ai_agent_7/set_logger_level] /onlane_ai_agent_7 http://y:33917/
[rosmaster.master][INFO] 2026-04-25 18:31:49,472: +PUB [/ctrl/agent_3] /onlane_ai_agent_3 http://y:42635/
[rosmaster.master][INFO] 2026-04-25 18:31:49,475: +PUB [/vis/agent_1/pred_traj_openloop_vis] /onlane_ai_agent_1 http://y:42379/
[rosmaster.master][INFO] 2026-04-25 18:31:49,476: +PUB [/vis/agent_1/pred_initial_intention_vis] /onlane_ai_agent_1 http://y:42379/
[rosmaster.master][INFO] 2026-04-25 18:31:49,477: +PUB [/rosout] /onlane_ai_agent_4 http://y:34811/
[rosmaster.master][INFO] 2026-04-25 18:31:49,477: +PUB [/vis/agent_1/surrounding_vehicle_vis] /onlane_ai_agent_1 http://y:42379/
[rosmaster.master][INFO] 2026-04-25 18:31:49,478: +PUB [/tf] /onlane_ai_agent_5 http://y:38141/
[rosmaster.master][INFO] 2026-04-25 18:31:49,478: +PUB [/ctrl/agent_7] /onlane_ai_agent_7 http://y:33917/
[rosmaster.master][INFO] 2026-04-25 18:31:49,479: +PUB [/ctrl/agent_8] /onlane_ai_agent_8 http://y:41333/
[rosmaster.master][INFO] 2026-04-25 18:31:49,479: +SERVICE [/onlane_ai_agent_4/get_loggers] /onlane_ai_agent_4 http://y:34811/
[rosmaster.master][INFO] 2026-04-25 18:31:49,480: +PUB [/vis/agent_5/ego_vehicle_vis] /onlane_ai_agent_5 http://y:38141/
[rosmaster.master][INFO] 2026-04-25 18:31:49,480: +PUB [/vis/agent_1/speed_limit] /onlane_ai_agent_1 http://y:42379/
[rosmaster.master][INFO] 2026-04-25 18:31:49,482: +SUB [/joy] /test_ssc_with_eudm_0 http://y:34357/
[rosmaster.master][INFO] 2026-04-25 18:31:49,483: +SERVICE [/onlane_ai_agent_4/set_logger_level] /onlane_ai_agent_4 http://y:34811/
[rosmaster.master][INFO] 2026-04-25 18:31:49,483: +PUB [/vis/agent_5/obstacle_map] /onlane_ai_agent_5 http://y:38141/
[rosmaster.master][INFO] 2026-04-25 18:31:49,485: +PUB [/tf] /onlane_ai_agent_3 http://y:42635/
[rosmaster.master][INFO] 2026-04-25 18:31:49,489: +PUB [/tf] /onlane_ai_agent_7 http://y:33917/
[rosmaster.master][INFO] 2026-04-25 18:31:49,489: +PUB [/vis/agent_5/surrounding_lane_net_vis] /onlane_ai_agent_5 http://y:38141/
[rosmaster.master][INFO] 2026-04-25 18:31:49,489: +PUB [/rosout] /onlane_ai_agent_9 http://y:39069/
[rosmaster.master][INFO] 2026-04-25 18:31:49,490: +SUB [/arena_info_static] /onlane_ai_agent_1 http://y:42379/
[rosmaster.master][INFO] 2026-04-25 18:31:49,490: +PUB [/vis/agent_3/ego_vehicle_vis] /onlane_ai_agent_3 http://y:42635/
[rosmaster.master][INFO] 2026-04-25 18:31:49,490: +PUB [/tf] /onlane_ai_agent_8 http://y:41333/
[rosmaster.master][INFO] 2026-04-25 18:31:49,490: +PUB [/vis/agent_0/forward_trajs] /test_ssc_with_eudm_0 http://y:34357/
[rosmaster.master][INFO] 2026-04-25 18:31:49,492: +PUB [/rosout] /onlane_ai_agent_10 http://y:35977/
[rosmaster.master][INFO] 2026-04-25 18:31:49,493: +PUB [/vis/agent_5/local_lanes_vis] /onlane_ai_agent_5 http://y:38141/
[rosmaster.master][INFO] 2026-04-25 18:31:49,493: +PUB [/vis/agent_7/ego_vehicle_vis] /onlane_ai_agent_7 http://y:33917/
[rosmaster.master][INFO] 2026-04-25 18:31:49,493: +PUB [/vis/agent_8/ego_vehicle_vis] /onlane_ai_agent_8 http://y:41333/
[rosmaster.master][INFO] 2026-04-25 18:31:49,493: +PUB [/vis/agent_7/obstacle_map] /onlane_ai_agent_7 http://y:33917/
[rosmaster.master][INFO] 2026-04-25 18:31:49,493: +SERVICE [/onlane_ai_agent_9/get_loggers] /onlane_ai_agent_9 http://y:39069/
[rosmaster.master][INFO] 2026-04-25 18:31:49,495: +PUB [/vis/agent_3/obstacle_map] /onlane_ai_agent_3 http://y:42635/
[rosmaster.master][INFO] 2026-04-25 18:31:49,496: +SERVICE [/onlane_ai_agent_10/get_loggers] /onlane_ai_agent_10 http://y:35977/
[rosmaster.master][INFO] 2026-04-25 18:31:49,498: +PUB [/ctrl/agent_0] /test_ssc_with_eudm_0 http://y:34357/
[rosmaster.master][INFO] 2026-04-25 18:31:49,498: +SERVICE [/onlane_ai_agent_9/set_logger_level] /onlane_ai_agent_9 http://y:39069/
[rosmaster.master][INFO] 2026-04-25 18:31:49,498: +PUB [/vis/agent_5/ego_behavior_vis] /onlane_ai_agent_5 http://y:38141/
[rosmaster.master][INFO] 2026-04-25 18:31:49,498: +PUB [/vis/agent_3/surrounding_lane_net_vis] /onlane_ai_agent_3 http://y:42635/
[rosmaster.master][INFO] 2026-04-25 18:31:49,499: +PUB [/vis/agent_8/obstacle_map] /onlane_ai_agent_8 http://y:41333/
[rosmaster.master][INFO] 2026-04-25 18:31:49,499: +PUB [/vis/agent_7/surrounding_lane_net_vis] /onlane_ai_agent_7 http://y:33917/
[rosmaster.master][INFO] 2026-04-25 18:31:49,499: +SUB [/arena_info_dynamic] /onlane_ai_agent_1 http://y:42379/
[rosmaster.master][INFO] 2026-04-25 18:31:49,499: +PUB [/rosout] /phy_simulator_planning_node http://y:39427/
[rosmaster.master][INFO] 2026-04-25 18:31:49,500: +PUB [/vis/agent_5/pred_traj_openloop_vis] /onlane_ai_agent_5 http://y:38141/
[rosmaster.master][INFO] 2026-04-25 18:31:49,500: +SERVICE [/onlane_ai_agent_10/set_logger_level] /onlane_ai_agent_10 http://y:35977/
[rosmaster.master][INFO] 2026-04-25 18:31:49,500: +PUB [/vis/agent_8/surrounding_lane_net_vis] /onlane_ai_agent_8 http://y:41333/
[rosmaster.master][INFO] 2026-04-25 18:31:49,500: +PUB [/ctrl/agent_9] /onlane_ai_agent_9 http://y:39069/
[rosmaster.master][INFO] 2026-04-25 18:31:49,500: +PUB [/vis/agent_3/local_lanes_vis] /onlane_ai_agent_3 http://y:42635/
[rosmaster.master][INFO] 2026-04-25 18:31:49,501: +SERVICE [/phy_simulator_planning_node/get_loggers] /phy_simulator_planning_node http://y:39427/
[rosmaster.master][INFO] 2026-04-25 18:31:49,501: +PUB [/vis/agent_5/pred_initial_intention_vis] /onlane_ai_agent_5 http://y:38141/
[rosmaster.master][INFO] 2026-04-25 18:31:49,501: +PUB [/vis/agent_8/local_lanes_vis] /onlane_ai_agent_8 http://y:41333/
[rosmaster.master][INFO] 2026-04-25 18:31:49,502: +PUB [/vis/agent_3/ego_behavior_vis] /onlane_ai_agent_3 http://y:42635/
[rosmaster.master][INFO] 2026-04-25 18:31:49,502: +PUB [/vis/agent_5/surrounding_vehicle_vis] /onlane_ai_agent_5 http://y:38141/
[rosmaster.master][INFO] 2026-04-25 18:31:49,502: +SERVICE [/phy_simulator_planning_node/set_logger_level] /phy_simulator_planning_node http://y:39427/
[rosmaster.master][INFO] 2026-04-25 18:31:49,503: +PUB [/vis/agent_8/ego_behavior_vis] /onlane_ai_agent_8 http://y:41333/
[rosmaster.master][INFO] 2026-04-25 18:31:49,503: +PUB [/test_ssc_with_eudm_0/ssc_map] /test_ssc_with_eudm_0 http://y:34357/
[rosmaster.master][INFO] 2026-04-25 18:31:49,503: +PUB [/vis/agent_5/speed_limit] /onlane_ai_agent_5 http://y:38141/
[rosmaster.master][INFO] 2026-04-25 18:31:49,503: +PUB [/vis/agent_3/pred_traj_openloop_vis] /onlane_ai_agent_3 http://y:42635/
[rosmaster.master][INFO] 2026-04-25 18:31:49,503: +PUB [/vis/agent_8/pred_traj_openloop_vis] /onlane_ai_agent_8 http://y:41333/
[rosmaster.master][INFO] 2026-04-25 18:31:49,504: +PUB [/vis/agent_8/pred_initial_intention_vis] /onlane_ai_agent_8 http://y:41333/
[rosmaster.master][INFO] 2026-04-25 18:31:49,504: +PUB [/rosout] /onlane_ai_agent_6 http://y:38811/
[rosmaster.master][INFO] 2026-04-25 18:31:49,513: +PUB [/vis/agent_3/pred_initial_intention_vis] /onlane_ai_agent_3 http://y:42635/
[rosmaster.master][INFO] 2026-04-25 18:31:49,513: +PUB [/vis/agent_8/surrounding_vehicle_vis] /onlane_ai_agent_8 http://y:41333/
[rosmaster.master][INFO] 2026-04-25 18:31:49,513: +SUB [/arena_info_static] /onlane_ai_agent_5 http://y:38141/
[rosmaster.master][INFO] 2026-04-25 18:31:49,514: +PUB [/vis/agent_0/ssc/exec_traj] /test_ssc_with_eudm_0 http://y:34357/
[rosmaster.master][INFO] 2026-04-25 18:31:49,514: +PUB [/ctrl/agent_4] /onlane_ai_agent_4 http://y:34811/
[rosmaster.master][INFO] 2026-04-25 18:31:49,514: +PUB [/vis/agent_7/local_lanes_vis] /onlane_ai_agent_7 http://y:33917/
[rosmaster.master][INFO] 2026-04-25 18:31:49,514: +SERVICE [/onlane_ai_agent_6/get_loggers] /onlane_ai_agent_6 http://y:38811/
[rosmaster.master][INFO] 2026-04-25 18:31:49,514: +PUB [/vis/agent_3/surrounding_vehicle_vis] /onlane_ai_agent_3 http://y:42635/
[rosmaster.master][INFO] 2026-04-25 18:31:49,515: +PUB [/vis/agent_8/speed_limit] /onlane_ai_agent_8 http://y:41333/
[rosmaster.master][INFO] 2026-04-25 18:31:49,515: +PUB [/vis/agent_3/speed_limit] /onlane_ai_agent_3 http://y:42635/
[rosmaster.master][INFO] 2026-04-25 18:31:49,516: +SUB [/arena_info_static] /onlane_ai_agent_8 http://y:41333/
[rosmaster.master][INFO] 2026-04-25 18:31:49,518: +SUB [/arena_info_static] /onlane_ai_agent_3 http://y:42635/
[rosmaster.master][INFO] 2026-04-25 18:31:49,519: +SUB [/arena_info_dynamic] /onlane_ai_agent_8 http://y:41333/
[rosmaster.master][INFO] 2026-04-25 18:31:49,520: +SUB [/arena_info_dynamic] /onlane_ai_agent_3 http://y:42635/
[rosmaster.master][INFO] 2026-04-25 18:31:49,521: +SUB [/joy] /onlane_ai_agent_3 http://y:42635/
[rosmaster.master][INFO] 2026-04-25 18:31:49,522: +PUB [/vis/agent_3/forward_trajs] /onlane_ai_agent_3 http://y:42635/
[rosmaster.master][INFO] 2026-04-25 18:31:49,522: +SUB [/arena_info_dynamic] /onlane_ai_agent_5 http://y:38141/
[rosmaster.master][INFO] 2026-04-25 18:31:49,523: +PUB [/ctrl/agent_10] /onlane_ai_agent_10 http://y:35977/
[rosmaster.master][INFO] 2026-04-25 18:31:49,523: +SUB [/joy] /onlane_ai_agent_8 http://y:41333/
[rosmaster.master][INFO] 2026-04-25 18:31:49,524: +PUB [/vis/agent_8/forward_trajs] /onlane_ai_agent_8 http://y:41333/
[rosmaster.master][INFO] 2026-04-25 18:31:49,524: +PUB [/vis/agent_7/ego_behavior_vis] /onlane_ai_agent_7 http://y:33917/
[rosmaster.master][INFO] 2026-04-25 18:31:49,527: +PUB [/tf] /onlane_ai_agent_10 http://y:35977/
[rosmaster.master][INFO] 2026-04-25 18:31:49,528: +PUB [/vis/agent_7/pred_traj_openloop_vis] /onlane_ai_agent_7 http://y:33917/
[rosmaster.master][INFO] 2026-04-25 18:31:49,529: +SUB [/arena_info_static] /test_ssc_with_eudm_0 http://y:34357/
[rosmaster.master][INFO] 2026-04-25 18:31:49,530: publisherUpdate[/rosout] -> http://y:41289/ ['http://y:42379/', 'http://y:34357/', 'http://y:42635/', 'http://y:43101/', 'http://y:38141/']
[rosmaster.master][INFO] 2026-04-25 18:31:49,531: publisherUpdate[/rosout] -> http://y:41289/ ['http://y:42379/', 'http://y:34357/', 'http://y:42635/', 'http://y:43101/', 'http://y:38141/']: sec=0.00, result=[1, '', 0]
[rosmaster.master][INFO] 2026-04-25 18:31:49,531: publisherUpdate[/rosout] -> http://y:41289/ ['http://y:42379/', 'http://y:34357/', 'http://y:42635/', 'http://y:43101/', 'http://y:38141/', 'http://y:41333/']
[rosmaster.master][INFO] 2026-04-25 18:31:49,531: +PUB [/vis/agent_10/ego_vehicle_vis] /onlane_ai_agent_10 http://y:35977/
[rosmaster.master][INFO] 2026-04-25 18:31:49,532: +PUB [/vis/agent_10/obstacle_map] /onlane_ai_agent_10 http://y:35977/
[rosmaster.master][INFO] 2026-04-25 18:31:49,532: +PUB [/vis/agent_10/surrounding_lane_net_vis] /onlane_ai_agent_10 http://y:35977/
[rosmaster.master][INFO] 2026-04-25 18:31:49,532: +PUB [/vis/agent_10/local_lanes_vis] /onlane_ai_agent_10 http://y:35977/
[rosmaster.master][INFO] 2026-04-25 18:31:49,534: +PUB [/tf] /onlane_ai_agent_9 http://y:39069/
[rosmaster.master][INFO] 2026-04-25 18:31:49,534: publisherUpdate[/rosout] -> http://y:41289/ ['http://y:42379/', 'http://y:34357/', 'http://y:42635/', 'http://y:43101/', 'http://y:38141/', 'http://y:41333/']: sec=0.00, result=[1, '', 0]
[rosmaster.master][INFO] 2026-04-25 18:31:49,535: +PUB [/vis/agent_10/ego_behavior_vis] /onlane_ai_agent_10 http://y:35977/
[rosmaster.master][INFO] 2026-04-25 18:31:49,535: publisherUpdate[/rosout] -> http://y:41289/ ['http://y:42379/', 'http://y:34357/', 'http://y:42635/', 'http://y:43101/', 'http://y:38141/', 'http://y:41333/', 'http://y:33917/']
[rosmaster.master][INFO] 2026-04-25 18:31:49,535: +PUB [/vis/agent_9/ego_vehicle_vis] /onlane_ai_agent_9 http://y:39069/
[rosmaster.master][INFO] 2026-04-25 18:31:49,536: +PUB [/tf] /onlane_ai_agent_4 http://y:34811/
[rosmaster.master][INFO] 2026-04-25 18:31:49,536: publisherUpdate[/rosout] -> http://y:41289/ ['http://y:42379/', 'http://y:34357/', 'http://y:42635/', 'http://y:43101/', 'http://y:38141/', 'http://y:41333/', 'http://y:33917/']: sec=0.00, result=[1, '', 0]
[rosmaster.master][INFO] 2026-04-25 18:31:49,536: publisherUpdate[/rosout] -> http://y:41289/ ['http://y:42379/', 'http://y:34357/', 'http://y:42635/', 'http://y:43101/', 'http://y:38141/', 'http://y:41333/', 'http://y:33917/', 'http://y:34811/']
[rosmaster.master][INFO] 2026-04-25 18:31:49,537: +SERVICE [/onlane_ai_agent_6/set_logger_level] /onlane_ai_agent_6 http://y:38811/
[rosmaster.master][INFO] 2026-04-25 18:31:49,537: publisherUpdate[/rosout] -> http://y:41289/ ['http://y:42379/', 'http://y:34357/', 'http://y:42635/', 'http://y:43101/', 'http://y:38141/', 'http://y:41333/', 'http://y:33917/', 'http://y:34811/']: sec=0.00, result=[1, '', 0]
[rosmaster.master][INFO] 2026-04-25 18:31:49,537: publisherUpdate[/rosout] -> http://y:41289/ ['http://y:42379/', 'http://y:34357/', 'http://y:42635/', 'http://y:43101/', 'http://y:38141/', 'http://y:41333/', 'http://y:33917/', 'http://y:34811/', 'http://y:39069/']
[rosmaster.master][INFO] 2026-04-25 18:31:49,537: +PUB [/vis/agent_10/pred_traj_openloop_vis] /onlane_ai_agent_10 http://y:35977/
[rosmaster.master][INFO] 2026-04-25 18:31:49,538: +PUB [/vis/agent_9/obstacle_map] /onlane_ai_agent_9 http://y:39069/
[rosmaster.master][INFO] 2026-04-25 18:31:49,538: publisherUpdate[/rosout] -> http://y:41289/ ['http://y:42379/', 'http://y:34357/', 'http://y:42635/', 'http://y:43101/', 'http://y:38141/', 'http://y:41333/', 'http://y:33917/', 'http://y:34811/', 'http://y:39069/']: sec=0.00, result=[1, '', 0]
[rosmaster.master][INFO] 2026-04-25 18:31:49,538: publisherUpdate[/rosout] -> http://y:41289/ ['http://y:42379/', 'http://y:34357/', 'http://y:42635/', 'http://y:43101/', 'http://y:38141/', 'http://y:41333/', 'http://y:33917/', 'http://y:34811/', 'http://y:39069/', 'http://y:35977/']
[rosmaster.master][INFO] 2026-04-25 18:31:49,539: publisherUpdate[/rosout] -> http://y:41289/ ['http://y:42379/', 'http://y:34357/', 'http://y:42635/', 'http://y:43101/', 'http://y:38141/', 'http://y:41333/', 'http://y:33917/', 'http://y:34811/', 'http://y:39069/', 'http://y:35977/']: sec=0.00, result=[1, '', 0]
[rosmaster.master][INFO] 2026-04-25 18:31:49,539: publisherUpdate[/rosout] -> http://y:41289/ ['http://y:42379/', 'http://y:34357/', 'http://y:42635/', 'http://y:43101/', 'http://y:38141/', 'http://y:41333/', 'http://y:33917/', 'http://y:34811/', 'http://y:39069/', 'http://y:35977/', 'http://y:39427/']
[rosmaster.master][INFO] 2026-04-25 18:31:49,540: publisherUpdate[/rosout] -> http://y:41289/ ['http://y:42379/', 'http://y:34357/', 'http://y:42635/', 'http://y:43101/', 'http://y:38141/', 'http://y:41333/', 'http://y:33917/', 'http://y:34811/', 'http://y:39069/', 'http://y:35977/', 'http://y:39427/']: sec=0.00, result=[1, '', 0]
[rosmaster.master][INFO] 2026-04-25 18:31:49,540: publisherUpdate[/rosout] -> http://y:41289/ ['http://y:42379/', 'http://y:34357/', 'http://y:42635/', 'http://y:43101/', 'http://y:38141/', 'http://y:41333/', 'http://y:33917/', 'http://y:34811/', 'http://y:39069/', 'http://y:35977/', 'http://y:39427/', 'http://y:38811/']
[rosmaster.master][INFO] 2026-04-25 18:31:49,540: +PUB [/vis/agent_4/ego_vehicle_vis] /onlane_ai_agent_4 http://y:34811/
[rosmaster.master][INFO] 2026-04-25 18:31:49,544: publisherUpdate[/rosout] -> http://y:41289/ ['http://y:42379/', 'http://y:34357/', 'http://y:42635/', 'http://y:43101/', 'http://y:38141/', 'http://y:41333/', 'http://y:33917/', 'http://y:34811/', 'http://y:39069/', 'http://y:35977/', 'http://y:39427/', 'http://y:38811/']: sec=0.00, result=[1, '', 0]
[rosmaster.master][INFO] 2026-04-25 18:31:49,548: +SUB [/arena_info_dynamic] /test_ssc_with_eudm_0 http://y:34357/
[rosmaster.master][INFO] 2026-04-25 18:31:49,548: +PUB [/vis/agent_9/surrounding_lane_net_vis] /onlane_ai_agent_9 http://y:39069/
[rosmaster.master][INFO] 2026-04-25 18:31:49,548: +PUB [/ctrl/agent_6] /onlane_ai_agent_6 http://y:38811/
[rosmaster.master][INFO] 2026-04-25 18:31:49,548: +PUB [/vis/agent_7/pred_initial_intention_vis] /onlane_ai_agent_7 http://y:33917/
[rosmaster.master][INFO] 2026-04-25 18:31:49,550: +SUB [/joy] /onlane_ai_agent_1 http://y:42379/
[rosmaster.master][INFO] 2026-04-25 18:31:49,550: +PUB [/vis/agent_4/obstacle_map] /onlane_ai_agent_4 http://y:34811/
[rosmaster.master][INFO] 2026-04-25 18:31:49,550: +PUB [/vis/agent_9/local_lanes_vis] /onlane_ai_agent_9 http://y:39069/
[rosmaster.master][INFO] 2026-04-25 18:31:49,550: +PUB [/vis/agent_10/pred_initial_intention_vis] /onlane_ai_agent_10 http://y:35977/
[rosmaster.master][INFO] 2026-04-25 18:31:49,553: +SUB [/joy] /onlane_ai_agent_5 http://y:38141/
[rosmaster.master][INFO] 2026-04-25 18:31:49,553: +PUB [/vis/agent_7/surrounding_vehicle_vis] /onlane_ai_agent_7 http://y:33917/
[rosmaster.master][INFO] 2026-04-25 18:31:49,554: +PUB [/vis/agent_10/surrounding_vehicle_vis] /onlane_ai_agent_10 http://y:35977/
[rosmaster.master][INFO] 2026-04-25 18:31:49,554: +PUB [/vis/agent_9/ego_behavior_vis] /onlane_ai_agent_9 http://y:39069/
[rosmaster.master][INFO] 2026-04-25 18:31:49,554: +PUB [/vis/agent_7/speed_limit] /onlane_ai_agent_7 http://y:33917/
[rosmaster.master][INFO] 2026-04-25 18:31:49,555: +PUB [/vis/agent_9/pred_traj_openloop_vis] /onlane_ai_agent_9 http://y:39069/
[rosmaster.master][INFO] 2026-04-25 18:31:49,556: +PUB [/vis/agent_10/speed_limit] /onlane_ai_agent_10 http://y:35977/
[rosmaster.master][INFO] 2026-04-25 18:31:49,556: +PUB [/vis/agent_1/forward_trajs] /onlane_ai_agent_1 http://y:42379/
[rosmaster.master][INFO] 2026-04-25 18:31:49,556: +PUB [/vis/agent_5/forward_trajs] /onlane_ai_agent_5 http://y:38141/
[rosmaster.master][INFO] 2026-04-25 18:31:49,557: +PUB [/vis/agent_4/surrounding_lane_net_vis] /onlane_ai_agent_4 http://y:34811/
[rosmaster.master][INFO] 2026-04-25 18:31:49,558: +PUB [/vis/agent_4/local_lanes_vis] /onlane_ai_agent_4 http://y:34811/
[rosmaster.master][INFO] 2026-04-25 18:31:49,558: +PUB [/vis/agent_4/ego_behavior_vis] /onlane_ai_agent_4 http://y:34811/
[rosmaster.master][INFO] 2026-04-25 18:31:49,559: +PUB [/vis/agent_9/pred_initial_intention_vis] /onlane_ai_agent_9 http://y:39069/
[rosmaster.master][INFO] 2026-04-25 18:31:49,559: +PUB [/vis/agent_4/pred_traj_openloop_vis] /onlane_ai_agent_4 http://y:34811/
[rosmaster.master][INFO] 2026-04-25 18:31:49,560: +PUB [/vis/agent_4/pred_initial_intention_vis] /onlane_ai_agent_4 http://y:34811/
[rosmaster.master][INFO] 2026-04-25 18:31:49,560: +PUB [/vis/agent_4/surrounding_vehicle_vis] /onlane_ai_agent_4 http://y:34811/
[rosmaster.master][INFO] 2026-04-25 18:31:49,560: +SUB [/arena_info_static] /onlane_ai_agent_7 http://y:33917/
[rosmaster.master][INFO] 2026-04-25 18:31:49,561: +PUB [/vis/agent_4/speed_limit] /onlane_ai_agent_4 http://y:34811/
[rosmaster.master][INFO] 2026-04-25 18:31:49,562: +SUB [/arena_info_static] /onlane_ai_agent_4 http://y:34811/
[rosmaster.master][INFO] 2026-04-25 18:31:49,563: +SUB [/arena_info_static] /onlane_ai_agent_10 http://y:35977/
[rosmaster.master][INFO] 2026-04-25 18:31:49,564: +PUB [/vis/agent_9/surrounding_vehicle_vis] /onlane_ai_agent_9 http://y:39069/
[rosmaster.master][INFO] 2026-04-25 18:31:49,564: +PUB [/tf] /onlane_ai_agent_6 http://y:38811/
[rosmaster.master][INFO] 2026-04-25 18:31:49,565: +PUB [/vis/agent_6/ego_vehicle_vis] /onlane_ai_agent_6 http://y:38811/
[rosmaster.master][INFO] 2026-04-25 18:31:49,565: +PUB [/vis/agent_6/obstacle_map] /onlane_ai_agent_6 http://y:38811/
[rosmaster.master][INFO] 2026-04-25 18:31:49,566: +PUB [/vis/agent_6/surrounding_lane_net_vis] /onlane_ai_agent_6 http://y:38811/
[rosmaster.master][INFO] 2026-04-25 18:31:49,567: +PUB [/vis/agent_9/speed_limit] /onlane_ai_agent_9 http://y:39069/
[rosmaster.master][INFO] 2026-04-25 18:31:49,567: +PUB [/vis/agent_6/local_lanes_vis] /onlane_ai_agent_6 http://y:38811/
[rosmaster.master][INFO] 2026-04-25 18:31:49,567: +SUB [/arena_info_dynamic] /onlane_ai_agent_4 http://y:34811/
[rosmaster.master][INFO] 2026-04-25 18:31:49,568: +SUB [/arena_info_dynamic] /onlane_ai_agent_10 http://y:35977/
[rosmaster.master][INFO] 2026-04-25 18:31:49,569: +PUB [/vis/agent_6/ego_behavior_vis] /onlane_ai_agent_6 http://y:38811/
[rosmaster.master][INFO] 2026-04-25 18:31:49,574: +PUB [/arena_info_static] /phy_simulator_planning_node http://y:39427/
[rosmaster.master][INFO] 2026-04-25 18:31:49,575: +PUB [/vis/agent_6/pred_traj_openloop_vis] /onlane_ai_agent_6 http://y:38811/
[rosmaster.master][INFO] 2026-04-25 18:31:49,576: +PUB [/arena_info_dynamic] /phy_simulator_planning_node http://y:39427/
[rosmaster.master][INFO] 2026-04-25 18:31:49,577: +PUB [/vis/agent_6/pred_initial_intention_vis] /onlane_ai_agent_6 http://y:38811/
[rosmaster.master][INFO] 2026-04-25 18:31:49,578: +SUB [/joy] /onlane_ai_agent_4 http://y:34811/
[rosmaster.master][INFO] 2026-04-25 18:31:49,578: +PUB [/phy_simulator_planning_node/vis/vehicle_set_vis] /phy_simulator_planning_node http://y:39427/
[rosmaster.master][INFO] 2026-04-25 18:31:49,578: +PUB [/vis/agent_6/surrounding_vehicle_vis] /onlane_ai_agent_6 http://y:38811/
[rosmaster.master][INFO] 2026-04-25 18:31:49,579: +SUB [/arena_info_dynamic] /onlane_ai_agent_7 http://y:33917/
[rosmaster.master][INFO] 2026-04-25 18:31:49,579: +SUB [/arena_info_static] /onlane_ai_agent_9 http://y:39069/
[rosmaster.master][INFO] 2026-04-25 18:31:49,579: +PUB [/phy_simulator_planning_node/vis/lane_net_vis] /phy_simulator_planning_node http://y:39427/
[rosmaster.master][INFO] 2026-04-25 18:31:49,579: +PUB [/vis/agent_6/speed_limit] /onlane_ai_agent_6 http://y:38811/
[rosmaster.master][INFO] 2026-04-25 18:31:49,581: +PUB [/phy_simulator_planning_node/vis/obstacle_set_vis] /phy_simulator_planning_node http://y:39427/
[rosmaster.master][INFO] 2026-04-25 18:31:49,584: +SUB [/joy] /onlane_ai_agent_7 http://y:33917/
[rosmaster.master][INFO] 2026-04-25 18:31:49,585: +PUB [/vis/agent_4/forward_trajs] /onlane_ai_agent_4 http://y:34811/
[rosmaster.master][INFO] 2026-04-25 18:31:49,585: +SUB [/arena_info_static] /onlane_ai_agent_6 http://y:38811/
[rosmaster.master][INFO] 2026-04-25 18:31:49,586: +SUB [/joy] /onlane_ai_agent_10 http://y:35977/
[rosmaster.master][INFO] 2026-04-25 18:31:49,586: +SUB [/arena_info_dynamic] /onlane_ai_agent_9 http://y:39069/
[rosmaster.master][INFO] 2026-04-25 18:31:49,587: +PUB [/vis/agent_10/forward_trajs] /onlane_ai_agent_10 http://y:35977/
[rosmaster.master][INFO] 2026-04-25 18:31:49,587: +PUB [/vis/agent_7/forward_trajs] /onlane_ai_agent_7 http://y:33917/
[rosmaster.master][INFO] 2026-04-25 18:31:49,588: +SUB [/ctrl/agent_10] /phy_simulator_planning_node http://y:39427/
[rosmaster.master][INFO] 2026-04-25 18:31:49,588: +SUB [/arena_info_dynamic] /onlane_ai_agent_6 http://y:38811/
[rosmaster.master][INFO] 2026-04-25 18:31:49,590: +SUB [/ctrl/agent_9] /phy_simulator_planning_node http://y:39427/
[rosmaster.master][INFO] 2026-04-25 18:31:49,591: +SUB [/joy] /onlane_ai_agent_6 http://y:38811/
[rosmaster.master][INFO] 2026-04-25 18:31:49,591: +PUB [/vis/agent_6/forward_trajs] /onlane_ai_agent_6 http://y:38811/
[rosmaster.master][INFO] 2026-04-25 18:31:49,592: +SUB [/ctrl/agent_8] /phy_simulator_planning_node http://y:39427/
[rosmaster.master][INFO] 2026-04-25 18:31:49,593: +SUB [/ctrl/agent_7] /phy_simulator_planning_node http://y:39427/
[rosmaster.master][INFO] 2026-04-25 18:31:49,600: +SUB [/joy] /onlane_ai_agent_9 http://y:39069/
[rosmaster.master][INFO] 2026-04-25 18:31:49,601: +PUB [/vis/agent_9/forward_trajs] /onlane_ai_agent_9 http://y:39069/
[rosmaster.master][INFO] 2026-04-25 18:31:49,602: +SUB [/ctrl/agent_6] /phy_simulator_planning_node http://y:39427/
[rosmaster.master][INFO] 2026-04-25 18:31:49,602: +SUB [/ctrl/agent_5] /phy_simulator_planning_node http://y:39427/
[rosmaster.master][INFO] 2026-04-25 18:31:49,603: +SUB [/ctrl/agent_4] /phy_simulator_planning_node http://y:39427/
[rosmaster.master][INFO] 2026-04-25 18:31:49,604: +SUB [/ctrl/agent_3] /phy_simulator_planning_node http://y:39427/
[rosmaster.master][INFO] 2026-04-25 18:31:49,605: +SUB [/ctrl/agent_2] /phy_simulator_planning_node http://y:39427/
[rosmaster.master][INFO] 2026-04-25 18:31:49,605: +SUB [/ctrl/agent_1] /phy_simulator_planning_node http://y:39427/
[rosmaster.master][INFO] 2026-04-25 18:31:49,606: +SUB [/ctrl/agent_0] /phy_simulator_planning_node http://y:39427/
[rosmaster.master][INFO] 2026-04-25 18:31:49,607: +SUB [/initialpose] /phy_simulator_planning_node http://y:39427/
[rosmaster.master][INFO] 2026-04-25 18:31:49,608: +SUB [/move_base_simple/goal] /phy_simulator_planning_node http://y:39427/
[rosmaster.master][INFO] 2026-04-25 18:31:49,636: publisherUpdate[/arena_info_static] -> http://y:43101/ ['http://y:39427/']
[rosmaster.master][INFO] 2026-04-25 18:31:49,637: publisherUpdate[/arena_info_static] -> http://y:43101/ ['http://y:39427/']: sec=0.00, result=[1, '', 0]
[rosmaster.master][INFO] 2026-04-25 18:31:49,637: publisherUpdate[/arena_info_static] -> http://y:42379/ ['http://y:39427/']
[rosmaster.master][INFO] 2026-04-25 18:31:49,638: publisherUpdate[/arena_info_static] -> http://y:42379/ ['http://y:39427/']: sec=0.00, result=[1, '', 0]
[rosmaster.master][INFO] 2026-04-25 18:31:49,638: publisherUpdate[/arena_info_static] -> http://y:38141/ ['http://y:39427/']
[rosmaster.master][INFO] 2026-04-25 18:31:49,638: publisherUpdate[/arena_info_static] -> http://y:38141/ ['http://y:39427/']: sec=0.00, result=[1, '', 0]
[rosmaster.master][INFO] 2026-04-25 18:31:49,638: publisherUpdate[/arena_info_static] -> http://y:41333/ ['http://y:39427/']
[rosmaster.master][INFO] 2026-04-25 18:31:49,639: publisherUpdate[/arena_info_static] -> http://y:41333/ ['http://y:39427/']: sec=0.00, result=[1, '', 0]
[rosmaster.master][INFO] 2026-04-25 18:31:49,639: publisherUpdate[/arena_info_static] -> http://y:42635/ ['http://y:39427/']
[rosmaster.master][INFO] 2026-04-25 18:31:49,640: publisherUpdate[/arena_info_static] -> http://y:42635/ ['http://y:39427/']: sec=0.00, result=[1, '', 0]
[rosmaster.master][INFO] 2026-04-25 18:31:49,640: publisherUpdate[/arena_info_static] -> http://y:34357/ ['http://y:39427/']
[rosmaster.master][INFO] 2026-04-25 18:31:49,640: publisherUpdate[/arena_info_static] -> http://y:34357/ ['http://y:39427/']: sec=0.00, result=[1, '', 0]
[rosmaster.master][INFO] 2026-04-25 18:31:49,640: publisherUpdate[/arena_info_static] -> http://y:33917/ ['http://y:39427/']
[rosmaster.master][INFO] 2026-04-25 18:31:49,641: publisherUpdate[/arena_info_static] -> http://y:33917/ ['http://y:39427/']: sec=0.00, result=[1, '', 0]
[rosmaster.master][INFO] 2026-04-25 18:31:49,641: publisherUpdate[/arena_info_static] -> http://y:34811/ ['http://y:39427/']
[rosmaster.master][INFO] 2026-04-25 18:31:49,641: publisherUpdate[/arena_info_static] -> http://y:34811/ ['http://y:39427/']: sec=0.00, result=[1, '', 0]
[rosmaster.master][INFO] 2026-04-25 18:31:49,641: publisherUpdate[/arena_info_static] -> http://y:35977/ ['http://y:39427/']
[rosmaster.master][INFO] 2026-04-25 18:31:49,642: publisherUpdate[/arena_info_static] -> http://y:35977/ ['http://y:39427/']: sec=0.00, result=[1, '', 0]
[rosmaster.master][INFO] 2026-04-25 18:31:49,642: publisherUpdate[/arena_info_dynamic] -> http://y:43101/ ['http://y:39427/']
[rosmaster.master][INFO] 2026-04-25 18:31:49,642: publisherUpdate[/arena_info_dynamic] -> http://y:43101/ ['http://y:39427/']: sec=0.00, result=[1, '', 0]
[rosmaster.master][INFO] 2026-04-25 18:31:49,642: publisherUpdate[/arena_info_dynamic] -> http://y:42379/ ['http://y:39427/']
[rosmaster.master][INFO] 2026-04-25 18:31:49,643: publisherUpdate[/arena_info_dynamic] -> http://y:42379/ ['http://y:39427/']: sec=0.00, result=[1, '', 0]
[rosmaster.master][INFO] 2026-04-25 18:31:49,643: publisherUpdate[/arena_info_dynamic] -> http://y:41333/ ['http://y:39427/']
[rosmaster.master][INFO] 2026-04-25 18:31:49,643: publisherUpdate[/arena_info_dynamic] -> http://y:41333/ ['http://y:39427/']: sec=0.00, result=[1, '', 0]
[rosmaster.master][INFO] 2026-04-25 18:31:49,643: publisherUpdate[/arena_info_dynamic] -> http://y:42635/ ['http://y:39427/']
[rosmaster.master][INFO] 2026-04-25 18:31:49,644: publisherUpdate[/arena_info_dynamic] -> http://y:42635/ ['http://y:39427/']: sec=0.00, result=[1, '', 0]
[rosmaster.master][INFO] 2026-04-25 18:31:49,644: publisherUpdate[/arena_info_dynamic] -> http://y:38141/ ['http://y:39427/']
[rosmaster.master][INFO] 2026-04-25 18:31:49,644: publisherUpdate[/arena_info_dynamic] -> http://y:38141/ ['http://y:39427/']: sec=0.00, result=[1, '', 0]
[rosmaster.master][INFO] 2026-04-25 18:31:49,644: publisherUpdate[/arena_info_dynamic] -> http://y:34357/ ['http://y:39427/']
[rosmaster.master][INFO] 2026-04-25 18:31:49,645: publisherUpdate[/arena_info_dynamic] -> http://y:34357/ ['http://y:39427/']: sec=0.00, result=[1, '', 0]
[rosmaster.master][INFO] 2026-04-25 18:31:49,645: publisherUpdate[/arena_info_dynamic] -> http://y:34811/ ['http://y:39427/']
[rosmaster.master][INFO] 2026-04-25 18:31:49,645: publisherUpdate[/arena_info_dynamic] -> http://y:34811/ ['http://y:39427/']: sec=0.00, result=[1, '', 0]
[rosmaster.master][INFO] 2026-04-25 18:31:49,645: publisherUpdate[/arena_info_dynamic] -> http://y:35977/ ['http://y:39427/']
[rosmaster.master][INFO] 2026-04-25 18:31:49,646: publisherUpdate[/arena_info_dynamic] -> http://y:35977/ ['http://y:39427/']: sec=0.00, result=[1, '', 0]
[rosmaster.master][INFO] 2026-04-25 18:31:57,223: +PUB [/rosout] /epsilon_metric_collector_378859_1777113117107 http://y:37895/
[rosmaster.master][INFO] 2026-04-25 18:31:57,224: +SERVICE [/epsilon_metric_collector_378859_1777113117107/get_loggers] /epsilon_metric_collector_378859_1777113117107 http://y:37895/
[rosmaster.master][INFO] 2026-04-25 18:31:57,225: +SERVICE [/epsilon_metric_collector_378859_1777113117107/set_logger_level] /epsilon_metric_collector_378859_1777113117107 http://y:37895/
[rosmaster.master][INFO] 2026-04-25 18:31:57,225: +SUB [/arena_info_dynamic] /epsilon_metric_collector_378859_1777113117107 http://y:37895/
[rosmaster.master][INFO] 2026-04-25 18:31:57,258: publisherUpdate[/rosout] -> http://y:41289/ ['http://y:42379/', 'http://y:34357/', 'http://y:42635/', 'http://y:43101/', 'http://y:38141/', 'http://y:41333/', 'http://y:33917/', 'http://y:34811/', 'http://y:39069/', 'http://y:35977/', 'http://y:39427/', 'http://y:38811/', 'http://y:37895/']
[rosmaster.master][INFO] 2026-04-25 18:31:57,259: publisherUpdate[/rosout] -> http://y:41289/ ['http://y:42379/', 'http://y:34357/', 'http://y:42635/', 'http://y:43101/', 'http://y:38141/', 'http://y:41333/', 'http://y:33917/', 'http://y:34811/', 'http://y:39069/', 'http://y:35977/', 'http://y:39427/', 'http://y:38811/', 'http://y:37895/']: sec=0.00, result=[1, '', 0]
[rosmaster.master][INFO] 2026-04-25 18:33:56,844: -SUB [/arena_info_dynamic] /epsilon_metric_collector_378859_1777113117107 http://y:37895/
[rosmaster.master][INFO] 2026-04-25 18:33:56,845: -PUB [/rosout] /epsilon_metric_collector_378859_1777113117107 http://y:37895/
[rosmaster.master][INFO] 2026-04-25 18:33:56,845: -SERVICE [/epsilon_metric_collector_378859_1777113117107/get_loggers] /epsilon_metric_collector_378859_1777113117107 rosrpc://y:38431
[rosmaster.master][INFO] 2026-04-25 18:33:56,845: -SERVICE [/epsilon_metric_collector_378859_1777113117107/set_logger_level] /epsilon_metric_collector_378859_1777113117107 rosrpc://y:38431
[rosmaster.master][INFO] 2026-04-25 18:33:56,941: publisherUpdate[/rosout] -> http://y:41289/ ['http://y:42379/', 'http://y:34357/', 'http://y:42635/', 'http://y:43101/', 'http://y:38141/', 'http://y:41333/', 'http://y:33917/', 'http://y:34811/', 'http://y:39069/', 'http://y:35977/', 'http://y:39427/', 'http://y:38811/']
[rosmaster.master][INFO] 2026-04-25 18:33:56,942: publisherUpdate[/rosout] -> http://y:41289/ ['http://y:42379/', 'http://y:34357/', 'http://y:42635/', 'http://y:43101/', 'http://y:38141/', 'http://y:41333/', 'http://y:33917/', 'http://y:34811/', 'http://y:39069/', 'http://y:35977/', 'http://y:39427/', 'http://y:38811/']: sec=0.00, result=[1, '', 0]
[rosmaster.master][INFO] 2026-04-25 18:33:57,900: +PUB [/rosout] /rostopic_443990_1777113237787 http://y:40615/
[rosmaster.master][INFO] 2026-04-25 18:33:57,902: +SERVICE [/rostopic_443990_1777113237787/get_loggers] /rostopic_443990_1777113237787 http://y:40615/
[rosmaster.master][INFO] 2026-04-25 18:33:57,902: +SERVICE [/rostopic_443990_1777113237787/set_logger_level] /rostopic_443990_1777113237787 http://y:40615/
[rosmaster.master][INFO] 2026-04-25 18:33:57,916: +SUB [/arena_info_dynamic] /rostopic_443990_1777113237787 http://y:40615/
[rosmaster.master][INFO] 2026-04-25 18:33:57,943: publisherUpdate[/rosout] -> http://y:41289/ ['http://y:42379/', 'http://y:34357/', 'http://y:42635/', 'http://y:43101/', 'http://y:38141/', 'http://y:41333/', 'http://y:33917/', 'http://y:34811/', 'http://y:39069/', 'http://y:35977/', 'http://y:39427/', 'http://y:38811/', 'http://y:40615/']
[rosmaster.master][INFO] 2026-04-25 18:33:57,944: publisherUpdate[/rosout] -> http://y:41289/ ['http://y:42379/', 'http://y:34357/', 'http://y:42635/', 'http://y:43101/', 'http://y:38141/', 'http://y:41333/', 'http://y:33917/', 'http://y:34811/', 'http://y:39069/', 'http://y:35977/', 'http://y:39427/', 'http://y:38811/', 'http://y:40615/']: sec=0.00, result=[1, '', 0]
[rosmaster.master][INFO] 2026-04-25 18:34:12,485: -SUB [/arena_info_dynamic] /rostopic_443990_1777113237787 http://y:40615/
[rosmaster.master][INFO] 2026-04-25 18:34:12,485: -PUB [/rosout] /rostopic_443990_1777113237787 http://y:40615/
[rosmaster.master][INFO] 2026-04-25 18:34:12,485: -SERVICE [/rostopic_443990_1777113237787/get_loggers] /rostopic_443990_1777113237787 rosrpc://y:36637
[rosmaster.master][INFO] 2026-04-25 18:34:12,485: -SERVICE [/rostopic_443990_1777113237787/set_logger_level] /rostopic_443990_1777113237787 rosrpc://y:36637
[rosmaster.master][INFO] 2026-04-25 18:34:12,565: publisherUpdate[/rosout] -> http://y:41289/ ['http://y:42379/', 'http://y:34357/', 'http://y:42635/', 'http://y:43101/', 'http://y:38141/', 'http://y:41333/', 'http://y:33917/', 'http://y:34811/', 'http://y:39069/', 'http://y:35977/', 'http://y:39427/', 'http://y:38811/']
[rosmaster.master][INFO] 2026-04-25 18:34:12,566: publisherUpdate[/rosout] -> http://y:41289/ ['http://y:42379/', 'http://y:34357/', 'http://y:42635/', 'http://y:43101/', 'http://y:38141/', 'http://y:41333/', 'http://y:33917/', 'http://y:34811/', 'http://y:39069/', 'http://y:35977/', 'http://y:39427/', 'http://y:38811/']: sec=0.00, result=[1, '', 0]
[rosmaster.master][INFO] 2026-04-25 18:34:13,239: -PUB [/rosout] /phy_simulator_planning_node http://y:39427/
[rosmaster.master][INFO] 2026-04-25 18:34:13,240: -PUB [/arena_info_static] /phy_simulator_planning_node http://y:39427/
[rosmaster.master][INFO] 2026-04-25 18:34:13,240: -PUB [/arena_info_dynamic] /phy_simulator_planning_node http://y:39427/
[rosmaster.master][INFO] 2026-04-25 18:34:13,240: -PUB [/phy_simulator_planning_node/vis/vehicle_set_vis] /phy_simulator_planning_node http://y:39427/
[rosmaster.master][INFO] 2026-04-25 18:34:13,241: -PUB [/phy_simulator_planning_node/vis/lane_net_vis] /phy_simulator_planning_node http://y:39427/
[rosmaster.master][INFO] 2026-04-25 18:34:13,241: -PUB [/phy_simulator_planning_node/vis/obstacle_set_vis] /phy_simulator_planning_node http://y:39427/
[rosmaster.master][INFO] 2026-04-25 18:34:13,241: -SUB [/ctrl/agent_10] /phy_simulator_planning_node http://y:39427/
[rosmaster.master][INFO] 2026-04-25 18:34:13,242: -SUB [/ctrl/agent_9] /phy_simulator_planning_node http://y:39427/
[rosmaster.master][INFO] 2026-04-25 18:34:13,242: -SUB [/ctrl/agent_8] /phy_simulator_planning_node http://y:39427/
[rosmaster.master][INFO] 2026-04-25 18:34:13,242: -SUB [/ctrl/agent_7] /phy_simulator_planning_node http://y:39427/
[rosmaster.master][INFO] 2026-04-25 18:34:13,242: -SUB [/ctrl/agent_6] /phy_simulator_planning_node http://y:39427/
[rosmaster.master][INFO] 2026-04-25 18:34:13,242: -SUB [/ctrl/agent_5] /phy_simulator_planning_node http://y:39427/
[rosmaster.master][INFO] 2026-04-25 18:34:13,242: -SUB [/ctrl/agent_4] /phy_simulator_planning_node http://y:39427/
[rosmaster.master][INFO] 2026-04-25 18:34:13,243: -SUB [/ctrl/agent_3] /phy_simulator_planning_node http://y:39427/
[rosmaster.master][INFO] 2026-04-25 18:34:13,243: -SUB [/ctrl/agent_2] /phy_simulator_planning_node http://y:39427/
[rosmaster.master][INFO] 2026-04-25 18:34:13,243: -SUB [/ctrl/agent_1] /phy_simulator_planning_node http://y:39427/
[rosmaster.master][INFO] 2026-04-25 18:34:13,243: -SUB [/ctrl/agent_0] /phy_simulator_planning_node http://y:39427/
[rosmaster.master][INFO] 2026-04-25 18:34:13,243: -SUB [/initialpose] /phy_simulator_planning_node http://y:39427/
[rosmaster.master][INFO] 2026-04-25 18:34:13,243: -SUB [/move_base_simple/goal] /phy_simulator_planning_node http://y:39427/
[rosmaster.master][INFO] 2026-04-25 18:34:13,243: -SERVICE [/phy_simulator_planning_node/get_loggers] /phy_simulator_planning_node rosrpc://y:44449
[rosmaster.master][INFO] 2026-04-25 18:34:13,243: -SERVICE [/phy_simulator_planning_node/set_logger_level] /phy_simulator_planning_node rosrpc://y:44449
[rosmaster.master][INFO] 2026-04-25 18:34:13,267: publisherUpdate[/rosout] -> http://y:41289/ ['http://y:42379/', 'http://y:34357/', 'http://y:42635/', 'http://y:43101/', 'http://y:38141/', 'http://y:41333/', 'http://y:33917/', 'http://y:34811/', 'http://y:39069/', 'http://y:35977/', 'http://y:38811/']
[rosmaster.master][INFO] 2026-04-25 18:34:13,267: publisherUpdate[/arena_info_static] -> http://y:43101/ []
[rosmaster.master][INFO] 2026-04-25 18:34:13,267: publisherUpdate[/rosout] -> http://y:41289/ ['http://y:42379/', 'http://y:34357/', 'http://y:42635/', 'http://y:43101/', 'http://y:38141/', 'http://y:41333/', 'http://y:33917/', 'http://y:34811/', 'http://y:39069/', 'http://y:35977/', 'http://y:38811/']: sec=0.00, result=[1, '', 0]
[rosmaster.master][INFO] 2026-04-25 18:34:13,268: publisherUpdate[/arena_info_static] -> http://y:43101/ []: sec=0.00, result=[1, '', 0]
[rosmaster.master][INFO] 2026-04-25 18:34:13,268: publisherUpdate[/arena_info_static] -> http://y:38141/ []
[rosmaster.master][INFO] 2026-04-25 18:34:13,268: publisherUpdate[/arena_info_static] -> http://y:42379/ []
[rosmaster.master][INFO] 2026-04-25 18:34:13,268: publisherUpdate[/arena_info_static] -> http://y:38141/ []: sec=0.00, result=[1, '', 0]
[rosmaster.master][INFO] 2026-04-25 18:34:13,268: publisherUpdate[/arena_info_static] -> http://y:41333/ []
[rosmaster.master][INFO] 2026-04-25 18:34:13,268: publisherUpdate[/arena_info_static] -> http://y:41333/ []: sec=0.00, result=[0, 'Unknown Error', 0]
[rosmaster.master][INFO] 2026-04-25 18:34:13,268: publisherUpdate[/arena_info_static] -> http://y:42635/ []
[rosmaster.master][INFO] 2026-04-25 18:34:13,269: publisherUpdate[/arena_info_static] -> http://y:42379/ []: sec=0.00, result=[1, '', 0]
[rosmaster.master][INFO] 2026-04-25 18:34:13,269: publisherUpdate[/arena_info_static] -> http://y:42635/ []: sec=0.00, result=[1, '', 0]
[rosmaster.master][INFO] 2026-04-25 18:34:13,269: publisherUpdate[/arena_info_static] -> http://y:34357/ []
[rosmaster.master][INFO] 2026-04-25 18:34:13,269: publisherUpdate[/arena_info_static] -> http://y:33917/ []
[rosmaster.master][INFO] 2026-04-25 18:34:13,269: publisherUpdate[/arena_info_static] -> http://y:33917/ []: sec=0.00, result=[0, 'Unknown Error', 0]
[rosmaster.master][INFO] 2026-04-25 18:34:13,269: publisherUpdate[/arena_info_static] -> http://y:34811/ []
[rosmaster.master][INFO] 2026-04-25 18:34:13,270: publisherUpdate[/arena_info_static] -> http://y:34357/ []: sec=0.00, result=[1, '', 0]
[rosmaster.master][INFO] 2026-04-25 18:34:13,270: publisherUpdate[/arena_info_static] -> http://y:35977/ []
[rosmaster.master][INFO] 2026-04-25 18:34:13,270: publisherUpdate[/arena_info_static] -> http://y:34811/ []: sec=0.00, result=[0, 'Unknown Error', 0]
[rosmaster.master][INFO] 2026-04-25 18:34:13,270: publisherUpdate[/arena_info_static] -> http://y:39069/ []
[rosmaster.master][INFO] 2026-04-25 18:34:13,270: publisherUpdate[/arena_info_static] -> http://y:35977/ []: sec=0.00, result=[0, 'Unknown Error', 0]
[rosmaster.master][INFO] 2026-04-25 18:34:13,270: publisherUpdate[/arena_info_static] -> http://y:39069/ []: sec=0.00, result=[0, 'Unknown Error', 0]
[rosmaster.master][INFO] 2026-04-25 18:34:13,270: publisherUpdate[/arena_info_static] -> http://y:38811/ []
[rosmaster.master][INFO] 2026-04-25 18:34:13,270: publisherUpdate[/arena_info_dynamic] -> http://y:43101/ []
[rosmaster.master][INFO] 2026-04-25 18:34:13,271: publisherUpdate[/arena_info_dynamic] -> http://y:43101/ []: sec=0.00, result=[1, '', 0]
[rosmaster.master][INFO] 2026-04-25 18:34:13,271: publisherUpdate[/arena_info_static] -> http://y:38811/ []: sec=0.00, result=[0, 'Unknown Error', 0]
[rosmaster.master][INFO] 2026-04-25 18:34:13,271: publisherUpdate[/arena_info_dynamic] -> http://y:42379/ []
[rosmaster.master][INFO] 2026-04-25 18:34:13,271: publisherUpdate[/arena_info_dynamic] -> http://y:41333/ []
[rosmaster.master][INFO] 2026-04-25 18:34:13,272: publisherUpdate[/arena_info_dynamic] -> http://y:42379/ []: sec=0.00, result=[1, '', 0]
[rosmaster.master][INFO] 2026-04-25 18:34:13,272: publisherUpdate[/arena_info_dynamic] -> http://y:42635/ []
[rosmaster.master][INFO] 2026-04-25 18:34:13,272: publisherUpdate[/arena_info_dynamic] -> http://y:38141/ []
[rosmaster.master][INFO] 2026-04-25 18:34:13,272: publisherUpdate[/arena_info_dynamic] -> http://y:42635/ []: sec=0.00, result=[1, '', 0]
[rosmaster.master][INFO] 2026-04-25 18:34:13,272: publisherUpdate[/arena_info_dynamic] -> http://y:34357/ []
[rosmaster.master][INFO] 2026-04-25 18:34:13,272: publisherUpdate[/arena_info_dynamic] -> http://y:41333/ []: sec=0.00, result=[0, 'Unknown Error', 0]
[rosmaster.master][INFO] 2026-04-25 18:34:13,273: publisherUpdate[/arena_info_dynamic] -> http://y:38141/ []: sec=0.00, result=[1, '', 0]
[rosmaster.master][INFO] 2026-04-25 18:34:13,273: publisherUpdate[/arena_info_dynamic] -> http://y:34811/ []
[rosmaster.master][INFO] 2026-04-25 18:34:13,273: publisherUpdate[/arena_info_dynamic] -> http://y:34357/ []: sec=0.00, result=[1, '', 0]
[rosmaster.master][INFO] 2026-04-25 18:34:13,273: publisherUpdate[/arena_info_dynamic] -> http://y:35977/ []
[rosmaster.master][INFO] 2026-04-25 18:34:13,273: publisherUpdate[/arena_info_dynamic] -> http://y:33917/ []
[rosmaster.master][INFO] 2026-04-25 18:34:13,273: publisherUpdate[/arena_info_dynamic] -> http://y:33917/ []: sec=0.00, result=[0, 'Unknown Error', 0]
[rosmaster.master][INFO] 2026-04-25 18:34:13,274: -PUB [/rosout] /onlane_ai_agent_7 http://y:33917/
[rosmaster.master][INFO] 2026-04-25 18:34:13,274: publisherUpdate[/arena_info_dynamic] -> http://y:39069/ []
[rosmaster.master][INFO] 2026-04-25 18:34:13,274: publisherUpdate[/arena_info_dynamic] -> http://y:34811/ []: sec=0.00, result=[0, 'Unknown Error', 0]
[rosmaster.master][INFO] 2026-04-25 18:34:13,274: -PUB [/rosout] /onlane_ai_agent_10 http://y:35977/
[rosmaster.master][INFO] 2026-04-25 18:34:13,275: publisherUpdate[/arena_info_dynamic] -> http://y:38811/ []
[rosmaster.master][INFO] 2026-04-25 18:34:13,275: -PUB [/ctrl/agent_7] /onlane_ai_agent_7 http://y:33917/
[rosmaster.master][INFO] 2026-04-25 18:34:13,275: -PUB [/rosout] /onlane_ai_agent_9 http://y:39069/
[rosmaster.master][INFO] 2026-04-25 18:34:13,275: publisherUpdate[/arena_info_dynamic] -> http://y:38811/ []: sec=0.00, result=[0, 'Unknown Error', 0]
[rosmaster.master][INFO] 2026-04-25 18:34:13,275: -PUB [/ctrl/agent_10] /onlane_ai_agent_10 http://y:35977/
[rosmaster.master][INFO] 2026-04-25 18:34:13,275: publisherUpdate[/rosout] -> http://y:41289/ ['http://y:42379/', 'http://y:34357/', 'http://y:42635/', 'http://y:43101/', 'http://y:38141/', 'http://y:41333/', 'http://y:34811/', 'http://y:39069/', 'http://y:35977/', 'http://y:38811/']
[rosmaster.master][INFO] 2026-04-25 18:34:13,276: -PUB [/tf] /onlane_ai_agent_7 http://y:33917/
[rosmaster.master][INFO] 2026-04-25 18:34:13,276: -PUB [/ctrl/agent_9] /onlane_ai_agent_9 http://y:39069/
[rosmaster.master][INFO] 2026-04-25 18:34:13,276: publisherUpdate[/rosout] -> http://y:41289/ ['http://y:42379/', 'http://y:34357/', 'http://y:42635/', 'http://y:43101/', 'http://y:38141/', 'http://y:41333/', 'http://y:34811/', 'http://y:39069/', 'http://y:35977/', 'http://y:38811/']: sec=0.00, result=[1, '', 0]
[rosmaster.master][INFO] 2026-04-25 18:34:13,277: -PUB [/tf] /onlane_ai_agent_10 http://y:35977/
[rosmaster.master][INFO] 2026-04-25 18:34:13,277: publisherUpdate[/rosout] -> http://y:41289/ ['http://y:42379/', 'http://y:34357/', 'http://y:42635/', 'http://y:43101/', 'http://y:38141/', 'http://y:41333/', 'http://y:34811/', 'http://y:39069/', 'http://y:38811/']
[rosmaster.master][INFO] 2026-04-25 18:34:13,277: -PUB [/vis/agent_7/ego_vehicle_vis] /onlane_ai_agent_7 http://y:33917/
[rosmaster.master][INFO] 2026-04-25 18:34:13,277: publisherUpdate[/rosout] -> http://y:41289/ ['http://y:42379/', 'http://y:34357/', 'http://y:42635/', 'http://y:43101/', 'http://y:38141/', 'http://y:41333/', 'http://y:34811/', 'http://y:39069/', 'http://y:38811/']: sec=0.00, result=[1, '', 0]
[rosmaster.master][INFO] 2026-04-25 18:34:13,277: -PUB [/tf] /onlane_ai_agent_9 http://y:39069/
[rosmaster.master][INFO] 2026-04-25 18:34:13,277: publisherUpdate[/rosout] -> http://y:41289/ ['http://y:42379/', 'http://y:34357/', 'http://y:42635/', 'http://y:43101/', 'http://y:38141/', 'http://y:41333/', 'http://y:34811/', 'http://y:38811/']
[rosmaster.master][INFO] 2026-04-25 18:34:13,278: -PUB [/vis/agent_10/ego_vehicle_vis] /onlane_ai_agent_10 http://y:35977/
[rosmaster.master][INFO] 2026-04-25 18:34:13,278: -PUB [/vis/agent_7/obstacle_map] /onlane_ai_agent_7 http://y:33917/
[rosmaster.master][INFO] 2026-04-25 18:34:13,278: publisherUpdate[/rosout] -> http://y:41289/ ['http://y:42379/', 'http://y:34357/', 'http://y:42635/', 'http://y:43101/', 'http://y:38141/', 'http://y:41333/', 'http://y:34811/', 'http://y:38811/']: sec=0.00, result=[1, '', 0]
[rosmaster.master][INFO] 2026-04-25 18:34:13,278: -PUB [/vis/agent_9/ego_vehicle_vis] /onlane_ai_agent_9 http://y:39069/
[rosmaster.master][INFO] 2026-04-25 18:34:13,278: -PUB [/vis/agent_10/obstacle_map] /onlane_ai_agent_10 http://y:35977/
[rosmaster.master][INFO] 2026-04-25 18:34:13,279: -PUB [/vis/agent_9/obstacle_map] /onlane_ai_agent_9 http://y:39069/
[rosmaster.master][INFO] 2026-04-25 18:34:13,279: -PUB [/vis/agent_10/surrounding_lane_net_vis] /onlane_ai_agent_10 http://y:35977/
[rosmaster.master][INFO] 2026-04-25 18:34:13,279: -PUB [/vis/agent_7/surrounding_lane_net_vis] /onlane_ai_agent_7 http://y:33917/
[rosmaster.master][INFO] 2026-04-25 18:34:13,280: -PUB [/vis/agent_9/surrounding_lane_net_vis] /onlane_ai_agent_9 http://y:39069/
[rosmaster.master][INFO] 2026-04-25 18:34:13,280: -PUB [/vis/agent_10/local_lanes_vis] /onlane_ai_agent_10 http://y:35977/
[rosmaster.master][INFO] 2026-04-25 18:34:13,280: -PUB [/vis/agent_7/local_lanes_vis] /onlane_ai_agent_7 http://y:33917/
[rosmaster.master][INFO] 2026-04-25 18:34:13,281: -PUB [/vis/agent_9/local_lanes_vis] /onlane_ai_agent_9 http://y:39069/
[rosmaster.master][INFO] 2026-04-25 18:34:13,281: -PUB [/vis/agent_10/ego_behavior_vis] /onlane_ai_agent_10 http://y:35977/
[rosmaster.master][INFO] 2026-04-25 18:34:13,281: -PUB [/vis/agent_7/ego_behavior_vis] /onlane_ai_agent_7 http://y:33917/
[rosmaster.master][INFO] 2026-04-25 18:34:13,281: -PUB [/vis/agent_9/ego_behavior_vis] /onlane_ai_agent_9 http://y:39069/
[rosmaster.master][INFO] 2026-04-25 18:34:13,282: -PUB [/vis/agent_10/pred_traj_openloop_vis] /onlane_ai_agent_10 http://y:35977/
[rosmaster.master][INFO] 2026-04-25 18:34:13,282: -PUB [/vis/agent_7/pred_traj_openloop_vis] /onlane_ai_agent_7 http://y:33917/
[rosmaster.master][INFO] 2026-04-25 18:34:13,282: -PUB [/vis/agent_9/pred_traj_openloop_vis] /onlane_ai_agent_9 http://y:39069/
[rosmaster.master][INFO] 2026-04-25 18:34:13,282: -PUB [/vis/agent_10/pred_initial_intention_vis] /onlane_ai_agent_10 http://y:35977/
[rosmaster.master][INFO] 2026-04-25 18:34:13,283: -PUB [/vis/agent_7/pred_initial_intention_vis] /onlane_ai_agent_7 http://y:33917/
[rosmaster.master][INFO] 2026-04-25 18:34:13,283: -PUB [/vis/agent_9/pred_initial_intention_vis] /onlane_ai_agent_9 http://y:39069/
[rosmaster.master][INFO] 2026-04-25 18:34:13,283: -PUB [/vis/agent_10/surrounding_vehicle_vis] /onlane_ai_agent_10 http://y:35977/
[rosmaster.master][INFO] 2026-04-25 18:34:13,284: publisherUpdate[/arena_info_dynamic] -> http://y:35977/ []: sec=0.01, exception=<Fault -1: 'publisherUpdate: unknown method name'>
[rosmaster.master][INFO] 2026-04-25 18:34:13,284: -PUB [/vis/agent_7/surrounding_vehicle_vis] /onlane_ai_agent_7 http://y:33917/
[rosmaster.master][INFO] 2026-04-25 18:34:13,284: -PUB [/vis/agent_9/surrounding_vehicle_vis] /onlane_ai_agent_9 http://y:39069/
[rosmaster.master][INFO] 2026-04-25 18:34:13,284: -PUB [/vis/agent_10/speed_limit] /onlane_ai_agent_10 http://y:35977/
[rosmaster.master][INFO] 2026-04-25 18:34:13,285: -PUB [/vis/agent_9/speed_limit] /onlane_ai_agent_9 http://y:39069/
[rosmaster.threadpool][ERROR] 2026-04-25 18:34:13,285: Traceback (most recent call last):
  File "/opt/ros/noetic/lib/python3/dist-packages/rosmaster/threadpool.py", line 218, in run
    result = cmd(*args)
  File "/opt/ros/noetic/lib/python3/dist-packages/rosmaster/master_api.py", line 210, in publisher_update_task
    ret = xmlrpcapi(api).publisherUpdate('/master', topic, pub_uris)
  File "/usr/lib/python3.8/xmlrpc/client.py", line 1109, in __call__
    return self.__send(self.__name, args)
  File "/usr/lib/python3.8/xmlrpc/client.py", line 1450, in __request
    response = self.__transport.request(
  File "/usr/lib/python3.8/xmlrpc/client.py", line 1153, in request
    return self.single_request(host, handler, request_body, verbose)
  File "/usr/lib/python3.8/xmlrpc/client.py", line 1169, in single_request
    return self.parse_response(resp)
  File "/usr/lib/python3.8/xmlrpc/client.py", line 1341, in parse_response
    return u.close()
  File "/usr/lib/python3.8/xmlrpc/client.py", line 655, in close
    raise Fault(**self._stack[0])
xmlrpc.client.Fault: <Fault -1: 'publisherUpdate: unknown method name'>

[rosmaster.master][INFO] 2026-04-25 18:34:13,285: -PUB [/vis/agent_7/speed_limit] /onlane_ai_agent_7 http://y:33917/
[rosmaster.master][INFO] 2026-04-25 18:34:13,285: publisherUpdate[/arena_info_dynamic] -> http://y:39069/ []: sec=0.01, exception=<Fault -1: 'publisherUpdate: unknown method name'>
[rosmaster.master][INFO] 2026-04-25 18:34:13,286: -PUB [/vis/agent_10/forward_trajs] /onlane_ai_agent_10 http://y:35977/
[rosmaster.threadpool][ERROR] 2026-04-25 18:34:13,286: Traceback (most recent call last):
  File "/opt/ros/noetic/lib/python3/dist-packages/rosmaster/threadpool.py", line 218, in run
    result = cmd(*args)
  File "/opt/ros/noetic/lib/python3/dist-packages/rosmaster/master_api.py", line 210, in publisher_update_task
    ret = xmlrpcapi(api).publisherUpdate('/master', topic, pub_uris)
  File "/usr/lib/python3.8/xmlrpc/client.py", line 1109, in __call__
    return self.__send(self.__name, args)
  File "/usr/lib/python3.8/xmlrpc/client.py", line 1450, in __request
    response = self.__transport.request(
  File "/usr/lib/python3.8/xmlrpc/client.py", line 1153, in request
    return self.single_request(host, handler, request_body, verbose)
  File "/usr/lib/python3.8/xmlrpc/client.py", line 1169, in single_request
    return self.parse_response(resp)
  File "/usr/lib/python3.8/xmlrpc/client.py", line 1341, in parse_response
    return u.close()
  File "/usr/lib/python3.8/xmlrpc/client.py", line 655, in close
    raise Fault(**self._stack[0])
xmlrpc.client.Fault: <Fault -1: 'publisherUpdate: unknown method name'>

[rosmaster.master][INFO] 2026-04-25 18:34:13,286: -PUB [/vis/agent_9/forward_trajs] /onlane_ai_agent_9 http://y:39069/
[rosmaster.master][INFO] 2026-04-25 18:34:13,286: -PUB [/vis/agent_7/forward_trajs] /onlane_ai_agent_7 http://y:33917/
[rosmaster.master][INFO] 2026-04-25 18:34:13,287: -SUB [/arena_info_static] /onlane_ai_agent_10 http://y:35977/
[rosmaster.master][INFO] 2026-04-25 18:34:13,287: -SUB [/arena_info_static] /onlane_ai_agent_9 http://y:39069/
[rosmaster.master][INFO] 2026-04-25 18:34:13,287: -SUB [/arena_info_static] /onlane_ai_agent_7 http://y:33917/
[rosmaster.master][INFO] 2026-04-25 18:34:13,287: -SUB [/arena_info_dynamic] /onlane_ai_agent_10 http://y:35977/
[rosmaster.master][INFO] 2026-04-25 18:34:13,288: -SUB [/arena_info_dynamic] /onlane_ai_agent_9 http://y:39069/
[rosmaster.master][INFO] 2026-04-25 18:34:13,288: -SUB [/arena_info_dynamic] /onlane_ai_agent_7 http://y:33917/
[rosmaster.master][INFO] 2026-04-25 18:34:13,288: -SUB [/joy] /onlane_ai_agent_10 http://y:35977/
[rosmaster.master][INFO] 2026-04-25 18:34:13,288: -SUB [/joy] /onlane_ai_agent_9 http://y:39069/
[rosmaster.master][INFO] 2026-04-25 18:34:13,289: -SERVICE [/onlane_ai_agent_10/get_loggers] /onlane_ai_agent_10 rosrpc://y:50493
[rosmaster.master][INFO] 2026-04-25 18:34:13,289: -SUB [/joy] /onlane_ai_agent_7 http://y:33917/
[rosmaster.master][INFO] 2026-04-25 18:34:13,289: -SERVICE [/onlane_ai_agent_9/get_loggers] /onlane_ai_agent_9 rosrpc://y:55919
[rosmaster.master][INFO] 2026-04-25 18:34:13,289: -SERVICE [/onlane_ai_agent_10/set_logger_level] /onlane_ai_agent_10 rosrpc://y:50493
[rosmaster.master][INFO] 2026-04-25 18:34:13,289: -SERVICE [/onlane_ai_agent_7/get_loggers] /onlane_ai_agent_7 rosrpc://y:39821
[rosmaster.master][INFO] 2026-04-25 18:34:13,290: -SERVICE [/onlane_ai_agent_9/set_logger_level] /onlane_ai_agent_9 rosrpc://y:55919
[rosmaster.master][INFO] 2026-04-25 18:34:13,290: -SERVICE [/onlane_ai_agent_7/set_logger_level] /onlane_ai_agent_7 rosrpc://y:39821
[rosmaster.master][INFO] 2026-04-25 18:34:13,371: -PUB [/rosout] /onlane_ai_agent_2 http://y:43101/
[rosmaster.master][INFO] 2026-04-25 18:34:13,372: -PUB [/ctrl/agent_2] /onlane_ai_agent_2 http://y:43101/
[rosmaster.master][INFO] 2026-04-25 18:34:13,372: -PUB [/rosout] /onlane_ai_agent_3 http://y:42635/
[rosmaster.master][INFO] 2026-04-25 18:34:13,373: -PUB [/rosout] /onlane_ai_agent_8 http://y:41333/
[rosmaster.master][INFO] 2026-04-25 18:34:13,373: -PUB [/tf] /onlane_ai_agent_2 http://y:43101/
[rosmaster.master][INFO] 2026-04-25 18:34:13,374: -PUB [/rosout] /onlane_ai_agent_5 http://y:38141/
[rosmaster.master][INFO] 2026-04-25 18:34:13,374: -PUB [/ctrl/agent_3] /onlane_ai_agent_3 http://y:42635/
[rosmaster.master][INFO] 2026-04-25 18:34:13,375: -PUB [/ctrl/agent_8] /onlane_ai_agent_8 http://y:41333/
[rosmaster.master][INFO] 2026-04-25 18:34:13,375: -PUB [/vis/agent_2/ego_vehicle_vis] /onlane_ai_agent_2 http://y:43101/
[rosmaster.master][INFO] 2026-04-25 18:34:13,375: -PUB [/ctrl/agent_5] /onlane_ai_agent_5 http://y:38141/
[rosmaster.master][INFO] 2026-04-25 18:34:13,375: -PUB [/rosout] /onlane_ai_agent_4 http://y:34811/
[rosmaster.master][INFO] 2026-04-25 18:34:13,376: -PUB [/tf] /onlane_ai_agent_3 http://y:42635/
[rosmaster.master][INFO] 2026-04-25 18:34:13,376: -PUB [/vis/agent_2/obstacle_map] /onlane_ai_agent_2 http://y:43101/
[rosmaster.master][INFO] 2026-04-25 18:34:13,376: -PUB [/tf] /onlane_ai_agent_8 http://y:41333/
[rosmaster.master][INFO] 2026-04-25 18:34:13,377: -PUB [/rosout] /onlane_ai_agent_6 http://y:38811/
[rosmaster.master][INFO] 2026-04-25 18:34:13,377: -PUB [/tf] /onlane_ai_agent_5 http://y:38141/
[rosmaster.master][INFO] 2026-04-25 18:34:13,377: -PUB [/ctrl/agent_4] /onlane_ai_agent_4 http://y:34811/
[rosmaster.master][INFO] 2026-04-25 18:34:13,377: -PUB [/vis/agent_3/ego_vehicle_vis] /onlane_ai_agent_3 http://y:42635/
[rosmaster.master][INFO] 2026-04-25 18:34:13,378: -PUB [/vis/agent_2/surrounding_lane_net_vis] /onlane_ai_agent_2 http://y:43101/
[rosmaster.master][INFO] 2026-04-25 18:34:13,378: -PUB [/vis/agent_8/ego_vehicle_vis] /onlane_ai_agent_8 http://y:41333/
[rosmaster.master][INFO] 2026-04-25 18:34:13,378: -PUB [/ctrl/agent_6] /onlane_ai_agent_6 http://y:38811/
[rosmaster.master][INFO] 2026-04-25 18:34:13,378: -PUB [/vis/agent_5/ego_vehicle_vis] /onlane_ai_agent_5 http://y:38141/
[rosmaster.master][INFO] 2026-04-25 18:34:13,378: publisherUpdate[/rosout] -> http://y:41289/ ['http://y:42379/', 'http://y:34357/', 'http://y:42635/', 'http://y:38141/', 'http://y:41333/', 'http://y:34811/', 'http://y:38811/']
[rosmaster.master][INFO] 2026-04-25 18:34:13,379: -PUB [/tf] /onlane_ai_agent_4 http://y:34811/
[rosmaster.master][INFO] 2026-04-25 18:34:13,379: -PUB [/vis/agent_3/obstacle_map] /onlane_ai_agent_3 http://y:42635/
[rosmaster.master][INFO] 2026-04-25 18:34:13,379: publisherUpdate[/rosout] -> http://y:41289/ ['http://y:42379/', 'http://y:34357/', 'http://y:42635/', 'http://y:38141/', 'http://y:41333/', 'http://y:34811/', 'http://y:38811/']: sec=0.00, result=[1, '', 0]
[rosmaster.master][INFO] 2026-04-25 18:34:13,380: -PUB [/vis/agent_2/local_lanes_vis] /onlane_ai_agent_2 http://y:43101/
[rosmaster.master][INFO] 2026-04-25 18:34:13,380: publisherUpdate[/rosout] -> http://y:41289/ ['http://y:42379/', 'http://y:34357/', 'http://y:38141/', 'http://y:41333/', 'http://y:34811/', 'http://y:38811/']
[rosmaster.master][INFO] 2026-04-25 18:34:13,380: -PUB [/vis/agent_8/obstacle_map] /onlane_ai_agent_8 http://y:41333/
[rosmaster.master][INFO] 2026-04-25 18:34:13,380: publisherUpdate[/rosout] -> http://y:41289/ ['http://y:42379/', 'http://y:34357/', 'http://y:38141/', 'http://y:41333/', 'http://y:34811/', 'http://y:38811/']: sec=0.00, result=[1, '', 0]
[rosmaster.master][INFO] 2026-04-25 18:34:13,380: -PUB [/tf] /onlane_ai_agent_6 http://y:38811/
[rosmaster.master][INFO] 2026-04-25 18:34:13,380: publisherUpdate[/rosout] -> http://y:41289/ ['http://y:42379/', 'http://y:34357/', 'http://y:38141/', 'http://y:34811/', 'http://y:38811/']
[rosmaster.master][INFO] 2026-04-25 18:34:13,381: -PUB [/vis/agent_5/obstacle_map] /onlane_ai_agent_5 http://y:38141/
[rosmaster.master][INFO] 2026-04-25 18:34:13,381: publisherUpdate[/rosout] -> http://y:41289/ ['http://y:42379/', 'http://y:34357/', 'http://y:38141/', 'http://y:34811/', 'http://y:38811/']: sec=0.00, result=[1, '', 0]
[rosmaster.master][INFO] 2026-04-25 18:34:13,381: -PUB [/vis/agent_4/ego_vehicle_vis] /onlane_ai_agent_4 http://y:34811/
[rosmaster.master][INFO] 2026-04-25 18:34:13,381: publisherUpdate[/rosout] -> http://y:41289/ ['http://y:42379/', 'http://y:34357/', 'http://y:34811/', 'http://y:38811/']
[rosmaster.master][INFO] 2026-04-25 18:34:13,381: -PUB [/vis/agent_3/surrounding_lane_net_vis] /onlane_ai_agent_3 http://y:42635/
[rosmaster.master][INFO] 2026-04-25 18:34:13,382: -PUB [/vis/agent_2/ego_behavior_vis] /onlane_ai_agent_2 http://y:43101/
[rosmaster.master][INFO] 2026-04-25 18:34:13,382: publisherUpdate[/rosout] -> http://y:41289/ ['http://y:42379/', 'http://y:34357/', 'http://y:34811/', 'http://y:38811/']: sec=0.00, result=[1, '', 0]
[rosmaster.master][INFO] 2026-04-25 18:34:13,382: -PUB [/vis/agent_8/surrounding_lane_net_vis] /onlane_ai_agent_8 http://y:41333/
[rosmaster.master][INFO] 2026-04-25 18:34:13,382: publisherUpdate[/rosout] -> http://y:41289/ ['http://y:42379/', 'http://y:34357/', 'http://y:38811/']
[rosmaster.master][INFO] 2026-04-25 18:34:13,382: -PUB [/vis/agent_6/ego_vehicle_vis] /onlane_ai_agent_6 http://y:38811/
[rosmaster.master][INFO] 2026-04-25 18:34:13,383: publisherUpdate[/rosout] -> http://y:41289/ ['http://y:42379/', 'http://y:34357/', 'http://y:38811/']: sec=0.00, result=[1, '', 0]
[rosmaster.master][INFO] 2026-04-25 18:34:13,383: -PUB [/vis/agent_5/surrounding_lane_net_vis] /onlane_ai_agent_5 http://y:38141/
[rosmaster.master][INFO] 2026-04-25 18:34:13,383: publisherUpdate[/rosout] -> http://y:41289/ ['http://y:42379/', 'http://y:34357/']
[rosmaster.master][INFO] 2026-04-25 18:34:13,383: -PUB [/vis/agent_4/obstacle_map] /onlane_ai_agent_4 http://y:34811/
[rosmaster.master][INFO] 2026-04-25 18:34:13,384: publisherUpdate[/rosout] -> http://y:41289/ ['http://y:42379/', 'http://y:34357/']: sec=0.00, result=[1, '', 0]
[rosmaster.master][INFO] 2026-04-25 18:34:13,384: -PUB [/vis/agent_3/local_lanes_vis] /onlane_ai_agent_3 http://y:42635/
[rosmaster.master][INFO] 2026-04-25 18:34:13,384: -PUB [/vis/agent_8/local_lanes_vis] /onlane_ai_agent_8 http://y:41333/
[rosmaster.master][INFO] 2026-04-25 18:34:13,384: -PUB [/vis/agent_2/pred_traj_openloop_vis] /onlane_ai_agent_2 http://y:43101/
[rosmaster.master][INFO] 2026-04-25 18:34:13,385: -PUB [/vis/agent_6/obstacle_map] /onlane_ai_agent_6 http://y:38811/
[rosmaster.master][INFO] 2026-04-25 18:34:13,385: -PUB [/vis/agent_5/local_lanes_vis] /onlane_ai_agent_5 http://y:38141/
[rosmaster.master][INFO] 2026-04-25 18:34:13,385: -PUB [/vis/agent_4/surrounding_lane_net_vis] /onlane_ai_agent_4 http://y:34811/
[rosmaster.master][INFO] 2026-04-25 18:34:13,385: -PUB [/vis/agent_3/ego_behavior_vis] /onlane_ai_agent_3 http://y:42635/
[rosmaster.master][INFO] 2026-04-25 18:34:13,386: -PUB [/vis/agent_8/ego_behavior_vis] /onlane_ai_agent_8 http://y:41333/
[rosmaster.master][INFO] 2026-04-25 18:34:13,386: -PUB [/vis/agent_2/pred_initial_intention_vis] /onlane_ai_agent_2 http://y:43101/
[rosmaster.master][INFO] 2026-04-25 18:34:13,386: -PUB [/vis/agent_6/surrounding_lane_net_vis] /onlane_ai_agent_6 http://y:38811/
[rosmaster.master][INFO] 2026-04-25 18:34:13,386: -PUB [/vis/agent_5/ego_behavior_vis] /onlane_ai_agent_5 http://y:38141/
[rosmaster.master][INFO] 2026-04-25 18:34:13,387: -PUB [/vis/agent_4/local_lanes_vis] /onlane_ai_agent_4 http://y:34811/
[rosmaster.master][INFO] 2026-04-25 18:34:13,387: -PUB [/vis/agent_3/pred_traj_openloop_vis] /onlane_ai_agent_3 http://y:42635/
[rosmaster.master][INFO] 2026-04-25 18:34:13,387: -PUB [/vis/agent_8/pred_traj_openloop_vis] /onlane_ai_agent_8 http://y:41333/
[rosmaster.master][INFO] 2026-04-25 18:34:13,387: -PUB [/vis/agent_2/surrounding_vehicle_vis] /onlane_ai_agent_2 http://y:43101/
[rosmaster.master][INFO] 2026-04-25 18:34:13,388: -PUB [/vis/agent_6/local_lanes_vis] /onlane_ai_agent_6 http://y:38811/
[rosmaster.master][INFO] 2026-04-25 18:34:13,388: -PUB [/vis/agent_4/ego_behavior_vis] /onlane_ai_agent_4 http://y:34811/
[rosmaster.master][INFO] 2026-04-25 18:34:13,388: -PUB [/vis/agent_5/pred_traj_openloop_vis] /onlane_ai_agent_5 http://y:38141/
[rosmaster.master][INFO] 2026-04-25 18:34:13,388: -PUB [/vis/agent_3/pred_initial_intention_vis] /onlane_ai_agent_3 http://y:42635/
[rosmaster.master][INFO] 2026-04-25 18:34:13,389: -PUB [/vis/agent_8/pred_initial_intention_vis] /onlane_ai_agent_8 http://y:41333/
[rosmaster.master][INFO] 2026-04-25 18:34:13,389: -PUB [/vis/agent_2/speed_limit] /onlane_ai_agent_2 http://y:43101/
[rosmaster.master][INFO] 2026-04-25 18:34:13,389: -PUB [/vis/agent_6/ego_behavior_vis] /onlane_ai_agent_6 http://y:38811/
[rosmaster.master][INFO] 2026-04-25 18:34:13,389: -PUB [/vis/agent_4/pred_traj_openloop_vis] /onlane_ai_agent_4 http://y:34811/
[rosmaster.master][INFO] 2026-04-25 18:34:13,390: -PUB [/vis/agent_5/pred_initial_intention_vis] /onlane_ai_agent_5 http://y:38141/
[rosmaster.master][INFO] 2026-04-25 18:34:13,390: -PUB [/vis/agent_3/surrounding_vehicle_vis] /onlane_ai_agent_3 http://y:42635/
[rosmaster.master][INFO] 2026-04-25 18:34:13,390: -PUB [/vis/agent_8/surrounding_vehicle_vis] /onlane_ai_agent_8 http://y:41333/
[rosmaster.master][INFO] 2026-04-25 18:34:13,390: -PUB [/vis/agent_2/forward_trajs] /onlane_ai_agent_2 http://y:43101/
[rosmaster.master][INFO] 2026-04-25 18:34:13,391: -PUB [/vis/agent_6/pred_traj_openloop_vis] /onlane_ai_agent_6 http://y:38811/
[rosmaster.master][INFO] 2026-04-25 18:34:13,391: -PUB [/vis/agent_4/pred_initial_intention_vis] /onlane_ai_agent_4 http://y:34811/
[rosmaster.master][INFO] 2026-04-25 18:34:13,391: -PUB [/vis/agent_5/surrounding_vehicle_vis] /onlane_ai_agent_5 http://y:38141/
[rosmaster.master][INFO] 2026-04-25 18:34:13,391: -PUB [/vis/agent_3/speed_limit] /onlane_ai_agent_3 http://y:42635/
[rosmaster.master][INFO] 2026-04-25 18:34:13,392: -PUB [/vis/agent_8/speed_limit] /onlane_ai_agent_8 http://y:41333/
[rosmaster.master][INFO] 2026-04-25 18:34:13,392: -SUB [/arena_info_static] /onlane_ai_agent_2 http://y:43101/
[rosmaster.master][INFO] 2026-04-25 18:34:13,392: -PUB [/vis/agent_6/pred_initial_intention_vis] /onlane_ai_agent_6 http://y:38811/
[rosmaster.master][INFO] 2026-04-25 18:34:13,392: -PUB [/vis/agent_4/surrounding_vehicle_vis] /onlane_ai_agent_4 http://y:34811/
[rosmaster.master][INFO] 2026-04-25 18:34:13,392: -PUB [/vis/agent_5/speed_limit] /onlane_ai_agent_5 http://y:38141/
[rosmaster.master][INFO] 2026-04-25 18:34:13,393: -PUB [/vis/agent_3/forward_trajs] /onlane_ai_agent_3 http://y:42635/
[rosmaster.master][INFO] 2026-04-25 18:34:13,393: -PUB [/vis/agent_8/forward_trajs] /onlane_ai_agent_8 http://y:41333/
[rosmaster.master][INFO] 2026-04-25 18:34:13,393: -SUB [/arena_info_dynamic] /onlane_ai_agent_2 http://y:43101/
[rosmaster.master][INFO] 2026-04-25 18:34:13,394: -PUB [/vis/agent_4/speed_limit] /onlane_ai_agent_4 http://y:34811/
[rosmaster.master][INFO] 2026-04-25 18:34:13,394: -PUB [/vis/agent_5/forward_trajs] /onlane_ai_agent_5 http://y:38141/
[rosmaster.master][INFO] 2026-04-25 18:34:13,394: -PUB [/vis/agent_6/surrounding_vehicle_vis] /onlane_ai_agent_6 http://y:38811/
[rosmaster.master][INFO] 2026-04-25 18:34:13,394: -SUB [/arena_info_static] /onlane_ai_agent_3 http://y:42635/
[rosmaster.master][INFO] 2026-04-25 18:34:13,395: -SUB [/arena_info_static] /onlane_ai_agent_8 http://y:41333/
[rosmaster.master][INFO] 2026-04-25 18:34:13,395: -SUB [/joy] /onlane_ai_agent_2 http://y:43101/
[rosmaster.master][INFO] 2026-04-25 18:34:13,395: -PUB [/vis/agent_4/forward_trajs] /onlane_ai_agent_4 http://y:34811/
[rosmaster.master][INFO] 2026-04-25 18:34:13,395: -SUB [/arena_info_static] /onlane_ai_agent_5 http://y:38141/
[rosmaster.master][INFO] 2026-04-25 18:34:13,395: -PUB [/vis/agent_6/speed_limit] /onlane_ai_agent_6 http://y:38811/
[rosmaster.master][INFO] 2026-04-25 18:34:13,396: -SUB [/arena_info_dynamic] /onlane_ai_agent_3 http://y:42635/
[rosmaster.master][INFO] 2026-04-25 18:34:13,396: -SUB [/arena_info_dynamic] /onlane_ai_agent_8 http://y:41333/
[rosmaster.master][INFO] 2026-04-25 18:34:13,396: -SERVICE [/onlane_ai_agent_2/get_loggers] /onlane_ai_agent_2 rosrpc://y:50021
[rosmaster.master][INFO] 2026-04-25 18:34:13,396: -SUB [/arena_info_dynamic] /onlane_ai_agent_5 http://y:38141/
[rosmaster.master][INFO] 2026-04-25 18:34:13,397: -SUB [/arena_info_static] /onlane_ai_agent_4 http://y:34811/
[rosmaster.master][INFO] 2026-04-25 18:34:13,397: -PUB [/vis/agent_6/forward_trajs] /onlane_ai_agent_6 http://y:38811/
[rosmaster.master][INFO] 2026-04-25 18:34:13,397: -SUB [/joy] /onlane_ai_agent_3 http://y:42635/
[rosmaster.master][INFO] 2026-04-25 18:34:13,397: -SERVICE [/onlane_ai_agent_2/set_logger_level] /onlane_ai_agent_2 rosrpc://y:50021
[rosmaster.master][INFO] 2026-04-25 18:34:13,398: -SUB [/joy] /onlane_ai_agent_8 http://y:41333/
[rosmaster.master][INFO] 2026-04-25 18:34:13,398: -SUB [/joy] /onlane_ai_agent_5 http://y:38141/
[rosmaster.master][INFO] 2026-04-25 18:34:13,398: -SUB [/arena_info_dynamic] /onlane_ai_agent_4 http://y:34811/
[rosmaster.master][INFO] 2026-04-25 18:34:13,398: -SUB [/arena_info_static] /onlane_ai_agent_6 http://y:38811/
[rosmaster.master][INFO] 2026-04-25 18:34:13,398: -SERVICE [/onlane_ai_agent_3/get_loggers] /onlane_ai_agent_3 rosrpc://y:41049
[rosmaster.master][INFO] 2026-04-25 18:34:13,399: -SERVICE [/onlane_ai_agent_8/get_loggers] /onlane_ai_agent_8 rosrpc://y:55087
[rosmaster.master][INFO] 2026-04-25 18:34:13,399: -SERVICE [/onlane_ai_agent_5/get_loggers] /onlane_ai_agent_5 rosrpc://y:39907
[rosmaster.master][INFO] 2026-04-25 18:34:13,399: -SUB [/joy] /onlane_ai_agent_4 http://y:34811/
[rosmaster.master][INFO] 2026-04-25 18:34:13,399: -SUB [/arena_info_dynamic] /onlane_ai_agent_6 http://y:38811/
[rosmaster.master][INFO] 2026-04-25 18:34:13,400: -SERVICE [/onlane_ai_agent_3/set_logger_level] /onlane_ai_agent_3 rosrpc://y:41049
[rosmaster.master][INFO] 2026-04-25 18:34:13,400: -SERVICE [/onlane_ai_agent_8/set_logger_level] /onlane_ai_agent_8 rosrpc://y:55087
[rosmaster.master][INFO] 2026-04-25 18:34:13,400: -SERVICE [/onlane_ai_agent_5/set_logger_level] /onlane_ai_agent_5 rosrpc://y:39907
[rosmaster.master][INFO] 2026-04-25 18:34:13,400: -SERVICE [/onlane_ai_agent_4/get_loggers] /onlane_ai_agent_4 rosrpc://y:46319
[rosmaster.master][INFO] 2026-04-25 18:34:13,400: -SUB [/joy] /onlane_ai_agent_6 http://y:38811/
[rosmaster.master][INFO] 2026-04-25 18:34:13,400: -SERVICE [/onlane_ai_agent_4/set_logger_level] /onlane_ai_agent_4 rosrpc://y:46319
[rosmaster.master][INFO] 2026-04-25 18:34:13,401: -SERVICE [/onlane_ai_agent_6/get_loggers] /onlane_ai_agent_6 rosrpc://y:45657
[rosmaster.master][INFO] 2026-04-25 18:34:13,401: -SERVICE [/onlane_ai_agent_6/set_logger_level] /onlane_ai_agent_6 rosrpc://y:45657
[rosmaster.master][INFO] 2026-04-25 18:34:13,472: -PUB [/rosout] /onlane_ai_agent_1 http://y:42379/
[rosmaster.master][INFO] 2026-04-25 18:34:13,473: -PUB [/ctrl/agent_1] /onlane_ai_agent_1 http://y:42379/
[rosmaster.master][INFO] 2026-04-25 18:34:13,473: -PUB [/tf] /onlane_ai_agent_1 http://y:42379/
[rosmaster.master][INFO] 2026-04-25 18:34:13,473: -PUB [/vis/agent_1/ego_vehicle_vis] /onlane_ai_agent_1 http://y:42379/
[rosmaster.master][INFO] 2026-04-25 18:34:13,474: -PUB [/vis/agent_1/obstacle_map] /onlane_ai_agent_1 http://y:42379/
[rosmaster.master][INFO] 2026-04-25 18:34:13,474: -PUB [/vis/agent_1/surrounding_lane_net_vis] /onlane_ai_agent_1 http://y:42379/
[rosmaster.master][INFO] 2026-04-25 18:34:13,474: -PUB [/vis/agent_1/local_lanes_vis] /onlane_ai_agent_1 http://y:42379/
[rosmaster.master][INFO] 2026-04-25 18:34:13,475: -PUB [/vis/agent_1/ego_behavior_vis] /onlane_ai_agent_1 http://y:42379/
[rosmaster.master][INFO] 2026-04-25 18:34:13,475: -PUB [/vis/agent_1/pred_traj_openloop_vis] /onlane_ai_agent_1 http://y:42379/
[rosmaster.master][INFO] 2026-04-25 18:34:13,475: -PUB [/vis/agent_1/pred_initial_intention_vis] /onlane_ai_agent_1 http://y:42379/
[rosmaster.master][INFO] 2026-04-25 18:34:13,475: -PUB [/vis/agent_1/surrounding_vehicle_vis] /onlane_ai_agent_1 http://y:42379/
[rosmaster.master][INFO] 2026-04-25 18:34:13,475: -PUB [/vis/agent_1/speed_limit] /onlane_ai_agent_1 http://y:42379/
[rosmaster.master][INFO] 2026-04-25 18:34:13,476: -PUB [/vis/agent_1/forward_trajs] /onlane_ai_agent_1 http://y:42379/
[rosmaster.master][INFO] 2026-04-25 18:34:13,476: -SUB [/arena_info_static] /onlane_ai_agent_1 http://y:42379/
[rosmaster.master][INFO] 2026-04-25 18:34:13,476: -SUB [/arena_info_dynamic] /onlane_ai_agent_1 http://y:42379/
[rosmaster.master][INFO] 2026-04-25 18:34:13,476: -SUB [/joy] /onlane_ai_agent_1 http://y:42379/
[rosmaster.master][INFO] 2026-04-25 18:34:13,476: -SERVICE [/onlane_ai_agent_1/get_loggers] /onlane_ai_agent_1 rosrpc://y:43369
[rosmaster.master][INFO] 2026-04-25 18:34:13,476: -SERVICE [/onlane_ai_agent_1/set_logger_level] /onlane_ai_agent_1 rosrpc://y:43369
[rosmaster.master][INFO] 2026-04-25 18:34:13,484: publisherUpdate[/rosout] -> http://y:41289/ ['http://y:34357/']
[rosmaster.master][INFO] 2026-04-25 18:34:13,485: publisherUpdate[/rosout] -> http://y:41289/ ['http://y:34357/']: sec=0.00, result=[1, '', 0]
[rosmaster.master][INFO] 2026-04-25 18:34:13,573: -PUB [/rosout] /test_ssc_with_eudm_0 http://y:34357/
[rosmaster.master][INFO] 2026-04-25 18:34:13,574: -PUB [/tf] /test_ssc_with_eudm_0 http://y:34357/
[rosmaster.master][INFO] 2026-04-25 18:34:13,574: -PUB [/vis/agent_0/ego_vehicle_vis] /test_ssc_with_eudm_0 http://y:34357/
[rosmaster.master][INFO] 2026-04-25 18:34:13,575: -PUB [/vis/agent_0/obstacle_map] /test_ssc_with_eudm_0 http://y:34357/
[rosmaster.master][INFO] 2026-04-25 18:34:13,575: -PUB [/vis/agent_0/surrounding_lane_net_vis] /test_ssc_with_eudm_0 http://y:34357/
[rosmaster.master][INFO] 2026-04-25 18:34:13,575: -PUB [/vis/agent_0/local_lanes_vis] /test_ssc_with_eudm_0 http://y:34357/
[rosmaster.master][INFO] 2026-04-25 18:34:13,576: -PUB [/vis/agent_0/ego_behavior_vis] /test_ssc_with_eudm_0 http://y:34357/
[rosmaster.master][INFO] 2026-04-25 18:34:13,576: -PUB [/vis/agent_0/pred_traj_openloop_vis] /test_ssc_with_eudm_0 http://y:34357/
[rosmaster.master][INFO] 2026-04-25 18:34:13,576: -PUB [/vis/agent_0/pred_initial_intention_vis] /test_ssc_with_eudm_0 http://y:34357/
[rosmaster.master][INFO] 2026-04-25 18:34:13,576: -PUB [/vis/agent_0/surrounding_vehicle_vis] /test_ssc_with_eudm_0 http://y:34357/
[rosmaster.master][INFO] 2026-04-25 18:34:13,577: -PUB [/vis/agent_0/speed_limit] /test_ssc_with_eudm_0 http://y:34357/
[rosmaster.master][INFO] 2026-04-25 18:34:13,577: -PUB [/vis/agent_0/ssc/map_vis] /test_ssc_with_eudm_0 http://y:34357/
[rosmaster.master][INFO] 2026-04-25 18:34:13,577: -PUB [/vis/agent_0/ssc/qp_vis] /test_ssc_with_eudm_0 http://y:34357/
[rosmaster.master][INFO] 2026-04-25 18:34:13,577: -PUB [/vis/agent_0/ssc/ego_fs_vis] /test_ssc_with_eudm_0 http://y:34357/
[rosmaster.master][INFO] 2026-04-25 18:34:13,578: -PUB [/vis/agent_0/ssc/forward_trajs_vis] /test_ssc_with_eudm_0 http://y:34357/
[rosmaster.master][INFO] 2026-04-25 18:34:13,578: -PUB [/vis/agent_0/ssc/sur_vehicle_trajs_vis] /test_ssc_with_eudm_0 http://y:34357/
[rosmaster.master][INFO] 2026-04-25 18:34:13,578: -PUB [/vis/agent_0/ssc/corridor_vis] /test_ssc_with_eudm_0 http://y:34357/
[rosmaster.master][INFO] 2026-04-25 18:34:13,578: -PUB [/vis/agent_0/forward_trajs] /test_ssc_with_eudm_0 http://y:34357/
[rosmaster.master][INFO] 2026-04-25 18:34:13,579: -PUB [/ctrl/agent_0] /test_ssc_with_eudm_0 http://y:34357/
[rosmaster.master][INFO] 2026-04-25 18:34:13,579: -PUB [/test_ssc_with_eudm_0/ssc_map] /test_ssc_with_eudm_0 http://y:34357/
[rosmaster.master][INFO] 2026-04-25 18:34:13,579: -PUB [/vis/agent_0/ssc/exec_traj] /test_ssc_with_eudm_0 http://y:34357/
[rosmaster.master][INFO] 2026-04-25 18:34:13,579: -SUB [/joy] /test_ssc_with_eudm_0 http://y:34357/
[rosmaster.master][INFO] 2026-04-25 18:34:13,580: -SUB [/arena_info_static] /test_ssc_with_eudm_0 http://y:34357/
[rosmaster.master][INFO] 2026-04-25 18:34:13,580: -SUB [/arena_info_dynamic] /test_ssc_with_eudm_0 http://y:34357/
[rosmaster.master][INFO] 2026-04-25 18:34:13,580: -SERVICE [/test_ssc_with_eudm_0/get_loggers] /test_ssc_with_eudm_0 rosrpc://y:34815
[rosmaster.master][INFO] 2026-04-25 18:34:13,580: -SERVICE [/test_ssc_with_eudm_0/set_logger_level] /test_ssc_with_eudm_0 rosrpc://y:34815
[rosmaster.master][INFO] 2026-04-25 18:34:13,585: publisherUpdate[/rosout] -> http://y:41289/ []
[rosmaster.master][INFO] 2026-04-25 18:34:13,585: publisherUpdate[/rosout] -> http://y:41289/ []: sec=0.00, result=[1, '', 0]
[rosmaster.master][INFO] 2026-04-25 18:34:13,886: -PUB [/rosout_agg] /rosout http://y:41289/
[rosmaster.master][INFO] 2026-04-25 18:34:13,886: -SUB [/rosout] /rosout http://y:41289/
[rosmaster.master][INFO] 2026-04-25 18:34:13,887: -SERVICE [/rosout/get_loggers] /rosout rosrpc://y:54965
[rosmaster.master][INFO] 2026-04-25 18:34:13,887: -SERVICE [/rosout/set_logger_level] /rosout rosrpc://y:54965
[rosmaster.main][INFO] 2026-04-25 18:34:13,979: keyboard interrupt, will exit
[rosmaster.main][INFO] 2026-04-25 18:34:13,979: stopping master...
[rospy.core][INFO] 2026-04-25 18:34:13,979: signal_shutdown [atexit]
