[rosmaster.main][INFO] 2026-05-06 19:30:13,066: initialization complete, waiting for shutdown
[rosmaster.main][INFO] 2026-05-06 19:30:13,067: Starting ROS Master Node
[xmlrpc][INFO] 2026-05-06 19:30:13,067: XML-RPC server binding to 0.0.0.0:11311
[xmlrpc][INFO] 2026-05-06 19:30:13,067: Started XML-RPC server [http://y:11311/]
[rosmaster.master][INFO] 2026-05-06 19:30:13,068: Master initialized: port[11311], uri[http://y:11311/]
[xmlrpc][INFO] 2026-05-06 19:30:13,068: xml rpc node: starting XML-RPC server
[rosmaster.master][INFO] 2026-05-06 19:30:13,161: +PARAM [/run_id] by /roslaunch
[rosmaster.master][INFO] 2026-05-06 19:30:13,161: +PARAM [/roslaunch/uris/host_y__45833] by /roslaunch
[rosmaster.master][INFO] 2026-05-06 19:30:13,197: +PARAM [/rosversion] by /roslaunch
[rosmaster.master][INFO] 2026-05-06 19:30:13,197: +PARAM [/rosdistro] by /roslaunch
[rosmaster.master][INFO] 2026-05-06 19:30:13,197: +PARAM [/test_ssc_with_eudm_0/ego_id] by /roslaunch
[rosmaster.master][INFO] 2026-05-06 19:30:13,197: +PARAM [/test_ssc_with_eudm_0/agent_config_path] by /roslaunch
[rosmaster.master][INFO] 2026-05-06 19:30:13,197: +PARAM [/test_ssc_with_eudm_0/bp_config_path] by /roslaunch
[rosmaster.master][INFO] 2026-05-06 19:30:13,197: +PARAM [/test_ssc_with_eudm_0/ssc_config_path] by /roslaunch
[rosmaster.master][INFO] 2026-05-06 19:30:13,197: +PARAM [/test_ssc_with_eudm_0/desired_vel] by /roslaunch
[rosmaster.master][INFO] 2026-05-06 19:30:13,197: +PARAM [/test_ssc_with_eudm_0/use_sim_state] by /roslaunch
[rosmaster.master][INFO] 2026-05-06 19:30:13,198: +PARAM [/onlane_ai_agent_1/ego_id] by /roslaunch
[rosmaster.master][INFO] 2026-05-06 19:30:13,198: +PARAM [/onlane_ai_agent_1/agent_config_path] by /roslaunch
[rosmaster.master][INFO] 2026-05-06 19:30:13,198: +PARAM [/onlane_ai_agent_1/desired_vel] by /roslaunch
[rosmaster.master][INFO] 2026-05-06 19:30:13,198: +PARAM [/onlane_ai_agent_1/autonomous_level] by /roslaunch
[rosmaster.master][INFO] 2026-05-06 19:30:13,198: +PARAM [/onlane_ai_agent_1/aggressiveness_level] by /roslaunch
[rosmaster.master][INFO] 2026-05-06 19:30:13,198: +PARAM [/onlane_ai_agent_2/ego_id] by /roslaunch
[rosmaster.master][INFO] 2026-05-06 19:30:13,198: +PARAM [/onlane_ai_agent_2/agent_config_path] by /roslaunch
[rosmaster.master][INFO] 2026-05-06 19:30:13,198: +PARAM [/onlane_ai_agent_2/desired_vel] by /roslaunch
[rosmaster.master][INFO] 2026-05-06 19:30:13,198: +PARAM [/onlane_ai_agent_2/autonomous_level] by /roslaunch
[rosmaster.master][INFO] 2026-05-06 19:30:13,198: +PARAM [/onlane_ai_agent_2/aggressiveness_level] by /roslaunch
[rosmaster.master][INFO] 2026-05-06 19:30:13,198: +PARAM [/onlane_ai_agent_3/ego_id] by /roslaunch
[rosmaster.master][INFO] 2026-05-06 19:30:13,198: +PARAM [/onlane_ai_agent_3/agent_config_path] by /roslaunch
[rosmaster.master][INFO] 2026-05-06 19:30:13,198: +PARAM [/onlane_ai_agent_3/desired_vel] by /roslaunch
[rosmaster.master][INFO] 2026-05-06 19:30:13,198: +PARAM [/onlane_ai_agent_3/autonomous_level] by /roslaunch
[rosmaster.master][INFO] 2026-05-06 19:30:13,198: +PARAM [/onlane_ai_agent_3/aggressiveness_level] by /roslaunch
[rosmaster.master][INFO] 2026-05-06 19:30:13,198: +PARAM [/onlane_ai_agent_4/ego_id] by /roslaunch
[rosmaster.master][INFO] 2026-05-06 19:30:13,198: +PARAM [/onlane_ai_agent_4/agent_config_path] by /roslaunch
[rosmaster.master][INFO] 2026-05-06 19:30:13,198: +PARAM [/onlane_ai_agent_4/desired_vel] by /roslaunch
[rosmaster.master][INFO] 2026-05-06 19:30:13,198: +PARAM [/onlane_ai_agent_4/autonomous_level] by /roslaunch
[rosmaster.master][INFO] 2026-05-06 19:30:13,198: +PARAM [/onlane_ai_agent_4/aggressiveness_level] by /roslaunch
[rosmaster.master][INFO] 2026-05-06 19:30:13,198: +PARAM [/onlane_ai_agent_5/ego_id] by /roslaunch
[rosmaster.master][INFO] 2026-05-06 19:30:13,198: +PARAM [/onlane_ai_agent_5/agent_config_path] by /roslaunch
[rosmaster.master][INFO] 2026-05-06 19:30:13,198: +PARAM [/onlane_ai_agent_5/desired_vel] by /roslaunch
[rosmaster.master][INFO] 2026-05-06 19:30:13,198: +PARAM [/onlane_ai_agent_5/autonomous_level] by /roslaunch
[rosmaster.master][INFO] 2026-05-06 19:30:13,198: +PARAM [/onlane_ai_agent_5/aggressiveness_level] by /roslaunch
[rosmaster.master][INFO] 2026-05-06 19:30:13,198: +PARAM [/onlane_ai_agent_6/ego_id] by /roslaunch
[rosmaster.master][INFO] 2026-05-06 19:30:13,198: +PARAM [/onlane_ai_agent_6/agent_config_path] by /roslaunch
[rosmaster.master][INFO] 2026-05-06 19:30:13,198: +PARAM [/onlane_ai_agent_6/desired_vel] by /roslaunch
[rosmaster.master][INFO] 2026-05-06 19:30:13,199: +PARAM [/onlane_ai_agent_6/autonomous_level] by /roslaunch
[rosmaster.master][INFO] 2026-05-06 19:30:13,199: +PARAM [/onlane_ai_agent_6/aggressiveness_level] by /roslaunch
[rosmaster.master][INFO] 2026-05-06 19:30:13,199: +PARAM [/onlane_ai_agent_7/ego_id] by /roslaunch
[rosmaster.master][INFO] 2026-05-06 19:30:13,199: +PARAM [/onlane_ai_agent_7/agent_config_path] by /roslaunch
[rosmaster.master][INFO] 2026-05-06 19:30:13,199: +PARAM [/onlane_ai_agent_7/desired_vel] by /roslaunch
[rosmaster.master][INFO] 2026-05-06 19:30:13,199: +PARAM [/onlane_ai_agent_7/autonomous_level] by /roslaunch
[rosmaster.master][INFO] 2026-05-06 19:30:13,199: +PARAM [/onlane_ai_agent_7/aggressiveness_level] by /roslaunch
[rosmaster.master][INFO] 2026-05-06 19:30:13,199: +PARAM [/onlane_ai_agent_8/ego_id] by /roslaunch
[rosmaster.master][INFO] 2026-05-06 19:30:13,199: +PARAM [/onlane_ai_agent_8/agent_config_path] by /roslaunch
[rosmaster.master][INFO] 2026-05-06 19:30:13,199: +PARAM [/onlane_ai_agent_8/desired_vel] by /roslaunch
[rosmaster.master][INFO] 2026-05-06 19:30:13,199: +SERVICE [/rosout/get_loggers] /rosout http://y:46319/
[rosmaster.master][INFO] 2026-05-06 19:30:13,199: +PARAM [/onlane_ai_agent_8/autonomous_level] by /roslaunch
[rosmaster.master][INFO] 2026-05-06 19:30:13,199: +SERVICE [/rosout/set_logger_level] /rosout http://y:46319/
[rosmaster.master][INFO] 2026-05-06 19:30:13,200: +PARAM [/onlane_ai_agent_8/aggressiveness_level] by /roslaunch
[rosmaster.master][INFO] 2026-05-06 19:30:13,200: +PARAM [/onlane_ai_agent_9/ego_id] by /roslaunch
[rosmaster.master][INFO] 2026-05-06 19:30:13,200: +PARAM [/onlane_ai_agent_9/agent_config_path] by /roslaunch
[rosmaster.master][INFO] 2026-05-06 19:30:13,200: +PARAM [/onlane_ai_agent_9/desired_vel] by /roslaunch
[rosmaster.master][INFO] 2026-05-06 19:30:13,200: +PARAM [/onlane_ai_agent_9/autonomous_level] by /roslaunch
[rosmaster.master][INFO] 2026-05-06 19:30:13,200: +PUB [/rosout_agg] /rosout http://y:46319/
[rosmaster.master][INFO] 2026-05-06 19:30:13,200: +PARAM [/onlane_ai_agent_9/aggressiveness_level] by /roslaunch
[rosmaster.master][INFO] 2026-05-06 19:30:13,200: +PARAM [/onlane_ai_agent_10/ego_id] by /roslaunch
[rosmaster.master][INFO] 2026-05-06 19:30:13,200: +PARAM [/onlane_ai_agent_10/agent_config_path] by /roslaunch
[rosmaster.master][INFO] 2026-05-06 19:30:13,200: +PARAM [/onlane_ai_agent_10/desired_vel] by /roslaunch
[rosmaster.master][INFO] 2026-05-06 19:30:13,201: +PARAM [/onlane_ai_agent_10/autonomous_level] by /roslaunch
[rosmaster.master][INFO] 2026-05-06 19:30:13,201: +PARAM [/onlane_ai_agent_10/aggressiveness_level] by /roslaunch
[rosmaster.master][INFO] 2026-05-06 19:30:13,201: +SUB [/rosout] /rosout http://y:46319/
[rosmaster.master][INFO] 2026-05-06 19:30:13,201: +PARAM [/phy_simulator_planning_node/vehicle_info_path] by /roslaunch
[rosmaster.master][INFO] 2026-05-06 19:30:13,201: +PARAM [/phy_simulator_planning_node/map_path] by /roslaunch
[rosmaster.master][INFO] 2026-05-06 19:30:13,201: +PARAM [/phy_simulator_planning_node/lane_net_path] by /roslaunch
[rosmaster.master][INFO] 2026-05-06 19:30:13,234: +PUB [/rosout] /test_ssc_with_eudm_0 http://y:33359/
[rosmaster.master][INFO] 2026-05-06 19:30:13,235: +PUB [/rosout] /onlane_ai_agent_1 http://y:38341/
[rosmaster.master][INFO] 2026-05-06 19:30:13,236: +SERVICE [/test_ssc_with_eudm_0/get_loggers] /test_ssc_with_eudm_0 http://y:33359/
[rosmaster.master][INFO] 2026-05-06 19:30:13,236: +PUB [/rosout] /onlane_ai_agent_2 http://y:36713/
[rosmaster.master][INFO] 2026-05-06 19:30:13,237: +SERVICE [/onlane_ai_agent_1/get_loggers] /onlane_ai_agent_1 http://y:38341/
[rosmaster.master][INFO] 2026-05-06 19:30:13,237: +SERVICE [/onlane_ai_agent_2/get_loggers] /onlane_ai_agent_2 http://y:36713/
[rosmaster.master][INFO] 2026-05-06 19:30:13,237: +SERVICE [/test_ssc_with_eudm_0/set_logger_level] /test_ssc_with_eudm_0 http://y:33359/
[rosmaster.master][INFO] 2026-05-06 19:30:13,238: +SERVICE [/onlane_ai_agent_2/set_logger_level] /onlane_ai_agent_2 http://y:36713/
[rosmaster.master][INFO] 2026-05-06 19:30:13,238: +CACHEDPARAM [/rosout_disable_topics_generation] by /test_ssc_with_eudm_0
[rosmaster.master][INFO] 2026-05-06 19:30:13,239: +PUB [/ctrl/agent_2] /onlane_ai_agent_2 http://y:36713/
[rosmaster.master][INFO] 2026-05-06 19:30:13,242: +SERVICE [/onlane_ai_agent_1/set_logger_level] /onlane_ai_agent_1 http://y:38341/
[rosmaster.master][INFO] 2026-05-06 19:30:13,248: +PUB [/tf] /test_ssc_with_eudm_0 http://y:33359/
[rosmaster.master][INFO] 2026-05-06 19:30:13,248: +PUB [/vis/agent_0/ego_vehicle_vis] /test_ssc_with_eudm_0 http://y:33359/
[rosmaster.master][INFO] 2026-05-06 19:30:13,248: +PUB [/vis/agent_0/obstacle_map] /test_ssc_with_eudm_0 http://y:33359/
[rosmaster.master][INFO] 2026-05-06 19:30:13,249: +PUB [/vis/agent_0/surrounding_lane_net_vis] /test_ssc_with_eudm_0 http://y:33359/
[rosmaster.master][INFO] 2026-05-06 19:30:13,249: +PUB [/vis/agent_0/local_lanes_vis] /test_ssc_with_eudm_0 http://y:33359/
[rosmaster.master][INFO] 2026-05-06 19:30:13,249: +PUB [/vis/agent_0/ego_behavior_vis] /test_ssc_with_eudm_0 http://y:33359/
[rosmaster.master][INFO] 2026-05-06 19:30:13,250: +PUB [/vis/agent_0/pred_traj_openloop_vis] /test_ssc_with_eudm_0 http://y:33359/
[rosmaster.master][INFO] 2026-05-06 19:30:13,262: +PUB [/vis/agent_0/pred_initial_intention_vis] /test_ssc_with_eudm_0 http://y:33359/
[rosmaster.master][INFO] 2026-05-06 19:30:13,264: +PUB [/rosout] /onlane_ai_agent_4 http://y:37315/
[rosmaster.master][INFO] 2026-05-06 19:30:13,264: +PUB [/rosout] /onlane_ai_agent_3 http://y:46473/
[rosmaster.master][INFO] 2026-05-06 19:30:13,264: +PUB [/rosout] /onlane_ai_agent_5 http://y:34199/
[rosmaster.master][INFO] 2026-05-06 19:30:13,267: +PUB [/vis/agent_0/surrounding_vehicle_vis] /test_ssc_with_eudm_0 http://y:33359/
[rosmaster.master][INFO] 2026-05-06 19:30:13,269: publisherUpdate[/rosout] -> http://y:46319/ ['http://y:33359/']
[rosmaster.master][INFO] 2026-05-06 19:30:13,269: +SERVICE [/onlane_ai_agent_4/get_loggers] /onlane_ai_agent_4 http://y:37315/
[rosmaster.master][INFO] 2026-05-06 19:30:13,273: +SERVICE [/onlane_ai_agent_3/get_loggers] /onlane_ai_agent_3 http://y:46473/
[rosmaster.master][INFO] 2026-05-06 19:30:13,274: publisherUpdate[/rosout] -> http://y:46319/ ['http://y:33359/']: sec=0.00, result=[1, '', 0]
[rosmaster.master][INFO] 2026-05-06 19:30:13,274: publisherUpdate[/rosout] -> http://y:46319/ ['http://y:33359/', 'http://y:38341/']
[rosmaster.master][INFO] 2026-05-06 19:30:13,274: +SERVICE [/onlane_ai_agent_5/get_loggers] /onlane_ai_agent_5 http://y:34199/
[rosmaster.master][INFO] 2026-05-06 19:30:13,275: publisherUpdate[/rosout] -> http://y:46319/ ['http://y:33359/', 'http://y:38341/']: sec=0.00, result=[1, '', 0]
[rosmaster.master][INFO] 2026-05-06 19:30:13,275: publisherUpdate[/rosout] -> http://y:46319/ ['http://y:33359/', 'http://y:38341/', 'http://y:36713/']
[rosmaster.master][INFO] 2026-05-06 19:30:13,275: +PUB [/vis/agent_0/speed_limit] /test_ssc_with_eudm_0 http://y:33359/
[rosmaster.master][INFO] 2026-05-06 19:30:13,275: publisherUpdate[/rosout] -> http://y:46319/ ['http://y:33359/', 'http://y:38341/', 'http://y:36713/']: sec=0.00, result=[1, '', 0]
[rosmaster.master][INFO] 2026-05-06 19:30:13,276: publisherUpdate[/rosout] -> http://y:46319/ ['http://y:33359/', 'http://y:38341/', 'http://y:36713/', 'http://y:37315/']
[rosmaster.master][INFO] 2026-05-06 19:30:13,276: +PUB [/rosout] /onlane_ai_agent_8 http://y:33263/
[rosmaster.master][INFO] 2026-05-06 19:30:13,276: publisherUpdate[/rosout] -> http://y:46319/ ['http://y:33359/', 'http://y:38341/', 'http://y:36713/', 'http://y:37315/']: sec=0.00, result=[1, '', 0]
[rosmaster.master][INFO] 2026-05-06 19:30:13,277: publisherUpdate[/rosout] -> http://y:46319/ ['http://y:33359/', 'http://y:38341/', 'http://y:36713/', 'http://y:37315/', 'http://y:46473/']
[rosmaster.master][INFO] 2026-05-06 19:30:13,277: +PUB [/rosout] /onlane_ai_agent_7 http://y:39667/
[rosmaster.master][INFO] 2026-05-06 19:30:13,278: +PUB [/rosout] /onlane_ai_agent_9 http://y:37399/
[rosmaster.master][INFO] 2026-05-06 19:30:13,278: publisherUpdate[/rosout] -> http://y:46319/ ['http://y:33359/', 'http://y:38341/', 'http://y:36713/', 'http://y:37315/', 'http://y:46473/']: sec=0.00, result=[1, '', 0]
[rosmaster.master][INFO] 2026-05-06 19:30:13,279: +PUB [/rosout] /onlane_ai_agent_10 http://y:40049/
[rosmaster.master][INFO] 2026-05-06 19:30:13,279: publisherUpdate[/rosout] -> http://y:46319/ ['http://y:33359/', 'http://y:38341/', 'http://y:36713/', 'http://y:37315/', 'http://y:46473/', 'http://y:34199/']
[rosmaster.master][INFO] 2026-05-06 19:30:13,280: +SERVICE [/onlane_ai_agent_3/set_logger_level] /onlane_ai_agent_3 http://y:46473/
[rosmaster.master][INFO] 2026-05-06 19:30:13,280: +PUB [/rosout] /phy_simulator_planning_node http://y:41203/
[rosmaster.master][INFO] 2026-05-06 19:30:13,280: +SERVICE [/onlane_ai_agent_4/set_logger_level] /onlane_ai_agent_4 http://y:37315/
[rosmaster.master][INFO] 2026-05-06 19:30:13,280: +PUB [/rosout] /onlane_ai_agent_6 http://y:41435/
[rosmaster.master][INFO] 2026-05-06 19:30:13,280: +PUB [/vis/agent_0/ssc/map_vis] /test_ssc_with_eudm_0 http://y:33359/
[rosmaster.master][INFO] 2026-05-06 19:30:13,281: +SERVICE [/onlane_ai_agent_5/set_logger_level] /onlane_ai_agent_5 http://y:34199/
[rosmaster.master][INFO] 2026-05-06 19:30:13,281: +SERVICE [/onlane_ai_agent_8/get_loggers] /onlane_ai_agent_8 http://y:33263/
[rosmaster.master][INFO] 2026-05-06 19:30:13,281: publisherUpdate[/rosout] -> http://y:46319/ ['http://y:33359/', 'http://y:38341/', 'http://y:36713/', 'http://y:37315/', 'http://y:46473/', 'http://y:34199/']: sec=0.00, result=[1, '', 0]
[rosmaster.master][INFO] 2026-05-06 19:30:13,283: publisherUpdate[/rosout] -> http://y:46319/ ['http://y:33359/', 'http://y:38341/', 'http://y:36713/', 'http://y:37315/', 'http://y:46473/', 'http://y:34199/', 'http://y:33263/']
[rosmaster.master][INFO] 2026-05-06 19:30:13,284: publisherUpdate[/rosout] -> http://y:46319/ ['http://y:33359/', 'http://y:38341/', 'http://y:36713/', 'http://y:37315/', 'http://y:46473/', 'http://y:34199/', 'http://y:33263/']: sec=0.00, result=[1, '', 0]
[rosmaster.master][INFO] 2026-05-06 19:30:13,284: publisherUpdate[/rosout] -> http://y:46319/ ['http://y:33359/', 'http://y:38341/', 'http://y:36713/', 'http://y:37315/', 'http://y:46473/', 'http://y:34199/', 'http://y:33263/', 'http://y:39667/']
[rosmaster.master][INFO] 2026-05-06 19:30:13,283: +SERVICE [/onlane_ai_agent_7/get_loggers] /onlane_ai_agent_7 http://y:39667/
[rosmaster.master][INFO] 2026-05-06 19:30:13,284: +SERVICE [/onlane_ai_agent_10/get_loggers] /onlane_ai_agent_10 http://y:40049/
[rosmaster.master][INFO] 2026-05-06 19:30:13,284: publisherUpdate[/rosout] -> http://y:46319/ ['http://y:33359/', 'http://y:38341/', 'http://y:36713/', 'http://y:37315/', 'http://y:46473/', 'http://y:34199/', 'http://y:33263/', 'http://y:39667/']: sec=0.00, result=[1, '', 0]
[rosmaster.master][INFO] 2026-05-06 19:30:13,285: publisherUpdate[/rosout] -> http://y:46319/ ['http://y:33359/', 'http://y:38341/', 'http://y:36713/', 'http://y:37315/', 'http://y:46473/', 'http://y:34199/', 'http://y:33263/', 'http://y:39667/', 'http://y:37399/']
[rosmaster.master][INFO] 2026-05-06 19:30:13,285: +PUB [/vis/agent_0/ssc/qp_vis] /test_ssc_with_eudm_0 http://y:33359/
[rosmaster.master][INFO] 2026-05-06 19:30:13,285: +SERVICE [/onlane_ai_agent_6/get_loggers] /onlane_ai_agent_6 http://y:41435/
[rosmaster.master][INFO] 2026-05-06 19:30:13,285: +SERVICE [/phy_simulator_planning_node/get_loggers] /phy_simulator_planning_node http://y:41203/
[rosmaster.master][INFO] 2026-05-06 19:30:13,285: publisherUpdate[/rosout] -> http://y:46319/ ['http://y:33359/', 'http://y:38341/', 'http://y:36713/', 'http://y:37315/', 'http://y:46473/', 'http://y:34199/', 'http://y:33263/', 'http://y:39667/', 'http://y:37399/']: sec=0.00, result=[1, '', 0]
[rosmaster.master][INFO] 2026-05-06 19:30:13,287: +PUB [/vis/agent_0/ssc/ego_fs_vis] /test_ssc_with_eudm_0 http://y:33359/
[rosmaster.master][INFO] 2026-05-06 19:30:13,289: publisherUpdate[/rosout] -> http://y:46319/ ['http://y:33359/', 'http://y:38341/', 'http://y:36713/', 'http://y:37315/', 'http://y:46473/', 'http://y:34199/', 'http://y:33263/', 'http://y:39667/', 'http://y:37399/', 'http://y:40049/']
[rosmaster.master][INFO] 2026-05-06 19:30:13,291: +SERVICE [/onlane_ai_agent_7/set_logger_level] /onlane_ai_agent_7 http://y:39667/
[rosmaster.master][INFO] 2026-05-06 19:30:13,292: +SERVICE [/onlane_ai_agent_6/set_logger_level] /onlane_ai_agent_6 http://y:41435/
[rosmaster.master][INFO] 2026-05-06 19:30:13,292: publisherUpdate[/rosout] -> http://y:46319/ ['http://y:33359/', 'http://y:38341/', 'http://y:36713/', 'http://y:37315/', 'http://y:46473/', 'http://y:34199/', 'http://y:33263/', 'http://y:39667/', 'http://y:37399/', 'http://y:40049/']: sec=0.00, result=[1, '', 0]
[rosmaster.master][INFO] 2026-05-06 19:30:13,297: publisherUpdate[/rosout] -> http://y:46319/ ['http://y:33359/', 'http://y:38341/', 'http://y:36713/', 'http://y:37315/', 'http://y:46473/', 'http://y:34199/', 'http://y:33263/', 'http://y:39667/', 'http://y:37399/', 'http://y:40049/', 'http://y:41203/']
[rosmaster.master][INFO] 2026-05-06 19:30:13,296: +PUB [/ctrl/agent_3] /onlane_ai_agent_3 http://y:46473/
[rosmaster.master][INFO] 2026-05-06 19:30:13,297: +SERVICE [/onlane_ai_agent_9/get_loggers] /onlane_ai_agent_9 http://y:37399/
[rosmaster.master][INFO] 2026-05-06 19:30:13,297: publisherUpdate[/rosout] -> http://y:46319/ ['http://y:33359/', 'http://y:38341/', 'http://y:36713/', 'http://y:37315/', 'http://y:46473/', 'http://y:34199/', 'http://y:33263/', 'http://y:39667/', 'http://y:37399/', 'http://y:40049/', 'http://y:41203/']: sec=0.00, result=[1, '', 0]
[rosmaster.master][INFO] 2026-05-06 19:30:13,299: publisherUpdate[/rosout] -> http://y:46319/ ['http://y:33359/', 'http://y:38341/', 'http://y:36713/', 'http://y:37315/', 'http://y:46473/', 'http://y:34199/', 'http://y:33263/', 'http://y:39667/', 'http://y:37399/', 'http://y:40049/', 'http://y:41203/', 'http://y:41435/']
[rosmaster.master][INFO] 2026-05-06 19:30:13,299: +SERVICE [/onlane_ai_agent_10/set_logger_level] /onlane_ai_agent_10 http://y:40049/
[rosmaster.master][INFO] 2026-05-06 19:30:13,299: publisherUpdate[/rosout] -> http://y:46319/ ['http://y:33359/', 'http://y:38341/', 'http://y:36713/', 'http://y:37315/', 'http://y:46473/', 'http://y:34199/', 'http://y:33263/', 'http://y:39667/', 'http://y:37399/', 'http://y:40049/', 'http://y:41203/', 'http://y:41435/']: sec=0.00, result=[1, '', 0]
[rosmaster.master][INFO] 2026-05-06 19:30:13,299: +SERVICE [/onlane_ai_agent_8/set_logger_level] /onlane_ai_agent_8 http://y:33263/
[rosmaster.master][INFO] 2026-05-06 19:30:13,300: +SERVICE [/phy_simulator_planning_node/set_logger_level] /phy_simulator_planning_node http://y:41203/
[rosmaster.master][INFO] 2026-05-06 19:30:13,301: +PUB [/vis/agent_0/ssc/forward_trajs_vis] /test_ssc_with_eudm_0 http://y:33359/
[rosmaster.master][INFO] 2026-05-06 19:30:13,301: +PUB [/vis/agent_0/ssc/sur_vehicle_trajs_vis] /test_ssc_with_eudm_0 http://y:33359/
[rosmaster.master][INFO] 2026-05-06 19:30:13,302: +PUB [/ctrl/agent_4] /onlane_ai_agent_4 http://y:37315/
[rosmaster.master][INFO] 2026-05-06 19:30:13,302: +PUB [/ctrl/agent_6] /onlane_ai_agent_6 http://y:41435/
[rosmaster.master][INFO] 2026-05-06 19:30:13,302: +PUB [/vis/agent_0/ssc/corridor_vis] /test_ssc_with_eudm_0 http://y:33359/
[rosmaster.master][INFO] 2026-05-06 19:30:13,303: +PUB [/ctrl/agent_10] /onlane_ai_agent_10 http://y:40049/
[rosmaster.master][INFO] 2026-05-06 19:30:13,303: +PUB [/ctrl/agent_5] /onlane_ai_agent_5 http://y:34199/
[rosmaster.master][INFO] 2026-05-06 19:30:13,305: +SERVICE [/onlane_ai_agent_9/set_logger_level] /onlane_ai_agent_9 http://y:37399/
[rosmaster.master][INFO] 2026-05-06 19:30:13,306: +SUB [/joy] /test_ssc_with_eudm_0 http://y:33359/
[rosmaster.master][INFO] 2026-05-06 19:30:13,308: +PUB [/vis/agent_0/forward_trajs] /test_ssc_with_eudm_0 http://y:33359/
[rosmaster.master][INFO] 2026-05-06 19:30:13,313: +PUB [/ctrl/agent_7] /onlane_ai_agent_7 http://y:39667/
[rosmaster.master][INFO] 2026-05-06 19:30:13,319: +PUB [/ctrl/agent_8] /onlane_ai_agent_8 http://y:33263/
[rosmaster.master][INFO] 2026-05-06 19:30:13,324: +PUB [/ctrl/agent_1] /onlane_ai_agent_1 http://y:38341/
[rosmaster.master][INFO] 2026-05-06 19:30:13,340: +PUB [/ctrl/agent_9] /onlane_ai_agent_9 http://y:37399/
[rosmaster.master][INFO] 2026-05-06 19:30:13,340: +PUB [/ctrl/agent_0] /test_ssc_with_eudm_0 http://y:33359/
[rosmaster.master][INFO] 2026-05-06 19:30:13,351: +PUB [/test_ssc_with_eudm_0/ssc_map] /test_ssc_with_eudm_0 http://y:33359/
[rosmaster.master][INFO] 2026-05-06 19:30:13,352: +PUB [/vis/agent_0/ssc/exec_traj] /test_ssc_with_eudm_0 http://y:33359/
[rosmaster.master][INFO] 2026-05-06 19:30:13,355: +SUB [/arena_info_static] /test_ssc_with_eudm_0 http://y:33359/
[rosmaster.master][INFO] 2026-05-06 19:30:13,358: +SUB [/arena_info_dynamic] /test_ssc_with_eudm_0 http://y:33359/
[rosmaster.master][INFO] 2026-05-06 19:30:13,377: +PUB [/arena_info_static] /phy_simulator_planning_node http://y:41203/
[rosmaster.master][INFO] 2026-05-06 19:30:13,386: +PUB [/arena_info_dynamic] /phy_simulator_planning_node http://y:41203/
[rosmaster.master][INFO] 2026-05-06 19:30:13,387: +PUB [/phy_simulator_planning_node/vis/vehicle_set_vis] /phy_simulator_planning_node http://y:41203/
[rosmaster.master][INFO] 2026-05-06 19:30:13,387: +PUB [/phy_simulator_planning_node/vis/lane_net_vis] /phy_simulator_planning_node http://y:41203/
[rosmaster.master][INFO] 2026-05-06 19:30:13,387: +PUB [/phy_simulator_planning_node/vis/obstacle_set_vis] /phy_simulator_planning_node http://y:41203/
[rosmaster.master][INFO] 2026-05-06 19:30:13,389: +SUB [/ctrl/agent_10] /phy_simulator_planning_node http://y:41203/
[rosmaster.master][INFO] 2026-05-06 19:30:13,390: +SUB [/ctrl/agent_9] /phy_simulator_planning_node http://y:41203/
[rosmaster.master][INFO] 2026-05-06 19:30:13,391: +SUB [/ctrl/agent_8] /phy_simulator_planning_node http://y:41203/
[rosmaster.master][INFO] 2026-05-06 19:30:13,392: +SUB [/ctrl/agent_7] /phy_simulator_planning_node http://y:41203/
[rosmaster.master][INFO] 2026-05-06 19:30:13,394: +SUB [/ctrl/agent_6] /phy_simulator_planning_node http://y:41203/
[rosmaster.master][INFO] 2026-05-06 19:30:13,395: +SUB [/ctrl/agent_5] /phy_simulator_planning_node http://y:41203/
[rosmaster.master][INFO] 2026-05-06 19:30:13,396: +SUB [/ctrl/agent_4] /phy_simulator_planning_node http://y:41203/
[rosmaster.master][INFO] 2026-05-06 19:30:13,397: +SUB [/ctrl/agent_3] /phy_simulator_planning_node http://y:41203/
[rosmaster.master][INFO] 2026-05-06 19:30:13,398: +SUB [/ctrl/agent_2] /phy_simulator_planning_node http://y:41203/
[rosmaster.master][INFO] 2026-05-06 19:30:13,399: publisherUpdate[/arena_info_static] -> http://y:33359/ ['http://y:41203/']
[rosmaster.master][INFO] 2026-05-06 19:30:13,400: publisherUpdate[/arena_info_static] -> http://y:33359/ ['http://y:41203/']: sec=0.00, result=[1, '', 0]
[rosmaster.master][INFO] 2026-05-06 19:30:13,401: publisherUpdate[/arena_info_dynamic] -> http://y:33359/ ['http://y:41203/']
[rosmaster.master][INFO] 2026-05-06 19:30:13,401: publisherUpdate[/arena_info_dynamic] -> http://y:33359/ ['http://y:41203/']: sec=0.00, result=[1, '', 0]
[rosmaster.master][INFO] 2026-05-06 19:30:13,401: +SUB [/ctrl/agent_1] /phy_simulator_planning_node http://y:41203/
[rosmaster.master][INFO] 2026-05-06 19:30:13,403: +SUB [/ctrl/agent_0] /phy_simulator_planning_node http://y:41203/
[rosmaster.master][INFO] 2026-05-06 19:30:13,405: +SUB [/initialpose] /phy_simulator_planning_node http://y:41203/
[rosmaster.master][INFO] 2026-05-06 19:30:13,406: +SUB [/move_base_simple/goal] /phy_simulator_planning_node http://y:41203/
[rosmaster.master][INFO] 2026-05-06 19:30:13,772: +CACHEDPARAM [/rosout/omit_topics] by /rosout
[rosmaster.master][INFO] 2026-05-06 19:30:20,792: +PUB [/rosout] /epsilon_metric_collector_856287_1778067020677 http://y:36945/
[rosmaster.master][INFO] 2026-05-06 19:30:20,794: +SERVICE [/epsilon_metric_collector_856287_1778067020677/get_loggers] /epsilon_metric_collector_856287_1778067020677 http://y:36945/
[rosmaster.master][INFO] 2026-05-06 19:30:20,794: +SERVICE [/epsilon_metric_collector_856287_1778067020677/set_logger_level] /epsilon_metric_collector_856287_1778067020677 http://y:36945/
[rosmaster.master][INFO] 2026-05-06 19:30:20,795: +SUB [/arena_info_dynamic] /epsilon_metric_collector_856287_1778067020677 http://y:36945/
[rosmaster.master][INFO] 2026-05-06 19:30:20,814: publisherUpdate[/rosout] -> http://y:46319/ ['http://y:33359/', 'http://y:38341/', 'http://y:36713/', 'http://y:37315/', 'http://y:46473/', 'http://y:34199/', 'http://y:33263/', 'http://y:39667/', 'http://y:37399/', 'http://y:40049/', 'http://y:41203/', 'http://y:41435/', 'http://y:36945/']
[rosmaster.master][INFO] 2026-05-06 19:30:20,815: publisherUpdate[/rosout] -> http://y:46319/ ['http://y:33359/', 'http://y:38341/', 'http://y:36713/', 'http://y:37315/', 'http://y:46473/', 'http://y:34199/', 'http://y:33263/', 'http://y:39667/', 'http://y:37399/', 'http://y:40049/', 'http://y:41203/', 'http://y:41435/', 'http://y:36945/']: sec=0.00, result=[1, '', 0]
[rosmaster.master][INFO] 2026-05-06 19:32:20,441: -SUB [/arena_info_dynamic] /epsilon_metric_collector_856287_1778067020677 http://y:36945/
[rosmaster.master][INFO] 2026-05-06 19:32:20,441: -PUB [/rosout] /epsilon_metric_collector_856287_1778067020677 http://y:36945/
[rosmaster.master][INFO] 2026-05-06 19:32:20,441: -SERVICE [/epsilon_metric_collector_856287_1778067020677/get_loggers] /epsilon_metric_collector_856287_1778067020677 rosrpc://y:40543
[rosmaster.master][INFO] 2026-05-06 19:32:20,441: -SERVICE [/epsilon_metric_collector_856287_1778067020677/set_logger_level] /epsilon_metric_collector_856287_1778067020677 rosrpc://y:40543
[rosmaster.master][INFO] 2026-05-06 19:32:20,492: publisherUpdate[/rosout] -> http://y:46319/ ['http://y:33359/', 'http://y:38341/', 'http://y:36713/', 'http://y:37315/', 'http://y:46473/', 'http://y:34199/', 'http://y:33263/', 'http://y:39667/', 'http://y:37399/', 'http://y:40049/', 'http://y:41203/', 'http://y:41435/']
[rosmaster.master][INFO] 2026-05-06 19:32:20,493: publisherUpdate[/rosout] -> http://y:46319/ ['http://y:33359/', 'http://y:38341/', 'http://y:36713/', 'http://y:37315/', 'http://y:46473/', 'http://y:34199/', 'http://y:33263/', 'http://y:39667/', 'http://y:37399/', 'http://y:40049/', 'http://y:41203/', 'http://y:41435/']: sec=0.00, result=[1, '', 0]
[rosmaster.master][INFO] 2026-05-06 19:32:21,499: +PUB [/rosout] /rostopic_921463_1778067141386 http://y:35709/
[rosmaster.master][INFO] 2026-05-06 19:32:21,500: +SERVICE [/rostopic_921463_1778067141386/get_loggers] /rostopic_921463_1778067141386 http://y:35709/
[rosmaster.master][INFO] 2026-05-06 19:32:21,501: +SERVICE [/rostopic_921463_1778067141386/set_logger_level] /rostopic_921463_1778067141386 http://y:35709/
[rosmaster.master][INFO] 2026-05-06 19:32:21,508: +SUB [/arena_info_dynamic] /rostopic_921463_1778067141386 http://y:35709/
[rosmaster.master][INFO] 2026-05-06 19:32:21,528: publisherUpdate[/rosout] -> http://y:46319/ ['http://y:33359/', 'http://y:38341/', 'http://y:36713/', 'http://y:37315/', 'http://y:46473/', 'http://y:34199/', 'http://y:33263/', 'http://y:39667/', 'http://y:37399/', 'http://y:40049/', 'http://y:41203/', 'http://y:41435/', 'http://y:35709/']
[rosmaster.master][INFO] 2026-05-06 19:32:21,528: publisherUpdate[/rosout] -> http://y:46319/ ['http://y:33359/', 'http://y:38341/', 'http://y:36713/', 'http://y:37315/', 'http://y:46473/', 'http://y:34199/', 'http://y:33263/', 'http://y:39667/', 'http://y:37399/', 'http://y:40049/', 'http://y:41203/', 'http://y:41435/', 'http://y:35709/']: sec=0.00, result=[1, '', 0]
[rosmaster.master][INFO] 2026-05-06 19:32:36,094: -SUB [/arena_info_dynamic] /rostopic_921463_1778067141386 http://y:35709/
[rosmaster.master][INFO] 2026-05-06 19:32:36,094: -PUB [/rosout] /rostopic_921463_1778067141386 http://y:35709/
[rosmaster.master][INFO] 2026-05-06 19:32:36,094: -SERVICE [/rostopic_921463_1778067141386/get_loggers] /rostopic_921463_1778067141386 rosrpc://y:46435
[rosmaster.master][INFO] 2026-05-06 19:32:36,094: -SERVICE [/rostopic_921463_1778067141386/set_logger_level] /rostopic_921463_1778067141386 rosrpc://y:46435
[rosmaster.master][INFO] 2026-05-06 19:32:36,118: publisherUpdate[/rosout] -> http://y:46319/ ['http://y:33359/', 'http://y:38341/', 'http://y:36713/', 'http://y:37315/', 'http://y:46473/', 'http://y:34199/', 'http://y:33263/', 'http://y:39667/', 'http://y:37399/', 'http://y:40049/', 'http://y:41203/', 'http://y:41435/']
[rosmaster.master][INFO] 2026-05-06 19:32:36,119: publisherUpdate[/rosout] -> http://y:46319/ ['http://y:33359/', 'http://y:38341/', 'http://y:36713/', 'http://y:37315/', 'http://y:46473/', 'http://y:34199/', 'http://y:33263/', 'http://y:39667/', 'http://y:37399/', 'http://y:40049/', 'http://y:41203/', 'http://y:41435/']: sec=0.00, result=[1, '', 0]
[rosmaster.master][INFO] 2026-05-06 19:32:36,834: -PUB [/rosout] /phy_simulator_planning_node http://y:41203/
[rosmaster.master][INFO] 2026-05-06 19:32:36,835: -PUB [/arena_info_static] /phy_simulator_planning_node http://y:41203/
[rosmaster.master][INFO] 2026-05-06 19:32:36,835: -PUB [/arena_info_dynamic] /phy_simulator_planning_node http://y:41203/
[rosmaster.master][INFO] 2026-05-06 19:32:36,836: -PUB [/phy_simulator_planning_node/vis/vehicle_set_vis] /phy_simulator_planning_node http://y:41203/
[rosmaster.master][INFO] 2026-05-06 19:32:36,836: -PUB [/phy_simulator_planning_node/vis/lane_net_vis] /phy_simulator_planning_node http://y:41203/
[rosmaster.master][INFO] 2026-05-06 19:32:36,837: -PUB [/phy_simulator_planning_node/vis/obstacle_set_vis] /phy_simulator_planning_node http://y:41203/
[rosmaster.master][INFO] 2026-05-06 19:32:36,837: -SUB [/ctrl/agent_10] /phy_simulator_planning_node http://y:41203/
[rosmaster.master][INFO] 2026-05-06 19:32:36,837: -SUB [/ctrl/agent_9] /phy_simulator_planning_node http://y:41203/
[rosmaster.master][INFO] 2026-05-06 19:32:36,838: -SUB [/ctrl/agent_8] /phy_simulator_planning_node http://y:41203/
[rosmaster.master][INFO] 2026-05-06 19:32:36,838: -SUB [/ctrl/agent_7] /phy_simulator_planning_node http://y:41203/
[rosmaster.master][INFO] 2026-05-06 19:32:36,839: -SUB [/ctrl/agent_6] /phy_simulator_planning_node http://y:41203/
[rosmaster.master][INFO] 2026-05-06 19:32:36,839: -SUB [/ctrl/agent_5] /phy_simulator_planning_node http://y:41203/
[rosmaster.master][INFO] 2026-05-06 19:32:36,839: -SUB [/ctrl/agent_4] /phy_simulator_planning_node http://y:41203/
[rosmaster.master][INFO] 2026-05-06 19:32:36,839: -SUB [/ctrl/agent_3] /phy_simulator_planning_node http://y:41203/
[rosmaster.master][INFO] 2026-05-06 19:32:36,840: -SUB [/ctrl/agent_2] /phy_simulator_planning_node http://y:41203/
[rosmaster.master][INFO] 2026-05-06 19:32:36,840: -SUB [/ctrl/agent_1] /phy_simulator_planning_node http://y:41203/
[rosmaster.master][INFO] 2026-05-06 19:32:36,840: -SUB [/ctrl/agent_0] /phy_simulator_planning_node http://y:41203/
[rosmaster.master][INFO] 2026-05-06 19:32:36,840: -SUB [/initialpose] /phy_simulator_planning_node http://y:41203/
[rosmaster.master][INFO] 2026-05-06 19:32:36,841: -SUB [/move_base_simple/goal] /phy_simulator_planning_node http://y:41203/
[rosmaster.master][INFO] 2026-05-06 19:32:36,841: -SERVICE [/phy_simulator_planning_node/get_loggers] /phy_simulator_planning_node rosrpc://y:48599
[rosmaster.master][INFO] 2026-05-06 19:32:36,841: -SERVICE [/phy_simulator_planning_node/set_logger_level] /phy_simulator_planning_node rosrpc://y:48599
[rosmaster.master][INFO] 2026-05-06 19:32:36,856: publisherUpdate[/rosout] -> http://y:46319/ ['http://y:33359/', 'http://y:38341/', 'http://y:36713/', 'http://y:37315/', 'http://y:46473/', 'http://y:34199/', 'http://y:33263/', 'http://y:39667/', 'http://y:37399/', 'http://y:40049/', 'http://y:41435/']
[rosmaster.master][INFO] 2026-05-06 19:32:36,856: publisherUpdate[/rosout] -> http://y:46319/ ['http://y:33359/', 'http://y:38341/', 'http://y:36713/', 'http://y:37315/', 'http://y:46473/', 'http://y:34199/', 'http://y:33263/', 'http://y:39667/', 'http://y:37399/', 'http://y:40049/', 'http://y:41435/']: sec=0.00, result=[1, '', 0]
[rosmaster.master][INFO] 2026-05-06 19:32:36,856: publisherUpdate[/arena_info_static] -> http://y:33359/ []
[rosmaster.master][INFO] 2026-05-06 19:32:36,857: publisherUpdate[/arena_info_static] -> http://y:33359/ []: sec=0.00, result=[1, '', 0]
[rosmaster.master][INFO] 2026-05-06 19:32:36,857: publisherUpdate[/arena_info_dynamic] -> http://y:33359/ []
[rosmaster.master][INFO] 2026-05-06 19:32:36,857: publisherUpdate[/arena_info_dynamic] -> http://y:33359/ []: sec=0.00, result=[1, '', 0]
[rosmaster.master][INFO] 2026-05-06 19:32:36,958: -PUB [/rosout] /test_ssc_with_eudm_0 http://y:33359/
[rosmaster.master][INFO] 2026-05-06 19:32:36,959: -PUB [/tf] /test_ssc_with_eudm_0 http://y:33359/
[rosmaster.master][INFO] 2026-05-06 19:32:36,959: -PUB [/vis/agent_0/ego_vehicle_vis] /test_ssc_with_eudm_0 http://y:33359/
[rosmaster.master][INFO] 2026-05-06 19:32:36,959: -PUB [/vis/agent_0/obstacle_map] /test_ssc_with_eudm_0 http://y:33359/
[rosmaster.master][INFO] 2026-05-06 19:32:36,960: -PUB [/vis/agent_0/surrounding_lane_net_vis] /test_ssc_with_eudm_0 http://y:33359/
[rosmaster.master][INFO] 2026-05-06 19:32:36,960: -PUB [/vis/agent_0/local_lanes_vis] /test_ssc_with_eudm_0 http://y:33359/
[rosmaster.master][INFO] 2026-05-06 19:32:36,961: -PUB [/vis/agent_0/ego_behavior_vis] /test_ssc_with_eudm_0 http://y:33359/
[rosmaster.master][INFO] 2026-05-06 19:32:36,961: -PUB [/vis/agent_0/pred_traj_openloop_vis] /test_ssc_with_eudm_0 http://y:33359/
[rosmaster.master][INFO] 2026-05-06 19:32:36,962: -PUB [/vis/agent_0/pred_initial_intention_vis] /test_ssc_with_eudm_0 http://y:33359/
[rosmaster.master][INFO] 2026-05-06 19:32:36,962: -PUB [/vis/agent_0/surrounding_vehicle_vis] /test_ssc_with_eudm_0 http://y:33359/
[rosmaster.master][INFO] 2026-05-06 19:32:36,962: -PUB [/vis/agent_0/speed_limit] /test_ssc_with_eudm_0 http://y:33359/
[rosmaster.master][INFO] 2026-05-06 19:32:36,962: -PUB [/vis/agent_0/ssc/map_vis] /test_ssc_with_eudm_0 http://y:33359/
[rosmaster.master][INFO] 2026-05-06 19:32:36,963: -PUB [/vis/agent_0/ssc/qp_vis] /test_ssc_with_eudm_0 http://y:33359/
[rosmaster.master][INFO] 2026-05-06 19:32:36,963: -PUB [/vis/agent_0/ssc/ego_fs_vis] /test_ssc_with_eudm_0 http://y:33359/
[rosmaster.master][INFO] 2026-05-06 19:32:36,963: -PUB [/vis/agent_0/ssc/forward_trajs_vis] /test_ssc_with_eudm_0 http://y:33359/
[rosmaster.master][INFO] 2026-05-06 19:32:36,964: -PUB [/vis/agent_0/ssc/sur_vehicle_trajs_vis] /test_ssc_with_eudm_0 http://y:33359/
[rosmaster.master][INFO] 2026-05-06 19:32:36,964: -PUB [/vis/agent_0/ssc/corridor_vis] /test_ssc_with_eudm_0 http://y:33359/
[rosmaster.master][INFO] 2026-05-06 19:32:36,964: -PUB [/vis/agent_0/forward_trajs] /test_ssc_with_eudm_0 http://y:33359/
[rosmaster.master][INFO] 2026-05-06 19:32:36,964: -PUB [/ctrl/agent_0] /test_ssc_with_eudm_0 http://y:33359/
[rosmaster.master][INFO] 2026-05-06 19:32:36,965: -PUB [/test_ssc_with_eudm_0/ssc_map] /test_ssc_with_eudm_0 http://y:33359/
[rosmaster.master][INFO] 2026-05-06 19:32:36,965: -PUB [/vis/agent_0/ssc/exec_traj] /test_ssc_with_eudm_0 http://y:33359/
[rosmaster.master][INFO] 2026-05-06 19:32:36,965: -SUB [/joy] /test_ssc_with_eudm_0 http://y:33359/
[rosmaster.master][INFO] 2026-05-06 19:32:36,965: -SUB [/arena_info_static] /test_ssc_with_eudm_0 http://y:33359/
[rosmaster.master][INFO] 2026-05-06 19:32:36,966: -SUB [/arena_info_dynamic] /test_ssc_with_eudm_0 http://y:33359/
[rosmaster.master][INFO] 2026-05-06 19:32:36,966: -SERVICE [/test_ssc_with_eudm_0/get_loggers] /test_ssc_with_eudm_0 rosrpc://y:40259
[rosmaster.master][INFO] 2026-05-06 19:32:36,966: -SERVICE [/test_ssc_with_eudm_0/set_logger_level] /test_ssc_with_eudm_0 rosrpc://y:40259
[rosmaster.master][INFO] 2026-05-06 19:32:36,967: -CACHEDPARAM [/rosout_disable_topics_generation] by /test_ssc_with_eudm_0
[rosmaster.master][INFO] 2026-05-06 19:32:37,020: publisherUpdate[/rosout] -> http://y:46319/ ['http://y:38341/', 'http://y:36713/', 'http://y:37315/', 'http://y:46473/', 'http://y:34199/', 'http://y:33263/', 'http://y:39667/', 'http://y:37399/', 'http://y:40049/', 'http://y:41435/']
[rosmaster.master][INFO] 2026-05-06 19:32:37,021: publisherUpdate[/rosout] -> http://y:46319/ ['http://y:38341/', 'http://y:36713/', 'http://y:37315/', 'http://y:46473/', 'http://y:34199/', 'http://y:33263/', 'http://y:39667/', 'http://y:37399/', 'http://y:40049/', 'http://y:41435/']: sec=0.00, result=[1, '', 0]
[rosmaster.master][INFO] 2026-05-06 19:32:37,121: -PUB [/rosout_agg] /rosout http://y:46319/
[rosmaster.master][INFO] 2026-05-06 19:32:37,122: -SUB [/rosout] /rosout http://y:46319/
[rosmaster.master][INFO] 2026-05-06 19:32:37,122: -SERVICE [/rosout/get_loggers] /rosout rosrpc://y:57035
[rosmaster.master][INFO] 2026-05-06 19:32:37,123: -SERVICE [/rosout/set_logger_level] /rosout rosrpc://y:57035
[rosmaster.master][INFO] 2026-05-06 19:32:37,123: -CACHEDPARAM [/rosout/omit_topics] by /rosout
[rosmaster.main][INFO] 2026-05-06 19:32:37,184: keyboard interrupt, will exit
[rosmaster.main][INFO] 2026-05-06 19:32:37,184: stopping master...
[rospy.core][INFO] 2026-05-06 19:32:37,184: signal_shutdown [atexit]
