[rosmaster.main][INFO] 2026-04-25 18:46:36,847: initialization complete, waiting for shutdown
[rosmaster.main][INFO] 2026-04-25 18:46:36,847: Starting ROS Master Node
[xmlrpc][INFO] 2026-04-25 18:46:36,848: XML-RPC server binding to 0.0.0.0:11311
[xmlrpc][INFO] 2026-04-25 18:46:36,848: Started XML-RPC server [http://y:11311/]
[rosmaster.master][INFO] 2026-04-25 18:46:36,848: Master initialized: port[11311], uri[http://y:11311/]
[xmlrpc][INFO] 2026-04-25 18:46:36,848: xml rpc node: starting XML-RPC server
[rosmaster.master][INFO] 2026-04-25 18:46:36,943: +PARAM [/run_id] by /roslaunch
[rosmaster.master][INFO] 2026-04-25 18:46:36,943: +PARAM [/roslaunch/uris/host_y__46265] by /roslaunch
[rosmaster.master][INFO] 2026-04-25 18:46:36,964: +PARAM [/rosversion] by /roslaunch
[rosmaster.master][INFO] 2026-04-25 18:46:36,964: +PARAM [/rosdistro] by /roslaunch
[rosmaster.master][INFO] 2026-04-25 18:46:36,964: +PARAM [/test_ssc_with_eudm_0/ego_id] by /roslaunch
[rosmaster.master][INFO] 2026-04-25 18:46:36,964: +PARAM [/test_ssc_with_eudm_0/agent_config_path] by /roslaunch
[rosmaster.master][INFO] 2026-04-25 18:46:36,964: +PARAM [/test_ssc_with_eudm_0/bp_config_path] by /roslaunch
[rosmaster.master][INFO] 2026-04-25 18:46:36,964: +PARAM [/test_ssc_with_eudm_0/ssc_config_path] by /roslaunch
[rosmaster.master][INFO] 2026-04-25 18:46:36,964: +PARAM [/test_ssc_with_eudm_0/desired_vel] by /roslaunch
[rosmaster.master][INFO] 2026-04-25 18:46:36,964: +PARAM [/test_ssc_with_eudm_0/use_sim_state] by /roslaunch
[rosmaster.master][INFO] 2026-04-25 18:46:36,964: +PARAM [/onlane_ai_agent_1/ego_id] by /roslaunch
[rosmaster.master][INFO] 2026-04-25 18:46:36,964: +PARAM [/onlane_ai_agent_1/agent_config_path] by /roslaunch
[rosmaster.master][INFO] 2026-04-25 18:46:36,964: +PARAM [/onlane_ai_agent_1/desired_vel] by /roslaunch
[rosmaster.master][INFO] 2026-04-25 18:46:36,964: +PARAM [/onlane_ai_agent_1/autonomous_level] by /roslaunch
[rosmaster.master][INFO] 2026-04-25 18:46:36,964: +PARAM [/onlane_ai_agent_1/aggressiveness_level] by /roslaunch
[rosmaster.master][INFO] 2026-04-25 18:46:36,964: +PARAM [/onlane_ai_agent_2/ego_id] by /roslaunch
[rosmaster.master][INFO] 2026-04-25 18:46:36,964: +PARAM [/onlane_ai_agent_2/agent_config_path] by /roslaunch
[rosmaster.master][INFO] 2026-04-25 18:46:36,964: +PARAM [/onlane_ai_agent_2/desired_vel] by /roslaunch
[rosmaster.master][INFO] 2026-04-25 18:46:36,964: +PARAM [/onlane_ai_agent_2/autonomous_level] by /roslaunch
[rosmaster.master][INFO] 2026-04-25 18:46:36,964: +PARAM [/onlane_ai_agent_2/aggressiveness_level] by /roslaunch
[rosmaster.master][INFO] 2026-04-25 18:46:36,964: +PARAM [/onlane_ai_agent_3/ego_id] by /roslaunch
[rosmaster.master][INFO] 2026-04-25 18:46:36,964: +PARAM [/onlane_ai_agent_3/agent_config_path] by /roslaunch
[rosmaster.master][INFO] 2026-04-25 18:46:36,965: +PARAM [/onlane_ai_agent_3/desired_vel] by /roslaunch
[rosmaster.master][INFO] 2026-04-25 18:46:36,965: +PARAM [/onlane_ai_agent_3/autonomous_level] by /roslaunch
[rosmaster.master][INFO] 2026-04-25 18:46:36,965: +PARAM [/onlane_ai_agent_3/aggressiveness_level] by /roslaunch
[rosmaster.master][INFO] 2026-04-25 18:46:36,965: +PARAM [/onlane_ai_agent_4/ego_id] by /roslaunch
[rosmaster.master][INFO] 2026-04-25 18:46:36,965: +PARAM [/onlane_ai_agent_4/agent_config_path] by /roslaunch
[rosmaster.master][INFO] 2026-04-25 18:46:36,965: +PARAM [/onlane_ai_agent_4/desired_vel] by /roslaunch
[rosmaster.master][INFO] 2026-04-25 18:46:36,965: +PARAM [/onlane_ai_agent_4/autonomous_level] by /roslaunch
[rosmaster.master][INFO] 2026-04-25 18:46:36,965: +PARAM [/onlane_ai_agent_4/aggressiveness_level] by /roslaunch
[rosmaster.master][INFO] 2026-04-25 18:46:36,965: +PARAM [/onlane_ai_agent_5/ego_id] by /roslaunch
[rosmaster.master][INFO] 2026-04-25 18:46:36,965: +PARAM [/onlane_ai_agent_5/agent_config_path] by /roslaunch
[rosmaster.master][INFO] 2026-04-25 18:46:36,965: +PARAM [/onlane_ai_agent_5/desired_vel] by /roslaunch
[rosmaster.master][INFO] 2026-04-25 18:46:36,965: +PARAM [/onlane_ai_agent_5/autonomous_level] by /roslaunch
[rosmaster.master][INFO] 2026-04-25 18:46:36,965: +PARAM [/onlane_ai_agent_5/aggressiveness_level] by /roslaunch
[rosmaster.master][INFO] 2026-04-25 18:46:36,965: +PARAM [/onlane_ai_agent_6/ego_id] by /roslaunch
[rosmaster.master][INFO] 2026-04-25 18:46:36,965: +PARAM [/onlane_ai_agent_6/agent_config_path] by /roslaunch
[rosmaster.master][INFO] 2026-04-25 18:46:36,965: +PARAM [/onlane_ai_agent_6/desired_vel] by /roslaunch
[rosmaster.master][INFO] 2026-04-25 18:46:36,965: +PARAM [/onlane_ai_agent_6/autonomous_level] by /roslaunch
[rosmaster.master][INFO] 2026-04-25 18:46:36,965: +PARAM [/onlane_ai_agent_6/aggressiveness_level] by /roslaunch
[rosmaster.master][INFO] 2026-04-25 18:46:36,965: +PARAM [/onlane_ai_agent_7/ego_id] by /roslaunch
[rosmaster.master][INFO] 2026-04-25 18:46:36,965: +PARAM [/onlane_ai_agent_7/agent_config_path] by /roslaunch
[rosmaster.master][INFO] 2026-04-25 18:46:36,965: +PARAM [/onlane_ai_agent_7/desired_vel] by /roslaunch
[rosmaster.master][INFO] 2026-04-25 18:46:36,965: +PARAM [/onlane_ai_agent_7/autonomous_level] by /roslaunch
[rosmaster.master][INFO] 2026-04-25 18:46:36,965: +PARAM [/onlane_ai_agent_7/aggressiveness_level] by /roslaunch
[rosmaster.master][INFO] 2026-04-25 18:46:36,965: +PARAM [/onlane_ai_agent_8/ego_id] by /roslaunch
[rosmaster.master][INFO] 2026-04-25 18:46:36,965: +PARAM [/onlane_ai_agent_8/agent_config_path] by /roslaunch
[rosmaster.master][INFO] 2026-04-25 18:46:36,965: +PARAM [/onlane_ai_agent_8/desired_vel] by /roslaunch
[rosmaster.master][INFO] 2026-04-25 18:46:36,965: +PARAM [/onlane_ai_agent_8/autonomous_level] by /roslaunch
[rosmaster.master][INFO] 2026-04-25 18:46:36,965: +PARAM [/onlane_ai_agent_8/aggressiveness_level] by /roslaunch
[rosmaster.master][INFO] 2026-04-25 18:46:36,965: +PARAM [/onlane_ai_agent_9/ego_id] by /roslaunch
[rosmaster.master][INFO] 2026-04-25 18:46:36,965: +PARAM [/onlane_ai_agent_9/agent_config_path] by /roslaunch
[rosmaster.master][INFO] 2026-04-25 18:46:36,965: +PARAM [/onlane_ai_agent_9/desired_vel] by /roslaunch
[rosmaster.master][INFO] 2026-04-25 18:46:36,965: +PARAM [/onlane_ai_agent_9/autonomous_level] by /roslaunch
[rosmaster.master][INFO] 2026-04-25 18:46:36,965: +PARAM [/onlane_ai_agent_9/aggressiveness_level] by /roslaunch
[rosmaster.master][INFO] 2026-04-25 18:46:36,965: +PARAM [/onlane_ai_agent_10/ego_id] by /roslaunch
[rosmaster.master][INFO] 2026-04-25 18:46:36,965: +PARAM [/onlane_ai_agent_10/agent_config_path] by /roslaunch
[rosmaster.master][INFO] 2026-04-25 18:46:36,965: +PARAM [/onlane_ai_agent_10/desired_vel] by /roslaunch
[rosmaster.master][INFO] 2026-04-25 18:46:36,965: +PARAM [/onlane_ai_agent_10/autonomous_level] by /roslaunch
[rosmaster.master][INFO] 2026-04-25 18:46:36,965: +PARAM [/onlane_ai_agent_10/aggressiveness_level] by /roslaunch
[rosmaster.master][INFO] 2026-04-25 18:46:36,965: +PARAM [/joy_node/dev] by /roslaunch
[rosmaster.master][INFO] 2026-04-25 18:46:36,965: +PARAM [/phy_simulator_planning_node/vehicle_info_path] by /roslaunch
[rosmaster.master][INFO] 2026-04-25 18:46:36,965: +PARAM [/phy_simulator_planning_node/map_path] by /roslaunch
[rosmaster.master][INFO] 2026-04-25 18:46:36,965: +PARAM [/phy_simulator_planning_node/lane_net_path] by /roslaunch
[rosmaster.master][INFO] 2026-04-25 18:46:36,966: +SERVICE [/rosout/get_loggers] /rosout http://y:46327/
[rosmaster.master][INFO] 2026-04-25 18:46:36,966: +SERVICE [/rosout/set_logger_level] /rosout http://y:46327/
[rosmaster.master][INFO] 2026-04-25 18:46:36,967: +PUB [/rosout_agg] /rosout http://y:46327/
[rosmaster.master][INFO] 2026-04-25 18:46:36,967: +SUB [/rosout] /rosout http://y:46327/
[rosmaster.master][INFO] 2026-04-25 18:46:36,995: +PUB [/rosout] /onlane_ai_agent_1 http://y:33859/
[rosmaster.master][INFO] 2026-04-25 18:46:36,996: +PUB [/rosout] /test_ssc_with_eudm_0 http://y:43697/
[rosmaster.master][INFO] 2026-04-25 18:46:36,997: +SERVICE [/onlane_ai_agent_1/get_loggers] /onlane_ai_agent_1 http://y:33859/
[rosmaster.master][INFO] 2026-04-25 18:46:36,998: +SERVICE [/test_ssc_with_eudm_0/get_loggers] /test_ssc_with_eudm_0 http://y:43697/
[rosmaster.master][INFO] 2026-04-25 18:46:36,998: +SERVICE [/onlane_ai_agent_1/set_logger_level] /onlane_ai_agent_1 http://y:33859/
[rosmaster.master][INFO] 2026-04-25 18:46:36,999: +PUB [/rosout] /onlane_ai_agent_2 http://y:44629/
[rosmaster.master][INFO] 2026-04-25 18:46:36,999: +SERVICE [/test_ssc_with_eudm_0/set_logger_level] /test_ssc_with_eudm_0 http://y:43697/
[rosmaster.master][INFO] 2026-04-25 18:46:37,000: +SERVICE [/onlane_ai_agent_2/get_loggers] /onlane_ai_agent_2 http://y:44629/
[rosmaster.master][INFO] 2026-04-25 18:46:37,000: +SERVICE [/onlane_ai_agent_2/set_logger_level] /onlane_ai_agent_2 http://y:44629/
[rosmaster.master][INFO] 2026-04-25 18:46:37,003: +PUB [/ctrl/agent_2] /onlane_ai_agent_2 http://y:44629/
[rosmaster.master][INFO] 2026-04-25 18:46:37,006: +PUB [/rosout] /onlane_ai_agent_3 http://y:41987/
[rosmaster.master][INFO] 2026-04-25 18:46:37,009: +PUB [/ctrl/agent_1] /onlane_ai_agent_1 http://y:33859/
[rosmaster.master][INFO] 2026-04-25 18:46:37,010: +PUB [/rosout] /onlane_ai_agent_4 http://y:33117/
[rosmaster.master][INFO] 2026-04-25 18:46:37,010: +SERVICE [/onlane_ai_agent_4/get_loggers] /onlane_ai_agent_4 http://y:33117/
[rosmaster.master][INFO] 2026-04-25 18:46:37,011: +SERVICE [/onlane_ai_agent_3/get_loggers] /onlane_ai_agent_3 http://y:41987/
[rosmaster.master][INFO] 2026-04-25 18:46:37,012: +SERVICE [/onlane_ai_agent_4/set_logger_level] /onlane_ai_agent_4 http://y:33117/
[rosmaster.master][INFO] 2026-04-25 18:46:37,015: +PUB [/rosout] /onlane_ai_agent_5 http://y:37807/
[rosmaster.master][INFO] 2026-04-25 18:46:37,016: +SERVICE [/onlane_ai_agent_3/set_logger_level] /onlane_ai_agent_3 http://y:41987/
[rosmaster.master][INFO] 2026-04-25 18:46:37,017: +SERVICE [/onlane_ai_agent_5/get_loggers] /onlane_ai_agent_5 http://y:37807/
[rosmaster.master][INFO] 2026-04-25 18:46:37,019: +PUB [/rosout] /onlane_ai_agent_6 http://y:41357/
[rosmaster.master][INFO] 2026-04-25 18:46:37,024: +SERVICE [/onlane_ai_agent_6/get_loggers] /onlane_ai_agent_6 http://y:41357/
[rosmaster.master][INFO] 2026-04-25 18:46:37,027: +PUB [/ctrl/agent_4] /onlane_ai_agent_4 http://y:33117/
[rosmaster.master][INFO] 2026-04-25 18:46:37,028: +SERVICE [/onlane_ai_agent_5/set_logger_level] /onlane_ai_agent_5 http://y:37807/
[rosmaster.master][INFO] 2026-04-25 18:46:37,029: +PUB [/tf] /test_ssc_with_eudm_0 http://y:43697/
[rosmaster.master][INFO] 2026-04-25 18:46:37,029: +PUB [/rosout] /onlane_ai_agent_7 http://y:36501/
[rosmaster.master][INFO] 2026-04-25 18:46:37,030: +PUB [/ctrl/agent_3] /onlane_ai_agent_3 http://y:41987/
[rosmaster.master][INFO] 2026-04-25 18:46:37,030: +PUB [/rosout] /onlane_ai_agent_8 http://y:41485/
[rosmaster.master][INFO] 2026-04-25 18:46:37,030: +PUB [/tf] /onlane_ai_agent_2 http://y:44629/
[rosmaster.master][INFO] 2026-04-25 18:46:37,034: +PUB [/vis/agent_2/ego_vehicle_vis] /onlane_ai_agent_2 http://y:44629/
[rosmaster.master][INFO] 2026-04-25 18:46:37,035: +PUB [/ctrl/agent_5] /onlane_ai_agent_5 http://y:37807/
[rosmaster.master][INFO] 2026-04-25 18:46:37,036: +SERVICE [/onlane_ai_agent_6/set_logger_level] /onlane_ai_agent_6 http://y:41357/
[rosmaster.master][INFO] 2026-04-25 18:46:37,036: +SERVICE [/onlane_ai_agent_7/get_loggers] /onlane_ai_agent_7 http://y:36501/
[rosmaster.master][INFO] 2026-04-25 18:46:37,037: +SERVICE [/onlane_ai_agent_8/get_loggers] /onlane_ai_agent_8 http://y:41485/
[rosmaster.master][INFO] 2026-04-25 18:46:37,038: +PUB [/tf] /onlane_ai_agent_4 http://y:33117/
[rosmaster.master][INFO] 2026-04-25 18:46:37,038: +PUB [/tf] /onlane_ai_agent_5 http://y:37807/
[rosmaster.master][INFO] 2026-04-25 18:46:37,038: +PUB [/vis/agent_4/ego_vehicle_vis] /onlane_ai_agent_4 http://y:33117/
[rosmaster.master][INFO] 2026-04-25 18:46:37,039: +PUB [/vis/agent_4/obstacle_map] /onlane_ai_agent_4 http://y:33117/
[rosmaster.master][INFO] 2026-04-25 18:46:37,039: +PUB [/vis/agent_4/surrounding_lane_net_vis] /onlane_ai_agent_4 http://y:33117/
[rosmaster.master][INFO] 2026-04-25 18:46:37,039: +PUB [/vis/agent_4/local_lanes_vis] /onlane_ai_agent_4 http://y:33117/
[rosmaster.master][INFO] 2026-04-25 18:46:37,041: +PUB [/vis/agent_2/obstacle_map] /onlane_ai_agent_2 http://y:44629/
[rosmaster.master][INFO] 2026-04-25 18:46:37,042: +PUB [/rosout] /onlane_ai_agent_9 http://y:36723/
[rosmaster.master][INFO] 2026-04-25 18:46:37,042: +PUB [/vis/agent_0/ego_vehicle_vis] /test_ssc_with_eudm_0 http://y:43697/
[rosmaster.master][INFO] 2026-04-25 18:46:37,045: +PUB [/vis/agent_5/ego_vehicle_vis] /onlane_ai_agent_5 http://y:37807/
[rosmaster.master][INFO] 2026-04-25 18:46:37,049: publisherUpdate[/rosout] -> http://y:46327/ ['http://y:33859/']
[rosmaster.master][INFO] 2026-04-25 18:46:37,049: +SERVICE [/onlane_ai_agent_9/get_loggers] /onlane_ai_agent_9 http://y:36723/
[rosmaster.master][INFO] 2026-04-25 18:46:37,052: +SERVICE [/onlane_ai_agent_7/set_logger_level] /onlane_ai_agent_7 http://y:36501/
[rosmaster.master][INFO] 2026-04-25 18:46:37,052: publisherUpdate[/rosout] -> http://y:46327/ ['http://y:33859/']: sec=0.00, result=[1, '', 0]
[rosmaster.master][INFO] 2026-04-25 18:46:37,052: publisherUpdate[/rosout] -> http://y:46327/ ['http://y:33859/', 'http://y:43697/']
[rosmaster.master][INFO] 2026-04-25 18:46:37,052: +PUB [/vis/agent_0/obstacle_map] /test_ssc_with_eudm_0 http://y:43697/
[rosmaster.master][INFO] 2026-04-25 18:46:37,053: publisherUpdate[/rosout] -> http://y:46327/ ['http://y:33859/', 'http://y:43697/']: sec=0.00, result=[1, '', 0]
[rosmaster.master][INFO] 2026-04-25 18:46:37,053: publisherUpdate[/rosout] -> http://y:46327/ ['http://y:33859/', 'http://y:43697/', 'http://y:44629/']
[rosmaster.master][INFO] 2026-04-25 18:46:37,053: +PUB [/vis/agent_2/surrounding_lane_net_vis] /onlane_ai_agent_2 http://y:44629/
[rosmaster.master][INFO] 2026-04-25 18:46:37,053: publisherUpdate[/rosout] -> http://y:46327/ ['http://y:33859/', 'http://y:43697/', 'http://y:44629/']: sec=0.00, result=[1, '', 0]
[rosmaster.master][INFO] 2026-04-25 18:46:37,055: publisherUpdate[/rosout] -> http://y:46327/ ['http://y:33859/', 'http://y:43697/', 'http://y:44629/', 'http://y:41987/']
[rosmaster.master][INFO] 2026-04-25 18:46:37,056: +PUB [/vis/agent_5/obstacle_map] /onlane_ai_agent_5 http://y:37807/
[rosmaster.master][INFO] 2026-04-25 18:46:37,056: publisherUpdate[/rosout] -> http://y:46327/ ['http://y:33859/', 'http://y:43697/', 'http://y:44629/', 'http://y:41987/']: sec=0.00, result=[1, '', 0]
[rosmaster.master][INFO] 2026-04-25 18:46:37,056: publisherUpdate[/rosout] -> http://y:46327/ ['http://y:33859/', 'http://y:43697/', 'http://y:44629/', 'http://y:41987/', 'http://y:33117/']
[rosmaster.master][INFO] 2026-04-25 18:46:37,056: +PUB [/tf] /onlane_ai_agent_1 http://y:33859/
[rosmaster.master][INFO] 2026-04-25 18:46:37,056: +PUB [/vis/agent_4/ego_behavior_vis] /onlane_ai_agent_4 http://y:33117/
[rosmaster.master][INFO] 2026-04-25 18:46:37,056: publisherUpdate[/rosout] -> http://y:46327/ ['http://y:33859/', 'http://y:43697/', 'http://y:44629/', 'http://y:41987/', 'http://y:33117/']: sec=0.00, result=[1, '', 0]
[rosmaster.master][INFO] 2026-04-25 18:46:37,067: publisherUpdate[/rosout] -> http://y:46327/ ['http://y:33859/', 'http://y:43697/', 'http://y:44629/', 'http://y:41987/', 'http://y:33117/', 'http://y:37807/']
[rosmaster.master][INFO] 2026-04-25 18:46:37,067: +SERVICE [/onlane_ai_agent_8/set_logger_level] /onlane_ai_agent_8 http://y:41485/
[rosmaster.master][INFO] 2026-04-25 18:46:37,067: publisherUpdate[/rosout] -> http://y:46327/ ['http://y:33859/', 'http://y:43697/', 'http://y:44629/', 'http://y:41987/', 'http://y:33117/', 'http://y:37807/']: sec=0.00, result=[1, '', 0]
[rosmaster.master][INFO] 2026-04-25 18:46:37,071: publisherUpdate[/rosout] -> http://y:46327/ ['http://y:33859/', 'http://y:43697/', 'http://y:44629/', 'http://y:41987/', 'http://y:33117/', 'http://y:37807/', 'http://y:41357/']
[rosmaster.master][INFO] 2026-04-25 18:46:37,068: +PUB [/vis/agent_2/local_lanes_vis] /onlane_ai_agent_2 http://y:44629/
[rosmaster.master][INFO] 2026-04-25 18:46:37,071: +PUB [/ctrl/agent_7] /onlane_ai_agent_7 http://y:36501/
[rosmaster.master][INFO] 2026-04-25 18:46:37,072: publisherUpdate[/rosout] -> http://y:46327/ ['http://y:33859/', 'http://y:43697/', 'http://y:44629/', 'http://y:41987/', 'http://y:33117/', 'http://y:37807/', 'http://y:41357/']: sec=0.00, result=[1, '', 0]
[rosmaster.master][INFO] 2026-04-25 18:46:37,072: publisherUpdate[/rosout] -> http://y:46327/ ['http://y:33859/', 'http://y:43697/', 'http://y:44629/', 'http://y:41987/', 'http://y:33117/', 'http://y:37807/', 'http://y:41357/', 'http://y:36501/']
[rosmaster.master][INFO] 2026-04-25 18:46:37,072: +SERVICE [/onlane_ai_agent_9/set_logger_level] /onlane_ai_agent_9 http://y:36723/
[rosmaster.master][INFO] 2026-04-25 18:46:37,073: +PUB [/rosout] /onlane_ai_agent_10 http://y:43969/
[rosmaster.master][INFO] 2026-04-25 18:46:37,073: +SERVICE [/onlane_ai_agent_10/get_loggers] /onlane_ai_agent_10 http://y:43969/
[rosmaster.master][INFO] 2026-04-25 18:46:37,075: publisherUpdate[/rosout] -> http://y:46327/ ['http://y:33859/', 'http://y:43697/', 'http://y:44629/', 'http://y:41987/', 'http://y:33117/', 'http://y:37807/', 'http://y:41357/', 'http://y:36501/']: sec=0.00, result=[1, '', 0]
[rosmaster.master][INFO] 2026-04-25 18:46:37,075: publisherUpdate[/rosout] -> http://y:46327/ ['http://y:33859/', 'http://y:43697/', 'http://y:44629/', 'http://y:41987/', 'http://y:33117/', 'http://y:37807/', 'http://y:41357/', 'http://y:36501/', 'http://y:41485/']
[rosmaster.master][INFO] 2026-04-25 18:46:37,075: +PUB [/tf] /onlane_ai_agent_3 http://y:41987/
[rosmaster.master][INFO] 2026-04-25 18:46:37,076: +PUB [/vis/agent_4/pred_traj_openloop_vis] /onlane_ai_agent_4 http://y:33117/
[rosmaster.master][INFO] 2026-04-25 18:46:37,076: publisherUpdate[/rosout] -> http://y:46327/ ['http://y:33859/', 'http://y:43697/', 'http://y:44629/', 'http://y:41987/', 'http://y:33117/', 'http://y:37807/', 'http://y:41357/', 'http://y:36501/', 'http://y:41485/']: sec=0.00, result=[1, '', 0]
[rosmaster.master][INFO] 2026-04-25 18:46:37,076: publisherUpdate[/rosout] -> http://y:46327/ ['http://y:33859/', 'http://y:43697/', 'http://y:44629/', 'http://y:41987/', 'http://y:33117/', 'http://y:37807/', 'http://y:41357/', 'http://y:36501/', 'http://y:41485/', 'http://y:36723/']
[rosmaster.master][INFO] 2026-04-25 18:46:37,076: +PUB [/vis/agent_5/surrounding_lane_net_vis] /onlane_ai_agent_5 http://y:37807/
[rosmaster.master][INFO] 2026-04-25 18:46:37,077: publisherUpdate[/rosout] -> http://y:46327/ ['http://y:33859/', 'http://y:43697/', 'http://y:44629/', 'http://y:41987/', 'http://y:33117/', 'http://y:37807/', 'http://y:41357/', 'http://y:36501/', 'http://y:41485/', 'http://y:36723/']: sec=0.00, result=[1, '', 0]
[rosmaster.master][INFO] 2026-04-25 18:46:37,077: publisherUpdate[/rosout] -> http://y:46327/ ['http://y:33859/', 'http://y:43697/', 'http://y:44629/', 'http://y:41987/', 'http://y:33117/', 'http://y:37807/', 'http://y:41357/', 'http://y:36501/', 'http://y:41485/', 'http://y:36723/', 'http://y:43969/']
[rosmaster.master][INFO] 2026-04-25 18:46:37,077: +PUB [/vis/agent_0/surrounding_lane_net_vis] /test_ssc_with_eudm_0 http://y:43697/
[rosmaster.master][INFO] 2026-04-25 18:46:37,077: +PUB [/rosout] /phy_simulator_planning_node http://y:42103/
[rosmaster.master][INFO] 2026-04-25 18:46:37,077: publisherUpdate[/rosout] -> http://y:46327/ ['http://y:33859/', 'http://y:43697/', 'http://y:44629/', 'http://y:41987/', 'http://y:33117/', 'http://y:37807/', 'http://y:41357/', 'http://y:36501/', 'http://y:41485/', 'http://y:36723/', 'http://y:43969/']: sec=0.00, result=[1, '', 0]
[rosmaster.master][INFO] 2026-04-25 18:46:37,077: publisherUpdate[/rosout] -> http://y:46327/ ['http://y:33859/', 'http://y:43697/', 'http://y:44629/', 'http://y:41987/', 'http://y:33117/', 'http://y:37807/', 'http://y:41357/', 'http://y:36501/', 'http://y:41485/', 'http://y:36723/', 'http://y:43969/', 'http://y:42103/']
[rosmaster.master][INFO] 2026-04-25 18:46:37,078: publisherUpdate[/rosout] -> http://y:46327/ ['http://y:33859/', 'http://y:43697/', 'http://y:44629/', 'http://y:41987/', 'http://y:33117/', 'http://y:37807/', 'http://y:41357/', 'http://y:36501/', 'http://y:41485/', 'http://y:36723/', 'http://y:43969/', 'http://y:42103/']: sec=0.00, result=[1, '', 0]
[rosmaster.master][INFO] 2026-04-25 18:46:37,077: +PUB [/vis/agent_1/ego_vehicle_vis] /onlane_ai_agent_1 http://y:33859/
[rosmaster.master][INFO] 2026-04-25 18:46:37,078: +PUB [/vis/agent_2/ego_behavior_vis] /onlane_ai_agent_2 http://y:44629/
[rosmaster.master][INFO] 2026-04-25 18:46:37,078: +PUB [/vis/agent_1/obstacle_map] /onlane_ai_agent_1 http://y:33859/
[rosmaster.master][INFO] 2026-04-25 18:46:37,079: +PUB [/vis/agent_3/ego_vehicle_vis] /onlane_ai_agent_3 http://y:41987/
[rosmaster.master][INFO] 2026-04-25 18:46:37,079: +SERVICE [/onlane_ai_agent_10/set_logger_level] /onlane_ai_agent_10 http://y:43969/
[rosmaster.master][INFO] 2026-04-25 18:46:37,079: +PUB [/vis/agent_1/surrounding_lane_net_vis] /onlane_ai_agent_1 http://y:33859/
[rosmaster.master][INFO] 2026-04-25 18:46:37,080: +PUB [/vis/agent_4/pred_initial_intention_vis] /onlane_ai_agent_4 http://y:33117/
[rosmaster.master][INFO] 2026-04-25 18:46:37,080: +PUB [/vis/agent_5/local_lanes_vis] /onlane_ai_agent_5 http://y:37807/
[rosmaster.master][INFO] 2026-04-25 18:46:37,080: +PUB [/vis/agent_1/local_lanes_vis] /onlane_ai_agent_1 http://y:33859/
[rosmaster.master][INFO] 2026-04-25 18:46:37,080: +PUB [/vis/agent_4/surrounding_vehicle_vis] /onlane_ai_agent_4 http://y:33117/
[rosmaster.master][INFO] 2026-04-25 18:46:37,080: +PUB [/vis/agent_2/pred_traj_openloop_vis] /onlane_ai_agent_2 http://y:44629/
[rosmaster.master][INFO] 2026-04-25 18:46:37,081: +PUB [/vis/agent_1/ego_behavior_vis] /onlane_ai_agent_1 http://y:33859/
[rosmaster.master][INFO] 2026-04-25 18:46:37,081: +PUB [/vis/agent_5/ego_behavior_vis] /onlane_ai_agent_5 http://y:37807/
[rosmaster.master][INFO] 2026-04-25 18:46:37,081: +PUB [/vis/agent_4/speed_limit] /onlane_ai_agent_4 http://y:33117/
[rosmaster.master][INFO] 2026-04-25 18:46:37,081: +PUB [/vis/agent_1/pred_traj_openloop_vis] /onlane_ai_agent_1 http://y:33859/
[rosmaster.master][INFO] 2026-04-25 18:46:37,082: +PUB [/vis/agent_1/pred_initial_intention_vis] /onlane_ai_agent_1 http://y:33859/
[rosmaster.master][INFO] 2026-04-25 18:46:37,082: +PUB [/vis/agent_5/pred_traj_openloop_vis] /onlane_ai_agent_5 http://y:37807/
[rosmaster.master][INFO] 2026-04-25 18:46:37,082: +PUB [/vis/agent_5/pred_initial_intention_vis] /onlane_ai_agent_5 http://y:37807/
[rosmaster.master][INFO] 2026-04-25 18:46:37,083: +PUB [/vis/agent_1/surrounding_vehicle_vis] /onlane_ai_agent_1 http://y:33859/
[rosmaster.master][INFO] 2026-04-25 18:46:37,083: +PUB [/vis/agent_5/surrounding_vehicle_vis] /onlane_ai_agent_5 http://y:37807/
[rosmaster.master][INFO] 2026-04-25 18:46:37,083: +PUB [/vis/agent_1/speed_limit] /onlane_ai_agent_1 http://y:33859/
[rosmaster.master][INFO] 2026-04-25 18:46:37,086: +PUB [/vis/agent_2/pred_initial_intention_vis] /onlane_ai_agent_2 http://y:44629/
[rosmaster.master][INFO] 2026-04-25 18:46:37,087: +PUB [/vis/agent_0/local_lanes_vis] /test_ssc_with_eudm_0 http://y:43697/
[rosmaster.master][INFO] 2026-04-25 18:46:37,087: +PUB [/vis/agent_5/speed_limit] /onlane_ai_agent_5 http://y:37807/
[rosmaster.master][INFO] 2026-04-25 18:46:37,090: +PUB [/ctrl/agent_9] /onlane_ai_agent_9 http://y:36723/
[rosmaster.master][INFO] 2026-04-25 18:46:37,090: +PUB [/vis/agent_0/ego_behavior_vis] /test_ssc_with_eudm_0 http://y:43697/
[rosmaster.master][INFO] 2026-04-25 18:46:37,092: +SUB [/arena_info_static] /onlane_ai_agent_4 http://y:33117/
[rosmaster.master][INFO] 2026-04-25 18:46:37,092: +PUB [/ctrl/agent_8] /onlane_ai_agent_8 http://y:41485/
[rosmaster.master][INFO] 2026-04-25 18:46:37,092: +PUB [/vis/agent_3/obstacle_map] /onlane_ai_agent_3 http://y:41987/
[rosmaster.master][INFO] 2026-04-25 18:46:37,092: +PUB [/vis/agent_2/surrounding_vehicle_vis] /onlane_ai_agent_2 http://y:44629/
[rosmaster.master][INFO] 2026-04-25 18:46:37,093: +PUB [/ctrl/agent_6] /onlane_ai_agent_6 http://y:41357/
[rosmaster.master][INFO] 2026-04-25 18:46:37,093: +PUB [/vis/agent_0/pred_traj_openloop_vis] /test_ssc_with_eudm_0 http://y:43697/
[rosmaster.master][INFO] 2026-04-25 18:46:37,094: +PUB [/ctrl/agent_10] /onlane_ai_agent_10 http://y:43969/
[rosmaster.master][INFO] 2026-04-25 18:46:37,095: +PUB [/vis/agent_3/surrounding_lane_net_vis] /onlane_ai_agent_3 http://y:41987/
[rosmaster.master][INFO] 2026-04-25 18:46:37,095: +PUB [/vis/agent_2/speed_limit] /onlane_ai_agent_2 http://y:44629/
[rosmaster.master][INFO] 2026-04-25 18:46:37,096: +SERVICE [/phy_simulator_planning_node/get_loggers] /phy_simulator_planning_node http://y:42103/
[rosmaster.master][INFO] 2026-04-25 18:46:37,097: +PUB [/tf] /onlane_ai_agent_7 http://y:36501/
[rosmaster.master][INFO] 2026-04-25 18:46:37,099: +PUB [/vis/agent_0/pred_initial_intention_vis] /test_ssc_with_eudm_0 http://y:43697/
[rosmaster.master][INFO] 2026-04-25 18:46:37,100: +PUB [/vis/agent_3/local_lanes_vis] /onlane_ai_agent_3 http://y:41987/
[rosmaster.master][INFO] 2026-04-25 18:46:37,100: +PUB [/vis/agent_7/ego_vehicle_vis] /onlane_ai_agent_7 http://y:36501/
[rosmaster.master][INFO] 2026-04-25 18:46:37,100: +SUB [/arena_info_static] /onlane_ai_agent_2 http://y:44629/
[rosmaster.master][INFO] 2026-04-25 18:46:37,100: +PUB [/vis/agent_3/ego_behavior_vis] /onlane_ai_agent_3 http://y:41987/
[rosmaster.master][INFO] 2026-04-25 18:46:37,101: +SUB [/arena_info_dynamic] /onlane_ai_agent_4 http://y:33117/
[rosmaster.master][INFO] 2026-04-25 18:46:37,102: +SUB [/arena_info_static] /onlane_ai_agent_1 http://y:33859/
[rosmaster.master][INFO] 2026-04-25 18:46:37,102: +PUB [/vis/agent_7/obstacle_map] /onlane_ai_agent_7 http://y:36501/
[rosmaster.master][INFO] 2026-04-25 18:46:37,103: +PUB [/vis/agent_0/surrounding_vehicle_vis] /test_ssc_with_eudm_0 http://y:43697/
[rosmaster.master][INFO] 2026-04-25 18:46:37,103: +PUB [/tf] /onlane_ai_agent_8 http://y:41485/
[rosmaster.master][INFO] 2026-04-25 18:46:37,104: +PUB [/vis/agent_8/ego_vehicle_vis] /onlane_ai_agent_8 http://y:41485/
[rosmaster.master][INFO] 2026-04-25 18:46:37,104: +PUB [/tf] /onlane_ai_agent_10 http://y:43969/
[rosmaster.master][INFO] 2026-04-25 18:46:37,104: +PUB [/vis/agent_8/obstacle_map] /onlane_ai_agent_8 http://y:41485/
[rosmaster.master][INFO] 2026-04-25 18:46:37,105: +PUB [/vis/agent_8/surrounding_lane_net_vis] /onlane_ai_agent_8 http://y:41485/
[rosmaster.master][INFO] 2026-04-25 18:46:37,107: +PUB [/vis/agent_8/local_lanes_vis] /onlane_ai_agent_8 http://y:41485/
[rosmaster.master][INFO] 2026-04-25 18:46:37,108: +PUB [/vis/agent_0/speed_limit] /test_ssc_with_eudm_0 http://y:43697/
[rosmaster.master][INFO] 2026-04-25 18:46:37,108: +PUB [/vis/agent_0/ssc/map_vis] /test_ssc_with_eudm_0 http://y:43697/
[rosmaster.master][INFO] 2026-04-25 18:46:37,109: +PUB [/vis/agent_0/ssc/qp_vis] /test_ssc_with_eudm_0 http://y:43697/
[rosmaster.master][INFO] 2026-04-25 18:46:37,109: +PUB [/vis/agent_8/ego_behavior_vis] /onlane_ai_agent_8 http://y:41485/
[rosmaster.master][INFO] 2026-04-25 18:46:37,110: +PUB [/vis/agent_0/ssc/ego_fs_vis] /test_ssc_with_eudm_0 http://y:43697/
[rosmaster.master][INFO] 2026-04-25 18:46:37,110: +PUB [/tf] /onlane_ai_agent_6 http://y:41357/
[rosmaster.master][INFO] 2026-04-25 18:46:37,110: +SERVICE [/phy_simulator_planning_node/set_logger_level] /phy_simulator_planning_node http://y:42103/
[rosmaster.master][INFO] 2026-04-25 18:46:37,110: +PUB [/vis/agent_0/ssc/forward_trajs_vis] /test_ssc_with_eudm_0 http://y:43697/
[rosmaster.master][INFO] 2026-04-25 18:46:37,111: +PUB [/vis/agent_8/pred_traj_openloop_vis] /onlane_ai_agent_8 http://y:41485/
[rosmaster.master][INFO] 2026-04-25 18:46:37,116: +PUB [/vis/agent_0/ssc/sur_vehicle_trajs_vis] /test_ssc_with_eudm_0 http://y:43697/
[rosmaster.master][INFO] 2026-04-25 18:46:37,116: +PUB [/vis/agent_6/ego_vehicle_vis] /onlane_ai_agent_6 http://y:41357/
[rosmaster.master][INFO] 2026-04-25 18:46:37,117: +PUB [/vis/agent_7/surrounding_lane_net_vis] /onlane_ai_agent_7 http://y:36501/
[rosmaster.master][INFO] 2026-04-25 18:46:37,117: +PUB [/vis/agent_10/ego_vehicle_vis] /onlane_ai_agent_10 http://y:43969/
[rosmaster.master][INFO] 2026-04-25 18:46:37,117: +PUB [/vis/agent_3/pred_traj_openloop_vis] /onlane_ai_agent_3 http://y:41987/
[rosmaster.master][INFO] 2026-04-25 18:46:37,118: +PUB [/vis/agent_0/ssc/corridor_vis] /test_ssc_with_eudm_0 http://y:43697/
[rosmaster.master][INFO] 2026-04-25 18:46:37,118: +SUB [/arena_info_dynamic] /onlane_ai_agent_2 http://y:44629/
[rosmaster.master][INFO] 2026-04-25 18:46:37,118: +PUB [/vis/agent_8/pred_initial_intention_vis] /onlane_ai_agent_8 http://y:41485/
[rosmaster.master][INFO] 2026-04-25 18:46:37,118: +SUB [/arena_info_dynamic] /onlane_ai_agent_1 http://y:33859/
[rosmaster.master][INFO] 2026-04-25 18:46:37,119: +PUB [/vis/agent_7/local_lanes_vis] /onlane_ai_agent_7 http://y:36501/
[rosmaster.master][INFO] 2026-04-25 18:46:37,120: +SUB [/joy] /onlane_ai_agent_1 http://y:33859/
[rosmaster.master][INFO] 2026-04-25 18:46:37,121: +PUB [/vis/agent_8/surrounding_vehicle_vis] /onlane_ai_agent_8 http://y:41485/
[rosmaster.master][INFO] 2026-04-25 18:46:37,121: +PUB [/vis/agent_3/pred_initial_intention_vis] /onlane_ai_agent_3 http://y:41987/
[rosmaster.master][INFO] 2026-04-25 18:46:37,122: +PUB [/vis/agent_7/ego_behavior_vis] /onlane_ai_agent_7 http://y:36501/
[rosmaster.master][INFO] 2026-04-25 18:46:37,123: +PUB [/vis/agent_10/obstacle_map] /onlane_ai_agent_10 http://y:43969/
[rosmaster.master][INFO] 2026-04-25 18:46:37,124: +PUB [/vis/agent_8/speed_limit] /onlane_ai_agent_8 http://y:41485/
[rosmaster.master][INFO] 2026-04-25 18:46:37,124: +PUB [/vis/agent_3/surrounding_vehicle_vis] /onlane_ai_agent_3 http://y:41987/
[rosmaster.master][INFO] 2026-04-25 18:46:37,124: +PUB [/vis/agent_7/pred_traj_openloop_vis] /onlane_ai_agent_7 http://y:36501/
[rosmaster.master][INFO] 2026-04-25 18:46:37,124: +SUB [/joy] /onlane_ai_agent_2 http://y:44629/
[rosmaster.master][INFO] 2026-04-25 18:46:37,124: +SUB [/joy] /onlane_ai_agent_4 http://y:33117/
[rosmaster.master][INFO] 2026-04-25 18:46:37,125: +PUB [/vis/agent_7/pred_initial_intention_vis] /onlane_ai_agent_7 http://y:36501/
[rosmaster.master][INFO] 2026-04-25 18:46:37,125: +PUB [/vis/agent_1/forward_trajs] /onlane_ai_agent_1 http://y:33859/
[rosmaster.master][INFO] 2026-04-25 18:46:37,130: +PUB [/vis/agent_10/surrounding_lane_net_vis] /onlane_ai_agent_10 http://y:43969/
[rosmaster.master][INFO] 2026-04-25 18:46:37,131: +PUB [/vis/agent_3/speed_limit] /onlane_ai_agent_3 http://y:41987/
[rosmaster.master][INFO] 2026-04-25 18:46:37,131: +SUB [/joy] /test_ssc_with_eudm_0 http://y:43697/
[rosmaster.master][INFO] 2026-04-25 18:46:37,131: +PUB [/vis/agent_7/surrounding_vehicle_vis] /onlane_ai_agent_7 http://y:36501/
[rosmaster.master][INFO] 2026-04-25 18:46:37,132: +PUB [/tf] /onlane_ai_agent_9 http://y:36723/
[rosmaster.master][INFO] 2026-04-25 18:46:37,132: +PUB [/vis/agent_6/obstacle_map] /onlane_ai_agent_6 http://y:41357/
[rosmaster.master][INFO] 2026-04-25 18:46:37,133: +PUB [/vis/agent_2/forward_trajs] /onlane_ai_agent_2 http://y:44629/
[rosmaster.master][INFO] 2026-04-25 18:46:37,133: +PUB [/vis/agent_4/forward_trajs] /onlane_ai_agent_4 http://y:33117/
[rosmaster.master][INFO] 2026-04-25 18:46:37,133: +SUB [/arena_info_static] /onlane_ai_agent_5 http://y:37807/
[rosmaster.master][INFO] 2026-04-25 18:46:37,134: +SUB [/arena_info_static] /onlane_ai_agent_8 http://y:41485/
[rosmaster.master][INFO] 2026-04-25 18:46:37,134: +PUB [/vis/agent_10/local_lanes_vis] /onlane_ai_agent_10 http://y:43969/
[rosmaster.master][INFO] 2026-04-25 18:46:37,134: +PUB [/vis/agent_0/forward_trajs] /test_ssc_with_eudm_0 http://y:43697/
[rosmaster.master][INFO] 2026-04-25 18:46:37,135: +PUB [/vis/agent_9/ego_vehicle_vis] /onlane_ai_agent_9 http://y:36723/
[rosmaster.master][INFO] 2026-04-25 18:46:37,135: +PUB [/vis/agent_7/speed_limit] /onlane_ai_agent_7 http://y:36501/
[rosmaster.master][INFO] 2026-04-25 18:46:37,136: +PUB [/vis/agent_6/surrounding_lane_net_vis] /onlane_ai_agent_6 http://y:41357/
[rosmaster.master][INFO] 2026-04-25 18:46:37,136: +SUB [/arena_info_static] /onlane_ai_agent_3 http://y:41987/
[rosmaster.master][INFO] 2026-04-25 18:46:37,138: +PUB [/vis/agent_9/obstacle_map] /onlane_ai_agent_9 http://y:36723/
[rosmaster.master][INFO] 2026-04-25 18:46:37,138: +PUB [/vis/agent_10/ego_behavior_vis] /onlane_ai_agent_10 http://y:43969/
[rosmaster.master][INFO] 2026-04-25 18:46:37,139: +SUB [/arena_info_dynamic] /onlane_ai_agent_8 http://y:41485/
[rosmaster.master][INFO] 2026-04-25 18:46:37,139: +PUB [/vis/agent_6/local_lanes_vis] /onlane_ai_agent_6 http://y:41357/
[rosmaster.master][INFO] 2026-04-25 18:46:37,139: +PUB [/ctrl/agent_0] /test_ssc_with_eudm_0 http://y:43697/
[rosmaster.master][INFO] 2026-04-25 18:46:37,140: +SUB [/arena_info_static] /onlane_ai_agent_7 http://y:36501/
[rosmaster.master][INFO] 2026-04-25 18:46:37,141: +SUB [/arena_info_dynamic] /onlane_ai_agent_5 http://y:37807/
[rosmaster.master][INFO] 2026-04-25 18:46:37,141: +PUB [/vis/agent_9/surrounding_lane_net_vis] /onlane_ai_agent_9 http://y:36723/
[rosmaster.master][INFO] 2026-04-25 18:46:37,141: +SUB [/arena_info_dynamic] /onlane_ai_agent_3 http://y:41987/
[rosmaster.master][INFO] 2026-04-25 18:46:37,142: +PUB [/vis/agent_6/ego_behavior_vis] /onlane_ai_agent_6 http://y:41357/
[rosmaster.master][INFO] 2026-04-25 18:46:37,142: +PUB [/vis/agent_10/pred_traj_openloop_vis] /onlane_ai_agent_10 http://y:43969/
[rosmaster.master][INFO] 2026-04-25 18:46:37,143: +PUB [/test_ssc_with_eudm_0/ssc_map] /test_ssc_with_eudm_0 http://y:43697/
[rosmaster.master][INFO] 2026-04-25 18:46:37,145: +PUB [/vis/agent_9/local_lanes_vis] /onlane_ai_agent_9 http://y:36723/
[rosmaster.master][INFO] 2026-04-25 18:46:37,146: +SUB [/joy] /onlane_ai_agent_8 http://y:41485/
[rosmaster.master][INFO] 2026-04-25 18:46:37,146: +PUB [/vis/agent_6/pred_traj_openloop_vis] /onlane_ai_agent_6 http://y:41357/
[rosmaster.master][INFO] 2026-04-25 18:46:37,147: +PUB [/vis/agent_10/pred_initial_intention_vis] /onlane_ai_agent_10 http://y:43969/
[rosmaster.master][INFO] 2026-04-25 18:46:37,147: +SUB [/arena_info_dynamic] /onlane_ai_agent_7 http://y:36501/
[rosmaster.master][INFO] 2026-04-25 18:46:37,148: +PUB [/vis/agent_0/ssc/exec_traj] /test_ssc_with_eudm_0 http://y:43697/
[rosmaster.master][INFO] 2026-04-25 18:46:37,148: +SUB [/joy] /onlane_ai_agent_5 http://y:37807/
[rosmaster.master][INFO] 2026-04-25 18:46:37,148: +PUB [/vis/agent_9/ego_behavior_vis] /onlane_ai_agent_9 http://y:36723/
[rosmaster.master][INFO] 2026-04-25 18:46:37,148: +PUB [/vis/agent_6/pred_initial_intention_vis] /onlane_ai_agent_6 http://y:41357/
[rosmaster.master][INFO] 2026-04-25 18:46:37,148: +SUB [/joy] /onlane_ai_agent_3 http://y:41987/
[rosmaster.master][INFO] 2026-04-25 18:46:37,148: +PUB [/vis/agent_10/surrounding_vehicle_vis] /onlane_ai_agent_10 http://y:43969/
[rosmaster.master][INFO] 2026-04-25 18:46:37,148: +PUB [/vis/agent_6/surrounding_vehicle_vis] /onlane_ai_agent_6 http://y:41357/
[rosmaster.master][INFO] 2026-04-25 18:46:37,150: +PUB [/vis/agent_8/forward_trajs] /onlane_ai_agent_8 http://y:41485/
[rosmaster.master][INFO] 2026-04-25 18:46:37,150: +PUB [/vis/agent_6/speed_limit] /onlane_ai_agent_6 http://y:41357/
[rosmaster.master][INFO] 2026-04-25 18:46:37,151: +PUB [/vis/agent_10/speed_limit] /onlane_ai_agent_10 http://y:43969/
[rosmaster.master][INFO] 2026-04-25 18:46:37,151: +PUB [/vis/agent_9/pred_traj_openloop_vis] /onlane_ai_agent_9 http://y:36723/
[rosmaster.master][INFO] 2026-04-25 18:46:37,153: +PUB [/vis/agent_5/forward_trajs] /onlane_ai_agent_5 http://y:37807/
[rosmaster.master][INFO] 2026-04-25 18:46:37,153: +PUB [/arena_info_static] /phy_simulator_planning_node http://y:42103/
[rosmaster.master][INFO] 2026-04-25 18:46:37,154: +PUB [/vis/agent_3/forward_trajs] /onlane_ai_agent_3 http://y:41987/
[rosmaster.master][INFO] 2026-04-25 18:46:37,154: +PUB [/vis/agent_9/pred_initial_intention_vis] /onlane_ai_agent_9 http://y:36723/
[rosmaster.master][INFO] 2026-04-25 18:46:37,154: +SUB [/joy] /onlane_ai_agent_7 http://y:36501/
[rosmaster.master][INFO] 2026-04-25 18:46:37,155: +SUB [/arena_info_static] /onlane_ai_agent_6 http://y:41357/
[rosmaster.master][INFO] 2026-04-25 18:46:37,155: +PUB [/vis/agent_9/surrounding_vehicle_vis] /onlane_ai_agent_9 http://y:36723/
[rosmaster.master][INFO] 2026-04-25 18:46:37,156: +SUB [/arena_info_static] /test_ssc_with_eudm_0 http://y:43697/
[rosmaster.master][INFO] 2026-04-25 18:46:37,156: +PUB [/vis/agent_9/speed_limit] /onlane_ai_agent_9 http://y:36723/
[rosmaster.master][INFO] 2026-04-25 18:46:37,157: +PUB [/vis/agent_7/forward_trajs] /onlane_ai_agent_7 http://y:36501/
[rosmaster.master][INFO] 2026-04-25 18:46:37,159: +SUB [/arena_info_static] /onlane_ai_agent_10 http://y:43969/
[rosmaster.master][INFO] 2026-04-25 18:46:37,161: +PUB [/arena_info_dynamic] /phy_simulator_planning_node http://y:42103/
[rosmaster.master][INFO] 2026-04-25 18:46:37,162: +SUB [/arena_info_dynamic] /onlane_ai_agent_6 http://y:41357/
[rosmaster.master][INFO] 2026-04-25 18:46:37,163: +PUB [/phy_simulator_planning_node/vis/vehicle_set_vis] /phy_simulator_planning_node http://y:42103/
[rosmaster.master][INFO] 2026-04-25 18:46:37,163: +SUB [/arena_info_static] /onlane_ai_agent_9 http://y:36723/
[rosmaster.master][INFO] 2026-04-25 18:46:37,163: +SUB [/arena_info_dynamic] /onlane_ai_agent_10 http://y:43969/
[rosmaster.master][INFO] 2026-04-25 18:46:37,164: +PUB [/phy_simulator_planning_node/vis/lane_net_vis] /phy_simulator_planning_node http://y:42103/
[rosmaster.master][INFO] 2026-04-25 18:46:37,166: +SUB [/arena_info_dynamic] /test_ssc_with_eudm_0 http://y:43697/
[rosmaster.master][INFO] 2026-04-25 18:46:37,167: +PUB [/phy_simulator_planning_node/vis/obstacle_set_vis] /phy_simulator_planning_node http://y:42103/
[rosmaster.master][INFO] 2026-04-25 18:46:37,168: +SUB [/joy] /onlane_ai_agent_6 http://y:41357/
[rosmaster.master][INFO] 2026-04-25 18:46:37,170: +SUB [/arena_info_dynamic] /onlane_ai_agent_9 http://y:36723/
[rosmaster.master][INFO] 2026-04-25 18:46:37,170: +SUB [/ctrl/agent_10] /phy_simulator_planning_node http://y:42103/
[rosmaster.master][INFO] 2026-04-25 18:46:37,170: +SUB [/joy] /onlane_ai_agent_10 http://y:43969/
[rosmaster.master][INFO] 2026-04-25 18:46:37,171: +PUB [/vis/agent_6/forward_trajs] /onlane_ai_agent_6 http://y:41357/
[rosmaster.master][INFO] 2026-04-25 18:46:37,171: +SUB [/joy] /onlane_ai_agent_9 http://y:36723/
[rosmaster.master][INFO] 2026-04-25 18:46:37,172: +PUB [/vis/agent_10/forward_trajs] /onlane_ai_agent_10 http://y:43969/
[rosmaster.master][INFO] 2026-04-25 18:46:37,172: +SUB [/ctrl/agent_9] /phy_simulator_planning_node http://y:42103/
[rosmaster.master][INFO] 2026-04-25 18:46:37,173: +PUB [/vis/agent_9/forward_trajs] /onlane_ai_agent_9 http://y:36723/
[rosmaster.master][INFO] 2026-04-25 18:46:37,173: +SUB [/ctrl/agent_8] /phy_simulator_planning_node http://y:42103/
[rosmaster.master][INFO] 2026-04-25 18:46:37,174: +SUB [/ctrl/agent_7] /phy_simulator_planning_node http://y:42103/
[rosmaster.master][INFO] 2026-04-25 18:46:37,175: +SUB [/ctrl/agent_6] /phy_simulator_planning_node http://y:42103/
[rosmaster.master][INFO] 2026-04-25 18:46:37,175: +SUB [/ctrl/agent_5] /phy_simulator_planning_node http://y:42103/
[rosmaster.master][INFO] 2026-04-25 18:46:37,176: +SUB [/ctrl/agent_4] /phy_simulator_planning_node http://y:42103/
[rosmaster.master][INFO] 2026-04-25 18:46:37,177: +SUB [/ctrl/agent_3] /phy_simulator_planning_node http://y:42103/
[rosmaster.master][INFO] 2026-04-25 18:46:37,177: +SUB [/ctrl/agent_2] /phy_simulator_planning_node http://y:42103/
[rosmaster.master][INFO] 2026-04-25 18:46:37,178: publisherUpdate[/arena_info_static] -> http://y:33117/ ['http://y:42103/']
[rosmaster.master][INFO] 2026-04-25 18:46:37,179: publisherUpdate[/arena_info_static] -> http://y:33117/ ['http://y:42103/']: sec=0.00, result=[1, '', 0]
[rosmaster.master][INFO] 2026-04-25 18:46:37,179: +SUB [/ctrl/agent_1] /phy_simulator_planning_node http://y:42103/
[rosmaster.master][INFO] 2026-04-25 18:46:37,179: publisherUpdate[/arena_info_static] -> http://y:44629/ ['http://y:42103/']
[rosmaster.master][INFO] 2026-04-25 18:46:37,180: publisherUpdate[/arena_info_static] -> http://y:44629/ ['http://y:42103/']: sec=0.00, result=[1, '', 0]
[rosmaster.master][INFO] 2026-04-25 18:46:37,180: publisherUpdate[/arena_info_static] -> http://y:33859/ ['http://y:42103/']
[rosmaster.master][INFO] 2026-04-25 18:46:37,181: publisherUpdate[/arena_info_static] -> http://y:33859/ ['http://y:42103/']: sec=0.00, result=[1, '', 0]
[rosmaster.master][INFO] 2026-04-25 18:46:37,181: publisherUpdate[/arena_info_static] -> http://y:37807/ ['http://y:42103/']
[rosmaster.master][INFO] 2026-04-25 18:46:37,181: +SUB [/ctrl/agent_0] /phy_simulator_planning_node http://y:42103/
[rosmaster.master][INFO] 2026-04-25 18:46:37,182: +SUB [/initialpose] /phy_simulator_planning_node http://y:42103/
[rosmaster.master][INFO] 2026-04-25 18:46:37,183: publisherUpdate[/arena_info_static] -> http://y:37807/ ['http://y:42103/']: sec=0.00, result=[1, '', 0]
[rosmaster.master][INFO] 2026-04-25 18:46:37,183: +SUB [/move_base_simple/goal] /phy_simulator_planning_node http://y:42103/
[rosmaster.master][INFO] 2026-04-25 18:46:37,183: publisherUpdate[/arena_info_static] -> http://y:41485/ ['http://y:42103/']
[rosmaster.master][INFO] 2026-04-25 18:46:37,183: publisherUpdate[/arena_info_static] -> http://y:41485/ ['http://y:42103/']: sec=0.00, result=[1, '', 0]
[rosmaster.master][INFO] 2026-04-25 18:46:37,184: publisherUpdate[/arena_info_static] -> http://y:41987/ ['http://y:42103/']
[rosmaster.master][INFO] 2026-04-25 18:46:37,184: publisherUpdate[/arena_info_static] -> http://y:41987/ ['http://y:42103/']: sec=0.00, result=[1, '', 0]
[rosmaster.master][INFO] 2026-04-25 18:46:37,184: publisherUpdate[/arena_info_static] -> http://y:36501/ ['http://y:42103/']
[rosmaster.master][INFO] 2026-04-25 18:46:37,185: publisherUpdate[/arena_info_static] -> http://y:36501/ ['http://y:42103/']: sec=0.00, result=[1, '', 0]
[rosmaster.master][INFO] 2026-04-25 18:46:37,185: publisherUpdate[/arena_info_dynamic] -> http://y:33117/ ['http://y:42103/']
[rosmaster.master][INFO] 2026-04-25 18:46:37,185: publisherUpdate[/arena_info_dynamic] -> http://y:33117/ ['http://y:42103/']: sec=0.00, result=[1, '', 0]
[rosmaster.master][INFO] 2026-04-25 18:46:37,185: publisherUpdate[/arena_info_dynamic] -> http://y:44629/ ['http://y:42103/']
[rosmaster.master][INFO] 2026-04-25 18:46:37,185: publisherUpdate[/arena_info_dynamic] -> http://y:44629/ ['http://y:42103/']: sec=0.00, result=[1, '', 0]
[rosmaster.master][INFO] 2026-04-25 18:46:37,186: publisherUpdate[/arena_info_dynamic] -> http://y:33859/ ['http://y:42103/']
[rosmaster.master][INFO] 2026-04-25 18:46:37,186: publisherUpdate[/arena_info_dynamic] -> http://y:33859/ ['http://y:42103/']: sec=0.00, result=[1, '', 0]
[rosmaster.master][INFO] 2026-04-25 18:46:37,186: publisherUpdate[/arena_info_dynamic] -> http://y:41485/ ['http://y:42103/']
[rosmaster.master][INFO] 2026-04-25 18:46:37,186: publisherUpdate[/arena_info_dynamic] -> http://y:41485/ ['http://y:42103/']: sec=0.00, result=[1, '', 0]
[rosmaster.master][INFO] 2026-04-25 18:46:37,186: publisherUpdate[/arena_info_dynamic] -> http://y:37807/ ['http://y:42103/']
[rosmaster.master][INFO] 2026-04-25 18:46:37,187: publisherUpdate[/arena_info_dynamic] -> http://y:37807/ ['http://y:42103/']: sec=0.00, result=[1, '', 0]
[rosmaster.master][INFO] 2026-04-25 18:46:37,187: publisherUpdate[/arena_info_dynamic] -> http://y:41987/ ['http://y:42103/']
[rosmaster.master][INFO] 2026-04-25 18:46:37,187: publisherUpdate[/arena_info_dynamic] -> http://y:41987/ ['http://y:42103/']: sec=0.00, result=[1, '', 0]
[rosmaster.master][INFO] 2026-04-25 18:46:37,187: publisherUpdate[/arena_info_dynamic] -> http://y:36501/ ['http://y:42103/']
[rosmaster.master][INFO] 2026-04-25 18:46:37,187: publisherUpdate[/arena_info_dynamic] -> http://y:36501/ ['http://y:42103/']: sec=0.00, result=[1, '', 0]
[rosmaster.master][INFO] 2026-04-25 18:46:44,637: +PUB [/rosout] /epsilon_metric_collector_614752_1777114004522 http://y:40737/
[rosmaster.master][INFO] 2026-04-25 18:46:44,639: +SERVICE [/epsilon_metric_collector_614752_1777114004522/get_loggers] /epsilon_metric_collector_614752_1777114004522 http://y:40737/
[rosmaster.master][INFO] 2026-04-25 18:46:44,640: +SERVICE [/epsilon_metric_collector_614752_1777114004522/set_logger_level] /epsilon_metric_collector_614752_1777114004522 http://y:40737/
[rosmaster.master][INFO] 2026-04-25 18:46:44,641: +SUB [/arena_info_dynamic] /epsilon_metric_collector_614752_1777114004522 http://y:40737/
[rosmaster.master][INFO] 2026-04-25 18:46:44,661: publisherUpdate[/rosout] -> http://y:46327/ ['http://y:33859/', 'http://y:43697/', 'http://y:44629/', 'http://y:41987/', 'http://y:33117/', 'http://y:37807/', 'http://y:41357/', 'http://y:36501/', 'http://y:41485/', 'http://y:36723/', 'http://y:43969/', 'http://y:42103/', 'http://y:40737/']
[rosmaster.master][INFO] 2026-04-25 18:46:44,661: publisherUpdate[/rosout] -> http://y:46327/ ['http://y:33859/', 'http://y:43697/', 'http://y:44629/', 'http://y:41987/', 'http://y:33117/', 'http://y:37807/', 'http://y:41357/', 'http://y:36501/', 'http://y:41485/', 'http://y:36723/', 'http://y:43969/', 'http://y:42103/', 'http://y:40737/']: sec=0.00, result=[1, '', 0]
[rosmaster.master][INFO] 2026-04-25 18:48:44,286: -SUB [/arena_info_dynamic] /epsilon_metric_collector_614752_1777114004522 http://y:40737/
[rosmaster.master][INFO] 2026-04-25 18:48:44,286: -PUB [/rosout] /epsilon_metric_collector_614752_1777114004522 http://y:40737/
[rosmaster.master][INFO] 2026-04-25 18:48:44,286: -SERVICE [/epsilon_metric_collector_614752_1777114004522/get_loggers] /epsilon_metric_collector_614752_1777114004522 rosrpc://y:33559
[rosmaster.master][INFO] 2026-04-25 18:48:44,286: -SERVICE [/epsilon_metric_collector_614752_1777114004522/set_logger_level] /epsilon_metric_collector_614752_1777114004522 rosrpc://y:33559
[rosmaster.master][INFO] 2026-04-25 18:48:44,339: publisherUpdate[/rosout] -> http://y:46327/ ['http://y:33859/', 'http://y:43697/', 'http://y:44629/', 'http://y:41987/', 'http://y:33117/', 'http://y:37807/', 'http://y:41357/', 'http://y:36501/', 'http://y:41485/', 'http://y:36723/', 'http://y:43969/', 'http://y:42103/']
[rosmaster.master][INFO] 2026-04-25 18:48:44,340: publisherUpdate[/rosout] -> http://y:46327/ ['http://y:33859/', 'http://y:43697/', 'http://y:44629/', 'http://y:41987/', 'http://y:33117/', 'http://y:37807/', 'http://y:41357/', 'http://y:36501/', 'http://y:41485/', 'http://y:36723/', 'http://y:43969/', 'http://y:42103/']: sec=0.00, result=[1, '', 0]
[rosmaster.master][INFO] 2026-04-25 18:48:45,356: +PUB [/rosout] /rostopic_679859_1777114125239 http://y:44791/
[rosmaster.master][INFO] 2026-04-25 18:48:45,358: +SERVICE [/rostopic_679859_1777114125239/get_loggers] /rostopic_679859_1777114125239 http://y:44791/
[rosmaster.master][INFO] 2026-04-25 18:48:45,359: +SERVICE [/rostopic_679859_1777114125239/set_logger_level] /rostopic_679859_1777114125239 http://y:44791/
[rosmaster.master][INFO] 2026-04-25 18:48:45,374: +SUB [/arena_info_dynamic] /rostopic_679859_1777114125239 http://y:44791/
[rosmaster.master][INFO] 2026-04-25 18:48:45,386: publisherUpdate[/rosout] -> http://y:46327/ ['http://y:33859/', 'http://y:43697/', 'http://y:44629/', 'http://y:41987/', 'http://y:33117/', 'http://y:37807/', 'http://y:41357/', 'http://y:36501/', 'http://y:41485/', 'http://y:36723/', 'http://y:43969/', 'http://y:42103/', 'http://y:44791/']
[rosmaster.master][INFO] 2026-04-25 18:48:45,387: publisherUpdate[/rosout] -> http://y:46327/ ['http://y:33859/', 'http://y:43697/', 'http://y:44629/', 'http://y:41987/', 'http://y:33117/', 'http://y:37807/', 'http://y:41357/', 'http://y:36501/', 'http://y:41485/', 'http://y:36723/', 'http://y:43969/', 'http://y:42103/', 'http://y:44791/']: sec=0.00, result=[1, '', 0]
[rosmaster.master][INFO] 2026-04-25 18:48:59,916: -SUB [/arena_info_dynamic] /rostopic_679859_1777114125239 http://y:44791/
[rosmaster.master][INFO] 2026-04-25 18:48:59,917: -PUB [/rosout] /rostopic_679859_1777114125239 http://y:44791/
[rosmaster.master][INFO] 2026-04-25 18:48:59,917: -SERVICE [/rostopic_679859_1777114125239/get_loggers] /rostopic_679859_1777114125239 rosrpc://y:46373
[rosmaster.master][INFO] 2026-04-25 18:48:59,917: -SERVICE [/rostopic_679859_1777114125239/set_logger_level] /rostopic_679859_1777114125239 rosrpc://y:46373
[rosmaster.master][INFO] 2026-04-25 18:48:59,963: publisherUpdate[/rosout] -> http://y:46327/ ['http://y:33859/', 'http://y:43697/', 'http://y:44629/', 'http://y:41987/', 'http://y:33117/', 'http://y:37807/', 'http://y:41357/', 'http://y:36501/', 'http://y:41485/', 'http://y:36723/', 'http://y:43969/', 'http://y:42103/']
[rosmaster.master][INFO] 2026-04-25 18:48:59,964: publisherUpdate[/rosout] -> http://y:46327/ ['http://y:33859/', 'http://y:43697/', 'http://y:44629/', 'http://y:41987/', 'http://y:33117/', 'http://y:37807/', 'http://y:41357/', 'http://y:36501/', 'http://y:41485/', 'http://y:36723/', 'http://y:43969/', 'http://y:42103/']: sec=0.00, result=[1, '', 0]
[rosmaster.master][INFO] 2026-04-25 18:49:00,629: -PUB [/rosout] /onlane_ai_agent_6 http://y:41357/
[rosmaster.master][INFO] 2026-04-25 18:49:00,629: -PUB [/rosout] /onlane_ai_agent_8 http://y:41485/
[rosmaster.master][INFO] 2026-04-25 18:49:00,630: -PUB [/ctrl/agent_6] /onlane_ai_agent_6 http://y:41357/
[rosmaster.master][INFO] 2026-04-25 18:49:00,630: -PUB [/ctrl/agent_8] /onlane_ai_agent_8 http://y:41485/
[rosmaster.master][INFO] 2026-04-25 18:49:00,630: -PUB [/tf] /onlane_ai_agent_6 http://y:41357/
[rosmaster.master][INFO] 2026-04-25 18:49:00,630: -PUB [/tf] /onlane_ai_agent_8 http://y:41485/
[rosmaster.master][INFO] 2026-04-25 18:49:00,631: -PUB [/vis/agent_8/ego_vehicle_vis] /onlane_ai_agent_8 http://y:41485/
[rosmaster.master][INFO] 2026-04-25 18:49:00,631: -PUB [/vis/agent_6/ego_vehicle_vis] /onlane_ai_agent_6 http://y:41357/
[rosmaster.master][INFO] 2026-04-25 18:49:00,631: -PUB [/vis/agent_8/obstacle_map] /onlane_ai_agent_8 http://y:41485/
[rosmaster.master][INFO] 2026-04-25 18:49:00,631: -PUB [/vis/agent_6/obstacle_map] /onlane_ai_agent_6 http://y:41357/
[rosmaster.master][INFO] 2026-04-25 18:49:00,631: -PUB [/vis/agent_8/surrounding_lane_net_vis] /onlane_ai_agent_8 http://y:41485/
[rosmaster.master][INFO] 2026-04-25 18:49:00,632: -PUB [/vis/agent_6/surrounding_lane_net_vis] /onlane_ai_agent_6 http://y:41357/
[rosmaster.master][INFO] 2026-04-25 18:49:00,632: -PUB [/vis/agent_8/local_lanes_vis] /onlane_ai_agent_8 http://y:41485/
[rosmaster.master][INFO] 2026-04-25 18:49:00,632: -PUB [/vis/agent_6/local_lanes_vis] /onlane_ai_agent_6 http://y:41357/
[rosmaster.master][INFO] 2026-04-25 18:49:00,632: -PUB [/vis/agent_8/ego_behavior_vis] /onlane_ai_agent_8 http://y:41485/
[rosmaster.master][INFO] 2026-04-25 18:49:00,632: -PUB [/vis/agent_6/ego_behavior_vis] /onlane_ai_agent_6 http://y:41357/
[rosmaster.master][INFO] 2026-04-25 18:49:00,632: -PUB [/vis/agent_8/pred_traj_openloop_vis] /onlane_ai_agent_8 http://y:41485/
[rosmaster.master][INFO] 2026-04-25 18:49:00,633: -PUB [/vis/agent_6/pred_traj_openloop_vis] /onlane_ai_agent_6 http://y:41357/
[rosmaster.master][INFO] 2026-04-25 18:49:00,633: -PUB [/vis/agent_8/pred_initial_intention_vis] /onlane_ai_agent_8 http://y:41485/
[rosmaster.master][INFO] 2026-04-25 18:49:00,633: -PUB [/vis/agent_6/pred_initial_intention_vis] /onlane_ai_agent_6 http://y:41357/
[rosmaster.master][INFO] 2026-04-25 18:49:00,633: -PUB [/vis/agent_8/surrounding_vehicle_vis] /onlane_ai_agent_8 http://y:41485/
[rosmaster.master][INFO] 2026-04-25 18:49:00,633: -PUB [/vis/agent_8/speed_limit] /onlane_ai_agent_8 http://y:41485/
[rosmaster.master][INFO] 2026-04-25 18:49:00,633: -PUB [/vis/agent_8/forward_trajs] /onlane_ai_agent_8 http://y:41485/
[rosmaster.master][INFO] 2026-04-25 18:49:00,634: -PUB [/vis/agent_6/surrounding_vehicle_vis] /onlane_ai_agent_6 http://y:41357/
[rosmaster.master][INFO] 2026-04-25 18:49:00,634: -SUB [/arena_info_static] /onlane_ai_agent_8 http://y:41485/
[rosmaster.master][INFO] 2026-04-25 18:49:00,634: -PUB [/vis/agent_6/speed_limit] /onlane_ai_agent_6 http://y:41357/
[rosmaster.master][INFO] 2026-04-25 18:49:00,634: -SUB [/arena_info_dynamic] /onlane_ai_agent_8 http://y:41485/
[rosmaster.master][INFO] 2026-04-25 18:49:00,634: -PUB [/rosout] /onlane_ai_agent_9 http://y:36723/
[rosmaster.master][INFO] 2026-04-25 18:49:00,635: -PUB [/vis/agent_6/forward_trajs] /onlane_ai_agent_6 http://y:41357/
[rosmaster.master][INFO] 2026-04-25 18:49:00,635: -SUB [/joy] /onlane_ai_agent_8 http://y:41485/
[rosmaster.master][INFO] 2026-04-25 18:49:00,635: -PUB [/ctrl/agent_9] /onlane_ai_agent_9 http://y:36723/
[rosmaster.master][INFO] 2026-04-25 18:49:00,635: -SUB [/arena_info_static] /onlane_ai_agent_6 http://y:41357/
[rosmaster.master][INFO] 2026-04-25 18:49:00,635: -SERVICE [/onlane_ai_agent_8/get_loggers] /onlane_ai_agent_8 rosrpc://y:49161
[rosmaster.master][INFO] 2026-04-25 18:49:00,635: -PUB [/tf] /onlane_ai_agent_9 http://y:36723/
[rosmaster.master][INFO] 2026-04-25 18:49:00,636: -SUB [/arena_info_dynamic] /onlane_ai_agent_6 http://y:41357/
[rosmaster.master][INFO] 2026-04-25 18:49:00,636: -SERVICE [/onlane_ai_agent_8/set_logger_level] /onlane_ai_agent_8 rosrpc://y:49161
[rosmaster.master][INFO] 2026-04-25 18:49:00,636: -PUB [/vis/agent_9/ego_vehicle_vis] /onlane_ai_agent_9 http://y:36723/
[rosmaster.master][INFO] 2026-04-25 18:49:00,636: -SUB [/joy] /onlane_ai_agent_6 http://y:41357/
[rosmaster.master][INFO] 2026-04-25 18:49:00,636: -PUB [/vis/agent_9/obstacle_map] /onlane_ai_agent_9 http://y:36723/
[rosmaster.master][INFO] 2026-04-25 18:49:00,636: -SERVICE [/onlane_ai_agent_6/get_loggers] /onlane_ai_agent_6 rosrpc://y:37503
[rosmaster.master][INFO] 2026-04-25 18:49:00,636: -PUB [/vis/agent_9/surrounding_lane_net_vis] /onlane_ai_agent_9 http://y:36723/
[rosmaster.master][INFO] 2026-04-25 18:49:00,637: -SERVICE [/onlane_ai_agent_6/set_logger_level] /onlane_ai_agent_6 rosrpc://y:37503
[rosmaster.master][INFO] 2026-04-25 18:49:00,637: -PUB [/vis/agent_9/local_lanes_vis] /onlane_ai_agent_9 http://y:36723/
[rosmaster.master][INFO] 2026-04-25 18:49:00,637: -PUB [/vis/agent_9/ego_behavior_vis] /onlane_ai_agent_9 http://y:36723/
[rosmaster.master][INFO] 2026-04-25 18:49:00,637: -PUB [/vis/agent_9/pred_traj_openloop_vis] /onlane_ai_agent_9 http://y:36723/
[rosmaster.master][INFO] 2026-04-25 18:49:00,637: -PUB [/vis/agent_9/pred_initial_intention_vis] /onlane_ai_agent_9 http://y:36723/
[rosmaster.master][INFO] 2026-04-25 18:49:00,637: -PUB [/vis/agent_9/surrounding_vehicle_vis] /onlane_ai_agent_9 http://y:36723/
[rosmaster.master][INFO] 2026-04-25 18:49:00,637: -PUB [/vis/agent_9/speed_limit] /onlane_ai_agent_9 http://y:36723/
[rosmaster.master][INFO] 2026-04-25 18:49:00,638: -PUB [/vis/agent_9/forward_trajs] /onlane_ai_agent_9 http://y:36723/
[rosmaster.master][INFO] 2026-04-25 18:49:00,638: -SUB [/arena_info_static] /onlane_ai_agent_9 http://y:36723/
[rosmaster.master][INFO] 2026-04-25 18:49:00,638: -SUB [/arena_info_dynamic] /onlane_ai_agent_9 http://y:36723/
[rosmaster.master][INFO] 2026-04-25 18:49:00,638: -SUB [/joy] /onlane_ai_agent_9 http://y:36723/
[rosmaster.master][INFO] 2026-04-25 18:49:00,638: -SERVICE [/onlane_ai_agent_9/get_loggers] /onlane_ai_agent_9 rosrpc://y:35041
[rosmaster.master][INFO] 2026-04-25 18:49:00,638: -SERVICE [/onlane_ai_agent_9/set_logger_level] /onlane_ai_agent_9 rosrpc://y:35041
[rosmaster.master][INFO] 2026-04-25 18:49:00,664: publisherUpdate[/rosout] -> http://y:46327/ ['http://y:33859/', 'http://y:43697/', 'http://y:44629/', 'http://y:41987/', 'http://y:33117/', 'http://y:37807/', 'http://y:36501/', 'http://y:41485/', 'http://y:36723/', 'http://y:43969/', 'http://y:42103/']
[rosmaster.master][INFO] 2026-04-25 18:49:00,665: publisherUpdate[/rosout] -> http://y:46327/ ['http://y:33859/', 'http://y:43697/', 'http://y:44629/', 'http://y:41987/', 'http://y:33117/', 'http://y:37807/', 'http://y:36501/', 'http://y:41485/', 'http://y:36723/', 'http://y:43969/', 'http://y:42103/']: sec=0.00, result=[1, '', 0]
[rosmaster.master][INFO] 2026-04-25 18:49:00,665: publisherUpdate[/rosout] -> http://y:46327/ ['http://y:33859/', 'http://y:43697/', 'http://y:44629/', 'http://y:41987/', 'http://y:33117/', 'http://y:37807/', 'http://y:36501/', 'http://y:36723/', 'http://y:43969/', 'http://y:42103/']
[rosmaster.master][INFO] 2026-04-25 18:49:00,665: publisherUpdate[/ctrl/agent_6] -> http://y:42103/ []
[rosmaster.master][INFO] 2026-04-25 18:49:00,666: publisherUpdate[/rosout] -> http://y:46327/ ['http://y:33859/', 'http://y:43697/', 'http://y:44629/', 'http://y:41987/', 'http://y:33117/', 'http://y:37807/', 'http://y:36501/', 'http://y:36723/', 'http://y:43969/', 'http://y:42103/']: sec=0.00, result=[1, '', 0]
[rosmaster.master][INFO] 2026-04-25 18:49:00,666: publisherUpdate[/rosout] -> http://y:46327/ ['http://y:33859/', 'http://y:43697/', 'http://y:44629/', 'http://y:41987/', 'http://y:33117/', 'http://y:37807/', 'http://y:36501/', 'http://y:43969/', 'http://y:42103/']
[rosmaster.master][INFO] 2026-04-25 18:49:00,666: publisherUpdate[/ctrl/agent_6] -> http://y:42103/ []: sec=0.00, result=[0, 'Unknown Error', 0]
[rosmaster.master][INFO] 2026-04-25 18:49:00,666: publisherUpdate[/ctrl/agent_8] -> http://y:42103/ []
[rosmaster.master][INFO] 2026-04-25 18:49:00,666: publisherUpdate[/rosout] -> http://y:46327/ ['http://y:33859/', 'http://y:43697/', 'http://y:44629/', 'http://y:41987/', 'http://y:33117/', 'http://y:37807/', 'http://y:36501/', 'http://y:43969/', 'http://y:42103/']: sec=0.00, result=[1, '', 0]
[rosmaster.master][INFO] 2026-04-25 18:49:00,666: publisherUpdate[/ctrl/agent_8] -> http://y:42103/ []: sec=0.00, result=[0, 'Unknown Error', 0]
[rosmaster.master][INFO] 2026-04-25 18:49:00,666: publisherUpdate[/ctrl/agent_9] -> http://y:42103/ []
[rosmaster.master][INFO] 2026-04-25 18:49:00,666: publisherUpdate[/ctrl/agent_9] -> http://y:42103/ []: sec=0.00, result=[0, 'Unknown Error', 0]
[rosmaster.master][INFO] 2026-04-25 18:49:00,729: -PUB [/rosout] /onlane_ai_agent_3 http://y:41987/
[rosmaster.master][INFO] 2026-04-25 18:49:00,729: -PUB [/ctrl/agent_3] /onlane_ai_agent_3 http://y:41987/
[rosmaster.master][INFO] 2026-04-25 18:49:00,730: -PUB [/tf] /onlane_ai_agent_3 http://y:41987/
[rosmaster.master][INFO] 2026-04-25 18:49:00,730: -PUB [/vis/agent_3/ego_vehicle_vis] /onlane_ai_agent_3 http://y:41987/
[rosmaster.master][INFO] 2026-04-25 18:49:00,730: -PUB [/vis/agent_3/obstacle_map] /onlane_ai_agent_3 http://y:41987/
[rosmaster.master][INFO] 2026-04-25 18:49:00,730: -PUB [/vis/agent_3/surrounding_lane_net_vis] /onlane_ai_agent_3 http://y:41987/
[rosmaster.master][INFO] 2026-04-25 18:49:00,730: -PUB [/rosout] /onlane_ai_agent_7 http://y:36501/
[rosmaster.master][INFO] 2026-04-25 18:49:00,731: -PUB [/vis/agent_3/local_lanes_vis] /onlane_ai_agent_3 http://y:41987/
[rosmaster.master][INFO] 2026-04-25 18:49:00,731: -PUB [/rosout] /onlane_ai_agent_10 http://y:43969/
[rosmaster.master][INFO] 2026-04-25 18:49:00,731: -PUB [/ctrl/agent_7] /onlane_ai_agent_7 http://y:36501/
[rosmaster.master][INFO] 2026-04-25 18:49:00,732: -PUB [/vis/agent_3/ego_behavior_vis] /onlane_ai_agent_3 http://y:41987/
[rosmaster.master][INFO] 2026-04-25 18:49:00,732: -PUB [/ctrl/agent_10] /onlane_ai_agent_10 http://y:43969/
[rosmaster.master][INFO] 2026-04-25 18:49:00,733: -PUB [/tf] /onlane_ai_agent_7 http://y:36501/
[rosmaster.master][INFO] 2026-04-25 18:49:00,734: -PUB [/tf] /onlane_ai_agent_10 http://y:43969/
[rosmaster.master][INFO] 2026-04-25 18:49:00,734: -PUB [/vis/agent_3/pred_traj_openloop_vis] /onlane_ai_agent_3 http://y:41987/
[rosmaster.master][INFO] 2026-04-25 18:49:00,734: -PUB [/vis/agent_7/ego_vehicle_vis] /onlane_ai_agent_7 http://y:36501/
[rosmaster.master][INFO] 2026-04-25 18:49:00,734: -PUB [/vis/agent_10/ego_vehicle_vis] /onlane_ai_agent_10 http://y:43969/
[rosmaster.master][INFO] 2026-04-25 18:49:00,735: -PUB [/vis/agent_3/pred_initial_intention_vis] /onlane_ai_agent_3 http://y:41987/
[rosmaster.master][INFO] 2026-04-25 18:49:00,735: -PUB [/vis/agent_7/obstacle_map] /onlane_ai_agent_7 http://y:36501/
[rosmaster.master][INFO] 2026-04-25 18:49:00,735: -PUB [/vis/agent_10/obstacle_map] /onlane_ai_agent_10 http://y:43969/
[rosmaster.master][INFO] 2026-04-25 18:49:00,735: -PUB [/vis/agent_3/surrounding_vehicle_vis] /onlane_ai_agent_3 http://y:41987/
[rosmaster.master][INFO] 2026-04-25 18:49:00,736: -PUB [/vis/agent_7/surrounding_lane_net_vis] /onlane_ai_agent_7 http://y:36501/
[rosmaster.master][INFO] 2026-04-25 18:49:00,736: -PUB [/vis/agent_10/surrounding_lane_net_vis] /onlane_ai_agent_10 http://y:43969/
[rosmaster.master][INFO] 2026-04-25 18:49:00,736: -PUB [/vis/agent_3/speed_limit] /onlane_ai_agent_3 http://y:41987/
[rosmaster.master][INFO] 2026-04-25 18:49:00,737: -PUB [/vis/agent_10/local_lanes_vis] /onlane_ai_agent_10 http://y:43969/
[rosmaster.master][INFO] 2026-04-25 18:49:00,737: -PUB [/vis/agent_7/local_lanes_vis] /onlane_ai_agent_7 http://y:36501/
[rosmaster.master][INFO] 2026-04-25 18:49:00,737: -PUB [/rosout] /onlane_ai_agent_4 http://y:33117/
[rosmaster.master][INFO] 2026-04-25 18:49:00,738: -PUB [/vis/agent_3/forward_trajs] /onlane_ai_agent_3 http://y:41987/
[rosmaster.master][INFO] 2026-04-25 18:49:00,738: -PUB [/rosout] /onlane_ai_agent_5 http://y:37807/
[rosmaster.master][INFO] 2026-04-25 18:49:00,738: -PUB [/vis/agent_10/ego_behavior_vis] /onlane_ai_agent_10 http://y:43969/
[rosmaster.master][INFO] 2026-04-25 18:49:00,739: -PUB [/vis/agent_7/ego_behavior_vis] /onlane_ai_agent_7 http://y:36501/
[rosmaster.master][INFO] 2026-04-25 18:49:00,739: -PUB [/ctrl/agent_4] /onlane_ai_agent_4 http://y:33117/
[rosmaster.master][INFO] 2026-04-25 18:49:00,739: -SUB [/arena_info_static] /onlane_ai_agent_3 http://y:41987/
[rosmaster.master][INFO] 2026-04-25 18:49:00,739: -PUB [/ctrl/agent_5] /onlane_ai_agent_5 http://y:37807/
[rosmaster.master][INFO] 2026-04-25 18:49:00,739: -PUB [/vis/agent_10/pred_traj_openloop_vis] /onlane_ai_agent_10 http://y:43969/
[rosmaster.master][INFO] 2026-04-25 18:49:00,740: -PUB [/vis/agent_7/pred_traj_openloop_vis] /onlane_ai_agent_7 http://y:36501/
[rosmaster.master][INFO] 2026-04-25 18:49:00,740: -PUB [/tf] /onlane_ai_agent_4 http://y:33117/
[rosmaster.master][INFO] 2026-04-25 18:49:00,740: -PUB [/rosout] /onlane_ai_agent_1 http://y:33859/
[rosmaster.master][INFO] 2026-04-25 18:49:00,741: -PUB [/tf] /onlane_ai_agent_5 http://y:37807/
[rosmaster.master][INFO] 2026-04-25 18:49:00,741: -PUB [/vis/agent_10/pred_initial_intention_vis] /onlane_ai_agent_10 http://y:43969/
[rosmaster.master][INFO] 2026-04-25 18:49:00,741: -SUB [/arena_info_dynamic] /onlane_ai_agent_3 http://y:41987/
[rosmaster.master][INFO] 2026-04-25 18:49:00,741: -PUB [/vis/agent_7/pred_initial_intention_vis] /onlane_ai_agent_7 http://y:36501/
[rosmaster.master][INFO] 2026-04-25 18:49:00,742: -PUB [/vis/agent_4/ego_vehicle_vis] /onlane_ai_agent_4 http://y:33117/
[rosmaster.master][INFO] 2026-04-25 18:49:00,742: -PUB [/ctrl/agent_1] /onlane_ai_agent_1 http://y:33859/
[rosmaster.master][INFO] 2026-04-25 18:49:00,742: -PUB [/vis/agent_5/ego_vehicle_vis] /onlane_ai_agent_5 http://y:37807/
[rosmaster.master][INFO] 2026-04-25 18:49:00,742: -PUB [/vis/agent_10/surrounding_vehicle_vis] /onlane_ai_agent_10 http://y:43969/
[rosmaster.master][INFO] 2026-04-25 18:49:00,743: -SUB [/joy] /onlane_ai_agent_3 http://y:41987/
[rosmaster.master][INFO] 2026-04-25 18:49:00,743: -PUB [/vis/agent_7/surrounding_vehicle_vis] /onlane_ai_agent_7 http://y:36501/
[rosmaster.master][INFO] 2026-04-25 18:49:00,743: -PUB [/vis/agent_4/obstacle_map] /onlane_ai_agent_4 http://y:33117/
[rosmaster.master][INFO] 2026-04-25 18:49:00,743: -PUB [/tf] /onlane_ai_agent_1 http://y:33859/
[rosmaster.master][INFO] 2026-04-25 18:49:00,744: -PUB [/vis/agent_5/obstacle_map] /onlane_ai_agent_5 http://y:37807/
[rosmaster.master][INFO] 2026-04-25 18:49:00,744: -PUB [/vis/agent_10/speed_limit] /onlane_ai_agent_10 http://y:43969/
[rosmaster.master][INFO] 2026-04-25 18:49:00,744: -SERVICE [/onlane_ai_agent_3/get_loggers] /onlane_ai_agent_3 rosrpc://y:42467
[rosmaster.master][INFO] 2026-04-25 18:49:00,744: -PUB [/vis/agent_7/speed_limit] /onlane_ai_agent_7 http://y:36501/
[rosmaster.master][INFO] 2026-04-25 18:49:00,745: -PUB [/vis/agent_4/surrounding_lane_net_vis] /onlane_ai_agent_4 http://y:33117/
[rosmaster.master][INFO] 2026-04-25 18:49:00,745: -PUB [/vis/agent_1/ego_vehicle_vis] /onlane_ai_agent_1 http://y:33859/
[rosmaster.master][INFO] 2026-04-25 18:49:00,745: -PUB [/vis/agent_5/surrounding_lane_net_vis] /onlane_ai_agent_5 http://y:37807/
[rosmaster.master][INFO] 2026-04-25 18:49:00,745: -PUB [/vis/agent_10/forward_trajs] /onlane_ai_agent_10 http://y:43969/
[rosmaster.master][INFO] 2026-04-25 18:49:00,746: -SERVICE [/onlane_ai_agent_3/set_logger_level] /onlane_ai_agent_3 rosrpc://y:42467
[rosmaster.master][INFO] 2026-04-25 18:49:00,746: -PUB [/vis/agent_7/forward_trajs] /onlane_ai_agent_7 http://y:36501/
[rosmaster.master][INFO] 2026-04-25 18:49:00,746: -PUB [/vis/agent_4/local_lanes_vis] /onlane_ai_agent_4 http://y:33117/
[rosmaster.master][INFO] 2026-04-25 18:49:00,746: -PUB [/vis/agent_1/obstacle_map] /onlane_ai_agent_1 http://y:33859/
[rosmaster.master][INFO] 2026-04-25 18:49:00,746: -PUB [/vis/agent_5/local_lanes_vis] /onlane_ai_agent_5 http://y:37807/
[rosmaster.master][INFO] 2026-04-25 18:49:00,747: -SUB [/arena_info_static] /onlane_ai_agent_10 http://y:43969/
[rosmaster.master][INFO] 2026-04-25 18:49:00,747: -SUB [/arena_info_static] /onlane_ai_agent_7 http://y:36501/
[rosmaster.master][INFO] 2026-04-25 18:49:00,747: -PUB [/vis/agent_4/ego_behavior_vis] /onlane_ai_agent_4 http://y:33117/
[rosmaster.master][INFO] 2026-04-25 18:49:00,747: -PUB [/vis/agent_1/surrounding_lane_net_vis] /onlane_ai_agent_1 http://y:33859/
[rosmaster.master][INFO] 2026-04-25 18:49:00,748: -PUB [/rosout] /test_ssc_with_eudm_0 http://y:43697/
[rosmaster.master][INFO] 2026-04-25 18:49:00,748: -PUB [/vis/agent_5/ego_behavior_vis] /onlane_ai_agent_5 http://y:37807/
[rosmaster.master][INFO] 2026-04-25 18:49:00,748: -SUB [/arena_info_dynamic] /onlane_ai_agent_10 http://y:43969/
[rosmaster.master][INFO] 2026-04-25 18:49:00,748: -SUB [/arena_info_dynamic] /onlane_ai_agent_7 http://y:36501/
[rosmaster.master][INFO] 2026-04-25 18:49:00,748: -PUB [/vis/agent_4/pred_traj_openloop_vis] /onlane_ai_agent_4 http://y:33117/
[rosmaster.master][INFO] 2026-04-25 18:49:00,749: -PUB [/vis/agent_1/local_lanes_vis] /onlane_ai_agent_1 http://y:33859/
[rosmaster.master][INFO] 2026-04-25 18:49:00,749: -PUB [/tf] /test_ssc_with_eudm_0 http://y:43697/
[rosmaster.master][INFO] 2026-04-25 18:49:00,749: -PUB [/vis/agent_5/pred_traj_openloop_vis] /onlane_ai_agent_5 http://y:37807/
[rosmaster.master][INFO] 2026-04-25 18:49:00,749: -SUB [/joy] /onlane_ai_agent_10 http://y:43969/
[rosmaster.master][INFO] 2026-04-25 18:49:00,749: -SUB [/joy] /onlane_ai_agent_7 http://y:36501/
[rosmaster.master][INFO] 2026-04-25 18:49:00,750: -PUB [/vis/agent_4/pred_initial_intention_vis] /onlane_ai_agent_4 http://y:33117/
[rosmaster.master][INFO] 2026-04-25 18:49:00,750: -PUB [/vis/agent_1/ego_behavior_vis] /onlane_ai_agent_1 http://y:33859/
[rosmaster.master][INFO] 2026-04-25 18:49:00,750: -PUB [/vis/agent_0/ego_vehicle_vis] /test_ssc_with_eudm_0 http://y:43697/
[rosmaster.master][INFO] 2026-04-25 18:49:00,750: -PUB [/vis/agent_5/pred_initial_intention_vis] /onlane_ai_agent_5 http://y:37807/
[rosmaster.master][INFO] 2026-04-25 18:49:00,750: -SERVICE [/onlane_ai_agent_10/get_loggers] /onlane_ai_agent_10 rosrpc://y:41101
[rosmaster.master][INFO] 2026-04-25 18:49:00,751: -SERVICE [/onlane_ai_agent_7/get_loggers] /onlane_ai_agent_7 rosrpc://y:48831
[rosmaster.master][INFO] 2026-04-25 18:49:00,751: -PUB [/vis/agent_4/surrounding_vehicle_vis] /onlane_ai_agent_4 http://y:33117/
[rosmaster.master][INFO] 2026-04-25 18:49:00,751: -PUB [/vis/agent_1/pred_traj_openloop_vis] /onlane_ai_agent_1 http://y:33859/
[rosmaster.master][INFO] 2026-04-25 18:49:00,751: -PUB [/vis/agent_0/obstacle_map] /test_ssc_with_eudm_0 http://y:43697/
[rosmaster.master][INFO] 2026-04-25 18:49:00,752: -PUB [/vis/agent_5/surrounding_vehicle_vis] /onlane_ai_agent_5 http://y:37807/
[rosmaster.master][INFO] 2026-04-25 18:49:00,752: -SERVICE [/onlane_ai_agent_10/set_logger_level] /onlane_ai_agent_10 rosrpc://y:41101
[rosmaster.master][INFO] 2026-04-25 18:49:00,752: -SERVICE [/onlane_ai_agent_7/set_logger_level] /onlane_ai_agent_7 rosrpc://y:48831
[rosmaster.master][INFO] 2026-04-25 18:49:00,752: -PUB [/vis/agent_4/speed_limit] /onlane_ai_agent_4 http://y:33117/
[rosmaster.master][INFO] 2026-04-25 18:49:00,752: -PUB [/vis/agent_1/pred_initial_intention_vis] /onlane_ai_agent_1 http://y:33859/
[rosmaster.master][INFO] 2026-04-25 18:49:00,752: -PUB [/vis/agent_0/surrounding_lane_net_vis] /test_ssc_with_eudm_0 http://y:43697/
[rosmaster.master][INFO] 2026-04-25 18:49:00,753: -PUB [/vis/agent_5/speed_limit] /onlane_ai_agent_5 http://y:37807/
[rosmaster.master][INFO] 2026-04-25 18:49:00,753: -PUB [/vis/agent_4/forward_trajs] /onlane_ai_agent_4 http://y:33117/
[rosmaster.master][INFO] 2026-04-25 18:49:00,753: -PUB [/vis/agent_1/surrounding_vehicle_vis] /onlane_ai_agent_1 http://y:33859/
[rosmaster.master][INFO] 2026-04-25 18:49:00,753: -PUB [/vis/agent_0/local_lanes_vis] /test_ssc_with_eudm_0 http://y:43697/
[rosmaster.master][INFO] 2026-04-25 18:49:00,754: -PUB [/vis/agent_5/forward_trajs] /onlane_ai_agent_5 http://y:37807/
[rosmaster.master][INFO] 2026-04-25 18:49:00,754: -SUB [/arena_info_static] /onlane_ai_agent_4 http://y:33117/
[rosmaster.master][INFO] 2026-04-25 18:49:00,754: -PUB [/vis/agent_1/speed_limit] /onlane_ai_agent_1 http://y:33859/
[rosmaster.master][INFO] 2026-04-25 18:49:00,754: -PUB [/rosout] /onlane_ai_agent_2 http://y:44629/
[rosmaster.master][INFO] 2026-04-25 18:49:00,754: -PUB [/vis/agent_0/ego_behavior_vis] /test_ssc_with_eudm_0 http://y:43697/
[rosmaster.master][INFO] 2026-04-25 18:49:00,755: -SUB [/arena_info_static] /onlane_ai_agent_5 http://y:37807/
[rosmaster.master][INFO] 2026-04-25 18:49:00,755: -SUB [/arena_info_dynamic] /onlane_ai_agent_4 http://y:33117/
[rosmaster.master][INFO] 2026-04-25 18:49:00,755: -PUB [/vis/agent_1/forward_trajs] /onlane_ai_agent_1 http://y:33859/
[rosmaster.master][INFO] 2026-04-25 18:49:00,755: -PUB [/ctrl/agent_2] /onlane_ai_agent_2 http://y:44629/
[rosmaster.master][INFO] 2026-04-25 18:49:00,755: -PUB [/vis/agent_0/pred_traj_openloop_vis] /test_ssc_with_eudm_0 http://y:43697/
[rosmaster.master][INFO] 2026-04-25 18:49:00,756: -SUB [/arena_info_dynamic] /onlane_ai_agent_5 http://y:37807/
[rosmaster.master][INFO] 2026-04-25 18:49:00,756: -SUB [/joy] /onlane_ai_agent_4 http://y:33117/
[rosmaster.master][INFO] 2026-04-25 18:49:00,756: -SUB [/arena_info_static] /onlane_ai_agent_1 http://y:33859/
[rosmaster.master][INFO] 2026-04-25 18:49:00,756: -PUB [/tf] /onlane_ai_agent_2 http://y:44629/
[rosmaster.master][INFO] 2026-04-25 18:49:00,756: -PUB [/vis/agent_0/pred_initial_intention_vis] /test_ssc_with_eudm_0 http://y:43697/
[rosmaster.master][INFO] 2026-04-25 18:49:00,757: -SUB [/joy] /onlane_ai_agent_5 http://y:37807/
[rosmaster.master][INFO] 2026-04-25 18:49:00,757: -SERVICE [/onlane_ai_agent_4/get_loggers] /onlane_ai_agent_4 rosrpc://y:55769
[rosmaster.master][INFO] 2026-04-25 18:49:00,757: -SUB [/arena_info_dynamic] /onlane_ai_agent_1 http://y:33859/
[rosmaster.master][INFO] 2026-04-25 18:49:00,758: -PUB [/vis/agent_2/ego_vehicle_vis] /onlane_ai_agent_2 http://y:44629/
[rosmaster.master][INFO] 2026-04-25 18:49:00,758: -PUB [/vis/agent_0/surrounding_vehicle_vis] /test_ssc_with_eudm_0 http://y:43697/
[rosmaster.master][INFO] 2026-04-25 18:49:00,758: -SERVICE [/onlane_ai_agent_5/get_loggers] /onlane_ai_agent_5 rosrpc://y:52959
[rosmaster.master][INFO] 2026-04-25 18:49:00,758: -SERVICE [/onlane_ai_agent_4/set_logger_level] /onlane_ai_agent_4 rosrpc://y:55769
[rosmaster.master][INFO] 2026-04-25 18:49:00,758: -PUB [/vis/agent_2/obstacle_map] /onlane_ai_agent_2 http://y:44629/
[rosmaster.master][INFO] 2026-04-25 18:49:00,758: -SUB [/joy] /onlane_ai_agent_1 http://y:33859/
[rosmaster.master][INFO] 2026-04-25 18:49:00,759: -PUB [/vis/agent_0/speed_limit] /test_ssc_with_eudm_0 http://y:43697/
[rosmaster.master][INFO] 2026-04-25 18:49:00,759: -SERVICE [/onlane_ai_agent_5/set_logger_level] /onlane_ai_agent_5 rosrpc://y:52959
[rosmaster.master][INFO] 2026-04-25 18:49:00,759: -PUB [/vis/agent_2/surrounding_lane_net_vis] /onlane_ai_agent_2 http://y:44629/
[rosmaster.master][INFO] 2026-04-25 18:49:00,759: -SERVICE [/onlane_ai_agent_1/get_loggers] /onlane_ai_agent_1 rosrpc://y:49041
[rosmaster.master][INFO] 2026-04-25 18:49:00,759: -PUB [/vis/agent_0/ssc/map_vis] /test_ssc_with_eudm_0 http://y:43697/
[rosmaster.master][INFO] 2026-04-25 18:49:00,760: -PUB [/vis/agent_2/local_lanes_vis] /onlane_ai_agent_2 http://y:44629/
[rosmaster.master][INFO] 2026-04-25 18:49:00,760: -SERVICE [/onlane_ai_agent_1/set_logger_level] /onlane_ai_agent_1 rosrpc://y:49041
[rosmaster.master][INFO] 2026-04-25 18:49:00,760: -PUB [/vis/agent_0/ssc/qp_vis] /test_ssc_with_eudm_0 http://y:43697/
[rosmaster.master][INFO] 2026-04-25 18:49:00,760: -PUB [/vis/agent_2/ego_behavior_vis] /onlane_ai_agent_2 http://y:44629/
[rosmaster.master][INFO] 2026-04-25 18:49:00,760: -PUB [/vis/agent_0/ssc/ego_fs_vis] /test_ssc_with_eudm_0 http://y:43697/
[rosmaster.master][INFO] 2026-04-25 18:49:00,760: -PUB [/vis/agent_2/pred_traj_openloop_vis] /onlane_ai_agent_2 http://y:44629/
[rosmaster.master][INFO] 2026-04-25 18:49:00,761: -PUB [/vis/agent_0/ssc/forward_trajs_vis] /test_ssc_with_eudm_0 http://y:43697/
[rosmaster.master][INFO] 2026-04-25 18:49:00,761: -PUB [/vis/agent_2/pred_initial_intention_vis] /onlane_ai_agent_2 http://y:44629/
[rosmaster.master][INFO] 2026-04-25 18:49:00,761: -PUB [/vis/agent_0/ssc/sur_vehicle_trajs_vis] /test_ssc_with_eudm_0 http://y:43697/
[rosmaster.master][INFO] 2026-04-25 18:49:00,761: -PUB [/vis/agent_2/surrounding_vehicle_vis] /onlane_ai_agent_2 http://y:44629/
[rosmaster.master][INFO] 2026-04-25 18:49:00,761: -PUB [/vis/agent_0/ssc/corridor_vis] /test_ssc_with_eudm_0 http://y:43697/
[rosmaster.master][INFO] 2026-04-25 18:49:00,761: -PUB [/vis/agent_2/speed_limit] /onlane_ai_agent_2 http://y:44629/
[rosmaster.master][INFO] 2026-04-25 18:49:00,762: -PUB [/vis/agent_0/forward_trajs] /test_ssc_with_eudm_0 http://y:43697/
[rosmaster.master][INFO] 2026-04-25 18:49:00,762: -PUB [/vis/agent_2/forward_trajs] /onlane_ai_agent_2 http://y:44629/
[rosmaster.master][INFO] 2026-04-25 18:49:00,762: -PUB [/ctrl/agent_0] /test_ssc_with_eudm_0 http://y:43697/
[rosmaster.master][INFO] 2026-04-25 18:49:00,762: -SUB [/arena_info_static] /onlane_ai_agent_2 http://y:44629/
[rosmaster.master][INFO] 2026-04-25 18:49:00,762: -PUB [/test_ssc_with_eudm_0/ssc_map] /test_ssc_with_eudm_0 http://y:43697/
[rosmaster.master][INFO] 2026-04-25 18:49:00,762: -SUB [/arena_info_dynamic] /onlane_ai_agent_2 http://y:44629/
[rosmaster.master][INFO] 2026-04-25 18:49:00,762: -PUB [/vis/agent_0/ssc/exec_traj] /test_ssc_with_eudm_0 http://y:43697/
[rosmaster.master][INFO] 2026-04-25 18:49:00,763: -SUB [/joy] /onlane_ai_agent_2 http://y:44629/
[rosmaster.master][INFO] 2026-04-25 18:49:00,763: -SUB [/joy] /test_ssc_with_eudm_0 http://y:43697/
[rosmaster.master][INFO] 2026-04-25 18:49:00,763: -SERVICE [/onlane_ai_agent_2/get_loggers] /onlane_ai_agent_2 rosrpc://y:35705
[rosmaster.master][INFO] 2026-04-25 18:49:00,763: -SUB [/arena_info_static] /test_ssc_with_eudm_0 http://y:43697/
[rosmaster.master][INFO] 2026-04-25 18:49:00,763: -SERVICE [/onlane_ai_agent_2/set_logger_level] /onlane_ai_agent_2 rosrpc://y:35705
[rosmaster.master][INFO] 2026-04-25 18:49:00,763: -SUB [/arena_info_dynamic] /test_ssc_with_eudm_0 http://y:43697/
[rosmaster.master][INFO] 2026-04-25 18:49:00,763: -SERVICE [/test_ssc_with_eudm_0/get_loggers] /test_ssc_with_eudm_0 rosrpc://y:59527
[rosmaster.master][INFO] 2026-04-25 18:49:00,764: -SERVICE [/test_ssc_with_eudm_0/set_logger_level] /test_ssc_with_eudm_0 rosrpc://y:59527
[rosmaster.master][INFO] 2026-04-25 18:49:00,766: publisherUpdate[/rosout] -> http://y:46327/ ['http://y:33859/', 'http://y:43697/', 'http://y:44629/', 'http://y:33117/', 'http://y:37807/', 'http://y:36501/', 'http://y:43969/', 'http://y:42103/']
[rosmaster.master][INFO] 2026-04-25 18:49:00,767: publisherUpdate[/ctrl/agent_3] -> http://y:42103/ []
[rosmaster.master][INFO] 2026-04-25 18:49:00,767: -PUB [/rosout] /phy_simulator_planning_node http://y:42103/
[rosmaster.master][INFO] 2026-04-25 18:49:00,767: publisherUpdate[/rosout] -> http://y:46327/ ['http://y:33859/', 'http://y:43697/', 'http://y:44629/', 'http://y:33117/', 'http://y:37807/', 'http://y:36501/', 'http://y:43969/', 'http://y:42103/']: sec=0.00, result=[1, '', 0]
[rosmaster.master][INFO] 2026-04-25 18:49:00,767: -PUB [/arena_info_static] /phy_simulator_planning_node http://y:42103/
[rosmaster.master][INFO] 2026-04-25 18:49:00,767: publisherUpdate[/rosout] -> http://y:46327/ ['http://y:33859/', 'http://y:43697/', 'http://y:44629/', 'http://y:33117/', 'http://y:37807/', 'http://y:43969/', 'http://y:42103/']
[rosmaster.master][INFO] 2026-04-25 18:49:00,768: publisherUpdate[/rosout] -> http://y:46327/ ['http://y:33859/', 'http://y:43697/', 'http://y:44629/', 'http://y:33117/', 'http://y:37807/', 'http://y:43969/', 'http://y:42103/']: sec=0.00, result=[1, '', 0]
[rosmaster.master][INFO] 2026-04-25 18:49:00,768: -PUB [/arena_info_dynamic] /phy_simulator_planning_node http://y:42103/
[rosmaster.master][INFO] 2026-04-25 18:49:00,768: publisherUpdate[/rosout] -> http://y:46327/ ['http://y:33859/', 'http://y:43697/', 'http://y:44629/', 'http://y:33117/', 'http://y:37807/', 'http://y:42103/']
[rosmaster.master][INFO] 2026-04-25 18:49:00,768: publisherUpdate[/rosout] -> http://y:46327/ ['http://y:33859/', 'http://y:43697/', 'http://y:44629/', 'http://y:33117/', 'http://y:37807/', 'http://y:42103/']: sec=0.00, result=[1, '', 0]
[rosmaster.master][INFO] 2026-04-25 18:49:00,769: -PUB [/phy_simulator_planning_node/vis/vehicle_set_vis] /phy_simulator_planning_node http://y:42103/
[rosmaster.master][INFO] 2026-04-25 18:49:00,769: publisherUpdate[/rosout] -> http://y:46327/ ['http://y:33859/', 'http://y:43697/', 'http://y:44629/', 'http://y:37807/', 'http://y:42103/']
[rosmaster.master][INFO] 2026-04-25 18:49:00,769: -PUB [/phy_simulator_planning_node/vis/lane_net_vis] /phy_simulator_planning_node http://y:42103/
[rosmaster.master][INFO] 2026-04-25 18:49:00,769: publisherUpdate[/rosout] -> http://y:46327/ ['http://y:33859/', 'http://y:43697/', 'http://y:44629/', 'http://y:37807/', 'http://y:42103/']: sec=0.00, result=[1, '', 0]
[rosmaster.master][INFO] 2026-04-25 18:49:00,769: -PUB [/phy_simulator_planning_node/vis/obstacle_set_vis] /phy_simulator_planning_node http://y:42103/
[rosmaster.master][INFO] 2026-04-25 18:49:00,769: publisherUpdate[/rosout] -> http://y:46327/ ['http://y:33859/', 'http://y:43697/', 'http://y:44629/', 'http://y:42103/']
[rosmaster.master][INFO] 2026-04-25 18:49:00,770: -SUB [/ctrl/agent_10] /phy_simulator_planning_node http://y:42103/
[rosmaster.master][INFO] 2026-04-25 18:49:00,770: publisherUpdate[/rosout] -> http://y:46327/ ['http://y:33859/', 'http://y:43697/', 'http://y:44629/', 'http://y:42103/']: sec=0.00, result=[1, '', 0]
[rosmaster.master][INFO] 2026-04-25 18:49:00,770: -SUB [/ctrl/agent_9] /phy_simulator_planning_node http://y:42103/
[rosmaster.master][INFO] 2026-04-25 18:49:00,770: publisherUpdate[/rosout] -> http://y:46327/ ['http://y:43697/', 'http://y:44629/', 'http://y:42103/']
[rosmaster.master][INFO] 2026-04-25 18:49:00,770: -SUB [/ctrl/agent_8] /phy_simulator_planning_node http://y:42103/
[rosmaster.master][INFO] 2026-04-25 18:49:00,770: publisherUpdate[/rosout] -> http://y:46327/ ['http://y:43697/', 'http://y:44629/', 'http://y:42103/']: sec=0.00, result=[1, '', 0]
[rosmaster.master][INFO] 2026-04-25 18:49:00,771: publisherUpdate[/rosout] -> http://y:46327/ ['http://y:44629/', 'http://y:42103/']
[rosmaster.master][INFO] 2026-04-25 18:49:00,771: -SUB [/ctrl/agent_7] /phy_simulator_planning_node http://y:42103/
[rosmaster.master][INFO] 2026-04-25 18:49:00,771: publisherUpdate[/rosout] -> http://y:46327/ ['http://y:44629/', 'http://y:42103/']: sec=0.00, result=[1, '', 0]
[rosmaster.master][INFO] 2026-04-25 18:49:00,771: -SUB [/ctrl/agent_6] /phy_simulator_planning_node http://y:42103/
[rosmaster.master][INFO] 2026-04-25 18:49:00,771: publisherUpdate[/rosout] -> http://y:46327/ ['http://y:42103/']
[rosmaster.master][INFO] 2026-04-25 18:49:00,771: -SUB [/ctrl/agent_5] /phy_simulator_planning_node http://y:42103/
[rosmaster.master][INFO] 2026-04-25 18:49:00,772: publisherUpdate[/rosout] -> http://y:46327/ ['http://y:42103/']: sec=0.00, result=[1, '', 0]
[rosmaster.master][INFO] 2026-04-25 18:49:00,772: publisherUpdate[/rosout] -> http://y:46327/ []
[rosmaster.master][INFO] 2026-04-25 18:49:00,772: -SUB [/ctrl/agent_4] /phy_simulator_planning_node http://y:42103/
[rosmaster.master][INFO] 2026-04-25 18:49:00,772: publisherUpdate[/rosout] -> http://y:46327/ []: sec=0.00, result=[1, '', 0]
[rosmaster.master][INFO] 2026-04-25 18:49:00,772: -SUB [/ctrl/agent_3] /phy_simulator_planning_node http://y:42103/
[rosmaster.master][INFO] 2026-04-25 18:49:00,773: -SUB [/ctrl/agent_2] /phy_simulator_planning_node http://y:42103/
[rosmaster.master][INFO] 2026-04-25 18:49:00,773: -SUB [/ctrl/agent_1] /phy_simulator_planning_node http://y:42103/
[rosmaster.master][INFO] 2026-04-25 18:49:00,773: -SUB [/ctrl/agent_0] /phy_simulator_planning_node http://y:42103/
[rosmaster.master][INFO] 2026-04-25 18:49:00,773: -SUB [/initialpose] /phy_simulator_planning_node http://y:42103/
[rosmaster.master][INFO] 2026-04-25 18:49:00,774: -SUB [/move_base_simple/goal] /phy_simulator_planning_node http://y:42103/
[rosmaster.master][INFO] 2026-04-25 18:49:00,774: -SERVICE [/phy_simulator_planning_node/get_loggers] /phy_simulator_planning_node rosrpc://y:48215
[rosmaster.master][INFO] 2026-04-25 18:49:00,774: -SERVICE [/phy_simulator_planning_node/set_logger_level] /phy_simulator_planning_node rosrpc://y:48215
[rosmaster.master][INFO] 2026-04-25 18:49:00,778: publisherUpdate[/ctrl/agent_3] -> http://y:42103/ []: sec=0.01, exception=[Errno 111] Connection refused
[rosmaster.threadpool][ERROR] 2026-04-25 18:49:00,779: Traceback (most recent call last):
  File "/opt/ros/noetic/lib/python3/dist-packages/rosmaster/threadpool.py", line 218, in run
    result = cmd(*args)
  File "/opt/ros/noetic/lib/python3/dist-packages/rosmaster/master_api.py", line 210, in publisher_update_task
    ret = xmlrpcapi(api).publisherUpdate('/master', topic, pub_uris)
  File "/usr/lib/python3.8/xmlrpc/client.py", line 1109, in __call__
    return self.__send(self.__name, args)
  File "/usr/lib/python3.8/xmlrpc/client.py", line 1450, in __request
    response = self.__transport.request(
  File "/usr/lib/python3.8/xmlrpc/client.py", line 1153, in request
    return self.single_request(host, handler, request_body, verbose)
  File "/usr/lib/python3.8/xmlrpc/client.py", line 1165, in single_request
    http_conn = self.send_request(host, handler, request_body, verbose)
  File "/usr/lib/python3.8/xmlrpc/client.py", line 1278, in send_request
    self.send_content(connection, request_body)
  File "/usr/lib/python3.8/xmlrpc/client.py", line 1308, in send_content
    connection.endheaders(request_body)
  File "/usr/lib/python3.8/http/client.py", line 1251, in endheaders
    self._send_output(message_body, encode_chunked=encode_chunked)
  File "/usr/lib/python3.8/http/client.py", line 1011, in _send_output
    self.send(msg)
  File "/usr/lib/python3.8/http/client.py", line 951, in send
    self.connect()
  File "/usr/lib/python3.8/http/client.py", line 922, in connect
    self.sock = self._create_connection(
  File "/usr/lib/python3.8/socket.py", line 808, in create_connection
    raise err
  File "/usr/lib/python3.8/socket.py", line 796, in create_connection
    sock.connect(sa)
ConnectionRefusedError: [Errno 111] Connection refused

[rosmaster.master][INFO] 2026-04-25 18:49:00,779: publisherUpdate[/ctrl/agent_7] -> http://y:42103/ []
[rosmaster.master][INFO] 2026-04-25 18:49:00,779: publisherUpdate[/ctrl/agent_7] -> http://y:42103/ []: sec=0.00, exception=[Errno 111] Connection refused
[rosmaster.threadpool][ERROR] 2026-04-25 18:49:00,779: Traceback (most recent call last):
  File "/opt/ros/noetic/lib/python3/dist-packages/rosmaster/threadpool.py", line 218, in run
    result = cmd(*args)
  File "/opt/ros/noetic/lib/python3/dist-packages/rosmaster/master_api.py", line 210, in publisher_update_task
    ret = xmlrpcapi(api).publisherUpdate('/master', topic, pub_uris)
  File "/usr/lib/python3.8/xmlrpc/client.py", line 1109, in __call__
    return self.__send(self.__name, args)
  File "/usr/lib/python3.8/xmlrpc/client.py", line 1450, in __request
    response = self.__transport.request(
  File "/usr/lib/python3.8/xmlrpc/client.py", line 1153, in request
    return self.single_request(host, handler, request_body, verbose)
  File "/usr/lib/python3.8/xmlrpc/client.py", line 1165, in single_request
    http_conn = self.send_request(host, handler, request_body, verbose)
  File "/usr/lib/python3.8/xmlrpc/client.py", line 1278, in send_request
    self.send_content(connection, request_body)
  File "/usr/lib/python3.8/xmlrpc/client.py", line 1308, in send_content
    connection.endheaders(request_body)
  File "/usr/lib/python3.8/http/client.py", line 1251, in endheaders
    self._send_output(message_body, encode_chunked=encode_chunked)
  File "/usr/lib/python3.8/http/client.py", line 1011, in _send_output
    self.send(msg)
  File "/usr/lib/python3.8/http/client.py", line 951, in send
    self.connect()
  File "/usr/lib/python3.8/http/client.py", line 922, in connect
    self.sock = self._create_connection(
  File "/usr/lib/python3.8/socket.py", line 808, in create_connection
    raise err
  File "/usr/lib/python3.8/socket.py", line 796, in create_connection
    sock.connect(sa)
ConnectionRefusedError: [Errno 111] Connection refused

[rosmaster.master][INFO] 2026-04-25 18:49:00,779: publisherUpdate[/ctrl/agent_10] -> http://y:42103/ []
[rosmaster.master][INFO] 2026-04-25 18:49:00,779: publisherUpdate[/ctrl/agent_10] -> http://y:42103/ []: sec=0.00, exception=[Errno 111] Connection refused
[rosmaster.threadpool][ERROR] 2026-04-25 18:49:00,779: Traceback (most recent call last):
  File "/opt/ros/noetic/lib/python3/dist-packages/rosmaster/threadpool.py", line 218, in run
    result = cmd(*args)
  File "/opt/ros/noetic/lib/python3/dist-packages/rosmaster/master_api.py", line 210, in publisher_update_task
    ret = xmlrpcapi(api).publisherUpdate('/master', topic, pub_uris)
  File "/usr/lib/python3.8/xmlrpc/client.py", line 1109, in __call__
    return self.__send(self.__name, args)
  File "/usr/lib/python3.8/xmlrpc/client.py", line 1450, in __request
    response = self.__transport.request(
  File "/usr/lib/python3.8/xmlrpc/client.py", line 1153, in request
    return self.single_request(host, handler, request_body, verbose)
  File "/usr/lib/python3.8/xmlrpc/client.py", line 1165, in single_request
    http_conn = self.send_request(host, handler, request_body, verbose)
  File "/usr/lib/python3.8/xmlrpc/client.py", line 1278, in send_request
    self.send_content(connection, request_body)
  File "/usr/lib/python3.8/xmlrpc/client.py", line 1308, in send_content
    connection.endheaders(request_body)
  File "/usr/lib/python3.8/http/client.py", line 1251, in endheaders
    self._send_output(message_body, encode_chunked=encode_chunked)
  File "/usr/lib/python3.8/http/client.py", line 1011, in _send_output
    self.send(msg)
  File "/usr/lib/python3.8/http/client.py", line 951, in send
    self.connect()
  File "/usr/lib/python3.8/http/client.py", line 922, in connect
    self.sock = self._create_connection(
  File "/usr/lib/python3.8/socket.py", line 808, in create_connection
    raise err
  File "/usr/lib/python3.8/socket.py", line 796, in create_connection
    sock.connect(sa)
ConnectionRefusedError: [Errno 111] Connection refused

[rosmaster.master][INFO] 2026-04-25 18:49:00,779: publisherUpdate[/ctrl/agent_4] -> http://y:42103/ []
[rosmaster.master][INFO] 2026-04-25 18:49:00,779: publisherUpdate[/ctrl/agent_4] -> http://y:42103/ []: sec=0.00, exception=[Errno 111] Connection refused
[rosmaster.threadpool][ERROR] 2026-04-25 18:49:00,779: Traceback (most recent call last):
  File "/opt/ros/noetic/lib/python3/dist-packages/rosmaster/threadpool.py", line 218, in run
    result = cmd(*args)
  File "/opt/ros/noetic/lib/python3/dist-packages/rosmaster/master_api.py", line 210, in publisher_update_task
    ret = xmlrpcapi(api).publisherUpdate('/master', topic, pub_uris)
  File "/usr/lib/python3.8/xmlrpc/client.py", line 1109, in __call__
    return self.__send(self.__name, args)
  File "/usr/lib/python3.8/xmlrpc/client.py", line 1450, in __request
    response = self.__transport.request(
  File "/usr/lib/python3.8/xmlrpc/client.py", line 1153, in request
    return self.single_request(host, handler, request_body, verbose)
  File "/usr/lib/python3.8/xmlrpc/client.py", line 1165, in single_request
    http_conn = self.send_request(host, handler, request_body, verbose)
  File "/usr/lib/python3.8/xmlrpc/client.py", line 1278, in send_request
    self.send_content(connection, request_body)
  File "/usr/lib/python3.8/xmlrpc/client.py", line 1308, in send_content
    connection.endheaders(request_body)
  File "/usr/lib/python3.8/http/client.py", line 1251, in endheaders
    self._send_output(message_body, encode_chunked=encode_chunked)
  File "/usr/lib/python3.8/http/client.py", line 1011, in _send_output
    self.send(msg)
  File "/usr/lib/python3.8/http/client.py", line 951, in send
    self.connect()
  File "/usr/lib/python3.8/http/client.py", line 922, in connect
    self.sock = self._create_connection(
  File "/usr/lib/python3.8/socket.py", line 808, in create_connection
    raise err
  File "/usr/lib/python3.8/socket.py", line 796, in create_connection
    sock.connect(sa)
ConnectionRefusedError: [Errno 111] Connection refused

[rosmaster.master][INFO] 2026-04-25 18:49:00,779: publisherUpdate[/ctrl/agent_5] -> http://y:42103/ []
[rosmaster.master][INFO] 2026-04-25 18:49:00,780: publisherUpdate[/ctrl/agent_5] -> http://y:42103/ []: sec=0.00, exception=[Errno 111] Connection refused
[rosmaster.threadpool][ERROR] 2026-04-25 18:49:00,780: Traceback (most recent call last):
  File "/opt/ros/noetic/lib/python3/dist-packages/rosmaster/threadpool.py", line 218, in run
    result = cmd(*args)
  File "/opt/ros/noetic/lib/python3/dist-packages/rosmaster/master_api.py", line 210, in publisher_update_task
    ret = xmlrpcapi(api).publisherUpdate('/master', topic, pub_uris)
  File "/usr/lib/python3.8/xmlrpc/client.py", line 1109, in __call__
    return self.__send(self.__name, args)
  File "/usr/lib/python3.8/xmlrpc/client.py", line 1450, in __request
    response = self.__transport.request(
  File "/usr/lib/python3.8/xmlrpc/client.py", line 1153, in request
    return self.single_request(host, handler, request_body, verbose)
  File "/usr/lib/python3.8/xmlrpc/client.py", line 1165, in single_request
    http_conn = self.send_request(host, handler, request_body, verbose)
  File "/usr/lib/python3.8/xmlrpc/client.py", line 1278, in send_request
    self.send_content(connection, request_body)
  File "/usr/lib/python3.8/xmlrpc/client.py", line 1308, in send_content
    connection.endheaders(request_body)
  File "/usr/lib/python3.8/http/client.py", line 1251, in endheaders
    self._send_output(message_body, encode_chunked=encode_chunked)
  File "/usr/lib/python3.8/http/client.py", line 1011, in _send_output
    self.send(msg)
  File "/usr/lib/python3.8/http/client.py", line 951, in send
    self.connect()
  File "/usr/lib/python3.8/http/client.py", line 922, in connect
    self.sock = self._create_connection(
  File "/usr/lib/python3.8/socket.py", line 808, in create_connection
    raise err
  File "/usr/lib/python3.8/socket.py", line 796, in create_connection
    sock.connect(sa)
ConnectionRefusedError: [Errno 111] Connection refused

[rosmaster.master][INFO] 2026-04-25 18:49:00,780: publisherUpdate[/ctrl/agent_1] -> http://y:42103/ []
[rosmaster.master][INFO] 2026-04-25 18:49:00,780: publisherUpdate[/ctrl/agent_1] -> http://y:42103/ []: sec=0.00, exception=[Errno 111] Connection refused
[rosmaster.threadpool][ERROR] 2026-04-25 18:49:00,780: Traceback (most recent call last):
  File "/opt/ros/noetic/lib/python3/dist-packages/rosmaster/threadpool.py", line 218, in run
    result = cmd(*args)
  File "/opt/ros/noetic/lib/python3/dist-packages/rosmaster/master_api.py", line 210, in publisher_update_task
    ret = xmlrpcapi(api).publisherUpdate('/master', topic, pub_uris)
  File "/usr/lib/python3.8/xmlrpc/client.py", line 1109, in __call__
    return self.__send(self.__name, args)
  File "/usr/lib/python3.8/xmlrpc/client.py", line 1450, in __request
    response = self.__transport.request(
  File "/usr/lib/python3.8/xmlrpc/client.py", line 1153, in request
    return self.single_request(host, handler, request_body, verbose)
  File "/usr/lib/python3.8/xmlrpc/client.py", line 1165, in single_request
    http_conn = self.send_request(host, handler, request_body, verbose)
  File "/usr/lib/python3.8/xmlrpc/client.py", line 1278, in send_request
    self.send_content(connection, request_body)
  File "/usr/lib/python3.8/xmlrpc/client.py", line 1308, in send_content
    connection.endheaders(request_body)
  File "/usr/lib/python3.8/http/client.py", line 1251, in endheaders
    self._send_output(message_body, encode_chunked=encode_chunked)
  File "/usr/lib/python3.8/http/client.py", line 1011, in _send_output
    self.send(msg)
  File "/usr/lib/python3.8/http/client.py", line 951, in send
    self.connect()
  File "/usr/lib/python3.8/http/client.py", line 922, in connect
    self.sock = self._create_connection(
  File "/usr/lib/python3.8/socket.py", line 808, in create_connection
    raise err
  File "/usr/lib/python3.8/socket.py", line 796, in create_connection
    sock.connect(sa)
ConnectionRefusedError: [Errno 111] Connection refused

[rosmaster.master][INFO] 2026-04-25 18:49:00,780: publisherUpdate[/ctrl/agent_2] -> http://y:42103/ []
[rosmaster.master][INFO] 2026-04-25 18:49:00,780: publisherUpdate[/ctrl/agent_2] -> http://y:42103/ []: sec=0.00, exception=[Errno 111] Connection refused
[rosmaster.threadpool][ERROR] 2026-04-25 18:49:00,780: Traceback (most recent call last):
  File "/opt/ros/noetic/lib/python3/dist-packages/rosmaster/threadpool.py", line 218, in run
    result = cmd(*args)
  File "/opt/ros/noetic/lib/python3/dist-packages/rosmaster/master_api.py", line 210, in publisher_update_task
    ret = xmlrpcapi(api).publisherUpdate('/master', topic, pub_uris)
  File "/usr/lib/python3.8/xmlrpc/client.py", line 1109, in __call__
    return self.__send(self.__name, args)
  File "/usr/lib/python3.8/xmlrpc/client.py", line 1450, in __request
    response = self.__transport.request(
  File "/usr/lib/python3.8/xmlrpc/client.py", line 1153, in request
    return self.single_request(host, handler, request_body, verbose)
  File "/usr/lib/python3.8/xmlrpc/client.py", line 1165, in single_request
    http_conn = self.send_request(host, handler, request_body, verbose)
  File "/usr/lib/python3.8/xmlrpc/client.py", line 1278, in send_request
    self.send_content(connection, request_body)
  File "/usr/lib/python3.8/xmlrpc/client.py", line 1308, in send_content
    connection.endheaders(request_body)
  File "/usr/lib/python3.8/http/client.py", line 1251, in endheaders
    self._send_output(message_body, encode_chunked=encode_chunked)
  File "/usr/lib/python3.8/http/client.py", line 1011, in _send_output
    self.send(msg)
  File "/usr/lib/python3.8/http/client.py", line 951, in send
    self.connect()
  File "/usr/lib/python3.8/http/client.py", line 922, in connect
    self.sock = self._create_connection(
  File "/usr/lib/python3.8/socket.py", line 808, in create_connection
    raise err
  File "/usr/lib/python3.8/socket.py", line 796, in create_connection
    sock.connect(sa)
ConnectionRefusedError: [Errno 111] Connection refused

[rosmaster.master][INFO] 2026-04-25 18:49:00,780: publisherUpdate[/ctrl/agent_0] -> http://y:42103/ []
[rosmaster.master][INFO] 2026-04-25 18:49:00,780: publisherUpdate[/ctrl/agent_0] -> http://y:42103/ []: sec=0.00, exception=[Errno 111] Connection refused
[rosmaster.threadpool][ERROR] 2026-04-25 18:49:00,780: Traceback (most recent call last):
  File "/opt/ros/noetic/lib/python3/dist-packages/rosmaster/threadpool.py", line 218, in run
    result = cmd(*args)
  File "/opt/ros/noetic/lib/python3/dist-packages/rosmaster/master_api.py", line 210, in publisher_update_task
    ret = xmlrpcapi(api).publisherUpdate('/master', topic, pub_uris)
  File "/usr/lib/python3.8/xmlrpc/client.py", line 1109, in __call__
    return self.__send(self.__name, args)
  File "/usr/lib/python3.8/xmlrpc/client.py", line 1450, in __request
    response = self.__transport.request(
  File "/usr/lib/python3.8/xmlrpc/client.py", line 1153, in request
    return self.single_request(host, handler, request_body, verbose)
  File "/usr/lib/python3.8/xmlrpc/client.py", line 1165, in single_request
    http_conn = self.send_request(host, handler, request_body, verbose)
  File "/usr/lib/python3.8/xmlrpc/client.py", line 1278, in send_request
    self.send_content(connection, request_body)
  File "/usr/lib/python3.8/xmlrpc/client.py", line 1308, in send_content
    connection.endheaders(request_body)
  File "/usr/lib/python3.8/http/client.py", line 1251, in endheaders
    self._send_output(message_body, encode_chunked=encode_chunked)
  File "/usr/lib/python3.8/http/client.py", line 1011, in _send_output
    self.send(msg)
  File "/usr/lib/python3.8/http/client.py", line 951, in send
    self.connect()
  File "/usr/lib/python3.8/http/client.py", line 922, in connect
    self.sock = self._create_connection(
  File "/usr/lib/python3.8/socket.py", line 808, in create_connection
    raise err
  File "/usr/lib/python3.8/socket.py", line 796, in create_connection
    sock.connect(sa)
ConnectionRefusedError: [Errno 111] Connection refused

[rosmaster.master][INFO] 2026-04-25 18:49:01,073: -PUB [/rosout_agg] /rosout http://y:46327/
[rosmaster.master][INFO] 2026-04-25 18:49:01,073: -SUB [/rosout] /rosout http://y:46327/
[rosmaster.master][INFO] 2026-04-25 18:49:01,073: -SERVICE [/rosout/get_loggers] /rosout rosrpc://y:47985
[rosmaster.master][INFO] 2026-04-25 18:49:01,073: -SERVICE [/rosout/set_logger_level] /rosout rosrpc://y:47985
[rosmaster.main][INFO] 2026-04-25 18:49:01,176: keyboard interrupt, will exit
[rosmaster.main][INFO] 2026-04-25 18:49:01,176: stopping master...
[rospy.core][INFO] 2026-04-25 18:49:01,176: signal_shutdown [atexit]
