[rosmaster.main][INFO] 2026-05-06 17:47:10,677: initialization complete, waiting for shutdown
[rosmaster.main][INFO] 2026-05-06 17:47:10,677: Starting ROS Master Node
[xmlrpc][INFO] 2026-05-06 17:47:10,677: XML-RPC server binding to 0.0.0.0:11311
[xmlrpc][INFO] 2026-05-06 17:47:10,678: Started XML-RPC server [http://y:11311/]
[xmlrpc][INFO] 2026-05-06 17:47:10,678: xml rpc node: starting XML-RPC server
[rosmaster.master][INFO] 2026-05-06 17:47:10,678: Master initialized: port[11311], uri[http://y:11311/]
[rosmaster.master][INFO] 2026-05-06 17:47:10,696: +PARAM [/run_id] by /roslaunch
[rosmaster.master][INFO] 2026-05-06 17:47:10,697: +PARAM [/roslaunch/uris/host_y__42947] by /roslaunch
[rosmaster.master][INFO] 2026-05-06 17:47:10,718: +PARAM [/rosversion] by /roslaunch
[rosmaster.master][INFO] 2026-05-06 17:47:10,719: +PARAM [/rosdistro] by /roslaunch
[rosmaster.master][INFO] 2026-05-06 17:47:10,719: +PARAM [/test_ssc_with_eudm_0/ego_id] by /roslaunch
[rosmaster.master][INFO] 2026-05-06 17:47:10,719: +PARAM [/test_ssc_with_eudm_0/agent_config_path] by /roslaunch
[rosmaster.master][INFO] 2026-05-06 17:47:10,719: +PARAM [/test_ssc_with_eudm_0/bp_config_path] by /roslaunch
[rosmaster.master][INFO] 2026-05-06 17:47:10,719: +PARAM [/test_ssc_with_eudm_0/ssc_config_path] by /roslaunch
[rosmaster.master][INFO] 2026-05-06 17:47:10,719: +PARAM [/test_ssc_with_eudm_0/desired_vel] by /roslaunch
[rosmaster.master][INFO] 2026-05-06 17:47:10,719: +PARAM [/test_ssc_with_eudm_0/use_sim_state] by /roslaunch
[rosmaster.master][INFO] 2026-05-06 17:47:10,719: +PARAM [/onlane_ai_agent_1/ego_id] by /roslaunch
[rosmaster.master][INFO] 2026-05-06 17:47:10,719: +PARAM [/onlane_ai_agent_1/agent_config_path] by /roslaunch
[rosmaster.master][INFO] 2026-05-06 17:47:10,719: +PARAM [/onlane_ai_agent_1/desired_vel] by /roslaunch
[rosmaster.master][INFO] 2026-05-06 17:47:10,719: +PARAM [/onlane_ai_agent_1/autonomous_level] by /roslaunch
[rosmaster.master][INFO] 2026-05-06 17:47:10,719: +PARAM [/onlane_ai_agent_1/aggressiveness_level] by /roslaunch
[rosmaster.master][INFO] 2026-05-06 17:47:10,719: +PARAM [/onlane_ai_agent_2/ego_id] by /roslaunch
[rosmaster.master][INFO] 2026-05-06 17:47:10,719: +PARAM [/onlane_ai_agent_2/agent_config_path] by /roslaunch
[rosmaster.master][INFO] 2026-05-06 17:47:10,719: +PARAM [/onlane_ai_agent_2/desired_vel] by /roslaunch
[rosmaster.master][INFO] 2026-05-06 17:47:10,719: +PARAM [/onlane_ai_agent_2/autonomous_level] by /roslaunch
[rosmaster.master][INFO] 2026-05-06 17:47:10,719: +PARAM [/onlane_ai_agent_2/aggressiveness_level] by /roslaunch
[rosmaster.master][INFO] 2026-05-06 17:47:10,719: +PARAM [/onlane_ai_agent_3/ego_id] by /roslaunch
[rosmaster.master][INFO] 2026-05-06 17:47:10,719: +PARAM [/onlane_ai_agent_3/agent_config_path] by /roslaunch
[rosmaster.master][INFO] 2026-05-06 17:47:10,719: +PARAM [/onlane_ai_agent_3/desired_vel] by /roslaunch
[rosmaster.master][INFO] 2026-05-06 17:47:10,719: +PARAM [/onlane_ai_agent_3/autonomous_level] by /roslaunch
[rosmaster.master][INFO] 2026-05-06 17:47:10,719: +PARAM [/onlane_ai_agent_3/aggressiveness_level] by /roslaunch
[rosmaster.master][INFO] 2026-05-06 17:47:10,719: +PARAM [/onlane_ai_agent_4/ego_id] by /roslaunch
[rosmaster.master][INFO] 2026-05-06 17:47:10,720: +PARAM [/onlane_ai_agent_4/agent_config_path] by /roslaunch
[rosmaster.master][INFO] 2026-05-06 17:47:10,720: +PARAM [/onlane_ai_agent_4/desired_vel] by /roslaunch
[rosmaster.master][INFO] 2026-05-06 17:47:10,720: +PARAM [/onlane_ai_agent_4/autonomous_level] by /roslaunch
[rosmaster.master][INFO] 2026-05-06 17:47:10,720: +PARAM [/onlane_ai_agent_4/aggressiveness_level] by /roslaunch
[rosmaster.master][INFO] 2026-05-06 17:47:10,720: +PARAM [/onlane_ai_agent_5/ego_id] by /roslaunch
[rosmaster.master][INFO] 2026-05-06 17:47:10,720: +PARAM [/onlane_ai_agent_5/agent_config_path] by /roslaunch
[rosmaster.master][INFO] 2026-05-06 17:47:10,720: +PARAM [/onlane_ai_agent_5/desired_vel] by /roslaunch
[rosmaster.master][INFO] 2026-05-06 17:47:10,720: +PARAM [/onlane_ai_agent_5/autonomous_level] by /roslaunch
[rosmaster.master][INFO] 2026-05-06 17:47:10,720: +PARAM [/onlane_ai_agent_5/aggressiveness_level] by /roslaunch
[rosmaster.master][INFO] 2026-05-06 17:47:10,720: +PARAM [/onlane_ai_agent_6/ego_id] by /roslaunch
[rosmaster.master][INFO] 2026-05-06 17:47:10,720: +PARAM [/onlane_ai_agent_6/agent_config_path] by /roslaunch
[rosmaster.master][INFO] 2026-05-06 17:47:10,720: +PARAM [/onlane_ai_agent_6/desired_vel] by /roslaunch
[rosmaster.master][INFO] 2026-05-06 17:47:10,720: +PARAM [/onlane_ai_agent_6/autonomous_level] by /roslaunch
[rosmaster.master][INFO] 2026-05-06 17:47:10,720: +PARAM [/onlane_ai_agent_6/aggressiveness_level] by /roslaunch
[rosmaster.master][INFO] 2026-05-06 17:47:10,720: +PARAM [/onlane_ai_agent_7/ego_id] by /roslaunch
[rosmaster.master][INFO] 2026-05-06 17:47:10,720: +PARAM [/onlane_ai_agent_7/agent_config_path] by /roslaunch
[rosmaster.master][INFO] 2026-05-06 17:47:10,720: +PARAM [/onlane_ai_agent_7/desired_vel] by /roslaunch
[rosmaster.master][INFO] 2026-05-06 17:47:10,720: +PARAM [/onlane_ai_agent_7/autonomous_level] by /roslaunch
[rosmaster.master][INFO] 2026-05-06 17:47:10,720: +PARAM [/onlane_ai_agent_7/aggressiveness_level] by /roslaunch
[rosmaster.master][INFO] 2026-05-06 17:47:10,720: +PARAM [/onlane_ai_agent_8/ego_id] by /roslaunch
[rosmaster.master][INFO] 2026-05-06 17:47:10,720: +PARAM [/onlane_ai_agent_8/agent_config_path] by /roslaunch
[rosmaster.master][INFO] 2026-05-06 17:47:10,720: +PARAM [/onlane_ai_agent_8/desired_vel] by /roslaunch
[rosmaster.master][INFO] 2026-05-06 17:47:10,720: +PARAM [/onlane_ai_agent_8/autonomous_level] by /roslaunch
[rosmaster.master][INFO] 2026-05-06 17:47:10,720: +PARAM [/onlane_ai_agent_8/aggressiveness_level] by /roslaunch
[rosmaster.master][INFO] 2026-05-06 17:47:10,720: +PARAM [/onlane_ai_agent_9/ego_id] by /roslaunch
[rosmaster.master][INFO] 2026-05-06 17:47:10,720: +PARAM [/onlane_ai_agent_9/agent_config_path] by /roslaunch
[rosmaster.master][INFO] 2026-05-06 17:47:10,720: +PARAM [/onlane_ai_agent_9/desired_vel] by /roslaunch
[rosmaster.master][INFO] 2026-05-06 17:47:10,720: +PARAM [/onlane_ai_agent_9/autonomous_level] by /roslaunch
[rosmaster.master][INFO] 2026-05-06 17:47:10,720: +PARAM [/onlane_ai_agent_9/aggressiveness_level] by /roslaunch
[rosmaster.master][INFO] 2026-05-06 17:47:10,720: +PARAM [/onlane_ai_agent_10/ego_id] by /roslaunch
[rosmaster.master][INFO] 2026-05-06 17:47:10,720: +PARAM [/onlane_ai_agent_10/agent_config_path] by /roslaunch
[rosmaster.master][INFO] 2026-05-06 17:47:10,720: +PARAM [/onlane_ai_agent_10/desired_vel] by /roslaunch
[rosmaster.master][INFO] 2026-05-06 17:47:10,720: +PARAM [/onlane_ai_agent_10/autonomous_level] by /roslaunch
[rosmaster.master][INFO] 2026-05-06 17:47:10,720: +PARAM [/onlane_ai_agent_10/aggressiveness_level] by /roslaunch
[rosmaster.master][INFO] 2026-05-06 17:47:10,720: +PARAM [/phy_simulator_planning_node/vehicle_info_path] by /roslaunch
[rosmaster.master][INFO] 2026-05-06 17:47:10,720: +PARAM [/phy_simulator_planning_node/map_path] by /roslaunch
[rosmaster.master][INFO] 2026-05-06 17:47:10,720: +PARAM [/phy_simulator_planning_node/lane_net_path] by /roslaunch
[rosmaster.master][INFO] 2026-05-06 17:47:10,721: +SERVICE [/rosout/get_loggers] /rosout http://y:43279/
[rosmaster.master][INFO] 2026-05-06 17:47:10,721: +SERVICE [/rosout/set_logger_level] /rosout http://y:43279/
[rosmaster.master][INFO] 2026-05-06 17:47:10,721: +PUB [/rosout_agg] /rosout http://y:43279/
[rosmaster.master][INFO] 2026-05-06 17:47:10,722: +SUB [/rosout] /rosout http://y:43279/
[rosmaster.master][INFO] 2026-05-06 17:47:10,752: +PUB [/rosout] /onlane_ai_agent_2 http://y:46653/
[rosmaster.master][INFO] 2026-05-06 17:47:10,754: +PUB [/rosout] /onlane_ai_agent_1 http://y:37831/
[rosmaster.master][INFO] 2026-05-06 17:47:10,754: +SERVICE [/onlane_ai_agent_2/get_loggers] /onlane_ai_agent_2 http://y:46653/
[rosmaster.master][INFO] 2026-05-06 17:47:10,756: +PUB [/rosout] /test_ssc_with_eudm_0 http://y:45795/
[rosmaster.master][INFO] 2026-05-06 17:47:10,757: +SERVICE [/onlane_ai_agent_2/set_logger_level] /onlane_ai_agent_2 http://y:46653/
[rosmaster.master][INFO] 2026-05-06 17:47:10,757: +SERVICE [/onlane_ai_agent_1/get_loggers] /onlane_ai_agent_1 http://y:37831/
[rosmaster.master][INFO] 2026-05-06 17:47:10,758: +PUB [/ctrl/agent_2] /onlane_ai_agent_2 http://y:46653/
[rosmaster.master][INFO] 2026-05-06 17:47:10,761: +SERVICE [/test_ssc_with_eudm_0/get_loggers] /test_ssc_with_eudm_0 http://y:45795/
[rosmaster.master][INFO] 2026-05-06 17:47:10,762: +PUB [/rosout] /onlane_ai_agent_3 http://y:38315/
[rosmaster.master][INFO] 2026-05-06 17:47:10,766: +PUB [/rosout] /onlane_ai_agent_4 http://y:33711/
[rosmaster.master][INFO] 2026-05-06 17:47:10,768: +PUB [/rosout] /onlane_ai_agent_5 http://y:40339/
[rosmaster.master][INFO] 2026-05-06 17:47:10,768: +SERVICE [/onlane_ai_agent_5/get_loggers] /onlane_ai_agent_5 http://y:40339/
[rosmaster.master][INFO] 2026-05-06 17:47:10,769: +SERVICE [/onlane_ai_agent_5/set_logger_level] /onlane_ai_agent_5 http://y:40339/
[rosmaster.master][INFO] 2026-05-06 17:47:10,770: +PUB [/ctrl/agent_5] /onlane_ai_agent_5 http://y:40339/
[rosmaster.master][INFO] 2026-05-06 17:47:10,772: +SERVICE [/onlane_ai_agent_1/set_logger_level] /onlane_ai_agent_1 http://y:37831/
[rosmaster.master][INFO] 2026-05-06 17:47:10,777: publisherUpdate[/rosout] -> http://y:43279/ ['http://y:46653/']
[rosmaster.master][INFO] 2026-05-06 17:47:10,780: publisherUpdate[/rosout] -> http://y:43279/ ['http://y:46653/']: sec=0.00, result=[1, '', 0]
[rosmaster.master][INFO] 2026-05-06 17:47:10,780: publisherUpdate[/rosout] -> http://y:43279/ ['http://y:46653/', 'http://y:37831/']
[rosmaster.master][INFO] 2026-05-06 17:47:10,780: publisherUpdate[/rosout] -> http://y:43279/ ['http://y:46653/', 'http://y:37831/']: sec=0.00, result=[1, '', 0]
[rosmaster.master][INFO] 2026-05-06 17:47:10,780: publisherUpdate[/rosout] -> http://y:43279/ ['http://y:46653/', 'http://y:37831/', 'http://y:45795/']
[rosmaster.master][INFO] 2026-05-06 17:47:10,783: publisherUpdate[/rosout] -> http://y:43279/ ['http://y:46653/', 'http://y:37831/', 'http://y:45795/']: sec=0.00, result=[1, '', 0]
[rosmaster.master][INFO] 2026-05-06 17:47:10,783: +SERVICE [/test_ssc_with_eudm_0/set_logger_level] /test_ssc_with_eudm_0 http://y:45795/
[rosmaster.master][INFO] 2026-05-06 17:47:10,784: publisherUpdate[/rosout] -> http://y:43279/ ['http://y:46653/', 'http://y:37831/', 'http://y:45795/', 'http://y:38315/']
[rosmaster.master][INFO] 2026-05-06 17:47:10,792: +PUB [/rosout] /onlane_ai_agent_8 http://y:39907/
[rosmaster.master][INFO] 2026-05-06 17:47:10,792: publisherUpdate[/rosout] -> http://y:43279/ ['http://y:46653/', 'http://y:37831/', 'http://y:45795/', 'http://y:38315/']: sec=0.00, result=[1, '', 0]
[rosmaster.master][INFO] 2026-05-06 17:47:10,793: publisherUpdate[/rosout] -> http://y:43279/ ['http://y:46653/', 'http://y:37831/', 'http://y:45795/', 'http://y:38315/', 'http://y:33711/']
[rosmaster.master][INFO] 2026-05-06 17:47:10,792: +PUB [/rosout] /onlane_ai_agent_9 http://y:34129/
[rosmaster.master][INFO] 2026-05-06 17:47:10,793: +PUB [/rosout] /onlane_ai_agent_7 http://y:42101/
[rosmaster.master][INFO] 2026-05-06 17:47:10,793: publisherUpdate[/rosout] -> http://y:43279/ ['http://y:46653/', 'http://y:37831/', 'http://y:45795/', 'http://y:38315/', 'http://y:33711/']: sec=0.00, result=[1, '', 0]
[rosmaster.master][INFO] 2026-05-06 17:47:10,793: publisherUpdate[/rosout] -> http://y:43279/ ['http://y:46653/', 'http://y:37831/', 'http://y:45795/', 'http://y:38315/', 'http://y:33711/', 'http://y:40339/']
[rosmaster.master][INFO] 2026-05-06 17:47:10,793: +SERVICE [/onlane_ai_agent_3/get_loggers] /onlane_ai_agent_3 http://y:38315/
[rosmaster.master][INFO] 2026-05-06 17:47:10,794: publisherUpdate[/rosout] -> http://y:43279/ ['http://y:46653/', 'http://y:37831/', 'http://y:45795/', 'http://y:38315/', 'http://y:33711/', 'http://y:40339/']: sec=0.00, result=[1, '', 0]
[rosmaster.master][INFO] 2026-05-06 17:47:10,794: publisherUpdate[/rosout] -> http://y:43279/ ['http://y:46653/', 'http://y:37831/', 'http://y:45795/', 'http://y:38315/', 'http://y:33711/', 'http://y:40339/', 'http://y:39907/']
[rosmaster.master][INFO] 2026-05-06 17:47:10,794: +SERVICE [/onlane_ai_agent_7/get_loggers] /onlane_ai_agent_7 http://y:42101/
[rosmaster.master][INFO] 2026-05-06 17:47:10,794: +SERVICE [/onlane_ai_agent_3/set_logger_level] /onlane_ai_agent_3 http://y:38315/
[rosmaster.master][INFO] 2026-05-06 17:47:10,795: publisherUpdate[/rosout] -> http://y:43279/ ['http://y:46653/', 'http://y:37831/', 'http://y:45795/', 'http://y:38315/', 'http://y:33711/', 'http://y:40339/', 'http://y:39907/']: sec=0.00, result=[1, '', 0]
[rosmaster.master][INFO] 2026-05-06 17:47:10,795: publisherUpdate[/rosout] -> http://y:43279/ ['http://y:46653/', 'http://y:37831/', 'http://y:45795/', 'http://y:38315/', 'http://y:33711/', 'http://y:40339/', 'http://y:39907/', 'http://y:34129/']
[rosmaster.master][INFO] 2026-05-06 17:47:10,795: +SERVICE [/onlane_ai_agent_7/set_logger_level] /onlane_ai_agent_7 http://y:42101/
[rosmaster.master][INFO] 2026-05-06 17:47:10,795: publisherUpdate[/rosout] -> http://y:43279/ ['http://y:46653/', 'http://y:37831/', 'http://y:45795/', 'http://y:38315/', 'http://y:33711/', 'http://y:40339/', 'http://y:39907/', 'http://y:34129/']: sec=0.00, result=[1, '', 0]
[rosmaster.master][INFO] 2026-05-06 17:47:10,796: publisherUpdate[/rosout] -> http://y:43279/ ['http://y:46653/', 'http://y:37831/', 'http://y:45795/', 'http://y:38315/', 'http://y:33711/', 'http://y:40339/', 'http://y:39907/', 'http://y:34129/', 'http://y:42101/']
[rosmaster.master][INFO] 2026-05-06 17:47:10,795: +PUB [/rosout] /onlane_ai_agent_6 http://y:45599/
[rosmaster.master][INFO] 2026-05-06 17:47:10,796: publisherUpdate[/rosout] -> http://y:43279/ ['http://y:46653/', 'http://y:37831/', 'http://y:45795/', 'http://y:38315/', 'http://y:33711/', 'http://y:40339/', 'http://y:39907/', 'http://y:34129/', 'http://y:42101/']: sec=0.00, result=[1, '', 0]
[rosmaster.master][INFO] 2026-05-06 17:47:10,796: publisherUpdate[/rosout] -> http://y:43279/ ['http://y:46653/', 'http://y:37831/', 'http://y:45795/', 'http://y:38315/', 'http://y:33711/', 'http://y:40339/', 'http://y:39907/', 'http://y:34129/', 'http://y:42101/', 'http://y:45599/']
[rosmaster.master][INFO] 2026-05-06 17:47:10,797: publisherUpdate[/rosout] -> http://y:43279/ ['http://y:46653/', 'http://y:37831/', 'http://y:45795/', 'http://y:38315/', 'http://y:33711/', 'http://y:40339/', 'http://y:39907/', 'http://y:34129/', 'http://y:42101/', 'http://y:45599/']: sec=0.00, result=[1, '', 0]
[rosmaster.master][INFO] 2026-05-06 17:47:10,797: +SERVICE [/onlane_ai_agent_6/get_loggers] /onlane_ai_agent_6 http://y:45599/
[rosmaster.master][INFO] 2026-05-06 17:47:10,797: +SERVICE [/onlane_ai_agent_6/set_logger_level] /onlane_ai_agent_6 http://y:45599/
[rosmaster.master][INFO] 2026-05-06 17:47:10,798: +PUB [/ctrl/agent_7] /onlane_ai_agent_7 http://y:42101/
[rosmaster.master][INFO] 2026-05-06 17:47:10,799: +PUB [/ctrl/agent_6] /onlane_ai_agent_6 http://y:45599/
[rosmaster.master][INFO] 2026-05-06 17:47:10,806: +SERVICE [/onlane_ai_agent_9/get_loggers] /onlane_ai_agent_9 http://y:34129/
[rosmaster.master][INFO] 2026-05-06 17:47:10,806: +PUB [/rosout] /onlane_ai_agent_10 http://y:44637/
[rosmaster.master][INFO] 2026-05-06 17:47:10,808: +CACHEDPARAM [/rosout_disable_topics_generation] by /test_ssc_with_eudm_0
[rosmaster.master][INFO] 2026-05-06 17:47:10,808: +SERVICE [/onlane_ai_agent_10/get_loggers] /onlane_ai_agent_10 http://y:44637/
[rosmaster.master][INFO] 2026-05-06 17:47:10,808: +SERVICE [/onlane_ai_agent_10/set_logger_level] /onlane_ai_agent_10 http://y:44637/
[rosmaster.master][INFO] 2026-05-06 17:47:10,809: +SERVICE [/onlane_ai_agent_4/get_loggers] /onlane_ai_agent_4 http://y:33711/
[rosmaster.master][INFO] 2026-05-06 17:47:10,814: +PUB [/ctrl/agent_1] /onlane_ai_agent_1 http://y:37831/
[rosmaster.master][INFO] 2026-05-06 17:47:10,816: +SERVICE [/onlane_ai_agent_8/get_loggers] /onlane_ai_agent_8 http://y:39907/
[rosmaster.master][INFO] 2026-05-06 17:47:10,820: +PUB [/rosout] /phy_simulator_planning_node http://y:38153/
[rosmaster.master][INFO] 2026-05-06 17:47:10,821: +SERVICE [/onlane_ai_agent_9/set_logger_level] /onlane_ai_agent_9 http://y:34129/
[rosmaster.master][INFO] 2026-05-06 17:47:10,822: +SERVICE [/phy_simulator_planning_node/get_loggers] /phy_simulator_planning_node http://y:38153/
[rosmaster.master][INFO] 2026-05-06 17:47:10,823: +SERVICE [/phy_simulator_planning_node/set_logger_level] /phy_simulator_planning_node http://y:38153/
[rosmaster.master][INFO] 2026-05-06 17:47:10,830: +SERVICE [/onlane_ai_agent_4/set_logger_level] /onlane_ai_agent_4 http://y:33711/
[rosmaster.master][INFO] 2026-05-06 17:47:10,838: +PUB [/ctrl/agent_9] /onlane_ai_agent_9 http://y:34129/
[rosmaster.master][INFO] 2026-05-06 17:47:10,844: +SERVICE [/onlane_ai_agent_8/set_logger_level] /onlane_ai_agent_8 http://y:39907/
[rosmaster.master][INFO] 2026-05-06 17:47:10,845: +PUB [/ctrl/agent_8] /onlane_ai_agent_8 http://y:39907/
[rosmaster.master][INFO] 2026-05-06 17:47:10,851: +PUB [/tf] /test_ssc_with_eudm_0 http://y:45795/
[rosmaster.master][INFO] 2026-05-06 17:47:10,857: +PUB [/ctrl/agent_10] /onlane_ai_agent_10 http://y:44637/
[rosmaster.master][INFO] 2026-05-06 17:47:10,861: +PUB [/vis/agent_0/ego_vehicle_vis] /test_ssc_with_eudm_0 http://y:45795/
[rosmaster.master][INFO] 2026-05-06 17:47:10,865: +PUB [/ctrl/agent_3] /onlane_ai_agent_3 http://y:38315/
[rosmaster.master][INFO] 2026-05-06 17:47:10,866: +PUB [/vis/agent_0/obstacle_map] /test_ssc_with_eudm_0 http://y:45795/
[rosmaster.master][INFO] 2026-05-06 17:47:10,866: +PUB [/vis/agent_0/surrounding_lane_net_vis] /test_ssc_with_eudm_0 http://y:45795/
[rosmaster.master][INFO] 2026-05-06 17:47:10,867: +PUB [/vis/agent_0/local_lanes_vis] /test_ssc_with_eudm_0 http://y:45795/
[rosmaster.master][INFO] 2026-05-06 17:47:10,867: +PUB [/vis/agent_0/ego_behavior_vis] /test_ssc_with_eudm_0 http://y:45795/
[rosmaster.master][INFO] 2026-05-06 17:47:10,867: +PUB [/vis/agent_0/pred_traj_openloop_vis] /test_ssc_with_eudm_0 http://y:45795/
[rosmaster.master][INFO] 2026-05-06 17:47:10,868: +PUB [/vis/agent_0/pred_initial_intention_vis] /test_ssc_with_eudm_0 http://y:45795/
[rosmaster.master][INFO] 2026-05-06 17:47:10,868: +PUB [/vis/agent_0/surrounding_vehicle_vis] /test_ssc_with_eudm_0 http://y:45795/
[rosmaster.master][INFO] 2026-05-06 17:47:10,868: +PUB [/vis/agent_0/speed_limit] /test_ssc_with_eudm_0 http://y:45795/
[rosmaster.master][INFO] 2026-05-06 17:47:10,868: +PUB [/vis/agent_0/ssc/map_vis] /test_ssc_with_eudm_0 http://y:45795/
[rosmaster.master][INFO] 2026-05-06 17:47:10,869: +PUB [/vis/agent_0/ssc/qp_vis] /test_ssc_with_eudm_0 http://y:45795/
[rosmaster.master][INFO] 2026-05-06 17:47:10,869: +PUB [/vis/agent_0/ssc/ego_fs_vis] /test_ssc_with_eudm_0 http://y:45795/
[rosmaster.master][INFO] 2026-05-06 17:47:10,869: +PUB [/vis/agent_0/ssc/forward_trajs_vis] /test_ssc_with_eudm_0 http://y:45795/
[rosmaster.master][INFO] 2026-05-06 17:47:10,870: +PUB [/vis/agent_0/ssc/sur_vehicle_trajs_vis] /test_ssc_with_eudm_0 http://y:45795/
[rosmaster.master][INFO] 2026-05-06 17:47:10,870: +PUB [/vis/agent_0/ssc/corridor_vis] /test_ssc_with_eudm_0 http://y:45795/
[rosmaster.master][INFO] 2026-05-06 17:47:10,873: +SUB [/joy] /test_ssc_with_eudm_0 http://y:45795/
[rosmaster.master][INFO] 2026-05-06 17:47:10,874: +PUB [/ctrl/agent_4] /onlane_ai_agent_4 http://y:33711/
[rosmaster.master][INFO] 2026-05-06 17:47:10,876: +PUB [/vis/agent_0/forward_trajs] /test_ssc_with_eudm_0 http://y:45795/
[rosmaster.master][INFO] 2026-05-06 17:47:10,878: publisherUpdate[/rosout] -> http://y:43279/ ['http://y:46653/', 'http://y:37831/', 'http://y:45795/', 'http://y:38315/', 'http://y:33711/', 'http://y:40339/', 'http://y:39907/', 'http://y:34129/', 'http://y:42101/', 'http://y:45599/', 'http://y:44637/']
[rosmaster.master][INFO] 2026-05-06 17:47:10,881: +PUB [/ctrl/agent_0] /test_ssc_with_eudm_0 http://y:45795/
[rosmaster.master][INFO] 2026-05-06 17:47:10,881: +PUB [/test_ssc_with_eudm_0/ssc_map] /test_ssc_with_eudm_0 http://y:45795/
[rosmaster.master][INFO] 2026-05-06 17:47:10,881: publisherUpdate[/rosout] -> http://y:43279/ ['http://y:46653/', 'http://y:37831/', 'http://y:45795/', 'http://y:38315/', 'http://y:33711/', 'http://y:40339/', 'http://y:39907/', 'http://y:34129/', 'http://y:42101/', 'http://y:45599/', 'http://y:44637/']: sec=0.00, result=[1, '', 0]
[rosmaster.master][INFO] 2026-05-06 17:47:10,882: publisherUpdate[/rosout] -> http://y:43279/ ['http://y:46653/', 'http://y:37831/', 'http://y:45795/', 'http://y:38315/', 'http://y:33711/', 'http://y:40339/', 'http://y:39907/', 'http://y:34129/', 'http://y:42101/', 'http://y:45599/', 'http://y:44637/', 'http://y:38153/']
[rosmaster.master][INFO] 2026-05-06 17:47:10,882: +PUB [/vis/agent_0/ssc/exec_traj] /test_ssc_with_eudm_0 http://y:45795/
[rosmaster.master][INFO] 2026-05-06 17:47:10,882: publisherUpdate[/rosout] -> http://y:43279/ ['http://y:46653/', 'http://y:37831/', 'http://y:45795/', 'http://y:38315/', 'http://y:33711/', 'http://y:40339/', 'http://y:39907/', 'http://y:34129/', 'http://y:42101/', 'http://y:45599/', 'http://y:44637/', 'http://y:38153/']: sec=0.00, result=[1, '', 0]
[rosmaster.master][INFO] 2026-05-06 17:47:10,887: +SUB [/arena_info_static] /test_ssc_with_eudm_0 http://y:45795/
[rosmaster.master][INFO] 2026-05-06 17:47:10,888: +SUB [/arena_info_dynamic] /test_ssc_with_eudm_0 http://y:45795/
[rosmaster.master][INFO] 2026-05-06 17:47:10,901: +PUB [/arena_info_static] /phy_simulator_planning_node http://y:38153/
[rosmaster.master][INFO] 2026-05-06 17:47:10,903: +PUB [/arena_info_dynamic] /phy_simulator_planning_node http://y:38153/
[rosmaster.master][INFO] 2026-05-06 17:47:10,904: +PUB [/phy_simulator_planning_node/vis/vehicle_set_vis] /phy_simulator_planning_node http://y:38153/
[rosmaster.master][INFO] 2026-05-06 17:47:10,904: +PUB [/phy_simulator_planning_node/vis/lane_net_vis] /phy_simulator_planning_node http://y:38153/
[rosmaster.master][INFO] 2026-05-06 17:47:10,905: +PUB [/phy_simulator_planning_node/vis/obstacle_set_vis] /phy_simulator_planning_node http://y:38153/
[rosmaster.master][INFO] 2026-05-06 17:47:10,906: +SUB [/ctrl/agent_10] /phy_simulator_planning_node http://y:38153/
[rosmaster.master][INFO] 2026-05-06 17:47:10,907: +SUB [/ctrl/agent_9] /phy_simulator_planning_node http://y:38153/
[rosmaster.master][INFO] 2026-05-06 17:47:10,908: +SUB [/ctrl/agent_8] /phy_simulator_planning_node http://y:38153/
[rosmaster.master][INFO] 2026-05-06 17:47:10,909: +SUB [/ctrl/agent_7] /phy_simulator_planning_node http://y:38153/
[rosmaster.master][INFO] 2026-05-06 17:47:10,910: +SUB [/ctrl/agent_6] /phy_simulator_planning_node http://y:38153/
[rosmaster.master][INFO] 2026-05-06 17:47:10,911: +SUB [/ctrl/agent_5] /phy_simulator_planning_node http://y:38153/
[rosmaster.master][INFO] 2026-05-06 17:47:10,912: +SUB [/ctrl/agent_4] /phy_simulator_planning_node http://y:38153/
[rosmaster.master][INFO] 2026-05-06 17:47:10,913: +SUB [/ctrl/agent_3] /phy_simulator_planning_node http://y:38153/
[rosmaster.master][INFO] 2026-05-06 17:47:10,914: +SUB [/ctrl/agent_2] /phy_simulator_planning_node http://y:38153/
[rosmaster.master][INFO] 2026-05-06 17:47:10,915: +SUB [/ctrl/agent_1] /phy_simulator_planning_node http://y:38153/
[rosmaster.master][INFO] 2026-05-06 17:47:10,916: +SUB [/ctrl/agent_0] /phy_simulator_planning_node http://y:38153/
[rosmaster.master][INFO] 2026-05-06 17:47:10,917: +SUB [/initialpose] /phy_simulator_planning_node http://y:38153/
[rosmaster.master][INFO] 2026-05-06 17:47:10,918: +SUB [/move_base_simple/goal] /phy_simulator_planning_node http://y:38153/
[rosmaster.master][INFO] 2026-05-06 17:47:10,983: publisherUpdate[/arena_info_static] -> http://y:45795/ ['http://y:38153/']
[rosmaster.master][INFO] 2026-05-06 17:47:10,984: publisherUpdate[/arena_info_static] -> http://y:45795/ ['http://y:38153/']: sec=0.00, result=[1, '', 0]
[rosmaster.master][INFO] 2026-05-06 17:47:10,984: publisherUpdate[/arena_info_dynamic] -> http://y:45795/ ['http://y:38153/']
[rosmaster.master][INFO] 2026-05-06 17:47:10,984: publisherUpdate[/arena_info_dynamic] -> http://y:45795/ ['http://y:38153/']: sec=0.00, result=[1, '', 0]
[rosmaster.master][INFO] 2026-05-06 17:47:11,300: +CACHEDPARAM [/rosout/omit_topics] by /rosout
[rosmaster.master][INFO] 2026-05-06 17:47:18,474: +PUB [/rosout] /epsilon_metric_collector_2851361_1778060838360 http://y:38817/
[rosmaster.master][INFO] 2026-05-06 17:47:18,475: +SERVICE [/epsilon_metric_collector_2851361_1778060838360/get_loggers] /epsilon_metric_collector_2851361_1778060838360 http://y:38817/
[rosmaster.master][INFO] 2026-05-06 17:47:18,476: +SERVICE [/epsilon_metric_collector_2851361_1778060838360/set_logger_level] /epsilon_metric_collector_2851361_1778060838360 http://y:38817/
[rosmaster.master][INFO] 2026-05-06 17:47:18,477: +SUB [/arena_info_dynamic] /epsilon_metric_collector_2851361_1778060838360 http://y:38817/
[rosmaster.master][INFO] 2026-05-06 17:47:18,497: publisherUpdate[/rosout] -> http://y:43279/ ['http://y:46653/', 'http://y:37831/', 'http://y:45795/', 'http://y:38315/', 'http://y:33711/', 'http://y:40339/', 'http://y:39907/', 'http://y:34129/', 'http://y:42101/', 'http://y:45599/', 'http://y:44637/', 'http://y:38153/', 'http://y:38817/']
[rosmaster.master][INFO] 2026-05-06 17:47:18,498: publisherUpdate[/rosout] -> http://y:43279/ ['http://y:46653/', 'http://y:37831/', 'http://y:45795/', 'http://y:38315/', 'http://y:33711/', 'http://y:40339/', 'http://y:39907/', 'http://y:34129/', 'http://y:42101/', 'http://y:45599/', 'http://y:44637/', 'http://y:38153/', 'http://y:38817/']: sec=0.00, result=[1, '', 0]
[rosmaster.master][INFO] 2026-05-06 17:49:18,162: -SUB [/arena_info_dynamic] /epsilon_metric_collector_2851361_1778060838360 http://y:38817/
[rosmaster.master][INFO] 2026-05-06 17:49:18,162: -PUB [/rosout] /epsilon_metric_collector_2851361_1778060838360 http://y:38817/
[rosmaster.master][INFO] 2026-05-06 17:49:18,162: -SERVICE [/epsilon_metric_collector_2851361_1778060838360/get_loggers] /epsilon_metric_collector_2851361_1778060838360 rosrpc://y:36111
[rosmaster.master][INFO] 2026-05-06 17:49:18,162: -SERVICE [/epsilon_metric_collector_2851361_1778060838360/set_logger_level] /epsilon_metric_collector_2851361_1778060838360 rosrpc://y:36111
[rosmaster.master][INFO] 2026-05-06 17:49:18,209: publisherUpdate[/rosout] -> http://y:43279/ ['http://y:46653/', 'http://y:37831/', 'http://y:45795/', 'http://y:38315/', 'http://y:33711/', 'http://y:40339/', 'http://y:39907/', 'http://y:34129/', 'http://y:42101/', 'http://y:45599/', 'http://y:44637/', 'http://y:38153/']
[rosmaster.master][INFO] 2026-05-06 17:49:18,210: publisherUpdate[/rosout] -> http://y:43279/ ['http://y:46653/', 'http://y:37831/', 'http://y:45795/', 'http://y:38315/', 'http://y:33711/', 'http://y:40339/', 'http://y:39907/', 'http://y:34129/', 'http://y:42101/', 'http://y:45599/', 'http://y:44637/', 'http://y:38153/']: sec=0.00, result=[1, '', 0]
[rosmaster.master][INFO] 2026-05-06 17:49:19,133: +PUB [/rosout] /rostopic_2916464_1778060959021 http://y:39539/
[rosmaster.master][INFO] 2026-05-06 17:49:19,134: +SERVICE [/rostopic_2916464_1778060959021/get_loggers] /rostopic_2916464_1778060959021 http://y:39539/
[rosmaster.master][INFO] 2026-05-06 17:49:19,134: +SERVICE [/rostopic_2916464_1778060959021/set_logger_level] /rostopic_2916464_1778060959021 http://y:39539/
[rosmaster.master][INFO] 2026-05-06 17:49:19,141: +SUB [/arena_info_dynamic] /rostopic_2916464_1778060959021 http://y:39539/
[rosmaster.master][INFO] 2026-05-06 17:49:19,212: publisherUpdate[/rosout] -> http://y:43279/ ['http://y:46653/', 'http://y:37831/', 'http://y:45795/', 'http://y:38315/', 'http://y:33711/', 'http://y:40339/', 'http://y:39907/', 'http://y:34129/', 'http://y:42101/', 'http://y:45599/', 'http://y:44637/', 'http://y:38153/', 'http://y:39539/']
[rosmaster.master][INFO] 2026-05-06 17:49:19,212: publisherUpdate[/rosout] -> http://y:43279/ ['http://y:46653/', 'http://y:37831/', 'http://y:45795/', 'http://y:38315/', 'http://y:33711/', 'http://y:40339/', 'http://y:39907/', 'http://y:34129/', 'http://y:42101/', 'http://y:45599/', 'http://y:44637/', 'http://y:38153/', 'http://y:39539/']: sec=0.00, result=[1, '', 0]
[rosmaster.master][INFO] 2026-05-06 17:49:33,796: -SUB [/arena_info_dynamic] /rostopic_2916464_1778060959021 http://y:39539/
[rosmaster.master][INFO] 2026-05-06 17:49:33,796: -PUB [/rosout] /rostopic_2916464_1778060959021 http://y:39539/
[rosmaster.master][INFO] 2026-05-06 17:49:33,796: -SERVICE [/rostopic_2916464_1778060959021/get_loggers] /rostopic_2916464_1778060959021 rosrpc://y:36707
[rosmaster.master][INFO] 2026-05-06 17:49:33,796: -SERVICE [/rostopic_2916464_1778060959021/set_logger_level] /rostopic_2916464_1778060959021 rosrpc://y:36707
[rosmaster.master][INFO] 2026-05-06 17:49:33,840: publisherUpdate[/rosout] -> http://y:43279/ ['http://y:46653/', 'http://y:37831/', 'http://y:45795/', 'http://y:38315/', 'http://y:33711/', 'http://y:40339/', 'http://y:39907/', 'http://y:34129/', 'http://y:42101/', 'http://y:45599/', 'http://y:44637/', 'http://y:38153/']
[rosmaster.master][INFO] 2026-05-06 17:49:33,840: publisherUpdate[/rosout] -> http://y:43279/ ['http://y:46653/', 'http://y:37831/', 'http://y:45795/', 'http://y:38315/', 'http://y:33711/', 'http://y:40339/', 'http://y:39907/', 'http://y:34129/', 'http://y:42101/', 'http://y:45599/', 'http://y:44637/', 'http://y:38153/']: sec=0.00, result=[1, '', 0]
[rosmaster.master][INFO] 2026-05-06 17:49:34,468: -PUB [/rosout] /phy_simulator_planning_node http://y:38153/
[rosmaster.master][INFO] 2026-05-06 17:49:34,469: -PUB [/arena_info_static] /phy_simulator_planning_node http://y:38153/
[rosmaster.master][INFO] 2026-05-06 17:49:34,471: -PUB [/arena_info_dynamic] /phy_simulator_planning_node http://y:38153/
[rosmaster.master][INFO] 2026-05-06 17:49:34,472: -PUB [/phy_simulator_planning_node/vis/vehicle_set_vis] /phy_simulator_planning_node http://y:38153/
[rosmaster.master][INFO] 2026-05-06 17:49:34,472: -PUB [/phy_simulator_planning_node/vis/lane_net_vis] /phy_simulator_planning_node http://y:38153/
[rosmaster.master][INFO] 2026-05-06 17:49:34,473: -PUB [/phy_simulator_planning_node/vis/obstacle_set_vis] /phy_simulator_planning_node http://y:38153/
[rosmaster.master][INFO] 2026-05-06 17:49:34,474: -SUB [/ctrl/agent_10] /phy_simulator_planning_node http://y:38153/
[rosmaster.master][INFO] 2026-05-06 17:49:34,474: -SUB [/ctrl/agent_9] /phy_simulator_planning_node http://y:38153/
[rosmaster.master][INFO] 2026-05-06 17:49:34,475: -SUB [/ctrl/agent_8] /phy_simulator_planning_node http://y:38153/
[rosmaster.master][INFO] 2026-05-06 17:49:34,476: -SUB [/ctrl/agent_7] /phy_simulator_planning_node http://y:38153/
[rosmaster.master][INFO] 2026-05-06 17:49:34,476: -SUB [/ctrl/agent_6] /phy_simulator_planning_node http://y:38153/
[rosmaster.master][INFO] 2026-05-06 17:49:34,476: -SUB [/ctrl/agent_5] /phy_simulator_planning_node http://y:38153/
[rosmaster.master][INFO] 2026-05-06 17:49:34,477: -SUB [/ctrl/agent_4] /phy_simulator_planning_node http://y:38153/
[rosmaster.master][INFO] 2026-05-06 17:49:34,477: -SUB [/ctrl/agent_3] /phy_simulator_planning_node http://y:38153/
[rosmaster.master][INFO] 2026-05-06 17:49:34,478: -SUB [/ctrl/agent_2] /phy_simulator_planning_node http://y:38153/
[rosmaster.master][INFO] 2026-05-06 17:49:34,478: -SUB [/ctrl/agent_1] /phy_simulator_planning_node http://y:38153/
[rosmaster.master][INFO] 2026-05-06 17:49:34,478: -SUB [/ctrl/agent_0] /phy_simulator_planning_node http://y:38153/
[rosmaster.master][INFO] 2026-05-06 17:49:34,479: -SUB [/initialpose] /phy_simulator_planning_node http://y:38153/
[rosmaster.master][INFO] 2026-05-06 17:49:34,479: -SUB [/move_base_simple/goal] /phy_simulator_planning_node http://y:38153/
[rosmaster.master][INFO] 2026-05-06 17:49:34,479: -SERVICE [/phy_simulator_planning_node/get_loggers] /phy_simulator_planning_node rosrpc://y:56607
[rosmaster.master][INFO] 2026-05-06 17:49:34,480: -SERVICE [/phy_simulator_planning_node/set_logger_level] /phy_simulator_planning_node rosrpc://y:56607
[rosmaster.master][INFO] 2026-05-06 17:49:34,542: publisherUpdate[/rosout] -> http://y:43279/ ['http://y:46653/', 'http://y:37831/', 'http://y:45795/', 'http://y:38315/', 'http://y:33711/', 'http://y:40339/', 'http://y:39907/', 'http://y:34129/', 'http://y:42101/', 'http://y:45599/', 'http://y:44637/']
[rosmaster.master][INFO] 2026-05-06 17:49:34,542: publisherUpdate[/rosout] -> http://y:43279/ ['http://y:46653/', 'http://y:37831/', 'http://y:45795/', 'http://y:38315/', 'http://y:33711/', 'http://y:40339/', 'http://y:39907/', 'http://y:34129/', 'http://y:42101/', 'http://y:45599/', 'http://y:44637/']: sec=0.00, result=[1, '', 0]
[rosmaster.master][INFO] 2026-05-06 17:49:34,542: publisherUpdate[/arena_info_static] -> http://y:45795/ []
[rosmaster.master][INFO] 2026-05-06 17:49:34,543: publisherUpdate[/arena_info_static] -> http://y:45795/ []: sec=0.00, result=[0, 'Unknown Error', 0]
[rosmaster.master][INFO] 2026-05-06 17:49:34,543: publisherUpdate[/arena_info_dynamic] -> http://y:45795/ []
[rosmaster.master][INFO] 2026-05-06 17:49:34,543: publisherUpdate[/arena_info_dynamic] -> http://y:45795/ []: sec=0.00, result=[0, 'Unknown Error', 0]
[rosmaster.master][INFO] 2026-05-06 17:49:34,644: -PUB [/rosout] /test_ssc_with_eudm_0 http://y:45795/
[rosmaster.master][INFO] 2026-05-06 17:49:34,645: publisherUpdate[/rosout] -> http://y:43279/ ['http://y:46653/', 'http://y:37831/', 'http://y:38315/', 'http://y:33711/', 'http://y:40339/', 'http://y:39907/', 'http://y:34129/', 'http://y:42101/', 'http://y:45599/', 'http://y:44637/']
[rosmaster.master][INFO] 2026-05-06 17:49:34,646: -PUB [/tf] /test_ssc_with_eudm_0 http://y:45795/
[rosmaster.master][INFO] 2026-05-06 17:49:34,647: publisherUpdate[/rosout] -> http://y:43279/ ['http://y:46653/', 'http://y:37831/', 'http://y:38315/', 'http://y:33711/', 'http://y:40339/', 'http://y:39907/', 'http://y:34129/', 'http://y:42101/', 'http://y:45599/', 'http://y:44637/']: sec=0.00, result=[1, '', 0]
[rosmaster.master][INFO] 2026-05-06 17:49:34,648: -PUB [/vis/agent_0/ego_vehicle_vis] /test_ssc_with_eudm_0 http://y:45795/
[rosmaster.master][INFO] 2026-05-06 17:49:34,649: -PUB [/vis/agent_0/obstacle_map] /test_ssc_with_eudm_0 http://y:45795/
[rosmaster.master][INFO] 2026-05-06 17:49:34,649: -PUB [/vis/agent_0/surrounding_lane_net_vis] /test_ssc_with_eudm_0 http://y:45795/
[rosmaster.master][INFO] 2026-05-06 17:49:34,650: -PUB [/vis/agent_0/local_lanes_vis] /test_ssc_with_eudm_0 http://y:45795/
[rosmaster.master][INFO] 2026-05-06 17:49:34,651: -PUB [/vis/agent_0/ego_behavior_vis] /test_ssc_with_eudm_0 http://y:45795/
[rosmaster.master][INFO] 2026-05-06 17:49:34,652: -PUB [/vis/agent_0/pred_traj_openloop_vis] /test_ssc_with_eudm_0 http://y:45795/
[rosmaster.master][INFO] 2026-05-06 17:49:34,652: -PUB [/vis/agent_0/pred_initial_intention_vis] /test_ssc_with_eudm_0 http://y:45795/
[rosmaster.master][INFO] 2026-05-06 17:49:34,653: -PUB [/vis/agent_0/surrounding_vehicle_vis] /test_ssc_with_eudm_0 http://y:45795/
[rosmaster.master][INFO] 2026-05-06 17:49:34,654: -PUB [/vis/agent_0/speed_limit] /test_ssc_with_eudm_0 http://y:45795/
[rosmaster.master][INFO] 2026-05-06 17:49:34,654: -PUB [/vis/agent_0/ssc/map_vis] /test_ssc_with_eudm_0 http://y:45795/
[rosmaster.master][INFO] 2026-05-06 17:49:34,655: -PUB [/vis/agent_0/ssc/qp_vis] /test_ssc_with_eudm_0 http://y:45795/
[rosmaster.master][INFO] 2026-05-06 17:49:34,656: -PUB [/vis/agent_0/ssc/ego_fs_vis] /test_ssc_with_eudm_0 http://y:45795/
[rosmaster.master][INFO] 2026-05-06 17:49:34,657: -PUB [/vis/agent_0/ssc/forward_trajs_vis] /test_ssc_with_eudm_0 http://y:45795/
[rosmaster.master][INFO] 2026-05-06 17:49:34,658: -PUB [/vis/agent_0/ssc/sur_vehicle_trajs_vis] /test_ssc_with_eudm_0 http://y:45795/
[rosmaster.master][INFO] 2026-05-06 17:49:34,658: -PUB [/vis/agent_0/ssc/corridor_vis] /test_ssc_with_eudm_0 http://y:45795/
[rosmaster.master][INFO] 2026-05-06 17:49:34,659: -PUB [/vis/agent_0/forward_trajs] /test_ssc_with_eudm_0 http://y:45795/
[rosmaster.master][INFO] 2026-05-06 17:49:34,660: -PUB [/ctrl/agent_0] /test_ssc_with_eudm_0 http://y:45795/
[rosmaster.master][INFO] 2026-05-06 17:49:34,660: -PUB [/test_ssc_with_eudm_0/ssc_map] /test_ssc_with_eudm_0 http://y:45795/
[rosmaster.master][INFO] 2026-05-06 17:49:34,661: -PUB [/vis/agent_0/ssc/exec_traj] /test_ssc_with_eudm_0 http://y:45795/
[rosmaster.master][INFO] 2026-05-06 17:49:34,661: -SUB [/joy] /test_ssc_with_eudm_0 http://y:45795/
[rosmaster.master][INFO] 2026-05-06 17:49:34,662: -SUB [/arena_info_static] /test_ssc_with_eudm_0 http://y:45795/
[rosmaster.master][INFO] 2026-05-06 17:49:34,663: -SUB [/arena_info_dynamic] /test_ssc_with_eudm_0 http://y:45795/
[rosmaster.master][INFO] 2026-05-06 17:49:34,664: -SERVICE [/test_ssc_with_eudm_0/get_loggers] /test_ssc_with_eudm_0 rosrpc://y:57717
[rosmaster.master][INFO] 2026-05-06 17:49:34,664: -SERVICE [/test_ssc_with_eudm_0/set_logger_level] /test_ssc_with_eudm_0 rosrpc://y:57717
[rosmaster.master][INFO] 2026-05-06 17:49:34,665: -CACHEDPARAM [/rosout_disable_topics_generation] by /test_ssc_with_eudm_0
[rosmaster.master][INFO] 2026-05-06 17:49:34,947: -PUB [/rosout_agg] /rosout http://y:43279/
[rosmaster.master][INFO] 2026-05-06 17:49:34,948: -SUB [/rosout] /rosout http://y:43279/
[rosmaster.master][INFO] 2026-05-06 17:49:34,948: -SERVICE [/rosout/get_loggers] /rosout rosrpc://y:58317
[rosmaster.master][INFO] 2026-05-06 17:49:34,949: -SERVICE [/rosout/set_logger_level] /rosout rosrpc://y:58317
[rosmaster.master][INFO] 2026-05-06 17:49:34,949: -CACHEDPARAM [/rosout/omit_topics] by /rosout
[rosmaster.main][INFO] 2026-05-06 17:49:35,038: keyboard interrupt, will exit
[rosmaster.main][INFO] 2026-05-06 17:49:35,038: stopping master...
[rospy.core][INFO] 2026-05-06 17:49:35,038: signal_shutdown [atexit]
