[rosmaster.main][INFO] 2026-05-06 18:14:06,995: initialization complete, waiting for shutdown
[rosmaster.main][INFO] 2026-05-06 18:14:06,995: Starting ROS Master Node
[xmlrpc][INFO] 2026-05-06 18:14:06,995: XML-RPC server binding to 0.0.0.0:11311
[xmlrpc][INFO] 2026-05-06 18:14:06,995: Started XML-RPC server [http://y:11311/]
[xmlrpc][INFO] 2026-05-06 18:14:06,995: xml rpc node: starting XML-RPC server
[rosmaster.master][INFO] 2026-05-06 18:14:06,995: Master initialized: port[11311], uri[http://y:11311/]
[rosmaster.master][INFO] 2026-05-06 18:14:07,101: +PARAM [/run_id] by /roslaunch
[rosmaster.master][INFO] 2026-05-06 18:14:07,102: +PARAM [/roslaunch/uris/host_y__34817] by /roslaunch
[rosmaster.master][INFO] 2026-05-06 18:14:07,131: +PARAM [/rosversion] by /roslaunch
[rosmaster.master][INFO] 2026-05-06 18:14:07,131: +PARAM [/rosdistro] by /roslaunch
[rosmaster.master][INFO] 2026-05-06 18:14:07,131: +PARAM [/test_ssc_with_mpdm_0/ego_id] by /roslaunch
[rosmaster.master][INFO] 2026-05-06 18:14:07,132: +PARAM [/test_ssc_with_mpdm_0/agent_config_path] by /roslaunch
[rosmaster.master][INFO] 2026-05-06 18:14:07,132: +PARAM [/test_ssc_with_mpdm_0/ssc_config_path] by /roslaunch
[rosmaster.master][INFO] 2026-05-06 18:14:07,132: +PARAM [/test_ssc_with_mpdm_0/desired_vel] by /roslaunch
[rosmaster.master][INFO] 2026-05-06 18:14:07,132: +PARAM [/test_ssc_with_mpdm_0/use_sim_state] by /roslaunch
[rosmaster.master][INFO] 2026-05-06 18:14:07,132: +PARAM [/onlane_ai_agent_1/ego_id] by /roslaunch
[rosmaster.master][INFO] 2026-05-06 18:14:07,132: +PARAM [/onlane_ai_agent_1/agent_config_path] by /roslaunch
[rosmaster.master][INFO] 2026-05-06 18:14:07,132: +PARAM [/onlane_ai_agent_1/desired_vel] by /roslaunch
[rosmaster.master][INFO] 2026-05-06 18:14:07,132: +PARAM [/onlane_ai_agent_1/autonomous_level] by /roslaunch
[rosmaster.master][INFO] 2026-05-06 18:14:07,132: +PARAM [/onlane_ai_agent_1/aggressiveness_level] by /roslaunch
[rosmaster.master][INFO] 2026-05-06 18:14:07,132: +PARAM [/onlane_ai_agent_2/ego_id] by /roslaunch
[rosmaster.master][INFO] 2026-05-06 18:14:07,132: +PARAM [/onlane_ai_agent_2/agent_config_path] by /roslaunch
[rosmaster.master][INFO] 2026-05-06 18:14:07,132: +PARAM [/onlane_ai_agent_2/desired_vel] by /roslaunch
[rosmaster.master][INFO] 2026-05-06 18:14:07,132: +PARAM [/onlane_ai_agent_2/autonomous_level] by /roslaunch
[rosmaster.master][INFO] 2026-05-06 18:14:07,132: +PARAM [/onlane_ai_agent_2/aggressiveness_level] by /roslaunch
[rosmaster.master][INFO] 2026-05-06 18:14:07,132: +PARAM [/onlane_ai_agent_3/ego_id] by /roslaunch
[rosmaster.master][INFO] 2026-05-06 18:14:07,132: +PARAM [/onlane_ai_agent_3/agent_config_path] by /roslaunch
[rosmaster.master][INFO] 2026-05-06 18:14:07,132: +PARAM [/onlane_ai_agent_3/desired_vel] by /roslaunch
[rosmaster.master][INFO] 2026-05-06 18:14:07,132: +PARAM [/onlane_ai_agent_3/autonomous_level] by /roslaunch
[rosmaster.master][INFO] 2026-05-06 18:14:07,132: +PARAM [/onlane_ai_agent_3/aggressiveness_level] by /roslaunch
[rosmaster.master][INFO] 2026-05-06 18:14:07,132: +PARAM [/onlane_ai_agent_4/ego_id] by /roslaunch
[rosmaster.master][INFO] 2026-05-06 18:14:07,132: +PARAM [/onlane_ai_agent_4/agent_config_path] by /roslaunch
[rosmaster.master][INFO] 2026-05-06 18:14:07,132: +PARAM [/onlane_ai_agent_4/desired_vel] by /roslaunch
[rosmaster.master][INFO] 2026-05-06 18:14:07,132: +PARAM [/onlane_ai_agent_4/autonomous_level] by /roslaunch
[rosmaster.master][INFO] 2026-05-06 18:14:07,132: +PARAM [/onlane_ai_agent_4/aggressiveness_level] by /roslaunch
[rosmaster.master][INFO] 2026-05-06 18:14:07,132: +PARAM [/onlane_ai_agent_5/ego_id] by /roslaunch
[rosmaster.master][INFO] 2026-05-06 18:14:07,132: +PARAM [/onlane_ai_agent_5/agent_config_path] by /roslaunch
[rosmaster.master][INFO] 2026-05-06 18:14:07,132: +PARAM [/onlane_ai_agent_5/desired_vel] by /roslaunch
[rosmaster.master][INFO] 2026-05-06 18:14:07,132: +PARAM [/onlane_ai_agent_5/autonomous_level] by /roslaunch
[rosmaster.master][INFO] 2026-05-06 18:14:07,132: +PARAM [/onlane_ai_agent_5/aggressiveness_level] by /roslaunch
[rosmaster.master][INFO] 2026-05-06 18:14:07,132: +PARAM [/onlane_ai_agent_6/ego_id] by /roslaunch
[rosmaster.master][INFO] 2026-05-06 18:14:07,132: +PARAM [/onlane_ai_agent_6/agent_config_path] by /roslaunch
[rosmaster.master][INFO] 2026-05-06 18:14:07,132: +PARAM [/onlane_ai_agent_6/desired_vel] by /roslaunch
[rosmaster.master][INFO] 2026-05-06 18:14:07,132: +PARAM [/onlane_ai_agent_6/autonomous_level] by /roslaunch
[rosmaster.master][INFO] 2026-05-06 18:14:07,132: +PARAM [/onlane_ai_agent_6/aggressiveness_level] by /roslaunch
[rosmaster.master][INFO] 2026-05-06 18:14:07,132: +PARAM [/onlane_ai_agent_7/ego_id] by /roslaunch
[rosmaster.master][INFO] 2026-05-06 18:14:07,132: +PARAM [/onlane_ai_agent_7/agent_config_path] by /roslaunch
[rosmaster.master][INFO] 2026-05-06 18:14:07,132: +PARAM [/onlane_ai_agent_7/desired_vel] by /roslaunch
[rosmaster.master][INFO] 2026-05-06 18:14:07,132: +PARAM [/onlane_ai_agent_7/autonomous_level] by /roslaunch
[rosmaster.master][INFO] 2026-05-06 18:14:07,132: +PARAM [/onlane_ai_agent_7/aggressiveness_level] by /roslaunch
[rosmaster.master][INFO] 2026-05-06 18:14:07,132: +PARAM [/onlane_ai_agent_8/ego_id] by /roslaunch
[rosmaster.master][INFO] 2026-05-06 18:14:07,132: +PARAM [/onlane_ai_agent_8/agent_config_path] by /roslaunch
[rosmaster.master][INFO] 2026-05-06 18:14:07,132: +PARAM [/onlane_ai_agent_8/desired_vel] by /roslaunch
[rosmaster.master][INFO] 2026-05-06 18:14:07,133: +PARAM [/onlane_ai_agent_8/autonomous_level] by /roslaunch
[rosmaster.master][INFO] 2026-05-06 18:14:07,133: +PARAM [/onlane_ai_agent_8/aggressiveness_level] by /roslaunch
[rosmaster.master][INFO] 2026-05-06 18:14:07,133: +PARAM [/onlane_ai_agent_9/ego_id] by /roslaunch
[rosmaster.master][INFO] 2026-05-06 18:14:07,133: +PARAM [/onlane_ai_agent_9/agent_config_path] by /roslaunch
[rosmaster.master][INFO] 2026-05-06 18:14:07,133: +PARAM [/onlane_ai_agent_9/desired_vel] by /roslaunch
[rosmaster.master][INFO] 2026-05-06 18:14:07,133: +PARAM [/onlane_ai_agent_9/autonomous_level] by /roslaunch
[rosmaster.master][INFO] 2026-05-06 18:14:07,133: +PARAM [/onlane_ai_agent_9/aggressiveness_level] by /roslaunch
[rosmaster.master][INFO] 2026-05-06 18:14:07,133: +PARAM [/onlane_ai_agent_10/ego_id] by /roslaunch
[rosmaster.master][INFO] 2026-05-06 18:14:07,133: +PARAM [/onlane_ai_agent_10/agent_config_path] by /roslaunch
[rosmaster.master][INFO] 2026-05-06 18:14:07,133: +PARAM [/onlane_ai_agent_10/desired_vel] by /roslaunch
[rosmaster.master][INFO] 2026-05-06 18:14:07,133: +PARAM [/onlane_ai_agent_10/autonomous_level] by /roslaunch
[rosmaster.master][INFO] 2026-05-06 18:14:07,133: +PARAM [/onlane_ai_agent_10/aggressiveness_level] by /roslaunch
[rosmaster.master][INFO] 2026-05-06 18:14:07,133: +PARAM [/phy_simulator_planning_node/vehicle_info_path] by /roslaunch
[rosmaster.master][INFO] 2026-05-06 18:14:07,133: +PARAM [/phy_simulator_planning_node/map_path] by /roslaunch
[rosmaster.master][INFO] 2026-05-06 18:14:07,133: +PARAM [/phy_simulator_planning_node/lane_net_path] by /roslaunch
[rosmaster.master][INFO] 2026-05-06 18:14:07,135: +SERVICE [/rosout/get_loggers] /rosout http://y:40737/
[rosmaster.master][INFO] 2026-05-06 18:14:07,135: +SERVICE [/rosout/set_logger_level] /rosout http://y:40737/
[rosmaster.master][INFO] 2026-05-06 18:14:07,136: +PUB [/rosout_agg] /rosout http://y:40737/
[rosmaster.master][INFO] 2026-05-06 18:14:07,137: +SUB [/rosout] /rosout http://y:40737/
[rosmaster.master][INFO] 2026-05-06 18:14:07,165: +PUB [/rosout] /onlane_ai_agent_2 http://y:41465/
[rosmaster.master][INFO] 2026-05-06 18:14:07,165: +PUB [/rosout] /onlane_ai_agent_1 http://y:44415/
[rosmaster.master][INFO] 2026-05-06 18:14:07,165: +PUB [/rosout] /test_ssc_with_mpdm_0 http://y:35661/
[rosmaster.master][INFO] 2026-05-06 18:14:07,166: +SERVICE [/onlane_ai_agent_2/get_loggers] /onlane_ai_agent_2 http://y:41465/
[rosmaster.master][INFO] 2026-05-06 18:14:07,168: +SERVICE [/test_ssc_with_mpdm_0/get_loggers] /test_ssc_with_mpdm_0 http://y:35661/
[rosmaster.master][INFO] 2026-05-06 18:14:07,168: +PUB [/rosout] /onlane_ai_agent_3 http://y:44539/
[rosmaster.master][INFO] 2026-05-06 18:14:07,168: +PUB [/rosout] /onlane_ai_agent_4 http://y:35669/
[rosmaster.master][INFO] 2026-05-06 18:14:07,169: +SERVICE [/onlane_ai_agent_2/set_logger_level] /onlane_ai_agent_2 http://y:41465/
[rosmaster.master][INFO] 2026-05-06 18:14:07,169: +SERVICE [/onlane_ai_agent_3/get_loggers] /onlane_ai_agent_3 http://y:44539/
[rosmaster.master][INFO] 2026-05-06 18:14:07,169: +SERVICE [/onlane_ai_agent_4/get_loggers] /onlane_ai_agent_4 http://y:35669/
[rosmaster.master][INFO] 2026-05-06 18:14:07,170: +SERVICE [/test_ssc_with_mpdm_0/set_logger_level] /test_ssc_with_mpdm_0 http://y:35661/
[rosmaster.master][INFO] 2026-05-06 18:14:07,170: +SERVICE [/onlane_ai_agent_3/set_logger_level] /onlane_ai_agent_3 http://y:44539/
[rosmaster.master][INFO] 2026-05-06 18:14:07,171: +SERVICE [/onlane_ai_agent_4/set_logger_level] /onlane_ai_agent_4 http://y:35669/
[rosmaster.master][INFO] 2026-05-06 18:14:07,171: +PUB [/ctrl/agent_2] /onlane_ai_agent_2 http://y:41465/
[rosmaster.master][INFO] 2026-05-06 18:14:07,171: +SERVICE [/onlane_ai_agent_1/get_loggers] /onlane_ai_agent_1 http://y:44415/
[rosmaster.master][INFO] 2026-05-06 18:14:07,173: +PUB [/ctrl/agent_3] /onlane_ai_agent_3 http://y:44539/
[rosmaster.master][INFO] 2026-05-06 18:14:07,174: +PUB [/ctrl/agent_4] /onlane_ai_agent_4 http://y:35669/
[rosmaster.master][INFO] 2026-05-06 18:14:07,175: +SERVICE [/onlane_ai_agent_1/set_logger_level] /onlane_ai_agent_1 http://y:44415/
[rosmaster.master][INFO] 2026-05-06 18:14:07,176: +PUB [/tf] /onlane_ai_agent_2 http://y:41465/
[rosmaster.master][INFO] 2026-05-06 18:14:07,177: +PUB [/vis/agent_2/ego_vehicle_vis] /onlane_ai_agent_2 http://y:41465/
[rosmaster.master][INFO] 2026-05-06 18:14:07,178: +PUB [/tf] /test_ssc_with_mpdm_0 http://y:35661/
[rosmaster.master][INFO] 2026-05-06 18:14:07,180: +PUB [/rosout] /onlane_ai_agent_5 http://y:43461/
[rosmaster.master][INFO] 2026-05-06 18:14:07,181: +PUB [/vis/agent_2/obstacle_map] /onlane_ai_agent_2 http://y:41465/
[rosmaster.master][INFO] 2026-05-06 18:14:07,181: +PUB [/tf] /onlane_ai_agent_4 http://y:35669/
[rosmaster.master][INFO] 2026-05-06 18:14:07,182: +PUB [/vis/agent_0/ego_vehicle_vis] /test_ssc_with_mpdm_0 http://y:35661/
[rosmaster.master][INFO] 2026-05-06 18:14:07,182: +PUB [/tf] /onlane_ai_agent_3 http://y:44539/
[rosmaster.master][INFO] 2026-05-06 18:14:07,182: +PUB [/vis/agent_2/surrounding_lane_net_vis] /onlane_ai_agent_2 http://y:41465/
[rosmaster.master][INFO] 2026-05-06 18:14:07,182: +SERVICE [/onlane_ai_agent_5/get_loggers] /onlane_ai_agent_5 http://y:43461/
[rosmaster.master][INFO] 2026-05-06 18:14:07,183: +PUB [/vis/agent_4/ego_vehicle_vis] /onlane_ai_agent_4 http://y:35669/
[rosmaster.master][INFO] 2026-05-06 18:14:07,183: +PUB [/ctrl/agent_1] /onlane_ai_agent_1 http://y:44415/
[rosmaster.master][INFO] 2026-05-06 18:14:07,183: +PUB [/vis/agent_0/obstacle_map] /test_ssc_with_mpdm_0 http://y:35661/
[rosmaster.master][INFO] 2026-05-06 18:14:07,184: +PUB [/vis/agent_3/ego_vehicle_vis] /onlane_ai_agent_3 http://y:44539/
[rosmaster.master][INFO] 2026-05-06 18:14:07,185: +PUB [/vis/agent_2/local_lanes_vis] /onlane_ai_agent_2 http://y:41465/
[rosmaster.master][INFO] 2026-05-06 18:14:07,185: +PUB [/vis/agent_4/obstacle_map] /onlane_ai_agent_4 http://y:35669/
[rosmaster.master][INFO] 2026-05-06 18:14:07,185: +PUB [/vis/agent_0/surrounding_lane_net_vis] /test_ssc_with_mpdm_0 http://y:35661/
[rosmaster.master][INFO] 2026-05-06 18:14:07,185: +SERVICE [/onlane_ai_agent_5/set_logger_level] /onlane_ai_agent_5 http://y:43461/
[rosmaster.master][INFO] 2026-05-06 18:14:07,187: +PUB [/vis/agent_3/obstacle_map] /onlane_ai_agent_3 http://y:44539/
[rosmaster.master][INFO] 2026-05-06 18:14:07,187: +PUB [/vis/agent_2/ego_behavior_vis] /onlane_ai_agent_2 http://y:41465/
[rosmaster.master][INFO] 2026-05-06 18:14:07,188: +PUB [/vis/agent_4/surrounding_lane_net_vis] /onlane_ai_agent_4 http://y:35669/
[rosmaster.master][INFO] 2026-05-06 18:14:07,188: +PUB [/rosout] /onlane_ai_agent_6 http://y:33107/
[rosmaster.master][INFO] 2026-05-06 18:14:07,188: +PUB [/vis/agent_0/local_lanes_vis] /test_ssc_with_mpdm_0 http://y:35661/
[rosmaster.master][INFO] 2026-05-06 18:14:07,189: +PUB [/vis/agent_3/surrounding_lane_net_vis] /onlane_ai_agent_3 http://y:44539/
[rosmaster.master][INFO] 2026-05-06 18:14:07,189: +PUB [/vis/agent_2/pred_traj_openloop_vis] /onlane_ai_agent_2 http://y:41465/
[rosmaster.master][INFO] 2026-05-06 18:14:07,190: +PUB [/vis/agent_4/local_lanes_vis] /onlane_ai_agent_4 http://y:35669/
[rosmaster.master][INFO] 2026-05-06 18:14:07,190: +SERVICE [/onlane_ai_agent_6/get_loggers] /onlane_ai_agent_6 http://y:33107/
[rosmaster.master][INFO] 2026-05-06 18:14:07,191: +PUB [/vis/agent_0/ego_behavior_vis] /test_ssc_with_mpdm_0 http://y:35661/
[rosmaster.master][INFO] 2026-05-06 18:14:07,191: +PUB [/vis/agent_3/local_lanes_vis] /onlane_ai_agent_3 http://y:44539/
[rosmaster.master][INFO] 2026-05-06 18:14:07,191: +PUB [/vis/agent_2/pred_initial_intention_vis] /onlane_ai_agent_2 http://y:41465/
[rosmaster.master][INFO] 2026-05-06 18:14:07,192: +PUB [/vis/agent_4/ego_behavior_vis] /onlane_ai_agent_4 http://y:35669/
[rosmaster.master][INFO] 2026-05-06 18:14:07,192: +PUB [/tf] /onlane_ai_agent_1 http://y:44415/
[rosmaster.master][INFO] 2026-05-06 18:14:07,192: +PUB [/ctrl/agent_5] /onlane_ai_agent_5 http://y:43461/
[rosmaster.master][INFO] 2026-05-06 18:14:07,193: +SERVICE [/onlane_ai_agent_6/set_logger_level] /onlane_ai_agent_6 http://y:33107/
[rosmaster.master][INFO] 2026-05-06 18:14:07,193: +PUB [/vis/agent_4/pred_traj_openloop_vis] /onlane_ai_agent_4 http://y:35669/
[rosmaster.master][INFO] 2026-05-06 18:14:07,194: +PUB [/vis/agent_0/pred_traj_openloop_vis] /test_ssc_with_mpdm_0 http://y:35661/
[rosmaster.master][INFO] 2026-05-06 18:14:07,195: +PUB [/vis/agent_3/ego_behavior_vis] /onlane_ai_agent_3 http://y:44539/
[rosmaster.master][INFO] 2026-05-06 18:14:07,196: +PUB [/vis/agent_2/surrounding_vehicle_vis] /onlane_ai_agent_2 http://y:41465/
[rosmaster.master][INFO] 2026-05-06 18:14:07,196: publisherUpdate[/rosout] -> http://y:40737/ ['http://y:41465/']
[rosmaster.master][INFO] 2026-05-06 18:14:07,197: +PUB [/vis/agent_1/ego_vehicle_vis] /onlane_ai_agent_1 http://y:44415/
[rosmaster.master][INFO] 2026-05-06 18:14:07,200: +PUB [/ctrl/agent_6] /onlane_ai_agent_6 http://y:33107/
[rosmaster.master][INFO] 2026-05-06 18:14:07,203: +PUB [/vis/agent_4/pred_initial_intention_vis] /onlane_ai_agent_4 http://y:35669/
[rosmaster.master][INFO] 2026-05-06 18:14:07,205: +PUB [/vis/agent_0/pred_initial_intention_vis] /test_ssc_with_mpdm_0 http://y:35661/
[rosmaster.master][INFO] 2026-05-06 18:14:07,205: +PUB [/rosout] /onlane_ai_agent_7 http://y:43985/
[rosmaster.master][INFO] 2026-05-06 18:14:07,207: +PUB [/vis/agent_2/speed_limit] /onlane_ai_agent_2 http://y:41465/
[rosmaster.master][INFO] 2026-05-06 18:14:07,208: +PUB [/vis/agent_4/surrounding_vehicle_vis] /onlane_ai_agent_4 http://y:35669/
[rosmaster.master][INFO] 2026-05-06 18:14:07,208: publisherUpdate[/rosout] -> http://y:40737/ ['http://y:41465/']: sec=0.01, result=[1, '', 0]
[rosmaster.master][INFO] 2026-05-06 18:14:07,209: publisherUpdate[/rosout] -> http://y:40737/ ['http://y:41465/', 'http://y:44415/']
[rosmaster.master][INFO] 2026-05-06 18:14:07,210: +PUB [/vis/agent_1/obstacle_map] /onlane_ai_agent_1 http://y:44415/
[rosmaster.master][INFO] 2026-05-06 18:14:07,210: +PUB [/tf] /onlane_ai_agent_5 http://y:43461/
[rosmaster.master][INFO] 2026-05-06 18:14:07,210: +PUB [/rosout] /onlane_ai_agent_8 http://y:37279/
[rosmaster.master][INFO] 2026-05-06 18:14:07,211: +SERVICE [/onlane_ai_agent_7/get_loggers] /onlane_ai_agent_7 http://y:43985/
[rosmaster.master][INFO] 2026-05-06 18:14:07,216: publisherUpdate[/rosout] -> http://y:40737/ ['http://y:41465/', 'http://y:44415/']: sec=0.01, result=[1, '', 0]
[rosmaster.master][INFO] 2026-05-06 18:14:07,220: publisherUpdate[/rosout] -> http://y:40737/ ['http://y:41465/', 'http://y:44415/', 'http://y:35661/']
[rosmaster.master][INFO] 2026-05-06 18:14:07,220: +PUB [/vis/agent_0/surrounding_vehicle_vis] /test_ssc_with_mpdm_0 http://y:35661/
[rosmaster.master][INFO] 2026-05-06 18:14:07,221: publisherUpdate[/rosout] -> http://y:40737/ ['http://y:41465/', 'http://y:44415/', 'http://y:35661/']: sec=0.00, result=[1, '', 0]
[rosmaster.master][INFO] 2026-05-06 18:14:07,221: publisherUpdate[/rosout] -> http://y:40737/ ['http://y:41465/', 'http://y:44415/', 'http://y:35661/', 'http://y:44539/']
[rosmaster.master][INFO] 2026-05-06 18:14:07,221: +PUB [/vis/agent_3/pred_traj_openloop_vis] /onlane_ai_agent_3 http://y:44539/
[rosmaster.master][INFO] 2026-05-06 18:14:07,221: +PUB [/rosout] /onlane_ai_agent_9 http://y:39371/
[rosmaster.master][INFO] 2026-05-06 18:14:07,221: +PUB [/vis/agent_4/speed_limit] /onlane_ai_agent_4 http://y:35669/
[rosmaster.master][INFO] 2026-05-06 18:14:07,222: +PUB [/vis/agent_5/ego_vehicle_vis] /onlane_ai_agent_5 http://y:43461/
[rosmaster.master][INFO] 2026-05-06 18:14:07,222: publisherUpdate[/rosout] -> http://y:40737/ ['http://y:41465/', 'http://y:44415/', 'http://y:35661/', 'http://y:44539/']: sec=0.00, result=[1, '', 0]
[rosmaster.master][INFO] 2026-05-06 18:14:07,222: publisherUpdate[/rosout] -> http://y:40737/ ['http://y:41465/', 'http://y:44415/', 'http://y:35661/', 'http://y:44539/', 'http://y:35669/']
[rosmaster.master][INFO] 2026-05-06 18:14:07,222: +PUB [/vis/agent_1/surrounding_lane_net_vis] /onlane_ai_agent_1 http://y:44415/
[rosmaster.master][INFO] 2026-05-06 18:14:07,223: +SERVICE [/onlane_ai_agent_8/get_loggers] /onlane_ai_agent_8 http://y:37279/
[rosmaster.master][INFO] 2026-05-06 18:14:07,223: publisherUpdate[/rosout] -> http://y:40737/ ['http://y:41465/', 'http://y:44415/', 'http://y:35661/', 'http://y:44539/', 'http://y:35669/']: sec=0.00, result=[1, '', 0]
[rosmaster.master][INFO] 2026-05-06 18:14:07,223: publisherUpdate[/rosout] -> http://y:40737/ ['http://y:41465/', 'http://y:44415/', 'http://y:35661/', 'http://y:44539/', 'http://y:35669/', 'http://y:43461/']
[rosmaster.master][INFO] 2026-05-06 18:14:07,223: +PUB [/rosout] /onlane_ai_agent_10 http://y:34941/
[rosmaster.master][INFO] 2026-05-06 18:14:07,224: publisherUpdate[/rosout] -> http://y:40737/ ['http://y:41465/', 'http://y:44415/', 'http://y:35661/', 'http://y:44539/', 'http://y:35669/', 'http://y:43461/']: sec=0.00, result=[1, '', 0]
[rosmaster.master][INFO] 2026-05-06 18:14:07,224: publisherUpdate[/rosout] -> http://y:40737/ ['http://y:41465/', 'http://y:44415/', 'http://y:35661/', 'http://y:44539/', 'http://y:35669/', 'http://y:43461/', 'http://y:33107/']
[rosmaster.master][INFO] 2026-05-06 18:14:07,224: +PUB [/tf] /onlane_ai_agent_6 http://y:33107/
[rosmaster.master][INFO] 2026-05-06 18:14:07,225: +PUB [/vis/agent_0/speed_limit] /test_ssc_with_mpdm_0 http://y:35661/
[rosmaster.master][INFO] 2026-05-06 18:14:07,225: publisherUpdate[/rosout] -> http://y:40737/ ['http://y:41465/', 'http://y:44415/', 'http://y:35661/', 'http://y:44539/', 'http://y:35669/', 'http://y:43461/', 'http://y:33107/']: sec=0.00, result=[1, '', 0]
[rosmaster.master][INFO] 2026-05-06 18:14:07,225: publisherUpdate[/rosout] -> http://y:40737/ ['http://y:41465/', 'http://y:44415/', 'http://y:35661/', 'http://y:44539/', 'http://y:35669/', 'http://y:43461/', 'http://y:33107/', 'http://y:43985/']
[rosmaster.master][INFO] 2026-05-06 18:14:07,225: +PUB [/vis/agent_3/pred_initial_intention_vis] /onlane_ai_agent_3 http://y:44539/
[rosmaster.master][INFO] 2026-05-06 18:14:07,225: +PUB [/vis/agent_5/obstacle_map] /onlane_ai_agent_5 http://y:43461/
[rosmaster.master][INFO] 2026-05-06 18:14:07,226: +SERVICE [/onlane_ai_agent_7/set_logger_level] /onlane_ai_agent_7 http://y:43985/
[rosmaster.master][INFO] 2026-05-06 18:14:07,226: publisherUpdate[/rosout] -> http://y:40737/ ['http://y:41465/', 'http://y:44415/', 'http://y:35661/', 'http://y:44539/', 'http://y:35669/', 'http://y:43461/', 'http://y:33107/', 'http://y:43985/']: sec=0.00, result=[1, '', 0]
[rosmaster.master][INFO] 2026-05-06 18:14:07,226: +PUB [/vis/agent_0/ssc/map_vis] /test_ssc_with_mpdm_0 http://y:35661/
[rosmaster.master][INFO] 2026-05-06 18:14:07,226: publisherUpdate[/rosout] -> http://y:40737/ ['http://y:41465/', 'http://y:44415/', 'http://y:35661/', 'http://y:44539/', 'http://y:35669/', 'http://y:43461/', 'http://y:33107/', 'http://y:43985/', 'http://y:37279/']
[rosmaster.master][INFO] 2026-05-06 18:14:07,227: +PUB [/vis/agent_5/surrounding_lane_net_vis] /onlane_ai_agent_5 http://y:43461/
[rosmaster.master][INFO] 2026-05-06 18:14:07,227: +PUB [/vis/agent_3/surrounding_vehicle_vis] /onlane_ai_agent_3 http://y:44539/
[rosmaster.master][INFO] 2026-05-06 18:14:07,227: +SUB [/arena_info_static] /onlane_ai_agent_4 http://y:35669/
[rosmaster.master][INFO] 2026-05-06 18:14:07,227: publisherUpdate[/rosout] -> http://y:40737/ ['http://y:41465/', 'http://y:44415/', 'http://y:35661/', 'http://y:44539/', 'http://y:35669/', 'http://y:43461/', 'http://y:33107/', 'http://y:43985/', 'http://y:37279/']: sec=0.00, result=[1, '', 0]
[rosmaster.master][INFO] 2026-05-06 18:14:07,228: publisherUpdate[/rosout] -> http://y:40737/ ['http://y:41465/', 'http://y:44415/', 'http://y:35661/', 'http://y:44539/', 'http://y:35669/', 'http://y:43461/', 'http://y:33107/', 'http://y:43985/', 'http://y:37279/', 'http://y:39371/']
[rosmaster.master][INFO] 2026-05-06 18:14:07,227: +PUB [/vis/agent_3/speed_limit] /onlane_ai_agent_3 http://y:44539/
[rosmaster.master][INFO] 2026-05-06 18:14:07,229: +PUB [/vis/agent_0/ssc/qp_vis] /test_ssc_with_mpdm_0 http://y:35661/
[rosmaster.master][INFO] 2026-05-06 18:14:07,229: publisherUpdate[/rosout] -> http://y:40737/ ['http://y:41465/', 'http://y:44415/', 'http://y:35661/', 'http://y:44539/', 'http://y:35669/', 'http://y:43461/', 'http://y:33107/', 'http://y:43985/', 'http://y:37279/', 'http://y:39371/']: sec=0.00, result=[1, '', 0]
[rosmaster.master][INFO] 2026-05-06 18:14:07,229: publisherUpdate[/rosout] -> http://y:40737/ ['http://y:41465/', 'http://y:44415/', 'http://y:35661/', 'http://y:44539/', 'http://y:35669/', 'http://y:43461/', 'http://y:33107/', 'http://y:43985/', 'http://y:37279/', 'http://y:39371/', 'http://y:34941/']
[rosmaster.master][INFO] 2026-05-06 18:14:07,229: +PUB [/vis/agent_5/local_lanes_vis] /onlane_ai_agent_5 http://y:43461/
[rosmaster.master][INFO] 2026-05-06 18:14:07,229: +SERVICE [/onlane_ai_agent_9/get_loggers] /onlane_ai_agent_9 http://y:39371/
[rosmaster.master][INFO] 2026-05-06 18:14:07,230: publisherUpdate[/rosout] -> http://y:40737/ ['http://y:41465/', 'http://y:44415/', 'http://y:35661/', 'http://y:44539/', 'http://y:35669/', 'http://y:43461/', 'http://y:33107/', 'http://y:43985/', 'http://y:37279/', 'http://y:39371/', 'http://y:34941/']: sec=0.00, result=[1, '', 0]
[rosmaster.master][INFO] 2026-05-06 18:14:07,230: +PUB [/vis/agent_6/ego_vehicle_vis] /onlane_ai_agent_6 http://y:33107/
[rosmaster.master][INFO] 2026-05-06 18:14:07,232: +PUB [/vis/agent_1/local_lanes_vis] /onlane_ai_agent_1 http://y:44415/
[rosmaster.master][INFO] 2026-05-06 18:14:07,232: +PUB [/vis/agent_0/ssc/ego_fs_vis] /test_ssc_with_mpdm_0 http://y:35661/
[rosmaster.master][INFO] 2026-05-06 18:14:07,233: +PUB [/vis/agent_5/ego_behavior_vis] /onlane_ai_agent_5 http://y:43461/
[rosmaster.master][INFO] 2026-05-06 18:14:07,233: +PUB [/vis/agent_6/obstacle_map] /onlane_ai_agent_6 http://y:33107/
[rosmaster.master][INFO] 2026-05-06 18:14:07,233: +PUB [/vis/agent_5/pred_traj_openloop_vis] /onlane_ai_agent_5 http://y:43461/
[rosmaster.master][INFO] 2026-05-06 18:14:07,233: +SERVICE [/onlane_ai_agent_9/set_logger_level] /onlane_ai_agent_9 http://y:39371/
[rosmaster.master][INFO] 2026-05-06 18:14:07,234: +SUB [/arena_info_dynamic] /onlane_ai_agent_4 http://y:35669/
[rosmaster.master][INFO] 2026-05-06 18:14:07,234: +PUB [/vis/agent_6/surrounding_lane_net_vis] /onlane_ai_agent_6 http://y:33107/
[rosmaster.master][INFO] 2026-05-06 18:14:07,236: +PUB [/vis/agent_0/ssc/forward_trajs_vis] /test_ssc_with_mpdm_0 http://y:35661/
[rosmaster.master][INFO] 2026-05-06 18:14:07,236: +PUB [/vis/agent_5/pred_initial_intention_vis] /onlane_ai_agent_5 http://y:43461/
[rosmaster.master][INFO] 2026-05-06 18:14:07,236: +SERVICE [/onlane_ai_agent_10/get_loggers] /onlane_ai_agent_10 http://y:34941/
[rosmaster.master][INFO] 2026-05-06 18:14:07,236: +PUB [/ctrl/agent_9] /onlane_ai_agent_9 http://y:39371/
[rosmaster.master][INFO] 2026-05-06 18:14:07,237: +PUB [/vis/agent_6/local_lanes_vis] /onlane_ai_agent_6 http://y:33107/
[rosmaster.master][INFO] 2026-05-06 18:14:07,240: +SERVICE [/onlane_ai_agent_10/set_logger_level] /onlane_ai_agent_10 http://y:34941/
[rosmaster.master][INFO] 2026-05-06 18:14:07,240: +PUB [/vis/agent_5/surrounding_vehicle_vis] /onlane_ai_agent_5 http://y:43461/
[rosmaster.master][INFO] 2026-05-06 18:14:07,241: +PUB [/vis/agent_0/ssc/sur_vehicle_trajs_vis] /test_ssc_with_mpdm_0 http://y:35661/
[rosmaster.master][INFO] 2026-05-06 18:14:07,242: +SERVICE [/onlane_ai_agent_8/set_logger_level] /onlane_ai_agent_8 http://y:37279/
[rosmaster.master][INFO] 2026-05-06 18:14:07,242: +PUB [/vis/agent_1/ego_behavior_vis] /onlane_ai_agent_1 http://y:44415/
[rosmaster.master][INFO] 2026-05-06 18:14:07,242: +PUB [/vis/agent_6/ego_behavior_vis] /onlane_ai_agent_6 http://y:33107/
[rosmaster.master][INFO] 2026-05-06 18:14:07,243: +PUB [/rosout] /phy_simulator_planning_node http://y:35025/
[rosmaster.master][INFO] 2026-05-06 18:14:07,243: +PUB [/vis/agent_5/speed_limit] /onlane_ai_agent_5 http://y:43461/
[rosmaster.master][INFO] 2026-05-06 18:14:07,243: +PUB [/tf] /onlane_ai_agent_9 http://y:39371/
[rosmaster.master][INFO] 2026-05-06 18:14:07,243: +PUB [/ctrl/agent_10] /onlane_ai_agent_10 http://y:34941/
[rosmaster.master][INFO] 2026-05-06 18:14:07,243: +PUB [/vis/agent_0/ssc/corridor_vis] /test_ssc_with_mpdm_0 http://y:35661/
[rosmaster.master][INFO] 2026-05-06 18:14:07,244: +PUB [/vis/agent_9/ego_vehicle_vis] /onlane_ai_agent_9 http://y:39371/
[rosmaster.master][INFO] 2026-05-06 18:14:07,245: +SUB [/arena_info_static] /onlane_ai_agent_5 http://y:43461/
[rosmaster.master][INFO] 2026-05-06 18:14:07,246: +PUB [/tf] /onlane_ai_agent_10 http://y:34941/
[rosmaster.master][INFO] 2026-05-06 18:14:07,247: +PUB [/vis/agent_10/ego_vehicle_vis] /onlane_ai_agent_10 http://y:34941/
[rosmaster.master][INFO] 2026-05-06 18:14:07,247: +PUB [/vis/agent_9/obstacle_map] /onlane_ai_agent_9 http://y:39371/
[rosmaster.master][INFO] 2026-05-06 18:14:07,248: +PUB [/vis/agent_10/obstacle_map] /onlane_ai_agent_10 http://y:34941/
[rosmaster.master][INFO] 2026-05-06 18:14:07,248: +PUB [/vis/agent_10/surrounding_lane_net_vis] /onlane_ai_agent_10 http://y:34941/
[rosmaster.master][INFO] 2026-05-06 18:14:07,248: +PUB [/vis/agent_10/local_lanes_vis] /onlane_ai_agent_10 http://y:34941/
[rosmaster.master][INFO] 2026-05-06 18:14:07,248: +PUB [/vis/agent_10/ego_behavior_vis] /onlane_ai_agent_10 http://y:34941/
[rosmaster.master][INFO] 2026-05-06 18:14:07,248: +PUB [/vis/agent_10/pred_traj_openloop_vis] /onlane_ai_agent_10 http://y:34941/
[rosmaster.master][INFO] 2026-05-06 18:14:07,249: +SUB [/arena_info_dynamic] /onlane_ai_agent_5 http://y:43461/
[rosmaster.master][INFO] 2026-05-06 18:14:07,250: +SUB [/arena_info_static] /onlane_ai_agent_2 http://y:41465/
[rosmaster.master][INFO] 2026-05-06 18:14:07,250: +PUB [/vis/agent_10/pred_initial_intention_vis] /onlane_ai_agent_10 http://y:34941/
[rosmaster.master][INFO] 2026-05-06 18:14:07,251: +SUB [/joy] /onlane_ai_agent_5 http://y:43461/
[rosmaster.master][INFO] 2026-05-06 18:14:07,251: +PUB [/vis/agent_10/surrounding_vehicle_vis] /onlane_ai_agent_10 http://y:34941/
[rosmaster.master][INFO] 2026-05-06 18:14:07,252: +SUB [/joy] /onlane_ai_agent_4 http://y:35669/
[rosmaster.master][INFO] 2026-05-06 18:14:07,254: +PUB [/vis/agent_4/forward_trajs] /onlane_ai_agent_4 http://y:35669/
[rosmaster.master][INFO] 2026-05-06 18:14:07,255: +PUB [/vis/agent_9/surrounding_lane_net_vis] /onlane_ai_agent_9 http://y:39371/
[rosmaster.master][INFO] 2026-05-06 18:14:07,255: +PUB [/vis/agent_10/speed_limit] /onlane_ai_agent_10 http://y:34941/
[rosmaster.master][INFO] 2026-05-06 18:14:07,256: +PUB [/vis/agent_1/pred_traj_openloop_vis] /onlane_ai_agent_1 http://y:44415/
[rosmaster.master][INFO] 2026-05-06 18:14:07,256: +SUB [/arena_info_dynamic] /onlane_ai_agent_2 http://y:41465/
[rosmaster.master][INFO] 2026-05-06 18:14:07,256: +PUB [/vis/agent_5/forward_trajs] /onlane_ai_agent_5 http://y:43461/
[rosmaster.master][INFO] 2026-05-06 18:14:07,258: +PUB [/vis/agent_1/pred_initial_intention_vis] /onlane_ai_agent_1 http://y:44415/
[rosmaster.master][INFO] 2026-05-06 18:14:07,261: +SUB [/arena_info_static] /onlane_ai_agent_10 http://y:34941/
[rosmaster.master][INFO] 2026-05-06 18:14:07,261: +SERVICE [/phy_simulator_planning_node/get_loggers] /phy_simulator_planning_node http://y:35025/
[rosmaster.master][INFO] 2026-05-06 18:14:07,262: +SUB [/joy] /onlane_ai_agent_2 http://y:41465/
[rosmaster.master][INFO] 2026-05-06 18:14:07,263: +PUB [/ctrl/agent_0] /test_ssc_with_mpdm_0 http://y:35661/
[rosmaster.master][INFO] 2026-05-06 18:14:07,263: +PUB [/test_ssc_with_mpdm_0/ssc_map] /test_ssc_with_mpdm_0 http://y:35661/
[rosmaster.master][INFO] 2026-05-06 18:14:07,263: +PUB [/vis/agent_0/ssc/exec_traj] /test_ssc_with_mpdm_0 http://y:35661/
[rosmaster.master][INFO] 2026-05-06 18:14:07,264: +SUB [/arena_info_dynamic] /onlane_ai_agent_10 http://y:34941/
[rosmaster.master][INFO] 2026-05-06 18:14:07,264: +PUB [/vis/agent_1/surrounding_vehicle_vis] /onlane_ai_agent_1 http://y:44415/
[rosmaster.master][INFO] 2026-05-06 18:14:07,265: +SUB [/joy] /test_ssc_with_mpdm_0 http://y:35661/
[rosmaster.master][INFO] 2026-05-06 18:14:07,266: +SUB [/joy] /onlane_ai_agent_10 http://y:34941/
[rosmaster.master][INFO] 2026-05-06 18:14:07,266: +PUB [/vis/agent_10/forward_trajs] /onlane_ai_agent_10 http://y:34941/
[rosmaster.master][INFO] 2026-05-06 18:14:07,268: +PUB [/vis/agent_9/local_lanes_vis] /onlane_ai_agent_9 http://y:39371/
[rosmaster.master][INFO] 2026-05-06 18:14:07,268: +PUB [/vis/agent_9/ego_behavior_vis] /onlane_ai_agent_9 http://y:39371/
[rosmaster.master][INFO] 2026-05-06 18:14:07,268: +PUB [/vis/agent_9/pred_traj_openloop_vis] /onlane_ai_agent_9 http://y:39371/
[rosmaster.master][INFO] 2026-05-06 18:14:07,269: +PUB [/vis/agent_9/pred_initial_intention_vis] /onlane_ai_agent_9 http://y:39371/
[rosmaster.master][INFO] 2026-05-06 18:14:07,269: +PUB [/vis/agent_9/surrounding_vehicle_vis] /onlane_ai_agent_9 http://y:39371/
[rosmaster.master][INFO] 2026-05-06 18:14:07,269: +PUB [/vis/agent_9/speed_limit] /onlane_ai_agent_9 http://y:39371/
[rosmaster.master][INFO] 2026-05-06 18:14:07,270: +PUB [/vis/agent_1/speed_limit] /onlane_ai_agent_1 http://y:44415/
[rosmaster.master][INFO] 2026-05-06 18:14:07,270: +PUB [/vis/agent_0/forward_trajs] /test_ssc_with_mpdm_0 http://y:35661/
[rosmaster.master][INFO] 2026-05-06 18:14:07,273: +PUB [/ctrl/agent_7] /onlane_ai_agent_7 http://y:43985/
[rosmaster.master][INFO] 2026-05-06 18:14:07,274: +PUB [/vis/agent_2/forward_trajs] /onlane_ai_agent_2 http://y:41465/
[rosmaster.master][INFO] 2026-05-06 18:14:07,276: +SUB [/arena_info_static] /onlane_ai_agent_3 http://y:44539/
[rosmaster.master][INFO] 2026-05-06 18:14:07,277: +SERVICE [/phy_simulator_planning_node/set_logger_level] /phy_simulator_planning_node http://y:35025/
[rosmaster.master][INFO] 2026-05-06 18:14:07,277: +SUB [/arena_info_static] /onlane_ai_agent_1 http://y:44415/
[rosmaster.master][INFO] 2026-05-06 18:14:07,278: +PUB [/tf] /onlane_ai_agent_7 http://y:43985/
[rosmaster.master][INFO] 2026-05-06 18:14:07,282: +SUB [/arena_info_static] /test_ssc_with_mpdm_0 http://y:35661/
[rosmaster.master][INFO] 2026-05-06 18:14:07,284: +SUB [/arena_info_static] /onlane_ai_agent_9 http://y:39371/
[rosmaster.master][INFO] 2026-05-06 18:14:07,285: +PUB [/vis/agent_6/pred_traj_openloop_vis] /onlane_ai_agent_6 http://y:33107/
[rosmaster.master][INFO] 2026-05-06 18:14:07,285: +PUB [/vis/agent_7/ego_vehicle_vis] /onlane_ai_agent_7 http://y:43985/
[rosmaster.master][INFO] 2026-05-06 18:14:07,286: +SUB [/arena_info_dynamic] /onlane_ai_agent_1 http://y:44415/
[rosmaster.master][INFO] 2026-05-06 18:14:07,286: +PUB [/vis/agent_6/pred_initial_intention_vis] /onlane_ai_agent_6 http://y:33107/
[rosmaster.master][INFO] 2026-05-06 18:14:07,287: +SUB [/arena_info_dynamic] /test_ssc_with_mpdm_0 http://y:35661/
[rosmaster.master][INFO] 2026-05-06 18:14:07,287: +PUB [/vis/agent_7/obstacle_map] /onlane_ai_agent_7 http://y:43985/
[rosmaster.master][INFO] 2026-05-06 18:14:07,288: +PUB [/vis/agent_6/surrounding_vehicle_vis] /onlane_ai_agent_6 http://y:33107/
[rosmaster.master][INFO] 2026-05-06 18:14:07,288: +PUB [/vis/agent_6/speed_limit] /onlane_ai_agent_6 http://y:33107/
[rosmaster.master][INFO] 2026-05-06 18:14:07,289: +SUB [/arena_info_dynamic] /onlane_ai_agent_9 http://y:39371/
[rosmaster.master][INFO] 2026-05-06 18:14:07,289: +SUB [/joy] /onlane_ai_agent_1 http://y:44415/
[rosmaster.master][INFO] 2026-05-06 18:14:07,289: +PUB [/vis/agent_7/surrounding_lane_net_vis] /onlane_ai_agent_7 http://y:43985/
[rosmaster.master][INFO] 2026-05-06 18:14:07,290: +PUB [/vis/agent_1/forward_trajs] /onlane_ai_agent_1 http://y:44415/
[rosmaster.master][INFO] 2026-05-06 18:14:07,290: +SUB [/arena_info_dynamic] /onlane_ai_agent_3 http://y:44539/
[rosmaster.master][INFO] 2026-05-06 18:14:07,292: +PUB [/ctrl/agent_8] /onlane_ai_agent_8 http://y:37279/
[rosmaster.master][INFO] 2026-05-06 18:14:07,292: +SUB [/joy] /onlane_ai_agent_9 http://y:39371/
[rosmaster.master][INFO] 2026-05-06 18:14:07,293: +SUB [/joy] /onlane_ai_agent_3 http://y:44539/
[rosmaster.master][INFO] 2026-05-06 18:14:07,293: +SUB [/arena_info_static] /onlane_ai_agent_6 http://y:33107/
[rosmaster.master][INFO] 2026-05-06 18:14:07,294: +PUB [/vis/agent_3/forward_trajs] /onlane_ai_agent_3 http://y:44539/
[rosmaster.master][INFO] 2026-05-06 18:14:07,294: +PUB [/vis/agent_9/forward_trajs] /onlane_ai_agent_9 http://y:39371/
[rosmaster.master][INFO] 2026-05-06 18:14:07,295: +PUB [/vis/agent_7/local_lanes_vis] /onlane_ai_agent_7 http://y:43985/
[rosmaster.master][INFO] 2026-05-06 18:14:07,296: +PUB [/vis/agent_7/ego_behavior_vis] /onlane_ai_agent_7 http://y:43985/
[rosmaster.master][INFO] 2026-05-06 18:14:07,297: +PUB [/vis/agent_7/pred_traj_openloop_vis] /onlane_ai_agent_7 http://y:43985/
[rosmaster.master][INFO] 2026-05-06 18:14:07,297: publisherUpdate[/rosout] -> http://y:40737/ ['http://y:41465/', 'http://y:44415/', 'http://y:35661/', 'http://y:44539/', 'http://y:35669/', 'http://y:43461/', 'http://y:33107/', 'http://y:43985/', 'http://y:37279/', 'http://y:39371/', 'http://y:34941/', 'http://y:35025/']
[rosmaster.master][INFO] 2026-05-06 18:14:07,298: +PUB [/arena_info_static] /phy_simulator_planning_node http://y:35025/
[rosmaster.master][INFO] 2026-05-06 18:14:07,299: +PUB [/vis/agent_7/pred_initial_intention_vis] /onlane_ai_agent_7 http://y:43985/
[rosmaster.master][INFO] 2026-05-06 18:14:07,299: +SUB [/arena_info_dynamic] /onlane_ai_agent_6 http://y:33107/
[rosmaster.master][INFO] 2026-05-06 18:14:07,299: publisherUpdate[/rosout] -> http://y:40737/ ['http://y:41465/', 'http://y:44415/', 'http://y:35661/', 'http://y:44539/', 'http://y:35669/', 'http://y:43461/', 'http://y:33107/', 'http://y:43985/', 'http://y:37279/', 'http://y:39371/', 'http://y:34941/', 'http://y:35025/']: sec=0.00, result=[1, '', 0]
[rosmaster.master][INFO] 2026-05-06 18:14:07,300: +PUB [/vis/agent_7/surrounding_vehicle_vis] /onlane_ai_agent_7 http://y:43985/
[rosmaster.master][INFO] 2026-05-06 18:14:07,300: publisherUpdate[/arena_info_static] -> http://y:35669/ ['http://y:35025/']
[rosmaster.master][INFO] 2026-05-06 18:14:07,301: +SUB [/joy] /onlane_ai_agent_6 http://y:33107/
[rosmaster.master][INFO] 2026-05-06 18:14:07,301: +PUB [/vis/agent_7/speed_limit] /onlane_ai_agent_7 http://y:43985/
[rosmaster.master][INFO] 2026-05-06 18:14:07,301: publisherUpdate[/arena_info_static] -> http://y:35669/ ['http://y:35025/']: sec=0.00, result=[1, '', 0]
[rosmaster.master][INFO] 2026-05-06 18:14:07,302: publisherUpdate[/arena_info_static] -> http://y:43461/ ['http://y:35025/']
[rosmaster.master][INFO] 2026-05-06 18:14:07,302: +PUB [/arena_info_dynamic] /phy_simulator_planning_node http://y:35025/
[rosmaster.master][INFO] 2026-05-06 18:14:07,302: publisherUpdate[/arena_info_static] -> http://y:43461/ ['http://y:35025/']: sec=0.00, result=[1, '', 0]
[rosmaster.master][INFO] 2026-05-06 18:14:07,304: +PUB [/vis/agent_6/forward_trajs] /onlane_ai_agent_6 http://y:33107/
[rosmaster.master][INFO] 2026-05-06 18:14:07,304: publisherUpdate[/arena_info_static] -> http://y:41465/ ['http://y:35025/']
[rosmaster.master][INFO] 2026-05-06 18:14:07,305: +PUB [/phy_simulator_planning_node/vis/vehicle_set_vis] /phy_simulator_planning_node http://y:35025/
[rosmaster.master][INFO] 2026-05-06 18:14:07,305: +PUB [/phy_simulator_planning_node/vis/lane_net_vis] /phy_simulator_planning_node http://y:35025/
[rosmaster.master][INFO] 2026-05-06 18:14:07,305: publisherUpdate[/arena_info_static] -> http://y:41465/ ['http://y:35025/']: sec=0.00, result=[1, '', 0]
[rosmaster.master][INFO] 2026-05-06 18:14:07,306: publisherUpdate[/arena_info_static] -> http://y:34941/ ['http://y:35025/']
[rosmaster.master][INFO] 2026-05-06 18:14:07,306: +SUB [/arena_info_static] /onlane_ai_agent_7 http://y:43985/
[rosmaster.master][INFO] 2026-05-06 18:14:07,306: +PUB [/phy_simulator_planning_node/vis/obstacle_set_vis] /phy_simulator_planning_node http://y:35025/
[rosmaster.master][INFO] 2026-05-06 18:14:07,308: +SUB [/ctrl/agent_10] /phy_simulator_planning_node http://y:35025/
[rosmaster.master][INFO] 2026-05-06 18:14:07,309: +SUB [/ctrl/agent_9] /phy_simulator_planning_node http://y:35025/
[rosmaster.master][INFO] 2026-05-06 18:14:07,309: +PUB [/tf] /onlane_ai_agent_8 http://y:37279/
[rosmaster.master][INFO] 2026-05-06 18:14:07,310: +SUB [/ctrl/agent_8] /phy_simulator_planning_node http://y:35025/
[rosmaster.master][INFO] 2026-05-06 18:14:07,311: +PUB [/vis/agent_8/ego_vehicle_vis] /onlane_ai_agent_8 http://y:37279/
[rosmaster.master][INFO] 2026-05-06 18:14:07,312: +SUB [/ctrl/agent_7] /phy_simulator_planning_node http://y:35025/
[rosmaster.master][INFO] 2026-05-06 18:14:07,312: +SUB [/arena_info_dynamic] /onlane_ai_agent_7 http://y:43985/
[rosmaster.master][INFO] 2026-05-06 18:14:07,313: +PUB [/vis/agent_8/obstacle_map] /onlane_ai_agent_8 http://y:37279/
[rosmaster.master][INFO] 2026-05-06 18:14:07,314: +PUB [/vis/agent_8/surrounding_lane_net_vis] /onlane_ai_agent_8 http://y:37279/
[rosmaster.master][INFO] 2026-05-06 18:14:07,314: +PUB [/vis/agent_8/local_lanes_vis] /onlane_ai_agent_8 http://y:37279/
[rosmaster.master][INFO] 2026-05-06 18:14:07,315: +SUB [/joy] /onlane_ai_agent_7 http://y:43985/
[rosmaster.master][INFO] 2026-05-06 18:14:07,315: +PUB [/vis/agent_8/ego_behavior_vis] /onlane_ai_agent_8 http://y:37279/
[rosmaster.master][INFO] 2026-05-06 18:14:07,315: publisherUpdate[/arena_info_static] -> http://y:34941/ ['http://y:35025/']: sec=0.01, result=[1, '', 0]
[rosmaster.master][INFO] 2026-05-06 18:14:07,316: +PUB [/vis/agent_7/forward_trajs] /onlane_ai_agent_7 http://y:43985/
[rosmaster.master][INFO] 2026-05-06 18:14:07,316: publisherUpdate[/arena_info_static] -> http://y:44539/ ['http://y:35025/']
[rosmaster.master][INFO] 2026-05-06 18:14:07,317: +PUB [/vis/agent_8/pred_traj_openloop_vis] /onlane_ai_agent_8 http://y:37279/
[rosmaster.master][INFO] 2026-05-06 18:14:07,317: publisherUpdate[/arena_info_static] -> http://y:44539/ ['http://y:35025/']: sec=0.00, result=[1, '', 0]
[rosmaster.master][INFO] 2026-05-06 18:14:07,317: publisherUpdate[/arena_info_static] -> http://y:44415/ ['http://y:35025/']
[rosmaster.master][INFO] 2026-05-06 18:14:07,318: publisherUpdate[/arena_info_static] -> http://y:44415/ ['http://y:35025/']: sec=0.00, result=[1, '', 0]
[rosmaster.master][INFO] 2026-05-06 18:14:07,318: publisherUpdate[/arena_info_static] -> http://y:35661/ ['http://y:35025/']
[rosmaster.master][INFO] 2026-05-06 18:14:07,318: +SUB [/ctrl/agent_6] /phy_simulator_planning_node http://y:35025/
[rosmaster.master][INFO] 2026-05-06 18:14:07,318: +PUB [/vis/agent_8/pred_initial_intention_vis] /onlane_ai_agent_8 http://y:37279/
[rosmaster.master][INFO] 2026-05-06 18:14:07,318: publisherUpdate[/arena_info_static] -> http://y:35661/ ['http://y:35025/']: sec=0.00, result=[1, '', 0]
[rosmaster.master][INFO] 2026-05-06 18:14:07,318: publisherUpdate[/arena_info_static] -> http://y:39371/ ['http://y:35025/']
[rosmaster.master][INFO] 2026-05-06 18:14:07,319: +PUB [/vis/agent_8/surrounding_vehicle_vis] /onlane_ai_agent_8 http://y:37279/
[rosmaster.master][INFO] 2026-05-06 18:14:07,319: publisherUpdate[/arena_info_static] -> http://y:39371/ ['http://y:35025/']: sec=0.00, result=[1, '', 0]
[rosmaster.master][INFO] 2026-05-06 18:14:07,319: publisherUpdate[/arena_info_static] -> http://y:33107/ ['http://y:35025/']
[rosmaster.master][INFO] 2026-05-06 18:14:07,320: +PUB [/vis/agent_8/speed_limit] /onlane_ai_agent_8 http://y:37279/
[rosmaster.master][INFO] 2026-05-06 18:14:07,320: publisherUpdate[/arena_info_static] -> http://y:33107/ ['http://y:35025/']: sec=0.00, result=[1, '', 0]
[rosmaster.master][INFO] 2026-05-06 18:14:07,320: publisherUpdate[/arena_info_dynamic] -> http://y:35669/ ['http://y:35025/']
[rosmaster.master][INFO] 2026-05-06 18:14:07,320: +SUB [/ctrl/agent_5] /phy_simulator_planning_node http://y:35025/
[rosmaster.master][INFO] 2026-05-06 18:14:07,322: publisherUpdate[/arena_info_dynamic] -> http://y:35669/ ['http://y:35025/']: sec=0.00, result=[1, '', 0]
[rosmaster.master][INFO] 2026-05-06 18:14:07,322: publisherUpdate[/arena_info_dynamic] -> http://y:43461/ ['http://y:35025/']
[rosmaster.master][INFO] 2026-05-06 18:14:07,322: publisherUpdate[/arena_info_dynamic] -> http://y:43461/ ['http://y:35025/']: sec=0.00, result=[1, '', 0]
[rosmaster.master][INFO] 2026-05-06 18:14:07,323: publisherUpdate[/arena_info_dynamic] -> http://y:41465/ ['http://y:35025/']
[rosmaster.master][INFO] 2026-05-06 18:14:07,323: +SUB [/arena_info_static] /onlane_ai_agent_8 http://y:37279/
[rosmaster.master][INFO] 2026-05-06 18:14:07,324: publisherUpdate[/arena_info_dynamic] -> http://y:41465/ ['http://y:35025/']: sec=0.00, result=[1, '', 0]
[rosmaster.master][INFO] 2026-05-06 18:14:07,325: publisherUpdate[/arena_info_dynamic] -> http://y:34941/ ['http://y:35025/']
[rosmaster.master][INFO] 2026-05-06 18:14:07,325: +SUB [/ctrl/agent_4] /phy_simulator_planning_node http://y:35025/
[rosmaster.master][INFO] 2026-05-06 18:14:07,326: +SUB [/arena_info_dynamic] /onlane_ai_agent_8 http://y:37279/
[rosmaster.master][INFO] 2026-05-06 18:14:07,330: publisherUpdate[/arena_info_dynamic] -> http://y:34941/ ['http://y:35025/']: sec=0.01, result=[1, '', 0]
[rosmaster.master][INFO] 2026-05-06 18:14:07,330: publisherUpdate[/arena_info_dynamic] -> http://y:44415/ ['http://y:35025/']
[rosmaster.master][INFO] 2026-05-06 18:14:07,330: publisherUpdate[/arena_info_dynamic] -> http://y:35661/ ['http://y:35025/']
[rosmaster.master][INFO] 2026-05-06 18:14:07,331: +SUB [/ctrl/agent_3] /phy_simulator_planning_node http://y:35025/
[rosmaster.master][INFO] 2026-05-06 18:14:07,331: publisherUpdate[/arena_info_dynamic] -> http://y:35661/ ['http://y:35025/']: sec=0.00, result=[1, '', 0]
[rosmaster.master][INFO] 2026-05-06 18:14:07,331: publisherUpdate[/arena_info_dynamic] -> http://y:39371/ ['http://y:35025/']
[rosmaster.master][INFO] 2026-05-06 18:14:07,332: publisherUpdate[/arena_info_dynamic] -> http://y:39371/ ['http://y:35025/']: sec=0.00, result=[1, '', 0]
[rosmaster.master][INFO] 2026-05-06 18:14:07,332: publisherUpdate[/arena_info_dynamic] -> http://y:44539/ ['http://y:35025/']
[rosmaster.master][INFO] 2026-05-06 18:14:07,333: +SUB [/joy] /onlane_ai_agent_8 http://y:37279/
[rosmaster.master][INFO] 2026-05-06 18:14:07,334: +PUB [/vis/agent_8/forward_trajs] /onlane_ai_agent_8 http://y:37279/
[rosmaster.master][INFO] 2026-05-06 18:14:07,334: +SUB [/ctrl/agent_2] /phy_simulator_planning_node http://y:35025/
[rosmaster.master][INFO] 2026-05-06 18:14:07,335: +SUB [/ctrl/agent_1] /phy_simulator_planning_node http://y:35025/
[rosmaster.master][INFO] 2026-05-06 18:14:07,335: publisherUpdate[/arena_info_dynamic] -> http://y:44539/ ['http://y:35025/']: sec=0.00, result=[1, '', 0]
[rosmaster.master][INFO] 2026-05-06 18:14:07,336: publisherUpdate[/arena_info_dynamic] -> http://y:33107/ ['http://y:35025/']
[rosmaster.master][INFO] 2026-05-06 18:14:07,337: publisherUpdate[/arena_info_dynamic] -> http://y:33107/ ['http://y:35025/']: sec=0.00, result=[1, '', 0]
[rosmaster.master][INFO] 2026-05-06 18:14:07,337: publisherUpdate[/arena_info_dynamic] -> http://y:44415/ ['http://y:35025/']: sec=0.01, result=[1, '', 0]
[rosmaster.master][INFO] 2026-05-06 18:14:07,337: +SUB [/ctrl/agent_0] /phy_simulator_planning_node http://y:35025/
[rosmaster.master][INFO] 2026-05-06 18:14:07,339: +SUB [/initialpose] /phy_simulator_planning_node http://y:35025/
[rosmaster.master][INFO] 2026-05-06 18:14:07,340: +SUB [/move_base_simple/goal] /phy_simulator_planning_node http://y:35025/
[rosmaster.master][INFO] 2026-05-06 18:14:14,878: +PUB [/rosout] /epsilon_metric_collector_3473809_1778062454753 http://y:41013/
[rosmaster.master][INFO] 2026-05-06 18:14:14,880: +SERVICE [/epsilon_metric_collector_3473809_1778062454753/get_loggers] /epsilon_metric_collector_3473809_1778062454753 http://y:41013/
[rosmaster.master][INFO] 2026-05-06 18:14:14,880: +SERVICE [/epsilon_metric_collector_3473809_1778062454753/set_logger_level] /epsilon_metric_collector_3473809_1778062454753 http://y:41013/
[rosmaster.master][INFO] 2026-05-06 18:14:14,881: +SUB [/arena_info_dynamic] /epsilon_metric_collector_3473809_1778062454753 http://y:41013/
[rosmaster.master][INFO] 2026-05-06 18:14:14,910: publisherUpdate[/rosout] -> http://y:40737/ ['http://y:41465/', 'http://y:44415/', 'http://y:35661/', 'http://y:44539/', 'http://y:35669/', 'http://y:43461/', 'http://y:33107/', 'http://y:43985/', 'http://y:37279/', 'http://y:39371/', 'http://y:34941/', 'http://y:35025/', 'http://y:41013/']
[rosmaster.master][INFO] 2026-05-06 18:14:14,911: publisherUpdate[/rosout] -> http://y:40737/ ['http://y:41465/', 'http://y:44415/', 'http://y:35661/', 'http://y:44539/', 'http://y:35669/', 'http://y:43461/', 'http://y:33107/', 'http://y:43985/', 'http://y:37279/', 'http://y:39371/', 'http://y:34941/', 'http://y:35025/', 'http://y:41013/']: sec=0.00, result=[1, '', 0]
[rosmaster.master][INFO] 2026-05-06 18:16:14,465: -SUB [/arena_info_dynamic] /epsilon_metric_collector_3473809_1778062454753 http://y:41013/
[rosmaster.master][INFO] 2026-05-06 18:16:14,465: -PUB [/rosout] /epsilon_metric_collector_3473809_1778062454753 http://y:41013/
[rosmaster.master][INFO] 2026-05-06 18:16:14,465: -SERVICE [/epsilon_metric_collector_3473809_1778062454753/get_loggers] /epsilon_metric_collector_3473809_1778062454753 rosrpc://y:43269
[rosmaster.master][INFO] 2026-05-06 18:16:14,465: -SERVICE [/epsilon_metric_collector_3473809_1778062454753/set_logger_level] /epsilon_metric_collector_3473809_1778062454753 rosrpc://y:43269
[rosmaster.master][INFO] 2026-05-06 18:16:14,505: publisherUpdate[/rosout] -> http://y:40737/ ['http://y:41465/', 'http://y:44415/', 'http://y:35661/', 'http://y:44539/', 'http://y:35669/', 'http://y:43461/', 'http://y:33107/', 'http://y:43985/', 'http://y:37279/', 'http://y:39371/', 'http://y:34941/', 'http://y:35025/']
[rosmaster.master][INFO] 2026-05-06 18:16:14,506: publisherUpdate[/rosout] -> http://y:40737/ ['http://y:41465/', 'http://y:44415/', 'http://y:35661/', 'http://y:44539/', 'http://y:35669/', 'http://y:43461/', 'http://y:33107/', 'http://y:43985/', 'http://y:37279/', 'http://y:39371/', 'http://y:34941/', 'http://y:35025/']: sec=0.00, result=[1, '', 0]
[rosmaster.master][INFO] 2026-05-06 18:16:15,552: +PUB [/rosout] /rostopic_3474316_1778062575439 http://y:36679/
[rosmaster.master][INFO] 2026-05-06 18:16:15,553: +SERVICE [/rostopic_3474316_1778062575439/get_loggers] /rostopic_3474316_1778062575439 http://y:36679/
[rosmaster.master][INFO] 2026-05-06 18:16:15,554: +SERVICE [/rostopic_3474316_1778062575439/set_logger_level] /rostopic_3474316_1778062575439 http://y:36679/
[rosmaster.master][INFO] 2026-05-06 18:16:15,562: +SUB [/arena_info_dynamic] /rostopic_3474316_1778062575439 http://y:36679/
[rosmaster.master][INFO] 2026-05-06 18:16:15,607: publisherUpdate[/rosout] -> http://y:40737/ ['http://y:41465/', 'http://y:44415/', 'http://y:35661/', 'http://y:44539/', 'http://y:35669/', 'http://y:43461/', 'http://y:33107/', 'http://y:43985/', 'http://y:37279/', 'http://y:39371/', 'http://y:34941/', 'http://y:35025/', 'http://y:36679/']
[rosmaster.master][INFO] 2026-05-06 18:16:15,608: publisherUpdate[/rosout] -> http://y:40737/ ['http://y:41465/', 'http://y:44415/', 'http://y:35661/', 'http://y:44539/', 'http://y:35669/', 'http://y:43461/', 'http://y:33107/', 'http://y:43985/', 'http://y:37279/', 'http://y:39371/', 'http://y:34941/', 'http://y:35025/', 'http://y:36679/']: sec=0.00, result=[1, '', 0]
[rosmaster.master][INFO] 2026-05-06 18:16:30,095: -SUB [/arena_info_dynamic] /rostopic_3474316_1778062575439 http://y:36679/
[rosmaster.master][INFO] 2026-05-06 18:16:30,095: -PUB [/rosout] /rostopic_3474316_1778062575439 http://y:36679/
[rosmaster.master][INFO] 2026-05-06 18:16:30,095: -SERVICE [/rostopic_3474316_1778062575439/get_loggers] /rostopic_3474316_1778062575439 rosrpc://y:37735
[rosmaster.master][INFO] 2026-05-06 18:16:30,095: -SERVICE [/rostopic_3474316_1778062575439/set_logger_level] /rostopic_3474316_1778062575439 rosrpc://y:37735
[rosmaster.master][INFO] 2026-05-06 18:16:30,130: publisherUpdate[/rosout] -> http://y:40737/ ['http://y:41465/', 'http://y:44415/', 'http://y:35661/', 'http://y:44539/', 'http://y:35669/', 'http://y:43461/', 'http://y:33107/', 'http://y:43985/', 'http://y:37279/', 'http://y:39371/', 'http://y:34941/', 'http://y:35025/']
[rosmaster.master][INFO] 2026-05-06 18:16:30,131: publisherUpdate[/rosout] -> http://y:40737/ ['http://y:41465/', 'http://y:44415/', 'http://y:35661/', 'http://y:44539/', 'http://y:35669/', 'http://y:43461/', 'http://y:33107/', 'http://y:43985/', 'http://y:37279/', 'http://y:39371/', 'http://y:34941/', 'http://y:35025/']: sec=0.00, result=[1, '', 0]
[rosmaster.master][INFO] 2026-05-06 18:16:30,836: -PUB [/rosout] /onlane_ai_agent_7 http://y:43985/
[rosmaster.master][INFO] 2026-05-06 18:16:30,837: -PUB [/ctrl/agent_7] /onlane_ai_agent_7 http://y:43985/
[rosmaster.master][INFO] 2026-05-06 18:16:30,837: -PUB [/tf] /onlane_ai_agent_7 http://y:43985/
[rosmaster.master][INFO] 2026-05-06 18:16:30,837: -PUB [/vis/agent_7/ego_vehicle_vis] /onlane_ai_agent_7 http://y:43985/
[rosmaster.master][INFO] 2026-05-06 18:16:30,838: -PUB [/vis/agent_7/obstacle_map] /onlane_ai_agent_7 http://y:43985/
[rosmaster.master][INFO] 2026-05-06 18:16:30,838: -PUB [/rosout] /onlane_ai_agent_5 http://y:43461/
[rosmaster.master][INFO] 2026-05-06 18:16:30,838: -PUB [/vis/agent_7/surrounding_lane_net_vis] /onlane_ai_agent_7 http://y:43985/
[rosmaster.master][INFO] 2026-05-06 18:16:30,839: -PUB [/rosout] /onlane_ai_agent_10 http://y:34941/
[rosmaster.master][INFO] 2026-05-06 18:16:30,839: -PUB [/vis/agent_7/local_lanes_vis] /onlane_ai_agent_7 http://y:43985/
[rosmaster.master][INFO] 2026-05-06 18:16:30,839: -PUB [/ctrl/agent_10] /onlane_ai_agent_10 http://y:34941/
[rosmaster.master][INFO] 2026-05-06 18:16:30,840: -PUB [/rosout] /onlane_ai_agent_6 http://y:33107/
[rosmaster.master][INFO] 2026-05-06 18:16:30,840: -PUB [/vis/agent_7/ego_behavior_vis] /onlane_ai_agent_7 http://y:43985/
[rosmaster.master][INFO] 2026-05-06 18:16:30,840: -PUB [/ctrl/agent_5] /onlane_ai_agent_5 http://y:43461/
[rosmaster.master][INFO] 2026-05-06 18:16:30,840: -PUB [/tf] /onlane_ai_agent_10 http://y:34941/
[rosmaster.master][INFO] 2026-05-06 18:16:30,841: -PUB [/ctrl/agent_6] /onlane_ai_agent_6 http://y:33107/
[rosmaster.master][INFO] 2026-05-06 18:16:30,841: -PUB [/vis/agent_7/pred_traj_openloop_vis] /onlane_ai_agent_7 http://y:43985/
[rosmaster.master][INFO] 2026-05-06 18:16:30,841: -PUB [/rosout] /onlane_ai_agent_2 http://y:41465/
[rosmaster.master][INFO] 2026-05-06 18:16:30,841: -PUB [/tf] /onlane_ai_agent_5 http://y:43461/
[rosmaster.master][INFO] 2026-05-06 18:16:30,841: -PUB [/vis/agent_10/ego_vehicle_vis] /onlane_ai_agent_10 http://y:34941/
[rosmaster.master][INFO] 2026-05-06 18:16:30,842: -PUB [/tf] /onlane_ai_agent_6 http://y:33107/
[rosmaster.master][INFO] 2026-05-06 18:16:30,842: -PUB [/vis/agent_7/pred_initial_intention_vis] /onlane_ai_agent_7 http://y:43985/
[rosmaster.master][INFO] 2026-05-06 18:16:30,842: -PUB [/ctrl/agent_2] /onlane_ai_agent_2 http://y:41465/
[rosmaster.master][INFO] 2026-05-06 18:16:30,842: -PUB [/vis/agent_5/ego_vehicle_vis] /onlane_ai_agent_5 http://y:43461/
[rosmaster.master][INFO] 2026-05-06 18:16:30,843: -PUB [/vis/agent_10/obstacle_map] /onlane_ai_agent_10 http://y:34941/
[rosmaster.master][INFO] 2026-05-06 18:16:30,843: -PUB [/vis/agent_6/ego_vehicle_vis] /onlane_ai_agent_6 http://y:33107/
[rosmaster.master][INFO] 2026-05-06 18:16:30,843: -PUB [/vis/agent_7/surrounding_vehicle_vis] /onlane_ai_agent_7 http://y:43985/
[rosmaster.master][INFO] 2026-05-06 18:16:30,843: -PUB [/tf] /onlane_ai_agent_2 http://y:41465/
[rosmaster.master][INFO] 2026-05-06 18:16:30,843: -PUB [/vis/agent_10/surrounding_lane_net_vis] /onlane_ai_agent_10 http://y:34941/
[rosmaster.master][INFO] 2026-05-06 18:16:30,843: -PUB [/vis/agent_5/obstacle_map] /onlane_ai_agent_5 http://y:43461/
[rosmaster.master][INFO] 2026-05-06 18:16:30,844: -PUB [/vis/agent_6/obstacle_map] /onlane_ai_agent_6 http://y:33107/
[rosmaster.master][INFO] 2026-05-06 18:16:30,844: -PUB [/vis/agent_7/speed_limit] /onlane_ai_agent_7 http://y:43985/
[rosmaster.master][INFO] 2026-05-06 18:16:30,844: -PUB [/vis/agent_2/ego_vehicle_vis] /onlane_ai_agent_2 http://y:41465/
[rosmaster.master][INFO] 2026-05-06 18:16:30,844: -PUB [/vis/agent_10/local_lanes_vis] /onlane_ai_agent_10 http://y:34941/
[rosmaster.master][INFO] 2026-05-06 18:16:30,844: -PUB [/rosout] /onlane_ai_agent_8 http://y:37279/
[rosmaster.master][INFO] 2026-05-06 18:16:30,844: -PUB [/vis/agent_5/surrounding_lane_net_vis] /onlane_ai_agent_5 http://y:43461/
[rosmaster.master][INFO] 2026-05-06 18:16:30,845: -PUB [/vis/agent_6/surrounding_lane_net_vis] /onlane_ai_agent_6 http://y:33107/
[rosmaster.master][INFO] 2026-05-06 18:16:30,845: -PUB [/vis/agent_2/obstacle_map] /onlane_ai_agent_2 http://y:41465/
[rosmaster.master][INFO] 2026-05-06 18:16:30,845: -PUB [/vis/agent_7/forward_trajs] /onlane_ai_agent_7 http://y:43985/
[rosmaster.master][INFO] 2026-05-06 18:16:30,845: -PUB [/vis/agent_10/ego_behavior_vis] /onlane_ai_agent_10 http://y:34941/
[rosmaster.master][INFO] 2026-05-06 18:16:30,845: -PUB [/ctrl/agent_8] /onlane_ai_agent_8 http://y:37279/
[rosmaster.master][INFO] 2026-05-06 18:16:30,845: -PUB [/rosout] /onlane_ai_agent_3 http://y:44539/
[rosmaster.master][INFO] 2026-05-06 18:16:30,846: -PUB [/vis/agent_5/local_lanes_vis] /onlane_ai_agent_5 http://y:43461/
[rosmaster.master][INFO] 2026-05-06 18:16:30,846: -PUB [/vis/agent_6/local_lanes_vis] /onlane_ai_agent_6 http://y:33107/
[rosmaster.master][INFO] 2026-05-06 18:16:30,846: -PUB [/vis/agent_2/surrounding_lane_net_vis] /onlane_ai_agent_2 http://y:41465/
[rosmaster.master][INFO] 2026-05-06 18:16:30,846: -PUB [/tf] /onlane_ai_agent_8 http://y:37279/
[rosmaster.master][INFO] 2026-05-06 18:16:30,846: -SUB [/arena_info_static] /onlane_ai_agent_7 http://y:43985/
[rosmaster.master][INFO] 2026-05-06 18:16:30,847: -PUB [/vis/agent_10/pred_traj_openloop_vis] /onlane_ai_agent_10 http://y:34941/
[rosmaster.master][INFO] 2026-05-06 18:16:30,847: -PUB [/ctrl/agent_3] /onlane_ai_agent_3 http://y:44539/
[rosmaster.master][INFO] 2026-05-06 18:16:30,847: -PUB [/rosout] /onlane_ai_agent_4 http://y:35669/
[rosmaster.master][INFO] 2026-05-06 18:16:30,847: -PUB [/vis/agent_5/ego_behavior_vis] /onlane_ai_agent_5 http://y:43461/
[rosmaster.master][INFO] 2026-05-06 18:16:30,847: -PUB [/vis/agent_6/ego_behavior_vis] /onlane_ai_agent_6 http://y:33107/
[rosmaster.master][INFO] 2026-05-06 18:16:30,848: -PUB [/vis/agent_2/local_lanes_vis] /onlane_ai_agent_2 http://y:41465/
[rosmaster.master][INFO] 2026-05-06 18:16:30,848: -PUB [/vis/agent_8/ego_vehicle_vis] /onlane_ai_agent_8 http://y:37279/
[rosmaster.master][INFO] 2026-05-06 18:16:30,848: -PUB [/vis/agent_10/pred_initial_intention_vis] /onlane_ai_agent_10 http://y:34941/
[rosmaster.master][INFO] 2026-05-06 18:16:30,848: -SUB [/arena_info_dynamic] /onlane_ai_agent_7 http://y:43985/
[rosmaster.master][INFO] 2026-05-06 18:16:30,849: -PUB [/tf] /onlane_ai_agent_3 http://y:44539/
[rosmaster.master][INFO] 2026-05-06 18:16:30,849: -PUB [/vis/agent_5/pred_traj_openloop_vis] /onlane_ai_agent_5 http://y:43461/
[rosmaster.master][INFO] 2026-05-06 18:16:30,849: -PUB [/ctrl/agent_4] /onlane_ai_agent_4 http://y:35669/
[rosmaster.master][INFO] 2026-05-06 18:16:30,849: -PUB [/vis/agent_6/pred_traj_openloop_vis] /onlane_ai_agent_6 http://y:33107/
[rosmaster.master][INFO] 2026-05-06 18:16:30,849: -PUB [/vis/agent_8/obstacle_map] /onlane_ai_agent_8 http://y:37279/
[rosmaster.master][INFO] 2026-05-06 18:16:30,850: -PUB [/vis/agent_10/surrounding_vehicle_vis] /onlane_ai_agent_10 http://y:34941/
[rosmaster.master][INFO] 2026-05-06 18:16:30,850: -PUB [/vis/agent_2/ego_behavior_vis] /onlane_ai_agent_2 http://y:41465/
[rosmaster.master][INFO] 2026-05-06 18:16:30,850: -SUB [/joy] /onlane_ai_agent_7 http://y:43985/
[rosmaster.master][INFO] 2026-05-06 18:16:30,850: -PUB [/vis/agent_3/ego_vehicle_vis] /onlane_ai_agent_3 http://y:44539/
[rosmaster.master][INFO] 2026-05-06 18:16:30,850: -PUB [/rosout] /onlane_ai_agent_9 http://y:39371/
[rosmaster.master][INFO] 2026-05-06 18:16:30,851: -PUB [/vis/agent_5/pred_initial_intention_vis] /onlane_ai_agent_5 http://y:43461/
[rosmaster.master][INFO] 2026-05-06 18:16:30,851: -PUB [/vis/agent_6/pred_initial_intention_vis] /onlane_ai_agent_6 http://y:33107/
[rosmaster.master][INFO] 2026-05-06 18:16:30,851: -PUB [/tf] /onlane_ai_agent_4 http://y:35669/
[rosmaster.master][INFO] 2026-05-06 18:16:30,851: -PUB [/vis/agent_8/surrounding_lane_net_vis] /onlane_ai_agent_8 http://y:37279/
[rosmaster.master][INFO] 2026-05-06 18:16:30,852: -PUB [/vis/agent_10/speed_limit] /onlane_ai_agent_10 http://y:34941/
[rosmaster.master][INFO] 2026-05-06 18:16:30,852: -PUB [/vis/agent_2/pred_traj_openloop_vis] /onlane_ai_agent_2 http://y:41465/
[rosmaster.master][INFO] 2026-05-06 18:16:30,852: -SERVICE [/onlane_ai_agent_7/get_loggers] /onlane_ai_agent_7 rosrpc://y:52771
[rosmaster.master][INFO] 2026-05-06 18:16:30,852: -PUB [/vis/agent_3/obstacle_map] /onlane_ai_agent_3 http://y:44539/
[rosmaster.master][INFO] 2026-05-06 18:16:30,852: -PUB [/vis/agent_6/surrounding_vehicle_vis] /onlane_ai_agent_6 http://y:33107/
[rosmaster.master][INFO] 2026-05-06 18:16:30,853: -PUB [/ctrl/agent_9] /onlane_ai_agent_9 http://y:39371/
[rosmaster.master][INFO] 2026-05-06 18:16:30,853: -PUB [/vis/agent_5/surrounding_vehicle_vis] /onlane_ai_agent_5 http://y:43461/
[rosmaster.master][INFO] 2026-05-06 18:16:30,853: -PUB [/vis/agent_8/local_lanes_vis] /onlane_ai_agent_8 http://y:37279/
[rosmaster.master][INFO] 2026-05-06 18:16:30,853: -PUB [/vis/agent_10/forward_trajs] /onlane_ai_agent_10 http://y:34941/
[rosmaster.master][INFO] 2026-05-06 18:16:30,853: -PUB [/vis/agent_2/pred_initial_intention_vis] /onlane_ai_agent_2 http://y:41465/
[rosmaster.master][INFO] 2026-05-06 18:16:30,854: -PUB [/vis/agent_4/ego_vehicle_vis] /onlane_ai_agent_4 http://y:35669/
[rosmaster.master][INFO] 2026-05-06 18:16:30,854: -SERVICE [/onlane_ai_agent_7/set_logger_level] /onlane_ai_agent_7 rosrpc://y:52771
[rosmaster.master][INFO] 2026-05-06 18:16:30,854: -PUB [/vis/agent_3/surrounding_lane_net_vis] /onlane_ai_agent_3 http://y:44539/
[rosmaster.master][INFO] 2026-05-06 18:16:30,854: -PUB [/vis/agent_6/speed_limit] /onlane_ai_agent_6 http://y:33107/
[rosmaster.master][INFO] 2026-05-06 18:16:30,854: -PUB [/vis/agent_5/speed_limit] /onlane_ai_agent_5 http://y:43461/
[rosmaster.master][INFO] 2026-05-06 18:16:30,854: -PUB [/tf] /onlane_ai_agent_9 http://y:39371/
[rosmaster.master][INFO] 2026-05-06 18:16:30,855: -PUB [/vis/agent_8/ego_behavior_vis] /onlane_ai_agent_8 http://y:37279/
[rosmaster.master][INFO] 2026-05-06 18:16:30,855: -SUB [/arena_info_static] /onlane_ai_agent_10 http://y:34941/
[rosmaster.master][INFO] 2026-05-06 18:16:30,855: -PUB [/vis/agent_2/surrounding_vehicle_vis] /onlane_ai_agent_2 http://y:41465/
[rosmaster.master][INFO] 2026-05-06 18:16:30,855: -PUB [/vis/agent_4/obstacle_map] /onlane_ai_agent_4 http://y:35669/
[rosmaster.master][INFO] 2026-05-06 18:16:30,856: -PUB [/vis/agent_3/local_lanes_vis] /onlane_ai_agent_3 http://y:44539/
[rosmaster.master][INFO] 2026-05-06 18:16:30,856: -PUB [/vis/agent_6/forward_trajs] /onlane_ai_agent_6 http://y:33107/
[rosmaster.master][INFO] 2026-05-06 18:16:30,856: -PUB [/vis/agent_5/forward_trajs] /onlane_ai_agent_5 http://y:43461/
[rosmaster.master][INFO] 2026-05-06 18:16:30,856: -PUB [/vis/agent_8/pred_traj_openloop_vis] /onlane_ai_agent_8 http://y:37279/
[rosmaster.master][INFO] 2026-05-06 18:16:30,856: -PUB [/vis/agent_9/ego_vehicle_vis] /onlane_ai_agent_9 http://y:39371/
[rosmaster.master][INFO] 2026-05-06 18:16:30,856: -SUB [/arena_info_dynamic] /onlane_ai_agent_10 http://y:34941/
[rosmaster.master][INFO] 2026-05-06 18:16:30,856: -PUB [/vis/agent_2/speed_limit] /onlane_ai_agent_2 http://y:41465/
[rosmaster.master][INFO] 2026-05-06 18:16:30,857: -PUB [/vis/agent_3/ego_behavior_vis] /onlane_ai_agent_3 http://y:44539/
[rosmaster.master][INFO] 2026-05-06 18:16:30,857: -PUB [/vis/agent_4/surrounding_lane_net_vis] /onlane_ai_agent_4 http://y:35669/
[rosmaster.master][INFO] 2026-05-06 18:16:30,857: -SUB [/arena_info_static] /onlane_ai_agent_6 http://y:33107/
[rosmaster.master][INFO] 2026-05-06 18:16:30,857: -PUB [/vis/agent_8/pred_initial_intention_vis] /onlane_ai_agent_8 http://y:37279/
[rosmaster.master][INFO] 2026-05-06 18:16:30,857: -SUB [/arena_info_static] /onlane_ai_agent_5 http://y:43461/
[rosmaster.master][INFO] 2026-05-06 18:16:30,858: -SUB [/joy] /onlane_ai_agent_10 http://y:34941/
[rosmaster.master][INFO] 2026-05-06 18:16:30,858: -PUB [/vis/agent_9/obstacle_map] /onlane_ai_agent_9 http://y:39371/
[rosmaster.master][INFO] 2026-05-06 18:16:30,858: -PUB [/vis/agent_2/forward_trajs] /onlane_ai_agent_2 http://y:41465/
[rosmaster.master][INFO] 2026-05-06 18:16:30,858: -PUB [/vis/agent_3/pred_traj_openloop_vis] /onlane_ai_agent_3 http://y:44539/
[rosmaster.master][INFO] 2026-05-06 18:16:30,859: -SUB [/arena_info_dynamic] /onlane_ai_agent_6 http://y:33107/
[rosmaster.master][INFO] 2026-05-06 18:16:30,859: -PUB [/vis/agent_8/surrounding_vehicle_vis] /onlane_ai_agent_8 http://y:37279/
[rosmaster.master][INFO] 2026-05-06 18:16:30,859: -PUB [/vis/agent_4/local_lanes_vis] /onlane_ai_agent_4 http://y:35669/
[rosmaster.master][INFO] 2026-05-06 18:16:30,859: -SUB [/arena_info_dynamic] /onlane_ai_agent_5 http://y:43461/
[rosmaster.master][INFO] 2026-05-06 18:16:30,859: -SERVICE [/onlane_ai_agent_10/get_loggers] /onlane_ai_agent_10 rosrpc://y:45033
[rosmaster.master][INFO] 2026-05-06 18:16:30,860: -PUB [/vis/agent_9/surrounding_lane_net_vis] /onlane_ai_agent_9 http://y:39371/
[rosmaster.master][INFO] 2026-05-06 18:16:30,860: -PUB [/vis/agent_3/pred_initial_intention_vis] /onlane_ai_agent_3 http://y:44539/
[rosmaster.master][INFO] 2026-05-06 18:16:30,860: -SUB [/arena_info_static] /onlane_ai_agent_2 http://y:41465/
[rosmaster.master][INFO] 2026-05-06 18:16:30,860: -SUB [/joy] /onlane_ai_agent_6 http://y:33107/
[rosmaster.master][INFO] 2026-05-06 18:16:30,860: -PUB [/vis/agent_8/speed_limit] /onlane_ai_agent_8 http://y:37279/
[rosmaster.master][INFO] 2026-05-06 18:16:30,861: -PUB [/vis/agent_4/ego_behavior_vis] /onlane_ai_agent_4 http://y:35669/
[rosmaster.master][INFO] 2026-05-06 18:16:30,861: -SERVICE [/onlane_ai_agent_10/set_logger_level] /onlane_ai_agent_10 rosrpc://y:45033
[rosmaster.master][INFO] 2026-05-06 18:16:30,861: -SUB [/joy] /onlane_ai_agent_5 http://y:43461/
[rosmaster.master][INFO] 2026-05-06 18:16:30,861: -PUB [/vis/agent_9/local_lanes_vis] /onlane_ai_agent_9 http://y:39371/
[rosmaster.master][INFO] 2026-05-06 18:16:30,861: -PUB [/vis/agent_3/surrounding_vehicle_vis] /onlane_ai_agent_3 http://y:44539/
[rosmaster.master][INFO] 2026-05-06 18:16:30,862: -SUB [/arena_info_dynamic] /onlane_ai_agent_2 http://y:41465/
[rosmaster.master][INFO] 2026-05-06 18:16:30,862: -SERVICE [/onlane_ai_agent_6/get_loggers] /onlane_ai_agent_6 rosrpc://y:58299
[rosmaster.master][INFO] 2026-05-06 18:16:30,862: -PUB [/vis/agent_8/forward_trajs] /onlane_ai_agent_8 http://y:37279/
[rosmaster.master][INFO] 2026-05-06 18:16:30,862: -PUB [/vis/agent_4/pred_traj_openloop_vis] /onlane_ai_agent_4 http://y:35669/
[rosmaster.master][INFO] 2026-05-06 18:16:30,862: -SERVICE [/onlane_ai_agent_5/get_loggers] /onlane_ai_agent_5 rosrpc://y:47327
[rosmaster.master][INFO] 2026-05-06 18:16:30,862: -PUB [/vis/agent_9/ego_behavior_vis] /onlane_ai_agent_9 http://y:39371/
[rosmaster.master][INFO] 2026-05-06 18:16:30,863: -PUB [/vis/agent_3/speed_limit] /onlane_ai_agent_3 http://y:44539/
[rosmaster.master][INFO] 2026-05-06 18:16:30,863: -SUB [/joy] /onlane_ai_agent_2 http://y:41465/
[rosmaster.master][INFO] 2026-05-06 18:16:30,863: -SERVICE [/onlane_ai_agent_6/set_logger_level] /onlane_ai_agent_6 rosrpc://y:58299
[rosmaster.master][INFO] 2026-05-06 18:16:30,863: -SUB [/arena_info_static] /onlane_ai_agent_8 http://y:37279/
[rosmaster.master][INFO] 2026-05-06 18:16:30,863: -PUB [/vis/agent_4/pred_initial_intention_vis] /onlane_ai_agent_4 http://y:35669/
[rosmaster.master][INFO] 2026-05-06 18:16:30,864: -SERVICE [/onlane_ai_agent_5/set_logger_level] /onlane_ai_agent_5 rosrpc://y:47327
[rosmaster.master][INFO] 2026-05-06 18:16:30,864: -PUB [/vis/agent_9/pred_traj_openloop_vis] /onlane_ai_agent_9 http://y:39371/
[rosmaster.master][INFO] 2026-05-06 18:16:30,864: -PUB [/vis/agent_3/forward_trajs] /onlane_ai_agent_3 http://y:44539/
[rosmaster.master][INFO] 2026-05-06 18:16:30,864: -SERVICE [/onlane_ai_agent_2/get_loggers] /onlane_ai_agent_2 rosrpc://y:57847
[rosmaster.master][INFO] 2026-05-06 18:16:30,864: -SUB [/arena_info_dynamic] /onlane_ai_agent_8 http://y:37279/
[rosmaster.master][INFO] 2026-05-06 18:16:30,864: -PUB [/vis/agent_4/surrounding_vehicle_vis] /onlane_ai_agent_4 http://y:35669/
[rosmaster.master][INFO] 2026-05-06 18:16:30,865: -SUB [/arena_info_static] /onlane_ai_agent_3 http://y:44539/
[rosmaster.master][INFO] 2026-05-06 18:16:30,865: -PUB [/vis/agent_9/pred_initial_intention_vis] /onlane_ai_agent_9 http://y:39371/
[rosmaster.master][INFO] 2026-05-06 18:16:30,865: -SERVICE [/onlane_ai_agent_2/set_logger_level] /onlane_ai_agent_2 rosrpc://y:57847
[rosmaster.master][INFO] 2026-05-06 18:16:30,865: -SUB [/joy] /onlane_ai_agent_8 http://y:37279/
[rosmaster.master][INFO] 2026-05-06 18:16:30,865: -PUB [/vis/agent_4/speed_limit] /onlane_ai_agent_4 http://y:35669/
[rosmaster.master][INFO] 2026-05-06 18:16:30,866: -SUB [/arena_info_dynamic] /onlane_ai_agent_3 http://y:44539/
[rosmaster.master][INFO] 2026-05-06 18:16:30,866: -PUB [/vis/agent_9/surrounding_vehicle_vis] /onlane_ai_agent_9 http://y:39371/
[rosmaster.master][INFO] 2026-05-06 18:16:30,866: -SERVICE [/onlane_ai_agent_8/get_loggers] /onlane_ai_agent_8 rosrpc://y:36257
[rosmaster.master][INFO] 2026-05-06 18:16:30,867: -SUB [/joy] /onlane_ai_agent_3 http://y:44539/
[rosmaster.master][INFO] 2026-05-06 18:16:30,867: -PUB [/vis/agent_4/forward_trajs] /onlane_ai_agent_4 http://y:35669/
[rosmaster.master][INFO] 2026-05-06 18:16:30,867: -PUB [/vis/agent_9/speed_limit] /onlane_ai_agent_9 http://y:39371/
[rosmaster.master][INFO] 2026-05-06 18:16:30,867: -SERVICE [/onlane_ai_agent_8/set_logger_level] /onlane_ai_agent_8 rosrpc://y:36257
[rosmaster.master][INFO] 2026-05-06 18:16:30,867: -SERVICE [/onlane_ai_agent_3/get_loggers] /onlane_ai_agent_3 rosrpc://y:44099
[rosmaster.master][INFO] 2026-05-06 18:16:30,867: -SUB [/arena_info_static] /onlane_ai_agent_4 http://y:35669/
[rosmaster.master][INFO] 2026-05-06 18:16:30,868: -PUB [/vis/agent_9/forward_trajs] /onlane_ai_agent_9 http://y:39371/
[rosmaster.master][INFO] 2026-05-06 18:16:30,868: -SERVICE [/onlane_ai_agent_3/set_logger_level] /onlane_ai_agent_3 rosrpc://y:44099
[rosmaster.master][INFO] 2026-05-06 18:16:30,868: -SUB [/arena_info_dynamic] /onlane_ai_agent_4 http://y:35669/
[rosmaster.master][INFO] 2026-05-06 18:16:30,868: -SUB [/arena_info_static] /onlane_ai_agent_9 http://y:39371/
[rosmaster.master][INFO] 2026-05-06 18:16:30,869: -SUB [/joy] /onlane_ai_agent_4 http://y:35669/
[rosmaster.master][INFO] 2026-05-06 18:16:30,869: -SUB [/arena_info_dynamic] /onlane_ai_agent_9 http://y:39371/
[rosmaster.master][INFO] 2026-05-06 18:16:30,869: -SERVICE [/onlane_ai_agent_4/get_loggers] /onlane_ai_agent_4 rosrpc://y:57867
[rosmaster.master][INFO] 2026-05-06 18:16:30,869: -SUB [/joy] /onlane_ai_agent_9 http://y:39371/
[rosmaster.master][INFO] 2026-05-06 18:16:30,870: -SERVICE [/onlane_ai_agent_4/set_logger_level] /onlane_ai_agent_4 rosrpc://y:57867
[rosmaster.master][INFO] 2026-05-06 18:16:30,870: -SERVICE [/onlane_ai_agent_9/get_loggers] /onlane_ai_agent_9 rosrpc://y:35653
[rosmaster.master][INFO] 2026-05-06 18:16:30,870: publisherUpdate[/rosout] -> http://y:40737/ ['http://y:41465/', 'http://y:44415/', 'http://y:35661/', 'http://y:44539/', 'http://y:35669/', 'http://y:43461/', 'http://y:33107/', 'http://y:37279/', 'http://y:39371/', 'http://y:34941/', 'http://y:35025/']
[rosmaster.master][INFO] 2026-05-06 18:16:30,870: -SERVICE [/onlane_ai_agent_9/set_logger_level] /onlane_ai_agent_9 rosrpc://y:35653
[rosmaster.master][INFO] 2026-05-06 18:16:30,871: publisherUpdate[/rosout] -> http://y:40737/ ['http://y:41465/', 'http://y:44415/', 'http://y:35661/', 'http://y:44539/', 'http://y:35669/', 'http://y:43461/', 'http://y:33107/', 'http://y:37279/', 'http://y:39371/', 'http://y:34941/', 'http://y:35025/']: sec=0.00, result=[1, '', 0]
[rosmaster.master][INFO] 2026-05-06 18:16:30,871: publisherUpdate[/ctrl/agent_7] -> http://y:35025/ []
[rosmaster.master][INFO] 2026-05-06 18:16:30,871: publisherUpdate[/ctrl/agent_7] -> http://y:35025/ []: sec=0.00, result=[0, 'Unknown Error', 0]
[rosmaster.master][INFO] 2026-05-06 18:16:30,871: publisherUpdate[/rosout] -> http://y:40737/ ['http://y:41465/', 'http://y:44415/', 'http://y:35661/', 'http://y:44539/', 'http://y:35669/', 'http://y:33107/', 'http://y:37279/', 'http://y:39371/', 'http://y:34941/', 'http://y:35025/']
[rosmaster.master][INFO] 2026-05-06 18:16:30,872: publisherUpdate[/rosout] -> http://y:40737/ ['http://y:41465/', 'http://y:44415/', 'http://y:35661/', 'http://y:44539/', 'http://y:35669/', 'http://y:33107/', 'http://y:37279/', 'http://y:39371/', 'http://y:34941/', 'http://y:35025/']: sec=0.00, result=[1, '', 0]
[rosmaster.master][INFO] 2026-05-06 18:16:30,872: publisherUpdate[/rosout] -> http://y:40737/ ['http://y:41465/', 'http://y:44415/', 'http://y:35661/', 'http://y:44539/', 'http://y:35669/', 'http://y:33107/', 'http://y:37279/', 'http://y:39371/', 'http://y:35025/']
[rosmaster.master][INFO] 2026-05-06 18:16:30,872: publisherUpdate[/rosout] -> http://y:40737/ ['http://y:41465/', 'http://y:44415/', 'http://y:35661/', 'http://y:44539/', 'http://y:35669/', 'http://y:33107/', 'http://y:37279/', 'http://y:39371/', 'http://y:35025/']: sec=0.00, result=[1, '', 0]
[rosmaster.master][INFO] 2026-05-06 18:16:30,872: publisherUpdate[/ctrl/agent_10] -> http://y:35025/ []
[rosmaster.master][INFO] 2026-05-06 18:16:30,872: publisherUpdate[/ctrl/agent_10] -> http://y:35025/ []: sec=0.00, result=[0, 'Unknown Error', 0]
[rosmaster.master][INFO] 2026-05-06 18:16:30,873: publisherUpdate[/rosout] -> http://y:40737/ ['http://y:41465/', 'http://y:44415/', 'http://y:35661/', 'http://y:44539/', 'http://y:35669/', 'http://y:37279/', 'http://y:39371/', 'http://y:35025/']
[rosmaster.master][INFO] 2026-05-06 18:16:30,873: publisherUpdate[/rosout] -> http://y:40737/ ['http://y:41465/', 'http://y:44415/', 'http://y:35661/', 'http://y:44539/', 'http://y:35669/', 'http://y:37279/', 'http://y:39371/', 'http://y:35025/']: sec=0.00, result=[1, '', 0]
[rosmaster.master][INFO] 2026-05-06 18:16:30,873: publisherUpdate[/ctrl/agent_5] -> http://y:35025/ []
[rosmaster.master][INFO] 2026-05-06 18:16:30,873: publisherUpdate[/ctrl/agent_5] -> http://y:35025/ []: sec=0.00, result=[0, 'Unknown Error', 0]
[rosmaster.master][INFO] 2026-05-06 18:16:30,873: publisherUpdate[/ctrl/agent_6] -> http://y:35025/ []
[rosmaster.master][INFO] 2026-05-06 18:16:30,874: publisherUpdate[/ctrl/agent_6] -> http://y:35025/ []: sec=0.00, result=[0, 'Unknown Error', 0]
[rosmaster.master][INFO] 2026-05-06 18:16:30,874: publisherUpdate[/rosout] -> http://y:40737/ ['http://y:44415/', 'http://y:35661/', 'http://y:44539/', 'http://y:35669/', 'http://y:37279/', 'http://y:39371/', 'http://y:35025/']
[rosmaster.master][INFO] 2026-05-06 18:16:30,874: publisherUpdate[/rosout] -> http://y:40737/ ['http://y:44415/', 'http://y:35661/', 'http://y:44539/', 'http://y:35669/', 'http://y:37279/', 'http://y:39371/', 'http://y:35025/']: sec=0.00, result=[1, '', 0]
[rosmaster.master][INFO] 2026-05-06 18:16:30,874: publisherUpdate[/ctrl/agent_2] -> http://y:35025/ []
[rosmaster.master][INFO] 2026-05-06 18:16:30,874: publisherUpdate[/ctrl/agent_2] -> http://y:35025/ []: sec=0.00, result=[0, 'Unknown Error', 0]
[rosmaster.master][INFO] 2026-05-06 18:16:30,875: publisherUpdate[/rosout] -> http://y:40737/ ['http://y:44415/', 'http://y:35661/', 'http://y:44539/', 'http://y:35669/', 'http://y:39371/', 'http://y:35025/']
[rosmaster.master][INFO] 2026-05-06 18:16:30,875: publisherUpdate[/rosout] -> http://y:40737/ ['http://y:44415/', 'http://y:35661/', 'http://y:44539/', 'http://y:35669/', 'http://y:39371/', 'http://y:35025/']: sec=0.00, result=[1, '', 0]
[rosmaster.master][INFO] 2026-05-06 18:16:30,875: publisherUpdate[/ctrl/agent_8] -> http://y:35025/ []
[rosmaster.master][INFO] 2026-05-06 18:16:30,875: publisherUpdate[/ctrl/agent_8] -> http://y:35025/ []: sec=0.00, result=[0, 'Unknown Error', 0]
[rosmaster.master][INFO] 2026-05-06 18:16:30,875: publisherUpdate[/rosout] -> http://y:40737/ ['http://y:44415/', 'http://y:35661/', 'http://y:35669/', 'http://y:39371/', 'http://y:35025/']
[rosmaster.master][INFO] 2026-05-06 18:16:30,876: publisherUpdate[/ctrl/agent_3] -> http://y:35025/ []
[rosmaster.master][INFO] 2026-05-06 18:16:30,876: publisherUpdate[/rosout] -> http://y:40737/ ['http://y:44415/', 'http://y:35661/', 'http://y:35669/', 'http://y:39371/', 'http://y:35025/']: sec=0.00, result=[1, '', 0]
[rosmaster.master][INFO] 2026-05-06 18:16:30,876: publisherUpdate[/rosout] -> http://y:40737/ ['http://y:44415/', 'http://y:35661/', 'http://y:39371/', 'http://y:35025/']
[rosmaster.master][INFO] 2026-05-06 18:16:30,876: publisherUpdate[/rosout] -> http://y:40737/ ['http://y:44415/', 'http://y:35661/', 'http://y:39371/', 'http://y:35025/']: sec=0.00, result=[1, '', 0]
[rosmaster.master][INFO] 2026-05-06 18:16:30,877: publisherUpdate[/ctrl/agent_3] -> http://y:35025/ []: sec=0.00, result=[0, 'Unknown Error', 0]
[rosmaster.master][INFO] 2026-05-06 18:16:30,877: publisherUpdate[/rosout] -> http://y:40737/ ['http://y:44415/', 'http://y:35661/', 'http://y:35025/']
[rosmaster.master][INFO] 2026-05-06 18:16:30,877: publisherUpdate[/ctrl/agent_4] -> http://y:35025/ []
[rosmaster.master][INFO] 2026-05-06 18:16:30,877: publisherUpdate[/rosout] -> http://y:40737/ ['http://y:44415/', 'http://y:35661/', 'http://y:35025/']: sec=0.00, result=[1, '', 0]
[rosmaster.master][INFO] 2026-05-06 18:16:30,877: publisherUpdate[/ctrl/agent_4] -> http://y:35025/ []: sec=0.00, result=[0, 'Unknown Error', 0]
[rosmaster.master][INFO] 2026-05-06 18:16:30,878: publisherUpdate[/ctrl/agent_9] -> http://y:35025/ []
[rosmaster.master][INFO] 2026-05-06 18:16:30,878: publisherUpdate[/ctrl/agent_9] -> http://y:35025/ []: sec=0.00, result=[0, 'Unknown Error', 0]
[rosmaster.master][INFO] 2026-05-06 18:16:30,978: -PUB [/rosout] /phy_simulator_planning_node http://y:35025/
[rosmaster.master][INFO] 2026-05-06 18:16:30,979: -PUB [/arena_info_static] /phy_simulator_planning_node http://y:35025/
[rosmaster.master][INFO] 2026-05-06 18:16:30,980: -PUB [/arena_info_dynamic] /phy_simulator_planning_node http://y:35025/
[rosmaster.master][INFO] 2026-05-06 18:16:30,981: -PUB [/phy_simulator_planning_node/vis/vehicle_set_vis] /phy_simulator_planning_node http://y:35025/
[rosmaster.master][INFO] 2026-05-06 18:16:30,981: -PUB [/phy_simulator_planning_node/vis/lane_net_vis] /phy_simulator_planning_node http://y:35025/
[rosmaster.master][INFO] 2026-05-06 18:16:30,982: -PUB [/phy_simulator_planning_node/vis/obstacle_set_vis] /phy_simulator_planning_node http://y:35025/
[rosmaster.master][INFO] 2026-05-06 18:16:30,982: -SUB [/ctrl/agent_10] /phy_simulator_planning_node http://y:35025/
[rosmaster.master][INFO] 2026-05-06 18:16:30,983: -SUB [/ctrl/agent_9] /phy_simulator_planning_node http://y:35025/
[rosmaster.master][INFO] 2026-05-06 18:16:30,983: -SUB [/ctrl/agent_8] /phy_simulator_planning_node http://y:35025/
[rosmaster.master][INFO] 2026-05-06 18:16:30,984: -SUB [/ctrl/agent_7] /phy_simulator_planning_node http://y:35025/
[rosmaster.master][INFO] 2026-05-06 18:16:30,984: -SUB [/ctrl/agent_6] /phy_simulator_planning_node http://y:35025/
[rosmaster.master][INFO] 2026-05-06 18:16:30,984: -SUB [/ctrl/agent_5] /phy_simulator_planning_node http://y:35025/
[rosmaster.master][INFO] 2026-05-06 18:16:30,985: -SUB [/ctrl/agent_4] /phy_simulator_planning_node http://y:35025/
[rosmaster.master][INFO] 2026-05-06 18:16:30,985: -SUB [/ctrl/agent_3] /phy_simulator_planning_node http://y:35025/
[rosmaster.master][INFO] 2026-05-06 18:16:30,985: -SUB [/ctrl/agent_2] /phy_simulator_planning_node http://y:35025/
[rosmaster.master][INFO] 2026-05-06 18:16:30,985: -SUB [/ctrl/agent_1] /phy_simulator_planning_node http://y:35025/
[rosmaster.master][INFO] 2026-05-06 18:16:30,985: -SUB [/ctrl/agent_0] /phy_simulator_planning_node http://y:35025/
[rosmaster.master][INFO] 2026-05-06 18:16:30,985: -SUB [/initialpose] /phy_simulator_planning_node http://y:35025/
[rosmaster.master][INFO] 2026-05-06 18:16:30,986: -SUB [/move_base_simple/goal] /phy_simulator_planning_node http://y:35025/
[rosmaster.master][INFO] 2026-05-06 18:16:30,986: -SERVICE [/phy_simulator_planning_node/get_loggers] /phy_simulator_planning_node rosrpc://y:58177
[rosmaster.master][INFO] 2026-05-06 18:16:30,986: -SERVICE [/phy_simulator_planning_node/set_logger_level] /phy_simulator_planning_node rosrpc://y:58177
[rosmaster.master][INFO] 2026-05-06 18:16:31,033: publisherUpdate[/rosout] -> http://y:40737/ ['http://y:44415/', 'http://y:35661/']
[rosmaster.master][INFO] 2026-05-06 18:16:31,033: publisherUpdate[/rosout] -> http://y:40737/ ['http://y:44415/', 'http://y:35661/']: sec=0.00, result=[1, '', 0]
[rosmaster.master][INFO] 2026-05-06 18:16:31,033: publisherUpdate[/arena_info_static] -> http://y:44415/ []
[rosmaster.master][INFO] 2026-05-06 18:16:31,034: publisherUpdate[/arena_info_static] -> http://y:44415/ []: sec=0.00, result=[1, '', 0]
[rosmaster.master][INFO] 2026-05-06 18:16:31,034: publisherUpdate[/arena_info_static] -> http://y:35661/ []
[rosmaster.master][INFO] 2026-05-06 18:16:31,034: publisherUpdate[/arena_info_static] -> http://y:35661/ []: sec=0.00, result=[1, '', 0]
[rosmaster.master][INFO] 2026-05-06 18:16:31,034: publisherUpdate[/arena_info_dynamic] -> http://y:44415/ []
[rosmaster.master][INFO] 2026-05-06 18:16:31,035: publisherUpdate[/arena_info_dynamic] -> http://y:44415/ []: sec=0.00, result=[1, '', 0]
[rosmaster.master][INFO] 2026-05-06 18:16:31,035: publisherUpdate[/arena_info_dynamic] -> http://y:35661/ []
[rosmaster.master][INFO] 2026-05-06 18:16:31,035: publisherUpdate[/arena_info_dynamic] -> http://y:35661/ []: sec=0.00, result=[1, '', 0]
[rosmaster.master][INFO] 2026-05-06 18:16:31,135: -PUB [/rosout] /onlane_ai_agent_1 http://y:44415/
[rosmaster.master][INFO] 2026-05-06 18:16:31,135: publisherUpdate[/rosout] -> http://y:40737/ ['http://y:35661/']
[rosmaster.master][INFO] 2026-05-06 18:16:31,136: -PUB [/ctrl/agent_1] /onlane_ai_agent_1 http://y:44415/
[rosmaster.master][INFO] 2026-05-06 18:16:31,136: -PUB [/rosout] /test_ssc_with_mpdm_0 http://y:35661/
[rosmaster.master][INFO] 2026-05-06 18:16:31,136: -PUB [/tf] /onlane_ai_agent_1 http://y:44415/
[rosmaster.master][INFO] 2026-05-06 18:16:31,136: publisherUpdate[/rosout] -> http://y:40737/ ['http://y:35661/']: sec=0.00, result=[1, '', 0]
[rosmaster.master][INFO] 2026-05-06 18:16:31,137: -PUB [/tf] /test_ssc_with_mpdm_0 http://y:35661/
[rosmaster.master][INFO] 2026-05-06 18:16:31,137: publisherUpdate[/rosout] -> http://y:40737/ []
[rosmaster.master][INFO] 2026-05-06 18:16:31,137: -PUB [/vis/agent_1/ego_vehicle_vis] /onlane_ai_agent_1 http://y:44415/
[rosmaster.master][INFO] 2026-05-06 18:16:31,137: publisherUpdate[/rosout] -> http://y:40737/ []: sec=0.00, result=[1, '', 0]
[rosmaster.master][INFO] 2026-05-06 18:16:31,137: -PUB [/vis/agent_0/ego_vehicle_vis] /test_ssc_with_mpdm_0 http://y:35661/
[rosmaster.master][INFO] 2026-05-06 18:16:31,138: -PUB [/vis/agent_1/obstacle_map] /onlane_ai_agent_1 http://y:44415/
[rosmaster.master][INFO] 2026-05-06 18:16:31,138: -PUB [/vis/agent_0/obstacle_map] /test_ssc_with_mpdm_0 http://y:35661/
[rosmaster.master][INFO] 2026-05-06 18:16:31,138: -PUB [/vis/agent_1/surrounding_lane_net_vis] /onlane_ai_agent_1 http://y:44415/
[rosmaster.master][INFO] 2026-05-06 18:16:31,138: -PUB [/vis/agent_0/surrounding_lane_net_vis] /test_ssc_with_mpdm_0 http://y:35661/
[rosmaster.master][INFO] 2026-05-06 18:16:31,138: -PUB [/vis/agent_1/local_lanes_vis] /onlane_ai_agent_1 http://y:44415/
[rosmaster.master][INFO] 2026-05-06 18:16:31,138: -PUB [/vis/agent_0/local_lanes_vis] /test_ssc_with_mpdm_0 http://y:35661/
[rosmaster.master][INFO] 2026-05-06 18:16:31,139: -PUB [/vis/agent_1/ego_behavior_vis] /onlane_ai_agent_1 http://y:44415/
[rosmaster.master][INFO] 2026-05-06 18:16:31,139: -PUB [/vis/agent_1/pred_traj_openloop_vis] /onlane_ai_agent_1 http://y:44415/
[rosmaster.master][INFO] 2026-05-06 18:16:31,139: -PUB [/vis/agent_0/ego_behavior_vis] /test_ssc_with_mpdm_0 http://y:35661/
[rosmaster.master][INFO] 2026-05-06 18:16:31,139: -PUB [/vis/agent_1/pred_initial_intention_vis] /onlane_ai_agent_1 http://y:44415/
[rosmaster.master][INFO] 2026-05-06 18:16:31,139: -PUB [/vis/agent_1/surrounding_vehicle_vis] /onlane_ai_agent_1 http://y:44415/
[rosmaster.master][INFO] 2026-05-06 18:16:31,139: -PUB [/vis/agent_0/pred_traj_openloop_vis] /test_ssc_with_mpdm_0 http://y:35661/
[rosmaster.master][INFO] 2026-05-06 18:16:31,139: -PUB [/vis/agent_1/speed_limit] /onlane_ai_agent_1 http://y:44415/
[rosmaster.master][INFO] 2026-05-06 18:16:31,140: -PUB [/vis/agent_1/forward_trajs] /onlane_ai_agent_1 http://y:44415/
[rosmaster.master][INFO] 2026-05-06 18:16:31,140: -PUB [/vis/agent_0/pred_initial_intention_vis] /test_ssc_with_mpdm_0 http://y:35661/
[rosmaster.master][INFO] 2026-05-06 18:16:31,140: -SUB [/arena_info_static] /onlane_ai_agent_1 http://y:44415/
[rosmaster.master][INFO] 2026-05-06 18:16:31,140: -SUB [/arena_info_dynamic] /onlane_ai_agent_1 http://y:44415/
[rosmaster.master][INFO] 2026-05-06 18:16:31,140: -PUB [/vis/agent_0/surrounding_vehicle_vis] /test_ssc_with_mpdm_0 http://y:35661/
[rosmaster.master][INFO] 2026-05-06 18:16:31,141: -SUB [/joy] /onlane_ai_agent_1 http://y:44415/
[rosmaster.master][INFO] 2026-05-06 18:16:31,141: -PUB [/vis/agent_0/speed_limit] /test_ssc_with_mpdm_0 http://y:35661/
[rosmaster.master][INFO] 2026-05-06 18:16:31,141: -SERVICE [/onlane_ai_agent_1/get_loggers] /onlane_ai_agent_1 rosrpc://y:38909
[rosmaster.master][INFO] 2026-05-06 18:16:31,141: -PUB [/vis/agent_0/ssc/map_vis] /test_ssc_with_mpdm_0 http://y:35661/
[rosmaster.master][INFO] 2026-05-06 18:16:31,141: -SERVICE [/onlane_ai_agent_1/set_logger_level] /onlane_ai_agent_1 rosrpc://y:38909
[rosmaster.master][INFO] 2026-05-06 18:16:31,142: -PUB [/vis/agent_0/ssc/qp_vis] /test_ssc_with_mpdm_0 http://y:35661/
[rosmaster.master][INFO] 2026-05-06 18:16:31,142: -PUB [/vis/agent_0/ssc/ego_fs_vis] /test_ssc_with_mpdm_0 http://y:35661/
[rosmaster.master][INFO] 2026-05-06 18:16:31,142: -PUB [/vis/agent_0/ssc/forward_trajs_vis] /test_ssc_with_mpdm_0 http://y:35661/
[rosmaster.master][INFO] 2026-05-06 18:16:31,142: -PUB [/vis/agent_0/ssc/sur_vehicle_trajs_vis] /test_ssc_with_mpdm_0 http://y:35661/
[rosmaster.master][INFO] 2026-05-06 18:16:31,143: -PUB [/vis/agent_0/ssc/corridor_vis] /test_ssc_with_mpdm_0 http://y:35661/
[rosmaster.master][INFO] 2026-05-06 18:16:31,143: -PUB [/ctrl/agent_0] /test_ssc_with_mpdm_0 http://y:35661/
[rosmaster.master][INFO] 2026-05-06 18:16:31,143: -PUB [/test_ssc_with_mpdm_0/ssc_map] /test_ssc_with_mpdm_0 http://y:35661/
[rosmaster.master][INFO] 2026-05-06 18:16:31,143: -PUB [/vis/agent_0/ssc/exec_traj] /test_ssc_with_mpdm_0 http://y:35661/
[rosmaster.master][INFO] 2026-05-06 18:16:31,144: -PUB [/vis/agent_0/forward_trajs] /test_ssc_with_mpdm_0 http://y:35661/
[rosmaster.master][INFO] 2026-05-06 18:16:31,144: -SUB [/joy] /test_ssc_with_mpdm_0 http://y:35661/
[rosmaster.master][INFO] 2026-05-06 18:16:31,144: -SUB [/arena_info_static] /test_ssc_with_mpdm_0 http://y:35661/
[rosmaster.master][INFO] 2026-05-06 18:16:31,144: -SUB [/arena_info_dynamic] /test_ssc_with_mpdm_0 http://y:35661/
[rosmaster.master][INFO] 2026-05-06 18:16:31,144: -SERVICE [/test_ssc_with_mpdm_0/get_loggers] /test_ssc_with_mpdm_0 rosrpc://y:58055
[rosmaster.master][INFO] 2026-05-06 18:16:31,145: -SERVICE [/test_ssc_with_mpdm_0/set_logger_level] /test_ssc_with_mpdm_0 rosrpc://y:58055
[rosmaster.master][INFO] 2026-05-06 18:16:31,338: -PUB [/rosout_agg] /rosout http://y:40737/
[rosmaster.master][INFO] 2026-05-06 18:16:31,338: -SUB [/rosout] /rosout http://y:40737/
[rosmaster.master][INFO] 2026-05-06 18:16:31,339: -SERVICE [/rosout/get_loggers] /rosout rosrpc://y:36167
[rosmaster.master][INFO] 2026-05-06 18:16:31,339: -SERVICE [/rosout/set_logger_level] /rosout rosrpc://y:36167
[rosmaster.main][INFO] 2026-05-06 18:16:31,435: keyboard interrupt, will exit
[rosmaster.main][INFO] 2026-05-06 18:16:31,435: stopping master...
[rospy.core][INFO] 2026-05-06 18:16:31,435: signal_shutdown [atexit]
