[rosmaster.main][INFO] 2026-04-25 18:44:07,375: initialization complete, waiting for shutdown
[rosmaster.main][INFO] 2026-04-25 18:44:07,375: Starting ROS Master Node
[xmlrpc][INFO] 2026-04-25 18:44:07,383: XML-RPC server binding to 0.0.0.0:11311
[xmlrpc][INFO] 2026-04-25 18:44:07,384: Started XML-RPC server [http://y:11311/]
[rosmaster.master][INFO] 2026-04-25 18:44:07,384: Master initialized: port[11311], uri[http://y:11311/]
[xmlrpc][INFO] 2026-04-25 18:44:07,384: xml rpc node: starting XML-RPC server
[rosmaster.master][INFO] 2026-04-25 18:44:07,425: +PARAM [/run_id] by /roslaunch
[rosmaster.master][INFO] 2026-04-25 18:44:07,426: +PARAM [/roslaunch/uris/host_y__45751] by /roslaunch
[rosmaster.master][INFO] 2026-04-25 18:44:07,450: +PARAM [/rosversion] by /roslaunch
[rosmaster.master][INFO] 2026-04-25 18:44:07,450: +PARAM [/rosdistro] by /roslaunch
[rosmaster.master][INFO] 2026-04-25 18:44:07,450: +PARAM [/test_ssc_with_mpdm_0/ego_id] by /roslaunch
[rosmaster.master][INFO] 2026-04-25 18:44:07,450: +PARAM [/test_ssc_with_mpdm_0/agent_config_path] by /roslaunch
[rosmaster.master][INFO] 2026-04-25 18:44:07,450: +PARAM [/test_ssc_with_mpdm_0/ssc_config_path] by /roslaunch
[rosmaster.master][INFO] 2026-04-25 18:44:07,450: +PARAM [/test_ssc_with_mpdm_0/desired_vel] by /roslaunch
[rosmaster.master][INFO] 2026-04-25 18:44:07,450: +PARAM [/test_ssc_with_mpdm_0/use_sim_state] by /roslaunch
[rosmaster.master][INFO] 2026-04-25 18:44:07,450: +PARAM [/onlane_ai_agent_1/ego_id] by /roslaunch
[rosmaster.master][INFO] 2026-04-25 18:44:07,450: +PARAM [/onlane_ai_agent_1/agent_config_path] by /roslaunch
[rosmaster.master][INFO] 2026-04-25 18:44:07,450: +PARAM [/onlane_ai_agent_1/desired_vel] by /roslaunch
[rosmaster.master][INFO] 2026-04-25 18:44:07,450: +PARAM [/onlane_ai_agent_1/autonomous_level] by /roslaunch
[rosmaster.master][INFO] 2026-04-25 18:44:07,450: +PARAM [/onlane_ai_agent_1/aggressiveness_level] by /roslaunch
[rosmaster.master][INFO] 2026-04-25 18:44:07,450: +PARAM [/onlane_ai_agent_2/ego_id] by /roslaunch
[rosmaster.master][INFO] 2026-04-25 18:44:07,450: +PARAM [/onlane_ai_agent_2/agent_config_path] by /roslaunch
[rosmaster.master][INFO] 2026-04-25 18:44:07,450: +PARAM [/onlane_ai_agent_2/desired_vel] by /roslaunch
[rosmaster.master][INFO] 2026-04-25 18:44:07,450: +PARAM [/onlane_ai_agent_2/autonomous_level] by /roslaunch
[rosmaster.master][INFO] 2026-04-25 18:44:07,450: +PARAM [/onlane_ai_agent_2/aggressiveness_level] by /roslaunch
[rosmaster.master][INFO] 2026-04-25 18:44:07,450: +PARAM [/onlane_ai_agent_3/ego_id] by /roslaunch
[rosmaster.master][INFO] 2026-04-25 18:44:07,450: +PARAM [/onlane_ai_agent_3/agent_config_path] by /roslaunch
[rosmaster.master][INFO] 2026-04-25 18:44:07,450: +PARAM [/onlane_ai_agent_3/desired_vel] by /roslaunch
[rosmaster.master][INFO] 2026-04-25 18:44:07,450: +PARAM [/onlane_ai_agent_3/autonomous_level] by /roslaunch
[rosmaster.master][INFO] 2026-04-25 18:44:07,451: +PARAM [/onlane_ai_agent_3/aggressiveness_level] by /roslaunch
[rosmaster.master][INFO] 2026-04-25 18:44:07,451: +PARAM [/onlane_ai_agent_4/ego_id] by /roslaunch
[rosmaster.master][INFO] 2026-04-25 18:44:07,451: +PARAM [/onlane_ai_agent_4/agent_config_path] by /roslaunch
[rosmaster.master][INFO] 2026-04-25 18:44:07,451: +PARAM [/onlane_ai_agent_4/desired_vel] by /roslaunch
[rosmaster.master][INFO] 2026-04-25 18:44:07,451: +PARAM [/onlane_ai_agent_4/autonomous_level] by /roslaunch
[rosmaster.master][INFO] 2026-04-25 18:44:07,451: +PARAM [/onlane_ai_agent_4/aggressiveness_level] by /roslaunch
[rosmaster.master][INFO] 2026-04-25 18:44:07,451: +PARAM [/onlane_ai_agent_5/ego_id] by /roslaunch
[rosmaster.master][INFO] 2026-04-25 18:44:07,451: +PARAM [/onlane_ai_agent_5/agent_config_path] by /roslaunch
[rosmaster.master][INFO] 2026-04-25 18:44:07,451: +PARAM [/onlane_ai_agent_5/desired_vel] by /roslaunch
[rosmaster.master][INFO] 2026-04-25 18:44:07,451: +PARAM [/onlane_ai_agent_5/autonomous_level] by /roslaunch
[rosmaster.master][INFO] 2026-04-25 18:44:07,451: +PARAM [/onlane_ai_agent_5/aggressiveness_level] by /roslaunch
[rosmaster.master][INFO] 2026-04-25 18:44:07,451: +PARAM [/onlane_ai_agent_6/ego_id] by /roslaunch
[rosmaster.master][INFO] 2026-04-25 18:44:07,451: +PARAM [/onlane_ai_agent_6/agent_config_path] by /roslaunch
[rosmaster.master][INFO] 2026-04-25 18:44:07,451: +PARAM [/onlane_ai_agent_6/desired_vel] by /roslaunch
[rosmaster.master][INFO] 2026-04-25 18:44:07,451: +PARAM [/onlane_ai_agent_6/autonomous_level] by /roslaunch
[rosmaster.master][INFO] 2026-04-25 18:44:07,451: +PARAM [/onlane_ai_agent_6/aggressiveness_level] by /roslaunch
[rosmaster.master][INFO] 2026-04-25 18:44:07,451: +PARAM [/onlane_ai_agent_7/ego_id] by /roslaunch
[rosmaster.master][INFO] 2026-04-25 18:44:07,451: +PARAM [/onlane_ai_agent_7/agent_config_path] by /roslaunch
[rosmaster.master][INFO] 2026-04-25 18:44:07,451: +PARAM [/onlane_ai_agent_7/desired_vel] by /roslaunch
[rosmaster.master][INFO] 2026-04-25 18:44:07,451: +PARAM [/onlane_ai_agent_7/autonomous_level] by /roslaunch
[rosmaster.master][INFO] 2026-04-25 18:44:07,451: +PARAM [/onlane_ai_agent_7/aggressiveness_level] by /roslaunch
[rosmaster.master][INFO] 2026-04-25 18:44:07,451: +PARAM [/onlane_ai_agent_8/ego_id] by /roslaunch
[rosmaster.master][INFO] 2026-04-25 18:44:07,451: +PARAM [/onlane_ai_agent_8/agent_config_path] by /roslaunch
[rosmaster.master][INFO] 2026-04-25 18:44:07,451: +PARAM [/onlane_ai_agent_8/desired_vel] by /roslaunch
[rosmaster.master][INFO] 2026-04-25 18:44:07,451: +PARAM [/onlane_ai_agent_8/autonomous_level] by /roslaunch
[rosmaster.master][INFO] 2026-04-25 18:44:07,451: +PARAM [/onlane_ai_agent_8/aggressiveness_level] by /roslaunch
[rosmaster.master][INFO] 2026-04-25 18:44:07,451: +PARAM [/onlane_ai_agent_9/ego_id] by /roslaunch
[rosmaster.master][INFO] 2026-04-25 18:44:07,451: +PARAM [/onlane_ai_agent_9/agent_config_path] by /roslaunch
[rosmaster.master][INFO] 2026-04-25 18:44:07,451: +PARAM [/onlane_ai_agent_9/desired_vel] by /roslaunch
[rosmaster.master][INFO] 2026-04-25 18:44:07,451: +PARAM [/onlane_ai_agent_9/autonomous_level] by /roslaunch
[rosmaster.master][INFO] 2026-04-25 18:44:07,451: +PARAM [/onlane_ai_agent_9/aggressiveness_level] by /roslaunch
[rosmaster.master][INFO] 2026-04-25 18:44:07,451: +PARAM [/onlane_ai_agent_10/ego_id] by /roslaunch
[rosmaster.master][INFO] 2026-04-25 18:44:07,451: +PARAM [/onlane_ai_agent_10/agent_config_path] by /roslaunch
[rosmaster.master][INFO] 2026-04-25 18:44:07,452: +PARAM [/onlane_ai_agent_10/desired_vel] by /roslaunch
[rosmaster.master][INFO] 2026-04-25 18:44:07,452: +PARAM [/onlane_ai_agent_10/autonomous_level] by /roslaunch
[rosmaster.master][INFO] 2026-04-25 18:44:07,452: +PARAM [/onlane_ai_agent_10/aggressiveness_level] by /roslaunch
[rosmaster.master][INFO] 2026-04-25 18:44:07,452: +PARAM [/joy_node/dev] by /roslaunch
[rosmaster.master][INFO] 2026-04-25 18:44:07,452: +PARAM [/phy_simulator_planning_node/vehicle_info_path] by /roslaunch
[rosmaster.master][INFO] 2026-04-25 18:44:07,452: +PARAM [/phy_simulator_planning_node/map_path] by /roslaunch
[rosmaster.master][INFO] 2026-04-25 18:44:07,452: +PARAM [/phy_simulator_planning_node/lane_net_path] by /roslaunch
[rosmaster.master][INFO] 2026-04-25 18:44:07,452: +SERVICE [/rosout/get_loggers] /rosout http://y:33429/
[rosmaster.master][INFO] 2026-04-25 18:44:07,453: +SERVICE [/rosout/set_logger_level] /rosout http://y:33429/
[rosmaster.master][INFO] 2026-04-25 18:44:07,453: +PUB [/rosout_agg] /rosout http://y:33429/
[rosmaster.master][INFO] 2026-04-25 18:44:07,454: +SUB [/rosout] /rosout http://y:33429/
[rosmaster.master][INFO] 2026-04-25 18:44:07,483: +PUB [/rosout] /test_ssc_with_mpdm_0 http://y:43149/
[rosmaster.master][INFO] 2026-04-25 18:44:07,484: +SERVICE [/test_ssc_with_mpdm_0/get_loggers] /test_ssc_with_mpdm_0 http://y:43149/
[rosmaster.master][INFO] 2026-04-25 18:44:07,484: +PUB [/rosout] /onlane_ai_agent_2 http://y:36339/
[rosmaster.master][INFO] 2026-04-25 18:44:07,485: +SERVICE [/test_ssc_with_mpdm_0/set_logger_level] /test_ssc_with_mpdm_0 http://y:43149/
[rosmaster.master][INFO] 2026-04-25 18:44:07,485: +SERVICE [/onlane_ai_agent_2/get_loggers] /onlane_ai_agent_2 http://y:36339/
[rosmaster.master][INFO] 2026-04-25 18:44:07,487: +PUB [/tf] /test_ssc_with_mpdm_0 http://y:43149/
[rosmaster.master][INFO] 2026-04-25 18:44:07,488: +PUB [/rosout] /onlane_ai_agent_3 http://y:43179/
[rosmaster.master][INFO] 2026-04-25 18:44:07,488: +SERVICE [/onlane_ai_agent_2/set_logger_level] /onlane_ai_agent_2 http://y:36339/
[rosmaster.master][INFO] 2026-04-25 18:44:07,488: +PUB [/vis/agent_0/ego_vehicle_vis] /test_ssc_with_mpdm_0 http://y:43149/
[rosmaster.master][INFO] 2026-04-25 18:44:07,489: +PUB [/vis/agent_0/obstacle_map] /test_ssc_with_mpdm_0 http://y:43149/
[rosmaster.master][INFO] 2026-04-25 18:44:07,489: +PUB [/vis/agent_0/surrounding_lane_net_vis] /test_ssc_with_mpdm_0 http://y:43149/
[rosmaster.master][INFO] 2026-04-25 18:44:07,489: +PUB [/vis/agent_0/local_lanes_vis] /test_ssc_with_mpdm_0 http://y:43149/
[rosmaster.master][INFO] 2026-04-25 18:44:07,489: +PUB [/vis/agent_0/ego_behavior_vis] /test_ssc_with_mpdm_0 http://y:43149/
[rosmaster.master][INFO] 2026-04-25 18:44:07,490: +PUB [/vis/agent_0/pred_traj_openloop_vis] /test_ssc_with_mpdm_0 http://y:43149/
[rosmaster.master][INFO] 2026-04-25 18:44:07,490: +PUB [/vis/agent_0/pred_initial_intention_vis] /test_ssc_with_mpdm_0 http://y:43149/
[rosmaster.master][INFO] 2026-04-25 18:44:07,490: +PUB [/vis/agent_0/surrounding_vehicle_vis] /test_ssc_with_mpdm_0 http://y:43149/
[rosmaster.master][INFO] 2026-04-25 18:44:07,490: +PUB [/vis/agent_0/speed_limit] /test_ssc_with_mpdm_0 http://y:43149/
[rosmaster.master][INFO] 2026-04-25 18:44:07,491: +PUB [/vis/agent_0/ssc/map_vis] /test_ssc_with_mpdm_0 http://y:43149/
[rosmaster.master][INFO] 2026-04-25 18:44:07,491: +PUB [/vis/agent_0/ssc/qp_vis] /test_ssc_with_mpdm_0 http://y:43149/
[rosmaster.master][INFO] 2026-04-25 18:44:07,491: +PUB [/vis/agent_0/ssc/ego_fs_vis] /test_ssc_with_mpdm_0 http://y:43149/
[rosmaster.master][INFO] 2026-04-25 18:44:07,492: +PUB [/vis/agent_0/ssc/forward_trajs_vis] /test_ssc_with_mpdm_0 http://y:43149/
[rosmaster.master][INFO] 2026-04-25 18:44:07,493: +SERVICE [/onlane_ai_agent_3/get_loggers] /onlane_ai_agent_3 http://y:43179/
[rosmaster.master][INFO] 2026-04-25 18:44:07,493: +PUB [/vis/agent_0/ssc/sur_vehicle_trajs_vis] /test_ssc_with_mpdm_0 http://y:43149/
[rosmaster.master][INFO] 2026-04-25 18:44:07,494: +PUB [/rosout] /onlane_ai_agent_4 http://y:46263/
[rosmaster.master][INFO] 2026-04-25 18:44:07,494: +SERVICE [/onlane_ai_agent_4/get_loggers] /onlane_ai_agent_4 http://y:46263/
[rosmaster.master][INFO] 2026-04-25 18:44:07,495: +SERVICE [/onlane_ai_agent_4/set_logger_level] /onlane_ai_agent_4 http://y:46263/
[rosmaster.master][INFO] 2026-04-25 18:44:07,497: +PUB [/ctrl/agent_4] /onlane_ai_agent_4 http://y:46263/
[rosmaster.master][INFO] 2026-04-25 18:44:07,499: +SERVICE [/onlane_ai_agent_3/set_logger_level] /onlane_ai_agent_3 http://y:43179/
[rosmaster.master][INFO] 2026-04-25 18:44:07,500: +PUB [/rosout] /onlane_ai_agent_1 http://y:46187/
[rosmaster.master][INFO] 2026-04-25 18:44:07,504: +PUB [/rosout] /onlane_ai_agent_5 http://y:44517/
[rosmaster.master][INFO] 2026-04-25 18:44:07,505: +PUB [/ctrl/agent_2] /onlane_ai_agent_2 http://y:36339/
[rosmaster.master][INFO] 2026-04-25 18:44:07,505: +PUB [/vis/agent_0/ssc/corridor_vis] /test_ssc_with_mpdm_0 http://y:43149/
[rosmaster.master][INFO] 2026-04-25 18:44:07,510: +PUB [/tf] /onlane_ai_agent_2 http://y:36339/
[rosmaster.master][INFO] 2026-04-25 18:44:07,511: +PUB [/rosout] /onlane_ai_agent_6 http://y:41817/
[rosmaster.master][INFO] 2026-04-25 18:44:07,512: +PUB [/tf] /onlane_ai_agent_4 http://y:46263/
[rosmaster.master][INFO] 2026-04-25 18:44:07,512: +PUB [/vis/agent_4/ego_vehicle_vis] /onlane_ai_agent_4 http://y:46263/
[rosmaster.master][INFO] 2026-04-25 18:44:07,513: +PUB [/vis/agent_4/obstacle_map] /onlane_ai_agent_4 http://y:46263/
[rosmaster.master][INFO] 2026-04-25 18:44:07,513: +PUB [/vis/agent_4/surrounding_lane_net_vis] /onlane_ai_agent_4 http://y:46263/
[rosmaster.master][INFO] 2026-04-25 18:44:07,513: +SERVICE [/onlane_ai_agent_1/get_loggers] /onlane_ai_agent_1 http://y:46187/
[rosmaster.master][INFO] 2026-04-25 18:44:07,513: +SERVICE [/onlane_ai_agent_6/get_loggers] /onlane_ai_agent_6 http://y:41817/
[rosmaster.master][INFO] 2026-04-25 18:44:07,514: +PUB [/vis/agent_4/local_lanes_vis] /onlane_ai_agent_4 http://y:46263/
[rosmaster.master][INFO] 2026-04-25 18:44:07,514: +PUB [/vis/agent_4/ego_behavior_vis] /onlane_ai_agent_4 http://y:46263/
[rosmaster.master][INFO] 2026-04-25 18:44:07,515: +SERVICE [/onlane_ai_agent_1/set_logger_level] /onlane_ai_agent_1 http://y:46187/
[rosmaster.master][INFO] 2026-04-25 18:44:07,515: +SERVICE [/onlane_ai_agent_6/set_logger_level] /onlane_ai_agent_6 http://y:41817/
[rosmaster.master][INFO] 2026-04-25 18:44:07,517: +PUB [/ctrl/agent_1] /onlane_ai_agent_1 http://y:46187/
[rosmaster.master][INFO] 2026-04-25 18:44:07,518: +PUB [/vis/agent_2/ego_vehicle_vis] /onlane_ai_agent_2 http://y:36339/
[rosmaster.master][INFO] 2026-04-25 18:44:07,518: +PUB [/vis/agent_4/pred_traj_openloop_vis] /onlane_ai_agent_4 http://y:46263/
[rosmaster.master][INFO] 2026-04-25 18:44:07,519: +PUB [/vis/agent_4/pred_initial_intention_vis] /onlane_ai_agent_4 http://y:46263/
[rosmaster.master][INFO] 2026-04-25 18:44:07,519: +PUB [/vis/agent_4/surrounding_vehicle_vis] /onlane_ai_agent_4 http://y:46263/
[rosmaster.master][INFO] 2026-04-25 18:44:07,519: +PUB [/vis/agent_4/speed_limit] /onlane_ai_agent_4 http://y:46263/
[rosmaster.master][INFO] 2026-04-25 18:44:07,520: +PUB [/vis/agent_2/obstacle_map] /onlane_ai_agent_2 http://y:36339/
[rosmaster.master][INFO] 2026-04-25 18:44:07,523: +PUB [/tf] /onlane_ai_agent_1 http://y:46187/
[rosmaster.master][INFO] 2026-04-25 18:44:07,523: +PUB [/vis/agent_1/ego_vehicle_vis] /onlane_ai_agent_1 http://y:46187/
[rosmaster.master][INFO] 2026-04-25 18:44:07,524: +PUB [/ctrl/agent_3] /onlane_ai_agent_3 http://y:43179/
[rosmaster.master][INFO] 2026-04-25 18:44:07,524: +PUB [/vis/agent_2/surrounding_lane_net_vis] /onlane_ai_agent_2 http://y:36339/
[rosmaster.master][INFO] 2026-04-25 18:44:07,524: +PUB [/vis/agent_1/obstacle_map] /onlane_ai_agent_1 http://y:46187/
[rosmaster.master][INFO] 2026-04-25 18:44:07,525: +PUB [/vis/agent_1/surrounding_lane_net_vis] /onlane_ai_agent_1 http://y:46187/
[rosmaster.master][INFO] 2026-04-25 18:44:07,525: +PUB [/vis/agent_1/local_lanes_vis] /onlane_ai_agent_1 http://y:46187/
[rosmaster.master][INFO] 2026-04-25 18:44:07,525: +PUB [/vis/agent_1/ego_behavior_vis] /onlane_ai_agent_1 http://y:46187/
[rosmaster.master][INFO] 2026-04-25 18:44:07,526: +PUB [/vis/agent_1/pred_traj_openloop_vis] /onlane_ai_agent_1 http://y:46187/
[rosmaster.master][INFO] 2026-04-25 18:44:07,526: +PUB [/vis/agent_1/pred_initial_intention_vis] /onlane_ai_agent_1 http://y:46187/
[rosmaster.master][INFO] 2026-04-25 18:44:07,527: +SUB [/arena_info_static] /onlane_ai_agent_4 http://y:46263/
[rosmaster.master][INFO] 2026-04-25 18:44:07,528: +PUB [/vis/agent_1/surrounding_vehicle_vis] /onlane_ai_agent_1 http://y:46187/
[rosmaster.master][INFO] 2026-04-25 18:44:07,530: +PUB [/rosout] /onlane_ai_agent_8 http://y:45829/
[rosmaster.master][INFO] 2026-04-25 18:44:07,531: +PUB [/vis/agent_1/speed_limit] /onlane_ai_agent_1 http://y:46187/
[rosmaster.master][INFO] 2026-04-25 18:44:07,533: +SERVICE [/onlane_ai_agent_5/get_loggers] /onlane_ai_agent_5 http://y:44517/
[rosmaster.master][INFO] 2026-04-25 18:44:07,534: +PUB [/ctrl/agent_0] /test_ssc_with_mpdm_0 http://y:43149/
[rosmaster.master][INFO] 2026-04-25 18:44:07,534: +PUB [/rosout] /onlane_ai_agent_9 http://y:45241/
[rosmaster.master][INFO] 2026-04-25 18:44:07,537: +SERVICE [/onlane_ai_agent_8/get_loggers] /onlane_ai_agent_8 http://y:45829/
[rosmaster.master][INFO] 2026-04-25 18:44:07,537: +SUB [/arena_info_dynamic] /onlane_ai_agent_4 http://y:46263/
[rosmaster.master][INFO] 2026-04-25 18:44:07,537: +PUB [/vis/agent_2/local_lanes_vis] /onlane_ai_agent_2 http://y:36339/
[rosmaster.master][INFO] 2026-04-25 18:44:07,537: +PUB [/ctrl/agent_6] /onlane_ai_agent_6 http://y:41817/
[rosmaster.master][INFO] 2026-04-25 18:44:07,537: +SERVICE [/onlane_ai_agent_9/get_loggers] /onlane_ai_agent_9 http://y:45241/
[rosmaster.master][INFO] 2026-04-25 18:44:07,538: +SERVICE [/onlane_ai_agent_9/set_logger_level] /onlane_ai_agent_9 http://y:45241/
[rosmaster.master][INFO] 2026-04-25 18:44:07,538: +SUB [/arena_info_static] /onlane_ai_agent_1 http://y:46187/
[rosmaster.master][INFO] 2026-04-25 18:44:07,540: +PUB [/test_ssc_with_mpdm_0/ssc_map] /test_ssc_with_mpdm_0 http://y:43149/
[rosmaster.master][INFO] 2026-04-25 18:44:07,540: +SERVICE [/onlane_ai_agent_8/set_logger_level] /onlane_ai_agent_8 http://y:45829/
[rosmaster.master][INFO] 2026-04-25 18:44:07,541: +SUB [/joy] /onlane_ai_agent_4 http://y:46263/
[rosmaster.master][INFO] 2026-04-25 18:44:07,541: +PUB [/ctrl/agent_9] /onlane_ai_agent_9 http://y:45241/
[rosmaster.master][INFO] 2026-04-25 18:44:07,542: +PUB [/vis/agent_4/forward_trajs] /onlane_ai_agent_4 http://y:46263/
[rosmaster.master][INFO] 2026-04-25 18:44:07,542: +SUB [/arena_info_dynamic] /onlane_ai_agent_1 http://y:46187/
[rosmaster.master][INFO] 2026-04-25 18:44:07,543: +PUB [/rosout] /onlane_ai_agent_7 http://y:41629/
[rosmaster.master][INFO] 2026-04-25 18:44:07,544: +SERVICE [/onlane_ai_agent_7/get_loggers] /onlane_ai_agent_7 http://y:41629/
[rosmaster.master][INFO] 2026-04-25 18:44:07,545: +PUB [/ctrl/agent_8] /onlane_ai_agent_8 http://y:45829/
[rosmaster.master][INFO] 2026-04-25 18:44:07,546: +PUB [/rosout] /onlane_ai_agent_10 http://y:41501/
[rosmaster.master][INFO] 2026-04-25 18:44:07,546: +SUB [/joy] /onlane_ai_agent_1 http://y:46187/
[rosmaster.master][INFO] 2026-04-25 18:44:07,547: +PUB [/tf] /onlane_ai_agent_9 http://y:45241/
[rosmaster.master][INFO] 2026-04-25 18:44:07,549: +PUB [/vis/agent_1/forward_trajs] /onlane_ai_agent_1 http://y:46187/
[rosmaster.master][INFO] 2026-04-25 18:44:07,549: +PUB [/vis/agent_9/ego_vehicle_vis] /onlane_ai_agent_9 http://y:45241/
[rosmaster.master][INFO] 2026-04-25 18:44:07,550: +PUB [/vis/agent_9/obstacle_map] /onlane_ai_agent_9 http://y:45241/
[rosmaster.master][INFO] 2026-04-25 18:44:07,551: +PUB [/vis/agent_9/surrounding_lane_net_vis] /onlane_ai_agent_9 http://y:45241/
[rosmaster.master][INFO] 2026-04-25 18:44:07,552: +SERVICE [/onlane_ai_agent_10/get_loggers] /onlane_ai_agent_10 http://y:41501/
[rosmaster.master][INFO] 2026-04-25 18:44:07,553: +PUB [/vis/agent_0/ssc/exec_traj] /test_ssc_with_mpdm_0 http://y:43149/
[rosmaster.master][INFO] 2026-04-25 18:44:07,553: +PUB [/vis/agent_9/local_lanes_vis] /onlane_ai_agent_9 http://y:45241/
[rosmaster.master][INFO] 2026-04-25 18:44:07,554: +SERVICE [/onlane_ai_agent_5/set_logger_level] /onlane_ai_agent_5 http://y:44517/
[rosmaster.master][INFO] 2026-04-25 18:44:07,555: +SERVICE [/onlane_ai_agent_7/set_logger_level] /onlane_ai_agent_7 http://y:41629/
[rosmaster.master][INFO] 2026-04-25 18:44:07,556: +PUB [/vis/agent_2/ego_behavior_vis] /onlane_ai_agent_2 http://y:36339/
[rosmaster.master][INFO] 2026-04-25 18:44:07,556: +PUB [/vis/agent_9/ego_behavior_vis] /onlane_ai_agent_9 http://y:45241/
[rosmaster.master][INFO] 2026-04-25 18:44:07,557: +PUB [/tf] /onlane_ai_agent_8 http://y:45829/
[rosmaster.master][INFO] 2026-04-25 18:44:07,561: +PUB [/vis/agent_9/pred_traj_openloop_vis] /onlane_ai_agent_9 http://y:45241/
[rosmaster.master][INFO] 2026-04-25 18:44:07,563: +PUB [/vis/agent_8/ego_vehicle_vis] /onlane_ai_agent_8 http://y:45829/
[rosmaster.master][INFO] 2026-04-25 18:44:07,564: +SERVICE [/onlane_ai_agent_10/set_logger_level] /onlane_ai_agent_10 http://y:41501/
[rosmaster.master][INFO] 2026-04-25 18:44:07,565: +PUB [/ctrl/agent_5] /onlane_ai_agent_5 http://y:44517/
[rosmaster.master][INFO] 2026-04-25 18:44:07,565: +PUB [/vis/agent_8/obstacle_map] /onlane_ai_agent_8 http://y:45829/
[rosmaster.master][INFO] 2026-04-25 18:44:07,565: +PUB [/ctrl/agent_7] /onlane_ai_agent_7 http://y:41629/
[rosmaster.master][INFO] 2026-04-25 18:44:07,566: +PUB [/vis/agent_8/surrounding_lane_net_vis] /onlane_ai_agent_8 http://y:45829/
[rosmaster.master][INFO] 2026-04-25 18:44:07,571: +PUB [/tf] /onlane_ai_agent_3 http://y:43179/
[rosmaster.master][INFO] 2026-04-25 18:44:07,571: +PUB [/vis/agent_8/local_lanes_vis] /onlane_ai_agent_8 http://y:45829/
[rosmaster.master][INFO] 2026-04-25 18:44:07,572: +PUB [/vis/agent_8/ego_behavior_vis] /onlane_ai_agent_8 http://y:45829/
[rosmaster.master][INFO] 2026-04-25 18:44:07,573: +PUB [/tf] /onlane_ai_agent_5 http://y:44517/
[rosmaster.master][INFO] 2026-04-25 18:44:07,574: +PUB [/vis/agent_8/pred_traj_openloop_vis] /onlane_ai_agent_8 http://y:45829/
[rosmaster.master][INFO] 2026-04-25 18:44:07,575: +PUB [/rosout] /phy_simulator_planning_node http://y:33299/
[rosmaster.master][INFO] 2026-04-25 18:44:07,575: +PUB [/vis/agent_5/ego_vehicle_vis] /onlane_ai_agent_5 http://y:44517/
[rosmaster.master][INFO] 2026-04-25 18:44:07,575: +SERVICE [/phy_simulator_planning_node/get_loggers] /phy_simulator_planning_node http://y:33299/
[rosmaster.master][INFO] 2026-04-25 18:44:07,576: publisherUpdate[/rosout] -> http://y:33429/ ['http://y:43149/']
[rosmaster.master][INFO] 2026-04-25 18:44:07,578: +PUB [/vis/agent_5/obstacle_map] /onlane_ai_agent_5 http://y:44517/
[rosmaster.master][INFO] 2026-04-25 18:44:07,578: +PUB [/vis/agent_8/pred_initial_intention_vis] /onlane_ai_agent_8 http://y:45829/
[rosmaster.master][INFO] 2026-04-25 18:44:07,578: +SERVICE [/phy_simulator_planning_node/set_logger_level] /phy_simulator_planning_node http://y:33299/
[rosmaster.master][INFO] 2026-04-25 18:44:07,581: +PUB [/vis/agent_5/surrounding_lane_net_vis] /onlane_ai_agent_5 http://y:44517/
[rosmaster.master][INFO] 2026-04-25 18:44:07,583: +PUB [/tf] /onlane_ai_agent_7 http://y:41629/
[rosmaster.master][INFO] 2026-04-25 18:44:07,583: publisherUpdate[/rosout] -> http://y:33429/ ['http://y:43149/']: sec=0.01, result=[1, '', 0]
[rosmaster.master][INFO] 2026-04-25 18:44:07,585: publisherUpdate[/rosout] -> http://y:33429/ ['http://y:43149/', 'http://y:36339/']
[rosmaster.master][INFO] 2026-04-25 18:44:07,586: publisherUpdate[/rosout] -> http://y:33429/ ['http://y:43149/', 'http://y:36339/']: sec=0.00, result=[1, '', 0]
[rosmaster.master][INFO] 2026-04-25 18:44:07,586: publisherUpdate[/rosout] -> http://y:33429/ ['http://y:43149/', 'http://y:36339/', 'http://y:43179/']
[rosmaster.master][INFO] 2026-04-25 18:44:07,586: publisherUpdate[/rosout] -> http://y:33429/ ['http://y:43149/', 'http://y:36339/', 'http://y:43179/']: sec=0.00, result=[1, '', 0]
[rosmaster.master][INFO] 2026-04-25 18:44:07,586: publisherUpdate[/rosout] -> http://y:33429/ ['http://y:43149/', 'http://y:36339/', 'http://y:43179/', 'http://y:46263/']
[rosmaster.master][INFO] 2026-04-25 18:44:07,587: publisherUpdate[/rosout] -> http://y:33429/ ['http://y:43149/', 'http://y:36339/', 'http://y:43179/', 'http://y:46263/']: sec=0.00, result=[1, '', 0]
[rosmaster.master][INFO] 2026-04-25 18:44:07,587: publisherUpdate[/rosout] -> http://y:33429/ ['http://y:43149/', 'http://y:36339/', 'http://y:43179/', 'http://y:46263/', 'http://y:46187/']
[rosmaster.master][INFO] 2026-04-25 18:44:07,587: publisherUpdate[/rosout] -> http://y:33429/ ['http://y:43149/', 'http://y:36339/', 'http://y:43179/', 'http://y:46263/', 'http://y:46187/']: sec=0.00, result=[1, '', 0]
[rosmaster.master][INFO] 2026-04-25 18:44:07,587: publisherUpdate[/rosout] -> http://y:33429/ ['http://y:43149/', 'http://y:36339/', 'http://y:43179/', 'http://y:46263/', 'http://y:46187/', 'http://y:44517/']
[rosmaster.master][INFO] 2026-04-25 18:44:07,584: +SUB [/joy] /test_ssc_with_mpdm_0 http://y:43149/
[rosmaster.master][INFO] 2026-04-25 18:44:07,588: publisherUpdate[/rosout] -> http://y:33429/ ['http://y:43149/', 'http://y:36339/', 'http://y:43179/', 'http://y:46263/', 'http://y:46187/', 'http://y:44517/']: sec=0.00, result=[1, '', 0]
[rosmaster.master][INFO] 2026-04-25 18:44:07,589: publisherUpdate[/rosout] -> http://y:33429/ ['http://y:43149/', 'http://y:36339/', 'http://y:43179/', 'http://y:46263/', 'http://y:46187/', 'http://y:44517/', 'http://y:41817/']
[rosmaster.master][INFO] 2026-04-25 18:44:07,589: +PUB [/vis/agent_3/ego_vehicle_vis] /onlane_ai_agent_3 http://y:43179/
[rosmaster.master][INFO] 2026-04-25 18:44:07,589: +PUB [/vis/agent_7/ego_vehicle_vis] /onlane_ai_agent_7 http://y:41629/
[rosmaster.master][INFO] 2026-04-25 18:44:07,589: publisherUpdate[/rosout] -> http://y:33429/ ['http://y:43149/', 'http://y:36339/', 'http://y:43179/', 'http://y:46263/', 'http://y:46187/', 'http://y:44517/', 'http://y:41817/']: sec=0.00, result=[1, '', 0]
[rosmaster.master][INFO] 2026-04-25 18:44:07,590: publisherUpdate[/rosout] -> http://y:33429/ ['http://y:43149/', 'http://y:36339/', 'http://y:43179/', 'http://y:46263/', 'http://y:46187/', 'http://y:44517/', 'http://y:41817/', 'http://y:45829/']
[rosmaster.master][INFO] 2026-04-25 18:44:07,590: publisherUpdate[/rosout] -> http://y:33429/ ['http://y:43149/', 'http://y:36339/', 'http://y:43179/', 'http://y:46263/', 'http://y:46187/', 'http://y:44517/', 'http://y:41817/', 'http://y:45829/']: sec=0.00, result=[1, '', 0]
[rosmaster.master][INFO] 2026-04-25 18:44:07,590: publisherUpdate[/rosout] -> http://y:33429/ ['http://y:43149/', 'http://y:36339/', 'http://y:43179/', 'http://y:46263/', 'http://y:46187/', 'http://y:44517/', 'http://y:41817/', 'http://y:45829/', 'http://y:45241/']
[rosmaster.master][INFO] 2026-04-25 18:44:07,590: publisherUpdate[/rosout] -> http://y:33429/ ['http://y:43149/', 'http://y:36339/', 'http://y:43179/', 'http://y:46263/', 'http://y:46187/', 'http://y:44517/', 'http://y:41817/', 'http://y:45829/', 'http://y:45241/']: sec=0.00, result=[1, '', 0]
[rosmaster.master][INFO] 2026-04-25 18:44:07,590: publisherUpdate[/rosout] -> http://y:33429/ ['http://y:43149/', 'http://y:36339/', 'http://y:43179/', 'http://y:46263/', 'http://y:46187/', 'http://y:44517/', 'http://y:41817/', 'http://y:45829/', 'http://y:45241/', 'http://y:41629/']
[rosmaster.master][INFO] 2026-04-25 18:44:07,591: publisherUpdate[/rosout] -> http://y:33429/ ['http://y:43149/', 'http://y:36339/', 'http://y:43179/', 'http://y:46263/', 'http://y:46187/', 'http://y:44517/', 'http://y:41817/', 'http://y:45829/', 'http://y:45241/', 'http://y:41629/']: sec=0.00, result=[1, '', 0]
[rosmaster.master][INFO] 2026-04-25 18:44:07,591: publisherUpdate[/rosout] -> http://y:33429/ ['http://y:43149/', 'http://y:36339/', 'http://y:43179/', 'http://y:46263/', 'http://y:46187/', 'http://y:44517/', 'http://y:41817/', 'http://y:45829/', 'http://y:45241/', 'http://y:41629/', 'http://y:41501/']
[rosmaster.master][INFO] 2026-04-25 18:44:07,591: publisherUpdate[/rosout] -> http://y:33429/ ['http://y:43149/', 'http://y:36339/', 'http://y:43179/', 'http://y:46263/', 'http://y:46187/', 'http://y:44517/', 'http://y:41817/', 'http://y:45829/', 'http://y:45241/', 'http://y:41629/', 'http://y:41501/']: sec=0.00, result=[1, '', 0]
[rosmaster.master][INFO] 2026-04-25 18:44:07,591: publisherUpdate[/rosout] -> http://y:33429/ ['http://y:43149/', 'http://y:36339/', 'http://y:43179/', 'http://y:46263/', 'http://y:46187/', 'http://y:44517/', 'http://y:41817/', 'http://y:45829/', 'http://y:45241/', 'http://y:41629/', 'http://y:41501/', 'http://y:33299/']
[rosmaster.master][INFO] 2026-04-25 18:44:07,591: publisherUpdate[/rosout] -> http://y:33429/ ['http://y:43149/', 'http://y:36339/', 'http://y:43179/', 'http://y:46263/', 'http://y:46187/', 'http://y:44517/', 'http://y:41817/', 'http://y:45829/', 'http://y:45241/', 'http://y:41629/', 'http://y:41501/', 'http://y:33299/']: sec=0.00, result=[1, '', 0]
[rosmaster.master][INFO] 2026-04-25 18:44:07,592: +PUB [/vis/agent_9/pred_initial_intention_vis] /onlane_ai_agent_9 http://y:45241/
[rosmaster.master][INFO] 2026-04-25 18:44:07,593: +PUB [/vis/agent_3/obstacle_map] /onlane_ai_agent_3 http://y:43179/
[rosmaster.master][INFO] 2026-04-25 18:44:07,595: +PUB [/vis/agent_5/local_lanes_vis] /onlane_ai_agent_5 http://y:44517/
[rosmaster.master][INFO] 2026-04-25 18:44:07,595: +PUB [/vis/agent_0/forward_trajs] /test_ssc_with_mpdm_0 http://y:43149/
[rosmaster.master][INFO] 2026-04-25 18:44:07,603: +PUB [/vis/agent_7/obstacle_map] /onlane_ai_agent_7 http://y:41629/
[rosmaster.master][INFO] 2026-04-25 18:44:07,603: +PUB [/vis/agent_8/surrounding_vehicle_vis] /onlane_ai_agent_8 http://y:45829/
[rosmaster.master][INFO] 2026-04-25 18:44:07,604: +PUB [/ctrl/agent_10] /onlane_ai_agent_10 http://y:41501/
[rosmaster.master][INFO] 2026-04-25 18:44:07,604: +PUB [/vis/agent_8/speed_limit] /onlane_ai_agent_8 http://y:45829/
[rosmaster.master][INFO] 2026-04-25 18:44:07,604: +PUB [/vis/agent_2/pred_traj_openloop_vis] /onlane_ai_agent_2 http://y:36339/
[rosmaster.master][INFO] 2026-04-25 18:44:07,604: +PUB [/vis/agent_3/surrounding_lane_net_vis] /onlane_ai_agent_3 http://y:43179/
[rosmaster.master][INFO] 2026-04-25 18:44:07,605: +PUB [/vis/agent_9/surrounding_vehicle_vis] /onlane_ai_agent_9 http://y:45241/
[rosmaster.master][INFO] 2026-04-25 18:44:07,606: +SUB [/arena_info_static] /onlane_ai_agent_8 http://y:45829/
[rosmaster.master][INFO] 2026-04-25 18:44:07,607: +PUB [/tf] /onlane_ai_agent_6 http://y:41817/
[rosmaster.master][INFO] 2026-04-25 18:44:07,608: +PUB [/vis/agent_5/ego_behavior_vis] /onlane_ai_agent_5 http://y:44517/
[rosmaster.master][INFO] 2026-04-25 18:44:07,608: +PUB [/vis/agent_2/pred_initial_intention_vis] /onlane_ai_agent_2 http://y:36339/
[rosmaster.master][INFO] 2026-04-25 18:44:07,608: +PUB [/vis/agent_7/surrounding_lane_net_vis] /onlane_ai_agent_7 http://y:41629/
[rosmaster.master][INFO] 2026-04-25 18:44:07,608: +PUB [/vis/agent_3/local_lanes_vis] /onlane_ai_agent_3 http://y:43179/
[rosmaster.master][INFO] 2026-04-25 18:44:07,609: +SUB [/arena_info_static] /test_ssc_with_mpdm_0 http://y:43149/
[rosmaster.master][INFO] 2026-04-25 18:44:07,609: +PUB [/vis/agent_5/pred_traj_openloop_vis] /onlane_ai_agent_5 http://y:44517/
[rosmaster.master][INFO] 2026-04-25 18:44:07,610: +PUB [/vis/agent_6/ego_vehicle_vis] /onlane_ai_agent_6 http://y:41817/
[rosmaster.master][INFO] 2026-04-25 18:44:07,610: +PUB [/vis/agent_3/ego_behavior_vis] /onlane_ai_agent_3 http://y:43179/
[rosmaster.master][INFO] 2026-04-25 18:44:07,610: +PUB [/vis/agent_2/surrounding_vehicle_vis] /onlane_ai_agent_2 http://y:36339/
[rosmaster.master][INFO] 2026-04-25 18:44:07,610: +PUB [/vis/agent_5/pred_initial_intention_vis] /onlane_ai_agent_5 http://y:44517/
[rosmaster.master][INFO] 2026-04-25 18:44:07,610: +PUB [/vis/agent_7/local_lanes_vis] /onlane_ai_agent_7 http://y:41629/
[rosmaster.master][INFO] 2026-04-25 18:44:07,610: +SUB [/arena_info_dynamic] /onlane_ai_agent_8 http://y:45829/
[rosmaster.master][INFO] 2026-04-25 18:44:07,611: +PUB [/vis/agent_3/pred_traj_openloop_vis] /onlane_ai_agent_3 http://y:43179/
[rosmaster.master][INFO] 2026-04-25 18:44:07,611: +PUB [/vis/agent_5/surrounding_vehicle_vis] /onlane_ai_agent_5 http://y:44517/
[rosmaster.master][INFO] 2026-04-25 18:44:07,611: +PUB [/vis/agent_7/ego_behavior_vis] /onlane_ai_agent_7 http://y:41629/
[rosmaster.master][INFO] 2026-04-25 18:44:07,612: +PUB [/vis/agent_9/speed_limit] /onlane_ai_agent_9 http://y:45241/
[rosmaster.master][INFO] 2026-04-25 18:44:07,612: +PUB [/vis/agent_3/pred_initial_intention_vis] /onlane_ai_agent_3 http://y:43179/
[rosmaster.master][INFO] 2026-04-25 18:44:07,613: +PUB [/vis/agent_5/speed_limit] /onlane_ai_agent_5 http://y:44517/
[rosmaster.master][INFO] 2026-04-25 18:44:07,614: +PUB [/vis/agent_2/speed_limit] /onlane_ai_agent_2 http://y:36339/
[rosmaster.master][INFO] 2026-04-25 18:44:07,614: +PUB [/vis/agent_7/pred_traj_openloop_vis] /onlane_ai_agent_7 http://y:41629/
[rosmaster.master][INFO] 2026-04-25 18:44:07,614: +PUB [/vis/agent_6/obstacle_map] /onlane_ai_agent_6 http://y:41817/
[rosmaster.master][INFO] 2026-04-25 18:44:07,615: +PUB [/vis/agent_3/surrounding_vehicle_vis] /onlane_ai_agent_3 http://y:43179/
[rosmaster.master][INFO] 2026-04-25 18:44:07,615: +PUB [/vis/agent_7/pred_initial_intention_vis] /onlane_ai_agent_7 http://y:41629/
[rosmaster.master][INFO] 2026-04-25 18:44:07,617: +SUB [/arena_info_dynamic] /test_ssc_with_mpdm_0 http://y:43149/
[rosmaster.master][INFO] 2026-04-25 18:44:07,622: +PUB [/vis/agent_3/speed_limit] /onlane_ai_agent_3 http://y:43179/
[rosmaster.master][INFO] 2026-04-25 18:44:07,623: +PUB [/vis/agent_6/surrounding_lane_net_vis] /onlane_ai_agent_6 http://y:41817/
[rosmaster.master][INFO] 2026-04-25 18:44:07,623: +SUB [/arena_info_static] /onlane_ai_agent_5 http://y:44517/
[rosmaster.master][INFO] 2026-04-25 18:44:07,624: +SUB [/joy] /onlane_ai_agent_8 http://y:45829/
[rosmaster.master][INFO] 2026-04-25 18:44:07,625: +PUB [/vis/agent_6/local_lanes_vis] /onlane_ai_agent_6 http://y:41817/
[rosmaster.master][INFO] 2026-04-25 18:44:07,625: +SUB [/arena_info_static] /onlane_ai_agent_9 http://y:45241/
[rosmaster.master][INFO] 2026-04-25 18:44:07,627: +SUB [/arena_info_static] /onlane_ai_agent_2 http://y:36339/
[rosmaster.master][INFO] 2026-04-25 18:44:07,627: +PUB [/vis/agent_7/surrounding_vehicle_vis] /onlane_ai_agent_7 http://y:41629/
[rosmaster.master][INFO] 2026-04-25 18:44:07,628: +PUB [/vis/agent_6/ego_behavior_vis] /onlane_ai_agent_6 http://y:41817/
[rosmaster.master][INFO] 2026-04-25 18:44:07,629: +PUB [/tf] /onlane_ai_agent_10 http://y:41501/
[rosmaster.master][INFO] 2026-04-25 18:44:07,629: +PUB [/vis/agent_6/pred_traj_openloop_vis] /onlane_ai_agent_6 http://y:41817/
[rosmaster.master][INFO] 2026-04-25 18:44:07,629: +PUB [/arena_info_static] /phy_simulator_planning_node http://y:33299/
[rosmaster.master][INFO] 2026-04-25 18:44:07,630: +PUB [/vis/agent_8/forward_trajs] /onlane_ai_agent_8 http://y:45829/
[rosmaster.master][INFO] 2026-04-25 18:44:07,638: +PUB [/vis/agent_7/speed_limit] /onlane_ai_agent_7 http://y:41629/
[rosmaster.master][INFO] 2026-04-25 18:44:07,638: +SUB [/arena_info_static] /onlane_ai_agent_3 http://y:43179/
[rosmaster.master][INFO] 2026-04-25 18:44:07,640: +SUB [/arena_info_dynamic] /onlane_ai_agent_5 http://y:44517/
[rosmaster.master][INFO] 2026-04-25 18:44:07,641: +PUB [/vis/agent_10/ego_vehicle_vis] /onlane_ai_agent_10 http://y:41501/
[rosmaster.master][INFO] 2026-04-25 18:44:07,642: +PUB [/vis/agent_6/pred_initial_intention_vis] /onlane_ai_agent_6 http://y:41817/
[rosmaster.master][INFO] 2026-04-25 18:44:07,644: +PUB [/arena_info_dynamic] /phy_simulator_planning_node http://y:33299/
[rosmaster.master][INFO] 2026-04-25 18:44:07,646: +SUB [/arena_info_dynamic] /onlane_ai_agent_2 http://y:36339/
[rosmaster.master][INFO] 2026-04-25 18:44:07,646: +SUB [/arena_info_dynamic] /onlane_ai_agent_9 http://y:45241/
[rosmaster.master][INFO] 2026-04-25 18:44:07,646: +SUB [/arena_info_static] /onlane_ai_agent_7 http://y:41629/
[rosmaster.master][INFO] 2026-04-25 18:44:07,646: +SUB [/arena_info_dynamic] /onlane_ai_agent_3 http://y:43179/
[rosmaster.master][INFO] 2026-04-25 18:44:07,646: +PUB [/vis/agent_6/surrounding_vehicle_vis] /onlane_ai_agent_6 http://y:41817/
[rosmaster.master][INFO] 2026-04-25 18:44:07,649: +PUB [/vis/agent_10/obstacle_map] /onlane_ai_agent_10 http://y:41501/
[rosmaster.master][INFO] 2026-04-25 18:44:07,650: +SUB [/joy] /onlane_ai_agent_5 http://y:44517/
[rosmaster.master][INFO] 2026-04-25 18:44:07,652: +PUB [/vis/agent_6/speed_limit] /onlane_ai_agent_6 http://y:41817/
[rosmaster.master][INFO] 2026-04-25 18:44:07,654: +PUB [/phy_simulator_planning_node/vis/vehicle_set_vis] /phy_simulator_planning_node http://y:33299/
[rosmaster.master][INFO] 2026-04-25 18:44:07,654: +SUB [/joy] /onlane_ai_agent_2 http://y:36339/
[rosmaster.master][INFO] 2026-04-25 18:44:07,654: +SUB [/arena_info_dynamic] /onlane_ai_agent_7 http://y:41629/
[rosmaster.master][INFO] 2026-04-25 18:44:07,655: +SUB [/joy] /onlane_ai_agent_3 http://y:43179/
[rosmaster.master][INFO] 2026-04-25 18:44:07,656: +PUB [/vis/agent_2/forward_trajs] /onlane_ai_agent_2 http://y:36339/
[rosmaster.master][INFO] 2026-04-25 18:44:07,656: +SUB [/joy] /onlane_ai_agent_9 http://y:45241/
[rosmaster.master][INFO] 2026-04-25 18:44:07,657: +PUB [/vis/agent_10/surrounding_lane_net_vis] /onlane_ai_agent_10 http://y:41501/
[rosmaster.master][INFO] 2026-04-25 18:44:07,657: +SUB [/joy] /onlane_ai_agent_7 http://y:41629/
[rosmaster.master][INFO] 2026-04-25 18:44:07,658: +PUB [/vis/agent_5/forward_trajs] /onlane_ai_agent_5 http://y:44517/
[rosmaster.master][INFO] 2026-04-25 18:44:07,658: +PUB [/vis/agent_3/forward_trajs] /onlane_ai_agent_3 http://y:43179/
[rosmaster.master][INFO] 2026-04-25 18:44:07,658: +PUB [/phy_simulator_planning_node/vis/lane_net_vis] /phy_simulator_planning_node http://y:33299/
[rosmaster.master][INFO] 2026-04-25 18:44:07,658: +SUB [/arena_info_static] /onlane_ai_agent_6 http://y:41817/
[rosmaster.master][INFO] 2026-04-25 18:44:07,658: +PUB [/vis/agent_9/forward_trajs] /onlane_ai_agent_9 http://y:45241/
[rosmaster.master][INFO] 2026-04-25 18:44:07,659: +SUB [/arena_info_dynamic] /onlane_ai_agent_6 http://y:41817/
[rosmaster.master][INFO] 2026-04-25 18:44:07,660: +PUB [/phy_simulator_planning_node/vis/obstacle_set_vis] /phy_simulator_planning_node http://y:33299/
[rosmaster.master][INFO] 2026-04-25 18:44:07,661: +SUB [/joy] /onlane_ai_agent_6 http://y:41817/
[rosmaster.master][INFO] 2026-04-25 18:44:07,661: +PUB [/vis/agent_7/forward_trajs] /onlane_ai_agent_7 http://y:41629/
[rosmaster.master][INFO] 2026-04-25 18:44:07,662: +PUB [/vis/agent_6/forward_trajs] /onlane_ai_agent_6 http://y:41817/
[rosmaster.master][INFO] 2026-04-25 18:44:07,662: +PUB [/vis/agent_10/local_lanes_vis] /onlane_ai_agent_10 http://y:41501/
[rosmaster.master][INFO] 2026-04-25 18:44:07,662: +PUB [/vis/agent_10/ego_behavior_vis] /onlane_ai_agent_10 http://y:41501/
[rosmaster.master][INFO] 2026-04-25 18:44:07,663: +PUB [/vis/agent_10/pred_traj_openloop_vis] /onlane_ai_agent_10 http://y:41501/
[rosmaster.master][INFO] 2026-04-25 18:44:07,663: +PUB [/vis/agent_10/pred_initial_intention_vis] /onlane_ai_agent_10 http://y:41501/
[rosmaster.master][INFO] 2026-04-25 18:44:07,664: +PUB [/vis/agent_10/surrounding_vehicle_vis] /onlane_ai_agent_10 http://y:41501/
[rosmaster.master][INFO] 2026-04-25 18:44:07,665: +PUB [/vis/agent_10/speed_limit] /onlane_ai_agent_10 http://y:41501/
[rosmaster.master][INFO] 2026-04-25 18:44:07,665: +SUB [/ctrl/agent_10] /phy_simulator_planning_node http://y:33299/
[rosmaster.master][INFO] 2026-04-25 18:44:07,667: +SUB [/arena_info_static] /onlane_ai_agent_10 http://y:41501/
[rosmaster.master][INFO] 2026-04-25 18:44:07,667: +SUB [/ctrl/agent_9] /phy_simulator_planning_node http://y:33299/
[rosmaster.master][INFO] 2026-04-25 18:44:07,669: +SUB [/arena_info_dynamic] /onlane_ai_agent_10 http://y:41501/
[rosmaster.master][INFO] 2026-04-25 18:44:07,670: +SUB [/ctrl/agent_8] /phy_simulator_planning_node http://y:33299/
[rosmaster.master][INFO] 2026-04-25 18:44:07,674: +SUB [/joy] /onlane_ai_agent_10 http://y:41501/
[rosmaster.master][INFO] 2026-04-25 18:44:07,675: +PUB [/vis/agent_10/forward_trajs] /onlane_ai_agent_10 http://y:41501/
[rosmaster.master][INFO] 2026-04-25 18:44:07,677: +SUB [/ctrl/agent_7] /phy_simulator_planning_node http://y:33299/
[rosmaster.master][INFO] 2026-04-25 18:44:07,677: +SUB [/ctrl/agent_6] /phy_simulator_planning_node http://y:33299/
[rosmaster.master][INFO] 2026-04-25 18:44:07,678: publisherUpdate[/arena_info_static] -> http://y:46263/ ['http://y:33299/']
[rosmaster.master][INFO] 2026-04-25 18:44:07,678: +SUB [/ctrl/agent_5] /phy_simulator_planning_node http://y:33299/
[rosmaster.master][INFO] 2026-04-25 18:44:07,679: publisherUpdate[/arena_info_static] -> http://y:46263/ ['http://y:33299/']: sec=0.00, result=[1, '', 0]
[rosmaster.master][INFO] 2026-04-25 18:44:07,679: publisherUpdate[/arena_info_static] -> http://y:46187/ ['http://y:33299/']
[rosmaster.master][INFO] 2026-04-25 18:44:07,680: +SUB [/ctrl/agent_4] /phy_simulator_planning_node http://y:33299/
[rosmaster.master][INFO] 2026-04-25 18:44:07,680: publisherUpdate[/arena_info_static] -> http://y:46187/ ['http://y:33299/']: sec=0.00, result=[1, '', 0]
[rosmaster.master][INFO] 2026-04-25 18:44:07,680: publisherUpdate[/arena_info_static] -> http://y:45829/ ['http://y:33299/']
[rosmaster.master][INFO] 2026-04-25 18:44:07,680: publisherUpdate[/arena_info_static] -> http://y:43149/ ['http://y:33299/']
[rosmaster.master][INFO] 2026-04-25 18:44:07,681: +SUB [/ctrl/agent_3] /phy_simulator_planning_node http://y:33299/
[rosmaster.master][INFO] 2026-04-25 18:44:07,681: publisherUpdate[/arena_info_static] -> http://y:45829/ ['http://y:33299/']: sec=0.00, result=[1, '', 0]
[rosmaster.master][INFO] 2026-04-25 18:44:07,681: publisherUpdate[/arena_info_static] -> http://y:44517/ ['http://y:33299/']
[rosmaster.master][INFO] 2026-04-25 18:44:07,682: publisherUpdate[/arena_info_static] -> http://y:43149/ ['http://y:33299/']: sec=0.00, result=[1, '', 0]
[rosmaster.master][INFO] 2026-04-25 18:44:07,682: publisherUpdate[/arena_info_static] -> http://y:45241/ ['http://y:33299/']
[rosmaster.master][INFO] 2026-04-25 18:44:07,682: +SUB [/ctrl/agent_2] /phy_simulator_planning_node http://y:33299/
[rosmaster.master][INFO] 2026-04-25 18:44:07,682: publisherUpdate[/arena_info_static] -> http://y:44517/ ['http://y:33299/']: sec=0.00, result=[1, '', 0]
[rosmaster.master][INFO] 2026-04-25 18:44:07,683: publisherUpdate[/arena_info_static] -> http://y:36339/ ['http://y:33299/']
[rosmaster.master][INFO] 2026-04-25 18:44:07,683: publisherUpdate[/arena_info_static] -> http://y:45241/ ['http://y:33299/']: sec=0.00, result=[1, '', 0]
[rosmaster.master][INFO] 2026-04-25 18:44:07,684: +SUB [/ctrl/agent_1] /phy_simulator_planning_node http://y:33299/
[rosmaster.master][INFO] 2026-04-25 18:44:07,684: publisherUpdate[/arena_info_dynamic] -> http://y:46263/ ['http://y:33299/']
[rosmaster.master][INFO] 2026-04-25 18:44:07,684: publisherUpdate[/arena_info_static] -> http://y:36339/ ['http://y:33299/']: sec=0.00, result=[1, '', 0]
[rosmaster.master][INFO] 2026-04-25 18:44:07,684: publisherUpdate[/arena_info_dynamic] -> http://y:46187/ ['http://y:33299/']
[rosmaster.master][INFO] 2026-04-25 18:44:07,685: publisherUpdate[/arena_info_dynamic] -> http://y:46263/ ['http://y:33299/']: sec=0.00, result=[1, '', 0]
[rosmaster.master][INFO] 2026-04-25 18:44:07,685: publisherUpdate[/arena_info_dynamic] -> http://y:45829/ ['http://y:33299/']
[rosmaster.master][INFO] 2026-04-25 18:44:07,685: +SUB [/ctrl/agent_0] /phy_simulator_planning_node http://y:33299/
[rosmaster.master][INFO] 2026-04-25 18:44:07,685: publisherUpdate[/arena_info_dynamic] -> http://y:46187/ ['http://y:33299/']: sec=0.00, result=[1, '', 0]
[rosmaster.master][INFO] 2026-04-25 18:44:07,685: publisherUpdate[/arena_info_dynamic] -> http://y:43149/ ['http://y:33299/']
[rosmaster.master][INFO] 2026-04-25 18:44:07,685: publisherUpdate[/arena_info_dynamic] -> http://y:45829/ ['http://y:33299/']: sec=0.00, result=[1, '', 0]
[rosmaster.master][INFO] 2026-04-25 18:44:07,686: publisherUpdate[/arena_info_dynamic] -> http://y:44517/ ['http://y:33299/']
[rosmaster.master][INFO] 2026-04-25 18:44:07,686: +SUB [/initialpose] /phy_simulator_planning_node http://y:33299/
[rosmaster.master][INFO] 2026-04-25 18:44:07,686: publisherUpdate[/arena_info_dynamic] -> http://y:44517/ ['http://y:33299/']: sec=0.00, result=[1, '', 0]
[rosmaster.master][INFO] 2026-04-25 18:44:07,687: publisherUpdate[/arena_info_dynamic] -> http://y:43149/ ['http://y:33299/']: sec=0.00, result=[1, '', 0]
[rosmaster.master][INFO] 2026-04-25 18:44:07,687: +SUB [/move_base_simple/goal] /phy_simulator_planning_node http://y:33299/
[rosmaster.master][INFO] 2026-04-25 18:44:15,220: +PUB [/rosout] /epsilon_metric_collector_610330_1777113855104 http://y:45629/
[rosmaster.master][INFO] 2026-04-25 18:44:15,222: +SERVICE [/epsilon_metric_collector_610330_1777113855104/get_loggers] /epsilon_metric_collector_610330_1777113855104 http://y:45629/
[rosmaster.master][INFO] 2026-04-25 18:44:15,223: +SERVICE [/epsilon_metric_collector_610330_1777113855104/set_logger_level] /epsilon_metric_collector_610330_1777113855104 http://y:45629/
[rosmaster.master][INFO] 2026-04-25 18:44:15,224: +SUB [/arena_info_dynamic] /epsilon_metric_collector_610330_1777113855104 http://y:45629/
[rosmaster.master][INFO] 2026-04-25 18:44:15,299: publisherUpdate[/rosout] -> http://y:33429/ ['http://y:43149/', 'http://y:36339/', 'http://y:43179/', 'http://y:46263/', 'http://y:46187/', 'http://y:44517/', 'http://y:41817/', 'http://y:45829/', 'http://y:45241/', 'http://y:41629/', 'http://y:41501/', 'http://y:33299/', 'http://y:45629/']
[rosmaster.master][INFO] 2026-04-25 18:44:15,300: publisherUpdate[/rosout] -> http://y:33429/ ['http://y:43149/', 'http://y:36339/', 'http://y:43179/', 'http://y:46263/', 'http://y:46187/', 'http://y:44517/', 'http://y:41817/', 'http://y:45829/', 'http://y:45241/', 'http://y:41629/', 'http://y:41501/', 'http://y:33299/', 'http://y:45629/']: sec=0.00, result=[1, '', 0]
[rosmaster.master][INFO] 2026-04-25 18:46:14,869: -SUB [/arena_info_dynamic] /epsilon_metric_collector_610330_1777113855104 http://y:45629/
[rosmaster.master][INFO] 2026-04-25 18:46:14,869: -PUB [/rosout] /epsilon_metric_collector_610330_1777113855104 http://y:45629/
[rosmaster.master][INFO] 2026-04-25 18:46:14,869: -SERVICE [/epsilon_metric_collector_610330_1777113855104/get_loggers] /epsilon_metric_collector_610330_1777113855104 rosrpc://y:39207
[rosmaster.master][INFO] 2026-04-25 18:46:14,869: -SERVICE [/epsilon_metric_collector_610330_1777113855104/set_logger_level] /epsilon_metric_collector_610330_1777113855104 rosrpc://y:39207
[rosmaster.master][INFO] 2026-04-25 18:46:14,883: publisherUpdate[/rosout] -> http://y:33429/ ['http://y:43149/', 'http://y:36339/', 'http://y:43179/', 'http://y:46263/', 'http://y:46187/', 'http://y:44517/', 'http://y:41817/', 'http://y:45829/', 'http://y:45241/', 'http://y:41629/', 'http://y:41501/', 'http://y:33299/']
[rosmaster.master][INFO] 2026-04-25 18:46:14,884: publisherUpdate[/rosout] -> http://y:33429/ ['http://y:43149/', 'http://y:36339/', 'http://y:43179/', 'http://y:46263/', 'http://y:46187/', 'http://y:44517/', 'http://y:41817/', 'http://y:45829/', 'http://y:45241/', 'http://y:41629/', 'http://y:41501/', 'http://y:33299/']: sec=0.00, result=[1, '', 0]
[rosmaster.master][INFO] 2026-04-25 18:46:15,941: +PUB [/rosout] /rostopic_610407_1777113975815 http://y:36335/
[rosmaster.master][INFO] 2026-04-25 18:46:15,943: +SERVICE [/rostopic_610407_1777113975815/get_loggers] /rostopic_610407_1777113975815 http://y:36335/
[rosmaster.master][INFO] 2026-04-25 18:46:15,943: +SERVICE [/rostopic_610407_1777113975815/set_logger_level] /rostopic_610407_1777113975815 http://y:36335/
[rosmaster.master][INFO] 2026-04-25 18:46:15,957: +SUB [/arena_info_dynamic] /rostopic_610407_1777113975815 http://y:36335/
[rosmaster.master][INFO] 2026-04-25 18:46:15,984: publisherUpdate[/rosout] -> http://y:33429/ ['http://y:43149/', 'http://y:36339/', 'http://y:43179/', 'http://y:46263/', 'http://y:46187/', 'http://y:44517/', 'http://y:41817/', 'http://y:45829/', 'http://y:45241/', 'http://y:41629/', 'http://y:41501/', 'http://y:33299/', 'http://y:36335/']
[rosmaster.master][INFO] 2026-04-25 18:46:15,986: publisherUpdate[/rosout] -> http://y:33429/ ['http://y:43149/', 'http://y:36339/', 'http://y:43179/', 'http://y:46263/', 'http://y:46187/', 'http://y:44517/', 'http://y:41817/', 'http://y:45829/', 'http://y:45241/', 'http://y:41629/', 'http://y:41501/', 'http://y:33299/', 'http://y:36335/']: sec=0.00, result=[1, '', 0]
[rosmaster.master][INFO] 2026-04-25 18:46:30,501: -SUB [/arena_info_dynamic] /rostopic_610407_1777113975815 http://y:36335/
[rosmaster.master][INFO] 2026-04-25 18:46:30,501: -PUB [/rosout] /rostopic_610407_1777113975815 http://y:36335/
[rosmaster.master][INFO] 2026-04-25 18:46:30,501: -SERVICE [/rostopic_610407_1777113975815/get_loggers] /rostopic_610407_1777113975815 rosrpc://y:39031
[rosmaster.master][INFO] 2026-04-25 18:46:30,501: -SERVICE [/rostopic_610407_1777113975815/set_logger_level] /rostopic_610407_1777113975815 rosrpc://y:39031
[rosmaster.master][INFO] 2026-04-25 18:46:30,507: publisherUpdate[/rosout] -> http://y:33429/ ['http://y:43149/', 'http://y:36339/', 'http://y:43179/', 'http://y:46263/', 'http://y:46187/', 'http://y:44517/', 'http://y:41817/', 'http://y:45829/', 'http://y:45241/', 'http://y:41629/', 'http://y:41501/', 'http://y:33299/']
[rosmaster.master][INFO] 2026-04-25 18:46:30,508: publisherUpdate[/rosout] -> http://y:33429/ ['http://y:43149/', 'http://y:36339/', 'http://y:43179/', 'http://y:46263/', 'http://y:46187/', 'http://y:44517/', 'http://y:41817/', 'http://y:45829/', 'http://y:45241/', 'http://y:41629/', 'http://y:41501/', 'http://y:33299/']: sec=0.00, result=[1, '', 0]
[rosmaster.master][INFO] 2026-04-25 18:46:31,212: -PUB [/rosout] /onlane_ai_agent_10 http://y:41501/
[rosmaster.master][INFO] 2026-04-25 18:46:31,212: publisherUpdate[/rosout] -> http://y:33429/ ['http://y:43149/', 'http://y:36339/', 'http://y:43179/', 'http://y:46263/', 'http://y:46187/', 'http://y:44517/', 'http://y:41817/', 'http://y:45829/', 'http://y:45241/', 'http://y:41629/', 'http://y:33299/']
[rosmaster.master][INFO] 2026-04-25 18:46:31,213: -PUB [/ctrl/agent_10] /onlane_ai_agent_10 http://y:41501/
[rosmaster.master][INFO] 2026-04-25 18:46:31,213: publisherUpdate[/rosout] -> http://y:33429/ ['http://y:43149/', 'http://y:36339/', 'http://y:43179/', 'http://y:46263/', 'http://y:46187/', 'http://y:44517/', 'http://y:41817/', 'http://y:45829/', 'http://y:45241/', 'http://y:41629/', 'http://y:33299/']: sec=0.00, result=[1, '', 0]
[rosmaster.master][INFO] 2026-04-25 18:46:31,213: publisherUpdate[/ctrl/agent_10] -> http://y:33299/ []
[rosmaster.master][INFO] 2026-04-25 18:46:31,213: -PUB [/tf] /onlane_ai_agent_10 http://y:41501/
[rosmaster.master][INFO] 2026-04-25 18:46:31,214: publisherUpdate[/ctrl/agent_10] -> http://y:33299/ []: sec=0.00, result=[1, '', 0]
[rosmaster.master][INFO] 2026-04-25 18:46:31,214: -PUB [/vis/agent_10/ego_vehicle_vis] /onlane_ai_agent_10 http://y:41501/
[rosmaster.master][INFO] 2026-04-25 18:46:31,214: -PUB [/vis/agent_10/obstacle_map] /onlane_ai_agent_10 http://y:41501/
[rosmaster.master][INFO] 2026-04-25 18:46:31,214: -PUB [/vis/agent_10/surrounding_lane_net_vis] /onlane_ai_agent_10 http://y:41501/
[rosmaster.master][INFO] 2026-04-25 18:46:31,215: -PUB [/vis/agent_10/local_lanes_vis] /onlane_ai_agent_10 http://y:41501/
[rosmaster.master][INFO] 2026-04-25 18:46:31,215: -PUB [/vis/agent_10/ego_behavior_vis] /onlane_ai_agent_10 http://y:41501/
[rosmaster.master][INFO] 2026-04-25 18:46:31,215: -PUB [/vis/agent_10/pred_traj_openloop_vis] /onlane_ai_agent_10 http://y:41501/
[rosmaster.master][INFO] 2026-04-25 18:46:31,215: -PUB [/vis/agent_10/pred_initial_intention_vis] /onlane_ai_agent_10 http://y:41501/
[rosmaster.master][INFO] 2026-04-25 18:46:31,215: -PUB [/vis/agent_10/surrounding_vehicle_vis] /onlane_ai_agent_10 http://y:41501/
[rosmaster.master][INFO] 2026-04-25 18:46:31,215: -PUB [/vis/agent_10/speed_limit] /onlane_ai_agent_10 http://y:41501/
[rosmaster.master][INFO] 2026-04-25 18:46:31,216: -PUB [/vis/agent_10/forward_trajs] /onlane_ai_agent_10 http://y:41501/
[rosmaster.master][INFO] 2026-04-25 18:46:31,216: -SUB [/arena_info_static] /onlane_ai_agent_10 http://y:41501/
[rosmaster.master][INFO] 2026-04-25 18:46:31,216: -SUB [/arena_info_dynamic] /onlane_ai_agent_10 http://y:41501/
[rosmaster.master][INFO] 2026-04-25 18:46:31,216: -SUB [/joy] /onlane_ai_agent_10 http://y:41501/
[rosmaster.master][INFO] 2026-04-25 18:46:31,216: -SERVICE [/onlane_ai_agent_10/get_loggers] /onlane_ai_agent_10 rosrpc://y:46683
[rosmaster.master][INFO] 2026-04-25 18:46:31,216: -SERVICE [/onlane_ai_agent_10/set_logger_level] /onlane_ai_agent_10 rosrpc://y:46683
[rosmaster.master][INFO] 2026-04-25 18:46:31,217: -PUB [/rosout] /onlane_ai_agent_8 http://y:45829/
[rosmaster.master][INFO] 2026-04-25 18:46:31,217: -PUB [/ctrl/agent_8] /onlane_ai_agent_8 http://y:45829/
[rosmaster.master][INFO] 2026-04-25 18:46:31,217: -PUB [/tf] /onlane_ai_agent_8 http://y:45829/
[rosmaster.master][INFO] 2026-04-25 18:46:31,217: -PUB [/vis/agent_8/ego_vehicle_vis] /onlane_ai_agent_8 http://y:45829/
[rosmaster.master][INFO] 2026-04-25 18:46:31,218: -PUB [/vis/agent_8/obstacle_map] /onlane_ai_agent_8 http://y:45829/
[rosmaster.master][INFO] 2026-04-25 18:46:31,218: -PUB [/vis/agent_8/surrounding_lane_net_vis] /onlane_ai_agent_8 http://y:45829/
[rosmaster.master][INFO] 2026-04-25 18:46:31,218: -PUB [/vis/agent_8/local_lanes_vis] /onlane_ai_agent_8 http://y:45829/
[rosmaster.master][INFO] 2026-04-25 18:46:31,218: -PUB [/vis/agent_8/ego_behavior_vis] /onlane_ai_agent_8 http://y:45829/
[rosmaster.master][INFO] 2026-04-25 18:46:31,218: -PUB [/vis/agent_8/pred_traj_openloop_vis] /onlane_ai_agent_8 http://y:45829/
[rosmaster.master][INFO] 2026-04-25 18:46:31,218: -PUB [/rosout] /onlane_ai_agent_5 http://y:44517/
[rosmaster.master][INFO] 2026-04-25 18:46:31,219: -PUB [/rosout] /onlane_ai_agent_4 http://y:46263/
[rosmaster.master][INFO] 2026-04-25 18:46:31,219: -PUB [/vis/agent_8/pred_initial_intention_vis] /onlane_ai_agent_8 http://y:45829/
[rosmaster.master][INFO] 2026-04-25 18:46:31,219: -PUB [/ctrl/agent_5] /onlane_ai_agent_5 http://y:44517/
[rosmaster.master][INFO] 2026-04-25 18:46:31,219: -PUB [/ctrl/agent_4] /onlane_ai_agent_4 http://y:46263/
[rosmaster.master][INFO] 2026-04-25 18:46:31,219: -PUB [/vis/agent_8/surrounding_vehicle_vis] /onlane_ai_agent_8 http://y:45829/
[rosmaster.master][INFO] 2026-04-25 18:46:31,219: -PUB [/tf] /onlane_ai_agent_5 http://y:44517/
[rosmaster.master][INFO] 2026-04-25 18:46:31,220: -PUB [/vis/agent_8/speed_limit] /onlane_ai_agent_8 http://y:45829/
[rosmaster.master][INFO] 2026-04-25 18:46:31,220: -PUB [/tf] /onlane_ai_agent_4 http://y:46263/
[rosmaster.master][INFO] 2026-04-25 18:46:31,220: -PUB [/vis/agent_5/ego_vehicle_vis] /onlane_ai_agent_5 http://y:44517/
[rosmaster.master][INFO] 2026-04-25 18:46:31,220: -PUB [/vis/agent_8/forward_trajs] /onlane_ai_agent_8 http://y:45829/
[rosmaster.master][INFO] 2026-04-25 18:46:31,220: -PUB [/vis/agent_4/ego_vehicle_vis] /onlane_ai_agent_4 http://y:46263/
[rosmaster.master][INFO] 2026-04-25 18:46:31,220: -PUB [/vis/agent_5/obstacle_map] /onlane_ai_agent_5 http://y:44517/
[rosmaster.master][INFO] 2026-04-25 18:46:31,220: -SUB [/arena_info_static] /onlane_ai_agent_8 http://y:45829/
[rosmaster.master][INFO] 2026-04-25 18:46:31,221: -PUB [/vis/agent_4/obstacle_map] /onlane_ai_agent_4 http://y:46263/
[rosmaster.master][INFO] 2026-04-25 18:46:31,221: -PUB [/vis/agent_5/surrounding_lane_net_vis] /onlane_ai_agent_5 http://y:44517/
[rosmaster.master][INFO] 2026-04-25 18:46:31,221: -SUB [/arena_info_dynamic] /onlane_ai_agent_8 http://y:45829/
[rosmaster.master][INFO] 2026-04-25 18:46:31,221: -PUB [/vis/agent_4/surrounding_lane_net_vis] /onlane_ai_agent_4 http://y:46263/
[rosmaster.master][INFO] 2026-04-25 18:46:31,221: -PUB [/vis/agent_5/local_lanes_vis] /onlane_ai_agent_5 http://y:44517/
[rosmaster.master][INFO] 2026-04-25 18:46:31,221: -SUB [/joy] /onlane_ai_agent_8 http://y:45829/
[rosmaster.master][INFO] 2026-04-25 18:46:31,222: -PUB [/vis/agent_4/local_lanes_vis] /onlane_ai_agent_4 http://y:46263/
[rosmaster.master][INFO] 2026-04-25 18:46:31,222: -PUB [/vis/agent_5/ego_behavior_vis] /onlane_ai_agent_5 http://y:44517/
[rosmaster.master][INFO] 2026-04-25 18:46:31,222: -SERVICE [/onlane_ai_agent_8/get_loggers] /onlane_ai_agent_8 rosrpc://y:53605
[rosmaster.master][INFO] 2026-04-25 18:46:31,222: -PUB [/vis/agent_4/ego_behavior_vis] /onlane_ai_agent_4 http://y:46263/
[rosmaster.master][INFO] 2026-04-25 18:46:31,222: -PUB [/rosout] /onlane_ai_agent_7 http://y:41629/
[rosmaster.master][INFO] 2026-04-25 18:46:31,222: -PUB [/vis/agent_5/pred_traj_openloop_vis] /onlane_ai_agent_5 http://y:44517/
[rosmaster.master][INFO] 2026-04-25 18:46:31,223: -SERVICE [/onlane_ai_agent_8/set_logger_level] /onlane_ai_agent_8 rosrpc://y:53605
[rosmaster.master][INFO] 2026-04-25 18:46:31,223: -PUB [/vis/agent_5/pred_initial_intention_vis] /onlane_ai_agent_5 http://y:44517/
[rosmaster.master][INFO] 2026-04-25 18:46:31,223: -PUB [/ctrl/agent_7] /onlane_ai_agent_7 http://y:41629/
[rosmaster.master][INFO] 2026-04-25 18:46:31,223: -PUB [/vis/agent_4/pred_traj_openloop_vis] /onlane_ai_agent_4 http://y:46263/
[rosmaster.master][INFO] 2026-04-25 18:46:31,223: -PUB [/vis/agent_5/surrounding_vehicle_vis] /onlane_ai_agent_5 http://y:44517/
[rosmaster.master][INFO] 2026-04-25 18:46:31,224: -PUB [/tf] /onlane_ai_agent_7 http://y:41629/
[rosmaster.master][INFO] 2026-04-25 18:46:31,224: -PUB [/vis/agent_4/pred_initial_intention_vis] /onlane_ai_agent_4 http://y:46263/
[rosmaster.master][INFO] 2026-04-25 18:46:31,224: -PUB [/vis/agent_5/speed_limit] /onlane_ai_agent_5 http://y:44517/
[rosmaster.master][INFO] 2026-04-25 18:46:31,224: -PUB [/vis/agent_7/ego_vehicle_vis] /onlane_ai_agent_7 http://y:41629/
[rosmaster.master][INFO] 2026-04-25 18:46:31,224: -PUB [/vis/agent_4/surrounding_vehicle_vis] /onlane_ai_agent_4 http://y:46263/
[rosmaster.master][INFO] 2026-04-25 18:46:31,224: -PUB [/vis/agent_5/forward_trajs] /onlane_ai_agent_5 http://y:44517/
[rosmaster.master][INFO] 2026-04-25 18:46:31,224: -PUB [/vis/agent_7/obstacle_map] /onlane_ai_agent_7 http://y:41629/
[rosmaster.master][INFO] 2026-04-25 18:46:31,225: -PUB [/vis/agent_4/speed_limit] /onlane_ai_agent_4 http://y:46263/
[rosmaster.master][INFO] 2026-04-25 18:46:31,225: -SUB [/arena_info_static] /onlane_ai_agent_5 http://y:44517/
[rosmaster.master][INFO] 2026-04-25 18:46:31,225: -PUB [/vis/agent_7/surrounding_lane_net_vis] /onlane_ai_agent_7 http://y:41629/
[rosmaster.master][INFO] 2026-04-25 18:46:31,225: -PUB [/rosout] /onlane_ai_agent_2 http://y:36339/
[rosmaster.master][INFO] 2026-04-25 18:46:31,225: -PUB [/vis/agent_4/forward_trajs] /onlane_ai_agent_4 http://y:46263/
[rosmaster.master][INFO] 2026-04-25 18:46:31,225: -SUB [/arena_info_dynamic] /onlane_ai_agent_5 http://y:44517/
[rosmaster.master][INFO] 2026-04-25 18:46:31,226: -PUB [/vis/agent_7/local_lanes_vis] /onlane_ai_agent_7 http://y:41629/
[rosmaster.master][INFO] 2026-04-25 18:46:31,226: -SUB [/arena_info_static] /onlane_ai_agent_4 http://y:46263/
[rosmaster.master][INFO] 2026-04-25 18:46:31,226: -SUB [/joy] /onlane_ai_agent_5 http://y:44517/
[rosmaster.master][INFO] 2026-04-25 18:46:31,226: -PUB [/ctrl/agent_2] /onlane_ai_agent_2 http://y:36339/
[rosmaster.master][INFO] 2026-04-25 18:46:31,226: -PUB [/vis/agent_7/ego_behavior_vis] /onlane_ai_agent_7 http://y:41629/
[rosmaster.master][INFO] 2026-04-25 18:46:31,226: -SUB [/arena_info_dynamic] /onlane_ai_agent_4 http://y:46263/
[rosmaster.master][INFO] 2026-04-25 18:46:31,227: -SERVICE [/onlane_ai_agent_5/get_loggers] /onlane_ai_agent_5 rosrpc://y:47993
[rosmaster.master][INFO] 2026-04-25 18:46:31,227: -PUB [/tf] /onlane_ai_agent_2 http://y:36339/
[rosmaster.master][INFO] 2026-04-25 18:46:31,227: -PUB [/vis/agent_7/pred_traj_openloop_vis] /onlane_ai_agent_7 http://y:41629/
[rosmaster.master][INFO] 2026-04-25 18:46:31,227: -SUB [/joy] /onlane_ai_agent_4 http://y:46263/
[rosmaster.master][INFO] 2026-04-25 18:46:31,227: -SERVICE [/onlane_ai_agent_5/set_logger_level] /onlane_ai_agent_5 rosrpc://y:47993
[rosmaster.master][INFO] 2026-04-25 18:46:31,227: -PUB [/vis/agent_7/pred_initial_intention_vis] /onlane_ai_agent_7 http://y:41629/
[rosmaster.master][INFO] 2026-04-25 18:46:31,227: -PUB [/vis/agent_2/ego_vehicle_vis] /onlane_ai_agent_2 http://y:36339/
[rosmaster.master][INFO] 2026-04-25 18:46:31,228: -SERVICE [/onlane_ai_agent_4/get_loggers] /onlane_ai_agent_4 rosrpc://y:41267
[rosmaster.master][INFO] 2026-04-25 18:46:31,228: -PUB [/vis/agent_7/surrounding_vehicle_vis] /onlane_ai_agent_7 http://y:41629/
[rosmaster.master][INFO] 2026-04-25 18:46:31,228: -PUB [/vis/agent_2/obstacle_map] /onlane_ai_agent_2 http://y:36339/
[rosmaster.master][INFO] 2026-04-25 18:46:31,228: -SERVICE [/onlane_ai_agent_4/set_logger_level] /onlane_ai_agent_4 rosrpc://y:41267
[rosmaster.master][INFO] 2026-04-25 18:46:31,228: -PUB [/vis/agent_7/speed_limit] /onlane_ai_agent_7 http://y:41629/
[rosmaster.master][INFO] 2026-04-25 18:46:31,229: -PUB [/vis/agent_2/surrounding_lane_net_vis] /onlane_ai_agent_2 http://y:36339/
[rosmaster.master][INFO] 2026-04-25 18:46:31,229: -PUB [/vis/agent_7/forward_trajs] /onlane_ai_agent_7 http://y:41629/
[rosmaster.master][INFO] 2026-04-25 18:46:31,229: -PUB [/vis/agent_2/local_lanes_vis] /onlane_ai_agent_2 http://y:36339/
[rosmaster.master][INFO] 2026-04-25 18:46:31,229: -SUB [/arena_info_static] /onlane_ai_agent_7 http://y:41629/
[rosmaster.master][INFO] 2026-04-25 18:46:31,229: -PUB [/vis/agent_2/ego_behavior_vis] /onlane_ai_agent_2 http://y:36339/
[rosmaster.master][INFO] 2026-04-25 18:46:31,229: -SUB [/arena_info_dynamic] /onlane_ai_agent_7 http://y:41629/
[rosmaster.master][INFO] 2026-04-25 18:46:31,229: -PUB [/vis/agent_2/pred_traj_openloop_vis] /onlane_ai_agent_2 http://y:36339/
[rosmaster.master][INFO] 2026-04-25 18:46:31,229: -SUB [/joy] /onlane_ai_agent_7 http://y:41629/
[rosmaster.master][INFO] 2026-04-25 18:46:31,230: -PUB [/vis/agent_2/pred_initial_intention_vis] /onlane_ai_agent_2 http://y:36339/
[rosmaster.master][INFO] 2026-04-25 18:46:31,230: -SERVICE [/onlane_ai_agent_7/get_loggers] /onlane_ai_agent_7 rosrpc://y:53755
[rosmaster.master][INFO] 2026-04-25 18:46:31,230: -PUB [/vis/agent_2/surrounding_vehicle_vis] /onlane_ai_agent_2 http://y:36339/
[rosmaster.master][INFO] 2026-04-25 18:46:31,230: -SERVICE [/onlane_ai_agent_7/set_logger_level] /onlane_ai_agent_7 rosrpc://y:53755
[rosmaster.master][INFO] 2026-04-25 18:46:31,230: -PUB [/vis/agent_2/speed_limit] /onlane_ai_agent_2 http://y:36339/
[rosmaster.master][INFO] 2026-04-25 18:46:31,230: -PUB [/vis/agent_2/forward_trajs] /onlane_ai_agent_2 http://y:36339/
[rosmaster.master][INFO] 2026-04-25 18:46:31,230: -SUB [/arena_info_static] /onlane_ai_agent_2 http://y:36339/
[rosmaster.master][INFO] 2026-04-25 18:46:31,231: -SUB [/arena_info_dynamic] /onlane_ai_agent_2 http://y:36339/
[rosmaster.master][INFO] 2026-04-25 18:46:31,231: -SUB [/joy] /onlane_ai_agent_2 http://y:36339/
[rosmaster.master][INFO] 2026-04-25 18:46:31,231: -SERVICE [/onlane_ai_agent_2/get_loggers] /onlane_ai_agent_2 rosrpc://y:40901
[rosmaster.master][INFO] 2026-04-25 18:46:31,231: -SERVICE [/onlane_ai_agent_2/set_logger_level] /onlane_ai_agent_2 rosrpc://y:40901
[rosmaster.master][INFO] 2026-04-25 18:46:31,309: publisherUpdate[/rosout] -> http://y:33429/ ['http://y:43149/', 'http://y:36339/', 'http://y:43179/', 'http://y:46263/', 'http://y:46187/', 'http://y:44517/', 'http://y:41817/', 'http://y:45241/', 'http://y:41629/', 'http://y:33299/']
[rosmaster.master][INFO] 2026-04-25 18:46:31,310: publisherUpdate[/rosout] -> http://y:33429/ ['http://y:43149/', 'http://y:36339/', 'http://y:43179/', 'http://y:46263/', 'http://y:46187/', 'http://y:44517/', 'http://y:41817/', 'http://y:45241/', 'http://y:41629/', 'http://y:33299/']: sec=0.00, result=[1, '', 0]
[rosmaster.master][INFO] 2026-04-25 18:46:31,310: publisherUpdate[/ctrl/agent_8] -> http://y:33299/ []
[rosmaster.master][INFO] 2026-04-25 18:46:31,310: publisherUpdate[/rosout] -> http://y:33429/ ['http://y:43149/', 'http://y:36339/', 'http://y:43179/', 'http://y:46263/', 'http://y:46187/', 'http://y:41817/', 'http://y:45241/', 'http://y:41629/', 'http://y:33299/']
[rosmaster.master][INFO] 2026-04-25 18:46:31,311: publisherUpdate[/rosout] -> http://y:33429/ ['http://y:43149/', 'http://y:36339/', 'http://y:43179/', 'http://y:46263/', 'http://y:46187/', 'http://y:41817/', 'http://y:45241/', 'http://y:41629/', 'http://y:33299/']: sec=0.00, result=[1, '', 0]
[rosmaster.master][INFO] 2026-04-25 18:46:31,311: publisherUpdate[/rosout] -> http://y:33429/ ['http://y:43149/', 'http://y:36339/', 'http://y:43179/', 'http://y:46187/', 'http://y:41817/', 'http://y:45241/', 'http://y:41629/', 'http://y:33299/']
[rosmaster.master][INFO] 2026-04-25 18:46:31,311: -PUB [/rosout] /phy_simulator_planning_node http://y:33299/
[rosmaster.master][INFO] 2026-04-25 18:46:31,311: -PUB [/arena_info_static] /phy_simulator_planning_node http://y:33299/
[rosmaster.master][INFO] 2026-04-25 18:46:31,311: publisherUpdate[/rosout] -> http://y:33429/ ['http://y:43149/', 'http://y:36339/', 'http://y:43179/', 'http://y:46187/', 'http://y:41817/', 'http://y:45241/', 'http://y:41629/', 'http://y:33299/']: sec=0.00, result=[1, '', 0]
[rosmaster.master][INFO] 2026-04-25 18:46:31,312: publisherUpdate[/rosout] -> http://y:33429/ ['http://y:43149/', 'http://y:36339/', 'http://y:43179/', 'http://y:46187/', 'http://y:41817/', 'http://y:45241/', 'http://y:33299/']
[rosmaster.master][INFO] 2026-04-25 18:46:31,312: -PUB [/arena_info_dynamic] /phy_simulator_planning_node http://y:33299/
[rosmaster.master][INFO] 2026-04-25 18:46:31,312: -PUB [/phy_simulator_planning_node/vis/vehicle_set_vis] /phy_simulator_planning_node http://y:33299/
[rosmaster.master][INFO] 2026-04-25 18:46:31,312: publisherUpdate[/rosout] -> http://y:33429/ ['http://y:43149/', 'http://y:36339/', 'http://y:43179/', 'http://y:46187/', 'http://y:41817/', 'http://y:45241/', 'http://y:33299/']: sec=0.00, result=[1, '', 0]
[rosmaster.master][INFO] 2026-04-25 18:46:31,312: -PUB [/phy_simulator_planning_node/vis/lane_net_vis] /phy_simulator_planning_node http://y:33299/
[rosmaster.master][INFO] 2026-04-25 18:46:31,313: publisherUpdate[/rosout] -> http://y:33429/ ['http://y:43149/', 'http://y:43179/', 'http://y:46187/', 'http://y:41817/', 'http://y:45241/', 'http://y:33299/']
[rosmaster.master][INFO] 2026-04-25 18:46:31,313: -PUB [/phy_simulator_planning_node/vis/obstacle_set_vis] /phy_simulator_planning_node http://y:33299/
[rosmaster.master][INFO] 2026-04-25 18:46:31,313: -SUB [/ctrl/agent_10] /phy_simulator_planning_node http://y:33299/
[rosmaster.master][INFO] 2026-04-25 18:46:31,313: publisherUpdate[/rosout] -> http://y:33429/ ['http://y:43149/', 'http://y:43179/', 'http://y:46187/', 'http://y:41817/', 'http://y:45241/', 'http://y:33299/']: sec=0.00, result=[1, '', 0]
[rosmaster.master][INFO] 2026-04-25 18:46:31,313: -SUB [/ctrl/agent_9] /phy_simulator_planning_node http://y:33299/
[rosmaster.master][INFO] 2026-04-25 18:46:31,313: publisherUpdate[/rosout] -> http://y:33429/ ['http://y:43149/', 'http://y:43179/', 'http://y:46187/', 'http://y:41817/', 'http://y:45241/']
[rosmaster.master][INFO] 2026-04-25 18:46:31,314: -SUB [/ctrl/agent_8] /phy_simulator_planning_node http://y:33299/
[rosmaster.master][INFO] 2026-04-25 18:46:31,314: -SUB [/ctrl/agent_7] /phy_simulator_planning_node http://y:33299/
[rosmaster.master][INFO] 2026-04-25 18:46:31,314: publisherUpdate[/arena_info_static] -> http://y:46187/ []
[rosmaster.master][INFO] 2026-04-25 18:46:31,314: publisherUpdate[/rosout] -> http://y:33429/ ['http://y:43149/', 'http://y:43179/', 'http://y:46187/', 'http://y:41817/', 'http://y:45241/']: sec=0.00, result=[1, '', 0]
[rosmaster.master][INFO] 2026-04-25 18:46:31,314: -SUB [/ctrl/agent_6] /phy_simulator_planning_node http://y:33299/
[rosmaster.master][INFO] 2026-04-25 18:46:31,314: publisherUpdate[/arena_info_static] -> http://y:43149/ []
[rosmaster.master][INFO] 2026-04-25 18:46:31,315: -PUB [/rosout] /onlane_ai_agent_9 http://y:45241/
[rosmaster.master][INFO] 2026-04-25 18:46:31,315: publisherUpdate[/arena_info_static] -> http://y:46187/ []: sec=0.00, result=[1, '', 0]
[rosmaster.master][INFO] 2026-04-25 18:46:31,315: publisherUpdate[/arena_info_static] -> http://y:43149/ []: sec=0.00, result=[1, '', 0]
[rosmaster.master][INFO] 2026-04-25 18:46:31,315: publisherUpdate[/arena_info_static] -> http://y:45241/ []
[rosmaster.master][INFO] 2026-04-25 18:46:31,315: -SUB [/ctrl/agent_5] /phy_simulator_planning_node http://y:33299/
[rosmaster.master][INFO] 2026-04-25 18:46:31,315: publisherUpdate[/arena_info_static] -> http://y:43179/ []
[rosmaster.master][INFO] 2026-04-25 18:46:31,316: -PUB [/rosout] /onlane_ai_agent_3 http://y:43179/
[rosmaster.master][INFO] 2026-04-25 18:46:31,316: -PUB [/ctrl/agent_9] /onlane_ai_agent_9 http://y:45241/
[rosmaster.master][INFO] 2026-04-25 18:46:31,316: -SUB [/ctrl/agent_4] /phy_simulator_planning_node http://y:33299/
[rosmaster.master][INFO] 2026-04-25 18:46:31,317: -PUB [/ctrl/agent_3] /onlane_ai_agent_3 http://y:43179/
[rosmaster.master][INFO] 2026-04-25 18:46:31,317: -PUB [/tf] /onlane_ai_agent_9 http://y:45241/
[rosmaster.master][INFO] 2026-04-25 18:46:31,317: -SUB [/ctrl/agent_3] /phy_simulator_planning_node http://y:33299/
[rosmaster.master][INFO] 2026-04-25 18:46:31,317: -PUB [/tf] /onlane_ai_agent_3 http://y:43179/
[rosmaster.master][INFO] 2026-04-25 18:46:31,317: -PUB [/vis/agent_9/ego_vehicle_vis] /onlane_ai_agent_9 http://y:45241/
[rosmaster.master][INFO] 2026-04-25 18:46:31,317: -SUB [/ctrl/agent_2] /phy_simulator_planning_node http://y:33299/
[rosmaster.master][INFO] 2026-04-25 18:46:31,318: -PUB [/vis/agent_3/ego_vehicle_vis] /onlane_ai_agent_3 http://y:43179/
[rosmaster.master][INFO] 2026-04-25 18:46:31,318: -PUB [/vis/agent_9/obstacle_map] /onlane_ai_agent_9 http://y:45241/
[rosmaster.master][INFO] 2026-04-25 18:46:31,318: -SUB [/ctrl/agent_1] /phy_simulator_planning_node http://y:33299/
[rosmaster.master][INFO] 2026-04-25 18:46:31,318: -PUB [/vis/agent_3/obstacle_map] /onlane_ai_agent_3 http://y:43179/
[rosmaster.master][INFO] 2026-04-25 18:46:31,318: -SUB [/ctrl/agent_0] /phy_simulator_planning_node http://y:33299/
[rosmaster.master][INFO] 2026-04-25 18:46:31,318: -PUB [/vis/agent_9/surrounding_lane_net_vis] /onlane_ai_agent_9 http://y:45241/
[rosmaster.master][INFO] 2026-04-25 18:46:31,318: -PUB [/vis/agent_3/surrounding_lane_net_vis] /onlane_ai_agent_3 http://y:43179/
[rosmaster.master][INFO] 2026-04-25 18:46:31,319: -PUB [/rosout] /onlane_ai_agent_6 http://y:41817/
[rosmaster.master][INFO] 2026-04-25 18:46:31,319: -SUB [/initialpose] /phy_simulator_planning_node http://y:33299/
[rosmaster.master][INFO] 2026-04-25 18:46:31,319: -PUB [/vis/agent_9/local_lanes_vis] /onlane_ai_agent_9 http://y:45241/
[rosmaster.master][INFO] 2026-04-25 18:46:31,319: -PUB [/vis/agent_3/local_lanes_vis] /onlane_ai_agent_3 http://y:43179/
[rosmaster.master][INFO] 2026-04-25 18:46:31,319: -PUB [/ctrl/agent_6] /onlane_ai_agent_6 http://y:41817/
[rosmaster.master][INFO] 2026-04-25 18:46:31,320: -SUB [/move_base_simple/goal] /phy_simulator_planning_node http://y:33299/
[rosmaster.master][INFO] 2026-04-25 18:46:31,320: -PUB [/vis/agent_3/ego_behavior_vis] /onlane_ai_agent_3 http://y:43179/
[rosmaster.master][INFO] 2026-04-25 18:46:31,320: -PUB [/vis/agent_9/ego_behavior_vis] /onlane_ai_agent_9 http://y:45241/
[rosmaster.master][INFO] 2026-04-25 18:46:31,320: -PUB [/tf] /onlane_ai_agent_6 http://y:41817/
[rosmaster.master][INFO] 2026-04-25 18:46:31,320: -SERVICE [/phy_simulator_planning_node/get_loggers] /phy_simulator_planning_node rosrpc://y:43625
[rosmaster.master][INFO] 2026-04-25 18:46:31,321: publisherUpdate[/ctrl/agent_8] -> http://y:33299/ []: sec=0.01, exception=<Fault -1: 'publisherUpdate: unknown method name'>
[rosmaster.master][INFO] 2026-04-25 18:46:31,321: -PUB [/vis/agent_3/pred_traj_openloop_vis] /onlane_ai_agent_3 http://y:43179/
[rosmaster.master][INFO] 2026-04-25 18:46:31,321: -PUB [/vis/agent_6/ego_vehicle_vis] /onlane_ai_agent_6 http://y:41817/
[rosmaster.master][INFO] 2026-04-25 18:46:31,322: -PUB [/vis/agent_9/pred_traj_openloop_vis] /onlane_ai_agent_9 http://y:45241/
[rosmaster.master][INFO] 2026-04-25 18:46:31,322: -SERVICE [/phy_simulator_planning_node/set_logger_level] /phy_simulator_planning_node rosrpc://y:43625
[rosmaster.master][INFO] 2026-04-25 18:46:31,322: -PUB [/vis/agent_3/pred_initial_intention_vis] /onlane_ai_agent_3 http://y:43179/
[rosmaster.master][INFO] 2026-04-25 18:46:31,323: -PUB [/vis/agent_6/obstacle_map] /onlane_ai_agent_6 http://y:41817/
[rosmaster.master][INFO] 2026-04-25 18:46:31,323: -PUB [/vis/agent_9/pred_initial_intention_vis] /onlane_ai_agent_9 http://y:45241/
[rosmaster.master][INFO] 2026-04-25 18:46:31,323: -PUB [/vis/agent_3/surrounding_vehicle_vis] /onlane_ai_agent_3 http://y:43179/
[rosmaster.master][INFO] 2026-04-25 18:46:31,324: -PUB [/vis/agent_6/surrounding_lane_net_vis] /onlane_ai_agent_6 http://y:41817/
[rosmaster.master][INFO] 2026-04-25 18:46:31,324: publisherUpdate[/arena_info_static] -> http://y:45241/ []: sec=0.01, exception=<Fault -1: 'publisherUpdate: unknown method name'>
[rosmaster.master][INFO] 2026-04-25 18:46:31,324: -PUB [/vis/agent_9/surrounding_vehicle_vis] /onlane_ai_agent_9 http://y:45241/
[rosmaster.master][INFO] 2026-04-25 18:46:31,325: -PUB [/vis/agent_3/speed_limit] /onlane_ai_agent_3 http://y:43179/
[rosmaster.master][INFO] 2026-04-25 18:46:31,325: -PUB [/vis/agent_6/local_lanes_vis] /onlane_ai_agent_6 http://y:41817/
[rosmaster.master][INFO] 2026-04-25 18:46:31,325: -PUB [/vis/agent_9/speed_limit] /onlane_ai_agent_9 http://y:45241/
[rosmaster.master][INFO] 2026-04-25 18:46:31,326: publisherUpdate[/arena_info_static] -> http://y:43179/ []: sec=0.01, exception=<Fault -1: 'publisherUpdate: unknown method name'>
[rosmaster.threadpool][ERROR] 2026-04-25 18:46:31,326: Traceback (most recent call last):
  File "/opt/ros/noetic/lib/python3/dist-packages/rosmaster/threadpool.py", line 218, in run
    result = cmd(*args)
  File "/opt/ros/noetic/lib/python3/dist-packages/rosmaster/master_api.py", line 210, in publisher_update_task
    ret = xmlrpcapi(api).publisherUpdate('/master', topic, pub_uris)
  File "/usr/lib/python3.8/xmlrpc/client.py", line 1109, in __call__
    return self.__send(self.__name, args)
  File "/usr/lib/python3.8/xmlrpc/client.py", line 1450, in __request
    response = self.__transport.request(
  File "/usr/lib/python3.8/xmlrpc/client.py", line 1153, in request
    return self.single_request(host, handler, request_body, verbose)
  File "/usr/lib/python3.8/xmlrpc/client.py", line 1169, in single_request
    return self.parse_response(resp)
  File "/usr/lib/python3.8/xmlrpc/client.py", line 1341, in parse_response
    return u.close()
  File "/usr/lib/python3.8/xmlrpc/client.py", line 655, in close
    raise Fault(**self._stack[0])
xmlrpc.client.Fault: <Fault -1: 'publisherUpdate: unknown method name'>

[rosmaster.master][INFO] 2026-04-25 18:46:31,326: publisherUpdate[/ctrl/agent_5] -> http://y:33299/ []
[rosmaster.master][INFO] 2026-04-25 18:46:31,326: -PUB [/vis/agent_6/ego_behavior_vis] /onlane_ai_agent_6 http://y:41817/
[rosmaster.threadpool][ERROR] 2026-04-25 18:46:31,326: Traceback (most recent call last):
  File "/opt/ros/noetic/lib/python3/dist-packages/rosmaster/threadpool.py", line 218, in run
    result = cmd(*args)
  File "/opt/ros/noetic/lib/python3/dist-packages/rosmaster/master_api.py", line 210, in publisher_update_task
    ret = xmlrpcapi(api).publisherUpdate('/master', topic, pub_uris)
  File "/usr/lib/python3.8/xmlrpc/client.py", line 1109, in __call__
    return self.__send(self.__name, args)
  File "/usr/lib/python3.8/xmlrpc/client.py", line 1450, in __request
    response = self.__transport.request(
  File "/usr/lib/python3.8/xmlrpc/client.py", line 1153, in request
    return self.single_request(host, handler, request_body, verbose)
  File "/usr/lib/python3.8/xmlrpc/client.py", line 1169, in single_request
    return self.parse_response(resp)
  File "/usr/lib/python3.8/xmlrpc/client.py", line 1341, in parse_response
    return u.close()
  File "/usr/lib/python3.8/xmlrpc/client.py", line 655, in close
    raise Fault(**self._stack[0])
xmlrpc.client.Fault: <Fault -1: 'publisherUpdate: unknown method name'>

[rosmaster.threadpool][ERROR] 2026-04-25 18:46:31,327: Traceback (most recent call last):
  File "/opt/ros/noetic/lib/python3/dist-packages/rosmaster/threadpool.py", line 218, in run
    result = cmd(*args)
  File "/opt/ros/noetic/lib/python3/dist-packages/rosmaster/master_api.py", line 210, in publisher_update_task
    ret = xmlrpcapi(api).publisherUpdate('/master', topic, pub_uris)
  File "/usr/lib/python3.8/xmlrpc/client.py", line 1109, in __call__
    return self.__send(self.__name, args)
  File "/usr/lib/python3.8/xmlrpc/client.py", line 1450, in __request
    response = self.__transport.request(
  File "/usr/lib/python3.8/xmlrpc/client.py", line 1153, in request
    return self.single_request(host, handler, request_body, verbose)
  File "/usr/lib/python3.8/xmlrpc/client.py", line 1169, in single_request
    return self.parse_response(resp)
  File "/usr/lib/python3.8/xmlrpc/client.py", line 1341, in parse_response
    return u.close()
  File "/usr/lib/python3.8/xmlrpc/client.py", line 655, in close
    raise Fault(**self._stack[0])
xmlrpc.client.Fault: <Fault -1: 'publisherUpdate: unknown method name'>

[rosmaster.master][INFO] 2026-04-25 18:46:31,327: publisherUpdate[/ctrl/agent_5] -> http://y:33299/ []: sec=0.00, exception=<Fault -1: 'publisherUpdate: unknown method name'>
[rosmaster.master][INFO] 2026-04-25 18:46:31,327: -PUB [/vis/agent_3/forward_trajs] /onlane_ai_agent_3 http://y:43179/
[rosmaster.master][INFO] 2026-04-25 18:46:31,327: publisherUpdate[/arena_info_static] -> http://y:41817/ []
[rosmaster.master][INFO] 2026-04-25 18:46:31,327: publisherUpdate[/arena_info_dynamic] -> http://y:46187/ []
[rosmaster.threadpool][ERROR] 2026-04-25 18:46:31,327: Traceback (most recent call last):
  File "/opt/ros/noetic/lib/python3/dist-packages/rosmaster/threadpool.py", line 218, in run
    result = cmd(*args)
  File "/opt/ros/noetic/lib/python3/dist-packages/rosmaster/master_api.py", line 210, in publisher_update_task
    ret = xmlrpcapi(api).publisherUpdate('/master', topic, pub_uris)
  File "/usr/lib/python3.8/xmlrpc/client.py", line 1109, in __call__
    return self.__send(self.__name, args)
  File "/usr/lib/python3.8/xmlrpc/client.py", line 1450, in __request
    response = self.__transport.request(
  File "/usr/lib/python3.8/xmlrpc/client.py", line 1153, in request
    return self.single_request(host, handler, request_body, verbose)
  File "/usr/lib/python3.8/xmlrpc/client.py", line 1169, in single_request
    return self.parse_response(resp)
  File "/usr/lib/python3.8/xmlrpc/client.py", line 1341, in parse_response
    return u.close()
  File "/usr/lib/python3.8/xmlrpc/client.py", line 655, in close
    raise Fault(**self._stack[0])
xmlrpc.client.Fault: <Fault -1: 'publisherUpdate: unknown method name'>

[rosmaster.master][INFO] 2026-04-25 18:46:31,327: -PUB [/vis/agent_9/forward_trajs] /onlane_ai_agent_9 http://y:45241/
[rosmaster.master][INFO] 2026-04-25 18:46:31,328: publisherUpdate[/ctrl/agent_4] -> http://y:33299/ []
[rosmaster.master][INFO] 2026-04-25 18:46:31,328: -PUB [/vis/agent_6/pred_traj_openloop_vis] /onlane_ai_agent_6 http://y:41817/
[rosmaster.master][INFO] 2026-04-25 18:46:31,328: publisherUpdate[/ctrl/agent_4] -> http://y:33299/ []: sec=0.00, exception=<Fault -1: 'publisherUpdate: unknown method name'>
[rosmaster.master][INFO] 2026-04-25 18:46:31,329: publisherUpdate[/arena_info_dynamic] -> http://y:46187/ []: sec=0.00, result=[1, '', 0]
[rosmaster.master][INFO] 2026-04-25 18:46:31,329: -SUB [/arena_info_static] /onlane_ai_agent_3 http://y:43179/
[rosmaster.master][INFO] 2026-04-25 18:46:31,329: publisherUpdate[/arena_info_static] -> http://y:41817/ []: sec=0.00, exception=<Fault -1: 'publisherUpdate: unknown method name'>
[rosmaster.threadpool][ERROR] 2026-04-25 18:46:31,330: Traceback (most recent call last):
  File "/opt/ros/noetic/lib/python3/dist-packages/rosmaster/threadpool.py", line 218, in run
    result = cmd(*args)
  File "/opt/ros/noetic/lib/python3/dist-packages/rosmaster/master_api.py", line 210, in publisher_update_task
    ret = xmlrpcapi(api).publisherUpdate('/master', topic, pub_uris)
  File "/usr/lib/python3.8/xmlrpc/client.py", line 1109, in __call__
    return self.__send(self.__name, args)
  File "/usr/lib/python3.8/xmlrpc/client.py", line 1450, in __request
    response = self.__transport.request(
  File "/usr/lib/python3.8/xmlrpc/client.py", line 1153, in request
    return self.single_request(host, handler, request_body, verbose)
  File "/usr/lib/python3.8/xmlrpc/client.py", line 1169, in single_request
    return self.parse_response(resp)
  File "/usr/lib/python3.8/xmlrpc/client.py", line 1341, in parse_response
    return u.close()
  File "/usr/lib/python3.8/xmlrpc/client.py", line 655, in close
    raise Fault(**self._stack[0])
xmlrpc.client.Fault: <Fault -1: 'publisherUpdate: unknown method name'>

[rosmaster.master][INFO] 2026-04-25 18:46:31,330: publisherUpdate[/ctrl/agent_7] -> http://y:33299/ []
[rosmaster.master][INFO] 2026-04-25 18:46:31,330: -SUB [/arena_info_static] /onlane_ai_agent_9 http://y:45241/
[rosmaster.master][INFO] 2026-04-25 18:46:31,330: publisherUpdate[/arena_info_dynamic] -> http://y:43149/ []
[rosmaster.threadpool][ERROR] 2026-04-25 18:46:31,330: Traceback (most recent call last):
  File "/opt/ros/noetic/lib/python3/dist-packages/rosmaster/threadpool.py", line 218, in run
    result = cmd(*args)
  File "/opt/ros/noetic/lib/python3/dist-packages/rosmaster/master_api.py", line 210, in publisher_update_task
    ret = xmlrpcapi(api).publisherUpdate('/master', topic, pub_uris)
  File "/usr/lib/python3.8/xmlrpc/client.py", line 1109, in __call__
    return self.__send(self.__name, args)
  File "/usr/lib/python3.8/xmlrpc/client.py", line 1450, in __request
    response = self.__transport.request(
  File "/usr/lib/python3.8/xmlrpc/client.py", line 1153, in request
    return self.single_request(host, handler, request_body, verbose)
  File "/usr/lib/python3.8/xmlrpc/client.py", line 1169, in single_request
    return self.parse_response(resp)
  File "/usr/lib/python3.8/xmlrpc/client.py", line 1341, in parse_response
    return u.close()
  File "/usr/lib/python3.8/xmlrpc/client.py", line 655, in close
    raise Fault(**self._stack[0])
xmlrpc.client.Fault: <Fault -1: 'publisherUpdate: unknown method name'>

[rosmaster.master][INFO] 2026-04-25 18:46:31,330: -PUB [/vis/agent_6/pred_initial_intention_vis] /onlane_ai_agent_6 http://y:41817/
[rosmaster.master][INFO] 2026-04-25 18:46:31,331: publisherUpdate[/arena_info_dynamic] -> http://y:45241/ []
[rosmaster.master][INFO] 2026-04-25 18:46:31,331: publisherUpdate[/ctrl/agent_7] -> http://y:33299/ []: sec=0.00, exception=<Fault -1: 'publisherUpdate: unknown method name'>
[rosmaster.master][INFO] 2026-04-25 18:46:31,331: publisherUpdate[/arena_info_dynamic] -> http://y:43149/ []: sec=0.00, result=[1, '', 0]
[rosmaster.master][INFO] 2026-04-25 18:46:31,331: -SUB [/arena_info_dynamic] /onlane_ai_agent_3 http://y:43179/
[rosmaster.master][INFO] 2026-04-25 18:46:31,332: publisherUpdate[/ctrl/agent_2] -> http://y:33299/ []
[rosmaster.threadpool][ERROR] 2026-04-25 18:46:31,332: Traceback (most recent call last):
  File "/opt/ros/noetic/lib/python3/dist-packages/rosmaster/threadpool.py", line 218, in run
    result = cmd(*args)
  File "/opt/ros/noetic/lib/python3/dist-packages/rosmaster/master_api.py", line 210, in publisher_update_task
    ret = xmlrpcapi(api).publisherUpdate('/master', topic, pub_uris)
  File "/usr/lib/python3.8/xmlrpc/client.py", line 1109, in __call__
    return self.__send(self.__name, args)
  File "/usr/lib/python3.8/xmlrpc/client.py", line 1450, in __request
    response = self.__transport.request(
  File "/usr/lib/python3.8/xmlrpc/client.py", line 1153, in request
    return self.single_request(host, handler, request_body, verbose)
  File "/usr/lib/python3.8/xmlrpc/client.py", line 1169, in single_request
    return self.parse_response(resp)
  File "/usr/lib/python3.8/xmlrpc/client.py", line 1341, in parse_response
    return u.close()
  File "/usr/lib/python3.8/xmlrpc/client.py", line 655, in close
    raise Fault(**self._stack[0])
xmlrpc.client.Fault: <Fault -1: 'publisherUpdate: unknown method name'>

[rosmaster.master][INFO] 2026-04-25 18:46:31,332: publisherUpdate[/arena_info_dynamic] -> http://y:45241/ []: sec=0.00, exception=<Fault -1: 'publisherUpdate: unknown method name'>
[rosmaster.master][INFO] 2026-04-25 18:46:31,332: publisherUpdate[/ctrl/agent_2] -> http://y:33299/ []: sec=0.00, exception=<Fault -1: 'publisherUpdate: unknown method name'>
[rosmaster.master][INFO] 2026-04-25 18:46:31,332: -SUB [/arena_info_dynamic] /onlane_ai_agent_9 http://y:45241/
[rosmaster.master][INFO] 2026-04-25 18:46:31,332: publisherUpdate[/arena_info_dynamic] -> http://y:43179/ []
[rosmaster.threadpool][ERROR] 2026-04-25 18:46:31,333: Traceback (most recent call last):
  File "/opt/ros/noetic/lib/python3/dist-packages/rosmaster/threadpool.py", line 218, in run
    result = cmd(*args)
  File "/opt/ros/noetic/lib/python3/dist-packages/rosmaster/master_api.py", line 210, in publisher_update_task
    ret = xmlrpcapi(api).publisherUpdate('/master', topic, pub_uris)
  File "/usr/lib/python3.8/xmlrpc/client.py", line 1109, in __call__
    return self.__send(self.__name, args)
  File "/usr/lib/python3.8/xmlrpc/client.py", line 1450, in __request
    response = self.__transport.request(
  File "/usr/lib/python3.8/xmlrpc/client.py", line 1153, in request
    return self.single_request(host, handler, request_body, verbose)
  File "/usr/lib/python3.8/xmlrpc/client.py", line 1169, in single_request
    return self.parse_response(resp)
  File "/usr/lib/python3.8/xmlrpc/client.py", line 1341, in parse_response
    return u.close()
  File "/usr/lib/python3.8/xmlrpc/client.py", line 655, in close
    raise Fault(**self._stack[0])
xmlrpc.client.Fault: <Fault -1: 'publisherUpdate: unknown method name'>

[rosmaster.threadpool][ERROR] 2026-04-25 18:46:31,333: Traceback (most recent call last):
  File "/opt/ros/noetic/lib/python3/dist-packages/rosmaster/threadpool.py", line 218, in run
    result = cmd(*args)
  File "/opt/ros/noetic/lib/python3/dist-packages/rosmaster/master_api.py", line 210, in publisher_update_task
    ret = xmlrpcapi(api).publisherUpdate('/master', topic, pub_uris)
  File "/usr/lib/python3.8/xmlrpc/client.py", line 1109, in __call__
    return self.__send(self.__name, args)
  File "/usr/lib/python3.8/xmlrpc/client.py", line 1450, in __request
    response = self.__transport.request(
  File "/usr/lib/python3.8/xmlrpc/client.py", line 1153, in request
    return self.single_request(host, handler, request_body, verbose)
  File "/usr/lib/python3.8/xmlrpc/client.py", line 1169, in single_request
    return self.parse_response(resp)
  File "/usr/lib/python3.8/xmlrpc/client.py", line 1341, in parse_response
    return u.close()
  File "/usr/lib/python3.8/xmlrpc/client.py", line 655, in close
    raise Fault(**self._stack[0])
xmlrpc.client.Fault: <Fault -1: 'publisherUpdate: unknown method name'>

[rosmaster.master][INFO] 2026-04-25 18:46:31,333: -PUB [/vis/agent_6/surrounding_vehicle_vis] /onlane_ai_agent_6 http://y:41817/
[rosmaster.master][INFO] 2026-04-25 18:46:31,333: publisherUpdate[/arena_info_dynamic] -> http://y:41817/ []
[rosmaster.master][INFO] 2026-04-25 18:46:31,334: publisherUpdate[/arena_info_dynamic] -> http://y:43179/ []: sec=0.00, exception=<Fault -1: 'publisherUpdate: unknown method name'>
[rosmaster.master][INFO] 2026-04-25 18:46:31,334: publisherUpdate[/rosout] -> http://y:33429/ ['http://y:43149/', 'http://y:43179/', 'http://y:46187/', 'http://y:41817/']
[rosmaster.master][INFO] 2026-04-25 18:46:31,334: -SUB [/joy] /onlane_ai_agent_3 http://y:43179/
[rosmaster.master][INFO] 2026-04-25 18:46:31,334: publisherUpdate[/arena_info_dynamic] -> http://y:41817/ []: sec=0.00, exception=<Fault -1: 'publisherUpdate: unknown method name'>
[rosmaster.threadpool][ERROR] 2026-04-25 18:46:31,334: Traceback (most recent call last):
  File "/opt/ros/noetic/lib/python3/dist-packages/rosmaster/threadpool.py", line 218, in run
    result = cmd(*args)
  File "/opt/ros/noetic/lib/python3/dist-packages/rosmaster/master_api.py", line 210, in publisher_update_task
    ret = xmlrpcapi(api).publisherUpdate('/master', topic, pub_uris)
  File "/usr/lib/python3.8/xmlrpc/client.py", line 1109, in __call__
    return self.__send(self.__name, args)
  File "/usr/lib/python3.8/xmlrpc/client.py", line 1450, in __request
    response = self.__transport.request(
  File "/usr/lib/python3.8/xmlrpc/client.py", line 1153, in request
    return self.single_request(host, handler, request_body, verbose)
  File "/usr/lib/python3.8/xmlrpc/client.py", line 1169, in single_request
    return self.parse_response(resp)
  File "/usr/lib/python3.8/xmlrpc/client.py", line 1341, in parse_response
    return u.close()
  File "/usr/lib/python3.8/xmlrpc/client.py", line 655, in close
    raise Fault(**self._stack[0])
xmlrpc.client.Fault: <Fault -1: 'publisherUpdate: unknown method name'>

[rosmaster.master][INFO] 2026-04-25 18:46:31,335: publisherUpdate[/rosout] -> http://y:33429/ ['http://y:43149/', 'http://y:43179/', 'http://y:46187/', 'http://y:41817/']: sec=0.00, result=[1, '', 0]
[rosmaster.master][INFO] 2026-04-25 18:46:31,335: -SUB [/joy] /onlane_ai_agent_9 http://y:45241/
[rosmaster.master][INFO] 2026-04-25 18:46:31,335: publisherUpdate[/ctrl/agent_3] -> http://y:33299/ []
[rosmaster.threadpool][ERROR] 2026-04-25 18:46:31,335: Traceback (most recent call last):
  File "/opt/ros/noetic/lib/python3/dist-packages/rosmaster/threadpool.py", line 218, in run
    result = cmd(*args)
  File "/opt/ros/noetic/lib/python3/dist-packages/rosmaster/master_api.py", line 210, in publisher_update_task
    ret = xmlrpcapi(api).publisherUpdate('/master', topic, pub_uris)
  File "/usr/lib/python3.8/xmlrpc/client.py", line 1109, in __call__
    return self.__send(self.__name, args)
  File "/usr/lib/python3.8/xmlrpc/client.py", line 1450, in __request
    response = self.__transport.request(
  File "/usr/lib/python3.8/xmlrpc/client.py", line 1153, in request
    return self.single_request(host, handler, request_body, verbose)
  File "/usr/lib/python3.8/xmlrpc/client.py", line 1169, in single_request
    return self.parse_response(resp)
  File "/usr/lib/python3.8/xmlrpc/client.py", line 1341, in parse_response
    return u.close()
  File "/usr/lib/python3.8/xmlrpc/client.py", line 655, in close
    raise Fault(**self._stack[0])
xmlrpc.client.Fault: <Fault -1: 'publisherUpdate: unknown method name'>

[rosmaster.master][INFO] 2026-04-25 18:46:31,335: publisherUpdate[/rosout] -> http://y:33429/ ['http://y:43149/', 'http://y:46187/', 'http://y:41817/']
[rosmaster.master][INFO] 2026-04-25 18:46:31,336: -PUB [/vis/agent_6/speed_limit] /onlane_ai_agent_6 http://y:41817/
[rosmaster.master][INFO] 2026-04-25 18:46:31,336: publisherUpdate[/ctrl/agent_3] -> http://y:33299/ []: sec=0.00, exception=<Fault -1: 'publisherUpdate: unknown method name'>
[rosmaster.master][INFO] 2026-04-25 18:46:31,337: publisherUpdate[/rosout] -> http://y:33429/ ['http://y:43149/', 'http://y:46187/', 'http://y:41817/']: sec=0.00, result=[1, '', 0]
[rosmaster.threadpool][ERROR] 2026-04-25 18:46:31,337: Traceback (most recent call last):
  File "/opt/ros/noetic/lib/python3/dist-packages/rosmaster/threadpool.py", line 218, in run
    result = cmd(*args)
  File "/opt/ros/noetic/lib/python3/dist-packages/rosmaster/master_api.py", line 210, in publisher_update_task
    ret = xmlrpcapi(api).publisherUpdate('/master', topic, pub_uris)
  File "/usr/lib/python3.8/xmlrpc/client.py", line 1109, in __call__
    return self.__send(self.__name, args)
  File "/usr/lib/python3.8/xmlrpc/client.py", line 1450, in __request
    response = self.__transport.request(
  File "/usr/lib/python3.8/xmlrpc/client.py", line 1153, in request
    return self.single_request(host, handler, request_body, verbose)
  File "/usr/lib/python3.8/xmlrpc/client.py", line 1169, in single_request
    return self.parse_response(resp)
  File "/usr/lib/python3.8/xmlrpc/client.py", line 1341, in parse_response
    return u.close()
  File "/usr/lib/python3.8/xmlrpc/client.py", line 655, in close
    raise Fault(**self._stack[0])
xmlrpc.client.Fault: <Fault -1: 'publisherUpdate: unknown method name'>

[rosmaster.master][INFO] 2026-04-25 18:46:31,337: -SERVICE [/onlane_ai_agent_3/get_loggers] /onlane_ai_agent_3 rosrpc://y:49143
[rosmaster.master][INFO] 2026-04-25 18:46:31,337: publisherUpdate[/rosout] -> http://y:33429/ ['http://y:43149/', 'http://y:46187/']
[rosmaster.master][INFO] 2026-04-25 18:46:31,338: -SERVICE [/onlane_ai_agent_9/get_loggers] /onlane_ai_agent_9 rosrpc://y:60179
[rosmaster.master][INFO] 2026-04-25 18:46:31,338: publisherUpdate[/rosout] -> http://y:33429/ ['http://y:43149/', 'http://y:46187/']: sec=0.00, result=[1, '', 0]
[rosmaster.master][INFO] 2026-04-25 18:46:31,338: -PUB [/vis/agent_6/forward_trajs] /onlane_ai_agent_6 http://y:41817/
[rosmaster.master][INFO] 2026-04-25 18:46:31,339: -SERVICE [/onlane_ai_agent_3/set_logger_level] /onlane_ai_agent_3 rosrpc://y:49143
[rosmaster.master][INFO] 2026-04-25 18:46:31,339: -SERVICE [/onlane_ai_agent_9/set_logger_level] /onlane_ai_agent_9 rosrpc://y:60179
[rosmaster.master][INFO] 2026-04-25 18:46:31,339: -SUB [/arena_info_static] /onlane_ai_agent_6 http://y:41817/
[rosmaster.master][INFO] 2026-04-25 18:46:31,339: -SUB [/arena_info_dynamic] /onlane_ai_agent_6 http://y:41817/
[rosmaster.master][INFO] 2026-04-25 18:46:31,340: -SUB [/joy] /onlane_ai_agent_6 http://y:41817/
[rosmaster.master][INFO] 2026-04-25 18:46:31,340: -SERVICE [/onlane_ai_agent_6/get_loggers] /onlane_ai_agent_6 rosrpc://y:55417
[rosmaster.master][INFO] 2026-04-25 18:46:31,340: -SERVICE [/onlane_ai_agent_6/set_logger_level] /onlane_ai_agent_6 rosrpc://y:55417
[rosmaster.master][INFO] 2026-04-25 18:46:31,429: -PUB [/rosout] /onlane_ai_agent_1 http://y:46187/
[rosmaster.master][INFO] 2026-04-25 18:46:31,429: -PUB [/ctrl/agent_1] /onlane_ai_agent_1 http://y:46187/
[rosmaster.master][INFO] 2026-04-25 18:46:31,429: -PUB [/tf] /onlane_ai_agent_1 http://y:46187/
[rosmaster.master][INFO] 2026-04-25 18:46:31,430: -PUB [/vis/agent_1/ego_vehicle_vis] /onlane_ai_agent_1 http://y:46187/
[rosmaster.master][INFO] 2026-04-25 18:46:31,430: -PUB [/vis/agent_1/obstacle_map] /onlane_ai_agent_1 http://y:46187/
[rosmaster.master][INFO] 2026-04-25 18:46:31,430: -PUB [/vis/agent_1/surrounding_lane_net_vis] /onlane_ai_agent_1 http://y:46187/
[rosmaster.master][INFO] 2026-04-25 18:46:31,430: -PUB [/vis/agent_1/local_lanes_vis] /onlane_ai_agent_1 http://y:46187/
[rosmaster.master][INFO] 2026-04-25 18:46:31,430: -PUB [/vis/agent_1/ego_behavior_vis] /onlane_ai_agent_1 http://y:46187/
[rosmaster.master][INFO] 2026-04-25 18:46:31,430: -PUB [/vis/agent_1/pred_traj_openloop_vis] /onlane_ai_agent_1 http://y:46187/
[rosmaster.master][INFO] 2026-04-25 18:46:31,431: -PUB [/vis/agent_1/pred_initial_intention_vis] /onlane_ai_agent_1 http://y:46187/
[rosmaster.master][INFO] 2026-04-25 18:46:31,431: -PUB [/vis/agent_1/surrounding_vehicle_vis] /onlane_ai_agent_1 http://y:46187/
[rosmaster.master][INFO] 2026-04-25 18:46:31,431: -PUB [/vis/agent_1/speed_limit] /onlane_ai_agent_1 http://y:46187/
[rosmaster.master][INFO] 2026-04-25 18:46:31,431: -PUB [/vis/agent_1/forward_trajs] /onlane_ai_agent_1 http://y:46187/
[rosmaster.master][INFO] 2026-04-25 18:46:31,431: -SUB [/arena_info_static] /onlane_ai_agent_1 http://y:46187/
[rosmaster.master][INFO] 2026-04-25 18:46:31,431: -SUB [/arena_info_dynamic] /onlane_ai_agent_1 http://y:46187/
[rosmaster.master][INFO] 2026-04-25 18:46:31,431: -SUB [/joy] /onlane_ai_agent_1 http://y:46187/
[rosmaster.master][INFO] 2026-04-25 18:46:31,432: -PUB [/rosout] /test_ssc_with_mpdm_0 http://y:43149/
[rosmaster.master][INFO] 2026-04-25 18:46:31,432: -SERVICE [/onlane_ai_agent_1/get_loggers] /onlane_ai_agent_1 rosrpc://y:43381
[rosmaster.master][INFO] 2026-04-25 18:46:31,432: -PUB [/tf] /test_ssc_with_mpdm_0 http://y:43149/
[rosmaster.master][INFO] 2026-04-25 18:46:31,432: -SERVICE [/onlane_ai_agent_1/set_logger_level] /onlane_ai_agent_1 rosrpc://y:43381
[rosmaster.master][INFO] 2026-04-25 18:46:31,433: -PUB [/vis/agent_0/ego_vehicle_vis] /test_ssc_with_mpdm_0 http://y:43149/
[rosmaster.master][INFO] 2026-04-25 18:46:31,433: -PUB [/vis/agent_0/obstacle_map] /test_ssc_with_mpdm_0 http://y:43149/
[rosmaster.master][INFO] 2026-04-25 18:46:31,434: -PUB [/vis/agent_0/surrounding_lane_net_vis] /test_ssc_with_mpdm_0 http://y:43149/
[rosmaster.master][INFO] 2026-04-25 18:46:31,434: -PUB [/vis/agent_0/local_lanes_vis] /test_ssc_with_mpdm_0 http://y:43149/
[rosmaster.master][INFO] 2026-04-25 18:46:31,434: -PUB [/vis/agent_0/ego_behavior_vis] /test_ssc_with_mpdm_0 http://y:43149/
[rosmaster.master][INFO] 2026-04-25 18:46:31,435: -PUB [/vis/agent_0/pred_traj_openloop_vis] /test_ssc_with_mpdm_0 http://y:43149/
[rosmaster.master][INFO] 2026-04-25 18:46:31,435: -PUB [/vis/agent_0/pred_initial_intention_vis] /test_ssc_with_mpdm_0 http://y:43149/
[rosmaster.master][INFO] 2026-04-25 18:46:31,435: -PUB [/vis/agent_0/surrounding_vehicle_vis] /test_ssc_with_mpdm_0 http://y:43149/
[rosmaster.master][INFO] 2026-04-25 18:46:31,435: -PUB [/vis/agent_0/speed_limit] /test_ssc_with_mpdm_0 http://y:43149/
[rosmaster.master][INFO] 2026-04-25 18:46:31,436: -PUB [/vis/agent_0/ssc/map_vis] /test_ssc_with_mpdm_0 http://y:43149/
[rosmaster.master][INFO] 2026-04-25 18:46:31,436: -PUB [/vis/agent_0/ssc/qp_vis] /test_ssc_with_mpdm_0 http://y:43149/
[rosmaster.master][INFO] 2026-04-25 18:46:31,436: -PUB [/vis/agent_0/ssc/ego_fs_vis] /test_ssc_with_mpdm_0 http://y:43149/
[rosmaster.master][INFO] 2026-04-25 18:46:31,437: -PUB [/vis/agent_0/ssc/forward_trajs_vis] /test_ssc_with_mpdm_0 http://y:43149/
[rosmaster.master][INFO] 2026-04-25 18:46:31,437: publisherUpdate[/rosout] -> http://y:33429/ ['http://y:43149/']
[rosmaster.master][INFO] 2026-04-25 18:46:31,437: -PUB [/vis/agent_0/ssc/sur_vehicle_trajs_vis] /test_ssc_with_mpdm_0 http://y:43149/
[rosmaster.master][INFO] 2026-04-25 18:46:31,437: -PUB [/vis/agent_0/ssc/corridor_vis] /test_ssc_with_mpdm_0 http://y:43149/
[rosmaster.master][INFO] 2026-04-25 18:46:31,438: publisherUpdate[/rosout] -> http://y:33429/ ['http://y:43149/']: sec=0.00, result=[1, '', 0]
[rosmaster.master][INFO] 2026-04-25 18:46:31,438: -PUB [/ctrl/agent_0] /test_ssc_with_mpdm_0 http://y:43149/
[rosmaster.master][INFO] 2026-04-25 18:46:31,438: publisherUpdate[/rosout] -> http://y:33429/ []
[rosmaster.master][INFO] 2026-04-25 18:46:31,438: -PUB [/test_ssc_with_mpdm_0/ssc_map] /test_ssc_with_mpdm_0 http://y:43149/
[rosmaster.master][INFO] 2026-04-25 18:46:31,439: publisherUpdate[/rosout] -> http://y:33429/ []: sec=0.00, result=[1, '', 0]
[rosmaster.master][INFO] 2026-04-25 18:46:31,439: -PUB [/vis/agent_0/ssc/exec_traj] /test_ssc_with_mpdm_0 http://y:43149/
[rosmaster.master][INFO] 2026-04-25 18:46:31,439: -PUB [/vis/agent_0/forward_trajs] /test_ssc_with_mpdm_0 http://y:43149/
[rosmaster.master][INFO] 2026-04-25 18:46:31,440: -SUB [/joy] /test_ssc_with_mpdm_0 http://y:43149/
[rosmaster.master][INFO] 2026-04-25 18:46:31,440: -SUB [/arena_info_static] /test_ssc_with_mpdm_0 http://y:43149/
[rosmaster.master][INFO] 2026-04-25 18:46:31,440: -SUB [/arena_info_dynamic] /test_ssc_with_mpdm_0 http://y:43149/
[rosmaster.master][INFO] 2026-04-25 18:46:31,440: -SERVICE [/test_ssc_with_mpdm_0/get_loggers] /test_ssc_with_mpdm_0 rosrpc://y:53705
[rosmaster.master][INFO] 2026-04-25 18:46:31,441: -SERVICE [/test_ssc_with_mpdm_0/set_logger_level] /test_ssc_with_mpdm_0 rosrpc://y:53705
[rosmaster.master][INFO] 2026-04-25 18:46:31,639: -PUB [/rosout_agg] /rosout http://y:33429/
[rosmaster.master][INFO] 2026-04-25 18:46:31,640: -SUB [/rosout] /rosout http://y:33429/
[rosmaster.master][INFO] 2026-04-25 18:46:31,640: -SERVICE [/rosout/get_loggers] /rosout rosrpc://y:52471
[rosmaster.master][INFO] 2026-04-25 18:46:31,640: -SERVICE [/rosout/set_logger_level] /rosout rosrpc://y:52471
[rosmaster.main][INFO] 2026-04-25 18:46:31,660: keyboard interrupt, will exit
[rosmaster.main][INFO] 2026-04-25 18:46:31,660: stopping master...
[rospy.core][INFO] 2026-04-25 18:46:31,660: signal_shutdown [atexit]
