[rosmaster.main][INFO] 2026-05-06 19:13:02,102: initialization complete, waiting for shutdown
[rosmaster.main][INFO] 2026-05-06 19:13:02,109: Starting ROS Master Node
[xmlrpc][INFO] 2026-05-06 19:13:02,109: XML-RPC server binding to 0.0.0.0:11311
[xmlrpc][INFO] 2026-05-06 19:13:02,110: Started XML-RPC server [http://y:11311/]
[xmlrpc][INFO] 2026-05-06 19:13:02,110: xml rpc node: starting XML-RPC server
[rosmaster.master][INFO] 2026-05-06 19:13:02,110: Master initialized: port[11311], uri[http://y:11311/]
[rosmaster.master][INFO] 2026-05-06 19:13:02,121: +PARAM [/run_id] by /roslaunch
[rosmaster.master][INFO] 2026-05-06 19:13:02,122: +PARAM [/roslaunch/uris/host_y__34867] by /roslaunch
[rosmaster.master][INFO] 2026-05-06 19:13:02,146: +PARAM [/rosversion] by /roslaunch
[rosmaster.master][INFO] 2026-05-06 19:13:02,146: +PARAM [/rosdistro] by /roslaunch
[rosmaster.master][INFO] 2026-05-06 19:13:02,146: +PARAM [/test_ssc_with_mpdm_0/ego_id] by /roslaunch
[rosmaster.master][INFO] 2026-05-06 19:13:02,146: +PARAM [/test_ssc_with_mpdm_0/agent_config_path] by /roslaunch
[rosmaster.master][INFO] 2026-05-06 19:13:02,146: +PARAM [/test_ssc_with_mpdm_0/ssc_config_path] by /roslaunch
[rosmaster.master][INFO] 2026-05-06 19:13:02,147: +PARAM [/test_ssc_with_mpdm_0/desired_vel] by /roslaunch
[rosmaster.master][INFO] 2026-05-06 19:13:02,147: +PARAM [/test_ssc_with_mpdm_0/use_sim_state] by /roslaunch
[rosmaster.master][INFO] 2026-05-06 19:13:02,147: +PARAM [/onlane_ai_agent_1/ego_id] by /roslaunch
[rosmaster.master][INFO] 2026-05-06 19:13:02,147: +PARAM [/onlane_ai_agent_1/agent_config_path] by /roslaunch
[rosmaster.master][INFO] 2026-05-06 19:13:02,147: +PARAM [/onlane_ai_agent_1/desired_vel] by /roslaunch
[rosmaster.master][INFO] 2026-05-06 19:13:02,147: +PARAM [/onlane_ai_agent_1/autonomous_level] by /roslaunch
[rosmaster.master][INFO] 2026-05-06 19:13:02,147: +PARAM [/onlane_ai_agent_1/aggressiveness_level] by /roslaunch
[rosmaster.master][INFO] 2026-05-06 19:13:02,147: +PARAM [/onlane_ai_agent_2/ego_id] by /roslaunch
[rosmaster.master][INFO] 2026-05-06 19:13:02,147: +PARAM [/onlane_ai_agent_2/agent_config_path] by /roslaunch
[rosmaster.master][INFO] 2026-05-06 19:13:02,147: +PARAM [/onlane_ai_agent_2/desired_vel] by /roslaunch
[rosmaster.master][INFO] 2026-05-06 19:13:02,147: +PARAM [/onlane_ai_agent_2/autonomous_level] by /roslaunch
[rosmaster.master][INFO] 2026-05-06 19:13:02,147: +PARAM [/onlane_ai_agent_2/aggressiveness_level] by /roslaunch
[rosmaster.master][INFO] 2026-05-06 19:13:02,147: +PARAM [/onlane_ai_agent_3/ego_id] by /roslaunch
[rosmaster.master][INFO] 2026-05-06 19:13:02,147: +PARAM [/onlane_ai_agent_3/agent_config_path] by /roslaunch
[rosmaster.master][INFO] 2026-05-06 19:13:02,147: +PARAM [/onlane_ai_agent_3/desired_vel] by /roslaunch
[rosmaster.master][INFO] 2026-05-06 19:13:02,147: +PARAM [/onlane_ai_agent_3/autonomous_level] by /roslaunch
[rosmaster.master][INFO] 2026-05-06 19:13:02,147: +PARAM [/onlane_ai_agent_3/aggressiveness_level] by /roslaunch
[rosmaster.master][INFO] 2026-05-06 19:13:02,147: +PARAM [/onlane_ai_agent_4/ego_id] by /roslaunch
[rosmaster.master][INFO] 2026-05-06 19:13:02,147: +PARAM [/onlane_ai_agent_4/agent_config_path] by /roslaunch
[rosmaster.master][INFO] 2026-05-06 19:13:02,147: +PARAM [/onlane_ai_agent_4/desired_vel] by /roslaunch
[rosmaster.master][INFO] 2026-05-06 19:13:02,147: +PARAM [/onlane_ai_agent_4/autonomous_level] by /roslaunch
[rosmaster.master][INFO] 2026-05-06 19:13:02,147: +PARAM [/onlane_ai_agent_4/aggressiveness_level] by /roslaunch
[rosmaster.master][INFO] 2026-05-06 19:13:02,147: +PARAM [/onlane_ai_agent_5/ego_id] by /roslaunch
[rosmaster.master][INFO] 2026-05-06 19:13:02,148: +PARAM [/onlane_ai_agent_5/agent_config_path] by /roslaunch
[rosmaster.master][INFO] 2026-05-06 19:13:02,148: +PARAM [/onlane_ai_agent_5/desired_vel] by /roslaunch
[rosmaster.master][INFO] 2026-05-06 19:13:02,148: +PARAM [/onlane_ai_agent_5/autonomous_level] by /roslaunch
[rosmaster.master][INFO] 2026-05-06 19:13:02,148: +PARAM [/onlane_ai_agent_5/aggressiveness_level] by /roslaunch
[rosmaster.master][INFO] 2026-05-06 19:13:02,148: +PARAM [/onlane_ai_agent_6/ego_id] by /roslaunch
[rosmaster.master][INFO] 2026-05-06 19:13:02,148: +PARAM [/onlane_ai_agent_6/agent_config_path] by /roslaunch
[rosmaster.master][INFO] 2026-05-06 19:13:02,148: +PARAM [/onlane_ai_agent_6/desired_vel] by /roslaunch
[rosmaster.master][INFO] 2026-05-06 19:13:02,148: +PARAM [/onlane_ai_agent_6/autonomous_level] by /roslaunch
[rosmaster.master][INFO] 2026-05-06 19:13:02,148: +PARAM [/onlane_ai_agent_6/aggressiveness_level] by /roslaunch
[rosmaster.master][INFO] 2026-05-06 19:13:02,148: +PARAM [/onlane_ai_agent_7/ego_id] by /roslaunch
[rosmaster.master][INFO] 2026-05-06 19:13:02,148: +PARAM [/onlane_ai_agent_7/agent_config_path] by /roslaunch
[rosmaster.master][INFO] 2026-05-06 19:13:02,148: +PARAM [/onlane_ai_agent_7/desired_vel] by /roslaunch
[rosmaster.master][INFO] 2026-05-06 19:13:02,148: +PARAM [/onlane_ai_agent_7/autonomous_level] by /roslaunch
[rosmaster.master][INFO] 2026-05-06 19:13:02,148: +PARAM [/onlane_ai_agent_7/aggressiveness_level] by /roslaunch
[rosmaster.master][INFO] 2026-05-06 19:13:02,148: +PARAM [/onlane_ai_agent_8/ego_id] by /roslaunch
[rosmaster.master][INFO] 2026-05-06 19:13:02,148: +PARAM [/onlane_ai_agent_8/agent_config_path] by /roslaunch
[rosmaster.master][INFO] 2026-05-06 19:13:02,148: +PARAM [/onlane_ai_agent_8/desired_vel] by /roslaunch
[rosmaster.master][INFO] 2026-05-06 19:13:02,148: +PARAM [/onlane_ai_agent_8/autonomous_level] by /roslaunch
[rosmaster.master][INFO] 2026-05-06 19:13:02,148: +SERVICE [/rosout/get_loggers] /rosout http://y:34683/
[rosmaster.master][INFO] 2026-05-06 19:13:02,148: +PARAM [/onlane_ai_agent_8/aggressiveness_level] by /roslaunch
[rosmaster.master][INFO] 2026-05-06 19:13:02,148: +PARAM [/onlane_ai_agent_9/ego_id] by /roslaunch
[rosmaster.master][INFO] 2026-05-06 19:13:02,148: +SERVICE [/rosout/set_logger_level] /rosout http://y:34683/
[rosmaster.master][INFO] 2026-05-06 19:13:02,148: +PARAM [/onlane_ai_agent_9/agent_config_path] by /roslaunch
[rosmaster.master][INFO] 2026-05-06 19:13:02,149: +PARAM [/onlane_ai_agent_9/desired_vel] by /roslaunch
[rosmaster.master][INFO] 2026-05-06 19:13:02,149: +PARAM [/onlane_ai_agent_9/autonomous_level] by /roslaunch
[rosmaster.master][INFO] 2026-05-06 19:13:02,149: +PUB [/rosout_agg] /rosout http://y:34683/
[rosmaster.master][INFO] 2026-05-06 19:13:02,149: +PARAM [/onlane_ai_agent_9/aggressiveness_level] by /roslaunch
[rosmaster.master][INFO] 2026-05-06 19:13:02,149: +PARAM [/onlane_ai_agent_10/ego_id] by /roslaunch
[rosmaster.master][INFO] 2026-05-06 19:13:02,149: +PARAM [/onlane_ai_agent_10/agent_config_path] by /roslaunch
[rosmaster.master][INFO] 2026-05-06 19:13:02,149: +PARAM [/onlane_ai_agent_10/desired_vel] by /roslaunch
[rosmaster.master][INFO] 2026-05-06 19:13:02,150: +PARAM [/onlane_ai_agent_10/autonomous_level] by /roslaunch
[rosmaster.master][INFO] 2026-05-06 19:13:02,150: +PARAM [/onlane_ai_agent_10/aggressiveness_level] by /roslaunch
[rosmaster.master][INFO] 2026-05-06 19:13:02,150: +SUB [/rosout] /rosout http://y:34683/
[rosmaster.master][INFO] 2026-05-06 19:13:02,150: +PARAM [/phy_simulator_planning_node/vehicle_info_path] by /roslaunch
[rosmaster.master][INFO] 2026-05-06 19:13:02,150: +PARAM [/phy_simulator_planning_node/map_path] by /roslaunch
[rosmaster.master][INFO] 2026-05-06 19:13:02,150: +PARAM [/phy_simulator_planning_node/lane_net_path] by /roslaunch
[rosmaster.master][INFO] 2026-05-06 19:13:02,177: +PUB [/rosout] /onlane_ai_agent_1 http://y:41339/
[rosmaster.master][INFO] 2026-05-06 19:13:02,177: +PUB [/rosout] /test_ssc_with_mpdm_0 http://y:40443/
[rosmaster.master][INFO] 2026-05-06 19:13:02,178: +SERVICE [/test_ssc_with_mpdm_0/get_loggers] /test_ssc_with_mpdm_0 http://y:40443/
[rosmaster.master][INFO] 2026-05-06 19:13:02,178: +SERVICE [/test_ssc_with_mpdm_0/set_logger_level] /test_ssc_with_mpdm_0 http://y:40443/
[rosmaster.master][INFO] 2026-05-06 19:13:02,179: +SERVICE [/onlane_ai_agent_1/get_loggers] /onlane_ai_agent_1 http://y:41339/
[rosmaster.master][INFO] 2026-05-06 19:13:02,184: +SERVICE [/onlane_ai_agent_1/set_logger_level] /onlane_ai_agent_1 http://y:41339/
[rosmaster.master][INFO] 2026-05-06 19:13:02,184: +PUB [/rosout] /onlane_ai_agent_2 http://y:39959/
[rosmaster.master][INFO] 2026-05-06 19:13:02,186: +SERVICE [/onlane_ai_agent_2/get_loggers] /onlane_ai_agent_2 http://y:39959/
[rosmaster.master][INFO] 2026-05-06 19:13:02,190: +PUB [/tf] /test_ssc_with_mpdm_0 http://y:40443/
[rosmaster.master][INFO] 2026-05-06 19:13:02,191: +PUB [/rosout] /onlane_ai_agent_3 http://y:41657/
[rosmaster.master][INFO] 2026-05-06 19:13:02,192: +PUB [/rosout] /onlane_ai_agent_4 http://y:33581/
[rosmaster.master][INFO] 2026-05-06 19:13:02,193: +SERVICE [/onlane_ai_agent_2/set_logger_level] /onlane_ai_agent_2 http://y:39959/
[rosmaster.master][INFO] 2026-05-06 19:13:02,202: +SERVICE [/onlane_ai_agent_4/get_loggers] /onlane_ai_agent_4 http://y:33581/
[rosmaster.master][INFO] 2026-05-06 19:13:02,204: +PUB [/vis/agent_0/ego_vehicle_vis] /test_ssc_with_mpdm_0 http://y:40443/
[rosmaster.master][INFO] 2026-05-06 19:13:02,206: +PUB [/rosout] /onlane_ai_agent_8 http://y:45889/
[rosmaster.master][INFO] 2026-05-06 19:13:02,206: +PUB [/rosout] /onlane_ai_agent_6 http://y:45457/
[rosmaster.master][INFO] 2026-05-06 19:13:02,207: +PUB [/rosout] /onlane_ai_agent_7 http://y:38755/
[rosmaster.master][INFO] 2026-05-06 19:13:02,207: +SERVICE [/onlane_ai_agent_8/get_loggers] /onlane_ai_agent_8 http://y:45889/
[rosmaster.master][INFO] 2026-05-06 19:13:02,207: +SERVICE [/onlane_ai_agent_8/set_logger_level] /onlane_ai_agent_8 http://y:45889/
[rosmaster.master][INFO] 2026-05-06 19:13:02,209: publisherUpdate[/rosout] -> http://y:34683/ ['http://y:41339/']
[rosmaster.master][INFO] 2026-05-06 19:13:02,210: +PUB [/ctrl/agent_8] /onlane_ai_agent_8 http://y:45889/
[rosmaster.master][INFO] 2026-05-06 19:13:02,220: +PUB [/rosout] /onlane_ai_agent_9 http://y:34597/
[rosmaster.master][INFO] 2026-05-06 19:13:02,221: publisherUpdate[/rosout] -> http://y:34683/ ['http://y:41339/']: sec=0.01, result=[1, '', 0]
[rosmaster.master][INFO] 2026-05-06 19:13:02,223: publisherUpdate[/rosout] -> http://y:34683/ ['http://y:41339/', 'http://y:40443/']
[rosmaster.master][INFO] 2026-05-06 19:13:02,223: +SERVICE [/onlane_ai_agent_7/get_loggers] /onlane_ai_agent_7 http://y:38755/
[rosmaster.master][INFO] 2026-05-06 19:13:02,223: +PUB [/rosout] /onlane_ai_agent_5 http://y:37929/
[rosmaster.master][INFO] 2026-05-06 19:13:02,223: publisherUpdate[/rosout] -> http://y:34683/ ['http://y:41339/', 'http://y:40443/']: sec=0.00, result=[1, '', 0]
[rosmaster.master][INFO] 2026-05-06 19:13:02,223: publisherUpdate[/rosout] -> http://y:34683/ ['http://y:41339/', 'http://y:40443/', 'http://y:39959/']
[rosmaster.master][INFO] 2026-05-06 19:13:02,225: publisherUpdate[/rosout] -> http://y:34683/ ['http://y:41339/', 'http://y:40443/', 'http://y:39959/']: sec=0.00, result=[1, '', 0]
[rosmaster.master][INFO] 2026-05-06 19:13:02,225: publisherUpdate[/rosout] -> http://y:34683/ ['http://y:41339/', 'http://y:40443/', 'http://y:39959/', 'http://y:41657/']
[rosmaster.master][INFO] 2026-05-06 19:13:02,233: publisherUpdate[/rosout] -> http://y:34683/ ['http://y:41339/', 'http://y:40443/', 'http://y:39959/', 'http://y:41657/']: sec=0.01, result=[1, '', 0]
[rosmaster.master][INFO] 2026-05-06 19:13:02,233: publisherUpdate[/rosout] -> http://y:34683/ ['http://y:41339/', 'http://y:40443/', 'http://y:39959/', 'http://y:41657/', 'http://y:33581/']
[rosmaster.master][INFO] 2026-05-06 19:13:02,235: publisherUpdate[/rosout] -> http://y:34683/ ['http://y:41339/', 'http://y:40443/', 'http://y:39959/', 'http://y:41657/', 'http://y:33581/']: sec=0.00, result=[1, '', 0]
[rosmaster.master][INFO] 2026-05-06 19:13:02,235: publisherUpdate[/rosout] -> http://y:34683/ ['http://y:41339/', 'http://y:40443/', 'http://y:39959/', 'http://y:41657/', 'http://y:33581/', 'http://y:45889/']
[rosmaster.master][INFO] 2026-05-06 19:13:02,236: publisherUpdate[/rosout] -> http://y:34683/ ['http://y:41339/', 'http://y:40443/', 'http://y:39959/', 'http://y:41657/', 'http://y:33581/', 'http://y:45889/']: sec=0.00, result=[1, '', 0]
[rosmaster.master][INFO] 2026-05-06 19:13:02,236: publisherUpdate[/rosout] -> http://y:34683/ ['http://y:41339/', 'http://y:40443/', 'http://y:39959/', 'http://y:41657/', 'http://y:33581/', 'http://y:45889/', 'http://y:45457/']
[rosmaster.master][INFO] 2026-05-06 19:13:02,237: publisherUpdate[/rosout] -> http://y:34683/ ['http://y:41339/', 'http://y:40443/', 'http://y:39959/', 'http://y:41657/', 'http://y:33581/', 'http://y:45889/', 'http://y:45457/']: sec=0.00, result=[1, '', 0]
[rosmaster.master][INFO] 2026-05-06 19:13:02,237: publisherUpdate[/rosout] -> http://y:34683/ ['http://y:41339/', 'http://y:40443/', 'http://y:39959/', 'http://y:41657/', 'http://y:33581/', 'http://y:45889/', 'http://y:45457/', 'http://y:38755/']
[rosmaster.master][INFO] 2026-05-06 19:13:02,239: publisherUpdate[/rosout] -> http://y:34683/ ['http://y:41339/', 'http://y:40443/', 'http://y:39959/', 'http://y:41657/', 'http://y:33581/', 'http://y:45889/', 'http://y:45457/', 'http://y:38755/']: sec=0.00, result=[1, '', 0]
[rosmaster.master][INFO] 2026-05-06 19:13:02,239: publisherUpdate[/rosout] -> http://y:34683/ ['http://y:41339/', 'http://y:40443/', 'http://y:39959/', 'http://y:41657/', 'http://y:33581/', 'http://y:45889/', 'http://y:45457/', 'http://y:38755/', 'http://y:34597/']
[rosmaster.master][INFO] 2026-05-06 19:13:02,241: publisherUpdate[/rosout] -> http://y:34683/ ['http://y:41339/', 'http://y:40443/', 'http://y:39959/', 'http://y:41657/', 'http://y:33581/', 'http://y:45889/', 'http://y:45457/', 'http://y:38755/', 'http://y:34597/']: sec=0.00, result=[1, '', 0]
[rosmaster.master][INFO] 2026-05-06 19:13:02,241: publisherUpdate[/rosout] -> http://y:34683/ ['http://y:41339/', 'http://y:40443/', 'http://y:39959/', 'http://y:41657/', 'http://y:33581/', 'http://y:45889/', 'http://y:45457/', 'http://y:38755/', 'http://y:34597/', 'http://y:37929/']
[rosmaster.master][INFO] 2026-05-06 19:13:02,243: publisherUpdate[/rosout] -> http://y:34683/ ['http://y:41339/', 'http://y:40443/', 'http://y:39959/', 'http://y:41657/', 'http://y:33581/', 'http://y:45889/', 'http://y:45457/', 'http://y:38755/', 'http://y:34597/', 'http://y:37929/']: sec=0.00, result=[1, '', 0]
[rosmaster.master][INFO] 2026-05-06 19:13:02,225: +SERVICE [/onlane_ai_agent_4/set_logger_level] /onlane_ai_agent_4 http://y:33581/
[rosmaster.master][INFO] 2026-05-06 19:13:02,244: +PUB [/rosout] /phy_simulator_planning_node http://y:33267/
[rosmaster.master][INFO] 2026-05-06 19:13:02,245: +SERVICE [/onlane_ai_agent_6/get_loggers] /onlane_ai_agent_6 http://y:45457/
[rosmaster.master][INFO] 2026-05-06 19:13:02,245: +PUB [/rosout] /onlane_ai_agent_10 http://y:35579/
[rosmaster.master][INFO] 2026-05-06 19:13:02,245: +PUB [/ctrl/agent_1] /onlane_ai_agent_1 http://y:41339/
[rosmaster.master][INFO] 2026-05-06 19:13:02,248: +SERVICE [/onlane_ai_agent_7/set_logger_level] /onlane_ai_agent_7 http://y:38755/
[rosmaster.master][INFO] 2026-05-06 19:13:02,251: +SERVICE [/onlane_ai_agent_9/get_loggers] /onlane_ai_agent_9 http://y:34597/
[rosmaster.master][INFO] 2026-05-06 19:13:02,252: +SERVICE [/onlane_ai_agent_3/get_loggers] /onlane_ai_agent_3 http://y:41657/
[rosmaster.master][INFO] 2026-05-06 19:13:02,252: +PUB [/tf] /onlane_ai_agent_8 http://y:45889/
[rosmaster.master][INFO] 2026-05-06 19:13:02,252: +PUB [/vis/agent_0/obstacle_map] /test_ssc_with_mpdm_0 http://y:40443/
[rosmaster.master][INFO] 2026-05-06 19:13:02,252: +SERVICE [/onlane_ai_agent_5/get_loggers] /onlane_ai_agent_5 http://y:37929/
[rosmaster.master][INFO] 2026-05-06 19:13:02,252: +SERVICE [/onlane_ai_agent_10/get_loggers] /onlane_ai_agent_10 http://y:35579/
[rosmaster.master][INFO] 2026-05-06 19:13:02,254: +PUB [/tf] /onlane_ai_agent_1 http://y:41339/
[rosmaster.master][INFO] 2026-05-06 19:13:02,254: +SERVICE [/onlane_ai_agent_6/set_logger_level] /onlane_ai_agent_6 http://y:45457/
[rosmaster.master][INFO] 2026-05-06 19:13:02,255: +SERVICE [/phy_simulator_planning_node/get_loggers] /phy_simulator_planning_node http://y:33267/
[rosmaster.master][INFO] 2026-05-06 19:13:02,255: +SERVICE [/onlane_ai_agent_5/set_logger_level] /onlane_ai_agent_5 http://y:37929/
[rosmaster.master][INFO] 2026-05-06 19:13:02,255: +PUB [/vis/agent_8/ego_vehicle_vis] /onlane_ai_agent_8 http://y:45889/
[rosmaster.master][INFO] 2026-05-06 19:13:02,259: +PUB [/vis/agent_0/surrounding_lane_net_vis] /test_ssc_with_mpdm_0 http://y:40443/
[rosmaster.master][INFO] 2026-05-06 19:13:02,259: +SERVICE [/onlane_ai_agent_3/set_logger_level] /onlane_ai_agent_3 http://y:41657/
[rosmaster.master][INFO] 2026-05-06 19:13:02,259: +PUB [/ctrl/agent_4] /onlane_ai_agent_4 http://y:33581/
[rosmaster.master][INFO] 2026-05-06 19:13:02,259: +SERVICE [/phy_simulator_planning_node/set_logger_level] /phy_simulator_planning_node http://y:33267/
[rosmaster.master][INFO] 2026-05-06 19:13:02,260: +SERVICE [/onlane_ai_agent_10/set_logger_level] /onlane_ai_agent_10 http://y:35579/
[rosmaster.master][INFO] 2026-05-06 19:13:02,260: +PUB [/vis/agent_1/ego_vehicle_vis] /onlane_ai_agent_1 http://y:41339/
[rosmaster.master][INFO] 2026-05-06 19:13:02,261: +PUB [/ctrl/agent_6] /onlane_ai_agent_6 http://y:45457/
[rosmaster.master][INFO] 2026-05-06 19:13:02,265: +PUB [/vis/agent_0/local_lanes_vis] /test_ssc_with_mpdm_0 http://y:40443/
[rosmaster.master][INFO] 2026-05-06 19:13:02,265: +PUB [/vis/agent_8/obstacle_map] /onlane_ai_agent_8 http://y:45889/
[rosmaster.master][INFO] 2026-05-06 19:13:02,266: +PUB [/ctrl/agent_2] /onlane_ai_agent_2 http://y:39959/
[rosmaster.master][INFO] 2026-05-06 19:13:02,266: +PUB [/vis/agent_8/surrounding_lane_net_vis] /onlane_ai_agent_8 http://y:45889/
[rosmaster.master][INFO] 2026-05-06 19:13:02,267: +PUB [/vis/agent_0/ego_behavior_vis] /test_ssc_with_mpdm_0 http://y:40443/
[rosmaster.master][INFO] 2026-05-06 19:13:02,267: +PUB [/vis/agent_1/obstacle_map] /onlane_ai_agent_1 http://y:41339/
[rosmaster.master][INFO] 2026-05-06 19:13:02,267: +PUB [/vis/agent_0/pred_traj_openloop_vis] /test_ssc_with_mpdm_0 http://y:40443/
[rosmaster.master][INFO] 2026-05-06 19:13:02,267: +PUB [/vis/agent_8/local_lanes_vis] /onlane_ai_agent_8 http://y:45889/
[rosmaster.master][INFO] 2026-05-06 19:13:02,269: +PUB [/vis/agent_1/surrounding_lane_net_vis] /onlane_ai_agent_1 http://y:41339/
[rosmaster.master][INFO] 2026-05-06 19:13:02,269: +PUB [/vis/agent_1/local_lanes_vis] /onlane_ai_agent_1 http://y:41339/
[rosmaster.master][INFO] 2026-05-06 19:13:02,274: +SERVICE [/onlane_ai_agent_9/set_logger_level] /onlane_ai_agent_9 http://y:34597/
[rosmaster.master][INFO] 2026-05-06 19:13:02,275: +PUB [/vis/agent_0/pred_initial_intention_vis] /test_ssc_with_mpdm_0 http://y:40443/
[rosmaster.master][INFO] 2026-05-06 19:13:02,275: +PUB [/ctrl/agent_3] /onlane_ai_agent_3 http://y:41657/
[rosmaster.master][INFO] 2026-05-06 19:13:02,275: +PUB [/vis/agent_8/ego_behavior_vis] /onlane_ai_agent_8 http://y:45889/
[rosmaster.master][INFO] 2026-05-06 19:13:02,277: +PUB [/vis/agent_0/surrounding_vehicle_vis] /test_ssc_with_mpdm_0 http://y:40443/
[rosmaster.master][INFO] 2026-05-06 19:13:02,277: +PUB [/vis/agent_8/pred_traj_openloop_vis] /onlane_ai_agent_8 http://y:45889/
[rosmaster.master][INFO] 2026-05-06 19:13:02,278: +PUB [/vis/agent_0/speed_limit] /test_ssc_with_mpdm_0 http://y:40443/
[rosmaster.master][INFO] 2026-05-06 19:13:02,278: +PUB [/vis/agent_8/pred_initial_intention_vis] /onlane_ai_agent_8 http://y:45889/
[rosmaster.master][INFO] 2026-05-06 19:13:02,280: +PUB [/vis/agent_0/ssc/map_vis] /test_ssc_with_mpdm_0 http://y:40443/
[rosmaster.master][INFO] 2026-05-06 19:13:02,280: +PUB [/vis/agent_8/surrounding_vehicle_vis] /onlane_ai_agent_8 http://y:45889/
[rosmaster.master][INFO] 2026-05-06 19:13:02,280: +PUB [/vis/agent_8/speed_limit] /onlane_ai_agent_8 http://y:45889/
[rosmaster.master][INFO] 2026-05-06 19:13:02,281: +PUB [/vis/agent_0/ssc/qp_vis] /test_ssc_with_mpdm_0 http://y:40443/
[rosmaster.master][INFO] 2026-05-06 19:13:02,282: +PUB [/vis/agent_0/ssc/ego_fs_vis] /test_ssc_with_mpdm_0 http://y:40443/
[rosmaster.master][INFO] 2026-05-06 19:13:02,283: +PUB [/vis/agent_0/ssc/forward_trajs_vis] /test_ssc_with_mpdm_0 http://y:40443/
[rosmaster.master][INFO] 2026-05-06 19:13:02,283: +PUB [/vis/agent_1/ego_behavior_vis] /onlane_ai_agent_1 http://y:41339/
[rosmaster.master][INFO] 2026-05-06 19:13:02,284: +PUB [/vis/agent_0/ssc/sur_vehicle_trajs_vis] /test_ssc_with_mpdm_0 http://y:40443/
[rosmaster.master][INFO] 2026-05-06 19:13:02,284: +PUB [/ctrl/agent_7] /onlane_ai_agent_7 http://y:38755/
[rosmaster.master][INFO] 2026-05-06 19:13:02,285: +PUB [/ctrl/agent_5] /onlane_ai_agent_5 http://y:37929/
[rosmaster.master][INFO] 2026-05-06 19:13:02,285: +PUB [/vis/agent_0/ssc/corridor_vis] /test_ssc_with_mpdm_0 http://y:40443/
[rosmaster.master][INFO] 2026-05-06 19:13:02,285: +SUB [/arena_info_static] /onlane_ai_agent_8 http://y:45889/
[rosmaster.master][INFO] 2026-05-06 19:13:02,287: +SUB [/arena_info_dynamic] /onlane_ai_agent_8 http://y:45889/
[rosmaster.master][INFO] 2026-05-06 19:13:02,289: +SUB [/joy] /onlane_ai_agent_8 http://y:45889/
[rosmaster.master][INFO] 2026-05-06 19:13:02,290: +PUB [/ctrl/agent_9] /onlane_ai_agent_9 http://y:34597/
[rosmaster.master][INFO] 2026-05-06 19:13:02,290: +PUB [/vis/agent_8/forward_trajs] /onlane_ai_agent_8 http://y:45889/
[rosmaster.master][INFO] 2026-05-06 19:13:02,291: +PUB [/ctrl/agent_0] /test_ssc_with_mpdm_0 http://y:40443/
[rosmaster.master][INFO] 2026-05-06 19:13:02,292: +PUB [/vis/agent_1/pred_traj_openloop_vis] /onlane_ai_agent_1 http://y:41339/
[rosmaster.master][INFO] 2026-05-06 19:13:02,292: +PUB [/test_ssc_with_mpdm_0/ssc_map] /test_ssc_with_mpdm_0 http://y:40443/
[rosmaster.master][INFO] 2026-05-06 19:13:02,292: +PUB [/vis/agent_1/pred_initial_intention_vis] /onlane_ai_agent_1 http://y:41339/
[rosmaster.master][INFO] 2026-05-06 19:13:02,293: +PUB [/vis/agent_1/surrounding_vehicle_vis] /onlane_ai_agent_1 http://y:41339/
[rosmaster.master][INFO] 2026-05-06 19:13:02,293: +PUB [/vis/agent_1/speed_limit] /onlane_ai_agent_1 http://y:41339/
[rosmaster.master][INFO] 2026-05-06 19:13:02,293: +PUB [/vis/agent_0/ssc/exec_traj] /test_ssc_with_mpdm_0 http://y:40443/
[rosmaster.master][INFO] 2026-05-06 19:13:02,295: +SUB [/arena_info_static] /onlane_ai_agent_1 http://y:41339/
[rosmaster.master][INFO] 2026-05-06 19:13:02,297: +SUB [/arena_info_dynamic] /onlane_ai_agent_1 http://y:41339/
[rosmaster.master][INFO] 2026-05-06 19:13:02,298: +SUB [/joy] /test_ssc_with_mpdm_0 http://y:40443/
[rosmaster.master][INFO] 2026-05-06 19:13:02,299: +PUB [/vis/agent_0/forward_trajs] /test_ssc_with_mpdm_0 http://y:40443/
[rosmaster.master][INFO] 2026-05-06 19:13:02,305: +SUB [/arena_info_static] /test_ssc_with_mpdm_0 http://y:40443/
[rosmaster.master][INFO] 2026-05-06 19:13:02,307: +SUB [/arena_info_dynamic] /test_ssc_with_mpdm_0 http://y:40443/
[rosmaster.master][INFO] 2026-05-06 19:13:02,313: +PUB [/tf] /onlane_ai_agent_4 http://y:33581/
[rosmaster.master][INFO] 2026-05-06 19:13:02,314: +PUB [/vis/agent_4/ego_vehicle_vis] /onlane_ai_agent_4 http://y:33581/
[rosmaster.master][INFO] 2026-05-06 19:13:02,314: +PUB [/tf] /onlane_ai_agent_3 http://y:41657/
[rosmaster.master][INFO] 2026-05-06 19:13:02,315: publisherUpdate[/rosout] -> http://y:34683/ ['http://y:41339/', 'http://y:40443/', 'http://y:39959/', 'http://y:41657/', 'http://y:33581/', 'http://y:45889/', 'http://y:45457/', 'http://y:38755/', 'http://y:34597/', 'http://y:37929/', 'http://y:33267/']
[rosmaster.master][INFO] 2026-05-06 19:13:02,315: +SUB [/joy] /onlane_ai_agent_1 http://y:41339/
[rosmaster.master][INFO] 2026-05-06 19:13:02,317: +PUB [/vis/agent_4/obstacle_map] /onlane_ai_agent_4 http://y:33581/
[rosmaster.master][INFO] 2026-05-06 19:13:02,317: publisherUpdate[/rosout] -> http://y:34683/ ['http://y:41339/', 'http://y:40443/', 'http://y:39959/', 'http://y:41657/', 'http://y:33581/', 'http://y:45889/', 'http://y:45457/', 'http://y:38755/', 'http://y:34597/', 'http://y:37929/', 'http://y:33267/']: sec=0.00, result=[1, '', 0]
[rosmaster.master][INFO] 2026-05-06 19:13:02,317: publisherUpdate[/rosout] -> http://y:34683/ ['http://y:41339/', 'http://y:40443/', 'http://y:39959/', 'http://y:41657/', 'http://y:33581/', 'http://y:45889/', 'http://y:45457/', 'http://y:38755/', 'http://y:34597/', 'http://y:37929/', 'http://y:33267/', 'http://y:35579/']
[rosmaster.master][INFO] 2026-05-06 19:13:02,317: +PUB [/tf] /onlane_ai_agent_2 http://y:39959/
[rosmaster.master][INFO] 2026-05-06 19:13:02,321: publisherUpdate[/rosout] -> http://y:34683/ ['http://y:41339/', 'http://y:40443/', 'http://y:39959/', 'http://y:41657/', 'http://y:33581/', 'http://y:45889/', 'http://y:45457/', 'http://y:38755/', 'http://y:34597/', 'http://y:37929/', 'http://y:33267/', 'http://y:35579/']: sec=0.00, result=[1, '', 0]
[rosmaster.master][INFO] 2026-05-06 19:13:02,323: +PUB [/vis/agent_3/ego_vehicle_vis] /onlane_ai_agent_3 http://y:41657/
[rosmaster.master][INFO] 2026-05-06 19:13:02,323: +PUB [/tf] /onlane_ai_agent_6 http://y:45457/
[rosmaster.master][INFO] 2026-05-06 19:13:02,323: +PUB [/vis/agent_1/forward_trajs] /onlane_ai_agent_1 http://y:41339/
[rosmaster.master][INFO] 2026-05-06 19:13:02,323: +PUB [/vis/agent_4/surrounding_lane_net_vis] /onlane_ai_agent_4 http://y:33581/
[rosmaster.master][INFO] 2026-05-06 19:13:02,324: +PUB [/tf] /onlane_ai_agent_9 http://y:34597/
[rosmaster.master][INFO] 2026-05-06 19:13:02,324: +PUB [/ctrl/agent_10] /onlane_ai_agent_10 http://y:35579/
[rosmaster.master][INFO] 2026-05-06 19:13:02,324: +PUB [/vis/agent_2/ego_vehicle_vis] /onlane_ai_agent_2 http://y:39959/
[rosmaster.master][INFO] 2026-05-06 19:13:02,325: +PUB [/tf] /onlane_ai_agent_5 http://y:37929/
[rosmaster.master][INFO] 2026-05-06 19:13:02,325: +PUB [/vis/agent_6/ego_vehicle_vis] /onlane_ai_agent_6 http://y:45457/
[rosmaster.master][INFO] 2026-05-06 19:13:02,325: +PUB [/vis/agent_3/obstacle_map] /onlane_ai_agent_3 http://y:41657/
[rosmaster.master][INFO] 2026-05-06 19:13:02,326: +PUB [/arena_info_static] /phy_simulator_planning_node http://y:33267/
[rosmaster.master][INFO] 2026-05-06 19:13:02,326: +PUB [/arena_info_dynamic] /phy_simulator_planning_node http://y:33267/
[rosmaster.master][INFO] 2026-05-06 19:13:02,327: +PUB [/tf] /onlane_ai_agent_7 http://y:38755/
[rosmaster.master][INFO] 2026-05-06 19:13:02,327: +PUB [/vis/agent_5/ego_vehicle_vis] /onlane_ai_agent_5 http://y:37929/
[rosmaster.master][INFO] 2026-05-06 19:13:02,327: +PUB [/vis/agent_6/obstacle_map] /onlane_ai_agent_6 http://y:45457/
[rosmaster.master][INFO] 2026-05-06 19:13:02,328: +PUB [/vis/agent_2/obstacle_map] /onlane_ai_agent_2 http://y:39959/
[rosmaster.master][INFO] 2026-05-06 19:13:02,328: +PUB [/vis/agent_3/surrounding_lane_net_vis] /onlane_ai_agent_3 http://y:41657/
[rosmaster.master][INFO] 2026-05-06 19:13:02,329: +PUB [/vis/agent_9/ego_vehicle_vis] /onlane_ai_agent_9 http://y:34597/
[rosmaster.master][INFO] 2026-05-06 19:13:02,329: +PUB [/vis/agent_4/local_lanes_vis] /onlane_ai_agent_4 http://y:33581/
[rosmaster.master][INFO] 2026-05-06 19:13:02,329: +PUB [/vis/agent_7/ego_vehicle_vis] /onlane_ai_agent_7 http://y:38755/
[rosmaster.master][INFO] 2026-05-06 19:13:02,329: +PUB [/phy_simulator_planning_node/vis/vehicle_set_vis] /phy_simulator_planning_node http://y:33267/
[rosmaster.master][INFO] 2026-05-06 19:13:02,329: +PUB [/vis/agent_5/obstacle_map] /onlane_ai_agent_5 http://y:37929/
[rosmaster.master][INFO] 2026-05-06 19:13:02,330: +PUB [/vis/agent_6/surrounding_lane_net_vis] /onlane_ai_agent_6 http://y:45457/
[rosmaster.master][INFO] 2026-05-06 19:13:02,330: +PUB [/vis/agent_2/surrounding_lane_net_vis] /onlane_ai_agent_2 http://y:39959/
[rosmaster.master][INFO] 2026-05-06 19:13:02,330: +PUB [/tf] /onlane_ai_agent_10 http://y:35579/
[rosmaster.master][INFO] 2026-05-06 19:13:02,330: +PUB [/vis/agent_3/local_lanes_vis] /onlane_ai_agent_3 http://y:41657/
[rosmaster.master][INFO] 2026-05-06 19:13:02,330: +PUB [/vis/agent_4/ego_behavior_vis] /onlane_ai_agent_4 http://y:33581/
[rosmaster.master][INFO] 2026-05-06 19:13:02,331: +PUB [/vis/agent_9/obstacle_map] /onlane_ai_agent_9 http://y:34597/
[rosmaster.master][INFO] 2026-05-06 19:13:02,331: +PUB [/vis/agent_7/obstacle_map] /onlane_ai_agent_7 http://y:38755/
[rosmaster.master][INFO] 2026-05-06 19:13:02,331: +PUB [/vis/agent_7/surrounding_lane_net_vis] /onlane_ai_agent_7 http://y:38755/
[rosmaster.master][INFO] 2026-05-06 19:13:02,331: +PUB [/vis/agent_5/surrounding_lane_net_vis] /onlane_ai_agent_5 http://y:37929/
[rosmaster.master][INFO] 2026-05-06 19:13:02,331: +PUB [/vis/agent_6/local_lanes_vis] /onlane_ai_agent_6 http://y:45457/
[rosmaster.master][INFO] 2026-05-06 19:13:02,331: +PUB [/vis/agent_2/local_lanes_vis] /onlane_ai_agent_2 http://y:39959/
[rosmaster.master][INFO] 2026-05-06 19:13:02,332: +PUB [/vis/agent_3/ego_behavior_vis] /onlane_ai_agent_3 http://y:41657/
[rosmaster.master][INFO] 2026-05-06 19:13:02,332: +PUB [/vis/agent_10/ego_vehicle_vis] /onlane_ai_agent_10 http://y:35579/
[rosmaster.master][INFO] 2026-05-06 19:13:02,332: +PUB [/vis/agent_4/pred_traj_openloop_vis] /onlane_ai_agent_4 http://y:33581/
[rosmaster.master][INFO] 2026-05-06 19:13:02,333: +PUB [/vis/agent_9/surrounding_lane_net_vis] /onlane_ai_agent_9 http://y:34597/
[rosmaster.master][INFO] 2026-05-06 19:13:02,333: +PUB [/phy_simulator_planning_node/vis/lane_net_vis] /phy_simulator_planning_node http://y:33267/
[rosmaster.master][INFO] 2026-05-06 19:13:02,333: +PUB [/vis/agent_7/local_lanes_vis] /onlane_ai_agent_7 http://y:38755/
[rosmaster.master][INFO] 2026-05-06 19:13:02,333: +PUB [/vis/agent_6/ego_behavior_vis] /onlane_ai_agent_6 http://y:45457/
[rosmaster.master][INFO] 2026-05-06 19:13:02,333: +PUB [/vis/agent_5/local_lanes_vis] /onlane_ai_agent_5 http://y:37929/
[rosmaster.master][INFO] 2026-05-06 19:13:02,334: +PUB [/vis/agent_2/ego_behavior_vis] /onlane_ai_agent_2 http://y:39959/
[rosmaster.master][INFO] 2026-05-06 19:13:02,334: +PUB [/vis/agent_3/pred_traj_openloop_vis] /onlane_ai_agent_3 http://y:41657/
[rosmaster.master][INFO] 2026-05-06 19:13:02,334: +PUB [/vis/agent_10/obstacle_map] /onlane_ai_agent_10 http://y:35579/
[rosmaster.master][INFO] 2026-05-06 19:13:02,334: +PUB [/vis/agent_4/pred_initial_intention_vis] /onlane_ai_agent_4 http://y:33581/
[rosmaster.master][INFO] 2026-05-06 19:13:02,334: +PUB [/vis/agent_9/local_lanes_vis] /onlane_ai_agent_9 http://y:34597/
[rosmaster.master][INFO] 2026-05-06 19:13:02,335: +PUB [/phy_simulator_planning_node/vis/obstacle_set_vis] /phy_simulator_planning_node http://y:33267/
[rosmaster.master][INFO] 2026-05-06 19:13:02,335: +PUB [/vis/agent_7/ego_behavior_vis] /onlane_ai_agent_7 http://y:38755/
[rosmaster.master][INFO] 2026-05-06 19:13:02,335: +PUB [/vis/agent_6/pred_traj_openloop_vis] /onlane_ai_agent_6 http://y:45457/
[rosmaster.master][INFO] 2026-05-06 19:13:02,336: +PUB [/vis/agent_5/ego_behavior_vis] /onlane_ai_agent_5 http://y:37929/
[rosmaster.master][INFO] 2026-05-06 19:13:02,336: +PUB [/vis/agent_2/pred_traj_openloop_vis] /onlane_ai_agent_2 http://y:39959/
[rosmaster.master][INFO] 2026-05-06 19:13:02,336: +PUB [/vis/agent_3/pred_initial_intention_vis] /onlane_ai_agent_3 http://y:41657/
[rosmaster.master][INFO] 2026-05-06 19:13:02,336: +PUB [/vis/agent_10/surrounding_lane_net_vis] /onlane_ai_agent_10 http://y:35579/
[rosmaster.master][INFO] 2026-05-06 19:13:02,336: +PUB [/vis/agent_4/surrounding_vehicle_vis] /onlane_ai_agent_4 http://y:33581/
[rosmaster.master][INFO] 2026-05-06 19:13:02,337: +PUB [/vis/agent_9/ego_behavior_vis] /onlane_ai_agent_9 http://y:34597/
[rosmaster.master][INFO] 2026-05-06 19:13:02,337: +PUB [/vis/agent_7/pred_traj_openloop_vis] /onlane_ai_agent_7 http://y:38755/
[rosmaster.master][INFO] 2026-05-06 19:13:02,337: +PUB [/vis/agent_6/pred_initial_intention_vis] /onlane_ai_agent_6 http://y:45457/
[rosmaster.master][INFO] 2026-05-06 19:13:02,337: +SUB [/ctrl/agent_10] /phy_simulator_planning_node http://y:33267/
[rosmaster.master][INFO] 2026-05-06 19:13:02,337: +PUB [/vis/agent_5/pred_traj_openloop_vis] /onlane_ai_agent_5 http://y:37929/
[rosmaster.master][INFO] 2026-05-06 19:13:02,338: +PUB [/vis/agent_2/pred_initial_intention_vis] /onlane_ai_agent_2 http://y:39959/
[rosmaster.master][INFO] 2026-05-06 19:13:02,338: +PUB [/vis/agent_3/surrounding_vehicle_vis] /onlane_ai_agent_3 http://y:41657/
[rosmaster.master][INFO] 2026-05-06 19:13:02,338: +PUB [/vis/agent_10/local_lanes_vis] /onlane_ai_agent_10 http://y:35579/
[rosmaster.master][INFO] 2026-05-06 19:13:02,339: +PUB [/vis/agent_4/speed_limit] /onlane_ai_agent_4 http://y:33581/
[rosmaster.master][INFO] 2026-05-06 19:13:02,339: +PUB [/vis/agent_9/pred_traj_openloop_vis] /onlane_ai_agent_9 http://y:34597/
[rosmaster.master][INFO] 2026-05-06 19:13:02,339: +PUB [/vis/agent_7/pred_initial_intention_vis] /onlane_ai_agent_7 http://y:38755/
[rosmaster.master][INFO] 2026-05-06 19:13:02,340: +PUB [/vis/agent_6/surrounding_vehicle_vis] /onlane_ai_agent_6 http://y:45457/
[rosmaster.master][INFO] 2026-05-06 19:13:02,341: +PUB [/vis/agent_5/pred_initial_intention_vis] /onlane_ai_agent_5 http://y:37929/
[rosmaster.master][INFO] 2026-05-06 19:13:02,341: +PUB [/vis/agent_2/surrounding_vehicle_vis] /onlane_ai_agent_2 http://y:39959/
[rosmaster.master][INFO] 2026-05-06 19:13:02,341: +PUB [/vis/agent_3/speed_limit] /onlane_ai_agent_3 http://y:41657/
[rosmaster.master][INFO] 2026-05-06 19:13:02,341: +PUB [/vis/agent_10/ego_behavior_vis] /onlane_ai_agent_10 http://y:35579/
[rosmaster.master][INFO] 2026-05-06 19:13:02,341: +SUB [/ctrl/agent_9] /phy_simulator_planning_node http://y:33267/
[rosmaster.master][INFO] 2026-05-06 19:13:02,342: +PUB [/vis/agent_9/pred_initial_intention_vis] /onlane_ai_agent_9 http://y:34597/
[rosmaster.master][INFO] 2026-05-06 19:13:02,343: +PUB [/vis/agent_7/surrounding_vehicle_vis] /onlane_ai_agent_7 http://y:38755/
[rosmaster.master][INFO] 2026-05-06 19:13:02,343: +SUB [/arena_info_static] /onlane_ai_agent_4 http://y:33581/
[rosmaster.master][INFO] 2026-05-06 19:13:02,343: publisherUpdate[/arena_info_static] -> http://y:45889/ ['http://y:33267/']
[rosmaster.master][INFO] 2026-05-06 19:13:02,343: +PUB [/vis/agent_6/speed_limit] /onlane_ai_agent_6 http://y:45457/
[rosmaster.master][INFO] 2026-05-06 19:13:02,344: +PUB [/vis/agent_5/surrounding_vehicle_vis] /onlane_ai_agent_5 http://y:37929/
[rosmaster.master][INFO] 2026-05-06 19:13:02,344: +PUB [/vis/agent_2/speed_limit] /onlane_ai_agent_2 http://y:39959/
[rosmaster.master][INFO] 2026-05-06 19:13:02,345: +PUB [/vis/agent_10/pred_traj_openloop_vis] /onlane_ai_agent_10 http://y:35579/
[rosmaster.master][INFO] 2026-05-06 19:13:02,346: publisherUpdate[/arena_info_static] -> http://y:45889/ ['http://y:33267/']: sec=0.00, result=[1, '', 0]
[rosmaster.master][INFO] 2026-05-06 19:13:02,346: +SUB [/arena_info_static] /onlane_ai_agent_3 http://y:41657/
[rosmaster.master][INFO] 2026-05-06 19:13:02,346: publisherUpdate[/arena_info_static] -> http://y:41339/ ['http://y:33267/']
[rosmaster.master][INFO] 2026-05-06 19:13:02,347: +SUB [/ctrl/agent_8] /phy_simulator_planning_node http://y:33267/
[rosmaster.master][INFO] 2026-05-06 19:13:02,348: +PUB [/vis/agent_9/surrounding_vehicle_vis] /onlane_ai_agent_9 http://y:34597/
[rosmaster.master][INFO] 2026-05-06 19:13:02,349: +PUB [/vis/agent_7/speed_limit] /onlane_ai_agent_7 http://y:38755/
[rosmaster.master][INFO] 2026-05-06 19:13:02,349: publisherUpdate[/arena_info_static] -> http://y:41339/ ['http://y:33267/']: sec=0.00, result=[1, '', 0]
[rosmaster.master][INFO] 2026-05-06 19:13:02,349: publisherUpdate[/arena_info_static] -> http://y:40443/ ['http://y:33267/']
[rosmaster.master][INFO] 2026-05-06 19:13:02,350: +PUB [/vis/agent_5/speed_limit] /onlane_ai_agent_5 http://y:37929/
[rosmaster.master][INFO] 2026-05-06 19:13:02,350: +PUB [/vis/agent_10/pred_initial_intention_vis] /onlane_ai_agent_10 http://y:35579/
[rosmaster.master][INFO] 2026-05-06 19:13:02,350: +SUB [/arena_info_dynamic] /onlane_ai_agent_4 http://y:33581/
[rosmaster.master][INFO] 2026-05-06 19:13:02,351: publisherUpdate[/arena_info_static] -> http://y:40443/ ['http://y:33267/']: sec=0.00, result=[1, '', 0]
[rosmaster.master][INFO] 2026-05-06 19:13:02,351: +SUB [/arena_info_static] /onlane_ai_agent_2 http://y:39959/
[rosmaster.master][INFO] 2026-05-06 19:13:02,351: publisherUpdate[/arena_info_dynamic] -> http://y:45889/ ['http://y:33267/']
[rosmaster.master][INFO] 2026-05-06 19:13:02,352: +SUB [/arena_info_static] /onlane_ai_agent_6 http://y:45457/
[rosmaster.master][INFO] 2026-05-06 19:13:02,353: publisherUpdate[/arena_info_dynamic] -> http://y:45889/ ['http://y:33267/']: sec=0.00, result=[1, '', 0]
[rosmaster.master][INFO] 2026-05-06 19:13:02,354: publisherUpdate[/arena_info_dynamic] -> http://y:41339/ ['http://y:33267/']
[rosmaster.master][INFO] 2026-05-06 19:13:02,354: +SUB [/arena_info_dynamic] /onlane_ai_agent_3 http://y:41657/
[rosmaster.master][INFO] 2026-05-06 19:13:02,354: publisherUpdate[/arena_info_dynamic] -> http://y:41339/ ['http://y:33267/']: sec=0.00, result=[1, '', 0]
[rosmaster.master][INFO] 2026-05-06 19:13:02,355: +PUB [/vis/agent_9/speed_limit] /onlane_ai_agent_9 http://y:34597/
[rosmaster.master][INFO] 2026-05-06 19:13:02,355: publisherUpdate[/arena_info_dynamic] -> http://y:40443/ ['http://y:33267/']
[rosmaster.master][INFO] 2026-05-06 19:13:02,356: +SUB [/ctrl/agent_7] /phy_simulator_planning_node http://y:33267/
[rosmaster.master][INFO] 2026-05-06 19:13:02,357: publisherUpdate[/arena_info_dynamic] -> http://y:40443/ ['http://y:33267/']: sec=0.00, result=[1, '', 0]
[rosmaster.master][INFO] 2026-05-06 19:13:02,357: +SUB [/arena_info_static] /onlane_ai_agent_7 http://y:38755/
[rosmaster.master][INFO] 2026-05-06 19:13:02,358: +PUB [/vis/agent_10/surrounding_vehicle_vis] /onlane_ai_agent_10 http://y:35579/
[rosmaster.master][INFO] 2026-05-06 19:13:02,359: +SUB [/arena_info_static] /onlane_ai_agent_5 http://y:37929/
[rosmaster.master][INFO] 2026-05-06 19:13:02,359: +SUB [/arena_info_dynamic] /onlane_ai_agent_2 http://y:39959/
[rosmaster.master][INFO] 2026-05-06 19:13:02,360: +SUB [/joy] /onlane_ai_agent_4 http://y:33581/
[rosmaster.master][INFO] 2026-05-06 19:13:02,360: +SUB [/arena_info_dynamic] /onlane_ai_agent_6 http://y:45457/
[rosmaster.master][INFO] 2026-05-06 19:13:02,360: +SUB [/joy] /onlane_ai_agent_3 http://y:41657/
[rosmaster.master][INFO] 2026-05-06 19:13:02,361: +SUB [/arena_info_static] /onlane_ai_agent_9 http://y:34597/
[rosmaster.master][INFO] 2026-05-06 19:13:02,363: +PUB [/vis/agent_10/speed_limit] /onlane_ai_agent_10 http://y:35579/
[rosmaster.master][INFO] 2026-05-06 19:13:02,363: +SUB [/ctrl/agent_6] /phy_simulator_planning_node http://y:33267/
[rosmaster.master][INFO] 2026-05-06 19:13:02,364: +SUB [/arena_info_dynamic] /onlane_ai_agent_7 http://y:38755/
[rosmaster.master][INFO] 2026-05-06 19:13:02,364: +PUB [/vis/agent_3/forward_trajs] /onlane_ai_agent_3 http://y:41657/
[rosmaster.master][INFO] 2026-05-06 19:13:02,365: +SUB [/joy] /onlane_ai_agent_2 http://y:39959/
[rosmaster.master][INFO] 2026-05-06 19:13:02,366: +PUB [/vis/agent_4/forward_trajs] /onlane_ai_agent_4 http://y:33581/
[rosmaster.master][INFO] 2026-05-06 19:13:02,367: +SUB [/arena_info_dynamic] /onlane_ai_agent_5 http://y:37929/
[rosmaster.master][INFO] 2026-05-06 19:13:02,367: +SUB [/joy] /onlane_ai_agent_6 http://y:45457/
[rosmaster.master][INFO] 2026-05-06 19:13:02,367: +SUB [/arena_info_static] /onlane_ai_agent_10 http://y:35579/
[rosmaster.master][INFO] 2026-05-06 19:13:02,368: +SUB [/arena_info_dynamic] /onlane_ai_agent_9 http://y:34597/
[rosmaster.master][INFO] 2026-05-06 19:13:02,368: +SUB [/ctrl/agent_5] /phy_simulator_planning_node http://y:33267/
[rosmaster.master][INFO] 2026-05-06 19:13:02,369: +SUB [/joy] /onlane_ai_agent_7 http://y:38755/
[rosmaster.master][INFO] 2026-05-06 19:13:02,369: +PUB [/vis/agent_2/forward_trajs] /onlane_ai_agent_2 http://y:39959/
[rosmaster.master][INFO] 2026-05-06 19:13:02,370: +PUB [/vis/agent_6/forward_trajs] /onlane_ai_agent_6 http://y:45457/
[rosmaster.master][INFO] 2026-05-06 19:13:02,371: +SUB [/joy] /onlane_ai_agent_5 http://y:37929/
[rosmaster.master][INFO] 2026-05-06 19:13:02,371: +PUB [/vis/agent_7/forward_trajs] /onlane_ai_agent_7 http://y:38755/
[rosmaster.master][INFO] 2026-05-06 19:13:02,371: +SUB [/arena_info_dynamic] /onlane_ai_agent_10 http://y:35579/
[rosmaster.master][INFO] 2026-05-06 19:13:02,372: +SUB [/ctrl/agent_4] /phy_simulator_planning_node http://y:33267/
[rosmaster.master][INFO] 2026-05-06 19:13:02,372: +SUB [/joy] /onlane_ai_agent_9 http://y:34597/
[rosmaster.master][INFO] 2026-05-06 19:13:02,373: +PUB [/vis/agent_5/forward_trajs] /onlane_ai_agent_5 http://y:37929/
[rosmaster.master][INFO] 2026-05-06 19:13:02,374: +SUB [/joy] /onlane_ai_agent_10 http://y:35579/
[rosmaster.master][INFO] 2026-05-06 19:13:02,374: +SUB [/ctrl/agent_3] /phy_simulator_planning_node http://y:33267/
[rosmaster.master][INFO] 2026-05-06 19:13:02,374: +PUB [/vis/agent_9/forward_trajs] /onlane_ai_agent_9 http://y:34597/
[rosmaster.master][INFO] 2026-05-06 19:13:02,374: +PUB [/vis/agent_10/forward_trajs] /onlane_ai_agent_10 http://y:35579/
[rosmaster.master][INFO] 2026-05-06 19:13:02,375: +SUB [/ctrl/agent_2] /phy_simulator_planning_node http://y:33267/
[rosmaster.master][INFO] 2026-05-06 19:13:02,376: +SUB [/ctrl/agent_1] /phy_simulator_planning_node http://y:33267/
[rosmaster.master][INFO] 2026-05-06 19:13:02,376: +SUB [/ctrl/agent_0] /phy_simulator_planning_node http://y:33267/
[rosmaster.master][INFO] 2026-05-06 19:13:02,377: +SUB [/initialpose] /phy_simulator_planning_node http://y:33267/
[rosmaster.master][INFO] 2026-05-06 19:13:02,377: +SUB [/move_base_simple/goal] /phy_simulator_planning_node http://y:33267/
[rosmaster.master][INFO] 2026-05-06 19:13:09,933: +PUB [/rosout] /epsilon_metric_collector_538097_1778065989806 http://y:35197/
[rosmaster.master][INFO] 2026-05-06 19:13:09,934: +SERVICE [/epsilon_metric_collector_538097_1778065989806/get_loggers] /epsilon_metric_collector_538097_1778065989806 http://y:35197/
[rosmaster.master][INFO] 2026-05-06 19:13:09,935: +SERVICE [/epsilon_metric_collector_538097_1778065989806/set_logger_level] /epsilon_metric_collector_538097_1778065989806 http://y:35197/
[rosmaster.master][INFO] 2026-05-06 19:13:09,936: +SUB [/arena_info_dynamic] /epsilon_metric_collector_538097_1778065989806 http://y:35197/
[rosmaster.master][INFO] 2026-05-06 19:13:09,940: publisherUpdate[/rosout] -> http://y:34683/ ['http://y:41339/', 'http://y:40443/', 'http://y:39959/', 'http://y:41657/', 'http://y:33581/', 'http://y:45889/', 'http://y:45457/', 'http://y:38755/', 'http://y:34597/', 'http://y:37929/', 'http://y:33267/', 'http://y:35579/', 'http://y:35197/']
[rosmaster.master][INFO] 2026-05-06 19:13:09,941: publisherUpdate[/rosout] -> http://y:34683/ ['http://y:41339/', 'http://y:40443/', 'http://y:39959/', 'http://y:41657/', 'http://y:33581/', 'http://y:45889/', 'http://y:45457/', 'http://y:38755/', 'http://y:34597/', 'http://y:37929/', 'http://y:33267/', 'http://y:35579/', 'http://y:35197/']: sec=0.00, result=[1, '', 0]
[rosmaster.master][INFO] 2026-05-06 19:15:09,548: -SUB [/arena_info_dynamic] /epsilon_metric_collector_538097_1778065989806 http://y:35197/
[rosmaster.master][INFO] 2026-05-06 19:15:09,548: -PUB [/rosout] /epsilon_metric_collector_538097_1778065989806 http://y:35197/
[rosmaster.master][INFO] 2026-05-06 19:15:09,548: -SERVICE [/epsilon_metric_collector_538097_1778065989806/get_loggers] /epsilon_metric_collector_538097_1778065989806 rosrpc://y:34643
[rosmaster.master][INFO] 2026-05-06 19:15:09,548: -SERVICE [/epsilon_metric_collector_538097_1778065989806/set_logger_level] /epsilon_metric_collector_538097_1778065989806 rosrpc://y:34643
[rosmaster.master][INFO] 2026-05-06 19:15:09,571: publisherUpdate[/rosout] -> http://y:34683/ ['http://y:41339/', 'http://y:40443/', 'http://y:39959/', 'http://y:41657/', 'http://y:33581/', 'http://y:45889/', 'http://y:45457/', 'http://y:38755/', 'http://y:34597/', 'http://y:37929/', 'http://y:33267/', 'http://y:35579/']
[rosmaster.master][INFO] 2026-05-06 19:15:09,571: publisherUpdate[/rosout] -> http://y:34683/ ['http://y:41339/', 'http://y:40443/', 'http://y:39959/', 'http://y:41657/', 'http://y:33581/', 'http://y:45889/', 'http://y:45457/', 'http://y:38755/', 'http://y:34597/', 'http://y:37929/', 'http://y:33267/', 'http://y:35579/']: sec=0.00, result=[1, '', 0]
[rosmaster.master][INFO] 2026-05-06 19:15:10,620: +PUB [/rosout] /rostopic_538588_1778066110507 http://y:41703/
[rosmaster.master][INFO] 2026-05-06 19:15:10,622: +SERVICE [/rostopic_538588_1778066110507/get_loggers] /rostopic_538588_1778066110507 http://y:41703/
[rosmaster.master][INFO] 2026-05-06 19:15:10,622: +SERVICE [/rostopic_538588_1778066110507/set_logger_level] /rostopic_538588_1778066110507 http://y:41703/
[rosmaster.master][INFO] 2026-05-06 19:15:10,623: publisherUpdate[/rosout] -> http://y:34683/ ['http://y:41339/', 'http://y:40443/', 'http://y:39959/', 'http://y:41657/', 'http://y:33581/', 'http://y:45889/', 'http://y:45457/', 'http://y:38755/', 'http://y:34597/', 'http://y:37929/', 'http://y:33267/', 'http://y:35579/', 'http://y:41703/']
[rosmaster.master][INFO] 2026-05-06 19:15:10,624: publisherUpdate[/rosout] -> http://y:34683/ ['http://y:41339/', 'http://y:40443/', 'http://y:39959/', 'http://y:41657/', 'http://y:33581/', 'http://y:45889/', 'http://y:45457/', 'http://y:38755/', 'http://y:34597/', 'http://y:37929/', 'http://y:33267/', 'http://y:35579/', 'http://y:41703/']: sec=0.00, result=[1, '', 0]
[rosmaster.master][INFO] 2026-05-06 19:15:10,631: +SUB [/arena_info_dynamic] /rostopic_538588_1778066110507 http://y:41703/
[rosmaster.master][INFO] 2026-05-06 19:15:25,180: -SUB [/arena_info_dynamic] /rostopic_538588_1778066110507 http://y:41703/
[rosmaster.master][INFO] 2026-05-06 19:15:25,181: -PUB [/rosout] /rostopic_538588_1778066110507 http://y:41703/
[rosmaster.master][INFO] 2026-05-06 19:15:25,181: -SERVICE [/rostopic_538588_1778066110507/get_loggers] /rostopic_538588_1778066110507 rosrpc://y:35467
[rosmaster.master][INFO] 2026-05-06 19:15:25,181: -SERVICE [/rostopic_538588_1778066110507/set_logger_level] /rostopic_538588_1778066110507 rosrpc://y:35467
[rosmaster.master][INFO] 2026-05-06 19:15:25,197: publisherUpdate[/rosout] -> http://y:34683/ ['http://y:41339/', 'http://y:40443/', 'http://y:39959/', 'http://y:41657/', 'http://y:33581/', 'http://y:45889/', 'http://y:45457/', 'http://y:38755/', 'http://y:34597/', 'http://y:37929/', 'http://y:33267/', 'http://y:35579/']
[rosmaster.master][INFO] 2026-05-06 19:15:25,198: publisherUpdate[/rosout] -> http://y:34683/ ['http://y:41339/', 'http://y:40443/', 'http://y:39959/', 'http://y:41657/', 'http://y:33581/', 'http://y:45889/', 'http://y:45457/', 'http://y:38755/', 'http://y:34597/', 'http://y:37929/', 'http://y:33267/', 'http://y:35579/']: sec=0.00, result=[1, '', 0]
[rosmaster.master][INFO] 2026-05-06 19:15:25,931: -PUB [/rosout] /onlane_ai_agent_9 http://y:34597/
[rosmaster.master][INFO] 2026-05-06 19:15:25,932: -PUB [/ctrl/agent_9] /onlane_ai_agent_9 http://y:34597/
[rosmaster.master][INFO] 2026-05-06 19:15:25,933: -PUB [/rosout] /onlane_ai_agent_6 http://y:45457/
[rosmaster.master][INFO] 2026-05-06 19:15:25,934: -PUB [/tf] /onlane_ai_agent_9 http://y:34597/
[rosmaster.master][INFO] 2026-05-06 19:15:25,934: -PUB [/ctrl/agent_6] /onlane_ai_agent_6 http://y:45457/
[rosmaster.master][INFO] 2026-05-06 19:15:25,935: -PUB [/vis/agent_9/ego_vehicle_vis] /onlane_ai_agent_9 http://y:34597/
[rosmaster.master][INFO] 2026-05-06 19:15:25,936: -PUB [/tf] /onlane_ai_agent_6 http://y:45457/
[rosmaster.master][INFO] 2026-05-06 19:15:25,936: -PUB [/vis/agent_9/obstacle_map] /onlane_ai_agent_9 http://y:34597/
[rosmaster.master][INFO] 2026-05-06 19:15:25,938: -PUB [/vis/agent_6/ego_vehicle_vis] /onlane_ai_agent_6 http://y:45457/
[rosmaster.master][INFO] 2026-05-06 19:15:25,939: -PUB [/rosout] /onlane_ai_agent_3 http://y:41657/
[rosmaster.master][INFO] 2026-05-06 19:15:25,939: -PUB [/vis/agent_9/surrounding_lane_net_vis] /onlane_ai_agent_9 http://y:34597/
[rosmaster.master][INFO] 2026-05-06 19:15:25,940: -PUB [/vis/agent_6/obstacle_map] /onlane_ai_agent_6 http://y:45457/
[rosmaster.master][INFO] 2026-05-06 19:15:25,941: -PUB [/ctrl/agent_3] /onlane_ai_agent_3 http://y:41657/
[rosmaster.master][INFO] 2026-05-06 19:15:25,941: -PUB [/vis/agent_9/local_lanes_vis] /onlane_ai_agent_9 http://y:34597/
[rosmaster.master][INFO] 2026-05-06 19:15:25,942: -PUB [/vis/agent_6/surrounding_lane_net_vis] /onlane_ai_agent_6 http://y:45457/
[rosmaster.master][INFO] 2026-05-06 19:15:25,942: -PUB [/tf] /onlane_ai_agent_3 http://y:41657/
[rosmaster.master][INFO] 2026-05-06 19:15:25,943: -PUB [/vis/agent_9/ego_behavior_vis] /onlane_ai_agent_9 http://y:34597/
[rosmaster.master][INFO] 2026-05-06 19:15:25,943: -PUB [/vis/agent_6/local_lanes_vis] /onlane_ai_agent_6 http://y:45457/
[rosmaster.master][INFO] 2026-05-06 19:15:25,943: -PUB [/vis/agent_3/ego_vehicle_vis] /onlane_ai_agent_3 http://y:41657/
[rosmaster.master][INFO] 2026-05-06 19:15:25,944: -PUB [/vis/agent_9/pred_traj_openloop_vis] /onlane_ai_agent_9 http://y:34597/
[rosmaster.master][INFO] 2026-05-06 19:15:25,944: -PUB [/vis/agent_6/ego_behavior_vis] /onlane_ai_agent_6 http://y:45457/
[rosmaster.master][INFO] 2026-05-06 19:15:25,944: -PUB [/vis/agent_3/obstacle_map] /onlane_ai_agent_3 http://y:41657/
[rosmaster.master][INFO] 2026-05-06 19:15:25,945: -PUB [/vis/agent_9/pred_initial_intention_vis] /onlane_ai_agent_9 http://y:34597/
[rosmaster.master][INFO] 2026-05-06 19:15:25,945: -PUB [/vis/agent_6/pred_traj_openloop_vis] /onlane_ai_agent_6 http://y:45457/
[rosmaster.master][INFO] 2026-05-06 19:15:25,945: -PUB [/vis/agent_3/surrounding_lane_net_vis] /onlane_ai_agent_3 http://y:41657/
[rosmaster.master][INFO] 2026-05-06 19:15:25,946: -PUB [/vis/agent_9/surrounding_vehicle_vis] /onlane_ai_agent_9 http://y:34597/
[rosmaster.master][INFO] 2026-05-06 19:15:25,946: -PUB [/vis/agent_6/pred_initial_intention_vis] /onlane_ai_agent_6 http://y:45457/
[rosmaster.master][INFO] 2026-05-06 19:15:25,946: -PUB [/vis/agent_3/local_lanes_vis] /onlane_ai_agent_3 http://y:41657/
[rosmaster.master][INFO] 2026-05-06 19:15:25,946: -PUB [/vis/agent_9/speed_limit] /onlane_ai_agent_9 http://y:34597/
[rosmaster.master][INFO] 2026-05-06 19:15:25,947: -PUB [/vis/agent_6/surrounding_vehicle_vis] /onlane_ai_agent_6 http://y:45457/
[rosmaster.master][INFO] 2026-05-06 19:15:25,947: -PUB [/vis/agent_3/ego_behavior_vis] /onlane_ai_agent_3 http://y:41657/
[rosmaster.master][INFO] 2026-05-06 19:15:25,947: -PUB [/vis/agent_9/forward_trajs] /onlane_ai_agent_9 http://y:34597/
[rosmaster.master][INFO] 2026-05-06 19:15:25,947: -PUB [/vis/agent_6/speed_limit] /onlane_ai_agent_6 http://y:45457/
[rosmaster.master][INFO] 2026-05-06 19:15:25,947: -PUB [/vis/agent_3/pred_traj_openloop_vis] /onlane_ai_agent_3 http://y:41657/
[rosmaster.master][INFO] 2026-05-06 19:15:25,948: -SUB [/arena_info_static] /onlane_ai_agent_9 http://y:34597/
[rosmaster.master][INFO] 2026-05-06 19:15:25,948: -PUB [/vis/agent_6/forward_trajs] /onlane_ai_agent_6 http://y:45457/
[rosmaster.master][INFO] 2026-05-06 19:15:25,948: -PUB [/vis/agent_3/pred_initial_intention_vis] /onlane_ai_agent_3 http://y:41657/
[rosmaster.master][INFO] 2026-05-06 19:15:25,948: -SUB [/arena_info_dynamic] /onlane_ai_agent_9 http://y:34597/
[rosmaster.master][INFO] 2026-05-06 19:15:25,948: -SUB [/arena_info_static] /onlane_ai_agent_6 http://y:45457/
[rosmaster.master][INFO] 2026-05-06 19:15:25,948: -PUB [/vis/agent_3/surrounding_vehicle_vis] /onlane_ai_agent_3 http://y:41657/
[rosmaster.master][INFO] 2026-05-06 19:15:25,949: -SUB [/joy] /onlane_ai_agent_9 http://y:34597/
[rosmaster.master][INFO] 2026-05-06 19:15:25,949: -SUB [/arena_info_dynamic] /onlane_ai_agent_6 http://y:45457/
[rosmaster.master][INFO] 2026-05-06 19:15:25,949: -PUB [/vis/agent_3/speed_limit] /onlane_ai_agent_3 http://y:41657/
[rosmaster.master][INFO] 2026-05-06 19:15:25,949: -SUB [/joy] /onlane_ai_agent_6 http://y:45457/
[rosmaster.master][INFO] 2026-05-06 19:15:25,949: -PUB [/vis/agent_3/forward_trajs] /onlane_ai_agent_3 http://y:41657/
[rosmaster.master][INFO] 2026-05-06 19:15:25,949: -SERVICE [/onlane_ai_agent_9/get_loggers] /onlane_ai_agent_9 rosrpc://y:33253
[rosmaster.master][INFO] 2026-05-06 19:15:25,949: -SERVICE [/onlane_ai_agent_6/get_loggers] /onlane_ai_agent_6 rosrpc://y:40239
[rosmaster.master][INFO] 2026-05-06 19:15:25,950: -SUB [/arena_info_static] /onlane_ai_agent_3 http://y:41657/
[rosmaster.master][INFO] 2026-05-06 19:15:25,950: -SERVICE [/onlane_ai_agent_6/set_logger_level] /onlane_ai_agent_6 rosrpc://y:40239
[rosmaster.master][INFO] 2026-05-06 19:15:25,950: publisherUpdate[/rosout] -> http://y:34683/ ['http://y:41339/', 'http://y:40443/', 'http://y:39959/', 'http://y:41657/', 'http://y:33581/', 'http://y:45889/', 'http://y:45457/', 'http://y:38755/', 'http://y:37929/', 'http://y:33267/', 'http://y:35579/']
[rosmaster.master][INFO] 2026-05-06 19:15:25,950: -SERVICE [/onlane_ai_agent_9/set_logger_level] /onlane_ai_agent_9 rosrpc://y:33253
[rosmaster.master][INFO] 2026-05-06 19:15:25,950: -SUB [/arena_info_dynamic] /onlane_ai_agent_3 http://y:41657/
[rosmaster.master][INFO] 2026-05-06 19:15:25,950: publisherUpdate[/rosout] -> http://y:34683/ ['http://y:41339/', 'http://y:40443/', 'http://y:39959/', 'http://y:41657/', 'http://y:33581/', 'http://y:45889/', 'http://y:45457/', 'http://y:38755/', 'http://y:37929/', 'http://y:33267/', 'http://y:35579/']: sec=0.00, result=[1, '', 0]
[rosmaster.master][INFO] 2026-05-06 19:15:25,950: -SUB [/joy] /onlane_ai_agent_3 http://y:41657/
[rosmaster.master][INFO] 2026-05-06 19:15:25,950: publisherUpdate[/ctrl/agent_9] -> http://y:33267/ []
[rosmaster.master][INFO] 2026-05-06 19:15:25,951: -SERVICE [/onlane_ai_agent_3/get_loggers] /onlane_ai_agent_3 rosrpc://y:57309
[rosmaster.master][INFO] 2026-05-06 19:15:25,951: -SERVICE [/onlane_ai_agent_3/set_logger_level] /onlane_ai_agent_3 rosrpc://y:57309
[rosmaster.master][INFO] 2026-05-06 19:15:25,951: publisherUpdate[/ctrl/agent_9] -> http://y:33267/ []: sec=0.00, result=[0, 'Unknown Error', 0]
[rosmaster.master][INFO] 2026-05-06 19:15:25,951: publisherUpdate[/rosout] -> http://y:34683/ ['http://y:41339/', 'http://y:40443/', 'http://y:39959/', 'http://y:41657/', 'http://y:33581/', 'http://y:45889/', 'http://y:38755/', 'http://y:37929/', 'http://y:33267/', 'http://y:35579/']
[rosmaster.master][INFO] 2026-05-06 19:15:25,951: publisherUpdate[/rosout] -> http://y:34683/ ['http://y:41339/', 'http://y:40443/', 'http://y:39959/', 'http://y:41657/', 'http://y:33581/', 'http://y:45889/', 'http://y:38755/', 'http://y:37929/', 'http://y:33267/', 'http://y:35579/']: sec=0.00, result=[1, '', 0]
[rosmaster.master][INFO] 2026-05-06 19:15:25,951: publisherUpdate[/ctrl/agent_6] -> http://y:33267/ []
[rosmaster.master][INFO] 2026-05-06 19:15:25,952: publisherUpdate[/ctrl/agent_6] -> http://y:33267/ []: sec=0.00, result=[0, 'Unknown Error', 0]
[rosmaster.master][INFO] 2026-05-06 19:15:25,952: publisherUpdate[/rosout] -> http://y:34683/ ['http://y:41339/', 'http://y:40443/', 'http://y:39959/', 'http://y:33581/', 'http://y:45889/', 'http://y:38755/', 'http://y:37929/', 'http://y:33267/', 'http://y:35579/']
[rosmaster.master][INFO] 2026-05-06 19:15:25,952: publisherUpdate[/rosout] -> http://y:34683/ ['http://y:41339/', 'http://y:40443/', 'http://y:39959/', 'http://y:33581/', 'http://y:45889/', 'http://y:38755/', 'http://y:37929/', 'http://y:33267/', 'http://y:35579/']: sec=0.00, result=[1, '', 0]
[rosmaster.master][INFO] 2026-05-06 19:15:25,952: publisherUpdate[/ctrl/agent_3] -> http://y:33267/ []
[rosmaster.master][INFO] 2026-05-06 19:15:25,952: publisherUpdate[/ctrl/agent_3] -> http://y:33267/ []: sec=0.00, result=[0, 'Unknown Error', 0]
[rosmaster.master][INFO] 2026-05-06 19:15:26,029: -PUB [/rosout] /onlane_ai_agent_10 http://y:35579/
[rosmaster.master][INFO] 2026-05-06 19:15:26,030: -PUB [/ctrl/agent_10] /onlane_ai_agent_10 http://y:35579/
[rosmaster.master][INFO] 2026-05-06 19:15:26,030: -PUB [/tf] /onlane_ai_agent_10 http://y:35579/
[rosmaster.master][INFO] 2026-05-06 19:15:26,031: -PUB [/rosout] /onlane_ai_agent_4 http://y:33581/
[rosmaster.master][INFO] 2026-05-06 19:15:26,031: -PUB [/rosout] /onlane_ai_agent_8 http://y:45889/
[rosmaster.master][INFO] 2026-05-06 19:15:26,031: -PUB [/ctrl/agent_4] /onlane_ai_agent_4 http://y:33581/
[rosmaster.master][INFO] 2026-05-06 19:15:26,032: -PUB [/ctrl/agent_8] /onlane_ai_agent_8 http://y:45889/
[rosmaster.master][INFO] 2026-05-06 19:15:26,032: -PUB [/vis/agent_10/ego_vehicle_vis] /onlane_ai_agent_10 http://y:35579/
[rosmaster.master][INFO] 2026-05-06 19:15:26,032: -PUB [/tf] /onlane_ai_agent_4 http://y:33581/
[rosmaster.master][INFO] 2026-05-06 19:15:26,033: -PUB [/tf] /onlane_ai_agent_8 http://y:45889/
[rosmaster.master][INFO] 2026-05-06 19:15:26,034: -PUB [/vis/agent_4/ego_vehicle_vis] /onlane_ai_agent_4 http://y:33581/
[rosmaster.master][INFO] 2026-05-06 19:15:26,034: -PUB [/vis/agent_10/obstacle_map] /onlane_ai_agent_10 http://y:35579/
[rosmaster.master][INFO] 2026-05-06 19:15:26,035: -PUB [/vis/agent_8/ego_vehicle_vis] /onlane_ai_agent_8 http://y:45889/
[rosmaster.master][INFO] 2026-05-06 19:15:26,035: -PUB [/vis/agent_4/obstacle_map] /onlane_ai_agent_4 http://y:33581/
[rosmaster.master][INFO] 2026-05-06 19:15:26,036: -PUB [/vis/agent_10/surrounding_lane_net_vis] /onlane_ai_agent_10 http://y:35579/
[rosmaster.master][INFO] 2026-05-06 19:15:26,036: -PUB [/vis/agent_8/obstacle_map] /onlane_ai_agent_8 http://y:45889/
[rosmaster.master][INFO] 2026-05-06 19:15:26,037: -PUB [/vis/agent_4/surrounding_lane_net_vis] /onlane_ai_agent_4 http://y:33581/
[rosmaster.master][INFO] 2026-05-06 19:15:26,037: -PUB [/vis/agent_8/surrounding_lane_net_vis] /onlane_ai_agent_8 http://y:45889/
[rosmaster.master][INFO] 2026-05-06 19:15:26,038: -PUB [/vis/agent_10/local_lanes_vis] /onlane_ai_agent_10 http://y:35579/
[rosmaster.master][INFO] 2026-05-06 19:15:26,039: -PUB [/vis/agent_4/local_lanes_vis] /onlane_ai_agent_4 http://y:33581/
[rosmaster.master][INFO] 2026-05-06 19:15:26,040: -PUB [/vis/agent_8/local_lanes_vis] /onlane_ai_agent_8 http://y:45889/
[rosmaster.master][INFO] 2026-05-06 19:15:26,040: -PUB [/rosout] /onlane_ai_agent_2 http://y:39959/
[rosmaster.master][INFO] 2026-05-06 19:15:26,041: -PUB [/vis/agent_10/ego_behavior_vis] /onlane_ai_agent_10 http://y:35579/
[rosmaster.master][INFO] 2026-05-06 19:15:26,041: -PUB [/rosout] /onlane_ai_agent_7 http://y:38755/
[rosmaster.master][INFO] 2026-05-06 19:15:26,042: -PUB [/vis/agent_4/ego_behavior_vis] /onlane_ai_agent_4 http://y:33581/
[rosmaster.master][INFO] 2026-05-06 19:15:26,042: -PUB [/vis/agent_8/ego_behavior_vis] /onlane_ai_agent_8 http://y:45889/
[rosmaster.master][INFO] 2026-05-06 19:15:26,043: -PUB [/vis/agent_10/pred_traj_openloop_vis] /onlane_ai_agent_10 http://y:35579/
[rosmaster.master][INFO] 2026-05-06 19:15:26,044: -PUB [/ctrl/agent_2] /onlane_ai_agent_2 http://y:39959/
[rosmaster.master][INFO] 2026-05-06 19:15:26,045: -PUB [/ctrl/agent_7] /onlane_ai_agent_7 http://y:38755/
[rosmaster.master][INFO] 2026-05-06 19:15:26,045: -PUB [/vis/agent_4/pred_traj_openloop_vis] /onlane_ai_agent_4 http://y:33581/
[rosmaster.master][INFO] 2026-05-06 19:15:26,045: -PUB [/vis/agent_8/pred_traj_openloop_vis] /onlane_ai_agent_8 http://y:45889/
[rosmaster.master][INFO] 2026-05-06 19:15:26,046: -PUB [/rosout] /onlane_ai_agent_5 http://y:37929/
[rosmaster.master][INFO] 2026-05-06 19:15:26,046: -PUB [/vis/agent_10/pred_initial_intention_vis] /onlane_ai_agent_10 http://y:35579/
[rosmaster.master][INFO] 2026-05-06 19:15:26,047: -PUB [/vis/agent_4/pred_initial_intention_vis] /onlane_ai_agent_4 http://y:33581/
[rosmaster.master][INFO] 2026-05-06 19:15:26,047: -PUB [/tf] /onlane_ai_agent_2 http://y:39959/
[rosmaster.master][INFO] 2026-05-06 19:15:26,047: -PUB [/vis/agent_8/pred_initial_intention_vis] /onlane_ai_agent_8 http://y:45889/
[rosmaster.master][INFO] 2026-05-06 19:15:26,048: -PUB [/tf] /onlane_ai_agent_7 http://y:38755/
[rosmaster.master][INFO] 2026-05-06 19:15:26,048: -PUB [/vis/agent_10/surrounding_vehicle_vis] /onlane_ai_agent_10 http://y:35579/
[rosmaster.master][INFO] 2026-05-06 19:15:26,048: -PUB [/vis/agent_4/surrounding_vehicle_vis] /onlane_ai_agent_4 http://y:33581/
[rosmaster.master][INFO] 2026-05-06 19:15:26,048: -PUB [/ctrl/agent_5] /onlane_ai_agent_5 http://y:37929/
[rosmaster.master][INFO] 2026-05-06 19:15:26,049: -PUB [/vis/agent_2/ego_vehicle_vis] /onlane_ai_agent_2 http://y:39959/
[rosmaster.master][INFO] 2026-05-06 19:15:26,049: -PUB [/vis/agent_8/surrounding_vehicle_vis] /onlane_ai_agent_8 http://y:45889/
[rosmaster.master][INFO] 2026-05-06 19:15:26,049: -PUB [/vis/agent_7/ego_vehicle_vis] /onlane_ai_agent_7 http://y:38755/
[rosmaster.master][INFO] 2026-05-06 19:15:26,050: -PUB [/vis/agent_10/speed_limit] /onlane_ai_agent_10 http://y:35579/
[rosmaster.master][INFO] 2026-05-06 19:15:26,050: -PUB [/vis/agent_4/speed_limit] /onlane_ai_agent_4 http://y:33581/
[rosmaster.master][INFO] 2026-05-06 19:15:26,050: -PUB [/tf] /onlane_ai_agent_5 http://y:37929/
[rosmaster.master][INFO] 2026-05-06 19:15:26,050: -PUB [/vis/agent_2/obstacle_map] /onlane_ai_agent_2 http://y:39959/
[rosmaster.master][INFO] 2026-05-06 19:15:26,050: -PUB [/vis/agent_8/speed_limit] /onlane_ai_agent_8 http://y:45889/
[rosmaster.master][INFO] 2026-05-06 19:15:26,051: -PUB [/vis/agent_10/forward_trajs] /onlane_ai_agent_10 http://y:35579/
[rosmaster.master][INFO] 2026-05-06 19:15:26,051: -PUB [/vis/agent_7/obstacle_map] /onlane_ai_agent_7 http://y:38755/
[rosmaster.master][INFO] 2026-05-06 19:15:26,051: -PUB [/vis/agent_4/forward_trajs] /onlane_ai_agent_4 http://y:33581/
[rosmaster.master][INFO] 2026-05-06 19:15:26,051: -PUB [/vis/agent_5/ego_vehicle_vis] /onlane_ai_agent_5 http://y:37929/
[rosmaster.master][INFO] 2026-05-06 19:15:26,051: -PUB [/vis/agent_2/surrounding_lane_net_vis] /onlane_ai_agent_2 http://y:39959/
[rosmaster.master][INFO] 2026-05-06 19:15:26,051: -PUB [/vis/agent_8/forward_trajs] /onlane_ai_agent_8 http://y:45889/
[rosmaster.master][INFO] 2026-05-06 19:15:26,052: -SUB [/arena_info_static] /onlane_ai_agent_10 http://y:35579/
[rosmaster.master][INFO] 2026-05-06 19:15:26,052: -PUB [/vis/agent_7/surrounding_lane_net_vis] /onlane_ai_agent_7 http://y:38755/
[rosmaster.master][INFO] 2026-05-06 19:15:26,052: -SUB [/arena_info_static] /onlane_ai_agent_4 http://y:33581/
[rosmaster.master][INFO] 2026-05-06 19:15:26,052: -PUB [/vis/agent_5/obstacle_map] /onlane_ai_agent_5 http://y:37929/
[rosmaster.master][INFO] 2026-05-06 19:15:26,052: -PUB [/vis/agent_2/local_lanes_vis] /onlane_ai_agent_2 http://y:39959/
[rosmaster.master][INFO] 2026-05-06 19:15:26,053: publisherUpdate[/rosout] -> http://y:34683/ ['http://y:41339/', 'http://y:40443/', 'http://y:39959/', 'http://y:33581/', 'http://y:45889/', 'http://y:38755/', 'http://y:37929/', 'http://y:33267/']
[rosmaster.master][INFO] 2026-05-06 19:15:26,053: -SUB [/arena_info_static] /onlane_ai_agent_8 http://y:45889/
[rosmaster.master][INFO] 2026-05-06 19:15:26,053: -SUB [/arena_info_dynamic] /onlane_ai_agent_10 http://y:35579/
[rosmaster.master][INFO] 2026-05-06 19:15:26,054: publisherUpdate[/rosout] -> http://y:34683/ ['http://y:41339/', 'http://y:40443/', 'http://y:39959/', 'http://y:33581/', 'http://y:45889/', 'http://y:38755/', 'http://y:37929/', 'http://y:33267/']: sec=0.00, result=[1, '', 0]
[rosmaster.master][INFO] 2026-05-06 19:15:26,054: -PUB [/vis/agent_7/local_lanes_vis] /onlane_ai_agent_7 http://y:38755/
[rosmaster.master][INFO] 2026-05-06 19:15:26,054: publisherUpdate[/ctrl/agent_10] -> http://y:33267/ []
[rosmaster.master][INFO] 2026-05-06 19:15:26,054: -SUB [/arena_info_dynamic] /onlane_ai_agent_4 http://y:33581/
[rosmaster.master][INFO] 2026-05-06 19:15:26,054: -PUB [/rosout] /phy_simulator_planning_node http://y:33267/
[rosmaster.master][INFO] 2026-05-06 19:15:26,054: -PUB [/vis/agent_5/surrounding_lane_net_vis] /onlane_ai_agent_5 http://y:37929/
[rosmaster.master][INFO] 2026-05-06 19:15:26,054: -PUB [/vis/agent_2/ego_behavior_vis] /onlane_ai_agent_2 http://y:39959/
[rosmaster.master][INFO] 2026-05-06 19:15:26,055: -SUB [/arena_info_dynamic] /onlane_ai_agent_8 http://y:45889/
[rosmaster.master][INFO] 2026-05-06 19:15:26,055: -SUB [/joy] /onlane_ai_agent_10 http://y:35579/
[rosmaster.master][INFO] 2026-05-06 19:15:26,055: -PUB [/vis/agent_7/ego_behavior_vis] /onlane_ai_agent_7 http://y:38755/
[rosmaster.master][INFO] 2026-05-06 19:15:26,055: -SUB [/joy] /onlane_ai_agent_4 http://y:33581/
[rosmaster.master][INFO] 2026-05-06 19:15:26,056: -PUB [/arena_info_static] /phy_simulator_planning_node http://y:33267/
[rosmaster.master][INFO] 2026-05-06 19:15:26,056: -PUB [/vis/agent_5/local_lanes_vis] /onlane_ai_agent_5 http://y:37929/
[rosmaster.master][INFO] 2026-05-06 19:15:26,056: -PUB [/vis/agent_2/pred_traj_openloop_vis] /onlane_ai_agent_2 http://y:39959/
[rosmaster.master][INFO] 2026-05-06 19:15:26,056: -SUB [/joy] /onlane_ai_agent_8 http://y:45889/
[rosmaster.master][INFO] 2026-05-06 19:15:26,056: -SERVICE [/onlane_ai_agent_10/get_loggers] /onlane_ai_agent_10 rosrpc://y:53049
[rosmaster.master][INFO] 2026-05-06 19:15:26,057: -PUB [/vis/agent_7/pred_traj_openloop_vis] /onlane_ai_agent_7 http://y:38755/
[rosmaster.master][INFO] 2026-05-06 19:15:26,057: -SERVICE [/onlane_ai_agent_4/get_loggers] /onlane_ai_agent_4 rosrpc://y:55227
[rosmaster.master][INFO] 2026-05-06 19:15:26,057: -PUB [/arena_info_dynamic] /phy_simulator_planning_node http://y:33267/
[rosmaster.master][INFO] 2026-05-06 19:15:26,057: -PUB [/vis/agent_5/ego_behavior_vis] /onlane_ai_agent_5 http://y:37929/
[rosmaster.master][INFO] 2026-05-06 19:15:26,057: -PUB [/vis/agent_2/pred_initial_intention_vis] /onlane_ai_agent_2 http://y:39959/
[rosmaster.master][INFO] 2026-05-06 19:15:26,057: -SERVICE [/onlane_ai_agent_8/get_loggers] /onlane_ai_agent_8 rosrpc://y:46415
[rosmaster.master][INFO] 2026-05-06 19:15:26,058: -SERVICE [/onlane_ai_agent_10/set_logger_level] /onlane_ai_agent_10 rosrpc://y:53049
[rosmaster.master][INFO] 2026-05-06 19:15:26,058: -PUB [/vis/agent_7/pred_initial_intention_vis] /onlane_ai_agent_7 http://y:38755/
[rosmaster.master][INFO] 2026-05-06 19:15:26,058: -SERVICE [/onlane_ai_agent_4/set_logger_level] /onlane_ai_agent_4 rosrpc://y:55227
[rosmaster.master][INFO] 2026-05-06 19:15:26,058: -PUB [/vis/agent_5/pred_traj_openloop_vis] /onlane_ai_agent_5 http://y:37929/
[rosmaster.master][INFO] 2026-05-06 19:15:26,058: -PUB [/vis/agent_2/surrounding_vehicle_vis] /onlane_ai_agent_2 http://y:39959/
[rosmaster.master][INFO] 2026-05-06 19:15:26,058: -PUB [/phy_simulator_planning_node/vis/vehicle_set_vis] /phy_simulator_planning_node http://y:33267/
[rosmaster.master][INFO] 2026-05-06 19:15:26,059: -SERVICE [/onlane_ai_agent_8/set_logger_level] /onlane_ai_agent_8 rosrpc://y:46415
[rosmaster.master][INFO] 2026-05-06 19:15:26,059: -PUB [/vis/agent_7/surrounding_vehicle_vis] /onlane_ai_agent_7 http://y:38755/
[rosmaster.master][INFO] 2026-05-06 19:15:26,059: -PUB [/vis/agent_2/speed_limit] /onlane_ai_agent_2 http://y:39959/
[rosmaster.master][INFO] 2026-05-06 19:15:26,059: -PUB [/vis/agent_5/pred_initial_intention_vis] /onlane_ai_agent_5 http://y:37929/
[rosmaster.master][INFO] 2026-05-06 19:15:26,059: -PUB [/phy_simulator_planning_node/vis/lane_net_vis] /phy_simulator_planning_node http://y:33267/
[rosmaster.master][INFO] 2026-05-06 19:15:26,060: -PUB [/vis/agent_7/speed_limit] /onlane_ai_agent_7 http://y:38755/
[rosmaster.master][INFO] 2026-05-06 19:15:26,060: -PUB [/vis/agent_2/forward_trajs] /onlane_ai_agent_2 http://y:39959/
[rosmaster.master][INFO] 2026-05-06 19:15:26,060: -PUB [/vis/agent_5/surrounding_vehicle_vis] /onlane_ai_agent_5 http://y:37929/
[rosmaster.master][INFO] 2026-05-06 19:15:26,060: -PUB [/phy_simulator_planning_node/vis/obstacle_set_vis] /phy_simulator_planning_node http://y:33267/
[rosmaster.master][INFO] 2026-05-06 19:15:26,060: -PUB [/vis/agent_7/forward_trajs] /onlane_ai_agent_7 http://y:38755/
[rosmaster.master][INFO] 2026-05-06 19:15:26,061: -SUB [/arena_info_static] /onlane_ai_agent_2 http://y:39959/
[rosmaster.master][INFO] 2026-05-06 19:15:26,061: -PUB [/vis/agent_5/speed_limit] /onlane_ai_agent_5 http://y:37929/
[rosmaster.master][INFO] 2026-05-06 19:15:26,061: -SUB [/ctrl/agent_10] /phy_simulator_planning_node http://y:33267/
[rosmaster.master][INFO] 2026-05-06 19:15:26,061: -SUB [/arena_info_static] /onlane_ai_agent_7 http://y:38755/
[rosmaster.master][INFO] 2026-05-06 19:15:26,062: -SUB [/arena_info_dynamic] /onlane_ai_agent_2 http://y:39959/
[rosmaster.master][INFO] 2026-05-06 19:15:26,062: -PUB [/vis/agent_5/forward_trajs] /onlane_ai_agent_5 http://y:37929/
[rosmaster.master][INFO] 2026-05-06 19:15:26,062: -SUB [/ctrl/agent_9] /phy_simulator_planning_node http://y:33267/
[rosmaster.master][INFO] 2026-05-06 19:15:26,062: -SUB [/arena_info_dynamic] /onlane_ai_agent_7 http://y:38755/
[rosmaster.master][INFO] 2026-05-06 19:15:26,063: publisherUpdate[/ctrl/agent_10] -> http://y:33267/ []: sec=0.01, exception=<Fault -1: 'publisherUpdate: unknown method name'>
[rosmaster.master][INFO] 2026-05-06 19:15:26,063: -SUB [/joy] /onlane_ai_agent_2 http://y:39959/
[rosmaster.master][INFO] 2026-05-06 19:15:26,063: -SUB [/arena_info_static] /onlane_ai_agent_5 http://y:37929/
[rosmaster.master][INFO] 2026-05-06 19:15:26,064: -SUB [/ctrl/agent_8] /phy_simulator_planning_node http://y:33267/
[rosmaster.threadpool][ERROR] 2026-05-06 19:15:26,064: Traceback (most recent call last):
  File "/opt/ros/noetic/lib/python3/dist-packages/rosmaster/threadpool.py", line 218, in run
    result = cmd(*args)
  File "/opt/ros/noetic/lib/python3/dist-packages/rosmaster/master_api.py", line 210, in publisher_update_task
    ret = xmlrpcapi(api).publisherUpdate('/master', topic, pub_uris)
  File "/usr/lib/python3.8/xmlrpc/client.py", line 1109, in __call__
    return self.__send(self.__name, args)
  File "/usr/lib/python3.8/xmlrpc/client.py", line 1450, in __request
    response = self.__transport.request(
  File "/usr/lib/python3.8/xmlrpc/client.py", line 1153, in request
    return self.single_request(host, handler, request_body, verbose)
  File "/usr/lib/python3.8/xmlrpc/client.py", line 1169, in single_request
    return self.parse_response(resp)
  File "/usr/lib/python3.8/xmlrpc/client.py", line 1341, in parse_response
    return u.close()
  File "/usr/lib/python3.8/xmlrpc/client.py", line 655, in close
    raise Fault(**self._stack[0])
xmlrpc.client.Fault: <Fault -1: 'publisherUpdate: unknown method name'>

[rosmaster.master][INFO] 2026-05-06 19:15:26,064: publisherUpdate[/rosout] -> http://y:34683/ ['http://y:41339/', 'http://y:40443/', 'http://y:39959/', 'http://y:45889/', 'http://y:38755/', 'http://y:37929/', 'http://y:33267/']
[rosmaster.master][INFO] 2026-05-06 19:15:26,065: publisherUpdate[/ctrl/agent_4] -> http://y:33267/ []
[rosmaster.master][INFO] 2026-05-06 19:15:26,065: -SUB [/joy] /onlane_ai_agent_7 http://y:38755/
[rosmaster.master][INFO] 2026-05-06 19:15:26,066: publisherUpdate[/ctrl/agent_4] -> http://y:33267/ []: sec=0.00, exception=<Fault -1: 'publisherUpdate: unknown method name'>
[rosmaster.master][INFO] 2026-05-06 19:15:26,066: publisherUpdate[/rosout] -> http://y:34683/ ['http://y:41339/', 'http://y:40443/', 'http://y:39959/', 'http://y:45889/', 'http://y:38755/', 'http://y:37929/', 'http://y:33267/']: sec=0.00, result=[1, '', 0]
[rosmaster.master][INFO] 2026-05-06 19:15:26,066: -SERVICE [/onlane_ai_agent_2/get_loggers] /onlane_ai_agent_2 rosrpc://y:44103
[rosmaster.threadpool][ERROR] 2026-05-06 19:15:26,066: Traceback (most recent call last):
  File "/opt/ros/noetic/lib/python3/dist-packages/rosmaster/threadpool.py", line 218, in run
    result = cmd(*args)
  File "/opt/ros/noetic/lib/python3/dist-packages/rosmaster/master_api.py", line 210, in publisher_update_task
    ret = xmlrpcapi(api).publisherUpdate('/master', topic, pub_uris)
  File "/usr/lib/python3.8/xmlrpc/client.py", line 1109, in __call__
    return self.__send(self.__name, args)
  File "/usr/lib/python3.8/xmlrpc/client.py", line 1450, in __request
    response = self.__transport.request(
  File "/usr/lib/python3.8/xmlrpc/client.py", line 1153, in request
    return self.single_request(host, handler, request_body, verbose)
  File "/usr/lib/python3.8/xmlrpc/client.py", line 1169, in single_request
    return self.parse_response(resp)
  File "/usr/lib/python3.8/xmlrpc/client.py", line 1341, in parse_response
    return u.close()
  File "/usr/lib/python3.8/xmlrpc/client.py", line 655, in close
    raise Fault(**self._stack[0])
xmlrpc.client.Fault: <Fault -1: 'publisherUpdate: unknown method name'>

[rosmaster.master][INFO] 2026-05-06 19:15:26,066: publisherUpdate[/rosout] -> http://y:34683/ ['http://y:41339/', 'http://y:40443/', 'http://y:39959/', 'http://y:38755/', 'http://y:37929/', 'http://y:33267/']
[rosmaster.master][INFO] 2026-05-06 19:15:26,067: -SUB [/arena_info_dynamic] /onlane_ai_agent_5 http://y:37929/
[rosmaster.master][INFO] 2026-05-06 19:15:26,067: publisherUpdate[/ctrl/agent_8] -> http://y:33267/ []
[rosmaster.master][INFO] 2026-05-06 19:15:26,068: publisherUpdate[/rosout] -> http://y:34683/ ['http://y:41339/', 'http://y:40443/', 'http://y:39959/', 'http://y:38755/', 'http://y:37929/', 'http://y:33267/']: sec=0.00, result=[1, '', 0]
[rosmaster.master][INFO] 2026-05-06 19:15:26,068: -SUB [/ctrl/agent_7] /phy_simulator_planning_node http://y:33267/
[rosmaster.master][INFO] 2026-05-06 19:15:26,069: publisherUpdate[/ctrl/agent_8] -> http://y:33267/ []: sec=0.00, exception=<Fault -1: 'publisherUpdate: unknown method name'>
[rosmaster.master][INFO] 2026-05-06 19:15:26,069: publisherUpdate[/rosout] -> http://y:34683/ ['http://y:41339/', 'http://y:40443/', 'http://y:38755/', 'http://y:37929/', 'http://y:33267/']
[rosmaster.master][INFO] 2026-05-06 19:15:26,069: -SERVICE [/onlane_ai_agent_7/get_loggers] /onlane_ai_agent_7 rosrpc://y:44931
[rosmaster.threadpool][ERROR] 2026-05-06 19:15:26,070: Traceback (most recent call last):
  File "/opt/ros/noetic/lib/python3/dist-packages/rosmaster/threadpool.py", line 218, in run
    result = cmd(*args)
  File "/opt/ros/noetic/lib/python3/dist-packages/rosmaster/master_api.py", line 210, in publisher_update_task
    ret = xmlrpcapi(api).publisherUpdate('/master', topic, pub_uris)
  File "/usr/lib/python3.8/xmlrpc/client.py", line 1109, in __call__
    return self.__send(self.__name, args)
  File "/usr/lib/python3.8/xmlrpc/client.py", line 1450, in __request
    response = self.__transport.request(
  File "/usr/lib/python3.8/xmlrpc/client.py", line 1153, in request
    return self.single_request(host, handler, request_body, verbose)
  File "/usr/lib/python3.8/xmlrpc/client.py", line 1169, in single_request
    return self.parse_response(resp)
  File "/usr/lib/python3.8/xmlrpc/client.py", line 1341, in parse_response
    return u.close()
  File "/usr/lib/python3.8/xmlrpc/client.py", line 655, in close
    raise Fault(**self._stack[0])
xmlrpc.client.Fault: <Fault -1: 'publisherUpdate: unknown method name'>

[rosmaster.master][INFO] 2026-05-06 19:15:26,070: publisherUpdate[/rosout] -> http://y:34683/ ['http://y:41339/', 'http://y:40443/', 'http://y:38755/', 'http://y:37929/', 'http://y:33267/']: sec=0.00, result=[1, '', 0]
[rosmaster.master][INFO] 2026-05-06 19:15:26,071: -SERVICE [/onlane_ai_agent_2/set_logger_level] /onlane_ai_agent_2 rosrpc://y:44103
[rosmaster.master][INFO] 2026-05-06 19:15:26,071: publisherUpdate[/ctrl/agent_2] -> http://y:33267/ []
[rosmaster.master][INFO] 2026-05-06 19:15:26,071: publisherUpdate[/rosout] -> http://y:34683/ ['http://y:41339/', 'http://y:40443/', 'http://y:37929/', 'http://y:33267/']
[rosmaster.master][INFO] 2026-05-06 19:15:26,071: -SUB [/joy] /onlane_ai_agent_5 http://y:37929/
[rosmaster.master][INFO] 2026-05-06 19:15:26,072: publisherUpdate[/ctrl/agent_2] -> http://y:33267/ []: sec=0.00, exception=<Fault -1: 'publisherUpdate: unknown method name'>
[rosmaster.master][INFO] 2026-05-06 19:15:26,073: publisherUpdate[/rosout] -> http://y:34683/ ['http://y:41339/', 'http://y:40443/', 'http://y:37929/', 'http://y:33267/']: sec=0.00, result=[1, '', 0]
[rosmaster.master][INFO] 2026-05-06 19:15:26,073: -SUB [/ctrl/agent_6] /phy_simulator_planning_node http://y:33267/
[rosmaster.threadpool][ERROR] 2026-05-06 19:15:26,073: Traceback (most recent call last):
  File "/opt/ros/noetic/lib/python3/dist-packages/rosmaster/threadpool.py", line 218, in run
    result = cmd(*args)
  File "/opt/ros/noetic/lib/python3/dist-packages/rosmaster/master_api.py", line 210, in publisher_update_task
    ret = xmlrpcapi(api).publisherUpdate('/master', topic, pub_uris)
  File "/usr/lib/python3.8/xmlrpc/client.py", line 1109, in __call__
    return self.__send(self.__name, args)
  File "/usr/lib/python3.8/xmlrpc/client.py", line 1450, in __request
    response = self.__transport.request(
  File "/usr/lib/python3.8/xmlrpc/client.py", line 1153, in request
    return self.single_request(host, handler, request_body, verbose)
  File "/usr/lib/python3.8/xmlrpc/client.py", line 1169, in single_request
    return self.parse_response(resp)
  File "/usr/lib/python3.8/xmlrpc/client.py", line 1341, in parse_response
    return u.close()
  File "/usr/lib/python3.8/xmlrpc/client.py", line 655, in close
    raise Fault(**self._stack[0])
xmlrpc.client.Fault: <Fault -1: 'publisherUpdate: unknown method name'>

[rosmaster.master][INFO] 2026-05-06 19:15:26,074: publisherUpdate[/ctrl/agent_7] -> http://y:33267/ []
[rosmaster.master][INFO] 2026-05-06 19:15:26,074: -SERVICE [/onlane_ai_agent_7/set_logger_level] /onlane_ai_agent_7 rosrpc://y:44931
[rosmaster.master][INFO] 2026-05-06 19:15:26,075: publisherUpdate[/rosout] -> http://y:34683/ ['http://y:41339/', 'http://y:40443/', 'http://y:33267/']
[rosmaster.master][INFO] 2026-05-06 19:15:26,075: -SERVICE [/onlane_ai_agent_5/get_loggers] /onlane_ai_agent_5 rosrpc://y:33265
[rosmaster.master][INFO] 2026-05-06 19:15:26,076: -SUB [/ctrl/agent_5] /phy_simulator_planning_node http://y:33267/
[rosmaster.master][INFO] 2026-05-06 19:15:26,076: publisherUpdate[/rosout] -> http://y:34683/ ['http://y:41339/', 'http://y:40443/', 'http://y:33267/']: sec=0.00, result=[1, '', 0]
[rosmaster.master][INFO] 2026-05-06 19:15:26,077: publisherUpdate[/ctrl/agent_7] -> http://y:33267/ []: sec=0.00, exception=<Fault -1: 'publisherUpdate: unknown method name'>
[rosmaster.master][INFO] 2026-05-06 19:15:26,078: publisherUpdate[/rosout] -> http://y:34683/ ['http://y:41339/', 'http://y:40443/']
[rosmaster.master][INFO] 2026-05-06 19:15:26,078: -SERVICE [/onlane_ai_agent_5/set_logger_level] /onlane_ai_agent_5 rosrpc://y:33265
[rosmaster.threadpool][ERROR] 2026-05-06 19:15:26,078: Traceback (most recent call last):
  File "/opt/ros/noetic/lib/python3/dist-packages/rosmaster/threadpool.py", line 218, in run
    result = cmd(*args)
  File "/opt/ros/noetic/lib/python3/dist-packages/rosmaster/master_api.py", line 210, in publisher_update_task
    ret = xmlrpcapi(api).publisherUpdate('/master', topic, pub_uris)
  File "/usr/lib/python3.8/xmlrpc/client.py", line 1109, in __call__
    return self.__send(self.__name, args)
  File "/usr/lib/python3.8/xmlrpc/client.py", line 1450, in __request
    response = self.__transport.request(
  File "/usr/lib/python3.8/xmlrpc/client.py", line 1153, in request
    return self.single_request(host, handler, request_body, verbose)
  File "/usr/lib/python3.8/xmlrpc/client.py", line 1169, in single_request
    return self.parse_response(resp)
  File "/usr/lib/python3.8/xmlrpc/client.py", line 1341, in parse_response
    return u.close()
  File "/usr/lib/python3.8/xmlrpc/client.py", line 655, in close
    raise Fault(**self._stack[0])
xmlrpc.client.Fault: <Fault -1: 'publisherUpdate: unknown method name'>

[rosmaster.master][INFO] 2026-05-06 19:15:26,079: publisherUpdate[/rosout] -> http://y:34683/ ['http://y:41339/', 'http://y:40443/']: sec=0.00, result=[1, '', 0]
[rosmaster.master][INFO] 2026-05-06 19:15:26,079: -SUB [/ctrl/agent_4] /phy_simulator_planning_node http://y:33267/
[rosmaster.master][INFO] 2026-05-06 19:15:26,079: publisherUpdate[/ctrl/agent_5] -> http://y:33267/ []
[rosmaster.master][INFO] 2026-05-06 19:15:26,079: publisherUpdate[/arena_info_static] -> http://y:41339/ []
[rosmaster.master][INFO] 2026-05-06 19:15:26,080: -SUB [/ctrl/agent_3] /phy_simulator_planning_node http://y:33267/
[rosmaster.master][INFO] 2026-05-06 19:15:26,081: publisherUpdate[/ctrl/agent_5] -> http://y:33267/ []: sec=0.00, exception=<Fault -1: 'publisherUpdate: unknown method name'>
[rosmaster.master][INFO] 2026-05-06 19:15:26,081: -SUB [/ctrl/agent_2] /phy_simulator_planning_node http://y:33267/
[rosmaster.threadpool][ERROR] 2026-05-06 19:15:26,082: Traceback (most recent call last):
  File "/opt/ros/noetic/lib/python3/dist-packages/rosmaster/threadpool.py", line 218, in run
    result = cmd(*args)
  File "/opt/ros/noetic/lib/python3/dist-packages/rosmaster/master_api.py", line 210, in publisher_update_task
    ret = xmlrpcapi(api).publisherUpdate('/master', topic, pub_uris)
  File "/usr/lib/python3.8/xmlrpc/client.py", line 1109, in __call__
    return self.__send(self.__name, args)
  File "/usr/lib/python3.8/xmlrpc/client.py", line 1450, in __request
    response = self.__transport.request(
  File "/usr/lib/python3.8/xmlrpc/client.py", line 1153, in request
    return self.single_request(host, handler, request_body, verbose)
  File "/usr/lib/python3.8/xmlrpc/client.py", line 1169, in single_request
    return self.parse_response(resp)
  File "/usr/lib/python3.8/xmlrpc/client.py", line 1341, in parse_response
    return u.close()
  File "/usr/lib/python3.8/xmlrpc/client.py", line 655, in close
    raise Fault(**self._stack[0])
xmlrpc.client.Fault: <Fault -1: 'publisherUpdate: unknown method name'>

[rosmaster.master][INFO] 2026-05-06 19:15:26,082: -SUB [/ctrl/agent_1] /phy_simulator_planning_node http://y:33267/
[rosmaster.master][INFO] 2026-05-06 19:15:26,083: publisherUpdate[/arena_info_static] -> http://y:41339/ []: sec=0.00, result=[1, '', 0]
[rosmaster.master][INFO] 2026-05-06 19:15:26,083: publisherUpdate[/arena_info_static] -> http://y:40443/ []
[rosmaster.master][INFO] 2026-05-06 19:15:26,083: -SUB [/ctrl/agent_0] /phy_simulator_planning_node http://y:33267/
[rosmaster.master][INFO] 2026-05-06 19:15:26,083: publisherUpdate[/arena_info_static] -> http://y:39959/ []
[rosmaster.master][INFO] 2026-05-06 19:15:26,084: -SUB [/initialpose] /phy_simulator_planning_node http://y:33267/
[rosmaster.master][INFO] 2026-05-06 19:15:26,085: publisherUpdate[/arena_info_static] -> http://y:40443/ []: sec=0.00, result=[1, '', 0]
[rosmaster.master][INFO] 2026-05-06 19:15:26,085: -SUB [/move_base_simple/goal] /phy_simulator_planning_node http://y:33267/
[rosmaster.master][INFO] 2026-05-06 19:15:26,085: publisherUpdate[/arena_info_static] -> http://y:38755/ []
[rosmaster.master][INFO] 2026-05-06 19:15:26,086: publisherUpdate[/arena_info_static] -> http://y:39959/ []: sec=0.00, exception=<Fault -1: 'publisherUpdate: unknown method name'>
[rosmaster.master][INFO] 2026-05-06 19:15:26,086: -SERVICE [/phy_simulator_planning_node/get_loggers] /phy_simulator_planning_node rosrpc://y:45861
[rosmaster.threadpool][ERROR] 2026-05-06 19:15:26,087: Traceback (most recent call last):
  File "/opt/ros/noetic/lib/python3/dist-packages/rosmaster/threadpool.py", line 218, in run
    result = cmd(*args)
  File "/opt/ros/noetic/lib/python3/dist-packages/rosmaster/master_api.py", line 210, in publisher_update_task
    ret = xmlrpcapi(api).publisherUpdate('/master', topic, pub_uris)
  File "/usr/lib/python3.8/xmlrpc/client.py", line 1109, in __call__
    return self.__send(self.__name, args)
  File "/usr/lib/python3.8/xmlrpc/client.py", line 1450, in __request
    response = self.__transport.request(
  File "/usr/lib/python3.8/xmlrpc/client.py", line 1153, in request
    return self.single_request(host, handler, request_body, verbose)
  File "/usr/lib/python3.8/xmlrpc/client.py", line 1169, in single_request
    return self.parse_response(resp)
  File "/usr/lib/python3.8/xmlrpc/client.py", line 1341, in parse_response
    return u.close()
  File "/usr/lib/python3.8/xmlrpc/client.py", line 655, in close
    raise Fault(**self._stack[0])
xmlrpc.client.Fault: <Fault -1: 'publisherUpdate: unknown method name'>

[rosmaster.master][INFO] 2026-05-06 19:15:26,087: -SERVICE [/phy_simulator_planning_node/set_logger_level] /phy_simulator_planning_node rosrpc://y:45861
[rosmaster.master][INFO] 2026-05-06 19:15:26,088: publisherUpdate[/arena_info_static] -> http://y:38755/ []: sec=0.00, exception=<Fault -1: 'publisherUpdate: unknown method name'>
[rosmaster.master][INFO] 2026-05-06 19:15:26,088: publisherUpdate[/arena_info_static] -> http://y:37929/ []
[rosmaster.threadpool][ERROR] 2026-05-06 19:15:26,089: Traceback (most recent call last):
  File "/opt/ros/noetic/lib/python3/dist-packages/rosmaster/threadpool.py", line 218, in run
    result = cmd(*args)
  File "/opt/ros/noetic/lib/python3/dist-packages/rosmaster/master_api.py", line 210, in publisher_update_task
    ret = xmlrpcapi(api).publisherUpdate('/master', topic, pub_uris)
  File "/usr/lib/python3.8/xmlrpc/client.py", line 1109, in __call__
    return self.__send(self.__name, args)
  File "/usr/lib/python3.8/xmlrpc/client.py", line 1450, in __request
    response = self.__transport.request(
  File "/usr/lib/python3.8/xmlrpc/client.py", line 1153, in request
    return self.single_request(host, handler, request_body, verbose)
  File "/usr/lib/python3.8/xmlrpc/client.py", line 1169, in single_request
    return self.parse_response(resp)
  File "/usr/lib/python3.8/xmlrpc/client.py", line 1341, in parse_response
    return u.close()
  File "/usr/lib/python3.8/xmlrpc/client.py", line 655, in close
    raise Fault(**self._stack[0])
xmlrpc.client.Fault: <Fault -1: 'publisherUpdate: unknown method name'>

[rosmaster.master][INFO] 2026-05-06 19:15:26,089: publisherUpdate[/arena_info_dynamic] -> http://y:41339/ []
[rosmaster.master][INFO] 2026-05-06 19:15:26,090: publisherUpdate[/arena_info_static] -> http://y:37929/ []: sec=0.00, exception=<Fault -1: 'publisherUpdate: unknown method name'>
[rosmaster.threadpool][ERROR] 2026-05-06 19:15:26,090: Traceback (most recent call last):
  File "/opt/ros/noetic/lib/python3/dist-packages/rosmaster/threadpool.py", line 218, in run
    result = cmd(*args)
  File "/opt/ros/noetic/lib/python3/dist-packages/rosmaster/master_api.py", line 210, in publisher_update_task
    ret = xmlrpcapi(api).publisherUpdate('/master', topic, pub_uris)
  File "/usr/lib/python3.8/xmlrpc/client.py", line 1109, in __call__
    return self.__send(self.__name, args)
  File "/usr/lib/python3.8/xmlrpc/client.py", line 1450, in __request
    response = self.__transport.request(
  File "/usr/lib/python3.8/xmlrpc/client.py", line 1153, in request
    return self.single_request(host, handler, request_body, verbose)
  File "/usr/lib/python3.8/xmlrpc/client.py", line 1169, in single_request
    return self.parse_response(resp)
  File "/usr/lib/python3.8/xmlrpc/client.py", line 1341, in parse_response
    return u.close()
  File "/usr/lib/python3.8/xmlrpc/client.py", line 655, in close
    raise Fault(**self._stack[0])
xmlrpc.client.Fault: <Fault -1: 'publisherUpdate: unknown method name'>

[rosmaster.master][INFO] 2026-05-06 19:15:26,090: publisherUpdate[/arena_info_dynamic] -> http://y:41339/ []: sec=0.00, result=[1, '', 0]
[rosmaster.master][INFO] 2026-05-06 19:15:26,091: publisherUpdate[/arena_info_dynamic] -> http://y:40443/ []
[rosmaster.master][INFO] 2026-05-06 19:15:26,091: publisherUpdate[/arena_info_dynamic] -> http://y:39959/ []
[rosmaster.master][INFO] 2026-05-06 19:15:26,092: publisherUpdate[/arena_info_dynamic] -> http://y:39959/ []: sec=0.00, exception=<Fault -1: 'publisherUpdate: unknown method name'>
[rosmaster.master][INFO] 2026-05-06 19:15:26,092: publisherUpdate[/arena_info_dynamic] -> http://y:40443/ []: sec=0.00, result=[1, '', 0]
[rosmaster.master][INFO] 2026-05-06 19:15:26,092: publisherUpdate[/arena_info_dynamic] -> http://y:38755/ []
[rosmaster.threadpool][ERROR] 2026-05-06 19:15:26,092: Traceback (most recent call last):
  File "/opt/ros/noetic/lib/python3/dist-packages/rosmaster/threadpool.py", line 218, in run
    result = cmd(*args)
  File "/opt/ros/noetic/lib/python3/dist-packages/rosmaster/master_api.py", line 210, in publisher_update_task
    ret = xmlrpcapi(api).publisherUpdate('/master', topic, pub_uris)
  File "/usr/lib/python3.8/xmlrpc/client.py", line 1109, in __call__
    return self.__send(self.__name, args)
  File "/usr/lib/python3.8/xmlrpc/client.py", line 1450, in __request
    response = self.__transport.request(
  File "/usr/lib/python3.8/xmlrpc/client.py", line 1153, in request
    return self.single_request(host, handler, request_body, verbose)
  File "/usr/lib/python3.8/xmlrpc/client.py", line 1169, in single_request
    return self.parse_response(resp)
  File "/usr/lib/python3.8/xmlrpc/client.py", line 1341, in parse_response
    return u.close()
  File "/usr/lib/python3.8/xmlrpc/client.py", line 655, in close
    raise Fault(**self._stack[0])
xmlrpc.client.Fault: <Fault -1: 'publisherUpdate: unknown method name'>

[rosmaster.master][INFO] 2026-05-06 19:15:26,093: publisherUpdate[/arena_info_dynamic] -> http://y:37929/ []
[rosmaster.master][INFO] 2026-05-06 19:15:26,093: publisherUpdate[/arena_info_dynamic] -> http://y:37929/ []: sec=0.00, exception=<Fault -1: 'publisherUpdate: unknown method name'>
[rosmaster.master][INFO] 2026-05-06 19:15:26,093: publisherUpdate[/arena_info_dynamic] -> http://y:38755/ []: sec=0.00, exception=<Fault -1: 'publisherUpdate: unknown method name'>
[rosmaster.threadpool][ERROR] 2026-05-06 19:15:26,094: Traceback (most recent call last):
  File "/opt/ros/noetic/lib/python3/dist-packages/rosmaster/threadpool.py", line 218, in run
    result = cmd(*args)
  File "/opt/ros/noetic/lib/python3/dist-packages/rosmaster/master_api.py", line 210, in publisher_update_task
    ret = xmlrpcapi(api).publisherUpdate('/master', topic, pub_uris)
  File "/usr/lib/python3.8/xmlrpc/client.py", line 1109, in __call__
    return self.__send(self.__name, args)
  File "/usr/lib/python3.8/xmlrpc/client.py", line 1450, in __request
    response = self.__transport.request(
  File "/usr/lib/python3.8/xmlrpc/client.py", line 1153, in request
    return self.single_request(host, handler, request_body, verbose)
  File "/usr/lib/python3.8/xmlrpc/client.py", line 1169, in single_request
    return self.parse_response(resp)
  File "/usr/lib/python3.8/xmlrpc/client.py", line 1341, in parse_response
    return u.close()
  File "/usr/lib/python3.8/xmlrpc/client.py", line 655, in close
    raise Fault(**self._stack[0])
xmlrpc.client.Fault: <Fault -1: 'publisherUpdate: unknown method name'>

[rosmaster.threadpool][ERROR] 2026-05-06 19:15:26,094: Traceback (most recent call last):
  File "/opt/ros/noetic/lib/python3/dist-packages/rosmaster/threadpool.py", line 218, in run
    result = cmd(*args)
  File "/opt/ros/noetic/lib/python3/dist-packages/rosmaster/master_api.py", line 210, in publisher_update_task
    ret = xmlrpcapi(api).publisherUpdate('/master', topic, pub_uris)
  File "/usr/lib/python3.8/xmlrpc/client.py", line 1109, in __call__
    return self.__send(self.__name, args)
  File "/usr/lib/python3.8/xmlrpc/client.py", line 1450, in __request
    response = self.__transport.request(
  File "/usr/lib/python3.8/xmlrpc/client.py", line 1153, in request
    return self.single_request(host, handler, request_body, verbose)
  File "/usr/lib/python3.8/xmlrpc/client.py", line 1169, in single_request
    return self.parse_response(resp)
  File "/usr/lib/python3.8/xmlrpc/client.py", line 1341, in parse_response
    return u.close()
  File "/usr/lib/python3.8/xmlrpc/client.py", line 655, in close
    raise Fault(**self._stack[0])
xmlrpc.client.Fault: <Fault -1: 'publisherUpdate: unknown method name'>

[rosmaster.master][INFO] 2026-05-06 19:15:26,191: -PUB [/rosout] /onlane_ai_agent_1 http://y:41339/
[rosmaster.master][INFO] 2026-05-06 19:15:26,192: -PUB [/ctrl/agent_1] /onlane_ai_agent_1 http://y:41339/
[rosmaster.master][INFO] 2026-05-06 19:15:26,193: -PUB [/rosout] /test_ssc_with_mpdm_0 http://y:40443/
[rosmaster.master][INFO] 2026-05-06 19:15:26,193: -PUB [/tf] /onlane_ai_agent_1 http://y:41339/
[rosmaster.master][INFO] 2026-05-06 19:15:26,194: publisherUpdate[/rosout] -> http://y:34683/ ['http://y:40443/']
[rosmaster.master][INFO] 2026-05-06 19:15:26,195: publisherUpdate[/rosout] -> http://y:34683/ ['http://y:40443/']: sec=0.00, result=[1, '', 0]
[rosmaster.master][INFO] 2026-05-06 19:15:26,195: publisherUpdate[/rosout] -> http://y:34683/ []
[rosmaster.master][INFO] 2026-05-06 19:15:26,196: -PUB [/tf] /test_ssc_with_mpdm_0 http://y:40443/
[rosmaster.master][INFO] 2026-05-06 19:15:26,196: publisherUpdate[/rosout] -> http://y:34683/ []: sec=0.00, result=[1, '', 0]
[rosmaster.master][INFO] 2026-05-06 19:15:26,196: -PUB [/vis/agent_1/ego_vehicle_vis] /onlane_ai_agent_1 http://y:41339/
[rosmaster.master][INFO] 2026-05-06 19:15:26,197: -PUB [/vis/agent_0/ego_vehicle_vis] /test_ssc_with_mpdm_0 http://y:40443/
[rosmaster.master][INFO] 2026-05-06 19:15:26,197: -PUB [/vis/agent_1/obstacle_map] /onlane_ai_agent_1 http://y:41339/
[rosmaster.master][INFO] 2026-05-06 19:15:26,197: -PUB [/vis/agent_0/obstacle_map] /test_ssc_with_mpdm_0 http://y:40443/
[rosmaster.master][INFO] 2026-05-06 19:15:26,197: -PUB [/vis/agent_1/surrounding_lane_net_vis] /onlane_ai_agent_1 http://y:41339/
[rosmaster.master][INFO] 2026-05-06 19:15:26,198: -PUB [/vis/agent_0/surrounding_lane_net_vis] /test_ssc_with_mpdm_0 http://y:40443/
[rosmaster.master][INFO] 2026-05-06 19:15:26,198: -PUB [/vis/agent_1/local_lanes_vis] /onlane_ai_agent_1 http://y:41339/
[rosmaster.master][INFO] 2026-05-06 19:15:26,198: -PUB [/vis/agent_0/local_lanes_vis] /test_ssc_with_mpdm_0 http://y:40443/
[rosmaster.master][INFO] 2026-05-06 19:15:26,198: -PUB [/vis/agent_0/ego_behavior_vis] /test_ssc_with_mpdm_0 http://y:40443/
[rosmaster.master][INFO] 2026-05-06 19:15:26,198: -PUB [/vis/agent_1/ego_behavior_vis] /onlane_ai_agent_1 http://y:41339/
[rosmaster.master][INFO] 2026-05-06 19:15:26,199: -PUB [/vis/agent_0/pred_traj_openloop_vis] /test_ssc_with_mpdm_0 http://y:40443/
[rosmaster.master][INFO] 2026-05-06 19:15:26,199: -PUB [/vis/agent_1/pred_traj_openloop_vis] /onlane_ai_agent_1 http://y:41339/
[rosmaster.master][INFO] 2026-05-06 19:15:26,199: -PUB [/vis/agent_0/pred_initial_intention_vis] /test_ssc_with_mpdm_0 http://y:40443/
[rosmaster.master][INFO] 2026-05-06 19:15:26,199: -PUB [/vis/agent_0/surrounding_vehicle_vis] /test_ssc_with_mpdm_0 http://y:40443/
[rosmaster.master][INFO] 2026-05-06 19:15:26,199: -PUB [/vis/agent_1/pred_initial_intention_vis] /onlane_ai_agent_1 http://y:41339/
[rosmaster.master][INFO] 2026-05-06 19:15:26,199: -PUB [/vis/agent_0/speed_limit] /test_ssc_with_mpdm_0 http://y:40443/
[rosmaster.master][INFO] 2026-05-06 19:15:26,200: -PUB [/vis/agent_0/ssc/map_vis] /test_ssc_with_mpdm_0 http://y:40443/
[rosmaster.master][INFO] 2026-05-06 19:15:26,200: -PUB [/vis/agent_1/surrounding_vehicle_vis] /onlane_ai_agent_1 http://y:41339/
[rosmaster.master][INFO] 2026-05-06 19:15:26,200: -PUB [/vis/agent_0/ssc/qp_vis] /test_ssc_with_mpdm_0 http://y:40443/
[rosmaster.master][INFO] 2026-05-06 19:15:26,200: -PUB [/vis/agent_0/ssc/ego_fs_vis] /test_ssc_with_mpdm_0 http://y:40443/
[rosmaster.master][INFO] 2026-05-06 19:15:26,200: -PUB [/vis/agent_1/speed_limit] /onlane_ai_agent_1 http://y:41339/
[rosmaster.master][INFO] 2026-05-06 19:15:26,200: -PUB [/vis/agent_0/ssc/forward_trajs_vis] /test_ssc_with_mpdm_0 http://y:40443/
[rosmaster.master][INFO] 2026-05-06 19:15:26,200: -PUB [/vis/agent_0/ssc/sur_vehicle_trajs_vis] /test_ssc_with_mpdm_0 http://y:40443/
[rosmaster.master][INFO] 2026-05-06 19:15:26,200: -PUB [/vis/agent_1/forward_trajs] /onlane_ai_agent_1 http://y:41339/
[rosmaster.master][INFO] 2026-05-06 19:15:26,201: -PUB [/vis/agent_0/ssc/corridor_vis] /test_ssc_with_mpdm_0 http://y:40443/
[rosmaster.master][INFO] 2026-05-06 19:15:26,201: -PUB [/ctrl/agent_0] /test_ssc_with_mpdm_0 http://y:40443/
[rosmaster.master][INFO] 2026-05-06 19:15:26,201: -SUB [/arena_info_static] /onlane_ai_agent_1 http://y:41339/
[rosmaster.master][INFO] 2026-05-06 19:15:26,201: -PUB [/test_ssc_with_mpdm_0/ssc_map] /test_ssc_with_mpdm_0 http://y:40443/
[rosmaster.master][INFO] 2026-05-06 19:15:26,201: -PUB [/vis/agent_0/ssc/exec_traj] /test_ssc_with_mpdm_0 http://y:40443/
[rosmaster.master][INFO] 2026-05-06 19:15:26,201: -SUB [/arena_info_dynamic] /onlane_ai_agent_1 http://y:41339/
[rosmaster.master][INFO] 2026-05-06 19:15:26,201: -PUB [/vis/agent_0/forward_trajs] /test_ssc_with_mpdm_0 http://y:40443/
[rosmaster.master][INFO] 2026-05-06 19:15:26,202: -SUB [/joy] /onlane_ai_agent_1 http://y:41339/
[rosmaster.master][INFO] 2026-05-06 19:15:26,202: -SUB [/joy] /test_ssc_with_mpdm_0 http://y:40443/
[rosmaster.master][INFO] 2026-05-06 19:15:26,202: -SERVICE [/onlane_ai_agent_1/get_loggers] /onlane_ai_agent_1 rosrpc://y:35035
[rosmaster.master][INFO] 2026-05-06 19:15:26,202: -SUB [/arena_info_static] /test_ssc_with_mpdm_0 http://y:40443/
[rosmaster.master][INFO] 2026-05-06 19:15:26,202: -SERVICE [/onlane_ai_agent_1/set_logger_level] /onlane_ai_agent_1 rosrpc://y:35035
[rosmaster.master][INFO] 2026-05-06 19:15:26,202: -SUB [/arena_info_dynamic] /test_ssc_with_mpdm_0 http://y:40443/
[rosmaster.master][INFO] 2026-05-06 19:15:26,202: -SERVICE [/test_ssc_with_mpdm_0/get_loggers] /test_ssc_with_mpdm_0 rosrpc://y:38795
[rosmaster.master][INFO] 2026-05-06 19:15:26,202: -SERVICE [/test_ssc_with_mpdm_0/set_logger_level] /test_ssc_with_mpdm_0 rosrpc://y:38795
[rosmaster.master][INFO] 2026-05-06 19:15:26,497: -PUB [/rosout_agg] /rosout http://y:34683/
[rosmaster.master][INFO] 2026-05-06 19:15:26,497: -SUB [/rosout] /rosout http://y:34683/
[rosmaster.master][INFO] 2026-05-06 19:15:26,497: -SERVICE [/rosout/get_loggers] /rosout rosrpc://y:38907
[rosmaster.master][INFO] 2026-05-06 19:15:26,498: -SERVICE [/rosout/set_logger_level] /rosout rosrpc://y:38907
[rosmaster.main][INFO] 2026-05-06 19:15:26,562: keyboard interrupt, will exit
[rosmaster.main][INFO] 2026-05-06 19:15:26,563: stopping master...
[rospy.core][INFO] 2026-05-06 19:15:26,563: signal_shutdown [atexit]
