[rosmaster.main][INFO] 2026-05-06 17:49:37,068: initialization complete, waiting for shutdown
[rosmaster.main][INFO] 2026-05-06 17:49:37,068: Starting ROS Master Node
[xmlrpc][INFO] 2026-05-06 17:49:37,069: XML-RPC server binding to 0.0.0.0:11311
[xmlrpc][INFO] 2026-05-06 17:49:37,069: Started XML-RPC server [http://y:11311/]
[xmlrpc][INFO] 2026-05-06 17:49:37,069: xml rpc node: starting XML-RPC server
[rosmaster.master][INFO] 2026-05-06 17:49:37,070: Master initialized: port[11311], uri[http://y:11311/]
[rosmaster.master][INFO] 2026-05-06 17:49:37,090: +PARAM [/run_id] by /roslaunch
[rosmaster.master][INFO] 2026-05-06 17:49:37,090: +PARAM [/roslaunch/uris/host_y__44389] by /roslaunch
[rosmaster.master][INFO] 2026-05-06 17:49:37,113: +PARAM [/rosversion] by /roslaunch
[rosmaster.master][INFO] 2026-05-06 17:49:37,113: +PARAM [/rosdistro] by /roslaunch
[rosmaster.master][INFO] 2026-05-06 17:49:37,113: +PARAM [/test_ssc_with_eudm_0/ego_id] by /roslaunch
[rosmaster.master][INFO] 2026-05-06 17:49:37,113: +PARAM [/test_ssc_with_eudm_0/agent_config_path] by /roslaunch
[rosmaster.master][INFO] 2026-05-06 17:49:37,113: +PARAM [/test_ssc_with_eudm_0/bp_config_path] by /roslaunch
[rosmaster.master][INFO] 2026-05-06 17:49:37,113: +PARAM [/test_ssc_with_eudm_0/ssc_config_path] by /roslaunch
[rosmaster.master][INFO] 2026-05-06 17:49:37,114: +PARAM [/test_ssc_with_eudm_0/desired_vel] by /roslaunch
[rosmaster.master][INFO] 2026-05-06 17:49:37,114: +PARAM [/test_ssc_with_eudm_0/use_sim_state] by /roslaunch
[rosmaster.master][INFO] 2026-05-06 17:49:37,114: +PARAM [/onlane_ai_agent_1/ego_id] by /roslaunch
[rosmaster.master][INFO] 2026-05-06 17:49:37,114: +PARAM [/onlane_ai_agent_1/agent_config_path] by /roslaunch
[rosmaster.master][INFO] 2026-05-06 17:49:37,114: +PARAM [/onlane_ai_agent_1/desired_vel] by /roslaunch
[rosmaster.master][INFO] 2026-05-06 17:49:37,114: +PARAM [/onlane_ai_agent_1/autonomous_level] by /roslaunch
[rosmaster.master][INFO] 2026-05-06 17:49:37,114: +PARAM [/onlane_ai_agent_1/aggressiveness_level] by /roslaunch
[rosmaster.master][INFO] 2026-05-06 17:49:37,114: +PARAM [/onlane_ai_agent_2/ego_id] by /roslaunch
[rosmaster.master][INFO] 2026-05-06 17:49:37,114: +PARAM [/onlane_ai_agent_2/agent_config_path] by /roslaunch
[rosmaster.master][INFO] 2026-05-06 17:49:37,114: +PARAM [/onlane_ai_agent_2/desired_vel] by /roslaunch
[rosmaster.master][INFO] 2026-05-06 17:49:37,114: +PARAM [/onlane_ai_agent_2/autonomous_level] by /roslaunch
[rosmaster.master][INFO] 2026-05-06 17:49:37,114: +PARAM [/onlane_ai_agent_2/aggressiveness_level] by /roslaunch
[rosmaster.master][INFO] 2026-05-06 17:49:37,114: +PARAM [/onlane_ai_agent_3/ego_id] by /roslaunch
[rosmaster.master][INFO] 2026-05-06 17:49:37,114: +PARAM [/onlane_ai_agent_3/agent_config_path] by /roslaunch
[rosmaster.master][INFO] 2026-05-06 17:49:37,114: +PARAM [/onlane_ai_agent_3/desired_vel] by /roslaunch
[rosmaster.master][INFO] 2026-05-06 17:49:37,114: +PARAM [/onlane_ai_agent_3/autonomous_level] by /roslaunch
[rosmaster.master][INFO] 2026-05-06 17:49:37,114: +PARAM [/onlane_ai_agent_3/aggressiveness_level] by /roslaunch
[rosmaster.master][INFO] 2026-05-06 17:49:37,114: +PARAM [/onlane_ai_agent_4/ego_id] by /roslaunch
[rosmaster.master][INFO] 2026-05-06 17:49:37,114: +PARAM [/onlane_ai_agent_4/agent_config_path] by /roslaunch
[rosmaster.master][INFO] 2026-05-06 17:49:37,114: +PARAM [/onlane_ai_agent_4/desired_vel] by /roslaunch
[rosmaster.master][INFO] 2026-05-06 17:49:37,114: +PARAM [/onlane_ai_agent_4/autonomous_level] by /roslaunch
[rosmaster.master][INFO] 2026-05-06 17:49:37,114: +PARAM [/onlane_ai_agent_4/aggressiveness_level] by /roslaunch
[rosmaster.master][INFO] 2026-05-06 17:49:37,114: +PARAM [/onlane_ai_agent_5/ego_id] by /roslaunch
[rosmaster.master][INFO] 2026-05-06 17:49:37,114: +PARAM [/onlane_ai_agent_5/agent_config_path] by /roslaunch
[rosmaster.master][INFO] 2026-05-06 17:49:37,114: +PARAM [/onlane_ai_agent_5/desired_vel] by /roslaunch
[rosmaster.master][INFO] 2026-05-06 17:49:37,114: +PARAM [/onlane_ai_agent_5/autonomous_level] by /roslaunch
[rosmaster.master][INFO] 2026-05-06 17:49:37,114: +PARAM [/onlane_ai_agent_5/aggressiveness_level] by /roslaunch
[rosmaster.master][INFO] 2026-05-06 17:49:37,114: +PARAM [/onlane_ai_agent_6/ego_id] by /roslaunch
[rosmaster.master][INFO] 2026-05-06 17:49:37,114: +PARAM [/onlane_ai_agent_6/agent_config_path] by /roslaunch
[rosmaster.master][INFO] 2026-05-06 17:49:37,114: +PARAM [/onlane_ai_agent_6/desired_vel] by /roslaunch
[rosmaster.master][INFO] 2026-05-06 17:49:37,114: +PARAM [/onlane_ai_agent_6/autonomous_level] by /roslaunch
[rosmaster.master][INFO] 2026-05-06 17:49:37,114: +PARAM [/onlane_ai_agent_6/aggressiveness_level] by /roslaunch
[rosmaster.master][INFO] 2026-05-06 17:49:37,114: +PARAM [/onlane_ai_agent_7/ego_id] by /roslaunch
[rosmaster.master][INFO] 2026-05-06 17:49:37,114: +PARAM [/onlane_ai_agent_7/agent_config_path] by /roslaunch
[rosmaster.master][INFO] 2026-05-06 17:49:37,114: +PARAM [/onlane_ai_agent_7/desired_vel] by /roslaunch
[rosmaster.master][INFO] 2026-05-06 17:49:37,114: +PARAM [/onlane_ai_agent_7/autonomous_level] by /roslaunch
[rosmaster.master][INFO] 2026-05-06 17:49:37,114: +PARAM [/onlane_ai_agent_7/aggressiveness_level] by /roslaunch
[rosmaster.master][INFO] 2026-05-06 17:49:37,114: +PARAM [/onlane_ai_agent_8/ego_id] by /roslaunch
[rosmaster.master][INFO] 2026-05-06 17:49:37,114: +PARAM [/onlane_ai_agent_8/agent_config_path] by /roslaunch
[rosmaster.master][INFO] 2026-05-06 17:49:37,114: +PARAM [/onlane_ai_agent_8/desired_vel] by /roslaunch
[rosmaster.master][INFO] 2026-05-06 17:49:37,114: +PARAM [/onlane_ai_agent_8/autonomous_level] by /roslaunch
[rosmaster.master][INFO] 2026-05-06 17:49:37,114: +PARAM [/onlane_ai_agent_8/aggressiveness_level] by /roslaunch
[rosmaster.master][INFO] 2026-05-06 17:49:37,114: +PARAM [/onlane_ai_agent_9/ego_id] by /roslaunch
[rosmaster.master][INFO] 2026-05-06 17:49:37,114: +PARAM [/onlane_ai_agent_9/agent_config_path] by /roslaunch
[rosmaster.master][INFO] 2026-05-06 17:49:37,115: +PARAM [/onlane_ai_agent_9/desired_vel] by /roslaunch
[rosmaster.master][INFO] 2026-05-06 17:49:37,115: +PARAM [/onlane_ai_agent_9/autonomous_level] by /roslaunch
[rosmaster.master][INFO] 2026-05-06 17:49:37,115: +PARAM [/onlane_ai_agent_9/aggressiveness_level] by /roslaunch
[rosmaster.master][INFO] 2026-05-06 17:49:37,115: +PARAM [/onlane_ai_agent_10/ego_id] by /roslaunch
[rosmaster.master][INFO] 2026-05-06 17:49:37,115: +PARAM [/onlane_ai_agent_10/agent_config_path] by /roslaunch
[rosmaster.master][INFO] 2026-05-06 17:49:37,115: +PARAM [/onlane_ai_agent_10/desired_vel] by /roslaunch
[rosmaster.master][INFO] 2026-05-06 17:49:37,115: +PARAM [/onlane_ai_agent_10/autonomous_level] by /roslaunch
[rosmaster.master][INFO] 2026-05-06 17:49:37,115: +PARAM [/onlane_ai_agent_10/aggressiveness_level] by /roslaunch
[rosmaster.master][INFO] 2026-05-06 17:49:37,115: +PARAM [/phy_simulator_planning_node/vehicle_info_path] by /roslaunch
[rosmaster.master][INFO] 2026-05-06 17:49:37,115: +PARAM [/phy_simulator_planning_node/map_path] by /roslaunch
[rosmaster.master][INFO] 2026-05-06 17:49:37,115: +PARAM [/phy_simulator_planning_node/lane_net_path] by /roslaunch
[rosmaster.master][INFO] 2026-05-06 17:49:37,115: +SERVICE [/rosout/get_loggers] /rosout http://y:45541/
[rosmaster.master][INFO] 2026-05-06 17:49:37,116: +SERVICE [/rosout/set_logger_level] /rosout http://y:45541/
[rosmaster.master][INFO] 2026-05-06 17:49:37,116: +PUB [/rosout_agg] /rosout http://y:45541/
[rosmaster.master][INFO] 2026-05-06 17:49:37,117: +SUB [/rosout] /rosout http://y:45541/
[rosmaster.master][INFO] 2026-05-06 17:49:37,142: +PUB [/rosout] /test_ssc_with_eudm_0 http://y:43289/
[rosmaster.master][INFO] 2026-05-06 17:49:37,143: +SERVICE [/test_ssc_with_eudm_0/get_loggers] /test_ssc_with_eudm_0 http://y:43289/
[rosmaster.master][INFO] 2026-05-06 17:49:37,143: +SERVICE [/test_ssc_with_eudm_0/set_logger_level] /test_ssc_with_eudm_0 http://y:43289/
[rosmaster.master][INFO] 2026-05-06 17:49:37,144: +CACHEDPARAM [/rosout_disable_topics_generation] by /test_ssc_with_eudm_0
[rosmaster.master][INFO] 2026-05-06 17:49:37,146: +PUB [/rosout] /onlane_ai_agent_1 http://y:45511/
[rosmaster.master][INFO] 2026-05-06 17:49:37,149: +SERVICE [/onlane_ai_agent_1/get_loggers] /onlane_ai_agent_1 http://y:45511/
[rosmaster.master][INFO] 2026-05-06 17:49:37,155: +PUB [/rosout] /onlane_ai_agent_2 http://y:35617/
[rosmaster.master][INFO] 2026-05-06 17:49:37,157: +PUB [/rosout] /onlane_ai_agent_4 http://y:43257/
[rosmaster.master][INFO] 2026-05-06 17:49:37,157: +SERVICE [/onlane_ai_agent_2/get_loggers] /onlane_ai_agent_2 http://y:35617/
[rosmaster.master][INFO] 2026-05-06 17:49:37,157: +SERVICE [/onlane_ai_agent_2/set_logger_level] /onlane_ai_agent_2 http://y:35617/
[rosmaster.master][INFO] 2026-05-06 17:49:37,158: +PUB [/ctrl/agent_2] /onlane_ai_agent_2 http://y:35617/
[rosmaster.master][INFO] 2026-05-06 17:49:37,160: +PUB [/rosout] /onlane_ai_agent_3 http://y:39299/
[rosmaster.master][INFO] 2026-05-06 17:49:37,163: +PUB [/rosout] /onlane_ai_agent_6 http://y:35317/
[rosmaster.master][INFO] 2026-05-06 17:49:37,164: +SERVICE [/onlane_ai_agent_6/get_loggers] /onlane_ai_agent_6 http://y:35317/
[rosmaster.master][INFO] 2026-05-06 17:49:37,164: +SERVICE [/onlane_ai_agent_6/set_logger_level] /onlane_ai_agent_6 http://y:35317/
[rosmaster.master][INFO] 2026-05-06 17:49:37,175: publisherUpdate[/rosout] -> http://y:45541/ ['http://y:43289/']
[rosmaster.master][INFO] 2026-05-06 17:49:37,176: +SERVICE [/onlane_ai_agent_3/get_loggers] /onlane_ai_agent_3 http://y:39299/
[rosmaster.master][INFO] 2026-05-06 17:49:37,177: +SERVICE [/onlane_ai_agent_1/set_logger_level] /onlane_ai_agent_1 http://y:45511/
[rosmaster.master][INFO] 2026-05-06 17:49:37,178: +PUB [/rosout] /onlane_ai_agent_5 http://y:39807/
[rosmaster.master][INFO] 2026-05-06 17:49:37,178: +PUB [/tf] /test_ssc_with_eudm_0 http://y:43289/
[rosmaster.master][INFO] 2026-05-06 17:49:37,181: +SERVICE [/onlane_ai_agent_4/get_loggers] /onlane_ai_agent_4 http://y:43257/
[rosmaster.master][INFO] 2026-05-06 17:49:37,183: publisherUpdate[/rosout] -> http://y:45541/ ['http://y:43289/']: sec=0.01, result=[1, '', 0]
[rosmaster.master][INFO] 2026-05-06 17:49:37,183: publisherUpdate[/rosout] -> http://y:45541/ ['http://y:43289/', 'http://y:45511/']
[rosmaster.master][INFO] 2026-05-06 17:49:37,184: +SERVICE [/onlane_ai_agent_3/set_logger_level] /onlane_ai_agent_3 http://y:39299/
[rosmaster.master][INFO] 2026-05-06 17:49:37,184: +SERVICE [/onlane_ai_agent_5/get_loggers] /onlane_ai_agent_5 http://y:39807/
[rosmaster.master][INFO] 2026-05-06 17:49:37,184: +PUB [/vis/agent_0/ego_vehicle_vis] /test_ssc_with_eudm_0 http://y:43289/
[rosmaster.master][INFO] 2026-05-06 17:49:37,184: publisherUpdate[/rosout] -> http://y:45541/ ['http://y:43289/', 'http://y:45511/']: sec=0.00, result=[1, '', 0]
[rosmaster.master][INFO] 2026-05-06 17:49:37,185: publisherUpdate[/rosout] -> http://y:45541/ ['http://y:43289/', 'http://y:45511/', 'http://y:35617/']
[rosmaster.master][INFO] 2026-05-06 17:49:37,184: +PUB [/rosout] /onlane_ai_agent_7 http://y:36007/
[rosmaster.master][INFO] 2026-05-06 17:49:37,185: +PUB [/ctrl/agent_6] /onlane_ai_agent_6 http://y:35317/
[rosmaster.master][INFO] 2026-05-06 17:49:37,185: +SERVICE [/onlane_ai_agent_4/set_logger_level] /onlane_ai_agent_4 http://y:43257/
[rosmaster.master][INFO] 2026-05-06 17:49:37,185: publisherUpdate[/rosout] -> http://y:45541/ ['http://y:43289/', 'http://y:45511/', 'http://y:35617/']: sec=0.00, result=[1, '', 0]
[rosmaster.master][INFO] 2026-05-06 17:49:37,190: publisherUpdate[/rosout] -> http://y:45541/ ['http://y:43289/', 'http://y:45511/', 'http://y:35617/', 'http://y:43257/']
[rosmaster.master][INFO] 2026-05-06 17:49:37,190: +PUB [/vis/agent_0/obstacle_map] /test_ssc_with_eudm_0 http://y:43289/
[rosmaster.master][INFO] 2026-05-06 17:49:37,191: publisherUpdate[/rosout] -> http://y:45541/ ['http://y:43289/', 'http://y:45511/', 'http://y:35617/', 'http://y:43257/']: sec=0.00, result=[1, '', 0]
[rosmaster.master][INFO] 2026-05-06 17:49:37,191: publisherUpdate[/rosout] -> http://y:45541/ ['http://y:43289/', 'http://y:45511/', 'http://y:35617/', 'http://y:43257/', 'http://y:39299/']
[rosmaster.master][INFO] 2026-05-06 17:49:37,191: +SERVICE [/onlane_ai_agent_5/set_logger_level] /onlane_ai_agent_5 http://y:39807/
[rosmaster.master][INFO] 2026-05-06 17:49:37,192: +SERVICE [/onlane_ai_agent_7/get_loggers] /onlane_ai_agent_7 http://y:36007/
[rosmaster.master][INFO] 2026-05-06 17:49:37,192: +PUB [/ctrl/agent_1] /onlane_ai_agent_1 http://y:45511/
[rosmaster.master][INFO] 2026-05-06 17:49:37,192: +SERVICE [/onlane_ai_agent_7/set_logger_level] /onlane_ai_agent_7 http://y:36007/
[rosmaster.master][INFO] 2026-05-06 17:49:37,192: publisherUpdate[/rosout] -> http://y:45541/ ['http://y:43289/', 'http://y:45511/', 'http://y:35617/', 'http://y:43257/', 'http://y:39299/']: sec=0.00, result=[1, '', 0]
[rosmaster.master][INFO] 2026-05-06 17:49:37,192: publisherUpdate[/rosout] -> http://y:45541/ ['http://y:43289/', 'http://y:45511/', 'http://y:35617/', 'http://y:43257/', 'http://y:39299/', 'http://y:35317/']
[rosmaster.master][INFO] 2026-05-06 17:49:37,193: +PUB [/vis/agent_0/surrounding_lane_net_vis] /test_ssc_with_eudm_0 http://y:43289/
[rosmaster.master][INFO] 2026-05-06 17:49:37,193: publisherUpdate[/rosout] -> http://y:45541/ ['http://y:43289/', 'http://y:45511/', 'http://y:35617/', 'http://y:43257/', 'http://y:39299/', 'http://y:35317/']: sec=0.00, result=[1, '', 0]
[rosmaster.master][INFO] 2026-05-06 17:49:37,193: publisherUpdate[/rosout] -> http://y:45541/ ['http://y:43289/', 'http://y:45511/', 'http://y:35617/', 'http://y:43257/', 'http://y:39299/', 'http://y:35317/', 'http://y:39807/']
[rosmaster.master][INFO] 2026-05-06 17:49:37,193: +PUB [/rosout] /onlane_ai_agent_10 http://y:39157/
[rosmaster.master][INFO] 2026-05-06 17:49:37,194: +PUB [/rosout] /onlane_ai_agent_9 http://y:45741/
[rosmaster.master][INFO] 2026-05-06 17:49:37,193: publisherUpdate[/rosout] -> http://y:45541/ ['http://y:43289/', 'http://y:45511/', 'http://y:35617/', 'http://y:43257/', 'http://y:39299/', 'http://y:35317/', 'http://y:39807/']: sec=0.00, result=[1, '', 0]
[rosmaster.master][INFO] 2026-05-06 17:49:37,194: publisherUpdate[/rosout] -> http://y:45541/ ['http://y:43289/', 'http://y:45511/', 'http://y:35617/', 'http://y:43257/', 'http://y:39299/', 'http://y:35317/', 'http://y:39807/', 'http://y:36007/']
[rosmaster.master][INFO] 2026-05-06 17:49:37,194: publisherUpdate[/rosout] -> http://y:45541/ ['http://y:43289/', 'http://y:45511/', 'http://y:35617/', 'http://y:43257/', 'http://y:39299/', 'http://y:35317/', 'http://y:39807/', 'http://y:36007/']: sec=0.00, result=[1, '', 0]
[rosmaster.master][INFO] 2026-05-06 17:49:37,194: publisherUpdate[/rosout] -> http://y:45541/ ['http://y:43289/', 'http://y:45511/', 'http://y:35617/', 'http://y:43257/', 'http://y:39299/', 'http://y:35317/', 'http://y:39807/', 'http://y:36007/', 'http://y:39157/']
[rosmaster.master][INFO] 2026-05-06 17:49:37,194: publisherUpdate[/rosout] -> http://y:45541/ ['http://y:43289/', 'http://y:45511/', 'http://y:35617/', 'http://y:43257/', 'http://y:39299/', 'http://y:35317/', 'http://y:39807/', 'http://y:36007/', 'http://y:39157/']: sec=0.00, result=[1, '', 0]
[rosmaster.master][INFO] 2026-05-06 17:49:37,195: publisherUpdate[/rosout] -> http://y:45541/ ['http://y:43289/', 'http://y:45511/', 'http://y:35617/', 'http://y:43257/', 'http://y:39299/', 'http://y:35317/', 'http://y:39807/', 'http://y:36007/', 'http://y:39157/', 'http://y:45741/']
[rosmaster.master][INFO] 2026-05-06 17:49:37,195: publisherUpdate[/rosout] -> http://y:45541/ ['http://y:43289/', 'http://y:45511/', 'http://y:35617/', 'http://y:43257/', 'http://y:39299/', 'http://y:35317/', 'http://y:39807/', 'http://y:36007/', 'http://y:39157/', 'http://y:45741/']: sec=0.00, result=[1, '', 0]
[rosmaster.master][INFO] 2026-05-06 17:49:37,195: publisherUpdate[/rosout] -> http://y:45541/ ['http://y:43289/', 'http://y:45511/', 'http://y:35617/', 'http://y:43257/', 'http://y:39299/', 'http://y:35317/', 'http://y:39807/', 'http://y:36007/', 'http://y:39157/', 'http://y:45741/', 'http://y:36531/']
[rosmaster.master][INFO] 2026-05-06 17:49:37,195: +PUB [/rosout] /phy_simulator_planning_node http://y:36531/
[rosmaster.master][INFO] 2026-05-06 17:49:37,198: +PUB [/rosout] /onlane_ai_agent_8 http://y:36973/
[rosmaster.master][INFO] 2026-05-06 17:49:37,199: +PUB [/vis/agent_0/local_lanes_vis] /test_ssc_with_eudm_0 http://y:43289/
[rosmaster.master][INFO] 2026-05-06 17:49:37,199: +SERVICE [/phy_simulator_planning_node/get_loggers] /phy_simulator_planning_node http://y:36531/
[rosmaster.master][INFO] 2026-05-06 17:49:37,202: +SERVICE [/onlane_ai_agent_10/get_loggers] /onlane_ai_agent_10 http://y:39157/
[rosmaster.master][INFO] 2026-05-06 17:49:37,204: +SERVICE [/phy_simulator_planning_node/set_logger_level] /phy_simulator_planning_node http://y:36531/
[rosmaster.master][INFO] 2026-05-06 17:49:37,205: +SERVICE [/onlane_ai_agent_10/set_logger_level] /onlane_ai_agent_10 http://y:39157/
[rosmaster.master][INFO] 2026-05-06 17:49:37,206: +SERVICE [/onlane_ai_agent_9/get_loggers] /onlane_ai_agent_9 http://y:45741/
[rosmaster.master][INFO] 2026-05-06 17:49:37,206: publisherUpdate[/rosout] -> http://y:45541/ ['http://y:43289/', 'http://y:45511/', 'http://y:35617/', 'http://y:43257/', 'http://y:39299/', 'http://y:35317/', 'http://y:39807/', 'http://y:36007/', 'http://y:39157/', 'http://y:45741/', 'http://y:36531/']: sec=0.01, result=[1, '', 0]
[rosmaster.master][INFO] 2026-05-06 17:49:37,206: publisherUpdate[/rosout] -> http://y:45541/ ['http://y:43289/', 'http://y:45511/', 'http://y:35617/', 'http://y:43257/', 'http://y:39299/', 'http://y:35317/', 'http://y:39807/', 'http://y:36007/', 'http://y:39157/', 'http://y:45741/', 'http://y:36531/', 'http://y:36973/']
[rosmaster.master][INFO] 2026-05-06 17:49:37,207: publisherUpdate[/rosout] -> http://y:45541/ ['http://y:43289/', 'http://y:45511/', 'http://y:35617/', 'http://y:43257/', 'http://y:39299/', 'http://y:35317/', 'http://y:39807/', 'http://y:36007/', 'http://y:39157/', 'http://y:45741/', 'http://y:36531/', 'http://y:36973/']: sec=0.00, result=[1, '', 0]
[rosmaster.master][INFO] 2026-05-06 17:49:37,212: +PUB [/ctrl/agent_3] /onlane_ai_agent_3 http://y:39299/
[rosmaster.master][INFO] 2026-05-06 17:49:37,212: +PUB [/ctrl/agent_7] /onlane_ai_agent_7 http://y:36007/
[rosmaster.master][INFO] 2026-05-06 17:49:37,214: +SERVICE [/onlane_ai_agent_8/get_loggers] /onlane_ai_agent_8 http://y:36973/
[rosmaster.master][INFO] 2026-05-06 17:49:37,217: +PUB [/vis/agent_0/ego_behavior_vis] /test_ssc_with_eudm_0 http://y:43289/
[rosmaster.master][INFO] 2026-05-06 17:49:37,217: +PUB [/vis/agent_0/pred_traj_openloop_vis] /test_ssc_with_eudm_0 http://y:43289/
[rosmaster.master][INFO] 2026-05-06 17:49:37,218: +PUB [/vis/agent_0/pred_initial_intention_vis] /test_ssc_with_eudm_0 http://y:43289/
[rosmaster.master][INFO] 2026-05-06 17:49:37,218: +PUB [/vis/agent_0/surrounding_vehicle_vis] /test_ssc_with_eudm_0 http://y:43289/
[rosmaster.master][INFO] 2026-05-06 17:49:37,219: +SERVICE [/onlane_ai_agent_9/set_logger_level] /onlane_ai_agent_9 http://y:45741/
[rosmaster.master][INFO] 2026-05-06 17:49:37,220: +PUB [/vis/agent_0/speed_limit] /test_ssc_with_eudm_0 http://y:43289/
[rosmaster.master][INFO] 2026-05-06 17:49:37,222: +PUB [/ctrl/agent_5] /onlane_ai_agent_5 http://y:39807/
[rosmaster.master][INFO] 2026-05-06 17:49:37,222: +PUB [/ctrl/agent_9] /onlane_ai_agent_9 http://y:45741/
[rosmaster.master][INFO] 2026-05-06 17:49:37,230: +PUB [/ctrl/agent_4] /onlane_ai_agent_4 http://y:43257/
[rosmaster.master][INFO] 2026-05-06 17:49:37,232: +PUB [/ctrl/agent_10] /onlane_ai_agent_10 http://y:39157/
[rosmaster.master][INFO] 2026-05-06 17:49:37,233: +PUB [/vis/agent_0/ssc/map_vis] /test_ssc_with_eudm_0 http://y:43289/
[rosmaster.master][INFO] 2026-05-06 17:49:37,236: +PUB [/vis/agent_0/ssc/qp_vis] /test_ssc_with_eudm_0 http://y:43289/
[rosmaster.master][INFO] 2026-05-06 17:49:37,247: +SERVICE [/onlane_ai_agent_8/set_logger_level] /onlane_ai_agent_8 http://y:36973/
[rosmaster.master][INFO] 2026-05-06 17:49:37,248: +PUB [/vis/agent_0/ssc/ego_fs_vis] /test_ssc_with_eudm_0 http://y:43289/
[rosmaster.master][INFO] 2026-05-06 17:49:37,253: +PUB [/vis/agent_0/ssc/forward_trajs_vis] /test_ssc_with_eudm_0 http://y:43289/
[rosmaster.master][INFO] 2026-05-06 17:49:37,255: +PUB [/vis/agent_0/ssc/sur_vehicle_trajs_vis] /test_ssc_with_eudm_0 http://y:43289/
[rosmaster.master][INFO] 2026-05-06 17:49:37,263: +PUB [/vis/agent_0/ssc/corridor_vis] /test_ssc_with_eudm_0 http://y:43289/
[rosmaster.master][INFO] 2026-05-06 17:49:37,269: +PUB [/ctrl/agent_8] /onlane_ai_agent_8 http://y:36973/
[rosmaster.master][INFO] 2026-05-06 17:49:37,277: +SUB [/joy] /test_ssc_with_eudm_0 http://y:43289/
[rosmaster.master][INFO] 2026-05-06 17:49:37,277: +PUB [/vis/agent_0/forward_trajs] /test_ssc_with_eudm_0 http://y:43289/
[rosmaster.master][INFO] 2026-05-06 17:49:37,279: +PUB [/ctrl/agent_0] /test_ssc_with_eudm_0 http://y:43289/
[rosmaster.master][INFO] 2026-05-06 17:49:37,279: +PUB [/test_ssc_with_eudm_0/ssc_map] /test_ssc_with_eudm_0 http://y:43289/
[rosmaster.master][INFO] 2026-05-06 17:49:37,280: +PUB [/vis/agent_0/ssc/exec_traj] /test_ssc_with_eudm_0 http://y:43289/
[rosmaster.master][INFO] 2026-05-06 17:49:37,281: +SUB [/arena_info_static] /test_ssc_with_eudm_0 http://y:43289/
[rosmaster.master][INFO] 2026-05-06 17:49:37,282: +SUB [/arena_info_dynamic] /test_ssc_with_eudm_0 http://y:43289/
[rosmaster.master][INFO] 2026-05-06 17:49:37,300: +PUB [/arena_info_static] /phy_simulator_planning_node http://y:36531/
[rosmaster.master][INFO] 2026-05-06 17:49:37,303: +PUB [/arena_info_dynamic] /phy_simulator_planning_node http://y:36531/
[rosmaster.master][INFO] 2026-05-06 17:49:37,303: +PUB [/phy_simulator_planning_node/vis/vehicle_set_vis] /phy_simulator_planning_node http://y:36531/
[rosmaster.master][INFO] 2026-05-06 17:49:37,304: +PUB [/phy_simulator_planning_node/vis/lane_net_vis] /phy_simulator_planning_node http://y:36531/
[rosmaster.master][INFO] 2026-05-06 17:49:37,304: +PUB [/phy_simulator_planning_node/vis/obstacle_set_vis] /phy_simulator_planning_node http://y:36531/
[rosmaster.master][INFO] 2026-05-06 17:49:37,306: +SUB [/ctrl/agent_10] /phy_simulator_planning_node http://y:36531/
[rosmaster.master][INFO] 2026-05-06 17:49:37,308: +SUB [/ctrl/agent_9] /phy_simulator_planning_node http://y:36531/
[rosmaster.master][INFO] 2026-05-06 17:49:37,310: +SUB [/ctrl/agent_8] /phy_simulator_planning_node http://y:36531/
[rosmaster.master][INFO] 2026-05-06 17:49:37,311: +SUB [/ctrl/agent_7] /phy_simulator_planning_node http://y:36531/
[rosmaster.master][INFO] 2026-05-06 17:49:37,313: +SUB [/ctrl/agent_6] /phy_simulator_planning_node http://y:36531/
[rosmaster.master][INFO] 2026-05-06 17:49:37,314: publisherUpdate[/arena_info_static] -> http://y:43289/ ['http://y:36531/']
[rosmaster.master][INFO] 2026-05-06 17:49:37,315: +SUB [/ctrl/agent_5] /phy_simulator_planning_node http://y:36531/
[rosmaster.master][INFO] 2026-05-06 17:49:37,316: +SUB [/ctrl/agent_4] /phy_simulator_planning_node http://y:36531/
[rosmaster.master][INFO] 2026-05-06 17:49:37,318: +SUB [/ctrl/agent_3] /phy_simulator_planning_node http://y:36531/
[rosmaster.master][INFO] 2026-05-06 17:49:37,319: publisherUpdate[/arena_info_static] -> http://y:43289/ ['http://y:36531/']: sec=0.01, result=[1, '', 0]
[rosmaster.master][INFO] 2026-05-06 17:49:37,319: publisherUpdate[/arena_info_dynamic] -> http://y:43289/ ['http://y:36531/']
[rosmaster.master][INFO] 2026-05-06 17:49:37,320: +SUB [/ctrl/agent_2] /phy_simulator_planning_node http://y:36531/
[rosmaster.master][INFO] 2026-05-06 17:49:37,321: +SUB [/ctrl/agent_1] /phy_simulator_planning_node http://y:36531/
[rosmaster.master][INFO] 2026-05-06 17:49:37,322: +SUB [/ctrl/agent_0] /phy_simulator_planning_node http://y:36531/
[rosmaster.master][INFO] 2026-05-06 17:49:37,323: publisherUpdate[/arena_info_dynamic] -> http://y:43289/ ['http://y:36531/']: sec=0.00, result=[1, '', 0]
[rosmaster.master][INFO] 2026-05-06 17:49:37,323: +SUB [/initialpose] /phy_simulator_planning_node http://y:36531/
[rosmaster.master][INFO] 2026-05-06 17:49:37,327: +SUB [/move_base_simple/goal] /phy_simulator_planning_node http://y:36531/
[rosmaster.master][INFO] 2026-05-06 17:49:37,592: +CACHEDPARAM [/rosout/omit_topics] by /rosout
[rosmaster.master][INFO] 2026-05-06 17:49:44,868: +PUB [/rosout] /epsilon_metric_collector_2929303_1778060984755 http://y:36533/
[rosmaster.master][INFO] 2026-05-06 17:49:44,869: +SERVICE [/epsilon_metric_collector_2929303_1778060984755/get_loggers] /epsilon_metric_collector_2929303_1778060984755 http://y:36533/
[rosmaster.master][INFO] 2026-05-06 17:49:44,870: +SERVICE [/epsilon_metric_collector_2929303_1778060984755/set_logger_level] /epsilon_metric_collector_2929303_1778060984755 http://y:36533/
[rosmaster.master][INFO] 2026-05-06 17:49:44,871: +SUB [/arena_info_dynamic] /epsilon_metric_collector_2929303_1778060984755 http://y:36533/
[rosmaster.master][INFO] 2026-05-06 17:49:44,889: publisherUpdate[/rosout] -> http://y:45541/ ['http://y:43289/', 'http://y:45511/', 'http://y:35617/', 'http://y:43257/', 'http://y:39299/', 'http://y:35317/', 'http://y:39807/', 'http://y:36007/', 'http://y:39157/', 'http://y:45741/', 'http://y:36531/', 'http://y:36973/', 'http://y:36533/']
[rosmaster.master][INFO] 2026-05-06 17:49:44,890: publisherUpdate[/rosout] -> http://y:45541/ ['http://y:43289/', 'http://y:45511/', 'http://y:35617/', 'http://y:43257/', 'http://y:39299/', 'http://y:35317/', 'http://y:39807/', 'http://y:36007/', 'http://y:39157/', 'http://y:45741/', 'http://y:36531/', 'http://y:36973/', 'http://y:36533/']: sec=0.00, result=[1, '', 0]
[rosmaster.master][INFO] 2026-05-06 17:51:44,546: -SUB [/arena_info_dynamic] /epsilon_metric_collector_2929303_1778060984755 http://y:36533/
[rosmaster.master][INFO] 2026-05-06 17:51:44,546: -PUB [/rosout] /epsilon_metric_collector_2929303_1778060984755 http://y:36533/
[rosmaster.master][INFO] 2026-05-06 17:51:44,546: -SERVICE [/epsilon_metric_collector_2929303_1778060984755/get_loggers] /epsilon_metric_collector_2929303_1778060984755 rosrpc://y:37337
[rosmaster.master][INFO] 2026-05-06 17:51:44,546: -SERVICE [/epsilon_metric_collector_2929303_1778060984755/set_logger_level] /epsilon_metric_collector_2929303_1778060984755 rosrpc://y:37337
[rosmaster.master][INFO] 2026-05-06 17:51:44,564: publisherUpdate[/rosout] -> http://y:45541/ ['http://y:43289/', 'http://y:45511/', 'http://y:35617/', 'http://y:43257/', 'http://y:39299/', 'http://y:35317/', 'http://y:39807/', 'http://y:36007/', 'http://y:39157/', 'http://y:45741/', 'http://y:36531/', 'http://y:36973/']
[rosmaster.master][INFO] 2026-05-06 17:51:44,565: publisherUpdate[/rosout] -> http://y:45541/ ['http://y:43289/', 'http://y:45511/', 'http://y:35617/', 'http://y:43257/', 'http://y:39299/', 'http://y:35317/', 'http://y:39807/', 'http://y:36007/', 'http://y:39157/', 'http://y:45741/', 'http://y:36531/', 'http://y:36973/']: sec=0.00, result=[1, '', 0]
[rosmaster.master][INFO] 2026-05-06 17:51:45,531: +PUB [/rosout] /rostopic_2994384_1778061105419 http://y:40693/
[rosmaster.master][INFO] 2026-05-06 17:51:45,532: +SERVICE [/rostopic_2994384_1778061105419/get_loggers] /rostopic_2994384_1778061105419 http://y:40693/
[rosmaster.master][INFO] 2026-05-06 17:51:45,533: +SERVICE [/rostopic_2994384_1778061105419/set_logger_level] /rostopic_2994384_1778061105419 http://y:40693/
[rosmaster.master][INFO] 2026-05-06 17:51:45,539: +SUB [/arena_info_dynamic] /rostopic_2994384_1778061105419 http://y:40693/
[rosmaster.master][INFO] 2026-05-06 17:51:45,567: publisherUpdate[/rosout] -> http://y:45541/ ['http://y:43289/', 'http://y:45511/', 'http://y:35617/', 'http://y:43257/', 'http://y:39299/', 'http://y:35317/', 'http://y:39807/', 'http://y:36007/', 'http://y:39157/', 'http://y:45741/', 'http://y:36531/', 'http://y:36973/', 'http://y:40693/']
[rosmaster.master][INFO] 2026-05-06 17:51:45,568: publisherUpdate[/rosout] -> http://y:45541/ ['http://y:43289/', 'http://y:45511/', 'http://y:35617/', 'http://y:43257/', 'http://y:39299/', 'http://y:35317/', 'http://y:39807/', 'http://y:36007/', 'http://y:39157/', 'http://y:45741/', 'http://y:36531/', 'http://y:36973/', 'http://y:40693/']: sec=0.00, result=[1, '', 0]
[rosmaster.master][INFO] 2026-05-06 17:52:00,168: -SUB [/arena_info_dynamic] /rostopic_2994384_1778061105419 http://y:40693/
[rosmaster.master][INFO] 2026-05-06 17:52:00,168: -PUB [/rosout] /rostopic_2994384_1778061105419 http://y:40693/
[rosmaster.master][INFO] 2026-05-06 17:52:00,168: -SERVICE [/rostopic_2994384_1778061105419/get_loggers] /rostopic_2994384_1778061105419 rosrpc://y:45787
[rosmaster.master][INFO] 2026-05-06 17:52:00,168: -SERVICE [/rostopic_2994384_1778061105419/set_logger_level] /rostopic_2994384_1778061105419 rosrpc://y:45787
[rosmaster.master][INFO] 2026-05-06 17:52:00,196: publisherUpdate[/rosout] -> http://y:45541/ ['http://y:43289/', 'http://y:45511/', 'http://y:35617/', 'http://y:43257/', 'http://y:39299/', 'http://y:35317/', 'http://y:39807/', 'http://y:36007/', 'http://y:39157/', 'http://y:45741/', 'http://y:36531/', 'http://y:36973/']
[rosmaster.master][INFO] 2026-05-06 17:52:00,196: publisherUpdate[/rosout] -> http://y:45541/ ['http://y:43289/', 'http://y:45511/', 'http://y:35617/', 'http://y:43257/', 'http://y:39299/', 'http://y:35317/', 'http://y:39807/', 'http://y:36007/', 'http://y:39157/', 'http://y:45741/', 'http://y:36531/', 'http://y:36973/']: sec=0.00, result=[1, '', 0]
[rosmaster.master][INFO] 2026-05-06 17:52:00,965: -PUB [/rosout] /phy_simulator_planning_node http://y:36531/
[rosmaster.master][INFO] 2026-05-06 17:52:00,966: -PUB [/arena_info_static] /phy_simulator_planning_node http://y:36531/
[rosmaster.master][INFO] 2026-05-06 17:52:00,967: -PUB [/arena_info_dynamic] /phy_simulator_planning_node http://y:36531/
[rosmaster.master][INFO] 2026-05-06 17:52:00,968: -PUB [/phy_simulator_planning_node/vis/vehicle_set_vis] /phy_simulator_planning_node http://y:36531/
[rosmaster.master][INFO] 2026-05-06 17:52:00,969: -PUB [/phy_simulator_planning_node/vis/lane_net_vis] /phy_simulator_planning_node http://y:36531/
[rosmaster.master][INFO] 2026-05-06 17:52:00,970: -PUB [/phy_simulator_planning_node/vis/obstacle_set_vis] /phy_simulator_planning_node http://y:36531/
[rosmaster.master][INFO] 2026-05-06 17:52:00,970: -SUB [/ctrl/agent_10] /phy_simulator_planning_node http://y:36531/
[rosmaster.master][INFO] 2026-05-06 17:52:00,971: -SUB [/ctrl/agent_9] /phy_simulator_planning_node http://y:36531/
[rosmaster.master][INFO] 2026-05-06 17:52:00,972: -SUB [/ctrl/agent_8] /phy_simulator_planning_node http://y:36531/
[rosmaster.master][INFO] 2026-05-06 17:52:00,972: -SUB [/ctrl/agent_7] /phy_simulator_planning_node http://y:36531/
[rosmaster.master][INFO] 2026-05-06 17:52:00,973: -SUB [/ctrl/agent_6] /phy_simulator_planning_node http://y:36531/
[rosmaster.master][INFO] 2026-05-06 17:52:00,973: -SUB [/ctrl/agent_5] /phy_simulator_planning_node http://y:36531/
[rosmaster.master][INFO] 2026-05-06 17:52:00,973: -SUB [/ctrl/agent_4] /phy_simulator_planning_node http://y:36531/
[rosmaster.master][INFO] 2026-05-06 17:52:00,974: -SUB [/ctrl/agent_3] /phy_simulator_planning_node http://y:36531/
[rosmaster.master][INFO] 2026-05-06 17:52:00,974: -SUB [/ctrl/agent_2] /phy_simulator_planning_node http://y:36531/
[rosmaster.master][INFO] 2026-05-06 17:52:00,975: -SUB [/ctrl/agent_1] /phy_simulator_planning_node http://y:36531/
[rosmaster.master][INFO] 2026-05-06 17:52:00,975: -SUB [/ctrl/agent_0] /phy_simulator_planning_node http://y:36531/
[rosmaster.master][INFO] 2026-05-06 17:52:00,976: -SUB [/initialpose] /phy_simulator_planning_node http://y:36531/
[rosmaster.master][INFO] 2026-05-06 17:52:00,976: -SUB [/move_base_simple/goal] /phy_simulator_planning_node http://y:36531/
[rosmaster.master][INFO] 2026-05-06 17:52:00,977: -SERVICE [/phy_simulator_planning_node/get_loggers] /phy_simulator_planning_node rosrpc://y:51847
[rosmaster.master][INFO] 2026-05-06 17:52:00,978: -SERVICE [/phy_simulator_planning_node/set_logger_level] /phy_simulator_planning_node rosrpc://y:51847
[rosmaster.master][INFO] 2026-05-06 17:52:00,987: -PUB [/rosout] /test_ssc_with_eudm_0 http://y:43289/
[rosmaster.master][INFO] 2026-05-06 17:52:00,988: -PUB [/tf] /test_ssc_with_eudm_0 http://y:43289/
[rosmaster.master][INFO] 2026-05-06 17:52:00,989: -PUB [/vis/agent_0/ego_vehicle_vis] /test_ssc_with_eudm_0 http://y:43289/
[rosmaster.master][INFO] 2026-05-06 17:52:00,990: -PUB [/vis/agent_0/obstacle_map] /test_ssc_with_eudm_0 http://y:43289/
[rosmaster.master][INFO] 2026-05-06 17:52:00,991: -PUB [/vis/agent_0/surrounding_lane_net_vis] /test_ssc_with_eudm_0 http://y:43289/
[rosmaster.master][INFO] 2026-05-06 17:52:00,992: -PUB [/vis/agent_0/local_lanes_vis] /test_ssc_with_eudm_0 http://y:43289/
[rosmaster.master][INFO] 2026-05-06 17:52:00,992: -PUB [/vis/agent_0/ego_behavior_vis] /test_ssc_with_eudm_0 http://y:43289/
[rosmaster.master][INFO] 2026-05-06 17:52:00,993: -PUB [/vis/agent_0/pred_traj_openloop_vis] /test_ssc_with_eudm_0 http://y:43289/
[rosmaster.master][INFO] 2026-05-06 17:52:00,994: -PUB [/vis/agent_0/pred_initial_intention_vis] /test_ssc_with_eudm_0 http://y:43289/
[rosmaster.master][INFO] 2026-05-06 17:52:00,994: -PUB [/vis/agent_0/surrounding_vehicle_vis] /test_ssc_with_eudm_0 http://y:43289/
[rosmaster.master][INFO] 2026-05-06 17:52:00,995: -PUB [/vis/agent_0/speed_limit] /test_ssc_with_eudm_0 http://y:43289/
[rosmaster.master][INFO] 2026-05-06 17:52:00,995: -PUB [/vis/agent_0/ssc/map_vis] /test_ssc_with_eudm_0 http://y:43289/
[rosmaster.master][INFO] 2026-05-06 17:52:00,996: -PUB [/vis/agent_0/ssc/qp_vis] /test_ssc_with_eudm_0 http://y:43289/
[rosmaster.master][INFO] 2026-05-06 17:52:00,997: -PUB [/vis/agent_0/ssc/ego_fs_vis] /test_ssc_with_eudm_0 http://y:43289/
[rosmaster.master][INFO] 2026-05-06 17:52:00,997: -PUB [/vis/agent_0/ssc/forward_trajs_vis] /test_ssc_with_eudm_0 http://y:43289/
[rosmaster.master][INFO] 2026-05-06 17:52:00,998: -PUB [/vis/agent_0/ssc/sur_vehicle_trajs_vis] /test_ssc_with_eudm_0 http://y:43289/
[rosmaster.master][INFO] 2026-05-06 17:52:00,998: publisherUpdate[/rosout] -> http://y:45541/ ['http://y:43289/', 'http://y:45511/', 'http://y:35617/', 'http://y:43257/', 'http://y:39299/', 'http://y:35317/', 'http://y:39807/', 'http://y:36007/', 'http://y:39157/', 'http://y:45741/', 'http://y:36973/']
[rosmaster.master][INFO] 2026-05-06 17:52:00,998: -PUB [/vis/agent_0/ssc/corridor_vis] /test_ssc_with_eudm_0 http://y:43289/
[rosmaster.master][INFO] 2026-05-06 17:52:00,999: publisherUpdate[/rosout] -> http://y:45541/ ['http://y:43289/', 'http://y:45511/', 'http://y:35617/', 'http://y:43257/', 'http://y:39299/', 'http://y:35317/', 'http://y:39807/', 'http://y:36007/', 'http://y:39157/', 'http://y:45741/', 'http://y:36973/']: sec=0.00, result=[1, '', 0]
[rosmaster.master][INFO] 2026-05-06 17:52:00,999: -PUB [/vis/agent_0/forward_trajs] /test_ssc_with_eudm_0 http://y:43289/
[rosmaster.master][INFO] 2026-05-06 17:52:00,999: publisherUpdate[/arena_info_static] -> http://y:43289/ []
[rosmaster.master][INFO] 2026-05-06 17:52:01,000: -PUB [/ctrl/agent_0] /test_ssc_with_eudm_0 http://y:43289/
[rosmaster.master][INFO] 2026-05-06 17:52:01,000: publisherUpdate[/arena_info_static] -> http://y:43289/ []: sec=0.00, exception=<Fault -1: 'publisherUpdate: unknown method name'>
[rosmaster.master][INFO] 2026-05-06 17:52:01,001: -PUB [/test_ssc_with_eudm_0/ssc_map] /test_ssc_with_eudm_0 http://y:43289/
[rosmaster.master][INFO] 2026-05-06 17:52:01,002: -PUB [/vis/agent_0/ssc/exec_traj] /test_ssc_with_eudm_0 http://y:43289/
[rosmaster.master][INFO] 2026-05-06 17:52:01,002: -SUB [/joy] /test_ssc_with_eudm_0 http://y:43289/
[rosmaster.threadpool][ERROR] 2026-05-06 17:52:01,003: Traceback (most recent call last):
  File "/opt/ros/noetic/lib/python3/dist-packages/rosmaster/threadpool.py", line 218, in run
    result = cmd(*args)
  File "/opt/ros/noetic/lib/python3/dist-packages/rosmaster/master_api.py", line 210, in publisher_update_task
    ret = xmlrpcapi(api).publisherUpdate('/master', topic, pub_uris)
  File "/usr/lib/python3.8/xmlrpc/client.py", line 1109, in __call__
    return self.__send(self.__name, args)
  File "/usr/lib/python3.8/xmlrpc/client.py", line 1450, in __request
    response = self.__transport.request(
  File "/usr/lib/python3.8/xmlrpc/client.py", line 1153, in request
    return self.single_request(host, handler, request_body, verbose)
  File "/usr/lib/python3.8/xmlrpc/client.py", line 1169, in single_request
    return self.parse_response(resp)
  File "/usr/lib/python3.8/xmlrpc/client.py", line 1341, in parse_response
    return u.close()
  File "/usr/lib/python3.8/xmlrpc/client.py", line 655, in close
    raise Fault(**self._stack[0])
xmlrpc.client.Fault: <Fault -1: 'publisherUpdate: unknown method name'>

[rosmaster.master][INFO] 2026-05-06 17:52:01,003: publisherUpdate[/arena_info_dynamic] -> http://y:43289/ []
[rosmaster.master][INFO] 2026-05-06 17:52:01,003: -SUB [/arena_info_static] /test_ssc_with_eudm_0 http://y:43289/
[rosmaster.master][INFO] 2026-05-06 17:52:01,004: publisherUpdate[/arena_info_dynamic] -> http://y:43289/ []: sec=0.00, exception=<Fault -1: 'publisherUpdate: unknown method name'>
[rosmaster.master][INFO] 2026-05-06 17:52:01,004: -SUB [/arena_info_dynamic] /test_ssc_with_eudm_0 http://y:43289/
[rosmaster.threadpool][ERROR] 2026-05-06 17:52:01,004: Traceback (most recent call last):
  File "/opt/ros/noetic/lib/python3/dist-packages/rosmaster/threadpool.py", line 218, in run
    result = cmd(*args)
  File "/opt/ros/noetic/lib/python3/dist-packages/rosmaster/master_api.py", line 210, in publisher_update_task
    ret = xmlrpcapi(api).publisherUpdate('/master', topic, pub_uris)
  File "/usr/lib/python3.8/xmlrpc/client.py", line 1109, in __call__
    return self.__send(self.__name, args)
  File "/usr/lib/python3.8/xmlrpc/client.py", line 1450, in __request
    response = self.__transport.request(
  File "/usr/lib/python3.8/xmlrpc/client.py", line 1153, in request
    return self.single_request(host, handler, request_body, verbose)
  File "/usr/lib/python3.8/xmlrpc/client.py", line 1169, in single_request
    return self.parse_response(resp)
  File "/usr/lib/python3.8/xmlrpc/client.py", line 1341, in parse_response
    return u.close()
  File "/usr/lib/python3.8/xmlrpc/client.py", line 655, in close
    raise Fault(**self._stack[0])
xmlrpc.client.Fault: <Fault -1: 'publisherUpdate: unknown method name'>

[rosmaster.master][INFO] 2026-05-06 17:52:01,004: publisherUpdate[/rosout] -> http://y:45541/ ['http://y:45511/', 'http://y:35617/', 'http://y:43257/', 'http://y:39299/', 'http://y:35317/', 'http://y:39807/', 'http://y:36007/', 'http://y:39157/', 'http://y:45741/', 'http://y:36973/']
[rosmaster.master][INFO] 2026-05-06 17:52:01,005: -SERVICE [/test_ssc_with_eudm_0/get_loggers] /test_ssc_with_eudm_0 rosrpc://y:53547
[rosmaster.master][INFO] 2026-05-06 17:52:01,005: publisherUpdate[/rosout] -> http://y:45541/ ['http://y:45511/', 'http://y:35617/', 'http://y:43257/', 'http://y:39299/', 'http://y:35317/', 'http://y:39807/', 'http://y:36007/', 'http://y:39157/', 'http://y:45741/', 'http://y:36973/']: sec=0.00, result=[1, '', 0]
[rosmaster.master][INFO] 2026-05-06 17:52:01,005: -SERVICE [/test_ssc_with_eudm_0/set_logger_level] /test_ssc_with_eudm_0 rosrpc://y:53547
[rosmaster.master][INFO] 2026-05-06 17:52:01,006: -CACHEDPARAM [/rosout_disable_topics_generation] by /test_ssc_with_eudm_0
[rosmaster.master][INFO] 2026-05-06 17:52:01,206: -PUB [/rosout_agg] /rosout http://y:45541/
[rosmaster.master][INFO] 2026-05-06 17:52:01,206: -SUB [/rosout] /rosout http://y:45541/
[rosmaster.master][INFO] 2026-05-06 17:52:01,207: -SERVICE [/rosout/get_loggers] /rosout rosrpc://y:33355
[rosmaster.master][INFO] 2026-05-06 17:52:01,207: -SERVICE [/rosout/set_logger_level] /rosout rosrpc://y:33355
[rosmaster.master][INFO] 2026-05-06 17:52:01,208: -CACHEDPARAM [/rosout/omit_topics] by /rosout
[rosmaster.main][INFO] 2026-05-06 17:52:01,219: keyboard interrupt, will exit
[rosmaster.main][INFO] 2026-05-06 17:52:01,219: stopping master...
[rospy.core][INFO] 2026-05-06 17:52:01,219: signal_shutdown [atexit]
