[rosmaster.main][INFO] 2026-04-25 18:36:45,224: initialization complete, waiting for shutdown
[rosmaster.main][INFO] 2026-04-25 18:36:45,224: Starting ROS Master Node
[xmlrpc][INFO] 2026-04-25 18:36:45,224: XML-RPC server binding to 0.0.0.0:11311
[xmlrpc][INFO] 2026-04-25 18:36:45,225: Started XML-RPC server [http://y:11311/]
[xmlrpc][INFO] 2026-04-25 18:36:45,225: xml rpc node: starting XML-RPC server
[rosmaster.master][INFO] 2026-04-25 18:36:45,225: Master initialized: port[11311], uri[http://y:11311/]
[rosmaster.master][INFO] 2026-04-25 18:36:45,228: +PARAM [/run_id] by /roslaunch
[rosmaster.master][INFO] 2026-04-25 18:36:45,229: +PARAM [/roslaunch/uris/host_y__44609] by /roslaunch
[rosmaster.master][INFO] 2026-04-25 18:36:45,251: +PARAM [/rosversion] by /roslaunch
[rosmaster.master][INFO] 2026-04-25 18:36:45,251: +PARAM [/rosdistro] by /roslaunch
[rosmaster.master][INFO] 2026-04-25 18:36:45,251: +PARAM [/test_ssc_with_eudm_0/ego_id] by /roslaunch
[rosmaster.master][INFO] 2026-04-25 18:36:45,251: +PARAM [/test_ssc_with_eudm_0/agent_config_path] by /roslaunch
[rosmaster.master][INFO] 2026-04-25 18:36:45,251: +PARAM [/test_ssc_with_eudm_0/bp_config_path] by /roslaunch
[rosmaster.master][INFO] 2026-04-25 18:36:45,251: +PARAM [/test_ssc_with_eudm_0/ssc_config_path] by /roslaunch
[rosmaster.master][INFO] 2026-04-25 18:36:45,251: +PARAM [/test_ssc_with_eudm_0/desired_vel] by /roslaunch
[rosmaster.master][INFO] 2026-04-25 18:36:45,251: +PARAM [/test_ssc_with_eudm_0/use_sim_state] by /roslaunch
[rosmaster.master][INFO] 2026-04-25 18:36:45,251: +PARAM [/onlane_ai_agent_1/ego_id] by /roslaunch
[rosmaster.master][INFO] 2026-04-25 18:36:45,252: +PARAM [/onlane_ai_agent_1/agent_config_path] by /roslaunch
[rosmaster.master][INFO] 2026-04-25 18:36:45,252: +PARAM [/onlane_ai_agent_1/desired_vel] by /roslaunch
[rosmaster.master][INFO] 2026-04-25 18:36:45,252: +PARAM [/onlane_ai_agent_1/autonomous_level] by /roslaunch
[rosmaster.master][INFO] 2026-04-25 18:36:45,252: +PARAM [/onlane_ai_agent_1/aggressiveness_level] by /roslaunch
[rosmaster.master][INFO] 2026-04-25 18:36:45,252: +PARAM [/onlane_ai_agent_2/ego_id] by /roslaunch
[rosmaster.master][INFO] 2026-04-25 18:36:45,252: +PARAM [/onlane_ai_agent_2/agent_config_path] by /roslaunch
[rosmaster.master][INFO] 2026-04-25 18:36:45,252: +PARAM [/onlane_ai_agent_2/desired_vel] by /roslaunch
[rosmaster.master][INFO] 2026-04-25 18:36:45,252: +PARAM [/onlane_ai_agent_2/autonomous_level] by /roslaunch
[rosmaster.master][INFO] 2026-04-25 18:36:45,252: +PARAM [/onlane_ai_agent_2/aggressiveness_level] by /roslaunch
[rosmaster.master][INFO] 2026-04-25 18:36:45,252: +PARAM [/onlane_ai_agent_3/ego_id] by /roslaunch
[rosmaster.master][INFO] 2026-04-25 18:36:45,252: +PARAM [/onlane_ai_agent_3/agent_config_path] by /roslaunch
[rosmaster.master][INFO] 2026-04-25 18:36:45,252: +PARAM [/onlane_ai_agent_3/desired_vel] by /roslaunch
[rosmaster.master][INFO] 2026-04-25 18:36:45,252: +PARAM [/onlane_ai_agent_3/autonomous_level] by /roslaunch
[rosmaster.master][INFO] 2026-04-25 18:36:45,252: +PARAM [/onlane_ai_agent_3/aggressiveness_level] by /roslaunch
[rosmaster.master][INFO] 2026-04-25 18:36:45,252: +PARAM [/onlane_ai_agent_4/ego_id] by /roslaunch
[rosmaster.master][INFO] 2026-04-25 18:36:45,252: +PARAM [/onlane_ai_agent_4/agent_config_path] by /roslaunch
[rosmaster.master][INFO] 2026-04-25 18:36:45,252: +PARAM [/onlane_ai_agent_4/desired_vel] by /roslaunch
[rosmaster.master][INFO] 2026-04-25 18:36:45,252: +PARAM [/onlane_ai_agent_4/autonomous_level] by /roslaunch
[rosmaster.master][INFO] 2026-04-25 18:36:45,252: +PARAM [/onlane_ai_agent_4/aggressiveness_level] by /roslaunch
[rosmaster.master][INFO] 2026-04-25 18:36:45,252: +PARAM [/onlane_ai_agent_5/ego_id] by /roslaunch
[rosmaster.master][INFO] 2026-04-25 18:36:45,252: +PARAM [/onlane_ai_agent_5/agent_config_path] by /roslaunch
[rosmaster.master][INFO] 2026-04-25 18:36:45,252: +PARAM [/onlane_ai_agent_5/desired_vel] by /roslaunch
[rosmaster.master][INFO] 2026-04-25 18:36:45,252: +PARAM [/onlane_ai_agent_5/autonomous_level] by /roslaunch
[rosmaster.master][INFO] 2026-04-25 18:36:45,252: +PARAM [/onlane_ai_agent_5/aggressiveness_level] by /roslaunch
[rosmaster.master][INFO] 2026-04-25 18:36:45,252: +PARAM [/onlane_ai_agent_6/ego_id] by /roslaunch
[rosmaster.master][INFO] 2026-04-25 18:36:45,253: +PARAM [/onlane_ai_agent_6/agent_config_path] by /roslaunch
[rosmaster.master][INFO] 2026-04-25 18:36:45,253: +PARAM [/onlane_ai_agent_6/desired_vel] by /roslaunch
[rosmaster.master][INFO] 2026-04-25 18:36:45,253: +PARAM [/onlane_ai_agent_6/autonomous_level] by /roslaunch
[rosmaster.master][INFO] 2026-04-25 18:36:45,253: +PARAM [/onlane_ai_agent_6/aggressiveness_level] by /roslaunch
[rosmaster.master][INFO] 2026-04-25 18:36:45,253: +PARAM [/onlane_ai_agent_7/ego_id] by /roslaunch
[rosmaster.master][INFO] 2026-04-25 18:36:45,253: +PARAM [/onlane_ai_agent_7/agent_config_path] by /roslaunch
[rosmaster.master][INFO] 2026-04-25 18:36:45,253: +PARAM [/onlane_ai_agent_7/desired_vel] by /roslaunch
[rosmaster.master][INFO] 2026-04-25 18:36:45,253: +PARAM [/onlane_ai_agent_7/autonomous_level] by /roslaunch
[rosmaster.master][INFO] 2026-04-25 18:36:45,253: +PARAM [/onlane_ai_agent_7/aggressiveness_level] by /roslaunch
[rosmaster.master][INFO] 2026-04-25 18:36:45,253: +PARAM [/onlane_ai_agent_8/ego_id] by /roslaunch
[rosmaster.master][INFO] 2026-04-25 18:36:45,253: +PARAM [/onlane_ai_agent_8/agent_config_path] by /roslaunch
[rosmaster.master][INFO] 2026-04-25 18:36:45,253: +PARAM [/onlane_ai_agent_8/desired_vel] by /roslaunch
[rosmaster.master][INFO] 2026-04-25 18:36:45,253: +PARAM [/onlane_ai_agent_8/autonomous_level] by /roslaunch
[rosmaster.master][INFO] 2026-04-25 18:36:45,253: +PARAM [/onlane_ai_agent_8/aggressiveness_level] by /roslaunch
[rosmaster.master][INFO] 2026-04-25 18:36:45,253: +PARAM [/onlane_ai_agent_9/ego_id] by /roslaunch
[rosmaster.master][INFO] 2026-04-25 18:36:45,253: +PARAM [/onlane_ai_agent_9/agent_config_path] by /roslaunch
[rosmaster.master][INFO] 2026-04-25 18:36:45,253: +PARAM [/onlane_ai_agent_9/desired_vel] by /roslaunch
[rosmaster.master][INFO] 2026-04-25 18:36:45,253: +PARAM [/onlane_ai_agent_9/autonomous_level] by /roslaunch
[rosmaster.master][INFO] 2026-04-25 18:36:45,253: +PARAM [/onlane_ai_agent_9/aggressiveness_level] by /roslaunch
[rosmaster.master][INFO] 2026-04-25 18:36:45,253: +PARAM [/onlane_ai_agent_10/ego_id] by /roslaunch
[rosmaster.master][INFO] 2026-04-25 18:36:45,253: +PARAM [/onlane_ai_agent_10/agent_config_path] by /roslaunch
[rosmaster.master][INFO] 2026-04-25 18:36:45,253: +PARAM [/onlane_ai_agent_10/desired_vel] by /roslaunch
[rosmaster.master][INFO] 2026-04-25 18:36:45,253: +PARAM [/onlane_ai_agent_10/autonomous_level] by /roslaunch
[rosmaster.master][INFO] 2026-04-25 18:36:45,253: +PARAM [/onlane_ai_agent_10/aggressiveness_level] by /roslaunch
[rosmaster.master][INFO] 2026-04-25 18:36:45,253: +PARAM [/joy_node/dev] by /roslaunch
[rosmaster.master][INFO] 2026-04-25 18:36:45,253: +PARAM [/phy_simulator_planning_node/vehicle_info_path] by /roslaunch
[rosmaster.master][INFO] 2026-04-25 18:36:45,253: +PARAM [/phy_simulator_planning_node/map_path] by /roslaunch
[rosmaster.master][INFO] 2026-04-25 18:36:45,253: +PARAM [/phy_simulator_planning_node/lane_net_path] by /roslaunch
[rosmaster.master][INFO] 2026-04-25 18:36:45,254: +SERVICE [/rosout/get_loggers] /rosout http://y:34505/
[rosmaster.master][INFO] 2026-04-25 18:36:45,254: +SERVICE [/rosout/set_logger_level] /rosout http://y:34505/
[rosmaster.master][INFO] 2026-04-25 18:36:45,255: +PUB [/rosout_agg] /rosout http://y:34505/
[rosmaster.master][INFO] 2026-04-25 18:36:45,255: +SUB [/rosout] /rosout http://y:34505/
[rosmaster.master][INFO] 2026-04-25 18:36:45,281: +PUB [/rosout] /test_ssc_with_eudm_0 http://y:40913/
[rosmaster.master][INFO] 2026-04-25 18:36:45,282: +PUB [/rosout] /onlane_ai_agent_1 http://y:42345/
[rosmaster.master][INFO] 2026-04-25 18:36:45,284: +SERVICE [/test_ssc_with_eudm_0/get_loggers] /test_ssc_with_eudm_0 http://y:40913/
[rosmaster.master][INFO] 2026-04-25 18:36:45,285: +SERVICE [/onlane_ai_agent_1/get_loggers] /onlane_ai_agent_1 http://y:42345/
[rosmaster.master][INFO] 2026-04-25 18:36:45,286: +PUB [/rosout] /onlane_ai_agent_2 http://y:38853/
[rosmaster.master][INFO] 2026-04-25 18:36:45,286: +SERVICE [/test_ssc_with_eudm_0/set_logger_level] /test_ssc_with_eudm_0 http://y:40913/
[rosmaster.master][INFO] 2026-04-25 18:36:45,288: +SERVICE [/onlane_ai_agent_1/set_logger_level] /onlane_ai_agent_1 http://y:42345/
[rosmaster.master][INFO] 2026-04-25 18:36:45,289: +PUB [/ctrl/agent_1] /onlane_ai_agent_1 http://y:42345/
[rosmaster.master][INFO] 2026-04-25 18:36:45,290: +PUB [/tf] /onlane_ai_agent_1 http://y:42345/
[rosmaster.master][INFO] 2026-04-25 18:36:45,293: +PUB [/rosout] /onlane_ai_agent_3 http://y:46581/
[rosmaster.master][INFO] 2026-04-25 18:36:45,293: +PUB [/tf] /test_ssc_with_eudm_0 http://y:40913/
[rosmaster.master][INFO] 2026-04-25 18:36:45,293: +PUB [/vis/agent_1/ego_vehicle_vis] /onlane_ai_agent_1 http://y:42345/
[rosmaster.master][INFO] 2026-04-25 18:36:45,294: +PUB [/vis/agent_0/ego_vehicle_vis] /test_ssc_with_eudm_0 http://y:40913/
[rosmaster.master][INFO] 2026-04-25 18:36:45,294: +PUB [/vis/agent_1/obstacle_map] /onlane_ai_agent_1 http://y:42345/
[rosmaster.master][INFO] 2026-04-25 18:36:45,295: +PUB [/vis/agent_0/obstacle_map] /test_ssc_with_eudm_0 http://y:40913/
[rosmaster.master][INFO] 2026-04-25 18:36:45,295: +PUB [/vis/agent_1/surrounding_lane_net_vis] /onlane_ai_agent_1 http://y:42345/
[rosmaster.master][INFO] 2026-04-25 18:36:45,296: +PUB [/vis/agent_0/surrounding_lane_net_vis] /test_ssc_with_eudm_0 http://y:40913/
[rosmaster.master][INFO] 2026-04-25 18:36:45,296: +PUB [/vis/agent_1/local_lanes_vis] /onlane_ai_agent_1 http://y:42345/
[rosmaster.master][INFO] 2026-04-25 18:36:45,297: +PUB [/vis/agent_0/local_lanes_vis] /test_ssc_with_eudm_0 http://y:40913/
[rosmaster.master][INFO] 2026-04-25 18:36:45,302: +PUB [/vis/agent_1/ego_behavior_vis] /onlane_ai_agent_1 http://y:42345/
[rosmaster.master][INFO] 2026-04-25 18:36:45,302: +PUB [/vis/agent_0/ego_behavior_vis] /test_ssc_with_eudm_0 http://y:40913/
[rosmaster.master][INFO] 2026-04-25 18:36:45,302: +PUB [/rosout] /onlane_ai_agent_4 http://y:37573/
[rosmaster.master][INFO] 2026-04-25 18:36:45,303: +SERVICE [/onlane_ai_agent_2/get_loggers] /onlane_ai_agent_2 http://y:38853/
[rosmaster.master][INFO] 2026-04-25 18:36:45,305: +PUB [/vis/agent_1/pred_traj_openloop_vis] /onlane_ai_agent_1 http://y:42345/
[rosmaster.master][INFO] 2026-04-25 18:36:45,305: +PUB [/vis/agent_0/pred_traj_openloop_vis] /test_ssc_with_eudm_0 http://y:40913/
[rosmaster.master][INFO] 2026-04-25 18:36:45,305: +PUB [/rosout] /onlane_ai_agent_5 http://y:35727/
[rosmaster.master][INFO] 2026-04-25 18:36:45,306: +SERVICE [/onlane_ai_agent_2/set_logger_level] /onlane_ai_agent_2 http://y:38853/
[rosmaster.master][INFO] 2026-04-25 18:36:45,306: +PUB [/vis/agent_0/pred_initial_intention_vis] /test_ssc_with_eudm_0 http://y:40913/
[rosmaster.master][INFO] 2026-04-25 18:36:45,308: +PUB [/rosout] /onlane_ai_agent_6 http://y:34987/
[rosmaster.master][INFO] 2026-04-25 18:36:45,309: +PUB [/vis/agent_0/surrounding_vehicle_vis] /test_ssc_with_eudm_0 http://y:40913/
[rosmaster.master][INFO] 2026-04-25 18:36:45,310: +PUB [/vis/agent_1/pred_initial_intention_vis] /onlane_ai_agent_1 http://y:42345/
[rosmaster.master][INFO] 2026-04-25 18:36:45,310: +PUB [/vis/agent_0/speed_limit] /test_ssc_with_eudm_0 http://y:40913/
[rosmaster.master][INFO] 2026-04-25 18:36:45,311: +SERVICE [/onlane_ai_agent_3/get_loggers] /onlane_ai_agent_3 http://y:46581/
[rosmaster.master][INFO] 2026-04-25 18:36:45,312: +SERVICE [/onlane_ai_agent_6/get_loggers] /onlane_ai_agent_6 http://y:34987/
[rosmaster.master][INFO] 2026-04-25 18:36:45,312: +PUB [/vis/agent_0/ssc/map_vis] /test_ssc_with_eudm_0 http://y:40913/
[rosmaster.master][INFO] 2026-04-25 18:36:45,313: +SERVICE [/onlane_ai_agent_6/set_logger_level] /onlane_ai_agent_6 http://y:34987/
[rosmaster.master][INFO] 2026-04-25 18:36:45,314: +PUB [/vis/agent_0/ssc/qp_vis] /test_ssc_with_eudm_0 http://y:40913/
[rosmaster.master][INFO] 2026-04-25 18:36:45,315: +SERVICE [/onlane_ai_agent_3/set_logger_level] /onlane_ai_agent_3 http://y:46581/
[rosmaster.master][INFO] 2026-04-25 18:36:45,332: +PUB [/ctrl/agent_2] /onlane_ai_agent_2 http://y:38853/
[rosmaster.master][INFO] 2026-04-25 18:36:45,332: +PUB [/vis/agent_0/ssc/ego_fs_vis] /test_ssc_with_eudm_0 http://y:40913/
[rosmaster.master][INFO] 2026-04-25 18:36:45,332: publisherUpdate[/rosout] -> http://y:34505/ ['http://y:40913/']
[rosmaster.master][INFO] 2026-04-25 18:36:45,333: +PUB [/rosout] /onlane_ai_agent_8 http://y:37413/
[rosmaster.master][INFO] 2026-04-25 18:36:45,350: +SERVICE [/onlane_ai_agent_5/get_loggers] /onlane_ai_agent_5 http://y:35727/
[rosmaster.master][INFO] 2026-04-25 18:36:45,354: publisherUpdate[/rosout] -> http://y:34505/ ['http://y:40913/']: sec=0.02, result=[1, '', 0]
[rosmaster.master][INFO] 2026-04-25 18:36:45,354: publisherUpdate[/rosout] -> http://y:34505/ ['http://y:40913/', 'http://y:42345/']
[rosmaster.master][INFO] 2026-04-25 18:36:45,354: publisherUpdate[/rosout] -> http://y:34505/ ['http://y:40913/', 'http://y:42345/']: sec=0.00, result=[1, '', 0]
[rosmaster.master][INFO] 2026-04-25 18:36:45,354: publisherUpdate[/rosout] -> http://y:34505/ ['http://y:40913/', 'http://y:42345/', 'http://y:38853/']
[rosmaster.master][INFO] 2026-04-25 18:36:45,355: publisherUpdate[/rosout] -> http://y:34505/ ['http://y:40913/', 'http://y:42345/', 'http://y:38853/']: sec=0.00, result=[1, '', 0]
[rosmaster.master][INFO] 2026-04-25 18:36:45,355: publisherUpdate[/rosout] -> http://y:34505/ ['http://y:40913/', 'http://y:42345/', 'http://y:38853/', 'http://y:46581/']
[rosmaster.master][INFO] 2026-04-25 18:36:45,355: publisherUpdate[/rosout] -> http://y:34505/ ['http://y:40913/', 'http://y:42345/', 'http://y:38853/', 'http://y:46581/']: sec=0.00, result=[1, '', 0]
[rosmaster.master][INFO] 2026-04-25 18:36:45,355: publisherUpdate[/rosout] -> http://y:34505/ ['http://y:40913/', 'http://y:42345/', 'http://y:38853/', 'http://y:46581/', 'http://y:37573/']
[rosmaster.master][INFO] 2026-04-25 18:36:45,356: publisherUpdate[/rosout] -> http://y:34505/ ['http://y:40913/', 'http://y:42345/', 'http://y:38853/', 'http://y:46581/', 'http://y:37573/']: sec=0.00, result=[1, '', 0]
[rosmaster.master][INFO] 2026-04-25 18:36:45,356: publisherUpdate[/rosout] -> http://y:34505/ ['http://y:40913/', 'http://y:42345/', 'http://y:38853/', 'http://y:46581/', 'http://y:37573/', 'http://y:35727/']
[rosmaster.master][INFO] 2026-04-25 18:36:45,356: publisherUpdate[/rosout] -> http://y:34505/ ['http://y:40913/', 'http://y:42345/', 'http://y:38853/', 'http://y:46581/', 'http://y:37573/', 'http://y:35727/']: sec=0.00, result=[1, '', 0]
[rosmaster.master][INFO] 2026-04-25 18:36:45,356: publisherUpdate[/rosout] -> http://y:34505/ ['http://y:40913/', 'http://y:42345/', 'http://y:38853/', 'http://y:46581/', 'http://y:37573/', 'http://y:35727/', 'http://y:34987/']
[rosmaster.master][INFO] 2026-04-25 18:36:45,356: publisherUpdate[/rosout] -> http://y:34505/ ['http://y:40913/', 'http://y:42345/', 'http://y:38853/', 'http://y:46581/', 'http://y:37573/', 'http://y:35727/', 'http://y:34987/']: sec=0.00, result=[1, '', 0]
[rosmaster.master][INFO] 2026-04-25 18:36:45,357: publisherUpdate[/rosout] -> http://y:34505/ ['http://y:40913/', 'http://y:42345/', 'http://y:38853/', 'http://y:46581/', 'http://y:37573/', 'http://y:35727/', 'http://y:34987/', 'http://y:37413/']
[rosmaster.master][INFO] 2026-04-25 18:36:45,357: publisherUpdate[/rosout] -> http://y:34505/ ['http://y:40913/', 'http://y:42345/', 'http://y:38853/', 'http://y:46581/', 'http://y:37573/', 'http://y:35727/', 'http://y:34987/', 'http://y:37413/']: sec=0.00, result=[1, '', 0]
[rosmaster.master][INFO] 2026-04-25 18:36:45,357: +PUB [/rosout] /onlane_ai_agent_7 http://y:39497/
[rosmaster.master][INFO] 2026-04-25 18:36:45,357: +SERVICE [/onlane_ai_agent_4/get_loggers] /onlane_ai_agent_4 http://y:37573/
[rosmaster.master][INFO] 2026-04-25 18:36:45,358: +PUB [/vis/agent_0/ssc/forward_trajs_vis] /test_ssc_with_eudm_0 http://y:40913/
[rosmaster.master][INFO] 2026-04-25 18:36:45,358: +PUB [/rosout] /phy_simulator_planning_node http://y:40621/
[rosmaster.master][INFO] 2026-04-25 18:36:45,358: +SERVICE [/phy_simulator_planning_node/get_loggers] /phy_simulator_planning_node http://y:40621/
[rosmaster.master][INFO] 2026-04-25 18:36:45,358: +PUB [/rosout] /onlane_ai_agent_9 http://y:44093/
[rosmaster.master][INFO] 2026-04-25 18:36:45,358: +SERVICE [/phy_simulator_planning_node/set_logger_level] /phy_simulator_planning_node http://y:40621/
[rosmaster.master][INFO] 2026-04-25 18:36:45,359: +SERVICE [/onlane_ai_agent_8/get_loggers] /onlane_ai_agent_8 http://y:37413/
[rosmaster.master][INFO] 2026-04-25 18:36:45,359: +PUB [/rosout] /onlane_ai_agent_10 http://y:42565/
[rosmaster.master][INFO] 2026-04-25 18:36:45,362: +PUB [/ctrl/agent_6] /onlane_ai_agent_6 http://y:34987/
[rosmaster.master][INFO] 2026-04-25 18:36:45,362: +PUB [/vis/agent_1/surrounding_vehicle_vis] /onlane_ai_agent_1 http://y:42345/
[rosmaster.master][INFO] 2026-04-25 18:36:45,368: +SERVICE [/onlane_ai_agent_4/set_logger_level] /onlane_ai_agent_4 http://y:37573/
[rosmaster.master][INFO] 2026-04-25 18:36:45,368: +SERVICE [/onlane_ai_agent_7/get_loggers] /onlane_ai_agent_7 http://y:39497/
[rosmaster.master][INFO] 2026-04-25 18:36:45,369: +PUB [/ctrl/agent_3] /onlane_ai_agent_3 http://y:46581/
[rosmaster.master][INFO] 2026-04-25 18:36:45,369: +SERVICE [/onlane_ai_agent_9/get_loggers] /onlane_ai_agent_9 http://y:44093/
[rosmaster.master][INFO] 2026-04-25 18:36:45,370: +PUB [/vis/agent_0/ssc/sur_vehicle_trajs_vis] /test_ssc_with_eudm_0 http://y:40913/
[rosmaster.master][INFO] 2026-04-25 18:36:45,370: +SERVICE [/onlane_ai_agent_8/set_logger_level] /onlane_ai_agent_8 http://y:37413/
[rosmaster.master][INFO] 2026-04-25 18:36:45,370: +SERVICE [/onlane_ai_agent_9/set_logger_level] /onlane_ai_agent_9 http://y:44093/
[rosmaster.master][INFO] 2026-04-25 18:36:45,373: +PUB [/tf] /onlane_ai_agent_2 http://y:38853/
[rosmaster.master][INFO] 2026-04-25 18:36:45,373: +PUB [/vis/agent_2/ego_vehicle_vis] /onlane_ai_agent_2 http://y:38853/
[rosmaster.master][INFO] 2026-04-25 18:36:45,373: +PUB [/ctrl/agent_4] /onlane_ai_agent_4 http://y:37573/
[rosmaster.master][INFO] 2026-04-25 18:36:45,373: +SERVICE [/onlane_ai_agent_5/set_logger_level] /onlane_ai_agent_5 http://y:35727/
[rosmaster.master][INFO] 2026-04-25 18:36:45,374: +PUB [/vis/agent_1/speed_limit] /onlane_ai_agent_1 http://y:42345/
[rosmaster.master][INFO] 2026-04-25 18:36:45,374: +SERVICE [/onlane_ai_agent_7/set_logger_level] /onlane_ai_agent_7 http://y:39497/
[rosmaster.master][INFO] 2026-04-25 18:36:45,375: +PUB [/vis/agent_0/ssc/corridor_vis] /test_ssc_with_eudm_0 http://y:40913/
[rosmaster.master][INFO] 2026-04-25 18:36:45,375: +SERVICE [/onlane_ai_agent_10/get_loggers] /onlane_ai_agent_10 http://y:42565/
[rosmaster.master][INFO] 2026-04-25 18:36:45,375: +PUB [/vis/agent_2/obstacle_map] /onlane_ai_agent_2 http://y:38853/
[rosmaster.master][INFO] 2026-04-25 18:36:45,376: +SERVICE [/onlane_ai_agent_10/set_logger_level] /onlane_ai_agent_10 http://y:42565/
[rosmaster.master][INFO] 2026-04-25 18:36:45,377: +PUB [/vis/agent_2/surrounding_lane_net_vis] /onlane_ai_agent_2 http://y:38853/
[rosmaster.master][INFO] 2026-04-25 18:36:45,377: +PUB [/vis/agent_2/local_lanes_vis] /onlane_ai_agent_2 http://y:38853/
[rosmaster.master][INFO] 2026-04-25 18:36:45,378: +PUB [/vis/agent_2/ego_behavior_vis] /onlane_ai_agent_2 http://y:38853/
[rosmaster.master][INFO] 2026-04-25 18:36:45,379: +PUB [/tf] /onlane_ai_agent_4 http://y:37573/
[rosmaster.master][INFO] 2026-04-25 18:36:45,379: +PUB [/ctrl/agent_5] /onlane_ai_agent_5 http://y:35727/
[rosmaster.master][INFO] 2026-04-25 18:36:45,379: +PUB [/ctrl/agent_7] /onlane_ai_agent_7 http://y:39497/
[rosmaster.master][INFO] 2026-04-25 18:36:45,380: +PUB [/vis/agent_4/ego_vehicle_vis] /onlane_ai_agent_4 http://y:37573/
[rosmaster.master][INFO] 2026-04-25 18:36:45,382: +PUB [/vis/agent_2/pred_traj_openloop_vis] /onlane_ai_agent_2 http://y:38853/
[rosmaster.master][INFO] 2026-04-25 18:36:45,382: +PUB [/vis/agent_4/obstacle_map] /onlane_ai_agent_4 http://y:37573/
[rosmaster.master][INFO] 2026-04-25 18:36:45,383: +PUB [/ctrl/agent_8] /onlane_ai_agent_8 http://y:37413/
[rosmaster.master][INFO] 2026-04-25 18:36:45,383: +PUB [/tf] /onlane_ai_agent_3 http://y:46581/
[rosmaster.master][INFO] 2026-04-25 18:36:45,383: +PUB [/arena_info_static] /phy_simulator_planning_node http://y:40621/
[rosmaster.master][INFO] 2026-04-25 18:36:45,383: +SUB [/joy] /test_ssc_with_eudm_0 http://y:40913/
[rosmaster.master][INFO] 2026-04-25 18:36:45,384: +PUB [/vis/agent_4/surrounding_lane_net_vis] /onlane_ai_agent_4 http://y:37573/
[rosmaster.master][INFO] 2026-04-25 18:36:45,384: +PUB [/vis/agent_3/ego_vehicle_vis] /onlane_ai_agent_3 http://y:46581/
[rosmaster.master][INFO] 2026-04-25 18:36:45,384: +PUB [/vis/agent_2/pred_initial_intention_vis] /onlane_ai_agent_2 http://y:38853/
[rosmaster.master][INFO] 2026-04-25 18:36:45,384: +PUB [/vis/agent_4/local_lanes_vis] /onlane_ai_agent_4 http://y:37573/
[rosmaster.master][INFO] 2026-04-25 18:36:45,385: +PUB [/vis/agent_3/obstacle_map] /onlane_ai_agent_3 http://y:46581/
[rosmaster.master][INFO] 2026-04-25 18:36:45,385: +PUB [/vis/agent_4/ego_behavior_vis] /onlane_ai_agent_4 http://y:37573/
[rosmaster.master][INFO] 2026-04-25 18:36:45,385: +PUB [/vis/agent_2/surrounding_vehicle_vis] /onlane_ai_agent_2 http://y:38853/
[rosmaster.master][INFO] 2026-04-25 18:36:45,385: +PUB [/vis/agent_4/pred_traj_openloop_vis] /onlane_ai_agent_4 http://y:37573/
[rosmaster.master][INFO] 2026-04-25 18:36:45,386: +PUB [/vis/agent_3/surrounding_lane_net_vis] /onlane_ai_agent_3 http://y:46581/
[rosmaster.master][INFO] 2026-04-25 18:36:45,386: +PUB [/vis/agent_4/pred_initial_intention_vis] /onlane_ai_agent_4 http://y:37573/
[rosmaster.master][INFO] 2026-04-25 18:36:45,386: +PUB [/vis/agent_2/speed_limit] /onlane_ai_agent_2 http://y:38853/
[rosmaster.master][INFO] 2026-04-25 18:36:45,387: +PUB [/vis/agent_4/surrounding_vehicle_vis] /onlane_ai_agent_4 http://y:37573/
[rosmaster.master][INFO] 2026-04-25 18:36:45,387: +PUB [/vis/agent_3/local_lanes_vis] /onlane_ai_agent_3 http://y:46581/
[rosmaster.master][INFO] 2026-04-25 18:36:45,388: +PUB [/vis/agent_4/speed_limit] /onlane_ai_agent_4 http://y:37573/
[rosmaster.master][INFO] 2026-04-25 18:36:45,389: +PUB [/ctrl/agent_10] /onlane_ai_agent_10 http://y:42565/
[rosmaster.master][INFO] 2026-04-25 18:36:45,390: +PUB [/vis/agent_3/ego_behavior_vis] /onlane_ai_agent_3 http://y:46581/
[rosmaster.master][INFO] 2026-04-25 18:36:45,390: +PUB [/vis/agent_3/pred_traj_openloop_vis] /onlane_ai_agent_3 http://y:46581/
[rosmaster.master][INFO] 2026-04-25 18:36:45,394: +PUB [/vis/agent_3/pred_initial_intention_vis] /onlane_ai_agent_3 http://y:46581/
[rosmaster.master][INFO] 2026-04-25 18:36:45,396: +SUB [/arena_info_static] /onlane_ai_agent_2 http://y:38853/
[rosmaster.master][INFO] 2026-04-25 18:36:45,397: +PUB [/vis/agent_3/surrounding_vehicle_vis] /onlane_ai_agent_3 http://y:46581/
[rosmaster.master][INFO] 2026-04-25 18:36:45,404: +PUB [/tf] /onlane_ai_agent_8 http://y:37413/
[rosmaster.master][INFO] 2026-04-25 18:36:45,405: +SUB [/arena_info_static] /onlane_ai_agent_4 http://y:37573/
[rosmaster.master][INFO] 2026-04-25 18:36:45,405: +PUB [/vis/agent_8/ego_vehicle_vis] /onlane_ai_agent_8 http://y:37413/
[rosmaster.master][INFO] 2026-04-25 18:36:45,405: +PUB [/vis/agent_8/obstacle_map] /onlane_ai_agent_8 http://y:37413/
[rosmaster.master][INFO] 2026-04-25 18:36:45,406: +PUB [/vis/agent_3/speed_limit] /onlane_ai_agent_3 http://y:46581/
[rosmaster.master][INFO] 2026-04-25 18:36:45,407: +PUB [/vis/agent_8/surrounding_lane_net_vis] /onlane_ai_agent_8 http://y:37413/
[rosmaster.master][INFO] 2026-04-25 18:36:45,415: +PUB [/vis/agent_0/forward_trajs] /test_ssc_with_eudm_0 http://y:40913/
[rosmaster.master][INFO] 2026-04-25 18:36:45,416: +PUB [/tf] /onlane_ai_agent_6 http://y:34987/
[rosmaster.master][INFO] 2026-04-25 18:36:45,416: +SUB [/arena_info_static] /onlane_ai_agent_1 http://y:42345/
[rosmaster.master][INFO] 2026-04-25 18:36:45,416: +PUB [/arena_info_dynamic] /phy_simulator_planning_node http://y:40621/
[rosmaster.master][INFO] 2026-04-25 18:36:45,416: +PUB [/tf] /onlane_ai_agent_5 http://y:35727/
[rosmaster.master][INFO] 2026-04-25 18:36:45,418: +PUB [/ctrl/agent_9] /onlane_ai_agent_9 http://y:44093/
[rosmaster.master][INFO] 2026-04-25 18:36:45,419: +SUB [/arena_info_dynamic] /onlane_ai_agent_4 http://y:37573/
[rosmaster.master][INFO] 2026-04-25 18:36:45,419: +PUB [/vis/agent_8/local_lanes_vis] /onlane_ai_agent_8 http://y:37413/
[rosmaster.master][INFO] 2026-04-25 18:36:45,419: +PUB [/ctrl/agent_0] /test_ssc_with_eudm_0 http://y:40913/
[rosmaster.master][INFO] 2026-04-25 18:36:45,420: +PUB [/phy_simulator_planning_node/vis/vehicle_set_vis] /phy_simulator_planning_node http://y:40621/
[rosmaster.master][INFO] 2026-04-25 18:36:45,421: +PUB [/vis/agent_5/ego_vehicle_vis] /onlane_ai_agent_5 http://y:35727/
[rosmaster.master][INFO] 2026-04-25 18:36:45,421: +SUB [/arena_info_dynamic] /onlane_ai_agent_2 http://y:38853/
[rosmaster.master][INFO] 2026-04-25 18:36:45,422: +PUB [/vis/agent_6/ego_vehicle_vis] /onlane_ai_agent_6 http://y:34987/
[rosmaster.master][INFO] 2026-04-25 18:36:45,422: +PUB [/vis/agent_8/ego_behavior_vis] /onlane_ai_agent_8 http://y:37413/
[rosmaster.master][INFO] 2026-04-25 18:36:45,423: +PUB [/test_ssc_with_eudm_0/ssc_map] /test_ssc_with_eudm_0 http://y:40913/
[rosmaster.master][INFO] 2026-04-25 18:36:45,424: +PUB [/phy_simulator_planning_node/vis/lane_net_vis] /phy_simulator_planning_node http://y:40621/
[rosmaster.master][INFO] 2026-04-25 18:36:45,424: +PUB [/tf] /onlane_ai_agent_10 http://y:42565/
[rosmaster.master][INFO] 2026-04-25 18:36:45,424: +SUB [/joy] /onlane_ai_agent_4 http://y:37573/
[rosmaster.master][INFO] 2026-04-25 18:36:45,425: +PUB [/vis/agent_6/obstacle_map] /onlane_ai_agent_6 http://y:34987/
[rosmaster.master][INFO] 2026-04-25 18:36:45,426: +PUB [/vis/agent_8/pred_traj_openloop_vis] /onlane_ai_agent_8 http://y:37413/
[rosmaster.master][INFO] 2026-04-25 18:36:45,426: +PUB [/vis/agent_0/ssc/exec_traj] /test_ssc_with_eudm_0 http://y:40913/
[rosmaster.master][INFO] 2026-04-25 18:36:45,426: +SUB [/arena_info_static] /onlane_ai_agent_3 http://y:46581/
[rosmaster.master][INFO] 2026-04-25 18:36:45,427: +PUB [/vis/agent_10/ego_vehicle_vis] /onlane_ai_agent_10 http://y:42565/
[rosmaster.master][INFO] 2026-04-25 18:36:45,427: +PUB [/phy_simulator_planning_node/vis/obstacle_set_vis] /phy_simulator_planning_node http://y:40621/
[rosmaster.master][INFO] 2026-04-25 18:36:45,429: +PUB [/vis/agent_4/forward_trajs] /onlane_ai_agent_4 http://y:37573/
[rosmaster.master][INFO] 2026-04-25 18:36:45,429: +SUB [/arena_info_dynamic] /onlane_ai_agent_1 http://y:42345/
[rosmaster.master][INFO] 2026-04-25 18:36:45,431: +PUB [/tf] /onlane_ai_agent_9 http://y:44093/
[rosmaster.master][INFO] 2026-04-25 18:36:45,432: +SUB [/joy] /onlane_ai_agent_2 http://y:38853/
[rosmaster.master][INFO] 2026-04-25 18:36:45,432: +PUB [/vis/agent_8/pred_initial_intention_vis] /onlane_ai_agent_8 http://y:37413/
[rosmaster.master][INFO] 2026-04-25 18:36:45,433: +PUB [/vis/agent_10/obstacle_map] /onlane_ai_agent_10 http://y:42565/
[rosmaster.master][INFO] 2026-04-25 18:36:45,433: +SUB [/arena_info_static] /test_ssc_with_eudm_0 http://y:40913/
[rosmaster.master][INFO] 2026-04-25 18:36:45,433: +SUB [/arena_info_dynamic] /onlane_ai_agent_3 http://y:46581/
[rosmaster.master][INFO] 2026-04-25 18:36:45,433: +PUB [/vis/agent_6/surrounding_lane_net_vis] /onlane_ai_agent_6 http://y:34987/
[rosmaster.master][INFO] 2026-04-25 18:36:45,434: +SUB [/ctrl/agent_10] /phy_simulator_planning_node http://y:40621/
[rosmaster.master][INFO] 2026-04-25 18:36:45,437: +PUB [/vis/agent_5/obstacle_map] /onlane_ai_agent_5 http://y:35727/
[rosmaster.master][INFO] 2026-04-25 18:36:45,437: +PUB [/tf] /onlane_ai_agent_7 http://y:39497/
[rosmaster.master][INFO] 2026-04-25 18:36:45,437: +PUB [/vis/agent_9/ego_vehicle_vis] /onlane_ai_agent_9 http://y:44093/
[rosmaster.master][INFO] 2026-04-25 18:36:45,438: +PUB [/vis/agent_2/forward_trajs] /onlane_ai_agent_2 http://y:38853/
[rosmaster.master][INFO] 2026-04-25 18:36:45,438: +PUB [/vis/agent_8/surrounding_vehicle_vis] /onlane_ai_agent_8 http://y:37413/
[rosmaster.master][INFO] 2026-04-25 18:36:45,438: +PUB [/vis/agent_10/surrounding_lane_net_vis] /onlane_ai_agent_10 http://y:42565/
[rosmaster.master][INFO] 2026-04-25 18:36:45,438: +PUB [/vis/agent_6/local_lanes_vis] /onlane_ai_agent_6 http://y:34987/
[rosmaster.master][INFO] 2026-04-25 18:36:45,439: +SUB [/joy] /onlane_ai_agent_1 http://y:42345/
[rosmaster.master][INFO] 2026-04-25 18:36:45,439: +SUB [/arena_info_dynamic] /test_ssc_with_eudm_0 http://y:40913/
[rosmaster.master][INFO] 2026-04-25 18:36:45,439: +SUB [/joy] /onlane_ai_agent_3 http://y:46581/
[rosmaster.master][INFO] 2026-04-25 18:36:45,439: +PUB [/vis/agent_5/surrounding_lane_net_vis] /onlane_ai_agent_5 http://y:35727/
[rosmaster.master][INFO] 2026-04-25 18:36:45,440: publisherUpdate[/rosout] -> http://y:34505/ ['http://y:40913/', 'http://y:42345/', 'http://y:38853/', 'http://y:46581/', 'http://y:37573/', 'http://y:35727/', 'http://y:34987/', 'http://y:37413/', 'http://y:39497/']
[rosmaster.master][INFO] 2026-04-25 18:36:45,445: +SUB [/ctrl/agent_9] /phy_simulator_planning_node http://y:40621/
[rosmaster.master][INFO] 2026-04-25 18:36:45,446: +PUB [/vis/agent_7/ego_vehicle_vis] /onlane_ai_agent_7 http://y:39497/
[rosmaster.master][INFO] 2026-04-25 18:36:45,446: +PUB [/vis/agent_9/obstacle_map] /onlane_ai_agent_9 http://y:44093/
[rosmaster.master][INFO] 2026-04-25 18:36:45,446: publisherUpdate[/rosout] -> http://y:34505/ ['http://y:40913/', 'http://y:42345/', 'http://y:38853/', 'http://y:46581/', 'http://y:37573/', 'http://y:35727/', 'http://y:34987/', 'http://y:37413/', 'http://y:39497/']: sec=0.00, result=[1, '', 0]
[rosmaster.master][INFO] 2026-04-25 18:36:45,447: +PUB [/vis/agent_8/speed_limit] /onlane_ai_agent_8 http://y:37413/
[rosmaster.master][INFO] 2026-04-25 18:36:45,447: publisherUpdate[/rosout] -> http://y:34505/ ['http://y:40913/', 'http://y:42345/', 'http://y:38853/', 'http://y:46581/', 'http://y:37573/', 'http://y:35727/', 'http://y:34987/', 'http://y:37413/', 'http://y:39497/', 'http://y:40621/']
[rosmaster.master][INFO] 2026-04-25 18:36:45,447: +PUB [/vis/agent_10/local_lanes_vis] /onlane_ai_agent_10 http://y:42565/
[rosmaster.master][INFO] 2026-04-25 18:36:45,448: publisherUpdate[/rosout] -> http://y:34505/ ['http://y:40913/', 'http://y:42345/', 'http://y:38853/', 'http://y:46581/', 'http://y:37573/', 'http://y:35727/', 'http://y:34987/', 'http://y:37413/', 'http://y:39497/', 'http://y:40621/']: sec=0.00, result=[1, '', 0]
[rosmaster.master][INFO] 2026-04-25 18:36:45,448: +PUB [/vis/agent_6/ego_behavior_vis] /onlane_ai_agent_6 http://y:34987/
[rosmaster.master][INFO] 2026-04-25 18:36:45,448: publisherUpdate[/rosout] -> http://y:34505/ ['http://y:40913/', 'http://y:42345/', 'http://y:38853/', 'http://y:46581/', 'http://y:37573/', 'http://y:35727/', 'http://y:34987/', 'http://y:37413/', 'http://y:39497/', 'http://y:40621/', 'http://y:44093/']
[rosmaster.master][INFO] 2026-04-25 18:36:45,449: publisherUpdate[/rosout] -> http://y:34505/ ['http://y:40913/', 'http://y:42345/', 'http://y:38853/', 'http://y:46581/', 'http://y:37573/', 'http://y:35727/', 'http://y:34987/', 'http://y:37413/', 'http://y:39497/', 'http://y:40621/', 'http://y:44093/']: sec=0.00, result=[1, '', 0]
[rosmaster.master][INFO] 2026-04-25 18:36:45,449: publisherUpdate[/rosout] -> http://y:34505/ ['http://y:40913/', 'http://y:42345/', 'http://y:38853/', 'http://y:46581/', 'http://y:37573/', 'http://y:35727/', 'http://y:34987/', 'http://y:37413/', 'http://y:39497/', 'http://y:40621/', 'http://y:44093/', 'http://y:42565/']
[rosmaster.master][INFO] 2026-04-25 18:36:45,449: +PUB [/vis/agent_1/forward_trajs] /onlane_ai_agent_1 http://y:42345/
[rosmaster.master][INFO] 2026-04-25 18:36:45,449: publisherUpdate[/rosout] -> http://y:34505/ ['http://y:40913/', 'http://y:42345/', 'http://y:38853/', 'http://y:46581/', 'http://y:37573/', 'http://y:35727/', 'http://y:34987/', 'http://y:37413/', 'http://y:39497/', 'http://y:40621/', 'http://y:44093/', 'http://y:42565/']: sec=0.00, result=[1, '', 0]
[rosmaster.master][INFO] 2026-04-25 18:36:45,450: +PUB [/vis/agent_3/forward_trajs] /onlane_ai_agent_3 http://y:46581/
[rosmaster.master][INFO] 2026-04-25 18:36:45,450: +PUB [/vis/agent_5/local_lanes_vis] /onlane_ai_agent_5 http://y:35727/
[rosmaster.master][INFO] 2026-04-25 18:36:45,450: +PUB [/vis/agent_7/obstacle_map] /onlane_ai_agent_7 http://y:39497/
[rosmaster.master][INFO] 2026-04-25 18:36:45,450: +PUB [/vis/agent_9/surrounding_lane_net_vis] /onlane_ai_agent_9 http://y:44093/
[rosmaster.master][INFO] 2026-04-25 18:36:45,450: +SUB [/ctrl/agent_8] /phy_simulator_planning_node http://y:40621/
[rosmaster.master][INFO] 2026-04-25 18:36:45,450: +PUB [/vis/agent_6/pred_traj_openloop_vis] /onlane_ai_agent_6 http://y:34987/
[rosmaster.master][INFO] 2026-04-25 18:36:45,451: +SUB [/arena_info_static] /onlane_ai_agent_8 http://y:37413/
[rosmaster.master][INFO] 2026-04-25 18:36:45,451: +PUB [/vis/agent_10/ego_behavior_vis] /onlane_ai_agent_10 http://y:42565/
[rosmaster.master][INFO] 2026-04-25 18:36:45,452: +PUB [/vis/agent_7/surrounding_lane_net_vis] /onlane_ai_agent_7 http://y:39497/
[rosmaster.master][INFO] 2026-04-25 18:36:45,452: +PUB [/vis/agent_9/local_lanes_vis] /onlane_ai_agent_9 http://y:44093/
[rosmaster.master][INFO] 2026-04-25 18:36:45,452: +PUB [/vis/agent_5/ego_behavior_vis] /onlane_ai_agent_5 http://y:35727/
[rosmaster.master][INFO] 2026-04-25 18:36:45,452: +PUB [/vis/agent_6/pred_initial_intention_vis] /onlane_ai_agent_6 http://y:34987/
[rosmaster.master][INFO] 2026-04-25 18:36:45,453: +PUB [/vis/agent_10/pred_traj_openloop_vis] /onlane_ai_agent_10 http://y:42565/
[rosmaster.master][INFO] 2026-04-25 18:36:45,453: +SUB [/ctrl/agent_7] /phy_simulator_planning_node http://y:40621/
[rosmaster.master][INFO] 2026-04-25 18:36:45,453: +PUB [/vis/agent_9/ego_behavior_vis] /onlane_ai_agent_9 http://y:44093/
[rosmaster.master][INFO] 2026-04-25 18:36:45,453: +PUB [/vis/agent_7/local_lanes_vis] /onlane_ai_agent_7 http://y:39497/
[rosmaster.master][INFO] 2026-04-25 18:36:45,454: +PUB [/vis/agent_5/pred_traj_openloop_vis] /onlane_ai_agent_5 http://y:35727/
[rosmaster.master][INFO] 2026-04-25 18:36:45,454: +SUB [/arena_info_dynamic] /onlane_ai_agent_8 http://y:37413/
[rosmaster.master][INFO] 2026-04-25 18:36:45,455: +PUB [/vis/agent_6/surrounding_vehicle_vis] /onlane_ai_agent_6 http://y:34987/
[rosmaster.master][INFO] 2026-04-25 18:36:45,455: +PUB [/vis/agent_10/pred_initial_intention_vis] /onlane_ai_agent_10 http://y:42565/
[rosmaster.master][INFO] 2026-04-25 18:36:45,456: +PUB [/vis/agent_9/pred_traj_openloop_vis] /onlane_ai_agent_9 http://y:44093/
[rosmaster.master][INFO] 2026-04-25 18:36:45,456: +PUB [/vis/agent_7/ego_behavior_vis] /onlane_ai_agent_7 http://y:39497/
[rosmaster.master][INFO] 2026-04-25 18:36:45,456: +PUB [/vis/agent_5/pred_initial_intention_vis] /onlane_ai_agent_5 http://y:35727/
[rosmaster.master][INFO] 2026-04-25 18:36:45,457: +PUB [/vis/agent_6/speed_limit] /onlane_ai_agent_6 http://y:34987/
[rosmaster.master][INFO] 2026-04-25 18:36:45,457: +SUB [/ctrl/agent_6] /phy_simulator_planning_node http://y:40621/
[rosmaster.master][INFO] 2026-04-25 18:36:45,457: +PUB [/vis/agent_10/surrounding_vehicle_vis] /onlane_ai_agent_10 http://y:42565/
[rosmaster.master][INFO] 2026-04-25 18:36:45,457: +PUB [/vis/agent_9/pred_initial_intention_vis] /onlane_ai_agent_9 http://y:44093/
[rosmaster.master][INFO] 2026-04-25 18:36:45,458: +PUB [/vis/agent_7/pred_traj_openloop_vis] /onlane_ai_agent_7 http://y:39497/
[rosmaster.master][INFO] 2026-04-25 18:36:45,458: +SUB [/joy] /onlane_ai_agent_8 http://y:37413/
[rosmaster.master][INFO] 2026-04-25 18:36:45,459: +PUB [/vis/agent_5/surrounding_vehicle_vis] /onlane_ai_agent_5 http://y:35727/
[rosmaster.master][INFO] 2026-04-25 18:36:45,459: +PUB [/vis/agent_10/speed_limit] /onlane_ai_agent_10 http://y:42565/
[rosmaster.master][INFO] 2026-04-25 18:36:45,460: +SUB [/arena_info_static] /onlane_ai_agent_6 http://y:34987/
[rosmaster.master][INFO] 2026-04-25 18:36:45,460: +PUB [/vis/agent_7/pred_initial_intention_vis] /onlane_ai_agent_7 http://y:39497/
[rosmaster.master][INFO] 2026-04-25 18:36:45,461: +PUB [/vis/agent_9/surrounding_vehicle_vis] /onlane_ai_agent_9 http://y:44093/
[rosmaster.master][INFO] 2026-04-25 18:36:45,461: +PUB [/vis/agent_8/forward_trajs] /onlane_ai_agent_8 http://y:37413/
[rosmaster.master][INFO] 2026-04-25 18:36:45,462: +PUB [/vis/agent_5/speed_limit] /onlane_ai_agent_5 http://y:35727/
[rosmaster.master][INFO] 2026-04-25 18:36:45,462: +SUB [/ctrl/agent_5] /phy_simulator_planning_node http://y:40621/
[rosmaster.master][INFO] 2026-04-25 18:36:45,462: +PUB [/vis/agent_7/surrounding_vehicle_vis] /onlane_ai_agent_7 http://y:39497/
[rosmaster.master][INFO] 2026-04-25 18:36:45,463: +SUB [/arena_info_static] /onlane_ai_agent_10 http://y:42565/
[rosmaster.master][INFO] 2026-04-25 18:36:45,463: +PUB [/vis/agent_9/speed_limit] /onlane_ai_agent_9 http://y:44093/
[rosmaster.master][INFO] 2026-04-25 18:36:45,464: +SUB [/arena_info_dynamic] /onlane_ai_agent_6 http://y:34987/
[rosmaster.master][INFO] 2026-04-25 18:36:45,464: +SUB [/arena_info_static] /onlane_ai_agent_5 http://y:35727/
[rosmaster.master][INFO] 2026-04-25 18:36:45,464: +PUB [/vis/agent_7/speed_limit] /onlane_ai_agent_7 http://y:39497/
[rosmaster.master][INFO] 2026-04-25 18:36:45,465: +SUB [/ctrl/agent_4] /phy_simulator_planning_node http://y:40621/
[rosmaster.master][INFO] 2026-04-25 18:36:45,467: +SUB [/arena_info_dynamic] /onlane_ai_agent_10 http://y:42565/
[rosmaster.master][INFO] 2026-04-25 18:36:45,467: +SUB [/arena_info_static] /onlane_ai_agent_9 http://y:44093/
[rosmaster.master][INFO] 2026-04-25 18:36:45,468: +SUB [/joy] /onlane_ai_agent_6 http://y:34987/
[rosmaster.master][INFO] 2026-04-25 18:36:45,470: +SUB [/arena_info_static] /onlane_ai_agent_7 http://y:39497/
[rosmaster.master][INFO] 2026-04-25 18:36:45,470: +SUB [/arena_info_dynamic] /onlane_ai_agent_5 http://y:35727/
[rosmaster.master][INFO] 2026-04-25 18:36:45,470: +PUB [/vis/agent_6/forward_trajs] /onlane_ai_agent_6 http://y:34987/
[rosmaster.master][INFO] 2026-04-25 18:36:45,471: +SUB [/joy] /onlane_ai_agent_10 http://y:42565/
[rosmaster.master][INFO] 2026-04-25 18:36:45,471: +SUB [/arena_info_dynamic] /onlane_ai_agent_9 http://y:44093/
[rosmaster.master][INFO] 2026-04-25 18:36:45,472: +SUB [/ctrl/agent_3] /phy_simulator_planning_node http://y:40621/
[rosmaster.master][INFO] 2026-04-25 18:36:45,472: +PUB [/vis/agent_10/forward_trajs] /onlane_ai_agent_10 http://y:42565/
[rosmaster.master][INFO] 2026-04-25 18:36:45,472: +SUB [/joy] /onlane_ai_agent_5 http://y:35727/
[rosmaster.master][INFO] 2026-04-25 18:36:45,473: +SUB [/arena_info_dynamic] /onlane_ai_agent_7 http://y:39497/
[rosmaster.master][INFO] 2026-04-25 18:36:45,474: +SUB [/joy] /onlane_ai_agent_9 http://y:44093/
[rosmaster.master][INFO] 2026-04-25 18:36:45,474: +PUB [/vis/agent_5/forward_trajs] /onlane_ai_agent_5 http://y:35727/
[rosmaster.master][INFO] 2026-04-25 18:36:45,474: +SUB [/ctrl/agent_2] /phy_simulator_planning_node http://y:40621/
[rosmaster.master][INFO] 2026-04-25 18:36:45,475: +PUB [/vis/agent_9/forward_trajs] /onlane_ai_agent_9 http://y:44093/
[rosmaster.master][INFO] 2026-04-25 18:36:45,475: +SUB [/joy] /onlane_ai_agent_7 http://y:39497/
[rosmaster.master][INFO] 2026-04-25 18:36:45,476: +PUB [/vis/agent_7/forward_trajs] /onlane_ai_agent_7 http://y:39497/
[rosmaster.master][INFO] 2026-04-25 18:36:45,476: +SUB [/ctrl/agent_1] /phy_simulator_planning_node http://y:40621/
[rosmaster.master][INFO] 2026-04-25 18:36:45,477: +SUB [/ctrl/agent_0] /phy_simulator_planning_node http://y:40621/
[rosmaster.master][INFO] 2026-04-25 18:36:45,477: +SUB [/initialpose] /phy_simulator_planning_node http://y:40621/
[rosmaster.master][INFO] 2026-04-25 18:36:45,478: +SUB [/move_base_simple/goal] /phy_simulator_planning_node http://y:40621/
[rosmaster.master][INFO] 2026-04-25 18:36:53,045: +PUB [/rosout] /epsilon_metric_collector_457459_1777113412929 http://y:43111/
[rosmaster.master][INFO] 2026-04-25 18:36:53,047: +SERVICE [/epsilon_metric_collector_457459_1777113412929/get_loggers] /epsilon_metric_collector_457459_1777113412929 http://y:43111/
[rosmaster.master][INFO] 2026-04-25 18:36:53,047: +SERVICE [/epsilon_metric_collector_457459_1777113412929/set_logger_level] /epsilon_metric_collector_457459_1777113412929 http://y:43111/
[rosmaster.master][INFO] 2026-04-25 18:36:53,049: +SUB [/arena_info_dynamic] /epsilon_metric_collector_457459_1777113412929 http://y:43111/
[rosmaster.master][INFO] 2026-04-25 18:36:53,060: publisherUpdate[/rosout] -> http://y:34505/ ['http://y:40913/', 'http://y:42345/', 'http://y:38853/', 'http://y:46581/', 'http://y:37573/', 'http://y:35727/', 'http://y:34987/', 'http://y:37413/', 'http://y:39497/', 'http://y:40621/', 'http://y:44093/', 'http://y:42565/', 'http://y:43111/']
[rosmaster.master][INFO] 2026-04-25 18:36:53,061: publisherUpdate[/rosout] -> http://y:34505/ ['http://y:40913/', 'http://y:42345/', 'http://y:38853/', 'http://y:46581/', 'http://y:37573/', 'http://y:35727/', 'http://y:34987/', 'http://y:37413/', 'http://y:39497/', 'http://y:40621/', 'http://y:44093/', 'http://y:42565/', 'http://y:43111/']: sec=0.00, result=[1, '', 0]
[rosmaster.master][INFO] 2026-04-25 18:38:52,673: -SUB [/arena_info_dynamic] /epsilon_metric_collector_457459_1777113412929 http://y:43111/
[rosmaster.master][INFO] 2026-04-25 18:38:52,673: -PUB [/rosout] /epsilon_metric_collector_457459_1777113412929 http://y:43111/
[rosmaster.master][INFO] 2026-04-25 18:38:52,673: -SERVICE [/epsilon_metric_collector_457459_1777113412929/get_loggers] /epsilon_metric_collector_457459_1777113412929 rosrpc://y:35305
[rosmaster.master][INFO] 2026-04-25 18:38:52,673: -SERVICE [/epsilon_metric_collector_457459_1777113412929/set_logger_level] /epsilon_metric_collector_457459_1777113412929 rosrpc://y:35305
[rosmaster.master][INFO] 2026-04-25 18:38:52,742: publisherUpdate[/rosout] -> http://y:34505/ ['http://y:40913/', 'http://y:42345/', 'http://y:38853/', 'http://y:46581/', 'http://y:37573/', 'http://y:35727/', 'http://y:34987/', 'http://y:37413/', 'http://y:39497/', 'http://y:40621/', 'http://y:44093/', 'http://y:42565/']
[rosmaster.master][INFO] 2026-04-25 18:38:52,743: publisherUpdate[/rosout] -> http://y:34505/ ['http://y:40913/', 'http://y:42345/', 'http://y:38853/', 'http://y:46581/', 'http://y:37573/', 'http://y:35727/', 'http://y:34987/', 'http://y:37413/', 'http://y:39497/', 'http://y:40621/', 'http://y:44093/', 'http://y:42565/']: sec=0.00, result=[1, '', 0]
[rosmaster.master][INFO] 2026-04-25 18:38:53,729: +PUB [/rosout] /rostopic_522545_1777113533613 http://y:42131/
[rosmaster.master][INFO] 2026-04-25 18:38:53,730: +SERVICE [/rostopic_522545_1777113533613/get_loggers] /rostopic_522545_1777113533613 http://y:42131/
[rosmaster.master][INFO] 2026-04-25 18:38:53,730: +SERVICE [/rostopic_522545_1777113533613/set_logger_level] /rostopic_522545_1777113533613 http://y:42131/
[rosmaster.master][INFO] 2026-04-25 18:38:53,738: +SUB [/arena_info_dynamic] /rostopic_522545_1777113533613 http://y:42131/
[rosmaster.master][INFO] 2026-04-25 18:38:53,744: publisherUpdate[/rosout] -> http://y:34505/ ['http://y:40913/', 'http://y:42345/', 'http://y:38853/', 'http://y:46581/', 'http://y:37573/', 'http://y:35727/', 'http://y:34987/', 'http://y:37413/', 'http://y:39497/', 'http://y:40621/', 'http://y:44093/', 'http://y:42565/', 'http://y:42131/']
[rosmaster.master][INFO] 2026-04-25 18:38:53,744: publisherUpdate[/rosout] -> http://y:34505/ ['http://y:40913/', 'http://y:42345/', 'http://y:38853/', 'http://y:46581/', 'http://y:37573/', 'http://y:35727/', 'http://y:34987/', 'http://y:37413/', 'http://y:39497/', 'http://y:40621/', 'http://y:44093/', 'http://y:42565/', 'http://y:42131/']: sec=0.00, result=[1, '', 0]
[rosmaster.master][INFO] 2026-04-25 18:39:08,308: -SUB [/arena_info_dynamic] /rostopic_522545_1777113533613 http://y:42131/
[rosmaster.master][INFO] 2026-04-25 18:39:08,308: -PUB [/rosout] /rostopic_522545_1777113533613 http://y:42131/
[rosmaster.master][INFO] 2026-04-25 18:39:08,308: -SERVICE [/rostopic_522545_1777113533613/get_loggers] /rostopic_522545_1777113533613 rosrpc://y:44733
[rosmaster.master][INFO] 2026-04-25 18:39:08,308: -SERVICE [/rostopic_522545_1777113533613/set_logger_level] /rostopic_522545_1777113533613 rosrpc://y:44733
[rosmaster.master][INFO] 2026-04-25 18:39:08,367: publisherUpdate[/rosout] -> http://y:34505/ ['http://y:40913/', 'http://y:42345/', 'http://y:38853/', 'http://y:46581/', 'http://y:37573/', 'http://y:35727/', 'http://y:34987/', 'http://y:37413/', 'http://y:39497/', 'http://y:40621/', 'http://y:44093/', 'http://y:42565/']
[rosmaster.master][INFO] 2026-04-25 18:39:08,368: publisherUpdate[/rosout] -> http://y:34505/ ['http://y:40913/', 'http://y:42345/', 'http://y:38853/', 'http://y:46581/', 'http://y:37573/', 'http://y:35727/', 'http://y:34987/', 'http://y:37413/', 'http://y:39497/', 'http://y:40621/', 'http://y:44093/', 'http://y:42565/']: sec=0.00, result=[1, '', 0]
[rosmaster.master][INFO] 2026-04-25 18:39:09,061: -PUB [/rosout] /phy_simulator_planning_node http://y:40621/
[rosmaster.master][INFO] 2026-04-25 18:39:09,062: -PUB [/arena_info_static] /phy_simulator_planning_node http://y:40621/
[rosmaster.master][INFO] 2026-04-25 18:39:09,062: -PUB [/arena_info_dynamic] /phy_simulator_planning_node http://y:40621/
[rosmaster.master][INFO] 2026-04-25 18:39:09,063: -PUB [/phy_simulator_planning_node/vis/vehicle_set_vis] /phy_simulator_planning_node http://y:40621/
[rosmaster.master][INFO] 2026-04-25 18:39:09,063: -PUB [/phy_simulator_planning_node/vis/lane_net_vis] /phy_simulator_planning_node http://y:40621/
[rosmaster.master][INFO] 2026-04-25 18:39:09,063: -PUB [/phy_simulator_planning_node/vis/obstacle_set_vis] /phy_simulator_planning_node http://y:40621/
[rosmaster.master][INFO] 2026-04-25 18:39:09,063: -SUB [/ctrl/agent_10] /phy_simulator_planning_node http://y:40621/
[rosmaster.master][INFO] 2026-04-25 18:39:09,064: -SUB [/ctrl/agent_9] /phy_simulator_planning_node http://y:40621/
[rosmaster.master][INFO] 2026-04-25 18:39:09,064: -SUB [/ctrl/agent_8] /phy_simulator_planning_node http://y:40621/
[rosmaster.master][INFO] 2026-04-25 18:39:09,064: -SUB [/ctrl/agent_7] /phy_simulator_planning_node http://y:40621/
[rosmaster.master][INFO] 2026-04-25 18:39:09,065: -SUB [/ctrl/agent_6] /phy_simulator_planning_node http://y:40621/
[rosmaster.master][INFO] 2026-04-25 18:39:09,065: -SUB [/ctrl/agent_5] /phy_simulator_planning_node http://y:40621/
[rosmaster.master][INFO] 2026-04-25 18:39:09,065: -SUB [/ctrl/agent_4] /phy_simulator_planning_node http://y:40621/
[rosmaster.master][INFO] 2026-04-25 18:39:09,065: -SUB [/ctrl/agent_3] /phy_simulator_planning_node http://y:40621/
[rosmaster.master][INFO] 2026-04-25 18:39:09,066: -SUB [/ctrl/agent_2] /phy_simulator_planning_node http://y:40621/
[rosmaster.master][INFO] 2026-04-25 18:39:09,066: -SUB [/ctrl/agent_1] /phy_simulator_planning_node http://y:40621/
[rosmaster.master][INFO] 2026-04-25 18:39:09,066: -SUB [/ctrl/agent_0] /phy_simulator_planning_node http://y:40621/
[rosmaster.master][INFO] 2026-04-25 18:39:09,066: -SUB [/initialpose] /phy_simulator_planning_node http://y:40621/
[rosmaster.master][INFO] 2026-04-25 18:39:09,066: -SUB [/move_base_simple/goal] /phy_simulator_planning_node http://y:40621/
[rosmaster.master][INFO] 2026-04-25 18:39:09,066: -SERVICE [/phy_simulator_planning_node/get_loggers] /phy_simulator_planning_node rosrpc://y:55555
[rosmaster.master][INFO] 2026-04-25 18:39:09,066: -SERVICE [/phy_simulator_planning_node/set_logger_level] /phy_simulator_planning_node rosrpc://y:55555
[rosmaster.master][INFO] 2026-04-25 18:39:09,068: publisherUpdate[/rosout] -> http://y:34505/ ['http://y:40913/', 'http://y:42345/', 'http://y:38853/', 'http://y:46581/', 'http://y:37573/', 'http://y:35727/', 'http://y:34987/', 'http://y:37413/', 'http://y:39497/', 'http://y:44093/', 'http://y:42565/']
[rosmaster.master][INFO] 2026-04-25 18:39:09,069: publisherUpdate[/rosout] -> http://y:34505/ ['http://y:40913/', 'http://y:42345/', 'http://y:38853/', 'http://y:46581/', 'http://y:37573/', 'http://y:35727/', 'http://y:34987/', 'http://y:37413/', 'http://y:39497/', 'http://y:44093/', 'http://y:42565/']: sec=0.00, result=[1, '', 0]
[rosmaster.master][INFO] 2026-04-25 18:39:09,069: publisherUpdate[/arena_info_static] -> http://y:38853/ []
[rosmaster.master][INFO] 2026-04-25 18:39:09,069: publisherUpdate[/arena_info_static] -> http://y:37573/ []
[rosmaster.master][INFO] 2026-04-25 18:39:09,069: publisherUpdate[/arena_info_static] -> http://y:38853/ []: sec=0.00, result=[0, 'Unknown Error', 0]
[rosmaster.master][INFO] 2026-04-25 18:39:09,070: publisherUpdate[/arena_info_static] -> http://y:42345/ []
[rosmaster.master][INFO] 2026-04-25 18:39:09,070: publisherUpdate[/arena_info_static] -> http://y:37573/ []: sec=0.00, result=[0, 'Unknown Error', 0]
[rosmaster.master][INFO] 2026-04-25 18:39:09,070: publisherUpdate[/arena_info_static] -> http://y:46581/ []
[rosmaster.master][INFO] 2026-04-25 18:39:09,070: publisherUpdate[/arena_info_static] -> http://y:42345/ []: sec=0.00, result=[1, '', 0]
[rosmaster.master][INFO] 2026-04-25 18:39:09,070: publisherUpdate[/arena_info_static] -> http://y:46581/ []: sec=0.00, result=[0, 'Unknown Error', 0]
[rosmaster.master][INFO] 2026-04-25 18:39:09,070: publisherUpdate[/arena_info_static] -> http://y:40913/ []
[rosmaster.master][INFO] 2026-04-25 18:39:09,070: publisherUpdate[/arena_info_static] -> http://y:37413/ []
[rosmaster.master][INFO] 2026-04-25 18:39:09,071: publisherUpdate[/arena_info_static] -> http://y:40913/ []: sec=0.00, result=[1, '', 0]
[rosmaster.master][INFO] 2026-04-25 18:39:09,071: publisherUpdate[/arena_info_static] -> http://y:37413/ []: sec=0.00, result=[0, 'Unknown Error', 0]
[rosmaster.master][INFO] 2026-04-25 18:39:09,071: publisherUpdate[/arena_info_static] -> http://y:34987/ []
[rosmaster.master][INFO] 2026-04-25 18:39:09,071: publisherUpdate[/arena_info_static] -> http://y:42565/ []
[rosmaster.master][INFO] 2026-04-25 18:39:09,071: publisherUpdate[/arena_info_static] -> http://y:34987/ []: sec=0.00, result=[0, 'Unknown Error', 0]
[rosmaster.master][INFO] 2026-04-25 18:39:09,071: publisherUpdate[/arena_info_static] -> http://y:42565/ []: sec=0.00, result=[0, 'Unknown Error', 0]
[rosmaster.master][INFO] 2026-04-25 18:39:09,071: publisherUpdate[/arena_info_static] -> http://y:35727/ []
[rosmaster.master][INFO] 2026-04-25 18:39:09,071: publisherUpdate[/arena_info_static] -> http://y:44093/ []
[rosmaster.master][INFO] 2026-04-25 18:39:09,072: publisherUpdate[/arena_info_static] -> http://y:35727/ []: sec=0.00, result=[0, 'Unknown Error', 0]
[rosmaster.master][INFO] 2026-04-25 18:39:09,072: publisherUpdate[/arena_info_static] -> http://y:44093/ []: sec=0.00, result=[0, 'Unknown Error', 0]
[rosmaster.master][INFO] 2026-04-25 18:39:09,072: publisherUpdate[/arena_info_static] -> http://y:39497/ []
[rosmaster.master][INFO] 2026-04-25 18:39:09,072: publisherUpdate[/arena_info_dynamic] -> http://y:37573/ []
[rosmaster.master][INFO] 2026-04-25 18:39:09,072: publisherUpdate[/arena_info_static] -> http://y:39497/ []: sec=0.00, result=[0, 'Unknown Error', 0]
[rosmaster.master][INFO] 2026-04-25 18:39:09,072: publisherUpdate[/arena_info_dynamic] -> http://y:37573/ []: sec=0.00, result=[0, 'Unknown Error', 0]
[rosmaster.master][INFO] 2026-04-25 18:39:09,072: publisherUpdate[/arena_info_dynamic] -> http://y:38853/ []
[rosmaster.master][INFO] 2026-04-25 18:39:09,072: publisherUpdate[/arena_info_dynamic] -> http://y:42345/ []
[rosmaster.master][INFO] 2026-04-25 18:39:09,073: publisherUpdate[/arena_info_dynamic] -> http://y:38853/ []: sec=0.00, result=[0, 'Unknown Error', 0]
[rosmaster.master][INFO] 2026-04-25 18:39:09,073: publisherUpdate[/arena_info_dynamic] -> http://y:46581/ []
[rosmaster.master][INFO] 2026-04-25 18:39:09,073: publisherUpdate[/arena_info_dynamic] -> http://y:42345/ []: sec=0.00, result=[1, '', 0]
[rosmaster.master][INFO] 2026-04-25 18:39:09,073: publisherUpdate[/arena_info_dynamic] -> http://y:40913/ []
[rosmaster.master][INFO] 2026-04-25 18:39:09,073: publisherUpdate[/arena_info_dynamic] -> http://y:46581/ []: sec=0.00, result=[0, 'Unknown Error', 0]
[rosmaster.master][INFO] 2026-04-25 18:39:09,073: publisherUpdate[/arena_info_dynamic] -> http://y:37413/ []
[rosmaster.master][INFO] 2026-04-25 18:39:09,074: publisherUpdate[/arena_info_dynamic] -> http://y:40913/ []: sec=0.00, result=[1, '', 0]
[rosmaster.master][INFO] 2026-04-25 18:39:09,074: publisherUpdate[/arena_info_dynamic] -> http://y:37413/ []: sec=0.00, result=[0, 'Unknown Error', 0]
[rosmaster.master][INFO] 2026-04-25 18:39:09,074: publisherUpdate[/arena_info_dynamic] -> http://y:34987/ []
[rosmaster.master][INFO] 2026-04-25 18:39:09,074: publisherUpdate[/arena_info_dynamic] -> http://y:42565/ []
[rosmaster.master][INFO] 2026-04-25 18:39:09,074: publisherUpdate[/arena_info_dynamic] -> http://y:34987/ []: sec=0.00, result=[0, 'Unknown Error', 0]
[rosmaster.master][INFO] 2026-04-25 18:39:09,074: publisherUpdate[/arena_info_dynamic] -> http://y:35727/ []
[rosmaster.master][INFO] 2026-04-25 18:39:09,074: -PUB [/rosout] /onlane_ai_agent_10 http://y:42565/
[rosmaster.master][INFO] 2026-04-25 18:39:09,075: -PUB [/ctrl/agent_10] /onlane_ai_agent_10 http://y:42565/
[rosmaster.master][INFO] 2026-04-25 18:39:09,075: publisherUpdate[/arena_info_dynamic] -> http://y:35727/ []: sec=0.00, result=[0, 'Unknown Error', 0]
[rosmaster.master][INFO] 2026-04-25 18:39:09,075: publisherUpdate[/arena_info_dynamic] -> http://y:44093/ []
[rosmaster.master][INFO] 2026-04-25 18:39:09,075: -PUB [/tf] /onlane_ai_agent_10 http://y:42565/
[rosmaster.master][INFO] 2026-04-25 18:39:09,075: publisherUpdate[/arena_info_dynamic] -> http://y:44093/ []: sec=0.00, result=[0, 'Unknown Error', 0]
[rosmaster.master][INFO] 2026-04-25 18:39:09,075: -PUB [/vis/agent_10/ego_vehicle_vis] /onlane_ai_agent_10 http://y:42565/
[rosmaster.master][INFO] 2026-04-25 18:39:09,075: publisherUpdate[/arena_info_dynamic] -> http://y:39497/ []
[rosmaster.master][INFO] 2026-04-25 18:39:09,076: -PUB [/vis/agent_10/obstacle_map] /onlane_ai_agent_10 http://y:42565/
[rosmaster.master][INFO] 2026-04-25 18:39:09,076: publisherUpdate[/arena_info_dynamic] -> http://y:39497/ []: sec=0.00, result=[0, 'Unknown Error', 0]
[rosmaster.master][INFO] 2026-04-25 18:39:09,076: publisherUpdate[/rosout] -> http://y:34505/ ['http://y:40913/', 'http://y:42345/', 'http://y:38853/', 'http://y:46581/', 'http://y:37573/', 'http://y:35727/', 'http://y:34987/', 'http://y:37413/', 'http://y:39497/', 'http://y:44093/']
[rosmaster.master][INFO] 2026-04-25 18:39:09,076: -PUB [/vis/agent_10/surrounding_lane_net_vis] /onlane_ai_agent_10 http://y:42565/
[rosmaster.master][INFO] 2026-04-25 18:39:09,076: publisherUpdate[/rosout] -> http://y:34505/ ['http://y:40913/', 'http://y:42345/', 'http://y:38853/', 'http://y:46581/', 'http://y:37573/', 'http://y:35727/', 'http://y:34987/', 'http://y:37413/', 'http://y:39497/', 'http://y:44093/']: sec=0.00, result=[1, '', 0]
[rosmaster.master][INFO] 2026-04-25 18:39:09,077: -PUB [/vis/agent_10/local_lanes_vis] /onlane_ai_agent_10 http://y:42565/
[rosmaster.master][INFO] 2026-04-25 18:39:09,077: -PUB [/vis/agent_10/ego_behavior_vis] /onlane_ai_agent_10 http://y:42565/
[rosmaster.master][INFO] 2026-04-25 18:39:09,077: -PUB [/vis/agent_10/pred_traj_openloop_vis] /onlane_ai_agent_10 http://y:42565/
[rosmaster.master][INFO] 2026-04-25 18:39:09,077: -PUB [/vis/agent_10/pred_initial_intention_vis] /onlane_ai_agent_10 http://y:42565/
[rosmaster.master][INFO] 2026-04-25 18:39:09,077: -PUB [/vis/agent_10/surrounding_vehicle_vis] /onlane_ai_agent_10 http://y:42565/
[rosmaster.master][INFO] 2026-04-25 18:39:09,077: -PUB [/vis/agent_10/speed_limit] /onlane_ai_agent_10 http://y:42565/
[rosmaster.master][INFO] 2026-04-25 18:39:09,078: -PUB [/vis/agent_10/forward_trajs] /onlane_ai_agent_10 http://y:42565/
[rosmaster.master][INFO] 2026-04-25 18:39:09,078: -SUB [/arena_info_static] /onlane_ai_agent_10 http://y:42565/
[rosmaster.master][INFO] 2026-04-25 18:39:09,078: -SUB [/arena_info_dynamic] /onlane_ai_agent_10 http://y:42565/
[rosmaster.master][INFO] 2026-04-25 18:39:09,078: -SUB [/joy] /onlane_ai_agent_10 http://y:42565/
[rosmaster.master][INFO] 2026-04-25 18:39:09,078: -SERVICE [/onlane_ai_agent_10/get_loggers] /onlane_ai_agent_10 rosrpc://y:53993
[rosmaster.master][INFO] 2026-04-25 18:39:09,078: -SERVICE [/onlane_ai_agent_10/set_logger_level] /onlane_ai_agent_10 rosrpc://y:53993
[rosmaster.master][INFO] 2026-04-25 18:39:09,094: publisherUpdate[/arena_info_dynamic] -> http://y:42565/ []: sec=0.02, exception=[Errno 111] Connection refused
[rosmaster.threadpool][ERROR] 2026-04-25 18:39:09,095: Traceback (most recent call last):
  File "/opt/ros/noetic/lib/python3/dist-packages/rosmaster/threadpool.py", line 218, in run
    result = cmd(*args)
  File "/opt/ros/noetic/lib/python3/dist-packages/rosmaster/master_api.py", line 210, in publisher_update_task
    ret = xmlrpcapi(api).publisherUpdate('/master', topic, pub_uris)
  File "/usr/lib/python3.8/xmlrpc/client.py", line 1109, in __call__
    return self.__send(self.__name, args)
  File "/usr/lib/python3.8/xmlrpc/client.py", line 1450, in __request
    response = self.__transport.request(
  File "/usr/lib/python3.8/xmlrpc/client.py", line 1153, in request
    return self.single_request(host, handler, request_body, verbose)
  File "/usr/lib/python3.8/xmlrpc/client.py", line 1165, in single_request
    http_conn = self.send_request(host, handler, request_body, verbose)
  File "/usr/lib/python3.8/xmlrpc/client.py", line 1278, in send_request
    self.send_content(connection, request_body)
  File "/usr/lib/python3.8/xmlrpc/client.py", line 1308, in send_content
    connection.endheaders(request_body)
  File "/usr/lib/python3.8/http/client.py", line 1251, in endheaders
    self._send_output(message_body, encode_chunked=encode_chunked)
  File "/usr/lib/python3.8/http/client.py", line 1011, in _send_output
    self.send(msg)
  File "/usr/lib/python3.8/http/client.py", line 951, in send
    self.connect()
  File "/usr/lib/python3.8/http/client.py", line 922, in connect
    self.sock = self._create_connection(
  File "/usr/lib/python3.8/socket.py", line 808, in create_connection
    raise err
  File "/usr/lib/python3.8/socket.py", line 796, in create_connection
    sock.connect(sa)
ConnectionRefusedError: [Errno 111] Connection refused

[rosmaster.master][INFO] 2026-04-25 18:39:09,173: -PUB [/rosout] /onlane_ai_agent_4 http://y:37573/
[rosmaster.master][INFO] 2026-04-25 18:39:09,173: -PUB [/rosout] /onlane_ai_agent_2 http://y:38853/
[rosmaster.master][INFO] 2026-04-25 18:39:09,173: -PUB [/ctrl/agent_4] /onlane_ai_agent_4 http://y:37573/
[rosmaster.master][INFO] 2026-04-25 18:39:09,174: -PUB [/ctrl/agent_2] /onlane_ai_agent_2 http://y:38853/
[rosmaster.master][INFO] 2026-04-25 18:39:09,174: -PUB [/rosout] /onlane_ai_agent_3 http://y:46581/
[rosmaster.master][INFO] 2026-04-25 18:39:09,174: -PUB [/rosout] /onlane_ai_agent_8 http://y:37413/
[rosmaster.master][INFO] 2026-04-25 18:39:09,175: -PUB [/tf] /onlane_ai_agent_4 http://y:37573/
[rosmaster.master][INFO] 2026-04-25 18:39:09,175: -PUB [/ctrl/agent_3] /onlane_ai_agent_3 http://y:46581/
[rosmaster.master][INFO] 2026-04-25 18:39:09,176: -PUB [/rosout] /onlane_ai_agent_6 http://y:34987/
[rosmaster.master][INFO] 2026-04-25 18:39:09,176: -PUB [/ctrl/agent_8] /onlane_ai_agent_8 http://y:37413/
[rosmaster.master][INFO] 2026-04-25 18:39:09,176: -PUB [/tf] /onlane_ai_agent_2 http://y:38853/
[rosmaster.master][INFO] 2026-04-25 18:39:09,177: -PUB [/rosout] /onlane_ai_agent_9 http://y:44093/
[rosmaster.master][INFO] 2026-04-25 18:39:09,177: publisherUpdate[/rosout] -> http://y:34505/ ['http://y:40913/', 'http://y:42345/', 'http://y:38853/', 'http://y:46581/', 'http://y:35727/', 'http://y:34987/', 'http://y:37413/', 'http://y:39497/', 'http://y:44093/']
[rosmaster.master][INFO] 2026-04-25 18:39:09,177: -PUB [/vis/agent_4/ego_vehicle_vis] /onlane_ai_agent_4 http://y:37573/
[rosmaster.master][INFO] 2026-04-25 18:39:09,178: -PUB [/rosout] /onlane_ai_agent_5 http://y:35727/
[rosmaster.master][INFO] 2026-04-25 18:39:09,178: -PUB [/tf] /onlane_ai_agent_3 http://y:46581/
[rosmaster.master][INFO] 2026-04-25 18:39:09,178: -PUB [/rosout] /onlane_ai_agent_7 http://y:39497/
[rosmaster.master][INFO] 2026-04-25 18:39:09,178: -PUB [/tf] /onlane_ai_agent_8 http://y:37413/
[rosmaster.master][INFO] 2026-04-25 18:39:09,178: publisherUpdate[/rosout] -> http://y:34505/ ['http://y:40913/', 'http://y:42345/', 'http://y:38853/', 'http://y:46581/', 'http://y:35727/', 'http://y:34987/', 'http://y:37413/', 'http://y:39497/', 'http://y:44093/']: sec=0.00, result=[1, '', 0]
[rosmaster.master][INFO] 2026-04-25 18:39:09,179: -PUB [/ctrl/agent_6] /onlane_ai_agent_6 http://y:34987/
[rosmaster.master][INFO] 2026-04-25 18:39:09,179: publisherUpdate[/rosout] -> http://y:34505/ ['http://y:40913/', 'http://y:42345/', 'http://y:46581/', 'http://y:35727/', 'http://y:34987/', 'http://y:37413/', 'http://y:39497/', 'http://y:44093/']
[rosmaster.master][INFO] 2026-04-25 18:39:09,179: -PUB [/vis/agent_2/ego_vehicle_vis] /onlane_ai_agent_2 http://y:38853/
[rosmaster.master][INFO] 2026-04-25 18:39:09,179: publisherUpdate[/rosout] -> http://y:34505/ ['http://y:40913/', 'http://y:42345/', 'http://y:46581/', 'http://y:35727/', 'http://y:34987/', 'http://y:37413/', 'http://y:39497/', 'http://y:44093/']: sec=0.00, result=[1, '', 0]
[rosmaster.master][INFO] 2026-04-25 18:39:09,179: -PUB [/ctrl/agent_9] /onlane_ai_agent_9 http://y:44093/
[rosmaster.master][INFO] 2026-04-25 18:39:09,179: publisherUpdate[/rosout] -> http://y:34505/ ['http://y:40913/', 'http://y:42345/', 'http://y:35727/', 'http://y:34987/', 'http://y:37413/', 'http://y:39497/', 'http://y:44093/']
[rosmaster.master][INFO] 2026-04-25 18:39:09,179: -PUB [/vis/agent_4/obstacle_map] /onlane_ai_agent_4 http://y:37573/
[rosmaster.master][INFO] 2026-04-25 18:39:09,180: publisherUpdate[/rosout] -> http://y:34505/ ['http://y:40913/', 'http://y:42345/', 'http://y:35727/', 'http://y:34987/', 'http://y:37413/', 'http://y:39497/', 'http://y:44093/']: sec=0.00, result=[1, '', 0]
[rosmaster.master][INFO] 2026-04-25 18:39:09,180: -PUB [/ctrl/agent_5] /onlane_ai_agent_5 http://y:35727/
[rosmaster.master][INFO] 2026-04-25 18:39:09,180: publisherUpdate[/rosout] -> http://y:34505/ ['http://y:40913/', 'http://y:42345/', 'http://y:35727/', 'http://y:34987/', 'http://y:39497/', 'http://y:44093/']
[rosmaster.master][INFO] 2026-04-25 18:39:09,180: -PUB [/vis/agent_3/ego_vehicle_vis] /onlane_ai_agent_3 http://y:46581/
[rosmaster.master][INFO] 2026-04-25 18:39:09,180: publisherUpdate[/rosout] -> http://y:34505/ ['http://y:40913/', 'http://y:42345/', 'http://y:35727/', 'http://y:34987/', 'http://y:39497/', 'http://y:44093/']: sec=0.00, result=[1, '', 0]
[rosmaster.master][INFO] 2026-04-25 18:39:09,181: -PUB [/ctrl/agent_7] /onlane_ai_agent_7 http://y:39497/
[rosmaster.master][INFO] 2026-04-25 18:39:09,181: publisherUpdate[/rosout] -> http://y:34505/ ['http://y:40913/', 'http://y:42345/', 'http://y:35727/', 'http://y:39497/', 'http://y:44093/']
[rosmaster.master][INFO] 2026-04-25 18:39:09,181: -PUB [/vis/agent_8/ego_vehicle_vis] /onlane_ai_agent_8 http://y:37413/
[rosmaster.master][INFO] 2026-04-25 18:39:09,181: publisherUpdate[/rosout] -> http://y:34505/ ['http://y:40913/', 'http://y:42345/', 'http://y:35727/', 'http://y:39497/', 'http://y:44093/']: sec=0.00, result=[1, '', 0]
[rosmaster.master][INFO] 2026-04-25 18:39:09,181: -PUB [/tf] /onlane_ai_agent_6 http://y:34987/
[rosmaster.master][INFO] 2026-04-25 18:39:09,181: publisherUpdate[/rosout] -> http://y:34505/ ['http://y:40913/', 'http://y:42345/', 'http://y:35727/', 'http://y:39497/']
[rosmaster.master][INFO] 2026-04-25 18:39:09,181: -PUB [/vis/agent_2/obstacle_map] /onlane_ai_agent_2 http://y:38853/
[rosmaster.master][INFO] 2026-04-25 18:39:09,182: publisherUpdate[/rosout] -> http://y:34505/ ['http://y:40913/', 'http://y:42345/', 'http://y:35727/', 'http://y:39497/']: sec=0.00, result=[1, '', 0]
[rosmaster.master][INFO] 2026-04-25 18:39:09,182: -PUB [/tf] /onlane_ai_agent_9 http://y:44093/
[rosmaster.master][INFO] 2026-04-25 18:39:09,182: publisherUpdate[/rosout] -> http://y:34505/ ['http://y:40913/', 'http://y:42345/', 'http://y:39497/']
[rosmaster.master][INFO] 2026-04-25 18:39:09,182: -PUB [/vis/agent_4/surrounding_lane_net_vis] /onlane_ai_agent_4 http://y:37573/
[rosmaster.master][INFO] 2026-04-25 18:39:09,182: publisherUpdate[/rosout] -> http://y:34505/ ['http://y:40913/', 'http://y:42345/', 'http://y:39497/']: sec=0.00, result=[1, '', 0]
[rosmaster.master][INFO] 2026-04-25 18:39:09,182: -PUB [/tf] /onlane_ai_agent_5 http://y:35727/
[rosmaster.master][INFO] 2026-04-25 18:39:09,182: publisherUpdate[/rosout] -> http://y:34505/ ['http://y:40913/', 'http://y:42345/']
[rosmaster.master][INFO] 2026-04-25 18:39:09,183: -PUB [/vis/agent_3/obstacle_map] /onlane_ai_agent_3 http://y:46581/
[rosmaster.master][INFO] 2026-04-25 18:39:09,183: publisherUpdate[/rosout] -> http://y:34505/ ['http://y:40913/', 'http://y:42345/']: sec=0.00, result=[1, '', 0]
[rosmaster.master][INFO] 2026-04-25 18:39:09,183: -PUB [/tf] /onlane_ai_agent_7 http://y:39497/
[rosmaster.master][INFO] 2026-04-25 18:39:09,183: -PUB [/vis/agent_8/obstacle_map] /onlane_ai_agent_8 http://y:37413/
[rosmaster.master][INFO] 2026-04-25 18:39:09,183: -PUB [/vis/agent_6/ego_vehicle_vis] /onlane_ai_agent_6 http://y:34987/
[rosmaster.master][INFO] 2026-04-25 18:39:09,183: -PUB [/vis/agent_2/surrounding_lane_net_vis] /onlane_ai_agent_2 http://y:38853/
[rosmaster.master][INFO] 2026-04-25 18:39:09,183: -PUB [/vis/agent_9/ego_vehicle_vis] /onlane_ai_agent_9 http://y:44093/
[rosmaster.master][INFO] 2026-04-25 18:39:09,184: -PUB [/vis/agent_4/local_lanes_vis] /onlane_ai_agent_4 http://y:37573/
[rosmaster.master][INFO] 2026-04-25 18:39:09,184: -PUB [/vis/agent_5/ego_vehicle_vis] /onlane_ai_agent_5 http://y:35727/
[rosmaster.master][INFO] 2026-04-25 18:39:09,184: -PUB [/vis/agent_3/surrounding_lane_net_vis] /onlane_ai_agent_3 http://y:46581/
[rosmaster.master][INFO] 2026-04-25 18:39:09,184: -PUB [/vis/agent_8/surrounding_lane_net_vis] /onlane_ai_agent_8 http://y:37413/
[rosmaster.master][INFO] 2026-04-25 18:39:09,184: -PUB [/vis/agent_7/ego_vehicle_vis] /onlane_ai_agent_7 http://y:39497/
[rosmaster.master][INFO] 2026-04-25 18:39:09,184: -PUB [/vis/agent_2/local_lanes_vis] /onlane_ai_agent_2 http://y:38853/
[rosmaster.master][INFO] 2026-04-25 18:39:09,185: -PUB [/vis/agent_6/obstacle_map] /onlane_ai_agent_6 http://y:34987/
[rosmaster.master][INFO] 2026-04-25 18:39:09,185: -PUB [/vis/agent_9/obstacle_map] /onlane_ai_agent_9 http://y:44093/
[rosmaster.master][INFO] 2026-04-25 18:39:09,185: -PUB [/vis/agent_4/ego_behavior_vis] /onlane_ai_agent_4 http://y:37573/
[rosmaster.master][INFO] 2026-04-25 18:39:09,185: -PUB [/vis/agent_5/obstacle_map] /onlane_ai_agent_5 http://y:35727/
[rosmaster.master][INFO] 2026-04-25 18:39:09,185: -PUB [/vis/agent_3/local_lanes_vis] /onlane_ai_agent_3 http://y:46581/
[rosmaster.master][INFO] 2026-04-25 18:39:09,185: -PUB [/vis/agent_8/local_lanes_vis] /onlane_ai_agent_8 http://y:37413/
[rosmaster.master][INFO] 2026-04-25 18:39:09,186: -PUB [/vis/agent_7/obstacle_map] /onlane_ai_agent_7 http://y:39497/
[rosmaster.master][INFO] 2026-04-25 18:39:09,186: -PUB [/vis/agent_2/ego_behavior_vis] /onlane_ai_agent_2 http://y:38853/
[rosmaster.master][INFO] 2026-04-25 18:39:09,186: -PUB [/vis/agent_6/surrounding_lane_net_vis] /onlane_ai_agent_6 http://y:34987/
[rosmaster.master][INFO] 2026-04-25 18:39:09,186: -PUB [/vis/agent_5/surrounding_lane_net_vis] /onlane_ai_agent_5 http://y:35727/
[rosmaster.master][INFO] 2026-04-25 18:39:09,186: -PUB [/vis/agent_9/surrounding_lane_net_vis] /onlane_ai_agent_9 http://y:44093/
[rosmaster.master][INFO] 2026-04-25 18:39:09,187: -PUB [/vis/agent_4/pred_traj_openloop_vis] /onlane_ai_agent_4 http://y:37573/
[rosmaster.master][INFO] 2026-04-25 18:39:09,187: -PUB [/vis/agent_3/ego_behavior_vis] /onlane_ai_agent_3 http://y:46581/
[rosmaster.master][INFO] 2026-04-25 18:39:09,187: -PUB [/vis/agent_8/ego_behavior_vis] /onlane_ai_agent_8 http://y:37413/
[rosmaster.master][INFO] 2026-04-25 18:39:09,187: -PUB [/vis/agent_7/surrounding_lane_net_vis] /onlane_ai_agent_7 http://y:39497/
[rosmaster.master][INFO] 2026-04-25 18:39:09,187: -PUB [/vis/agent_2/pred_traj_openloop_vis] /onlane_ai_agent_2 http://y:38853/
[rosmaster.master][INFO] 2026-04-25 18:39:09,187: -PUB [/vis/agent_6/local_lanes_vis] /onlane_ai_agent_6 http://y:34987/
[rosmaster.master][INFO] 2026-04-25 18:39:09,188: -PUB [/vis/agent_5/local_lanes_vis] /onlane_ai_agent_5 http://y:35727/
[rosmaster.master][INFO] 2026-04-25 18:39:09,188: -PUB [/vis/agent_9/local_lanes_vis] /onlane_ai_agent_9 http://y:44093/
[rosmaster.master][INFO] 2026-04-25 18:39:09,188: -PUB [/vis/agent_4/pred_initial_intention_vis] /onlane_ai_agent_4 http://y:37573/
[rosmaster.master][INFO] 2026-04-25 18:39:09,188: -PUB [/vis/agent_3/pred_traj_openloop_vis] /onlane_ai_agent_3 http://y:46581/
[rosmaster.master][INFO] 2026-04-25 18:39:09,188: -PUB [/vis/agent_8/pred_traj_openloop_vis] /onlane_ai_agent_8 http://y:37413/
[rosmaster.master][INFO] 2026-04-25 18:39:09,188: -PUB [/vis/agent_7/local_lanes_vis] /onlane_ai_agent_7 http://y:39497/
[rosmaster.master][INFO] 2026-04-25 18:39:09,189: -PUB [/vis/agent_2/pred_initial_intention_vis] /onlane_ai_agent_2 http://y:38853/
[rosmaster.master][INFO] 2026-04-25 18:39:09,189: -PUB [/vis/agent_6/ego_behavior_vis] /onlane_ai_agent_6 http://y:34987/
[rosmaster.master][INFO] 2026-04-25 18:39:09,189: -PUB [/vis/agent_5/ego_behavior_vis] /onlane_ai_agent_5 http://y:35727/
[rosmaster.master][INFO] 2026-04-25 18:39:09,189: -PUB [/vis/agent_9/ego_behavior_vis] /onlane_ai_agent_9 http://y:44093/
[rosmaster.master][INFO] 2026-04-25 18:39:09,189: -PUB [/vis/agent_4/surrounding_vehicle_vis] /onlane_ai_agent_4 http://y:37573/
[rosmaster.master][INFO] 2026-04-25 18:39:09,189: -PUB [/vis/agent_3/pred_initial_intention_vis] /onlane_ai_agent_3 http://y:46581/
[rosmaster.master][INFO] 2026-04-25 18:39:09,190: -PUB [/vis/agent_8/pred_initial_intention_vis] /onlane_ai_agent_8 http://y:37413/
[rosmaster.master][INFO] 2026-04-25 18:39:09,190: -PUB [/vis/agent_7/ego_behavior_vis] /onlane_ai_agent_7 http://y:39497/
[rosmaster.master][INFO] 2026-04-25 18:39:09,190: -PUB [/vis/agent_2/surrounding_vehicle_vis] /onlane_ai_agent_2 http://y:38853/
[rosmaster.master][INFO] 2026-04-25 18:39:09,190: -PUB [/vis/agent_6/pred_traj_openloop_vis] /onlane_ai_agent_6 http://y:34987/
[rosmaster.master][INFO] 2026-04-25 18:39:09,190: -PUB [/vis/agent_5/pred_traj_openloop_vis] /onlane_ai_agent_5 http://y:35727/
[rosmaster.master][INFO] 2026-04-25 18:39:09,191: -PUB [/vis/agent_9/pred_traj_openloop_vis] /onlane_ai_agent_9 http://y:44093/
[rosmaster.master][INFO] 2026-04-25 18:39:09,191: -PUB [/vis/agent_4/speed_limit] /onlane_ai_agent_4 http://y:37573/
[rosmaster.master][INFO] 2026-04-25 18:39:09,191: -PUB [/vis/agent_3/surrounding_vehicle_vis] /onlane_ai_agent_3 http://y:46581/
[rosmaster.master][INFO] 2026-04-25 18:39:09,191: -PUB [/vis/agent_8/surrounding_vehicle_vis] /onlane_ai_agent_8 http://y:37413/
[rosmaster.master][INFO] 2026-04-25 18:39:09,191: -PUB [/vis/agent_7/pred_traj_openloop_vis] /onlane_ai_agent_7 http://y:39497/
[rosmaster.master][INFO] 2026-04-25 18:39:09,192: -PUB [/vis/agent_2/speed_limit] /onlane_ai_agent_2 http://y:38853/
[rosmaster.master][INFO] 2026-04-25 18:39:09,192: -PUB [/vis/agent_6/pred_initial_intention_vis] /onlane_ai_agent_6 http://y:34987/
[rosmaster.master][INFO] 2026-04-25 18:39:09,192: -PUB [/vis/agent_5/pred_initial_intention_vis] /onlane_ai_agent_5 http://y:35727/
[rosmaster.master][INFO] 2026-04-25 18:39:09,192: -PUB [/vis/agent_9/pred_initial_intention_vis] /onlane_ai_agent_9 http://y:44093/
[rosmaster.master][INFO] 2026-04-25 18:39:09,192: -PUB [/vis/agent_4/forward_trajs] /onlane_ai_agent_4 http://y:37573/
[rosmaster.master][INFO] 2026-04-25 18:39:09,192: -PUB [/vis/agent_3/speed_limit] /onlane_ai_agent_3 http://y:46581/
[rosmaster.master][INFO] 2026-04-25 18:39:09,193: -PUB [/vis/agent_8/speed_limit] /onlane_ai_agent_8 http://y:37413/
[rosmaster.master][INFO] 2026-04-25 18:39:09,193: -PUB [/vis/agent_7/pred_initial_intention_vis] /onlane_ai_agent_7 http://y:39497/
[rosmaster.master][INFO] 2026-04-25 18:39:09,193: -PUB [/vis/agent_2/forward_trajs] /onlane_ai_agent_2 http://y:38853/
[rosmaster.master][INFO] 2026-04-25 18:39:09,193: -PUB [/vis/agent_6/surrounding_vehicle_vis] /onlane_ai_agent_6 http://y:34987/
[rosmaster.master][INFO] 2026-04-25 18:39:09,193: -PUB [/vis/agent_5/surrounding_vehicle_vis] /onlane_ai_agent_5 http://y:35727/
[rosmaster.master][INFO] 2026-04-25 18:39:09,194: -PUB [/vis/agent_9/surrounding_vehicle_vis] /onlane_ai_agent_9 http://y:44093/
[rosmaster.master][INFO] 2026-04-25 18:39:09,194: -PUB [/vis/agent_3/forward_trajs] /onlane_ai_agent_3 http://y:46581/
[rosmaster.master][INFO] 2026-04-25 18:39:09,194: -SUB [/arena_info_static] /onlane_ai_agent_4 http://y:37573/
[rosmaster.master][INFO] 2026-04-25 18:39:09,194: -PUB [/vis/agent_8/forward_trajs] /onlane_ai_agent_8 http://y:37413/
[rosmaster.master][INFO] 2026-04-25 18:39:09,194: -PUB [/vis/agent_7/surrounding_vehicle_vis] /onlane_ai_agent_7 http://y:39497/
[rosmaster.master][INFO] 2026-04-25 18:39:09,194: -SUB [/arena_info_static] /onlane_ai_agent_2 http://y:38853/
[rosmaster.master][INFO] 2026-04-25 18:39:09,195: -PUB [/vis/agent_6/speed_limit] /onlane_ai_agent_6 http://y:34987/
[rosmaster.master][INFO] 2026-04-25 18:39:09,195: -PUB [/vis/agent_5/speed_limit] /onlane_ai_agent_5 http://y:35727/
[rosmaster.master][INFO] 2026-04-25 18:39:09,195: -PUB [/vis/agent_9/speed_limit] /onlane_ai_agent_9 http://y:44093/
[rosmaster.master][INFO] 2026-04-25 18:39:09,195: -SUB [/arena_info_static] /onlane_ai_agent_3 http://y:46581/
[rosmaster.master][INFO] 2026-04-25 18:39:09,195: -SUB [/arena_info_static] /onlane_ai_agent_8 http://y:37413/
[rosmaster.master][INFO] 2026-04-25 18:39:09,196: -SUB [/arena_info_dynamic] /onlane_ai_agent_4 http://y:37573/
[rosmaster.master][INFO] 2026-04-25 18:39:09,196: -PUB [/vis/agent_7/speed_limit] /onlane_ai_agent_7 http://y:39497/
[rosmaster.master][INFO] 2026-04-25 18:39:09,196: -SUB [/arena_info_dynamic] /onlane_ai_agent_2 http://y:38853/
[rosmaster.master][INFO] 2026-04-25 18:39:09,196: -PUB [/vis/agent_6/forward_trajs] /onlane_ai_agent_6 http://y:34987/
[rosmaster.master][INFO] 2026-04-25 18:39:09,196: -PUB [/vis/agent_5/forward_trajs] /onlane_ai_agent_5 http://y:35727/
[rosmaster.master][INFO] 2026-04-25 18:39:09,197: -PUB [/vis/agent_9/forward_trajs] /onlane_ai_agent_9 http://y:44093/
[rosmaster.master][INFO] 2026-04-25 18:39:09,197: -SUB [/arena_info_dynamic] /onlane_ai_agent_3 http://y:46581/
[rosmaster.master][INFO] 2026-04-25 18:39:09,197: -SUB [/arena_info_dynamic] /onlane_ai_agent_8 http://y:37413/
[rosmaster.master][INFO] 2026-04-25 18:39:09,197: -SUB [/joy] /onlane_ai_agent_4 http://y:37573/
[rosmaster.master][INFO] 2026-04-25 18:39:09,197: -PUB [/vis/agent_7/forward_trajs] /onlane_ai_agent_7 http://y:39497/
[rosmaster.master][INFO] 2026-04-25 18:39:09,197: -SUB [/joy] /onlane_ai_agent_2 http://y:38853/
[rosmaster.master][INFO] 2026-04-25 18:39:09,198: -SUB [/arena_info_static] /onlane_ai_agent_6 http://y:34987/
[rosmaster.master][INFO] 2026-04-25 18:39:09,198: -SUB [/arena_info_static] /onlane_ai_agent_5 http://y:35727/
[rosmaster.master][INFO] 2026-04-25 18:39:09,198: -SUB [/joy] /onlane_ai_agent_3 http://y:46581/
[rosmaster.master][INFO] 2026-04-25 18:39:09,198: -SUB [/arena_info_static] /onlane_ai_agent_9 http://y:44093/
[rosmaster.master][INFO] 2026-04-25 18:39:09,198: -SUB [/joy] /onlane_ai_agent_8 http://y:37413/
[rosmaster.master][INFO] 2026-04-25 18:39:09,199: -SERVICE [/onlane_ai_agent_4/get_loggers] /onlane_ai_agent_4 rosrpc://y:48829
[rosmaster.master][INFO] 2026-04-25 18:39:09,199: -SUB [/arena_info_static] /onlane_ai_agent_7 http://y:39497/
[rosmaster.master][INFO] 2026-04-25 18:39:09,199: -SERVICE [/onlane_ai_agent_2/get_loggers] /onlane_ai_agent_2 rosrpc://y:42653
[rosmaster.master][INFO] 2026-04-25 18:39:09,199: -SUB [/arena_info_dynamic] /onlane_ai_agent_6 http://y:34987/
[rosmaster.master][INFO] 2026-04-25 18:39:09,199: -SUB [/arena_info_dynamic] /onlane_ai_agent_5 http://y:35727/
[rosmaster.master][INFO] 2026-04-25 18:39:09,200: -SERVICE [/onlane_ai_agent_3/get_loggers] /onlane_ai_agent_3 rosrpc://y:33507
[rosmaster.master][INFO] 2026-04-25 18:39:09,200: -SERVICE [/onlane_ai_agent_8/get_loggers] /onlane_ai_agent_8 rosrpc://y:58195
[rosmaster.master][INFO] 2026-04-25 18:39:09,200: -SUB [/arena_info_dynamic] /onlane_ai_agent_9 http://y:44093/
[rosmaster.master][INFO] 2026-04-25 18:39:09,200: -SERVICE [/onlane_ai_agent_4/set_logger_level] /onlane_ai_agent_4 rosrpc://y:48829
[rosmaster.master][INFO] 2026-04-25 18:39:09,200: -SUB [/arena_info_dynamic] /onlane_ai_agent_7 http://y:39497/
[rosmaster.master][INFO] 2026-04-25 18:39:09,201: -SERVICE [/onlane_ai_agent_2/set_logger_level] /onlane_ai_agent_2 rosrpc://y:42653
[rosmaster.master][INFO] 2026-04-25 18:39:09,201: -SUB [/joy] /onlane_ai_agent_6 http://y:34987/
[rosmaster.master][INFO] 2026-04-25 18:39:09,201: -SUB [/joy] /onlane_ai_agent_5 http://y:35727/
[rosmaster.master][INFO] 2026-04-25 18:39:09,201: -SERVICE [/onlane_ai_agent_3/set_logger_level] /onlane_ai_agent_3 rosrpc://y:33507
[rosmaster.master][INFO] 2026-04-25 18:39:09,201: -SERVICE [/onlane_ai_agent_8/set_logger_level] /onlane_ai_agent_8 rosrpc://y:58195
[rosmaster.master][INFO] 2026-04-25 18:39:09,201: -SUB [/joy] /onlane_ai_agent_9 http://y:44093/
[rosmaster.master][INFO] 2026-04-25 18:39:09,201: -SUB [/joy] /onlane_ai_agent_7 http://y:39497/
[rosmaster.master][INFO] 2026-04-25 18:39:09,202: -SERVICE [/onlane_ai_agent_6/get_loggers] /onlane_ai_agent_6 rosrpc://y:38085
[rosmaster.master][INFO] 2026-04-25 18:39:09,202: -SERVICE [/onlane_ai_agent_5/get_loggers] /onlane_ai_agent_5 rosrpc://y:49987
[rosmaster.master][INFO] 2026-04-25 18:39:09,202: -SERVICE [/onlane_ai_agent_9/get_loggers] /onlane_ai_agent_9 rosrpc://y:40231
[rosmaster.master][INFO] 2026-04-25 18:39:09,202: -SERVICE [/onlane_ai_agent_6/set_logger_level] /onlane_ai_agent_6 rosrpc://y:38085
[rosmaster.master][INFO] 2026-04-25 18:39:09,202: -SERVICE [/onlane_ai_agent_5/set_logger_level] /onlane_ai_agent_5 rosrpc://y:49987
[rosmaster.master][INFO] 2026-04-25 18:39:09,202: -SERVICE [/onlane_ai_agent_7/get_loggers] /onlane_ai_agent_7 rosrpc://y:59811
[rosmaster.master][INFO] 2026-04-25 18:39:09,202: -SERVICE [/onlane_ai_agent_9/set_logger_level] /onlane_ai_agent_9 rosrpc://y:40231
[rosmaster.master][INFO] 2026-04-25 18:39:09,203: -SERVICE [/onlane_ai_agent_7/set_logger_level] /onlane_ai_agent_7 rosrpc://y:59811
[rosmaster.master][INFO] 2026-04-25 18:39:09,274: -PUB [/rosout] /onlane_ai_agent_1 http://y:42345/
[rosmaster.master][INFO] 2026-04-25 18:39:09,274: -PUB [/rosout] /test_ssc_with_eudm_0 http://y:40913/
[rosmaster.master][INFO] 2026-04-25 18:39:09,275: -PUB [/ctrl/agent_1] /onlane_ai_agent_1 http://y:42345/
[rosmaster.master][INFO] 2026-04-25 18:39:09,275: -PUB [/tf] /test_ssc_with_eudm_0 http://y:40913/
[rosmaster.master][INFO] 2026-04-25 18:39:09,275: -PUB [/tf] /onlane_ai_agent_1 http://y:42345/
[rosmaster.master][INFO] 2026-04-25 18:39:09,275: -PUB [/vis/agent_1/ego_vehicle_vis] /onlane_ai_agent_1 http://y:42345/
[rosmaster.master][INFO] 2026-04-25 18:39:09,275: -PUB [/vis/agent_0/ego_vehicle_vis] /test_ssc_with_eudm_0 http://y:40913/
[rosmaster.master][INFO] 2026-04-25 18:39:09,276: -PUB [/vis/agent_1/obstacle_map] /onlane_ai_agent_1 http://y:42345/
[rosmaster.master][INFO] 2026-04-25 18:39:09,276: -PUB [/vis/agent_1/surrounding_lane_net_vis] /onlane_ai_agent_1 http://y:42345/
[rosmaster.master][INFO] 2026-04-25 18:39:09,276: -PUB [/vis/agent_0/obstacle_map] /test_ssc_with_eudm_0 http://y:40913/
[rosmaster.master][INFO] 2026-04-25 18:39:09,276: -PUB [/vis/agent_1/local_lanes_vis] /onlane_ai_agent_1 http://y:42345/
[rosmaster.master][INFO] 2026-04-25 18:39:09,276: -PUB [/vis/agent_0/surrounding_lane_net_vis] /test_ssc_with_eudm_0 http://y:40913/
[rosmaster.master][INFO] 2026-04-25 18:39:09,277: -PUB [/vis/agent_1/ego_behavior_vis] /onlane_ai_agent_1 http://y:42345/
[rosmaster.master][INFO] 2026-04-25 18:39:09,277: -PUB [/vis/agent_0/local_lanes_vis] /test_ssc_with_eudm_0 http://y:40913/
[rosmaster.master][INFO] 2026-04-25 18:39:09,277: -PUB [/vis/agent_1/pred_traj_openloop_vis] /onlane_ai_agent_1 http://y:42345/
[rosmaster.master][INFO] 2026-04-25 18:39:09,277: -PUB [/vis/agent_0/ego_behavior_vis] /test_ssc_with_eudm_0 http://y:40913/
[rosmaster.master][INFO] 2026-04-25 18:39:09,277: -PUB [/vis/agent_1/pred_initial_intention_vis] /onlane_ai_agent_1 http://y:42345/
[rosmaster.master][INFO] 2026-04-25 18:39:09,277: -PUB [/vis/agent_0/pred_traj_openloop_vis] /test_ssc_with_eudm_0 http://y:40913/
[rosmaster.master][INFO] 2026-04-25 18:39:09,277: -PUB [/vis/agent_1/surrounding_vehicle_vis] /onlane_ai_agent_1 http://y:42345/
[rosmaster.master][INFO] 2026-04-25 18:39:09,278: -PUB [/vis/agent_0/pred_initial_intention_vis] /test_ssc_with_eudm_0 http://y:40913/
[rosmaster.master][INFO] 2026-04-25 18:39:09,278: -PUB [/vis/agent_1/speed_limit] /onlane_ai_agent_1 http://y:42345/
[rosmaster.master][INFO] 2026-04-25 18:39:09,278: -PUB [/vis/agent_0/surrounding_vehicle_vis] /test_ssc_with_eudm_0 http://y:40913/
[rosmaster.master][INFO] 2026-04-25 18:39:09,278: -PUB [/vis/agent_1/forward_trajs] /onlane_ai_agent_1 http://y:42345/
[rosmaster.master][INFO] 2026-04-25 18:39:09,278: -PUB [/vis/agent_0/speed_limit] /test_ssc_with_eudm_0 http://y:40913/
[rosmaster.master][INFO] 2026-04-25 18:39:09,278: -SUB [/arena_info_static] /onlane_ai_agent_1 http://y:42345/
[rosmaster.master][INFO] 2026-04-25 18:39:09,278: -PUB [/vis/agent_0/ssc/map_vis] /test_ssc_with_eudm_0 http://y:40913/
[rosmaster.master][INFO] 2026-04-25 18:39:09,278: -SUB [/arena_info_dynamic] /onlane_ai_agent_1 http://y:42345/
[rosmaster.master][INFO] 2026-04-25 18:39:09,279: -PUB [/vis/agent_0/ssc/qp_vis] /test_ssc_with_eudm_0 http://y:40913/
[rosmaster.master][INFO] 2026-04-25 18:39:09,279: -SUB [/joy] /onlane_ai_agent_1 http://y:42345/
[rosmaster.master][INFO] 2026-04-25 18:39:09,279: -PUB [/vis/agent_0/ssc/ego_fs_vis] /test_ssc_with_eudm_0 http://y:40913/
[rosmaster.master][INFO] 2026-04-25 18:39:09,279: -SERVICE [/onlane_ai_agent_1/get_loggers] /onlane_ai_agent_1 rosrpc://y:36929
[rosmaster.master][INFO] 2026-04-25 18:39:09,279: -PUB [/vis/agent_0/ssc/forward_trajs_vis] /test_ssc_with_eudm_0 http://y:40913/
[rosmaster.master][INFO] 2026-04-25 18:39:09,279: -SERVICE [/onlane_ai_agent_1/set_logger_level] /onlane_ai_agent_1 rosrpc://y:36929
[rosmaster.master][INFO] 2026-04-25 18:39:09,280: -PUB [/vis/agent_0/ssc/sur_vehicle_trajs_vis] /test_ssc_with_eudm_0 http://y:40913/
[rosmaster.master][INFO] 2026-04-25 18:39:09,280: -PUB [/vis/agent_0/ssc/corridor_vis] /test_ssc_with_eudm_0 http://y:40913/
[rosmaster.master][INFO] 2026-04-25 18:39:09,280: -PUB [/vis/agent_0/forward_trajs] /test_ssc_with_eudm_0 http://y:40913/
[rosmaster.master][INFO] 2026-04-25 18:39:09,280: -PUB [/ctrl/agent_0] /test_ssc_with_eudm_0 http://y:40913/
[rosmaster.master][INFO] 2026-04-25 18:39:09,280: -PUB [/test_ssc_with_eudm_0/ssc_map] /test_ssc_with_eudm_0 http://y:40913/
[rosmaster.master][INFO] 2026-04-25 18:39:09,280: -PUB [/vis/agent_0/ssc/exec_traj] /test_ssc_with_eudm_0 http://y:40913/
[rosmaster.master][INFO] 2026-04-25 18:39:09,280: -SUB [/joy] /test_ssc_with_eudm_0 http://y:40913/
[rosmaster.master][INFO] 2026-04-25 18:39:09,280: -SUB [/arena_info_static] /test_ssc_with_eudm_0 http://y:40913/
[rosmaster.master][INFO] 2026-04-25 18:39:09,281: -SUB [/arena_info_dynamic] /test_ssc_with_eudm_0 http://y:40913/
[rosmaster.master][INFO] 2026-04-25 18:39:09,281: -SERVICE [/test_ssc_with_eudm_0/get_loggers] /test_ssc_with_eudm_0 rosrpc://y:55869
[rosmaster.master][INFO] 2026-04-25 18:39:09,281: -SERVICE [/test_ssc_with_eudm_0/set_logger_level] /test_ssc_with_eudm_0 rosrpc://y:55869
[rosmaster.master][INFO] 2026-04-25 18:39:09,283: publisherUpdate[/rosout] -> http://y:34505/ ['http://y:40913/']
[rosmaster.master][INFO] 2026-04-25 18:39:09,283: publisherUpdate[/rosout] -> http://y:34505/ ['http://y:40913/']: sec=0.00, result=[1, '', 0]
[rosmaster.master][INFO] 2026-04-25 18:39:09,284: publisherUpdate[/rosout] -> http://y:34505/ []
[rosmaster.master][INFO] 2026-04-25 18:39:09,284: publisherUpdate[/rosout] -> http://y:34505/ []: sec=0.00, result=[1, '', 0]
[rosmaster.master][INFO] 2026-04-25 18:39:09,484: -PUB [/rosout_agg] /rosout http://y:34505/
[rosmaster.master][INFO] 2026-04-25 18:39:09,485: -SUB [/rosout] /rosout http://y:34505/
[rosmaster.master][INFO] 2026-04-25 18:39:09,485: -SERVICE [/rosout/get_loggers] /rosout rosrpc://y:38415
[rosmaster.master][INFO] 2026-04-25 18:39:09,485: -SERVICE [/rosout/set_logger_level] /rosout rosrpc://y:38415
[rosmaster.main][INFO] 2026-04-25 18:39:09,559: keyboard interrupt, will exit
[rosmaster.main][INFO] 2026-04-25 18:39:09,559: stopping master...
[rospy.core][INFO] 2026-04-25 18:39:09,559: signal_shutdown [atexit]
