[rosmaster.main][INFO] 2026-05-06 18:28:51,505: initialization complete, waiting for shutdown
[rosmaster.main][INFO] 2026-05-06 18:28:51,506: Starting ROS Master Node
[xmlrpc][INFO] 2026-05-06 18:28:51,506: XML-RPC server binding to 0.0.0.0:11311
[xmlrpc][INFO] 2026-05-06 18:28:51,506: Started XML-RPC server [http://y:11311/]
[xmlrpc][INFO] 2026-05-06 18:28:51,506: xml rpc node: starting XML-RPC server
[rosmaster.master][INFO] 2026-05-06 18:28:51,506: Master initialized: port[11311], uri[http://y:11311/]
[rosmaster.master][INFO] 2026-05-06 18:28:51,607: +PARAM [/run_id] by /roslaunch
[rosmaster.master][INFO] 2026-05-06 18:28:51,608: +PARAM [/roslaunch/uris/host_y__33719] by /roslaunch
[rosmaster.master][INFO] 2026-05-06 18:28:51,628: +PARAM [/rosversion] by /roslaunch
[rosmaster.master][INFO] 2026-05-06 18:28:51,628: +PARAM [/rosdistro] by /roslaunch
[rosmaster.master][INFO] 2026-05-06 18:28:51,628: +PARAM [/test_ssc_with_mpdm_0/ego_id] by /roslaunch
[rosmaster.master][INFO] 2026-05-06 18:28:51,628: +PARAM [/test_ssc_with_mpdm_0/agent_config_path] by /roslaunch
[rosmaster.master][INFO] 2026-05-06 18:28:51,628: +PARAM [/test_ssc_with_mpdm_0/ssc_config_path] by /roslaunch
[rosmaster.master][INFO] 2026-05-06 18:28:51,628: +PARAM [/test_ssc_with_mpdm_0/desired_vel] by /roslaunch
[rosmaster.master][INFO] 2026-05-06 18:28:51,628: +PARAM [/test_ssc_with_mpdm_0/use_sim_state] by /roslaunch
[rosmaster.master][INFO] 2026-05-06 18:28:51,628: +PARAM [/onlane_ai_agent_1/ego_id] by /roslaunch
[rosmaster.master][INFO] 2026-05-06 18:28:51,628: +PARAM [/onlane_ai_agent_1/agent_config_path] by /roslaunch
[rosmaster.master][INFO] 2026-05-06 18:28:51,628: +PARAM [/onlane_ai_agent_1/desired_vel] by /roslaunch
[rosmaster.master][INFO] 2026-05-06 18:28:51,628: +PARAM [/onlane_ai_agent_1/autonomous_level] by /roslaunch
[rosmaster.master][INFO] 2026-05-06 18:28:51,628: +PARAM [/onlane_ai_agent_1/aggressiveness_level] by /roslaunch
[rosmaster.master][INFO] 2026-05-06 18:28:51,628: +PARAM [/onlane_ai_agent_2/ego_id] by /roslaunch
[rosmaster.master][INFO] 2026-05-06 18:28:51,628: +PARAM [/onlane_ai_agent_2/agent_config_path] by /roslaunch
[rosmaster.master][INFO] 2026-05-06 18:28:51,628: +PARAM [/onlane_ai_agent_2/desired_vel] by /roslaunch
[rosmaster.master][INFO] 2026-05-06 18:28:51,629: +PARAM [/onlane_ai_agent_2/autonomous_level] by /roslaunch
[rosmaster.master][INFO] 2026-05-06 18:28:51,629: +PARAM [/onlane_ai_agent_2/aggressiveness_level] by /roslaunch
[rosmaster.master][INFO] 2026-05-06 18:28:51,629: +PARAM [/onlane_ai_agent_3/ego_id] by /roslaunch
[rosmaster.master][INFO] 2026-05-06 18:28:51,629: +PARAM [/onlane_ai_agent_3/agent_config_path] by /roslaunch
[rosmaster.master][INFO] 2026-05-06 18:28:51,629: +PARAM [/onlane_ai_agent_3/desired_vel] by /roslaunch
[rosmaster.master][INFO] 2026-05-06 18:28:51,629: +PARAM [/onlane_ai_agent_3/autonomous_level] by /roslaunch
[rosmaster.master][INFO] 2026-05-06 18:28:51,629: +PARAM [/onlane_ai_agent_3/aggressiveness_level] by /roslaunch
[rosmaster.master][INFO] 2026-05-06 18:28:51,629: +PARAM [/onlane_ai_agent_4/ego_id] by /roslaunch
[rosmaster.master][INFO] 2026-05-06 18:28:51,629: +PARAM [/onlane_ai_agent_4/agent_config_path] by /roslaunch
[rosmaster.master][INFO] 2026-05-06 18:28:51,629: +PARAM [/onlane_ai_agent_4/desired_vel] by /roslaunch
[rosmaster.master][INFO] 2026-05-06 18:28:51,629: +PARAM [/onlane_ai_agent_4/autonomous_level] by /roslaunch
[rosmaster.master][INFO] 2026-05-06 18:28:51,629: +PARAM [/onlane_ai_agent_4/aggressiveness_level] by /roslaunch
[rosmaster.master][INFO] 2026-05-06 18:28:51,629: +PARAM [/onlane_ai_agent_5/ego_id] by /roslaunch
[rosmaster.master][INFO] 2026-05-06 18:28:51,629: +PARAM [/onlane_ai_agent_5/agent_config_path] by /roslaunch
[rosmaster.master][INFO] 2026-05-06 18:28:51,629: +PARAM [/onlane_ai_agent_5/desired_vel] by /roslaunch
[rosmaster.master][INFO] 2026-05-06 18:28:51,629: +PARAM [/onlane_ai_agent_5/autonomous_level] by /roslaunch
[rosmaster.master][INFO] 2026-05-06 18:28:51,629: +PARAM [/onlane_ai_agent_5/aggressiveness_level] by /roslaunch
[rosmaster.master][INFO] 2026-05-06 18:28:51,629: +PARAM [/onlane_ai_agent_6/ego_id] by /roslaunch
[rosmaster.master][INFO] 2026-05-06 18:28:51,629: +PARAM [/onlane_ai_agent_6/agent_config_path] by /roslaunch
[rosmaster.master][INFO] 2026-05-06 18:28:51,629: +PARAM [/onlane_ai_agent_6/desired_vel] by /roslaunch
[rosmaster.master][INFO] 2026-05-06 18:28:51,629: +PARAM [/onlane_ai_agent_6/autonomous_level] by /roslaunch
[rosmaster.master][INFO] 2026-05-06 18:28:51,629: +PARAM [/onlane_ai_agent_6/aggressiveness_level] by /roslaunch
[rosmaster.master][INFO] 2026-05-06 18:28:51,629: +PARAM [/onlane_ai_agent_7/ego_id] by /roslaunch
[rosmaster.master][INFO] 2026-05-06 18:28:51,629: +PARAM [/onlane_ai_agent_7/agent_config_path] by /roslaunch
[rosmaster.master][INFO] 2026-05-06 18:28:51,629: +PARAM [/onlane_ai_agent_7/desired_vel] by /roslaunch
[rosmaster.master][INFO] 2026-05-06 18:28:51,629: +PARAM [/onlane_ai_agent_7/autonomous_level] by /roslaunch
[rosmaster.master][INFO] 2026-05-06 18:28:51,629: +PARAM [/onlane_ai_agent_7/aggressiveness_level] by /roslaunch
[rosmaster.master][INFO] 2026-05-06 18:28:51,629: +PARAM [/onlane_ai_agent_8/ego_id] by /roslaunch
[rosmaster.master][INFO] 2026-05-06 18:28:51,629: +PARAM [/onlane_ai_agent_8/agent_config_path] by /roslaunch
[rosmaster.master][INFO] 2026-05-06 18:28:51,629: +PARAM [/onlane_ai_agent_8/desired_vel] by /roslaunch
[rosmaster.master][INFO] 2026-05-06 18:28:51,629: +PARAM [/onlane_ai_agent_8/autonomous_level] by /roslaunch
[rosmaster.master][INFO] 2026-05-06 18:28:51,629: +PARAM [/onlane_ai_agent_8/aggressiveness_level] by /roslaunch
[rosmaster.master][INFO] 2026-05-06 18:28:51,629: +PARAM [/onlane_ai_agent_9/ego_id] by /roslaunch
[rosmaster.master][INFO] 2026-05-06 18:28:51,630: +PARAM [/onlane_ai_agent_9/agent_config_path] by /roslaunch
[rosmaster.master][INFO] 2026-05-06 18:28:51,630: +PARAM [/onlane_ai_agent_9/desired_vel] by /roslaunch
[rosmaster.master][INFO] 2026-05-06 18:28:51,630: +PARAM [/onlane_ai_agent_9/autonomous_level] by /roslaunch
[rosmaster.master][INFO] 2026-05-06 18:28:51,630: +PARAM [/onlane_ai_agent_9/aggressiveness_level] by /roslaunch
[rosmaster.master][INFO] 2026-05-06 18:28:51,630: +PARAM [/onlane_ai_agent_10/ego_id] by /roslaunch
[rosmaster.master][INFO] 2026-05-06 18:28:51,630: +PARAM [/onlane_ai_agent_10/agent_config_path] by /roslaunch
[rosmaster.master][INFO] 2026-05-06 18:28:51,630: +PARAM [/onlane_ai_agent_10/desired_vel] by /roslaunch
[rosmaster.master][INFO] 2026-05-06 18:28:51,630: +PARAM [/onlane_ai_agent_10/autonomous_level] by /roslaunch
[rosmaster.master][INFO] 2026-05-06 18:28:51,630: +PARAM [/onlane_ai_agent_10/aggressiveness_level] by /roslaunch
[rosmaster.master][INFO] 2026-05-06 18:28:51,630: +PARAM [/phy_simulator_planning_node/vehicle_info_path] by /roslaunch
[rosmaster.master][INFO] 2026-05-06 18:28:51,630: +PARAM [/phy_simulator_planning_node/map_path] by /roslaunch
[rosmaster.master][INFO] 2026-05-06 18:28:51,630: +PARAM [/phy_simulator_planning_node/lane_net_path] by /roslaunch
[rosmaster.master][INFO] 2026-05-06 18:28:51,630: +SERVICE [/rosout/get_loggers] /rosout http://y:34177/
[rosmaster.master][INFO] 2026-05-06 18:28:51,631: +SERVICE [/rosout/set_logger_level] /rosout http://y:34177/
[rosmaster.master][INFO] 2026-05-06 18:28:51,631: +PUB [/rosout_agg] /rosout http://y:34177/
[rosmaster.master][INFO] 2026-05-06 18:28:51,632: +SUB [/rosout] /rosout http://y:34177/
[rosmaster.master][INFO] 2026-05-06 18:28:51,663: +PUB [/rosout] /onlane_ai_agent_1 http://y:36293/
[rosmaster.master][INFO] 2026-05-06 18:28:51,663: +SERVICE [/onlane_ai_agent_1/get_loggers] /onlane_ai_agent_1 http://y:36293/
[rosmaster.master][INFO] 2026-05-06 18:28:51,664: +PUB [/rosout] /test_ssc_with_mpdm_0 http://y:33619/
[rosmaster.master][INFO] 2026-05-06 18:28:51,664: +SERVICE [/onlane_ai_agent_1/set_logger_level] /onlane_ai_agent_1 http://y:36293/
[rosmaster.master][INFO] 2026-05-06 18:28:51,665: +SERVICE [/test_ssc_with_mpdm_0/get_loggers] /test_ssc_with_mpdm_0 http://y:33619/
[rosmaster.master][INFO] 2026-05-06 18:28:51,666: +PUB [/rosout] /onlane_ai_agent_2 http://y:38403/
[rosmaster.master][INFO] 2026-05-06 18:28:51,666: +PUB [/ctrl/agent_1] /onlane_ai_agent_1 http://y:36293/
[rosmaster.master][INFO] 2026-05-06 18:28:51,668: +SERVICE [/test_ssc_with_mpdm_0/set_logger_level] /test_ssc_with_mpdm_0 http://y:33619/
[rosmaster.master][INFO] 2026-05-06 18:28:51,668: +SERVICE [/onlane_ai_agent_2/get_loggers] /onlane_ai_agent_2 http://y:38403/
[rosmaster.master][INFO] 2026-05-06 18:28:51,669: +PUB [/rosout] /onlane_ai_agent_3 http://y:40541/
[rosmaster.master][INFO] 2026-05-06 18:28:51,670: +SERVICE [/onlane_ai_agent_3/get_loggers] /onlane_ai_agent_3 http://y:40541/
[rosmaster.master][INFO] 2026-05-06 18:28:51,670: +SERVICE [/onlane_ai_agent_3/set_logger_level] /onlane_ai_agent_3 http://y:40541/
[rosmaster.master][INFO] 2026-05-06 18:28:51,673: +SERVICE [/onlane_ai_agent_2/set_logger_level] /onlane_ai_agent_2 http://y:38403/
[rosmaster.master][INFO] 2026-05-06 18:28:51,676: +PUB [/rosout] /onlane_ai_agent_4 http://y:44575/
[rosmaster.master][INFO] 2026-05-06 18:28:51,677: +PUB [/tf] /onlane_ai_agent_1 http://y:36293/
[rosmaster.master][INFO] 2026-05-06 18:28:51,677: +SERVICE [/onlane_ai_agent_4/get_loggers] /onlane_ai_agent_4 http://y:44575/
[rosmaster.master][INFO] 2026-05-06 18:28:51,677: +PUB [/vis/agent_1/ego_vehicle_vis] /onlane_ai_agent_1 http://y:36293/
[rosmaster.master][INFO] 2026-05-06 18:28:51,678: +SERVICE [/onlane_ai_agent_4/set_logger_level] /onlane_ai_agent_4 http://y:44575/
[rosmaster.master][INFO] 2026-05-06 18:28:51,678: +PUB [/vis/agent_1/obstacle_map] /onlane_ai_agent_1 http://y:36293/
[rosmaster.master][INFO] 2026-05-06 18:28:51,678: +PUB [/vis/agent_1/surrounding_lane_net_vis] /onlane_ai_agent_1 http://y:36293/
[rosmaster.master][INFO] 2026-05-06 18:28:51,678: +PUB [/vis/agent_1/local_lanes_vis] /onlane_ai_agent_1 http://y:36293/
[rosmaster.master][INFO] 2026-05-06 18:28:51,679: +PUB [/vis/agent_1/ego_behavior_vis] /onlane_ai_agent_1 http://y:36293/
[rosmaster.master][INFO] 2026-05-06 18:28:51,679: +PUB [/vis/agent_1/pred_traj_openloop_vis] /onlane_ai_agent_1 http://y:36293/
[rosmaster.master][INFO] 2026-05-06 18:28:51,680: +PUB [/ctrl/agent_4] /onlane_ai_agent_4 http://y:44575/
[rosmaster.master][INFO] 2026-05-06 18:28:51,681: +PUB [/tf] /onlane_ai_agent_4 http://y:44575/
[rosmaster.master][INFO] 2026-05-06 18:28:51,681: +PUB [/vis/agent_1/pred_initial_intention_vis] /onlane_ai_agent_1 http://y:36293/
[rosmaster.master][INFO] 2026-05-06 18:28:51,690: +PUB [/vis/agent_4/ego_vehicle_vis] /onlane_ai_agent_4 http://y:44575/
[rosmaster.master][INFO] 2026-05-06 18:28:51,692: +PUB [/tf] /test_ssc_with_mpdm_0 http://y:33619/
[rosmaster.master][INFO] 2026-05-06 18:28:51,693: +PUB [/ctrl/agent_3] /onlane_ai_agent_3 http://y:40541/
[rosmaster.master][INFO] 2026-05-06 18:28:51,695: +PUB [/rosout] /onlane_ai_agent_6 http://y:44509/
[rosmaster.master][INFO] 2026-05-06 18:28:51,696: +PUB [/vis/agent_0/ego_vehicle_vis] /test_ssc_with_mpdm_0 http://y:33619/
[rosmaster.master][INFO] 2026-05-06 18:28:51,696: +PUB [/vis/agent_1/surrounding_vehicle_vis] /onlane_ai_agent_1 http://y:36293/
[rosmaster.master][INFO] 2026-05-06 18:28:51,696: +PUB [/rosout] /onlane_ai_agent_7 http://y:34009/
[rosmaster.master][INFO] 2026-05-06 18:28:51,697: +PUB [/rosout] /onlane_ai_agent_8 http://y:36123/
[rosmaster.master][INFO] 2026-05-06 18:28:51,697: +PUB [/vis/agent_0/obstacle_map] /test_ssc_with_mpdm_0 http://y:33619/
[rosmaster.master][INFO] 2026-05-06 18:28:51,697: +PUB [/vis/agent_1/speed_limit] /onlane_ai_agent_1 http://y:36293/
[rosmaster.master][INFO] 2026-05-06 18:28:51,698: +PUB [/rosout] /onlane_ai_agent_5 http://y:46179/
[rosmaster.master][INFO] 2026-05-06 18:28:51,698: +PUB [/vis/agent_0/surrounding_lane_net_vis] /test_ssc_with_mpdm_0 http://y:33619/
[rosmaster.master][INFO] 2026-05-06 18:28:51,698: +PUB [/vis/agent_4/obstacle_map] /onlane_ai_agent_4 http://y:44575/
[rosmaster.master][INFO] 2026-05-06 18:28:51,699: +SERVICE [/onlane_ai_agent_7/get_loggers] /onlane_ai_agent_7 http://y:34009/
[rosmaster.master][INFO] 2026-05-06 18:28:51,699: +PUB [/vis/agent_4/surrounding_lane_net_vis] /onlane_ai_agent_4 http://y:44575/
[rosmaster.master][INFO] 2026-05-06 18:28:51,699: +SERVICE [/onlane_ai_agent_5/get_loggers] /onlane_ai_agent_5 http://y:46179/
[rosmaster.master][INFO] 2026-05-06 18:28:51,699: +PUB [/vis/agent_4/local_lanes_vis] /onlane_ai_agent_4 http://y:44575/
[rosmaster.master][INFO] 2026-05-06 18:28:51,700: +SERVICE [/onlane_ai_agent_8/get_loggers] /onlane_ai_agent_8 http://y:36123/
[rosmaster.master][INFO] 2026-05-06 18:28:51,700: +PUB [/vis/agent_4/ego_behavior_vis] /onlane_ai_agent_4 http://y:44575/
[rosmaster.master][INFO] 2026-05-06 18:28:51,700: +SERVICE [/onlane_ai_agent_8/set_logger_level] /onlane_ai_agent_8 http://y:36123/
[rosmaster.master][INFO] 2026-05-06 18:28:51,700: +SERVICE [/onlane_ai_agent_5/set_logger_level] /onlane_ai_agent_5 http://y:46179/
[rosmaster.master][INFO] 2026-05-06 18:28:51,700: +SERVICE [/onlane_ai_agent_7/set_logger_level] /onlane_ai_agent_7 http://y:34009/
[rosmaster.master][INFO] 2026-05-06 18:28:51,706: +SERVICE [/onlane_ai_agent_6/get_loggers] /onlane_ai_agent_6 http://y:44509/
[rosmaster.master][INFO] 2026-05-06 18:28:51,706: publisherUpdate[/rosout] -> http://y:34177/ ['http://y:36293/']
[rosmaster.master][INFO] 2026-05-06 18:28:51,709: +PUB [/vis/agent_0/local_lanes_vis] /test_ssc_with_mpdm_0 http://y:33619/
[rosmaster.master][INFO] 2026-05-06 18:28:51,713: +PUB [/rosout] /phy_simulator_planning_node http://y:45337/
[rosmaster.master][INFO] 2026-05-06 18:28:51,713: +PUB [/vis/agent_4/pred_traj_openloop_vis] /onlane_ai_agent_4 http://y:44575/
[rosmaster.master][INFO] 2026-05-06 18:28:51,713: +PUB [/rosout] /onlane_ai_agent_9 http://y:45653/
[rosmaster.master][INFO] 2026-05-06 18:28:51,713: +PUB [/ctrl/agent_2] /onlane_ai_agent_2 http://y:38403/
[rosmaster.master][INFO] 2026-05-06 18:28:51,717: publisherUpdate[/rosout] -> http://y:34177/ ['http://y:36293/']: sec=0.01, result=[1, '', 0]
[rosmaster.master][INFO] 2026-05-06 18:28:51,717: publisherUpdate[/rosout] -> http://y:34177/ ['http://y:36293/', 'http://y:33619/']
[rosmaster.master][INFO] 2026-05-06 18:28:51,718: +PUB [/ctrl/agent_8] /onlane_ai_agent_8 http://y:36123/
[rosmaster.master][INFO] 2026-05-06 18:28:51,718: +SERVICE [/onlane_ai_agent_6/set_logger_level] /onlane_ai_agent_6 http://y:44509/
[rosmaster.master][INFO] 2026-05-06 18:28:51,719: +SUB [/arena_info_static] /onlane_ai_agent_1 http://y:36293/
[rosmaster.master][INFO] 2026-05-06 18:28:51,719: publisherUpdate[/rosout] -> http://y:34177/ ['http://y:36293/', 'http://y:33619/']: sec=0.00, result=[1, '', 0]
[rosmaster.master][INFO] 2026-05-06 18:28:51,720: +SERVICE [/onlane_ai_agent_9/get_loggers] /onlane_ai_agent_9 http://y:45653/
[rosmaster.master][INFO] 2026-05-06 18:28:51,720: publisherUpdate[/rosout] -> http://y:34177/ ['http://y:36293/', 'http://y:33619/', 'http://y:38403/']
[rosmaster.master][INFO] 2026-05-06 18:28:51,721: +PUB [/vis/agent_0/ego_behavior_vis] /test_ssc_with_mpdm_0 http://y:33619/
[rosmaster.master][INFO] 2026-05-06 18:28:51,722: publisherUpdate[/rosout] -> http://y:34177/ ['http://y:36293/', 'http://y:33619/', 'http://y:38403/']: sec=0.00, result=[1, '', 0]
[rosmaster.master][INFO] 2026-05-06 18:28:51,723: publisherUpdate[/rosout] -> http://y:34177/ ['http://y:36293/', 'http://y:33619/', 'http://y:38403/', 'http://y:40541/']
[rosmaster.master][INFO] 2026-05-06 18:28:51,723: +PUB [/ctrl/agent_5] /onlane_ai_agent_5 http://y:46179/
[rosmaster.master][INFO] 2026-05-06 18:28:51,723: +PUB [/tf] /onlane_ai_agent_8 http://y:36123/
[rosmaster.master][INFO] 2026-05-06 18:28:51,724: +SERVICE [/phy_simulator_planning_node/get_loggers] /phy_simulator_planning_node http://y:45337/
[rosmaster.master][INFO] 2026-05-06 18:28:51,724: publisherUpdate[/rosout] -> http://y:34177/ ['http://y:36293/', 'http://y:33619/', 'http://y:38403/', 'http://y:40541/']: sec=0.00, result=[1, '', 0]
[rosmaster.master][INFO] 2026-05-06 18:28:51,725: publisherUpdate[/rosout] -> http://y:34177/ ['http://y:36293/', 'http://y:33619/', 'http://y:38403/', 'http://y:40541/', 'http://y:44575/']
[rosmaster.master][INFO] 2026-05-06 18:28:51,726: +PUB [/vis/agent_4/pred_initial_intention_vis] /onlane_ai_agent_4 http://y:44575/
[rosmaster.master][INFO] 2026-05-06 18:28:51,726: +PUB [/ctrl/agent_6] /onlane_ai_agent_6 http://y:44509/
[rosmaster.master][INFO] 2026-05-06 18:28:51,727: publisherUpdate[/rosout] -> http://y:34177/ ['http://y:36293/', 'http://y:33619/', 'http://y:38403/', 'http://y:40541/', 'http://y:44575/']: sec=0.00, result=[1, '', 0]
[rosmaster.master][INFO] 2026-05-06 18:28:51,727: publisherUpdate[/rosout] -> http://y:34177/ ['http://y:36293/', 'http://y:33619/', 'http://y:38403/', 'http://y:40541/', 'http://y:44575/', 'http://y:44509/']
[rosmaster.master][INFO] 2026-05-06 18:28:51,727: +SERVICE [/onlane_ai_agent_9/set_logger_level] /onlane_ai_agent_9 http://y:45653/
[rosmaster.master][INFO] 2026-05-06 18:28:51,727: +PUB [/ctrl/agent_7] /onlane_ai_agent_7 http://y:34009/
[rosmaster.master][INFO] 2026-05-06 18:28:51,728: +PUB [/vis/agent_0/pred_traj_openloop_vis] /test_ssc_with_mpdm_0 http://y:33619/
[rosmaster.master][INFO] 2026-05-06 18:28:51,728: publisherUpdate[/rosout] -> http://y:34177/ ['http://y:36293/', 'http://y:33619/', 'http://y:38403/', 'http://y:40541/', 'http://y:44575/', 'http://y:44509/']: sec=0.00, result=[1, '', 0]
[rosmaster.master][INFO] 2026-05-06 18:28:51,728: publisherUpdate[/rosout] -> http://y:34177/ ['http://y:36293/', 'http://y:33619/', 'http://y:38403/', 'http://y:40541/', 'http://y:44575/', 'http://y:44509/', 'http://y:34009/']
[rosmaster.master][INFO] 2026-05-06 18:28:51,730: publisherUpdate[/rosout] -> http://y:34177/ ['http://y:36293/', 'http://y:33619/', 'http://y:38403/', 'http://y:40541/', 'http://y:44575/', 'http://y:44509/', 'http://y:34009/']: sec=0.00, result=[1, '', 0]
[rosmaster.master][INFO] 2026-05-06 18:28:51,730: publisherUpdate[/rosout] -> http://y:34177/ ['http://y:36293/', 'http://y:33619/', 'http://y:38403/', 'http://y:40541/', 'http://y:44575/', 'http://y:44509/', 'http://y:34009/', 'http://y:36123/']
[rosmaster.master][INFO] 2026-05-06 18:28:51,733: publisherUpdate[/rosout] -> http://y:34177/ ['http://y:36293/', 'http://y:33619/', 'http://y:38403/', 'http://y:40541/', 'http://y:44575/', 'http://y:44509/', 'http://y:34009/', 'http://y:36123/']: sec=0.00, result=[1, '', 0]
[rosmaster.master][INFO] 2026-05-06 18:28:51,733: publisherUpdate[/rosout] -> http://y:34177/ ['http://y:36293/', 'http://y:33619/', 'http://y:38403/', 'http://y:40541/', 'http://y:44575/', 'http://y:44509/', 'http://y:34009/', 'http://y:36123/', 'http://y:46179/']
[rosmaster.master][INFO] 2026-05-06 18:28:51,732: +PUB [/vis/agent_8/ego_vehicle_vis] /onlane_ai_agent_8 http://y:36123/
[rosmaster.master][INFO] 2026-05-06 18:28:51,734: +PUB [/vis/agent_4/surrounding_vehicle_vis] /onlane_ai_agent_4 http://y:44575/
[rosmaster.master][INFO] 2026-05-06 18:28:51,734: +SUB [/arena_info_dynamic] /onlane_ai_agent_1 http://y:36293/
[rosmaster.master][INFO] 2026-05-06 18:28:51,734: +PUB [/rosout] /onlane_ai_agent_10 http://y:45135/
[rosmaster.master][INFO] 2026-05-06 18:28:51,735: +PUB [/vis/agent_0/pred_initial_intention_vis] /test_ssc_with_mpdm_0 http://y:33619/
[rosmaster.master][INFO] 2026-05-06 18:28:51,735: +PUB [/tf] /onlane_ai_agent_5 http://y:46179/
[rosmaster.master][INFO] 2026-05-06 18:28:51,737: +PUB [/tf] /onlane_ai_agent_7 http://y:34009/
[rosmaster.master][INFO] 2026-05-06 18:28:51,738: +PUB [/vis/agent_5/ego_vehicle_vis] /onlane_ai_agent_5 http://y:46179/
[rosmaster.master][INFO] 2026-05-06 18:28:51,738: publisherUpdate[/rosout] -> http://y:34177/ ['http://y:36293/', 'http://y:33619/', 'http://y:38403/', 'http://y:40541/', 'http://y:44575/', 'http://y:44509/', 'http://y:34009/', 'http://y:36123/', 'http://y:46179/']: sec=0.00, result=[1, '', 0]
[rosmaster.master][INFO] 2026-05-06 18:28:51,738: publisherUpdate[/rosout] -> http://y:34177/ ['http://y:36293/', 'http://y:33619/', 'http://y:38403/', 'http://y:40541/', 'http://y:44575/', 'http://y:44509/', 'http://y:34009/', 'http://y:36123/', 'http://y:46179/', 'http://y:45337/']
[rosmaster.master][INFO] 2026-05-06 18:28:51,738: +PUB [/vis/agent_4/speed_limit] /onlane_ai_agent_4 http://y:44575/
[rosmaster.master][INFO] 2026-05-06 18:28:51,739: +PUB [/vis/agent_0/surrounding_vehicle_vis] /test_ssc_with_mpdm_0 http://y:33619/
[rosmaster.master][INFO] 2026-05-06 18:28:51,739: publisherUpdate[/rosout] -> http://y:34177/ ['http://y:36293/', 'http://y:33619/', 'http://y:38403/', 'http://y:40541/', 'http://y:44575/', 'http://y:44509/', 'http://y:34009/', 'http://y:36123/', 'http://y:46179/', 'http://y:45337/']: sec=0.00, result=[1, '', 0]
[rosmaster.master][INFO] 2026-05-06 18:28:51,740: publisherUpdate[/rosout] -> http://y:34177/ ['http://y:36293/', 'http://y:33619/', 'http://y:38403/', 'http://y:40541/', 'http://y:44575/', 'http://y:44509/', 'http://y:34009/', 'http://y:36123/', 'http://y:46179/', 'http://y:45337/', 'http://y:45653/']
[rosmaster.master][INFO] 2026-05-06 18:28:51,739: +PUB [/vis/agent_8/obstacle_map] /onlane_ai_agent_8 http://y:36123/
[rosmaster.master][INFO] 2026-05-06 18:28:51,740: +PUB [/vis/agent_7/ego_vehicle_vis] /onlane_ai_agent_7 http://y:34009/
[rosmaster.master][INFO] 2026-05-06 18:28:51,740: +SUB [/joy] /onlane_ai_agent_1 http://y:36293/
[rosmaster.master][INFO] 2026-05-06 18:28:51,740: publisherUpdate[/rosout] -> http://y:34177/ ['http://y:36293/', 'http://y:33619/', 'http://y:38403/', 'http://y:40541/', 'http://y:44575/', 'http://y:44509/', 'http://y:34009/', 'http://y:36123/', 'http://y:46179/', 'http://y:45337/', 'http://y:45653/']: sec=0.00, result=[1, '', 0]
[rosmaster.master][INFO] 2026-05-06 18:28:51,741: publisherUpdate[/rosout] -> http://y:34177/ ['http://y:36293/', 'http://y:33619/', 'http://y:38403/', 'http://y:40541/', 'http://y:44575/', 'http://y:44509/', 'http://y:34009/', 'http://y:36123/', 'http://y:46179/', 'http://y:45337/', 'http://y:45653/', 'http://y:45135/']
[rosmaster.master][INFO] 2026-05-06 18:28:51,740: +PUB [/vis/agent_5/obstacle_map] /onlane_ai_agent_5 http://y:46179/
[rosmaster.master][INFO] 2026-05-06 18:28:51,741: +PUB [/vis/agent_0/speed_limit] /test_ssc_with_mpdm_0 http://y:33619/
[rosmaster.master][INFO] 2026-05-06 18:28:51,742: publisherUpdate[/rosout] -> http://y:34177/ ['http://y:36293/', 'http://y:33619/', 'http://y:38403/', 'http://y:40541/', 'http://y:44575/', 'http://y:44509/', 'http://y:34009/', 'http://y:36123/', 'http://y:46179/', 'http://y:45337/', 'http://y:45653/', 'http://y:45135/']: sec=0.00, result=[1, '', 0]
[rosmaster.master][INFO] 2026-05-06 18:28:51,742: +PUB [/vis/agent_8/surrounding_lane_net_vis] /onlane_ai_agent_8 http://y:36123/
[rosmaster.master][INFO] 2026-05-06 18:28:51,745: +PUB [/vis/agent_7/obstacle_map] /onlane_ai_agent_7 http://y:34009/
[rosmaster.master][INFO] 2026-05-06 18:28:51,745: +PUB [/vis/agent_1/forward_trajs] /onlane_ai_agent_1 http://y:36293/
[rosmaster.master][INFO] 2026-05-06 18:28:51,745: +PUB [/vis/agent_5/surrounding_lane_net_vis] /onlane_ai_agent_5 http://y:46179/
[rosmaster.master][INFO] 2026-05-06 18:28:51,745: +SERVICE [/onlane_ai_agent_10/get_loggers] /onlane_ai_agent_10 http://y:45135/
[rosmaster.master][INFO] 2026-05-06 18:28:51,748: +PUB [/vis/agent_0/ssc/map_vis] /test_ssc_with_mpdm_0 http://y:33619/
[rosmaster.master][INFO] 2026-05-06 18:28:51,749: +SERVICE [/phy_simulator_planning_node/set_logger_level] /phy_simulator_planning_node http://y:45337/
[rosmaster.master][INFO] 2026-05-06 18:28:51,749: +PUB [/vis/agent_5/local_lanes_vis] /onlane_ai_agent_5 http://y:46179/
[rosmaster.master][INFO] 2026-05-06 18:28:51,750: +PUB [/vis/agent_7/surrounding_lane_net_vis] /onlane_ai_agent_7 http://y:34009/
[rosmaster.master][INFO] 2026-05-06 18:28:51,751: +SERVICE [/onlane_ai_agent_10/set_logger_level] /onlane_ai_agent_10 http://y:45135/
[rosmaster.master][INFO] 2026-05-06 18:28:51,751: +PUB [/vis/agent_5/ego_behavior_vis] /onlane_ai_agent_5 http://y:46179/
[rosmaster.master][INFO] 2026-05-06 18:28:51,751: +PUB [/ctrl/agent_9] /onlane_ai_agent_9 http://y:45653/
[rosmaster.master][INFO] 2026-05-06 18:28:51,751: +PUB [/vis/agent_8/local_lanes_vis] /onlane_ai_agent_8 http://y:36123/
[rosmaster.master][INFO] 2026-05-06 18:28:51,752: +PUB [/vis/agent_0/ssc/qp_vis] /test_ssc_with_mpdm_0 http://y:33619/
[rosmaster.master][INFO] 2026-05-06 18:28:51,752: +PUB [/tf] /onlane_ai_agent_6 http://y:44509/
[rosmaster.master][INFO] 2026-05-06 18:28:51,752: +SUB [/arena_info_static] /onlane_ai_agent_4 http://y:44575/
[rosmaster.master][INFO] 2026-05-06 18:28:51,752: +PUB [/vis/agent_8/ego_behavior_vis] /onlane_ai_agent_8 http://y:36123/
[rosmaster.master][INFO] 2026-05-06 18:28:51,754: +PUB [/vis/agent_6/ego_vehicle_vis] /onlane_ai_agent_6 http://y:44509/
[rosmaster.master][INFO] 2026-05-06 18:28:51,754: +PUB [/vis/agent_5/pred_traj_openloop_vis] /onlane_ai_agent_5 http://y:46179/
[rosmaster.master][INFO] 2026-05-06 18:28:51,754: +PUB [/vis/agent_7/local_lanes_vis] /onlane_ai_agent_7 http://y:34009/
[rosmaster.master][INFO] 2026-05-06 18:28:51,754: +PUB [/vis/agent_8/pred_traj_openloop_vis] /onlane_ai_agent_8 http://y:36123/
[rosmaster.master][INFO] 2026-05-06 18:28:51,755: +PUB [/vis/agent_6/obstacle_map] /onlane_ai_agent_6 http://y:44509/
[rosmaster.master][INFO] 2026-05-06 18:28:51,755: +PUB [/vis/agent_5/pred_initial_intention_vis] /onlane_ai_agent_5 http://y:46179/
[rosmaster.master][INFO] 2026-05-06 18:28:51,755: +PUB [/vis/agent_7/ego_behavior_vis] /onlane_ai_agent_7 http://y:34009/
[rosmaster.master][INFO] 2026-05-06 18:28:51,755: +PUB [/vis/agent_6/surrounding_lane_net_vis] /onlane_ai_agent_6 http://y:44509/
[rosmaster.master][INFO] 2026-05-06 18:28:51,756: +PUB [/vis/agent_5/surrounding_vehicle_vis] /onlane_ai_agent_5 http://y:46179/
[rosmaster.master][INFO] 2026-05-06 18:28:51,756: +PUB [/vis/agent_6/local_lanes_vis] /onlane_ai_agent_6 http://y:44509/
[rosmaster.master][INFO] 2026-05-06 18:28:51,756: +PUB [/vis/agent_5/speed_limit] /onlane_ai_agent_5 http://y:46179/
[rosmaster.master][INFO] 2026-05-06 18:28:51,756: +PUB [/vis/agent_6/ego_behavior_vis] /onlane_ai_agent_6 http://y:44509/
[rosmaster.master][INFO] 2026-05-06 18:28:51,758: +PUB [/vis/agent_6/pred_traj_openloop_vis] /onlane_ai_agent_6 http://y:44509/
[rosmaster.master][INFO] 2026-05-06 18:28:51,760: +PUB [/vis/agent_8/pred_initial_intention_vis] /onlane_ai_agent_8 http://y:36123/
[rosmaster.master][INFO] 2026-05-06 18:28:51,760: +PUB [/vis/agent_0/ssc/ego_fs_vis] /test_ssc_with_mpdm_0 http://y:33619/
[rosmaster.master][INFO] 2026-05-06 18:28:51,763: +PUB [/vis/agent_8/surrounding_vehicle_vis] /onlane_ai_agent_8 http://y:36123/
[rosmaster.master][INFO] 2026-05-06 18:28:51,763: +PUB [/vis/agent_7/pred_traj_openloop_vis] /onlane_ai_agent_7 http://y:34009/
[rosmaster.master][INFO] 2026-05-06 18:28:51,764: +PUB [/vis/agent_8/speed_limit] /onlane_ai_agent_8 http://y:36123/
[rosmaster.master][INFO] 2026-05-06 18:28:51,764: +PUB [/tf] /onlane_ai_agent_2 http://y:38403/
[rosmaster.master][INFO] 2026-05-06 18:28:51,764: +PUB [/vis/agent_0/ssc/forward_trajs_vis] /test_ssc_with_mpdm_0 http://y:33619/
[rosmaster.master][INFO] 2026-05-06 18:28:51,767: +PUB [/vis/agent_6/pred_initial_intention_vis] /onlane_ai_agent_6 http://y:44509/
[rosmaster.master][INFO] 2026-05-06 18:28:51,768: +PUB [/vis/agent_6/surrounding_vehicle_vis] /onlane_ai_agent_6 http://y:44509/
[rosmaster.master][INFO] 2026-05-06 18:28:51,768: +PUB [/vis/agent_6/speed_limit] /onlane_ai_agent_6 http://y:44509/
[rosmaster.master][INFO] 2026-05-06 18:28:51,771: +PUB [/vis/agent_2/ego_vehicle_vis] /onlane_ai_agent_2 http://y:38403/
[rosmaster.master][INFO] 2026-05-06 18:28:51,772: +PUB [/vis/agent_0/ssc/sur_vehicle_trajs_vis] /test_ssc_with_mpdm_0 http://y:33619/
[rosmaster.master][INFO] 2026-05-06 18:28:51,772: +PUB [/vis/agent_2/obstacle_map] /onlane_ai_agent_2 http://y:38403/
[rosmaster.master][INFO] 2026-05-06 18:28:51,772: +PUB [/vis/agent_2/surrounding_lane_net_vis] /onlane_ai_agent_2 http://y:38403/
[rosmaster.master][INFO] 2026-05-06 18:28:51,772: +PUB [/vis/agent_2/local_lanes_vis] /onlane_ai_agent_2 http://y:38403/
[rosmaster.master][INFO] 2026-05-06 18:28:51,773: +PUB [/vis/agent_2/ego_behavior_vis] /onlane_ai_agent_2 http://y:38403/
[rosmaster.master][INFO] 2026-05-06 18:28:51,773: +PUB [/vis/agent_2/pred_traj_openloop_vis] /onlane_ai_agent_2 http://y:38403/
[rosmaster.master][INFO] 2026-05-06 18:28:51,773: +PUB [/vis/agent_2/pred_initial_intention_vis] /onlane_ai_agent_2 http://y:38403/
[rosmaster.master][INFO] 2026-05-06 18:28:51,773: +PUB [/vis/agent_2/surrounding_vehicle_vis] /onlane_ai_agent_2 http://y:38403/
[rosmaster.master][INFO] 2026-05-06 18:28:51,774: +PUB [/ctrl/agent_10] /onlane_ai_agent_10 http://y:45135/
[rosmaster.master][INFO] 2026-05-06 18:28:51,775: +PUB [/vis/agent_7/pred_initial_intention_vis] /onlane_ai_agent_7 http://y:34009/
[rosmaster.master][INFO] 2026-05-06 18:28:51,775: +PUB [/vis/agent_2/speed_limit] /onlane_ai_agent_2 http://y:38403/
[rosmaster.master][INFO] 2026-05-06 18:28:51,777: +SUB [/arena_info_dynamic] /onlane_ai_agent_4 http://y:44575/
[rosmaster.master][INFO] 2026-05-06 18:28:51,778: +PUB [/tf] /onlane_ai_agent_10 http://y:45135/
[rosmaster.master][INFO] 2026-05-06 18:28:51,780: +PUB [/vis/agent_0/ssc/corridor_vis] /test_ssc_with_mpdm_0 http://y:33619/
[rosmaster.master][INFO] 2026-05-06 18:28:51,781: +SUB [/arena_info_static] /onlane_ai_agent_5 http://y:46179/
[rosmaster.master][INFO] 2026-05-06 18:28:51,782: +PUB [/vis/agent_10/ego_vehicle_vis] /onlane_ai_agent_10 http://y:45135/
[rosmaster.master][INFO] 2026-05-06 18:28:51,782: +SUB [/arena_info_static] /onlane_ai_agent_6 http://y:44509/
[rosmaster.master][INFO] 2026-05-06 18:28:51,783: +PUB [/vis/agent_10/obstacle_map] /onlane_ai_agent_10 http://y:45135/
[rosmaster.master][INFO] 2026-05-06 18:28:51,783: +PUB [/vis/agent_10/surrounding_lane_net_vis] /onlane_ai_agent_10 http://y:45135/
[rosmaster.master][INFO] 2026-05-06 18:28:51,784: +PUB [/vis/agent_10/local_lanes_vis] /onlane_ai_agent_10 http://y:45135/
[rosmaster.master][INFO] 2026-05-06 18:28:51,791: +PUB [/tf] /onlane_ai_agent_3 http://y:40541/
[rosmaster.master][INFO] 2026-05-06 18:28:51,793: +SUB [/arena_info_static] /onlane_ai_agent_2 http://y:38403/
[rosmaster.master][INFO] 2026-05-06 18:28:51,793: +PUB [/vis/agent_7/surrounding_vehicle_vis] /onlane_ai_agent_7 http://y:34009/
[rosmaster.master][INFO] 2026-05-06 18:28:51,794: +SUB [/arena_info_dynamic] /onlane_ai_agent_6 http://y:44509/
[rosmaster.master][INFO] 2026-05-06 18:28:51,795: +PUB [/ctrl/agent_0] /test_ssc_with_mpdm_0 http://y:33619/
[rosmaster.master][INFO] 2026-05-06 18:28:51,795: +PUB [/vis/agent_10/ego_behavior_vis] /onlane_ai_agent_10 http://y:45135/
[rosmaster.master][INFO] 2026-05-06 18:28:51,798: +SUB [/arena_info_dynamic] /onlane_ai_agent_2 http://y:38403/
[rosmaster.master][INFO] 2026-05-06 18:28:51,799: +PUB [/vis/agent_3/ego_vehicle_vis] /onlane_ai_agent_3 http://y:40541/
[rosmaster.master][INFO] 2026-05-06 18:28:51,799: +PUB [/vis/agent_7/speed_limit] /onlane_ai_agent_7 http://y:34009/
[rosmaster.master][INFO] 2026-05-06 18:28:51,799: +SUB [/joy] /onlane_ai_agent_4 http://y:44575/
[rosmaster.master][INFO] 2026-05-06 18:28:51,800: +PUB [/vis/agent_3/obstacle_map] /onlane_ai_agent_3 http://y:40541/
[rosmaster.master][INFO] 2026-05-06 18:28:51,801: +PUB [/tf] /onlane_ai_agent_9 http://y:45653/
[rosmaster.master][INFO] 2026-05-06 18:28:51,801: +SUB [/arena_info_static] /onlane_ai_agent_8 http://y:36123/
[rosmaster.master][INFO] 2026-05-06 18:28:51,802: +SUB [/arena_info_dynamic] /onlane_ai_agent_5 http://y:46179/
[rosmaster.master][INFO] 2026-05-06 18:28:51,804: +PUB [/vis/agent_10/pred_traj_openloop_vis] /onlane_ai_agent_10 http://y:45135/
[rosmaster.master][INFO] 2026-05-06 18:28:51,805: +PUB [/vis/agent_3/surrounding_lane_net_vis] /onlane_ai_agent_3 http://y:40541/
[rosmaster.master][INFO] 2026-05-06 18:28:51,805: +PUB [/vis/agent_4/forward_trajs] /onlane_ai_agent_4 http://y:44575/
[rosmaster.master][INFO] 2026-05-06 18:28:51,806: +SUB [/joy] /onlane_ai_agent_6 http://y:44509/
[rosmaster.master][INFO] 2026-05-06 18:28:51,806: +PUB [/vis/agent_9/ego_vehicle_vis] /onlane_ai_agent_9 http://y:45653/
[rosmaster.master][INFO] 2026-05-06 18:28:51,806: +SUB [/arena_info_static] /onlane_ai_agent_7 http://y:34009/
[rosmaster.master][INFO] 2026-05-06 18:28:51,806: +SUB [/joy] /onlane_ai_agent_2 http://y:38403/
[rosmaster.master][INFO] 2026-05-06 18:28:51,807: +SUB [/arena_info_dynamic] /onlane_ai_agent_8 http://y:36123/
[rosmaster.master][INFO] 2026-05-06 18:28:51,807: +PUB [/test_ssc_with_mpdm_0/ssc_map] /test_ssc_with_mpdm_0 http://y:33619/
[rosmaster.master][INFO] 2026-05-06 18:28:51,807: +PUB [/vis/agent_3/local_lanes_vis] /onlane_ai_agent_3 http://y:40541/
[rosmaster.master][INFO] 2026-05-06 18:28:51,808: +PUB [/vis/agent_10/pred_initial_intention_vis] /onlane_ai_agent_10 http://y:45135/
[rosmaster.master][INFO] 2026-05-06 18:28:51,809: +SUB [/joy] /onlane_ai_agent_5 http://y:46179/
[rosmaster.master][INFO] 2026-05-06 18:28:51,809: +PUB [/vis/agent_9/obstacle_map] /onlane_ai_agent_9 http://y:45653/
[rosmaster.master][INFO] 2026-05-06 18:28:51,810: +PUB [/vis/agent_6/forward_trajs] /onlane_ai_agent_6 http://y:44509/
[rosmaster.master][INFO] 2026-05-06 18:28:51,810: +PUB [/vis/agent_2/forward_trajs] /onlane_ai_agent_2 http://y:38403/
[rosmaster.master][INFO] 2026-05-06 18:28:51,811: +PUB [/vis/agent_0/ssc/exec_traj] /test_ssc_with_mpdm_0 http://y:33619/
[rosmaster.master][INFO] 2026-05-06 18:28:51,811: +PUB [/vis/agent_3/ego_behavior_vis] /onlane_ai_agent_3 http://y:40541/
[rosmaster.master][INFO] 2026-05-06 18:28:51,811: +PUB [/vis/agent_10/surrounding_vehicle_vis] /onlane_ai_agent_10 http://y:45135/
[rosmaster.master][INFO] 2026-05-06 18:28:51,812: +PUB [/vis/agent_5/forward_trajs] /onlane_ai_agent_5 http://y:46179/
[rosmaster.master][INFO] 2026-05-06 18:28:51,812: +SUB [/joy] /onlane_ai_agent_8 http://y:36123/
[rosmaster.master][INFO] 2026-05-06 18:28:51,812: +SUB [/arena_info_dynamic] /onlane_ai_agent_7 http://y:34009/
[rosmaster.master][INFO] 2026-05-06 18:28:51,813: +PUB [/vis/agent_9/surrounding_lane_net_vis] /onlane_ai_agent_9 http://y:45653/
[rosmaster.master][INFO] 2026-05-06 18:28:51,813: +PUB [/vis/agent_3/pred_traj_openloop_vis] /onlane_ai_agent_3 http://y:40541/
[rosmaster.master][INFO] 2026-05-06 18:28:51,814: +SUB [/joy] /test_ssc_with_mpdm_0 http://y:33619/
[rosmaster.master][INFO] 2026-05-06 18:28:51,814: +PUB [/vis/agent_10/speed_limit] /onlane_ai_agent_10 http://y:45135/
[rosmaster.master][INFO] 2026-05-06 18:28:51,815: +PUB [/vis/agent_8/forward_trajs] /onlane_ai_agent_8 http://y:36123/
[rosmaster.master][INFO] 2026-05-06 18:28:51,815: +PUB [/vis/agent_9/local_lanes_vis] /onlane_ai_agent_9 http://y:45653/
[rosmaster.master][INFO] 2026-05-06 18:28:51,815: +SUB [/joy] /onlane_ai_agent_7 http://y:34009/
[rosmaster.master][INFO] 2026-05-06 18:28:51,815: +PUB [/vis/agent_3/pred_initial_intention_vis] /onlane_ai_agent_3 http://y:40541/
[rosmaster.master][INFO] 2026-05-06 18:28:51,816: +PUB [/vis/agent_0/forward_trajs] /test_ssc_with_mpdm_0 http://y:33619/
[rosmaster.master][INFO] 2026-05-06 18:28:51,816: +PUB [/arena_info_static] /phy_simulator_planning_node http://y:45337/
[rosmaster.master][INFO] 2026-05-06 18:28:51,817: +PUB [/vis/agent_7/forward_trajs] /onlane_ai_agent_7 http://y:34009/
[rosmaster.master][INFO] 2026-05-06 18:28:51,818: +PUB [/vis/agent_3/surrounding_vehicle_vis] /onlane_ai_agent_3 http://y:40541/
[rosmaster.master][INFO] 2026-05-06 18:28:51,818: +PUB [/arena_info_dynamic] /phy_simulator_planning_node http://y:45337/
[rosmaster.master][INFO] 2026-05-06 18:28:51,819: +SUB [/arena_info_static] /onlane_ai_agent_10 http://y:45135/
[rosmaster.master][INFO] 2026-05-06 18:28:51,819: +SUB [/arena_info_static] /test_ssc_with_mpdm_0 http://y:33619/
[rosmaster.master][INFO] 2026-05-06 18:28:51,819: +PUB [/vis/agent_3/speed_limit] /onlane_ai_agent_3 http://y:40541/
[rosmaster.master][INFO] 2026-05-06 18:28:51,819: +PUB [/vis/agent_9/ego_behavior_vis] /onlane_ai_agent_9 http://y:45653/
[rosmaster.master][INFO] 2026-05-06 18:28:51,820: +PUB [/vis/agent_9/pred_traj_openloop_vis] /onlane_ai_agent_9 http://y:45653/
[rosmaster.master][INFO] 2026-05-06 18:28:51,820: +PUB [/phy_simulator_planning_node/vis/vehicle_set_vis] /phy_simulator_planning_node http://y:45337/
[rosmaster.master][INFO] 2026-05-06 18:28:51,823: +PUB [/vis/agent_9/pred_initial_intention_vis] /onlane_ai_agent_9 http://y:45653/
[rosmaster.master][INFO] 2026-05-06 18:28:51,823: +PUB [/phy_simulator_planning_node/vis/lane_net_vis] /phy_simulator_planning_node http://y:45337/
[rosmaster.master][INFO] 2026-05-06 18:28:51,825: +PUB [/vis/agent_9/surrounding_vehicle_vis] /onlane_ai_agent_9 http://y:45653/
[rosmaster.master][INFO] 2026-05-06 18:28:51,825: +SUB [/arena_info_static] /onlane_ai_agent_3 http://y:40541/
[rosmaster.master][INFO] 2026-05-06 18:28:51,826: +SUB [/arena_info_dynamic] /onlane_ai_agent_10 http://y:45135/
[rosmaster.master][INFO] 2026-05-06 18:28:51,828: +PUB [/phy_simulator_planning_node/vis/obstacle_set_vis] /phy_simulator_planning_node http://y:45337/
[rosmaster.master][INFO] 2026-05-06 18:28:51,828: +PUB [/vis/agent_9/speed_limit] /onlane_ai_agent_9 http://y:45653/
[rosmaster.master][INFO] 2026-05-06 18:28:51,829: +SUB [/arena_info_dynamic] /test_ssc_with_mpdm_0 http://y:33619/
[rosmaster.master][INFO] 2026-05-06 18:28:51,830: +SUB [/joy] /onlane_ai_agent_10 http://y:45135/
[rosmaster.master][INFO] 2026-05-06 18:28:51,832: +SUB [/arena_info_dynamic] /onlane_ai_agent_3 http://y:40541/
[rosmaster.master][INFO] 2026-05-06 18:28:51,832: +SUB [/arena_info_static] /onlane_ai_agent_9 http://y:45653/
[rosmaster.master][INFO] 2026-05-06 18:28:51,833: +PUB [/vis/agent_10/forward_trajs] /onlane_ai_agent_10 http://y:45135/
[rosmaster.master][INFO] 2026-05-06 18:28:51,834: +SUB [/ctrl/agent_10] /phy_simulator_planning_node http://y:45337/
[rosmaster.master][INFO] 2026-05-06 18:28:51,835: +SUB [/joy] /onlane_ai_agent_3 http://y:40541/
[rosmaster.master][INFO] 2026-05-06 18:28:51,836: +SUB [/arena_info_dynamic] /onlane_ai_agent_9 http://y:45653/
[rosmaster.master][INFO] 2026-05-06 18:28:51,837: +PUB [/vis/agent_3/forward_trajs] /onlane_ai_agent_3 http://y:40541/
[rosmaster.master][INFO] 2026-05-06 18:28:51,838: +SUB [/ctrl/agent_9] /phy_simulator_planning_node http://y:45337/
[rosmaster.master][INFO] 2026-05-06 18:28:51,839: +SUB [/joy] /onlane_ai_agent_9 http://y:45653/
[rosmaster.master][INFO] 2026-05-06 18:28:51,840: +PUB [/vis/agent_9/forward_trajs] /onlane_ai_agent_9 http://y:45653/
[rosmaster.master][INFO] 2026-05-06 18:28:51,840: +SUB [/ctrl/agent_8] /phy_simulator_planning_node http://y:45337/
[rosmaster.master][INFO] 2026-05-06 18:28:51,841: +SUB [/ctrl/agent_7] /phy_simulator_planning_node http://y:45337/
[rosmaster.master][INFO] 2026-05-06 18:28:51,843: +SUB [/ctrl/agent_6] /phy_simulator_planning_node http://y:45337/
[rosmaster.master][INFO] 2026-05-06 18:28:51,843: publisherUpdate[/arena_info_static] -> http://y:36293/ ['http://y:45337/']
[rosmaster.master][INFO] 2026-05-06 18:28:51,845: publisherUpdate[/arena_info_static] -> http://y:36293/ ['http://y:45337/']: sec=0.00, result=[1, '', 0]
[rosmaster.master][INFO] 2026-05-06 18:28:51,845: +SUB [/ctrl/agent_5] /phy_simulator_planning_node http://y:45337/
[rosmaster.master][INFO] 2026-05-06 18:28:51,845: publisherUpdate[/arena_info_static] -> http://y:44575/ ['http://y:45337/']
[rosmaster.master][INFO] 2026-05-06 18:28:51,846: publisherUpdate[/arena_info_static] -> http://y:44575/ ['http://y:45337/']: sec=0.00, result=[1, '', 0]
[rosmaster.master][INFO] 2026-05-06 18:28:51,846: publisherUpdate[/arena_info_static] -> http://y:46179/ ['http://y:45337/']
[rosmaster.master][INFO] 2026-05-06 18:28:51,847: +SUB [/ctrl/agent_4] /phy_simulator_planning_node http://y:45337/
[rosmaster.master][INFO] 2026-05-06 18:28:51,847: publisherUpdate[/arena_info_static] -> http://y:46179/ ['http://y:45337/']: sec=0.00, result=[1, '', 0]
[rosmaster.master][INFO] 2026-05-06 18:28:51,848: publisherUpdate[/arena_info_static] -> http://y:44509/ ['http://y:45337/']
[rosmaster.master][INFO] 2026-05-06 18:28:51,849: +SUB [/ctrl/agent_3] /phy_simulator_planning_node http://y:45337/
[rosmaster.master][INFO] 2026-05-06 18:28:51,849: publisherUpdate[/arena_info_static] -> http://y:44509/ ['http://y:45337/']: sec=0.00, result=[1, '', 0]
[rosmaster.master][INFO] 2026-05-06 18:28:51,849: publisherUpdate[/arena_info_static] -> http://y:38403/ ['http://y:45337/']
[rosmaster.master][INFO] 2026-05-06 18:28:51,850: publisherUpdate[/arena_info_static] -> http://y:38403/ ['http://y:45337/']: sec=0.00, result=[1, '', 0]
[rosmaster.master][INFO] 2026-05-06 18:28:51,850: publisherUpdate[/arena_info_static] -> http://y:36123/ ['http://y:45337/']
[rosmaster.master][INFO] 2026-05-06 18:28:51,851: +SUB [/ctrl/agent_2] /phy_simulator_planning_node http://y:45337/
[rosmaster.master][INFO] 2026-05-06 18:28:51,851: publisherUpdate[/arena_info_static] -> http://y:36123/ ['http://y:45337/']: sec=0.00, result=[1, '', 0]
[rosmaster.master][INFO] 2026-05-06 18:28:51,851: publisherUpdate[/arena_info_static] -> http://y:34009/ ['http://y:45337/']
[rosmaster.master][INFO] 2026-05-06 18:28:51,852: +SUB [/ctrl/agent_1] /phy_simulator_planning_node http://y:45337/
[rosmaster.master][INFO] 2026-05-06 18:28:51,853: publisherUpdate[/arena_info_static] -> http://y:34009/ ['http://y:45337/']: sec=0.00, result=[1, '', 0]
[rosmaster.master][INFO] 2026-05-06 18:28:51,853: publisherUpdate[/arena_info_dynamic] -> http://y:36293/ ['http://y:45337/']
[rosmaster.master][INFO] 2026-05-06 18:28:51,853: publisherUpdate[/arena_info_dynamic] -> http://y:36293/ ['http://y:45337/']: sec=0.00, result=[1, '', 0]
[rosmaster.master][INFO] 2026-05-06 18:28:51,854: publisherUpdate[/arena_info_dynamic] -> http://y:44575/ ['http://y:45337/']
[rosmaster.master][INFO] 2026-05-06 18:28:51,854: publisherUpdate[/arena_info_dynamic] -> http://y:44575/ ['http://y:45337/']: sec=0.00, result=[1, '', 0]
[rosmaster.master][INFO] 2026-05-06 18:28:51,855: +SUB [/ctrl/agent_0] /phy_simulator_planning_node http://y:45337/
[rosmaster.master][INFO] 2026-05-06 18:28:51,855: publisherUpdate[/arena_info_dynamic] -> http://y:44509/ ['http://y:45337/']
[rosmaster.master][INFO] 2026-05-06 18:28:51,855: publisherUpdate[/arena_info_dynamic] -> http://y:44509/ ['http://y:45337/']: sec=0.00, result=[1, '', 0]
[rosmaster.master][INFO] 2026-05-06 18:28:51,855: publisherUpdate[/arena_info_dynamic] -> http://y:38403/ ['http://y:45337/']
[rosmaster.master][INFO] 2026-05-06 18:28:51,856: publisherUpdate[/arena_info_dynamic] -> http://y:38403/ ['http://y:45337/']: sec=0.00, result=[1, '', 0]
[rosmaster.master][INFO] 2026-05-06 18:28:51,856: publisherUpdate[/arena_info_dynamic] -> http://y:46179/ ['http://y:45337/']
[rosmaster.master][INFO] 2026-05-06 18:28:51,856: +SUB [/initialpose] /phy_simulator_planning_node http://y:45337/
[rosmaster.master][INFO] 2026-05-06 18:28:51,857: publisherUpdate[/arena_info_dynamic] -> http://y:46179/ ['http://y:45337/']: sec=0.00, result=[1, '', 0]
[rosmaster.master][INFO] 2026-05-06 18:28:51,857: publisherUpdate[/arena_info_dynamic] -> http://y:36123/ ['http://y:45337/']
[rosmaster.master][INFO] 2026-05-06 18:28:51,858: publisherUpdate[/arena_info_dynamic] -> http://y:36123/ ['http://y:45337/']: sec=0.00, result=[1, '', 0]
[rosmaster.master][INFO] 2026-05-06 18:28:51,858: publisherUpdate[/arena_info_dynamic] -> http://y:34009/ ['http://y:45337/']
[rosmaster.master][INFO] 2026-05-06 18:28:51,858: +SUB [/move_base_simple/goal] /phy_simulator_planning_node http://y:45337/
[rosmaster.master][INFO] 2026-05-06 18:28:51,859: publisherUpdate[/arena_info_dynamic] -> http://y:34009/ ['http://y:45337/']: sec=0.00, result=[1, '', 0]
[rosmaster.master][INFO] 2026-05-06 18:28:59,337: +PUB [/rosout] /epsilon_metric_collector_3789061_1778063339220 http://y:41327/
[rosmaster.master][INFO] 2026-05-06 18:28:59,338: +SERVICE [/epsilon_metric_collector_3789061_1778063339220/get_loggers] /epsilon_metric_collector_3789061_1778063339220 http://y:41327/
[rosmaster.master][INFO] 2026-05-06 18:28:59,339: +SERVICE [/epsilon_metric_collector_3789061_1778063339220/set_logger_level] /epsilon_metric_collector_3789061_1778063339220 http://y:41327/
[rosmaster.master][INFO] 2026-05-06 18:28:59,340: +SUB [/arena_info_dynamic] /epsilon_metric_collector_3789061_1778063339220 http://y:41327/
[rosmaster.master][INFO] 2026-05-06 18:28:59,372: publisherUpdate[/rosout] -> http://y:34177/ ['http://y:36293/', 'http://y:33619/', 'http://y:38403/', 'http://y:40541/', 'http://y:44575/', 'http://y:44509/', 'http://y:34009/', 'http://y:36123/', 'http://y:46179/', 'http://y:45337/', 'http://y:45653/', 'http://y:45135/', 'http://y:41327/']
[rosmaster.master][INFO] 2026-05-06 18:28:59,373: publisherUpdate[/rosout] -> http://y:34177/ ['http://y:36293/', 'http://y:33619/', 'http://y:38403/', 'http://y:40541/', 'http://y:44575/', 'http://y:44509/', 'http://y:34009/', 'http://y:36123/', 'http://y:46179/', 'http://y:45337/', 'http://y:45653/', 'http://y:45135/', 'http://y:41327/']: sec=0.00, result=[1, '', 0]
[rosmaster.master][INFO] 2026-05-06 18:30:58,974: -SUB [/arena_info_dynamic] /epsilon_metric_collector_3789061_1778063339220 http://y:41327/
[rosmaster.master][INFO] 2026-05-06 18:30:58,974: -PUB [/rosout] /epsilon_metric_collector_3789061_1778063339220 http://y:41327/
[rosmaster.master][INFO] 2026-05-06 18:30:58,974: -SERVICE [/epsilon_metric_collector_3789061_1778063339220/get_loggers] /epsilon_metric_collector_3789061_1778063339220 rosrpc://y:35525
[rosmaster.master][INFO] 2026-05-06 18:30:58,974: -SERVICE [/epsilon_metric_collector_3789061_1778063339220/set_logger_level] /epsilon_metric_collector_3789061_1778063339220 rosrpc://y:35525
[rosmaster.master][INFO] 2026-05-06 18:30:59,001: publisherUpdate[/rosout] -> http://y:34177/ ['http://y:36293/', 'http://y:33619/', 'http://y:38403/', 'http://y:40541/', 'http://y:44575/', 'http://y:44509/', 'http://y:34009/', 'http://y:36123/', 'http://y:46179/', 'http://y:45337/', 'http://y:45653/', 'http://y:45135/']
[rosmaster.master][INFO] 2026-05-06 18:30:59,002: publisherUpdate[/rosout] -> http://y:34177/ ['http://y:36293/', 'http://y:33619/', 'http://y:38403/', 'http://y:40541/', 'http://y:44575/', 'http://y:44509/', 'http://y:34009/', 'http://y:36123/', 'http://y:46179/', 'http://y:45337/', 'http://y:45653/', 'http://y:45135/']: sec=0.00, result=[1, '', 0]
[rosmaster.master][INFO] 2026-05-06 18:31:00,090: +PUB [/rosout] /rostopic_3790160_1778063459975 http://y:39339/
[rosmaster.master][INFO] 2026-05-06 18:31:00,092: +SERVICE [/rostopic_3790160_1778063459975/get_loggers] /rostopic_3790160_1778063459975 http://y:39339/
[rosmaster.master][INFO] 2026-05-06 18:31:00,092: +SERVICE [/rostopic_3790160_1778063459975/set_logger_level] /rostopic_3790160_1778063459975 http://y:39339/
[rosmaster.master][INFO] 2026-05-06 18:31:00,100: +SUB [/arena_info_dynamic] /rostopic_3790160_1778063459975 http://y:39339/
[rosmaster.master][INFO] 2026-05-06 18:31:00,104: publisherUpdate[/rosout] -> http://y:34177/ ['http://y:36293/', 'http://y:33619/', 'http://y:38403/', 'http://y:40541/', 'http://y:44575/', 'http://y:44509/', 'http://y:34009/', 'http://y:36123/', 'http://y:46179/', 'http://y:45337/', 'http://y:45653/', 'http://y:45135/', 'http://y:39339/']
[rosmaster.master][INFO] 2026-05-06 18:31:00,105: publisherUpdate[/rosout] -> http://y:34177/ ['http://y:36293/', 'http://y:33619/', 'http://y:38403/', 'http://y:40541/', 'http://y:44575/', 'http://y:44509/', 'http://y:34009/', 'http://y:36123/', 'http://y:46179/', 'http://y:45337/', 'http://y:45653/', 'http://y:45135/', 'http://y:39339/']: sec=0.00, result=[1, '', 0]
[rosmaster.master][INFO] 2026-05-06 18:31:14,614: -SUB [/arena_info_dynamic] /rostopic_3790160_1778063459975 http://y:39339/
[rosmaster.master][INFO] 2026-05-06 18:31:14,614: -PUB [/rosout] /rostopic_3790160_1778063459975 http://y:39339/
[rosmaster.master][INFO] 2026-05-06 18:31:14,614: -SERVICE [/rostopic_3790160_1778063459975/get_loggers] /rostopic_3790160_1778063459975 rosrpc://y:37503
[rosmaster.master][INFO] 2026-05-06 18:31:14,614: -SERVICE [/rostopic_3790160_1778063459975/set_logger_level] /rostopic_3790160_1778063459975 rosrpc://y:37503
[rosmaster.master][INFO] 2026-05-06 18:31:14,627: publisherUpdate[/rosout] -> http://y:34177/ ['http://y:36293/', 'http://y:33619/', 'http://y:38403/', 'http://y:40541/', 'http://y:44575/', 'http://y:44509/', 'http://y:34009/', 'http://y:36123/', 'http://y:46179/', 'http://y:45337/', 'http://y:45653/', 'http://y:45135/']
[rosmaster.master][INFO] 2026-05-06 18:31:14,628: publisherUpdate[/rosout] -> http://y:34177/ ['http://y:36293/', 'http://y:33619/', 'http://y:38403/', 'http://y:40541/', 'http://y:44575/', 'http://y:44509/', 'http://y:34009/', 'http://y:36123/', 'http://y:46179/', 'http://y:45337/', 'http://y:45653/', 'http://y:45135/']: sec=0.00, result=[1, '', 0]
[rosmaster.master][INFO] 2026-05-06 18:31:15,428: -PUB [/rosout] /onlane_ai_agent_3 http://y:40541/
[rosmaster.master][INFO] 2026-05-06 18:31:15,429: -PUB [/rosout] /onlane_ai_agent_7 http://y:34009/
[rosmaster.master][INFO] 2026-05-06 18:31:15,430: publisherUpdate[/rosout] -> http://y:34177/ ['http://y:36293/', 'http://y:33619/', 'http://y:38403/', 'http://y:44575/', 'http://y:44509/', 'http://y:34009/', 'http://y:36123/', 'http://y:46179/', 'http://y:45337/', 'http://y:45653/', 'http://y:45135/']
[rosmaster.master][INFO] 2026-05-06 18:31:15,431: -PUB [/rosout] /onlane_ai_agent_10 http://y:45135/
[rosmaster.master][INFO] 2026-05-06 18:31:15,432: -PUB [/rosout] /onlane_ai_agent_6 http://y:44509/
[rosmaster.master][INFO] 2026-05-06 18:31:15,432: -PUB [/ctrl/agent_3] /onlane_ai_agent_3 http://y:40541/
[rosmaster.master][INFO] 2026-05-06 18:31:15,433: publisherUpdate[/rosout] -> http://y:34177/ ['http://y:36293/', 'http://y:33619/', 'http://y:38403/', 'http://y:44575/', 'http://y:44509/', 'http://y:34009/', 'http://y:36123/', 'http://y:46179/', 'http://y:45337/', 'http://y:45653/', 'http://y:45135/']: sec=0.00, result=[1, '', 0]
[rosmaster.master][INFO] 2026-05-06 18:31:15,434: publisherUpdate[/rosout] -> http://y:34177/ ['http://y:36293/', 'http://y:33619/', 'http://y:38403/', 'http://y:44575/', 'http://y:44509/', 'http://y:36123/', 'http://y:46179/', 'http://y:45337/', 'http://y:45653/', 'http://y:45135/']
[rosmaster.master][INFO] 2026-05-06 18:31:15,433: -PUB [/ctrl/agent_7] /onlane_ai_agent_7 http://y:34009/
[rosmaster.master][INFO] 2026-05-06 18:31:15,434: publisherUpdate[/rosout] -> http://y:34177/ ['http://y:36293/', 'http://y:33619/', 'http://y:38403/', 'http://y:44575/', 'http://y:44509/', 'http://y:36123/', 'http://y:46179/', 'http://y:45337/', 'http://y:45653/', 'http://y:45135/']: sec=0.00, result=[1, '', 0]
[rosmaster.master][INFO] 2026-05-06 18:31:15,434: publisherUpdate[/rosout] -> http://y:34177/ ['http://y:36293/', 'http://y:33619/', 'http://y:38403/', 'http://y:44575/', 'http://y:44509/', 'http://y:36123/', 'http://y:46179/', 'http://y:45337/', 'http://y:45653/']
[rosmaster.master][INFO] 2026-05-06 18:31:15,435: -PUB [/rosout] /onlane_ai_agent_9 http://y:45653/
[rosmaster.master][INFO] 2026-05-06 18:31:15,435: publisherUpdate[/rosout] -> http://y:34177/ ['http://y:36293/', 'http://y:33619/', 'http://y:38403/', 'http://y:44575/', 'http://y:44509/', 'http://y:36123/', 'http://y:46179/', 'http://y:45337/', 'http://y:45653/']: sec=0.00, result=[1, '', 0]
[rosmaster.master][INFO] 2026-05-06 18:31:15,436: -PUB [/ctrl/agent_6] /onlane_ai_agent_6 http://y:44509/
[rosmaster.master][INFO] 2026-05-06 18:31:15,436: publisherUpdate[/rosout] -> http://y:34177/ ['http://y:36293/', 'http://y:33619/', 'http://y:38403/', 'http://y:44575/', 'http://y:36123/', 'http://y:46179/', 'http://y:45337/', 'http://y:45653/']
[rosmaster.master][INFO] 2026-05-06 18:31:15,437: -PUB [/ctrl/agent_10] /onlane_ai_agent_10 http://y:45135/
[rosmaster.master][INFO] 2026-05-06 18:31:15,437: publisherUpdate[/ctrl/agent_3] -> http://y:45337/ []
[rosmaster.master][INFO] 2026-05-06 18:31:15,437: publisherUpdate[/rosout] -> http://y:34177/ ['http://y:36293/', 'http://y:33619/', 'http://y:38403/', 'http://y:44575/', 'http://y:36123/', 'http://y:46179/', 'http://y:45337/', 'http://y:45653/']: sec=0.00, result=[1, '', 0]
[rosmaster.master][INFO] 2026-05-06 18:31:15,437: -PUB [/tf] /onlane_ai_agent_3 http://y:40541/
[rosmaster.master][INFO] 2026-05-06 18:31:15,438: publisherUpdate[/rosout] -> http://y:34177/ ['http://y:36293/', 'http://y:33619/', 'http://y:38403/', 'http://y:44575/', 'http://y:36123/', 'http://y:46179/', 'http://y:45337/']
[rosmaster.master][INFO] 2026-05-06 18:31:15,438: publisherUpdate[/ctrl/agent_3] -> http://y:45337/ []: sec=0.00, result=[0, 'Unknown Error', 0]
[rosmaster.master][INFO] 2026-05-06 18:31:15,439: publisherUpdate[/ctrl/agent_7] -> http://y:45337/ []
[rosmaster.master][INFO] 2026-05-06 18:31:15,439: -PUB [/ctrl/agent_9] /onlane_ai_agent_9 http://y:45653/
[rosmaster.master][INFO] 2026-05-06 18:31:15,440: publisherUpdate[/rosout] -> http://y:34177/ ['http://y:36293/', 'http://y:33619/', 'http://y:38403/', 'http://y:44575/', 'http://y:36123/', 'http://y:46179/', 'http://y:45337/']: sec=0.00, result=[1, '', 0]
[rosmaster.master][INFO] 2026-05-06 18:31:15,440: publisherUpdate[/ctrl/agent_7] -> http://y:45337/ []: sec=0.00, result=[0, 'Unknown Error', 0]
[rosmaster.master][INFO] 2026-05-06 18:31:15,440: publisherUpdate[/ctrl/agent_6] -> http://y:45337/ []
[rosmaster.master][INFO] 2026-05-06 18:31:15,440: -PUB [/tf] /onlane_ai_agent_7 http://y:34009/
[rosmaster.master][INFO] 2026-05-06 18:31:15,441: publisherUpdate[/ctrl/agent_6] -> http://y:45337/ []: sec=0.00, result=[0, 'Unknown Error', 0]
[rosmaster.master][INFO] 2026-05-06 18:31:15,442: -PUB [/tf] /onlane_ai_agent_6 http://y:44509/
[rosmaster.master][INFO] 2026-05-06 18:31:15,442: publisherUpdate[/ctrl/agent_10] -> http://y:45337/ []
[rosmaster.master][INFO] 2026-05-06 18:31:15,442: -PUB [/tf] /onlane_ai_agent_10 http://y:45135/
[rosmaster.master][INFO] 2026-05-06 18:31:15,443: publisherUpdate[/ctrl/agent_10] -> http://y:45337/ []: sec=0.00, result=[0, 'Unknown Error', 0]
[rosmaster.master][INFO] 2026-05-06 18:31:15,443: publisherUpdate[/ctrl/agent_9] -> http://y:45337/ []
[rosmaster.master][INFO] 2026-05-06 18:31:15,444: publisherUpdate[/ctrl/agent_9] -> http://y:45337/ []: sec=0.00, result=[0, 'Unknown Error', 0]
[rosmaster.master][INFO] 2026-05-06 18:31:15,444: -PUB [/vis/agent_3/ego_vehicle_vis] /onlane_ai_agent_3 http://y:40541/
[rosmaster.master][INFO] 2026-05-06 18:31:15,444: -PUB [/tf] /onlane_ai_agent_9 http://y:45653/
[rosmaster.master][INFO] 2026-05-06 18:31:15,445: -PUB [/vis/agent_6/ego_vehicle_vis] /onlane_ai_agent_6 http://y:44509/
[rosmaster.master][INFO] 2026-05-06 18:31:15,446: -PUB [/vis/agent_7/ego_vehicle_vis] /onlane_ai_agent_7 http://y:34009/
[rosmaster.master][INFO] 2026-05-06 18:31:15,447: -PUB [/vis/agent_10/ego_vehicle_vis] /onlane_ai_agent_10 http://y:45135/
[rosmaster.master][INFO] 2026-05-06 18:31:15,447: -PUB [/vis/agent_3/obstacle_map] /onlane_ai_agent_3 http://y:40541/
[rosmaster.master][INFO] 2026-05-06 18:31:15,448: -PUB [/vis/agent_6/obstacle_map] /onlane_ai_agent_6 http://y:44509/
[rosmaster.master][INFO] 2026-05-06 18:31:15,449: -PUB [/vis/agent_9/ego_vehicle_vis] /onlane_ai_agent_9 http://y:45653/
[rosmaster.master][INFO] 2026-05-06 18:31:15,450: -PUB [/vis/agent_7/obstacle_map] /onlane_ai_agent_7 http://y:34009/
[rosmaster.master][INFO] 2026-05-06 18:31:15,450: -PUB [/vis/agent_10/obstacle_map] /onlane_ai_agent_10 http://y:45135/
[rosmaster.master][INFO] 2026-05-06 18:31:15,450: -PUB [/vis/agent_3/surrounding_lane_net_vis] /onlane_ai_agent_3 http://y:40541/
[rosmaster.master][INFO] 2026-05-06 18:31:15,451: -PUB [/vis/agent_6/surrounding_lane_net_vis] /onlane_ai_agent_6 http://y:44509/
[rosmaster.master][INFO] 2026-05-06 18:31:15,452: -PUB [/vis/agent_9/obstacle_map] /onlane_ai_agent_9 http://y:45653/
[rosmaster.master][INFO] 2026-05-06 18:31:15,452: -PUB [/vis/agent_10/surrounding_lane_net_vis] /onlane_ai_agent_10 http://y:45135/
[rosmaster.master][INFO] 2026-05-06 18:31:15,453: -PUB [/vis/agent_3/local_lanes_vis] /onlane_ai_agent_3 http://y:40541/
[rosmaster.master][INFO] 2026-05-06 18:31:15,453: -PUB [/vis/agent_7/surrounding_lane_net_vis] /onlane_ai_agent_7 http://y:34009/
[rosmaster.master][INFO] 2026-05-06 18:31:15,453: -PUB [/vis/agent_6/local_lanes_vis] /onlane_ai_agent_6 http://y:44509/
[rosmaster.master][INFO] 2026-05-06 18:31:15,454: -PUB [/vis/agent_9/surrounding_lane_net_vis] /onlane_ai_agent_9 http://y:45653/
[rosmaster.master][INFO] 2026-05-06 18:31:15,454: -PUB [/vis/agent_10/local_lanes_vis] /onlane_ai_agent_10 http://y:45135/
[rosmaster.master][INFO] 2026-05-06 18:31:15,454: -PUB [/vis/agent_3/ego_behavior_vis] /onlane_ai_agent_3 http://y:40541/
[rosmaster.master][INFO] 2026-05-06 18:31:15,455: -PUB [/vis/agent_7/local_lanes_vis] /onlane_ai_agent_7 http://y:34009/
[rosmaster.master][INFO] 2026-05-06 18:31:15,455: -PUB [/vis/agent_6/ego_behavior_vis] /onlane_ai_agent_6 http://y:44509/
[rosmaster.master][INFO] 2026-05-06 18:31:15,455: -PUB [/vis/agent_9/local_lanes_vis] /onlane_ai_agent_9 http://y:45653/
[rosmaster.master][INFO] 2026-05-06 18:31:15,456: -PUB [/vis/agent_10/ego_behavior_vis] /onlane_ai_agent_10 http://y:45135/
[rosmaster.master][INFO] 2026-05-06 18:31:15,456: -PUB [/vis/agent_3/pred_traj_openloop_vis] /onlane_ai_agent_3 http://y:40541/
[rosmaster.master][INFO] 2026-05-06 18:31:15,456: -PUB [/vis/agent_7/ego_behavior_vis] /onlane_ai_agent_7 http://y:34009/
[rosmaster.master][INFO] 2026-05-06 18:31:15,456: -PUB [/vis/agent_6/pred_traj_openloop_vis] /onlane_ai_agent_6 http://y:44509/
[rosmaster.master][INFO] 2026-05-06 18:31:15,457: -PUB [/vis/agent_9/ego_behavior_vis] /onlane_ai_agent_9 http://y:45653/
[rosmaster.master][INFO] 2026-05-06 18:31:15,457: -PUB [/vis/agent_10/pred_traj_openloop_vis] /onlane_ai_agent_10 http://y:45135/
[rosmaster.master][INFO] 2026-05-06 18:31:15,458: -PUB [/vis/agent_3/pred_initial_intention_vis] /onlane_ai_agent_3 http://y:40541/
[rosmaster.master][INFO] 2026-05-06 18:31:15,458: -PUB [/vis/agent_7/pred_traj_openloop_vis] /onlane_ai_agent_7 http://y:34009/
[rosmaster.master][INFO] 2026-05-06 18:31:15,458: -PUB [/vis/agent_6/pred_initial_intention_vis] /onlane_ai_agent_6 http://y:44509/
[rosmaster.master][INFO] 2026-05-06 18:31:15,459: -PUB [/vis/agent_9/pred_traj_openloop_vis] /onlane_ai_agent_9 http://y:45653/
[rosmaster.master][INFO] 2026-05-06 18:31:15,459: -PUB [/vis/agent_10/pred_initial_intention_vis] /onlane_ai_agent_10 http://y:45135/
[rosmaster.master][INFO] 2026-05-06 18:31:15,460: -PUB [/vis/agent_3/surrounding_vehicle_vis] /onlane_ai_agent_3 http://y:40541/
[rosmaster.master][INFO] 2026-05-06 18:31:15,460: -PUB [/vis/agent_7/pred_initial_intention_vis] /onlane_ai_agent_7 http://y:34009/
[rosmaster.master][INFO] 2026-05-06 18:31:15,460: -PUB [/vis/agent_6/surrounding_vehicle_vis] /onlane_ai_agent_6 http://y:44509/
[rosmaster.master][INFO] 2026-05-06 18:31:15,461: -PUB [/vis/agent_9/pred_initial_intention_vis] /onlane_ai_agent_9 http://y:45653/
[rosmaster.master][INFO] 2026-05-06 18:31:15,461: -PUB [/vis/agent_10/surrounding_vehicle_vis] /onlane_ai_agent_10 http://y:45135/
[rosmaster.master][INFO] 2026-05-06 18:31:15,462: -PUB [/vis/agent_3/speed_limit] /onlane_ai_agent_3 http://y:40541/
[rosmaster.master][INFO] 2026-05-06 18:31:15,463: -PUB [/vis/agent_7/surrounding_vehicle_vis] /onlane_ai_agent_7 http://y:34009/
[rosmaster.master][INFO] 2026-05-06 18:31:15,463: -PUB [/vis/agent_6/speed_limit] /onlane_ai_agent_6 http://y:44509/
[rosmaster.master][INFO] 2026-05-06 18:31:15,463: -PUB [/vis/agent_9/surrounding_vehicle_vis] /onlane_ai_agent_9 http://y:45653/
[rosmaster.master][INFO] 2026-05-06 18:31:15,464: -PUB [/vis/agent_10/speed_limit] /onlane_ai_agent_10 http://y:45135/
[rosmaster.master][INFO] 2026-05-06 18:31:15,464: -PUB [/vis/agent_7/speed_limit] /onlane_ai_agent_7 http://y:34009/
[rosmaster.master][INFO] 2026-05-06 18:31:15,465: -PUB [/vis/agent_3/forward_trajs] /onlane_ai_agent_3 http://y:40541/
[rosmaster.master][INFO] 2026-05-06 18:31:15,466: -PUB [/vis/agent_6/forward_trajs] /onlane_ai_agent_6 http://y:44509/
[rosmaster.master][INFO] 2026-05-06 18:31:15,466: -PUB [/vis/agent_9/speed_limit] /onlane_ai_agent_9 http://y:45653/
[rosmaster.master][INFO] 2026-05-06 18:31:15,467: -PUB [/vis/agent_7/forward_trajs] /onlane_ai_agent_7 http://y:34009/
[rosmaster.master][INFO] 2026-05-06 18:31:15,467: -PUB [/vis/agent_10/forward_trajs] /onlane_ai_agent_10 http://y:45135/
[rosmaster.master][INFO] 2026-05-06 18:31:15,467: -SUB [/arena_info_static] /onlane_ai_agent_3 http://y:40541/
[rosmaster.master][INFO] 2026-05-06 18:31:15,467: -SUB [/arena_info_static] /onlane_ai_agent_6 http://y:44509/
[rosmaster.master][INFO] 2026-05-06 18:31:15,468: -PUB [/vis/agent_9/forward_trajs] /onlane_ai_agent_9 http://y:45653/
[rosmaster.master][INFO] 2026-05-06 18:31:15,468: -SUB [/arena_info_static] /onlane_ai_agent_7 http://y:34009/
[rosmaster.master][INFO] 2026-05-06 18:31:15,469: -SUB [/arena_info_dynamic] /onlane_ai_agent_6 http://y:44509/
[rosmaster.master][INFO] 2026-05-06 18:31:15,469: -SUB [/arena_info_dynamic] /onlane_ai_agent_3 http://y:40541/
[rosmaster.master][INFO] 2026-05-06 18:31:15,469: -SUB [/arena_info_static] /onlane_ai_agent_9 http://y:45653/
[rosmaster.master][INFO] 2026-05-06 18:31:15,469: -SUB [/arena_info_dynamic] /onlane_ai_agent_7 http://y:34009/
[rosmaster.master][INFO] 2026-05-06 18:31:15,470: -SUB [/arena_info_static] /onlane_ai_agent_10 http://y:45135/
[rosmaster.master][INFO] 2026-05-06 18:31:15,470: -SUB [/joy] /onlane_ai_agent_6 http://y:44509/
[rosmaster.master][INFO] 2026-05-06 18:31:15,470: -SUB [/arena_info_dynamic] /onlane_ai_agent_9 http://y:45653/
[rosmaster.master][INFO] 2026-05-06 18:31:15,471: -SUB [/joy] /onlane_ai_agent_7 http://y:34009/
[rosmaster.master][INFO] 2026-05-06 18:31:15,471: -SUB [/joy] /onlane_ai_agent_3 http://y:40541/
[rosmaster.master][INFO] 2026-05-06 18:31:15,471: -SUB [/arena_info_dynamic] /onlane_ai_agent_10 http://y:45135/
[rosmaster.master][INFO] 2026-05-06 18:31:15,471: -SERVICE [/onlane_ai_agent_6/get_loggers] /onlane_ai_agent_6 rosrpc://y:33637
[rosmaster.master][INFO] 2026-05-06 18:31:15,472: -SUB [/joy] /onlane_ai_agent_9 http://y:45653/
[rosmaster.master][INFO] 2026-05-06 18:31:15,472: -SERVICE [/onlane_ai_agent_7/get_loggers] /onlane_ai_agent_7 rosrpc://y:38699
[rosmaster.master][INFO] 2026-05-06 18:31:15,473: -SERVICE [/onlane_ai_agent_3/get_loggers] /onlane_ai_agent_3 rosrpc://y:58505
[rosmaster.master][INFO] 2026-05-06 18:31:15,473: -SUB [/joy] /onlane_ai_agent_10 http://y:45135/
[rosmaster.master][INFO] 2026-05-06 18:31:15,473: -SERVICE [/onlane_ai_agent_6/set_logger_level] /onlane_ai_agent_6 rosrpc://y:33637
[rosmaster.master][INFO] 2026-05-06 18:31:15,474: -SERVICE [/onlane_ai_agent_9/get_loggers] /onlane_ai_agent_9 rosrpc://y:39011
[rosmaster.master][INFO] 2026-05-06 18:31:15,474: -SERVICE [/onlane_ai_agent_7/set_logger_level] /onlane_ai_agent_7 rosrpc://y:38699
[rosmaster.master][INFO] 2026-05-06 18:31:15,474: -SERVICE [/onlane_ai_agent_3/set_logger_level] /onlane_ai_agent_3 rosrpc://y:58505
[rosmaster.master][INFO] 2026-05-06 18:31:15,474: -SERVICE [/onlane_ai_agent_10/get_loggers] /onlane_ai_agent_10 rosrpc://y:58903
[rosmaster.master][INFO] 2026-05-06 18:31:15,474: -SERVICE [/onlane_ai_agent_9/set_logger_level] /onlane_ai_agent_9 rosrpc://y:39011
[rosmaster.master][INFO] 2026-05-06 18:31:15,475: -SERVICE [/onlane_ai_agent_10/set_logger_level] /onlane_ai_agent_10 rosrpc://y:58903
[rosmaster.master][INFO] 2026-05-06 18:31:15,527: -PUB [/rosout] /onlane_ai_agent_4 http://y:44575/
[rosmaster.master][INFO] 2026-05-06 18:31:15,527: -PUB [/rosout] /onlane_ai_agent_2 http://y:38403/
[rosmaster.master][INFO] 2026-05-06 18:31:15,527: -PUB [/ctrl/agent_4] /onlane_ai_agent_4 http://y:44575/
[rosmaster.master][INFO] 2026-05-06 18:31:15,528: -PUB [/ctrl/agent_2] /onlane_ai_agent_2 http://y:38403/
[rosmaster.master][INFO] 2026-05-06 18:31:15,528: -PUB [/tf] /onlane_ai_agent_4 http://y:44575/
[rosmaster.master][INFO] 2026-05-06 18:31:15,528: -PUB [/tf] /onlane_ai_agent_2 http://y:38403/
[rosmaster.master][INFO] 2026-05-06 18:31:15,528: -PUB [/vis/agent_4/ego_vehicle_vis] /onlane_ai_agent_4 http://y:44575/
[rosmaster.master][INFO] 2026-05-06 18:31:15,529: -PUB [/vis/agent_2/ego_vehicle_vis] /onlane_ai_agent_2 http://y:38403/
[rosmaster.master][INFO] 2026-05-06 18:31:15,529: -PUB [/vis/agent_4/obstacle_map] /onlane_ai_agent_4 http://y:44575/
[rosmaster.master][INFO] 2026-05-06 18:31:15,529: -PUB [/vis/agent_2/obstacle_map] /onlane_ai_agent_2 http://y:38403/
[rosmaster.master][INFO] 2026-05-06 18:31:15,529: -PUB [/vis/agent_2/surrounding_lane_net_vis] /onlane_ai_agent_2 http://y:38403/
[rosmaster.master][INFO] 2026-05-06 18:31:15,530: -PUB [/vis/agent_4/surrounding_lane_net_vis] /onlane_ai_agent_4 http://y:44575/
[rosmaster.master][INFO] 2026-05-06 18:31:15,530: -PUB [/rosout] /onlane_ai_agent_5 http://y:46179/
[rosmaster.master][INFO] 2026-05-06 18:31:15,530: -PUB [/vis/agent_2/local_lanes_vis] /onlane_ai_agent_2 http://y:38403/
[rosmaster.master][INFO] 2026-05-06 18:31:15,530: -PUB [/vis/agent_4/local_lanes_vis] /onlane_ai_agent_4 http://y:44575/
[rosmaster.master][INFO] 2026-05-06 18:31:15,530: -PUB [/vis/agent_2/ego_behavior_vis] /onlane_ai_agent_2 http://y:38403/
[rosmaster.master][INFO] 2026-05-06 18:31:15,531: -PUB [/vis/agent_4/ego_behavior_vis] /onlane_ai_agent_4 http://y:44575/
[rosmaster.master][INFO] 2026-05-06 18:31:15,531: -PUB [/ctrl/agent_5] /onlane_ai_agent_5 http://y:46179/
[rosmaster.master][INFO] 2026-05-06 18:31:15,531: -PUB [/vis/agent_2/pred_traj_openloop_vis] /onlane_ai_agent_2 http://y:38403/
[rosmaster.master][INFO] 2026-05-06 18:31:15,531: -PUB [/vis/agent_4/pred_traj_openloop_vis] /onlane_ai_agent_4 http://y:44575/
[rosmaster.master][INFO] 2026-05-06 18:31:15,531: -PUB [/vis/agent_2/pred_initial_intention_vis] /onlane_ai_agent_2 http://y:38403/
[rosmaster.master][INFO] 2026-05-06 18:31:15,532: -PUB [/vis/agent_4/pred_initial_intention_vis] /onlane_ai_agent_4 http://y:44575/
[rosmaster.master][INFO] 2026-05-06 18:31:15,532: -PUB [/vis/agent_2/surrounding_vehicle_vis] /onlane_ai_agent_2 http://y:38403/
[rosmaster.master][INFO] 2026-05-06 18:31:15,532: -PUB [/tf] /onlane_ai_agent_5 http://y:46179/
[rosmaster.master][INFO] 2026-05-06 18:31:15,532: -PUB [/rosout] /onlane_ai_agent_8 http://y:36123/
[rosmaster.master][INFO] 2026-05-06 18:31:15,533: -PUB [/vis/agent_4/surrounding_vehicle_vis] /onlane_ai_agent_4 http://y:44575/
[rosmaster.master][INFO] 2026-05-06 18:31:15,533: -PUB [/vis/agent_2/speed_limit] /onlane_ai_agent_2 http://y:38403/
[rosmaster.master][INFO] 2026-05-06 18:31:15,533: -PUB [/vis/agent_5/ego_vehicle_vis] /onlane_ai_agent_5 http://y:46179/
[rosmaster.master][INFO] 2026-05-06 18:31:15,533: -PUB [/vis/agent_4/speed_limit] /onlane_ai_agent_4 http://y:44575/
[rosmaster.master][INFO] 2026-05-06 18:31:15,533: -PUB [/ctrl/agent_8] /onlane_ai_agent_8 http://y:36123/
[rosmaster.master][INFO] 2026-05-06 18:31:15,534: -PUB [/vis/agent_2/forward_trajs] /onlane_ai_agent_2 http://y:38403/
[rosmaster.master][INFO] 2026-05-06 18:31:15,534: -PUB [/vis/agent_5/obstacle_map] /onlane_ai_agent_5 http://y:46179/
[rosmaster.master][INFO] 2026-05-06 18:31:15,534: -PUB [/vis/agent_4/forward_trajs] /onlane_ai_agent_4 http://y:44575/
[rosmaster.master][INFO] 2026-05-06 18:31:15,534: -PUB [/tf] /onlane_ai_agent_8 http://y:36123/
[rosmaster.master][INFO] 2026-05-06 18:31:15,534: -SUB [/arena_info_static] /onlane_ai_agent_2 http://y:38403/
[rosmaster.master][INFO] 2026-05-06 18:31:15,535: -PUB [/vis/agent_5/surrounding_lane_net_vis] /onlane_ai_agent_5 http://y:46179/
[rosmaster.master][INFO] 2026-05-06 18:31:15,535: -SUB [/arena_info_static] /onlane_ai_agent_4 http://y:44575/
[rosmaster.master][INFO] 2026-05-06 18:31:15,535: -PUB [/vis/agent_8/ego_vehicle_vis] /onlane_ai_agent_8 http://y:36123/
[rosmaster.master][INFO] 2026-05-06 18:31:15,535: -SUB [/arena_info_dynamic] /onlane_ai_agent_2 http://y:38403/
[rosmaster.master][INFO] 2026-05-06 18:31:15,535: -PUB [/vis/agent_5/local_lanes_vis] /onlane_ai_agent_5 http://y:46179/
[rosmaster.master][INFO] 2026-05-06 18:31:15,536: -SUB [/arena_info_dynamic] /onlane_ai_agent_4 http://y:44575/
[rosmaster.master][INFO] 2026-05-06 18:31:15,536: -PUB [/vis/agent_8/obstacle_map] /onlane_ai_agent_8 http://y:36123/
[rosmaster.master][INFO] 2026-05-06 18:31:15,536: -SUB [/joy] /onlane_ai_agent_2 http://y:38403/
[rosmaster.master][INFO] 2026-05-06 18:31:15,536: -PUB [/vis/agent_5/ego_behavior_vis] /onlane_ai_agent_5 http://y:46179/
[rosmaster.master][INFO] 2026-05-06 18:31:15,537: -SUB [/joy] /onlane_ai_agent_4 http://y:44575/
[rosmaster.master][INFO] 2026-05-06 18:31:15,537: -PUB [/vis/agent_8/surrounding_lane_net_vis] /onlane_ai_agent_8 http://y:36123/
[rosmaster.master][INFO] 2026-05-06 18:31:15,537: -SERVICE [/onlane_ai_agent_2/get_loggers] /onlane_ai_agent_2 rosrpc://y:51483
[rosmaster.master][INFO] 2026-05-06 18:31:15,537: -PUB [/vis/agent_5/pred_traj_openloop_vis] /onlane_ai_agent_5 http://y:46179/
[rosmaster.master][INFO] 2026-05-06 18:31:15,537: -SERVICE [/onlane_ai_agent_4/get_loggers] /onlane_ai_agent_4 rosrpc://y:48121
[rosmaster.master][INFO] 2026-05-06 18:31:15,538: -PUB [/vis/agent_8/local_lanes_vis] /onlane_ai_agent_8 http://y:36123/
[rosmaster.master][INFO] 2026-05-06 18:31:15,538: -SERVICE [/onlane_ai_agent_2/set_logger_level] /onlane_ai_agent_2 rosrpc://y:51483
[rosmaster.master][INFO] 2026-05-06 18:31:15,538: -PUB [/vis/agent_5/pred_initial_intention_vis] /onlane_ai_agent_5 http://y:46179/
[rosmaster.master][INFO] 2026-05-06 18:31:15,538: -SERVICE [/onlane_ai_agent_4/set_logger_level] /onlane_ai_agent_4 rosrpc://y:48121
[rosmaster.master][INFO] 2026-05-06 18:31:15,538: -PUB [/vis/agent_8/ego_behavior_vis] /onlane_ai_agent_8 http://y:36123/
[rosmaster.master][INFO] 2026-05-06 18:31:15,538: -PUB [/vis/agent_5/surrounding_vehicle_vis] /onlane_ai_agent_5 http://y:46179/
[rosmaster.master][INFO] 2026-05-06 18:31:15,539: -PUB [/vis/agent_8/pred_traj_openloop_vis] /onlane_ai_agent_8 http://y:36123/
[rosmaster.master][INFO] 2026-05-06 18:31:15,539: -PUB [/vis/agent_5/speed_limit] /onlane_ai_agent_5 http://y:46179/
[rosmaster.master][INFO] 2026-05-06 18:31:15,539: -PUB [/vis/agent_8/pred_initial_intention_vis] /onlane_ai_agent_8 http://y:36123/
[rosmaster.master][INFO] 2026-05-06 18:31:15,539: -PUB [/vis/agent_5/forward_trajs] /onlane_ai_agent_5 http://y:46179/
[rosmaster.master][INFO] 2026-05-06 18:31:15,539: -PUB [/vis/agent_8/surrounding_vehicle_vis] /onlane_ai_agent_8 http://y:36123/
[rosmaster.master][INFO] 2026-05-06 18:31:15,539: -SUB [/arena_info_static] /onlane_ai_agent_5 http://y:46179/
[rosmaster.master][INFO] 2026-05-06 18:31:15,540: -PUB [/vis/agent_8/speed_limit] /onlane_ai_agent_8 http://y:36123/
[rosmaster.master][INFO] 2026-05-06 18:31:15,540: -SUB [/arena_info_dynamic] /onlane_ai_agent_5 http://y:46179/
[rosmaster.master][INFO] 2026-05-06 18:31:15,540: -PUB [/vis/agent_8/forward_trajs] /onlane_ai_agent_8 http://y:36123/
[rosmaster.master][INFO] 2026-05-06 18:31:15,540: -SUB [/joy] /onlane_ai_agent_5 http://y:46179/
[rosmaster.master][INFO] 2026-05-06 18:31:15,540: -SUB [/arena_info_static] /onlane_ai_agent_8 http://y:36123/
[rosmaster.master][INFO] 2026-05-06 18:31:15,540: -SERVICE [/onlane_ai_agent_5/get_loggers] /onlane_ai_agent_5 rosrpc://y:51467
[rosmaster.master][INFO] 2026-05-06 18:31:15,541: publisherUpdate[/rosout] -> http://y:34177/ ['http://y:36293/', 'http://y:33619/', 'http://y:38403/', 'http://y:36123/', 'http://y:46179/', 'http://y:45337/']
[rosmaster.master][INFO] 2026-05-06 18:31:15,541: -SUB [/arena_info_dynamic] /onlane_ai_agent_8 http://y:36123/
[rosmaster.master][INFO] 2026-05-06 18:31:15,541: -SERVICE [/onlane_ai_agent_5/set_logger_level] /onlane_ai_agent_5 rosrpc://y:51467
[rosmaster.master][INFO] 2026-05-06 18:31:15,541: -SUB [/joy] /onlane_ai_agent_8 http://y:36123/
[rosmaster.master][INFO] 2026-05-06 18:31:15,541: publisherUpdate[/rosout] -> http://y:34177/ ['http://y:36293/', 'http://y:33619/', 'http://y:38403/', 'http://y:36123/', 'http://y:46179/', 'http://y:45337/']: sec=0.00, result=[1, '', 0]
[rosmaster.master][INFO] 2026-05-06 18:31:15,541: -SERVICE [/onlane_ai_agent_8/get_loggers] /onlane_ai_agent_8 rosrpc://y:57053
[rosmaster.master][INFO] 2026-05-06 18:31:15,542: publisherUpdate[/rosout] -> http://y:34177/ ['http://y:36293/', 'http://y:33619/', 'http://y:36123/', 'http://y:46179/', 'http://y:45337/']
[rosmaster.master][INFO] 2026-05-06 18:31:15,542: -SERVICE [/onlane_ai_agent_8/set_logger_level] /onlane_ai_agent_8 rosrpc://y:57053
[rosmaster.master][INFO] 2026-05-06 18:31:15,542: publisherUpdate[/rosout] -> http://y:34177/ ['http://y:36293/', 'http://y:33619/', 'http://y:36123/', 'http://y:46179/', 'http://y:45337/']: sec=0.00, result=[1, '', 0]
[rosmaster.master][INFO] 2026-05-06 18:31:15,542: publisherUpdate[/ctrl/agent_4] -> http://y:45337/ []
[rosmaster.master][INFO] 2026-05-06 18:31:15,543: -PUB [/rosout] /phy_simulator_planning_node http://y:45337/
[rosmaster.master][INFO] 2026-05-06 18:31:15,543: -PUB [/arena_info_static] /phy_simulator_planning_node http://y:45337/
[rosmaster.master][INFO] 2026-05-06 18:31:15,544: -PUB [/arena_info_dynamic] /phy_simulator_planning_node http://y:45337/
[rosmaster.master][INFO] 2026-05-06 18:31:15,544: -PUB [/phy_simulator_planning_node/vis/vehicle_set_vis] /phy_simulator_planning_node http://y:45337/
[rosmaster.master][INFO] 2026-05-06 18:31:15,544: publisherUpdate[/rosout] -> http://y:34177/ ['http://y:36293/', 'http://y:33619/', 'http://y:36123/', 'http://y:45337/']
[rosmaster.master][INFO] 2026-05-06 18:31:15,545: -PUB [/phy_simulator_planning_node/vis/lane_net_vis] /phy_simulator_planning_node http://y:45337/
[rosmaster.master][INFO] 2026-05-06 18:31:15,545: -PUB [/phy_simulator_planning_node/vis/obstacle_set_vis] /phy_simulator_planning_node http://y:45337/
[rosmaster.master][INFO] 2026-05-06 18:31:15,545: publisherUpdate[/rosout] -> http://y:34177/ ['http://y:36293/', 'http://y:33619/', 'http://y:36123/', 'http://y:45337/']: sec=0.00, result=[1, '', 0]
[rosmaster.master][INFO] 2026-05-06 18:31:15,545: publisherUpdate[/rosout] -> http://y:34177/ ['http://y:36293/', 'http://y:33619/', 'http://y:45337/']
[rosmaster.master][INFO] 2026-05-06 18:31:15,545: -SUB [/ctrl/agent_10] /phy_simulator_planning_node http://y:45337/
[rosmaster.master][INFO] 2026-05-06 18:31:15,546: publisherUpdate[/rosout] -> http://y:34177/ ['http://y:36293/', 'http://y:33619/', 'http://y:45337/']: sec=0.00, result=[1, '', 0]
[rosmaster.master][INFO] 2026-05-06 18:31:15,546: publisherUpdate[/rosout] -> http://y:34177/ ['http://y:36293/', 'http://y:33619/']
[rosmaster.master][INFO] 2026-05-06 18:31:15,546: -SUB [/ctrl/agent_9] /phy_simulator_planning_node http://y:45337/
[rosmaster.master][INFO] 2026-05-06 18:31:15,546: publisherUpdate[/rosout] -> http://y:34177/ ['http://y:36293/', 'http://y:33619/']: sec=0.00, result=[1, '', 0]
[rosmaster.master][INFO] 2026-05-06 18:31:15,546: publisherUpdate[/arena_info_static] -> http://y:36293/ []
[rosmaster.master][INFO] 2026-05-06 18:31:15,547: -SUB [/ctrl/agent_8] /phy_simulator_planning_node http://y:45337/
[rosmaster.master][INFO] 2026-05-06 18:31:15,547: -SUB [/ctrl/agent_7] /phy_simulator_planning_node http://y:45337/
[rosmaster.master][INFO] 2026-05-06 18:31:15,547: publisherUpdate[/arena_info_static] -> http://y:36293/ []: sec=0.00, result=[1, '', 0]
[rosmaster.master][INFO] 2026-05-06 18:31:15,547: publisherUpdate[/arena_info_static] -> http://y:33619/ []
[rosmaster.master][INFO] 2026-05-06 18:31:15,547: -SUB [/ctrl/agent_6] /phy_simulator_planning_node http://y:45337/
[rosmaster.master][INFO] 2026-05-06 18:31:15,548: -SUB [/ctrl/agent_5] /phy_simulator_planning_node http://y:45337/
[rosmaster.master][INFO] 2026-05-06 18:31:15,548: publisherUpdate[/arena_info_static] -> http://y:33619/ []: sec=0.00, result=[1, '', 0]
[rosmaster.master][INFO] 2026-05-06 18:31:15,548: publisherUpdate[/arena_info_dynamic] -> http://y:36293/ []
[rosmaster.master][INFO] 2026-05-06 18:31:15,548: -SUB [/ctrl/agent_4] /phy_simulator_planning_node http://y:45337/
[rosmaster.master][INFO] 2026-05-06 18:31:15,548: publisherUpdate[/arena_info_dynamic] -> http://y:36293/ []: sec=0.00, result=[1, '', 0]
[rosmaster.master][INFO] 2026-05-06 18:31:15,548: publisherUpdate[/arena_info_dynamic] -> http://y:33619/ []
[rosmaster.master][INFO] 2026-05-06 18:31:15,549: -SUB [/ctrl/agent_3] /phy_simulator_planning_node http://y:45337/
[rosmaster.master][INFO] 2026-05-06 18:31:15,549: publisherUpdate[/arena_info_dynamic] -> http://y:33619/ []: sec=0.00, result=[1, '', 0]
[rosmaster.master][INFO] 2026-05-06 18:31:15,549: -SUB [/ctrl/agent_2] /phy_simulator_planning_node http://y:45337/
[rosmaster.master][INFO] 2026-05-06 18:31:15,549: -SUB [/ctrl/agent_1] /phy_simulator_planning_node http://y:45337/
[rosmaster.master][INFO] 2026-05-06 18:31:15,550: -SUB [/ctrl/agent_0] /phy_simulator_planning_node http://y:45337/
[rosmaster.master][INFO] 2026-05-06 18:31:15,550: -SUB [/initialpose] /phy_simulator_planning_node http://y:45337/
[rosmaster.master][INFO] 2026-05-06 18:31:15,550: -SUB [/move_base_simple/goal] /phy_simulator_planning_node http://y:45337/
[rosmaster.master][INFO] 2026-05-06 18:31:15,550: -SERVICE [/phy_simulator_planning_node/get_loggers] /phy_simulator_planning_node rosrpc://y:46699
[rosmaster.master][INFO] 2026-05-06 18:31:15,551: -SERVICE [/phy_simulator_planning_node/set_logger_level] /phy_simulator_planning_node rosrpc://y:46699
[rosmaster.master][INFO] 2026-05-06 18:31:15,554: publisherUpdate[/ctrl/agent_4] -> http://y:45337/ []: sec=0.01, exception=[Errno 111] Connection refused
[rosmaster.threadpool][ERROR] 2026-05-06 18:31:15,555: Traceback (most recent call last):
  File "/opt/ros/noetic/lib/python3/dist-packages/rosmaster/threadpool.py", line 218, in run
    result = cmd(*args)
  File "/opt/ros/noetic/lib/python3/dist-packages/rosmaster/master_api.py", line 210, in publisher_update_task
    ret = xmlrpcapi(api).publisherUpdate('/master', topic, pub_uris)
  File "/usr/lib/python3.8/xmlrpc/client.py", line 1109, in __call__
    return self.__send(self.__name, args)
  File "/usr/lib/python3.8/xmlrpc/client.py", line 1450, in __request
    response = self.__transport.request(
  File "/usr/lib/python3.8/xmlrpc/client.py", line 1153, in request
    return self.single_request(host, handler, request_body, verbose)
  File "/usr/lib/python3.8/xmlrpc/client.py", line 1165, in single_request
    http_conn = self.send_request(host, handler, request_body, verbose)
  File "/usr/lib/python3.8/xmlrpc/client.py", line 1278, in send_request
    self.send_content(connection, request_body)
  File "/usr/lib/python3.8/xmlrpc/client.py", line 1308, in send_content
    connection.endheaders(request_body)
  File "/usr/lib/python3.8/http/client.py", line 1251, in endheaders
    self._send_output(message_body, encode_chunked=encode_chunked)
  File "/usr/lib/python3.8/http/client.py", line 1011, in _send_output
    self.send(msg)
  File "/usr/lib/python3.8/http/client.py", line 951, in send
    self.connect()
  File "/usr/lib/python3.8/http/client.py", line 922, in connect
    self.sock = self._create_connection(
  File "/usr/lib/python3.8/socket.py", line 808, in create_connection
    raise err
  File "/usr/lib/python3.8/socket.py", line 796, in create_connection
    sock.connect(sa)
ConnectionRefusedError: [Errno 111] Connection refused

[rosmaster.master][INFO] 2026-05-06 18:31:15,555: publisherUpdate[/ctrl/agent_2] -> http://y:45337/ []
[rosmaster.master][INFO] 2026-05-06 18:31:15,555: publisherUpdate[/ctrl/agent_2] -> http://y:45337/ []: sec=0.00, exception=[Errno 111] Connection refused
[rosmaster.threadpool][ERROR] 2026-05-06 18:31:15,555: Traceback (most recent call last):
  File "/opt/ros/noetic/lib/python3/dist-packages/rosmaster/threadpool.py", line 218, in run
    result = cmd(*args)
  File "/opt/ros/noetic/lib/python3/dist-packages/rosmaster/master_api.py", line 210, in publisher_update_task
    ret = xmlrpcapi(api).publisherUpdate('/master', topic, pub_uris)
  File "/usr/lib/python3.8/xmlrpc/client.py", line 1109, in __call__
    return self.__send(self.__name, args)
  File "/usr/lib/python3.8/xmlrpc/client.py", line 1450, in __request
    response = self.__transport.request(
  File "/usr/lib/python3.8/xmlrpc/client.py", line 1153, in request
    return self.single_request(host, handler, request_body, verbose)
  File "/usr/lib/python3.8/xmlrpc/client.py", line 1165, in single_request
    http_conn = self.send_request(host, handler, request_body, verbose)
  File "/usr/lib/python3.8/xmlrpc/client.py", line 1278, in send_request
    self.send_content(connection, request_body)
  File "/usr/lib/python3.8/xmlrpc/client.py", line 1308, in send_content
    connection.endheaders(request_body)
  File "/usr/lib/python3.8/http/client.py", line 1251, in endheaders
    self._send_output(message_body, encode_chunked=encode_chunked)
  File "/usr/lib/python3.8/http/client.py", line 1011, in _send_output
    self.send(msg)
  File "/usr/lib/python3.8/http/client.py", line 951, in send
    self.connect()
  File "/usr/lib/python3.8/http/client.py", line 922, in connect
    self.sock = self._create_connection(
  File "/usr/lib/python3.8/socket.py", line 808, in create_connection
    raise err
  File "/usr/lib/python3.8/socket.py", line 796, in create_connection
    sock.connect(sa)
ConnectionRefusedError: [Errno 111] Connection refused

[rosmaster.master][INFO] 2026-05-06 18:31:15,555: publisherUpdate[/ctrl/agent_5] -> http://y:45337/ []
[rosmaster.master][INFO] 2026-05-06 18:31:15,556: publisherUpdate[/ctrl/agent_5] -> http://y:45337/ []: sec=0.00, exception=[Errno 111] Connection refused
[rosmaster.threadpool][ERROR] 2026-05-06 18:31:15,556: Traceback (most recent call last):
  File "/opt/ros/noetic/lib/python3/dist-packages/rosmaster/threadpool.py", line 218, in run
    result = cmd(*args)
  File "/opt/ros/noetic/lib/python3/dist-packages/rosmaster/master_api.py", line 210, in publisher_update_task
    ret = xmlrpcapi(api).publisherUpdate('/master', topic, pub_uris)
  File "/usr/lib/python3.8/xmlrpc/client.py", line 1109, in __call__
    return self.__send(self.__name, args)
  File "/usr/lib/python3.8/xmlrpc/client.py", line 1450, in __request
    response = self.__transport.request(
  File "/usr/lib/python3.8/xmlrpc/client.py", line 1153, in request
    return self.single_request(host, handler, request_body, verbose)
  File "/usr/lib/python3.8/xmlrpc/client.py", line 1165, in single_request
    http_conn = self.send_request(host, handler, request_body, verbose)
  File "/usr/lib/python3.8/xmlrpc/client.py", line 1278, in send_request
    self.send_content(connection, request_body)
  File "/usr/lib/python3.8/xmlrpc/client.py", line 1308, in send_content
    connection.endheaders(request_body)
  File "/usr/lib/python3.8/http/client.py", line 1251, in endheaders
    self._send_output(message_body, encode_chunked=encode_chunked)
  File "/usr/lib/python3.8/http/client.py", line 1011, in _send_output
    self.send(msg)
  File "/usr/lib/python3.8/http/client.py", line 951, in send
    self.connect()
  File "/usr/lib/python3.8/http/client.py", line 922, in connect
    self.sock = self._create_connection(
  File "/usr/lib/python3.8/socket.py", line 808, in create_connection
    raise err
  File "/usr/lib/python3.8/socket.py", line 796, in create_connection
    sock.connect(sa)
ConnectionRefusedError: [Errno 111] Connection refused

[rosmaster.master][INFO] 2026-05-06 18:31:15,556: publisherUpdate[/ctrl/agent_8] -> http://y:45337/ []
[rosmaster.master][INFO] 2026-05-06 18:31:15,556: publisherUpdate[/ctrl/agent_8] -> http://y:45337/ []: sec=0.00, exception=[Errno 111] Connection refused
[rosmaster.threadpool][ERROR] 2026-05-06 18:31:15,556: Traceback (most recent call last):
  File "/opt/ros/noetic/lib/python3/dist-packages/rosmaster/threadpool.py", line 218, in run
    result = cmd(*args)
  File "/opt/ros/noetic/lib/python3/dist-packages/rosmaster/master_api.py", line 210, in publisher_update_task
    ret = xmlrpcapi(api).publisherUpdate('/master', topic, pub_uris)
  File "/usr/lib/python3.8/xmlrpc/client.py", line 1109, in __call__
    return self.__send(self.__name, args)
  File "/usr/lib/python3.8/xmlrpc/client.py", line 1450, in __request
    response = self.__transport.request(
  File "/usr/lib/python3.8/xmlrpc/client.py", line 1153, in request
    return self.single_request(host, handler, request_body, verbose)
  File "/usr/lib/python3.8/xmlrpc/client.py", line 1165, in single_request
    http_conn = self.send_request(host, handler, request_body, verbose)
  File "/usr/lib/python3.8/xmlrpc/client.py", line 1278, in send_request
    self.send_content(connection, request_body)
  File "/usr/lib/python3.8/xmlrpc/client.py", line 1308, in send_content
    connection.endheaders(request_body)
  File "/usr/lib/python3.8/http/client.py", line 1251, in endheaders
    self._send_output(message_body, encode_chunked=encode_chunked)
  File "/usr/lib/python3.8/http/client.py", line 1011, in _send_output
    self.send(msg)
  File "/usr/lib/python3.8/http/client.py", line 951, in send
    self.connect()
  File "/usr/lib/python3.8/http/client.py", line 922, in connect
    self.sock = self._create_connection(
  File "/usr/lib/python3.8/socket.py", line 808, in create_connection
    raise err
  File "/usr/lib/python3.8/socket.py", line 796, in create_connection
    sock.connect(sa)
ConnectionRefusedError: [Errno 111] Connection refused

[rosmaster.master][INFO] 2026-05-06 18:31:15,649: -PUB [/rosout] /onlane_ai_agent_1 http://y:36293/
[rosmaster.master][INFO] 2026-05-06 18:31:15,649: -PUB [/rosout] /test_ssc_with_mpdm_0 http://y:33619/
[rosmaster.master][INFO] 2026-05-06 18:31:15,649: publisherUpdate[/rosout] -> http://y:34177/ ['http://y:33619/']
[rosmaster.master][INFO] 2026-05-06 18:31:15,650: -PUB [/ctrl/agent_1] /onlane_ai_agent_1 http://y:36293/
[rosmaster.master][INFO] 2026-05-06 18:31:15,650: -PUB [/tf] /test_ssc_with_mpdm_0 http://y:33619/
[rosmaster.master][INFO] 2026-05-06 18:31:15,651: publisherUpdate[/rosout] -> http://y:34177/ ['http://y:33619/']: sec=0.00, result=[1, '', 0]
[rosmaster.master][INFO] 2026-05-06 18:31:15,651: publisherUpdate[/rosout] -> http://y:34177/ []
[rosmaster.master][INFO] 2026-05-06 18:31:15,651: -PUB [/tf] /onlane_ai_agent_1 http://y:36293/
[rosmaster.master][INFO] 2026-05-06 18:31:15,652: -PUB [/vis/agent_0/ego_vehicle_vis] /test_ssc_with_mpdm_0 http://y:33619/
[rosmaster.master][INFO] 2026-05-06 18:31:15,652: -PUB [/vis/agent_1/ego_vehicle_vis] /onlane_ai_agent_1 http://y:36293/
[rosmaster.master][INFO] 2026-05-06 18:31:15,652: publisherUpdate[/rosout] -> http://y:34177/ []: sec=0.00, result=[1, '', 0]
[rosmaster.master][INFO] 2026-05-06 18:31:15,653: -PUB [/vis/agent_0/obstacle_map] /test_ssc_with_mpdm_0 http://y:33619/
[rosmaster.master][INFO] 2026-05-06 18:31:15,653: -PUB [/vis/agent_1/obstacle_map] /onlane_ai_agent_1 http://y:36293/
[rosmaster.master][INFO] 2026-05-06 18:31:15,653: -PUB [/vis/agent_0/surrounding_lane_net_vis] /test_ssc_with_mpdm_0 http://y:33619/
[rosmaster.master][INFO] 2026-05-06 18:31:15,654: -PUB [/vis/agent_1/surrounding_lane_net_vis] /onlane_ai_agent_1 http://y:36293/
[rosmaster.master][INFO] 2026-05-06 18:31:15,654: -PUB [/vis/agent_0/local_lanes_vis] /test_ssc_with_mpdm_0 http://y:33619/
[rosmaster.master][INFO] 2026-05-06 18:31:15,654: -PUB [/vis/agent_1/local_lanes_vis] /onlane_ai_agent_1 http://y:36293/
[rosmaster.master][INFO] 2026-05-06 18:31:15,654: -PUB [/vis/agent_0/ego_behavior_vis] /test_ssc_with_mpdm_0 http://y:33619/
[rosmaster.master][INFO] 2026-05-06 18:31:15,655: -PUB [/vis/agent_1/ego_behavior_vis] /onlane_ai_agent_1 http://y:36293/
[rosmaster.master][INFO] 2026-05-06 18:31:15,655: -PUB [/vis/agent_0/pred_traj_openloop_vis] /test_ssc_with_mpdm_0 http://y:33619/
[rosmaster.master][INFO] 2026-05-06 18:31:15,655: -PUB [/vis/agent_1/pred_traj_openloop_vis] /onlane_ai_agent_1 http://y:36293/
[rosmaster.master][INFO] 2026-05-06 18:31:15,655: -PUB [/vis/agent_0/pred_initial_intention_vis] /test_ssc_with_mpdm_0 http://y:33619/
[rosmaster.master][INFO] 2026-05-06 18:31:15,656: -PUB [/vis/agent_1/pred_initial_intention_vis] /onlane_ai_agent_1 http://y:36293/
[rosmaster.master][INFO] 2026-05-06 18:31:15,656: -PUB [/vis/agent_0/surrounding_vehicle_vis] /test_ssc_with_mpdm_0 http://y:33619/
[rosmaster.master][INFO] 2026-05-06 18:31:15,656: -PUB [/vis/agent_1/surrounding_vehicle_vis] /onlane_ai_agent_1 http://y:36293/
[rosmaster.master][INFO] 2026-05-06 18:31:15,656: -PUB [/vis/agent_0/speed_limit] /test_ssc_with_mpdm_0 http://y:33619/
[rosmaster.master][INFO] 2026-05-06 18:31:15,657: -PUB [/vis/agent_1/speed_limit] /onlane_ai_agent_1 http://y:36293/
[rosmaster.master][INFO] 2026-05-06 18:31:15,657: -PUB [/vis/agent_0/ssc/map_vis] /test_ssc_with_mpdm_0 http://y:33619/
[rosmaster.master][INFO] 2026-05-06 18:31:15,657: -PUB [/vis/agent_1/forward_trajs] /onlane_ai_agent_1 http://y:36293/
[rosmaster.master][INFO] 2026-05-06 18:31:15,658: -PUB [/vis/agent_0/ssc/qp_vis] /test_ssc_with_mpdm_0 http://y:33619/
[rosmaster.master][INFO] 2026-05-06 18:31:15,658: -SUB [/arena_info_static] /onlane_ai_agent_1 http://y:36293/
[rosmaster.master][INFO] 2026-05-06 18:31:15,658: -PUB [/vis/agent_0/ssc/ego_fs_vis] /test_ssc_with_mpdm_0 http://y:33619/
[rosmaster.master][INFO] 2026-05-06 18:31:15,659: -SUB [/arena_info_dynamic] /onlane_ai_agent_1 http://y:36293/
[rosmaster.master][INFO] 2026-05-06 18:31:15,659: -PUB [/vis/agent_0/ssc/forward_trajs_vis] /test_ssc_with_mpdm_0 http://y:33619/
[rosmaster.master][INFO] 2026-05-06 18:31:15,659: -SUB [/joy] /onlane_ai_agent_1 http://y:36293/
[rosmaster.master][INFO] 2026-05-06 18:31:15,660: -PUB [/vis/agent_0/ssc/sur_vehicle_trajs_vis] /test_ssc_with_mpdm_0 http://y:33619/
[rosmaster.master][INFO] 2026-05-06 18:31:15,660: -SERVICE [/onlane_ai_agent_1/get_loggers] /onlane_ai_agent_1 rosrpc://y:51003
[rosmaster.master][INFO] 2026-05-06 18:31:15,660: -PUB [/vis/agent_0/ssc/corridor_vis] /test_ssc_with_mpdm_0 http://y:33619/
[rosmaster.master][INFO] 2026-05-06 18:31:15,661: -SERVICE [/onlane_ai_agent_1/set_logger_level] /onlane_ai_agent_1 rosrpc://y:51003
[rosmaster.master][INFO] 2026-05-06 18:31:15,661: -PUB [/ctrl/agent_0] /test_ssc_with_mpdm_0 http://y:33619/
[rosmaster.master][INFO] 2026-05-06 18:31:15,661: -PUB [/test_ssc_with_mpdm_0/ssc_map] /test_ssc_with_mpdm_0 http://y:33619/
[rosmaster.master][INFO] 2026-05-06 18:31:15,662: -PUB [/vis/agent_0/ssc/exec_traj] /test_ssc_with_mpdm_0 http://y:33619/
[rosmaster.master][INFO] 2026-05-06 18:31:15,662: -PUB [/vis/agent_0/forward_trajs] /test_ssc_with_mpdm_0 http://y:33619/
[rosmaster.master][INFO] 2026-05-06 18:31:15,663: -SUB [/joy] /test_ssc_with_mpdm_0 http://y:33619/
[rosmaster.master][INFO] 2026-05-06 18:31:15,663: -SUB [/arena_info_static] /test_ssc_with_mpdm_0 http://y:33619/
[rosmaster.master][INFO] 2026-05-06 18:31:15,663: -SUB [/arena_info_dynamic] /test_ssc_with_mpdm_0 http://y:33619/
[rosmaster.master][INFO] 2026-05-06 18:31:15,663: -SERVICE [/test_ssc_with_mpdm_0/get_loggers] /test_ssc_with_mpdm_0 rosrpc://y:55915
[rosmaster.master][INFO] 2026-05-06 18:31:15,664: -SERVICE [/test_ssc_with_mpdm_0/set_logger_level] /test_ssc_with_mpdm_0 rosrpc://y:55915
[rosmaster.master][INFO] 2026-05-06 18:31:16,053: -PUB [/rosout_agg] /rosout http://y:34177/
[rosmaster.master][INFO] 2026-05-06 18:31:16,053: -SUB [/rosout] /rosout http://y:34177/
[rosmaster.master][INFO] 2026-05-06 18:31:16,053: -SERVICE [/rosout/get_loggers] /rosout rosrpc://y:51851
[rosmaster.master][INFO] 2026-05-06 18:31:16,054: -SERVICE [/rosout/set_logger_level] /rosout rosrpc://y:51851
[rosmaster.main][INFO] 2026-05-06 18:31:16,152: keyboard interrupt, will exit
[rosmaster.main][INFO] 2026-05-06 18:31:16,152: stopping master...
[rospy.core][INFO] 2026-05-06 18:31:16,152: signal_shutdown [atexit]
