[rosmaster.main][INFO] 2026-05-06 19:35:05,767: initialization complete, waiting for shutdown
[rosmaster.main][INFO] 2026-05-06 19:35:05,767: Starting ROS Master Node
[xmlrpc][INFO] 2026-05-06 19:35:05,772: XML-RPC server binding to 0.0.0.0:11311
[xmlrpc][INFO] 2026-05-06 19:35:05,772: Started XML-RPC server [http://y:11311/]
[rosmaster.master][INFO] 2026-05-06 19:35:05,772: Master initialized: port[11311], uri[http://y:11311/]
[xmlrpc][INFO] 2026-05-06 19:35:05,772: xml rpc node: starting XML-RPC server
[rosmaster.master][INFO] 2026-05-06 19:35:05,777: +PARAM [/run_id] by /roslaunch
[rosmaster.master][INFO] 2026-05-06 19:35:05,777: +PARAM [/roslaunch/uris/host_y__46019] by /roslaunch
[rosmaster.master][INFO] 2026-05-06 19:35:05,801: +PARAM [/rosversion] by /roslaunch
[rosmaster.master][INFO] 2026-05-06 19:35:05,801: +PARAM [/rosdistro] by /roslaunch
[rosmaster.master][INFO] 2026-05-06 19:35:05,801: +PARAM [/test_ssc_with_mpdm_0/ego_id] by /roslaunch
[rosmaster.master][INFO] 2026-05-06 19:35:05,801: +PARAM [/test_ssc_with_mpdm_0/agent_config_path] by /roslaunch
[rosmaster.master][INFO] 2026-05-06 19:35:05,801: +PARAM [/test_ssc_with_mpdm_0/ssc_config_path] by /roslaunch
[rosmaster.master][INFO] 2026-05-06 19:35:05,801: +PARAM [/test_ssc_with_mpdm_0/desired_vel] by /roslaunch
[rosmaster.master][INFO] 2026-05-06 19:35:05,801: +PARAM [/test_ssc_with_mpdm_0/use_sim_state] by /roslaunch
[rosmaster.master][INFO] 2026-05-06 19:35:05,801: +PARAM [/onlane_ai_agent_1/ego_id] by /roslaunch
[rosmaster.master][INFO] 2026-05-06 19:35:05,801: +PARAM [/onlane_ai_agent_1/agent_config_path] by /roslaunch
[rosmaster.master][INFO] 2026-05-06 19:35:05,801: +PARAM [/onlane_ai_agent_1/desired_vel] by /roslaunch
[rosmaster.master][INFO] 2026-05-06 19:35:05,801: +PARAM [/onlane_ai_agent_1/autonomous_level] by /roslaunch
[rosmaster.master][INFO] 2026-05-06 19:35:05,801: +PARAM [/onlane_ai_agent_1/aggressiveness_level] by /roslaunch
[rosmaster.master][INFO] 2026-05-06 19:35:05,801: +PARAM [/onlane_ai_agent_2/ego_id] by /roslaunch
[rosmaster.master][INFO] 2026-05-06 19:35:05,801: +PARAM [/onlane_ai_agent_2/agent_config_path] by /roslaunch
[rosmaster.master][INFO] 2026-05-06 19:35:05,801: +PARAM [/onlane_ai_agent_2/desired_vel] by /roslaunch
[rosmaster.master][INFO] 2026-05-06 19:35:05,801: +PARAM [/onlane_ai_agent_2/autonomous_level] by /roslaunch
[rosmaster.master][INFO] 2026-05-06 19:35:05,801: +PARAM [/onlane_ai_agent_2/aggressiveness_level] by /roslaunch
[rosmaster.master][INFO] 2026-05-06 19:35:05,801: +PARAM [/onlane_ai_agent_3/ego_id] by /roslaunch
[rosmaster.master][INFO] 2026-05-06 19:35:05,801: +PARAM [/onlane_ai_agent_3/agent_config_path] by /roslaunch
[rosmaster.master][INFO] 2026-05-06 19:35:05,801: +PARAM [/onlane_ai_agent_3/desired_vel] by /roslaunch
[rosmaster.master][INFO] 2026-05-06 19:35:05,801: +PARAM [/onlane_ai_agent_3/autonomous_level] by /roslaunch
[rosmaster.master][INFO] 2026-05-06 19:35:05,801: +PARAM [/onlane_ai_agent_3/aggressiveness_level] by /roslaunch
[rosmaster.master][INFO] 2026-05-06 19:35:05,801: +PARAM [/onlane_ai_agent_4/ego_id] by /roslaunch
[rosmaster.master][INFO] 2026-05-06 19:35:05,801: +PARAM [/onlane_ai_agent_4/agent_config_path] by /roslaunch
[rosmaster.master][INFO] 2026-05-06 19:35:05,801: +PARAM [/onlane_ai_agent_4/desired_vel] by /roslaunch
[rosmaster.master][INFO] 2026-05-06 19:35:05,802: +PARAM [/onlane_ai_agent_4/autonomous_level] by /roslaunch
[rosmaster.master][INFO] 2026-05-06 19:35:05,802: +PARAM [/onlane_ai_agent_4/aggressiveness_level] by /roslaunch
[rosmaster.master][INFO] 2026-05-06 19:35:05,802: +PARAM [/onlane_ai_agent_5/ego_id] by /roslaunch
[rosmaster.master][INFO] 2026-05-06 19:35:05,802: +PARAM [/onlane_ai_agent_5/agent_config_path] by /roslaunch
[rosmaster.master][INFO] 2026-05-06 19:35:05,802: +PARAM [/onlane_ai_agent_5/desired_vel] by /roslaunch
[rosmaster.master][INFO] 2026-05-06 19:35:05,802: +PARAM [/onlane_ai_agent_5/autonomous_level] by /roslaunch
[rosmaster.master][INFO] 2026-05-06 19:35:05,802: +PARAM [/onlane_ai_agent_5/aggressiveness_level] by /roslaunch
[rosmaster.master][INFO] 2026-05-06 19:35:05,802: +PARAM [/onlane_ai_agent_6/ego_id] by /roslaunch
[rosmaster.master][INFO] 2026-05-06 19:35:05,802: +PARAM [/onlane_ai_agent_6/agent_config_path] by /roslaunch
[rosmaster.master][INFO] 2026-05-06 19:35:05,802: +PARAM [/onlane_ai_agent_6/desired_vel] by /roslaunch
[rosmaster.master][INFO] 2026-05-06 19:35:05,802: +PARAM [/onlane_ai_agent_6/autonomous_level] by /roslaunch
[rosmaster.master][INFO] 2026-05-06 19:35:05,802: +PARAM [/onlane_ai_agent_6/aggressiveness_level] by /roslaunch
[rosmaster.master][INFO] 2026-05-06 19:35:05,802: +PARAM [/onlane_ai_agent_7/ego_id] by /roslaunch
[rosmaster.master][INFO] 2026-05-06 19:35:05,802: +PARAM [/onlane_ai_agent_7/agent_config_path] by /roslaunch
[rosmaster.master][INFO] 2026-05-06 19:35:05,802: +SERVICE [/rosout/get_loggers] /rosout http://y:46573/
[rosmaster.master][INFO] 2026-05-06 19:35:05,802: +PARAM [/onlane_ai_agent_7/desired_vel] by /roslaunch
[rosmaster.master][INFO] 2026-05-06 19:35:05,802: +PARAM [/onlane_ai_agent_7/autonomous_level] by /roslaunch
[rosmaster.master][INFO] 2026-05-06 19:35:05,802: +PARAM [/onlane_ai_agent_7/aggressiveness_level] by /roslaunch
[rosmaster.master][INFO] 2026-05-06 19:35:05,802: +PARAM [/onlane_ai_agent_8/ego_id] by /roslaunch
[rosmaster.master][INFO] 2026-05-06 19:35:05,802: +PARAM [/onlane_ai_agent_8/agent_config_path] by /roslaunch
[rosmaster.master][INFO] 2026-05-06 19:35:05,802: +SERVICE [/rosout/set_logger_level] /rosout http://y:46573/
[rosmaster.master][INFO] 2026-05-06 19:35:05,802: +PARAM [/onlane_ai_agent_8/desired_vel] by /roslaunch
[rosmaster.master][INFO] 2026-05-06 19:35:05,802: +PARAM [/onlane_ai_agent_8/autonomous_level] by /roslaunch
[rosmaster.master][INFO] 2026-05-06 19:35:05,802: +PARAM [/onlane_ai_agent_8/aggressiveness_level] by /roslaunch
[rosmaster.master][INFO] 2026-05-06 19:35:05,803: +PARAM [/onlane_ai_agent_9/ego_id] by /roslaunch
[rosmaster.master][INFO] 2026-05-06 19:35:05,803: +PARAM [/onlane_ai_agent_9/agent_config_path] by /roslaunch
[rosmaster.master][INFO] 2026-05-06 19:35:05,803: +PARAM [/onlane_ai_agent_9/desired_vel] by /roslaunch
[rosmaster.master][INFO] 2026-05-06 19:35:05,803: +PARAM [/onlane_ai_agent_9/autonomous_level] by /roslaunch
[rosmaster.master][INFO] 2026-05-06 19:35:05,803: +PARAM [/onlane_ai_agent_9/aggressiveness_level] by /roslaunch
[rosmaster.master][INFO] 2026-05-06 19:35:05,803: +PUB [/rosout_agg] /rosout http://y:46573/
[rosmaster.master][INFO] 2026-05-06 19:35:05,803: +PARAM [/onlane_ai_agent_10/ego_id] by /roslaunch
[rosmaster.master][INFO] 2026-05-06 19:35:05,803: +PARAM [/onlane_ai_agent_10/agent_config_path] by /roslaunch
[rosmaster.master][INFO] 2026-05-06 19:35:05,803: +PARAM [/onlane_ai_agent_10/desired_vel] by /roslaunch
[rosmaster.master][INFO] 2026-05-06 19:35:05,803: +PARAM [/onlane_ai_agent_10/autonomous_level] by /roslaunch
[rosmaster.master][INFO] 2026-05-06 19:35:05,803: +PARAM [/onlane_ai_agent_10/aggressiveness_level] by /roslaunch
[rosmaster.master][INFO] 2026-05-06 19:35:05,803: +PARAM [/phy_simulator_planning_node/vehicle_info_path] by /roslaunch
[rosmaster.master][INFO] 2026-05-06 19:35:05,803: +PARAM [/phy_simulator_planning_node/map_path] by /roslaunch
[rosmaster.master][INFO] 2026-05-06 19:35:05,803: +SUB [/rosout] /rosout http://y:46573/
[rosmaster.master][INFO] 2026-05-06 19:35:05,803: +PARAM [/phy_simulator_planning_node/lane_net_path] by /roslaunch
[rosmaster.master][INFO] 2026-05-06 19:35:05,830: +PUB [/rosout] /test_ssc_with_mpdm_0 http://y:43803/
[rosmaster.master][INFO] 2026-05-06 19:35:05,830: +PUB [/rosout] /onlane_ai_agent_1 http://y:41091/
[rosmaster.master][INFO] 2026-05-06 19:35:05,831: +SERVICE [/test_ssc_with_mpdm_0/get_loggers] /test_ssc_with_mpdm_0 http://y:43803/
[rosmaster.master][INFO] 2026-05-06 19:35:05,831: +SERVICE [/test_ssc_with_mpdm_0/set_logger_level] /test_ssc_with_mpdm_0 http://y:43803/
[rosmaster.master][INFO] 2026-05-06 19:35:05,833: +PUB [/tf] /test_ssc_with_mpdm_0 http://y:43803/
[rosmaster.master][INFO] 2026-05-06 19:35:05,834: +PUB [/vis/agent_0/ego_vehicle_vis] /test_ssc_with_mpdm_0 http://y:43803/
[rosmaster.master][INFO] 2026-05-06 19:35:05,839: +PUB [/rosout] /onlane_ai_agent_2 http://y:40171/
[rosmaster.master][INFO] 2026-05-06 19:35:05,840: +SERVICE [/onlane_ai_agent_1/get_loggers] /onlane_ai_agent_1 http://y:41091/
[rosmaster.master][INFO] 2026-05-06 19:35:05,844: +PUB [/vis/agent_0/obstacle_map] /test_ssc_with_mpdm_0 http://y:43803/
[rosmaster.master][INFO] 2026-05-06 19:35:05,845: +PUB [/rosout] /onlane_ai_agent_4 http://y:36449/
[rosmaster.master][INFO] 2026-05-06 19:35:05,845: +SERVICE [/onlane_ai_agent_2/get_loggers] /onlane_ai_agent_2 http://y:40171/
[rosmaster.master][INFO] 2026-05-06 19:35:05,845: +PUB [/vis/agent_0/surrounding_lane_net_vis] /test_ssc_with_mpdm_0 http://y:43803/
[rosmaster.master][INFO] 2026-05-06 19:35:05,845: +PUB [/vis/agent_0/local_lanes_vis] /test_ssc_with_mpdm_0 http://y:43803/
[rosmaster.master][INFO] 2026-05-06 19:35:05,845: +PUB [/vis/agent_0/ego_behavior_vis] /test_ssc_with_mpdm_0 http://y:43803/
[rosmaster.master][INFO] 2026-05-06 19:35:05,846: +PUB [/vis/agent_0/pred_traj_openloop_vis] /test_ssc_with_mpdm_0 http://y:43803/
[rosmaster.master][INFO] 2026-05-06 19:35:05,846: +PUB [/vis/agent_0/pred_initial_intention_vis] /test_ssc_with_mpdm_0 http://y:43803/
[rosmaster.master][INFO] 2026-05-06 19:35:05,846: +PUB [/vis/agent_0/surrounding_vehicle_vis] /test_ssc_with_mpdm_0 http://y:43803/
[rosmaster.master][INFO] 2026-05-06 19:35:05,847: +PUB [/vis/agent_0/speed_limit] /test_ssc_with_mpdm_0 http://y:43803/
[rosmaster.master][INFO] 2026-05-06 19:35:05,847: +PUB [/rosout] /onlane_ai_agent_3 http://y:41507/
[rosmaster.master][INFO] 2026-05-06 19:35:05,848: +SERVICE [/onlane_ai_agent_1/set_logger_level] /onlane_ai_agent_1 http://y:41091/
[rosmaster.master][INFO] 2026-05-06 19:35:05,848: +PUB [/vis/agent_0/ssc/map_vis] /test_ssc_with_mpdm_0 http://y:43803/
[rosmaster.master][INFO] 2026-05-06 19:35:05,849: +PUB [/vis/agent_0/ssc/qp_vis] /test_ssc_with_mpdm_0 http://y:43803/
[rosmaster.master][INFO] 2026-05-06 19:35:05,850: +PUB [/ctrl/agent_1] /onlane_ai_agent_1 http://y:41091/
[rosmaster.master][INFO] 2026-05-06 19:35:05,851: +SERVICE [/onlane_ai_agent_3/get_loggers] /onlane_ai_agent_3 http://y:41507/
[rosmaster.master][INFO] 2026-05-06 19:35:05,851: +PUB [/vis/agent_0/ssc/ego_fs_vis] /test_ssc_with_mpdm_0 http://y:43803/
[rosmaster.master][INFO] 2026-05-06 19:35:05,852: +SERVICE [/onlane_ai_agent_2/set_logger_level] /onlane_ai_agent_2 http://y:40171/
[rosmaster.master][INFO] 2026-05-06 19:35:05,852: +PUB [/vis/agent_0/ssc/forward_trajs_vis] /test_ssc_with_mpdm_0 http://y:43803/
[rosmaster.master][INFO] 2026-05-06 19:35:05,854: +SERVICE [/onlane_ai_agent_4/get_loggers] /onlane_ai_agent_4 http://y:36449/
[rosmaster.master][INFO] 2026-05-06 19:35:05,854: +PUB [/vis/agent_0/ssc/sur_vehicle_trajs_vis] /test_ssc_with_mpdm_0 http://y:43803/
[rosmaster.master][INFO] 2026-05-06 19:35:05,856: +PUB [/vis/agent_0/ssc/corridor_vis] /test_ssc_with_mpdm_0 http://y:43803/
[rosmaster.master][INFO] 2026-05-06 19:35:05,856: +PUB [/rosout] /onlane_ai_agent_5 http://y:33817/
[rosmaster.master][INFO] 2026-05-06 19:35:05,857: +SERVICE [/onlane_ai_agent_5/get_loggers] /onlane_ai_agent_5 http://y:33817/
[rosmaster.master][INFO] 2026-05-06 19:35:05,857: +PUB [/rosout] /onlane_ai_agent_6 http://y:42655/
[rosmaster.master][INFO] 2026-05-06 19:35:05,858: +SERVICE [/onlane_ai_agent_6/get_loggers] /onlane_ai_agent_6 http://y:42655/
[rosmaster.master][INFO] 2026-05-06 19:35:05,858: +SERVICE [/onlane_ai_agent_6/set_logger_level] /onlane_ai_agent_6 http://y:42655/
[rosmaster.master][INFO] 2026-05-06 19:35:05,859: +PUB [/ctrl/agent_6] /onlane_ai_agent_6 http://y:42655/
[rosmaster.master][INFO] 2026-05-06 19:35:05,859: +SERVICE [/onlane_ai_agent_3/set_logger_level] /onlane_ai_agent_3 http://y:41507/
[rosmaster.master][INFO] 2026-05-06 19:35:05,859: +SERVICE [/onlane_ai_agent_5/set_logger_level] /onlane_ai_agent_5 http://y:33817/
[rosmaster.master][INFO] 2026-05-06 19:35:05,863: +PUB [/rosout] /onlane_ai_agent_7 http://y:40261/
[rosmaster.master][INFO] 2026-05-06 19:35:05,863: +SERVICE [/onlane_ai_agent_7/get_loggers] /onlane_ai_agent_7 http://y:40261/
[rosmaster.master][INFO] 2026-05-06 19:35:05,864: +SERVICE [/onlane_ai_agent_7/set_logger_level] /onlane_ai_agent_7 http://y:40261/
[rosmaster.master][INFO] 2026-05-06 19:35:05,865: +PUB [/ctrl/agent_7] /onlane_ai_agent_7 http://y:40261/
[rosmaster.master][INFO] 2026-05-06 19:35:05,866: +PUB [/ctrl/agent_2] /onlane_ai_agent_2 http://y:40171/
[rosmaster.master][INFO] 2026-05-06 19:35:05,867: publisherUpdate[/rosout] -> http://y:46573/ ['http://y:43803/']
[rosmaster.master][INFO] 2026-05-06 19:35:05,869: +SERVICE [/onlane_ai_agent_4/set_logger_level] /onlane_ai_agent_4 http://y:36449/
[rosmaster.master][INFO] 2026-05-06 19:35:05,878: publisherUpdate[/rosout] -> http://y:46573/ ['http://y:43803/']: sec=0.01, result=[1, '', 0]
[rosmaster.master][INFO] 2026-05-06 19:35:05,889: publisherUpdate[/rosout] -> http://y:46573/ ['http://y:43803/', 'http://y:41091/']
[rosmaster.master][INFO] 2026-05-06 19:35:05,889: +PUB [/ctrl/agent_0] /test_ssc_with_mpdm_0 http://y:43803/
[rosmaster.master][INFO] 2026-05-06 19:35:05,890: publisherUpdate[/rosout] -> http://y:46573/ ['http://y:43803/', 'http://y:41091/']: sec=0.00, result=[1, '', 0]
[rosmaster.master][INFO] 2026-05-06 19:35:05,891: publisherUpdate[/rosout] -> http://y:46573/ ['http://y:43803/', 'http://y:41091/', 'http://y:40171/']
[rosmaster.master][INFO] 2026-05-06 19:35:05,891: +PUB [/ctrl/agent_3] /onlane_ai_agent_3 http://y:41507/
[rosmaster.master][INFO] 2026-05-06 19:35:05,891: +PUB [/rosout] /onlane_ai_agent_9 http://y:43945/
[rosmaster.master][INFO] 2026-05-06 19:35:05,891: +SERVICE [/onlane_ai_agent_9/get_loggers] /onlane_ai_agent_9 http://y:43945/
[rosmaster.master][INFO] 2026-05-06 19:35:05,892: +SERVICE [/onlane_ai_agent_9/set_logger_level] /onlane_ai_agent_9 http://y:43945/
[rosmaster.master][INFO] 2026-05-06 19:35:05,892: publisherUpdate[/rosout] -> http://y:46573/ ['http://y:43803/', 'http://y:41091/', 'http://y:40171/']: sec=0.00, result=[1, '', 0]
[rosmaster.master][INFO] 2026-05-06 19:35:05,892: publisherUpdate[/rosout] -> http://y:46573/ ['http://y:43803/', 'http://y:41091/', 'http://y:40171/', 'http://y:36449/']
[rosmaster.master][INFO] 2026-05-06 19:35:05,892: +PUB [/test_ssc_with_mpdm_0/ssc_map] /test_ssc_with_mpdm_0 http://y:43803/
[rosmaster.master][INFO] 2026-05-06 19:35:05,892: +PUB [/vis/agent_0/ssc/exec_traj] /test_ssc_with_mpdm_0 http://y:43803/
[rosmaster.master][INFO] 2026-05-06 19:35:05,893: +PUB [/ctrl/agent_9] /onlane_ai_agent_9 http://y:43945/
[rosmaster.master][INFO] 2026-05-06 19:35:05,897: +PUB [/rosout] /onlane_ai_agent_10 http://y:43671/
[rosmaster.master][INFO] 2026-05-06 19:35:05,898: publisherUpdate[/rosout] -> http://y:46573/ ['http://y:43803/', 'http://y:41091/', 'http://y:40171/', 'http://y:36449/']: sec=0.01, result=[1, '', 0]
[rosmaster.master][INFO] 2026-05-06 19:35:05,898: publisherUpdate[/rosout] -> http://y:46573/ ['http://y:43803/', 'http://y:41091/', 'http://y:40171/', 'http://y:36449/', 'http://y:41507/']
[rosmaster.master][INFO] 2026-05-06 19:35:05,898: +PUB [/rosout] /onlane_ai_agent_8 http://y:43533/
[rosmaster.master][INFO] 2026-05-06 19:35:05,898: publisherUpdate[/rosout] -> http://y:46573/ ['http://y:43803/', 'http://y:41091/', 'http://y:40171/', 'http://y:36449/', 'http://y:41507/']: sec=0.00, result=[1, '', 0]
[rosmaster.master][INFO] 2026-05-06 19:35:05,899: publisherUpdate[/rosout] -> http://y:46573/ ['http://y:43803/', 'http://y:41091/', 'http://y:40171/', 'http://y:36449/', 'http://y:41507/', 'http://y:33817/']
[rosmaster.master][INFO] 2026-05-06 19:35:05,899: publisherUpdate[/rosout] -> http://y:46573/ ['http://y:43803/', 'http://y:41091/', 'http://y:40171/', 'http://y:36449/', 'http://y:41507/', 'http://y:33817/']: sec=0.00, result=[1, '', 0]
[rosmaster.master][INFO] 2026-05-06 19:35:05,899: publisherUpdate[/rosout] -> http://y:46573/ ['http://y:43803/', 'http://y:41091/', 'http://y:40171/', 'http://y:36449/', 'http://y:41507/', 'http://y:33817/', 'http://y:42655/']
[rosmaster.master][INFO] 2026-05-06 19:35:05,899: +PUB [/rosout] /phy_simulator_planning_node http://y:35301/
[rosmaster.master][INFO] 2026-05-06 19:35:05,900: publisherUpdate[/rosout] -> http://y:46573/ ['http://y:43803/', 'http://y:41091/', 'http://y:40171/', 'http://y:36449/', 'http://y:41507/', 'http://y:33817/', 'http://y:42655/']: sec=0.00, result=[1, '', 0]
[rosmaster.master][INFO] 2026-05-06 19:35:05,900: publisherUpdate[/rosout] -> http://y:46573/ ['http://y:43803/', 'http://y:41091/', 'http://y:40171/', 'http://y:36449/', 'http://y:41507/', 'http://y:33817/', 'http://y:42655/', 'http://y:40261/']
[rosmaster.master][INFO] 2026-05-06 19:35:05,900: +SERVICE [/onlane_ai_agent_8/get_loggers] /onlane_ai_agent_8 http://y:43533/
[rosmaster.master][INFO] 2026-05-06 19:35:05,901: publisherUpdate[/rosout] -> http://y:46573/ ['http://y:43803/', 'http://y:41091/', 'http://y:40171/', 'http://y:36449/', 'http://y:41507/', 'http://y:33817/', 'http://y:42655/', 'http://y:40261/']: sec=0.00, result=[1, '', 0]
[rosmaster.master][INFO] 2026-05-06 19:35:05,901: +SERVICE [/onlane_ai_agent_8/set_logger_level] /onlane_ai_agent_8 http://y:43533/
[rosmaster.master][INFO] 2026-05-06 19:35:05,901: publisherUpdate[/rosout] -> http://y:46573/ ['http://y:43803/', 'http://y:41091/', 'http://y:40171/', 'http://y:36449/', 'http://y:41507/', 'http://y:33817/', 'http://y:42655/', 'http://y:40261/', 'http://y:43945/']
[rosmaster.master][INFO] 2026-05-06 19:35:05,901: +SERVICE [/phy_simulator_planning_node/get_loggers] /phy_simulator_planning_node http://y:35301/
[rosmaster.master][INFO] 2026-05-06 19:35:05,902: publisherUpdate[/rosout] -> http://y:46573/ ['http://y:43803/', 'http://y:41091/', 'http://y:40171/', 'http://y:36449/', 'http://y:41507/', 'http://y:33817/', 'http://y:42655/', 'http://y:40261/', 'http://y:43945/']: sec=0.00, result=[1, '', 0]
[rosmaster.master][INFO] 2026-05-06 19:35:05,902: publisherUpdate[/rosout] -> http://y:46573/ ['http://y:43803/', 'http://y:41091/', 'http://y:40171/', 'http://y:36449/', 'http://y:41507/', 'http://y:33817/', 'http://y:42655/', 'http://y:40261/', 'http://y:43945/', 'http://y:43671/']
[rosmaster.master][INFO] 2026-05-06 19:35:05,902: +SERVICE [/phy_simulator_planning_node/set_logger_level] /phy_simulator_planning_node http://y:35301/
[rosmaster.master][INFO] 2026-05-06 19:35:05,902: publisherUpdate[/rosout] -> http://y:46573/ ['http://y:43803/', 'http://y:41091/', 'http://y:40171/', 'http://y:36449/', 'http://y:41507/', 'http://y:33817/', 'http://y:42655/', 'http://y:40261/', 'http://y:43945/', 'http://y:43671/']: sec=0.00, result=[1, '', 0]
[rosmaster.master][INFO] 2026-05-06 19:35:05,903: publisherUpdate[/rosout] -> http://y:46573/ ['http://y:43803/', 'http://y:41091/', 'http://y:40171/', 'http://y:36449/', 'http://y:41507/', 'http://y:33817/', 'http://y:42655/', 'http://y:40261/', 'http://y:43945/', 'http://y:43671/', 'http://y:43533/']
[rosmaster.master][INFO] 2026-05-06 19:35:05,903: +PUB [/ctrl/agent_8] /onlane_ai_agent_8 http://y:43533/
[rosmaster.master][INFO] 2026-05-06 19:35:05,904: publisherUpdate[/rosout] -> http://y:46573/ ['http://y:43803/', 'http://y:41091/', 'http://y:40171/', 'http://y:36449/', 'http://y:41507/', 'http://y:33817/', 'http://y:42655/', 'http://y:40261/', 'http://y:43945/', 'http://y:43671/', 'http://y:43533/']: sec=0.00, result=[1, '', 0]
[rosmaster.master][INFO] 2026-05-06 19:35:05,904: publisherUpdate[/rosout] -> http://y:46573/ ['http://y:43803/', 'http://y:41091/', 'http://y:40171/', 'http://y:36449/', 'http://y:41507/', 'http://y:33817/', 'http://y:42655/', 'http://y:40261/', 'http://y:43945/', 'http://y:43671/', 'http://y:43533/', 'http://y:35301/']
[rosmaster.master][INFO] 2026-05-06 19:35:05,904: publisherUpdate[/rosout] -> http://y:46573/ ['http://y:43803/', 'http://y:41091/', 'http://y:40171/', 'http://y:36449/', 'http://y:41507/', 'http://y:33817/', 'http://y:42655/', 'http://y:40261/', 'http://y:43945/', 'http://y:43671/', 'http://y:43533/', 'http://y:35301/']: sec=0.00, result=[1, '', 0]
[rosmaster.master][INFO] 2026-05-06 19:35:05,910: +SERVICE [/onlane_ai_agent_10/get_loggers] /onlane_ai_agent_10 http://y:43671/
[rosmaster.master][INFO] 2026-05-06 19:35:05,911: +SUB [/joy] /test_ssc_with_mpdm_0 http://y:43803/
[rosmaster.master][INFO] 2026-05-06 19:35:05,912: +PUB [/ctrl/agent_4] /onlane_ai_agent_4 http://y:36449/
[rosmaster.master][INFO] 2026-05-06 19:35:05,913: +PUB [/vis/agent_0/forward_trajs] /test_ssc_with_mpdm_0 http://y:43803/
[rosmaster.master][INFO] 2026-05-06 19:35:05,916: +SUB [/arena_info_static] /test_ssc_with_mpdm_0 http://y:43803/
[rosmaster.master][INFO] 2026-05-06 19:35:05,918: +SERVICE [/onlane_ai_agent_10/set_logger_level] /onlane_ai_agent_10 http://y:43671/
[rosmaster.master][INFO] 2026-05-06 19:35:05,919: +SUB [/arena_info_dynamic] /test_ssc_with_mpdm_0 http://y:43803/
[rosmaster.master][INFO] 2026-05-06 19:35:05,946: +PUB [/ctrl/agent_5] /onlane_ai_agent_5 http://y:33817/
[rosmaster.master][INFO] 2026-05-06 19:35:05,953: +PUB [/ctrl/agent_10] /onlane_ai_agent_10 http://y:43671/
[rosmaster.master][INFO] 2026-05-06 19:35:05,983: +PUB [/arena_info_static] /phy_simulator_planning_node http://y:35301/
[rosmaster.master][INFO] 2026-05-06 19:35:05,994: +PUB [/arena_info_dynamic] /phy_simulator_planning_node http://y:35301/
[rosmaster.master][INFO] 2026-05-06 19:35:05,994: +PUB [/phy_simulator_planning_node/vis/vehicle_set_vis] /phy_simulator_planning_node http://y:35301/
[rosmaster.master][INFO] 2026-05-06 19:35:05,995: +PUB [/phy_simulator_planning_node/vis/lane_net_vis] /phy_simulator_planning_node http://y:35301/
[rosmaster.master][INFO] 2026-05-06 19:35:05,995: +PUB [/phy_simulator_planning_node/vis/obstacle_set_vis] /phy_simulator_planning_node http://y:35301/
[rosmaster.master][INFO] 2026-05-06 19:35:05,996: +SUB [/ctrl/agent_10] /phy_simulator_planning_node http://y:35301/
[rosmaster.master][INFO] 2026-05-06 19:35:05,997: +SUB [/ctrl/agent_9] /phy_simulator_planning_node http://y:35301/
[rosmaster.master][INFO] 2026-05-06 19:35:06,003: +SUB [/ctrl/agent_8] /phy_simulator_planning_node http://y:35301/
[rosmaster.master][INFO] 2026-05-06 19:35:06,004: +SUB [/ctrl/agent_7] /phy_simulator_planning_node http://y:35301/
[rosmaster.master][INFO] 2026-05-06 19:35:06,005: +SUB [/ctrl/agent_6] /phy_simulator_planning_node http://y:35301/
[rosmaster.master][INFO] 2026-05-06 19:35:06,006: +SUB [/ctrl/agent_5] /phy_simulator_planning_node http://y:35301/
[rosmaster.master][INFO] 2026-05-06 19:35:06,007: +SUB [/ctrl/agent_4] /phy_simulator_planning_node http://y:35301/
[rosmaster.master][INFO] 2026-05-06 19:35:06,008: +SUB [/ctrl/agent_3] /phy_simulator_planning_node http://y:35301/
[rosmaster.master][INFO] 2026-05-06 19:35:06,009: +SUB [/ctrl/agent_2] /phy_simulator_planning_node http://y:35301/
[rosmaster.master][INFO] 2026-05-06 19:35:06,010: publisherUpdate[/arena_info_static] -> http://y:43803/ ['http://y:35301/']
[rosmaster.master][INFO] 2026-05-06 19:35:06,010: publisherUpdate[/arena_info_static] -> http://y:43803/ ['http://y:35301/']: sec=0.00, result=[1, '', 0]
[rosmaster.master][INFO] 2026-05-06 19:35:06,010: publisherUpdate[/arena_info_dynamic] -> http://y:43803/ ['http://y:35301/']
[rosmaster.master][INFO] 2026-05-06 19:35:06,011: publisherUpdate[/arena_info_dynamic] -> http://y:43803/ ['http://y:35301/']: sec=0.00, result=[1, '', 0]
[rosmaster.master][INFO] 2026-05-06 19:35:06,011: +SUB [/ctrl/agent_1] /phy_simulator_planning_node http://y:35301/
[rosmaster.master][INFO] 2026-05-06 19:35:06,012: +SUB [/ctrl/agent_0] /phy_simulator_planning_node http://y:35301/
[rosmaster.master][INFO] 2026-05-06 19:35:06,013: +SUB [/initialpose] /phy_simulator_planning_node http://y:35301/
[rosmaster.master][INFO] 2026-05-06 19:35:06,014: +SUB [/move_base_simple/goal] /phy_simulator_planning_node http://y:35301/
[rosmaster.master][INFO] 2026-05-06 19:35:13,554: +PUB [/rosout] /epsilon_metric_collector_1008492_1778067313441 http://y:46121/
[rosmaster.master][INFO] 2026-05-06 19:35:13,556: +SERVICE [/epsilon_metric_collector_1008492_1778067313441/get_loggers] /epsilon_metric_collector_1008492_1778067313441 http://y:46121/
[rosmaster.master][INFO] 2026-05-06 19:35:13,556: +SERVICE [/epsilon_metric_collector_1008492_1778067313441/set_logger_level] /epsilon_metric_collector_1008492_1778067313441 http://y:46121/
[rosmaster.master][INFO] 2026-05-06 19:35:13,557: +SUB [/arena_info_dynamic] /epsilon_metric_collector_1008492_1778067313441 http://y:46121/
[rosmaster.master][INFO] 2026-05-06 19:35:13,591: publisherUpdate[/rosout] -> http://y:46573/ ['http://y:43803/', 'http://y:41091/', 'http://y:40171/', 'http://y:36449/', 'http://y:41507/', 'http://y:33817/', 'http://y:42655/', 'http://y:40261/', 'http://y:43945/', 'http://y:43671/', 'http://y:43533/', 'http://y:35301/', 'http://y:46121/']
[rosmaster.master][INFO] 2026-05-06 19:35:13,592: publisherUpdate[/rosout] -> http://y:46573/ ['http://y:43803/', 'http://y:41091/', 'http://y:40171/', 'http://y:36449/', 'http://y:41507/', 'http://y:33817/', 'http://y:42655/', 'http://y:40261/', 'http://y:43945/', 'http://y:43671/', 'http://y:43533/', 'http://y:35301/', 'http://y:46121/']: sec=0.00, result=[1, '', 0]
[rosmaster.master][INFO] 2026-05-06 19:37:13,238: -SUB [/arena_info_dynamic] /epsilon_metric_collector_1008492_1778067313441 http://y:46121/
[rosmaster.master][INFO] 2026-05-06 19:37:13,238: -PUB [/rosout] /epsilon_metric_collector_1008492_1778067313441 http://y:46121/
[rosmaster.master][INFO] 2026-05-06 19:37:13,238: -SERVICE [/epsilon_metric_collector_1008492_1778067313441/get_loggers] /epsilon_metric_collector_1008492_1778067313441 rosrpc://y:36469
[rosmaster.master][INFO] 2026-05-06 19:37:13,238: -SERVICE [/epsilon_metric_collector_1008492_1778067313441/set_logger_level] /epsilon_metric_collector_1008492_1778067313441 rosrpc://y:36469
[rosmaster.master][INFO] 2026-05-06 19:37:13,254: publisherUpdate[/rosout] -> http://y:46573/ ['http://y:43803/', 'http://y:41091/', 'http://y:40171/', 'http://y:36449/', 'http://y:41507/', 'http://y:33817/', 'http://y:42655/', 'http://y:40261/', 'http://y:43945/', 'http://y:43671/', 'http://y:43533/', 'http://y:35301/']
[rosmaster.master][INFO] 2026-05-06 19:37:13,255: publisherUpdate[/rosout] -> http://y:46573/ ['http://y:43803/', 'http://y:41091/', 'http://y:40171/', 'http://y:36449/', 'http://y:41507/', 'http://y:33817/', 'http://y:42655/', 'http://y:40261/', 'http://y:43945/', 'http://y:43671/', 'http://y:43533/', 'http://y:35301/']: sec=0.00, result=[1, '', 0]
[rosmaster.master][INFO] 2026-05-06 19:37:14,235: +PUB [/rosout] /rostopic_1008640_1778067434124 http://y:35877/
[rosmaster.master][INFO] 2026-05-06 19:37:14,237: +SERVICE [/rostopic_1008640_1778067434124/get_loggers] /rostopic_1008640_1778067434124 http://y:35877/
[rosmaster.master][INFO] 2026-05-06 19:37:14,238: +SERVICE [/rostopic_1008640_1778067434124/set_logger_level] /rostopic_1008640_1778067434124 http://y:35877/
[rosmaster.master][INFO] 2026-05-06 19:37:14,243: +SUB [/arena_info_dynamic] /rostopic_1008640_1778067434124 http://y:35877/
[rosmaster.master][INFO] 2026-05-06 19:37:14,257: publisherUpdate[/rosout] -> http://y:46573/ ['http://y:43803/', 'http://y:41091/', 'http://y:40171/', 'http://y:36449/', 'http://y:41507/', 'http://y:33817/', 'http://y:42655/', 'http://y:40261/', 'http://y:43945/', 'http://y:43671/', 'http://y:43533/', 'http://y:35301/', 'http://y:35877/']
[rosmaster.master][INFO] 2026-05-06 19:37:14,258: publisherUpdate[/rosout] -> http://y:46573/ ['http://y:43803/', 'http://y:41091/', 'http://y:40171/', 'http://y:36449/', 'http://y:41507/', 'http://y:33817/', 'http://y:42655/', 'http://y:40261/', 'http://y:43945/', 'http://y:43671/', 'http://y:43533/', 'http://y:35301/', 'http://y:35877/']: sec=0.00, result=[1, '', 0]
[rosmaster.master][INFO] 2026-05-06 19:37:28,859: -SUB [/arena_info_dynamic] /rostopic_1008640_1778067434124 http://y:35877/
[rosmaster.master][INFO] 2026-05-06 19:37:28,859: -PUB [/rosout] /rostopic_1008640_1778067434124 http://y:35877/
[rosmaster.master][INFO] 2026-05-06 19:37:28,859: -SERVICE [/rostopic_1008640_1778067434124/get_loggers] /rostopic_1008640_1778067434124 rosrpc://y:40569
[rosmaster.master][INFO] 2026-05-06 19:37:28,859: -SERVICE [/rostopic_1008640_1778067434124/set_logger_level] /rostopic_1008640_1778067434124 rosrpc://y:40569
[rosmaster.master][INFO] 2026-05-06 19:37:28,886: publisherUpdate[/rosout] -> http://y:46573/ ['http://y:43803/', 'http://y:41091/', 'http://y:40171/', 'http://y:36449/', 'http://y:41507/', 'http://y:33817/', 'http://y:42655/', 'http://y:40261/', 'http://y:43945/', 'http://y:43671/', 'http://y:43533/', 'http://y:35301/']
[rosmaster.master][INFO] 2026-05-06 19:37:28,887: publisherUpdate[/rosout] -> http://y:46573/ ['http://y:43803/', 'http://y:41091/', 'http://y:40171/', 'http://y:36449/', 'http://y:41507/', 'http://y:33817/', 'http://y:42655/', 'http://y:40261/', 'http://y:43945/', 'http://y:43671/', 'http://y:43533/', 'http://y:35301/']: sec=0.00, result=[1, '', 0]
[rosmaster.master][INFO] 2026-05-06 19:37:29,667: -PUB [/rosout] /test_ssc_with_mpdm_0 http://y:43803/
[rosmaster.master][INFO] 2026-05-06 19:37:29,668: -PUB [/tf] /test_ssc_with_mpdm_0 http://y:43803/
[rosmaster.master][INFO] 2026-05-06 19:37:29,668: -PUB [/vis/agent_0/ego_vehicle_vis] /test_ssc_with_mpdm_0 http://y:43803/
[rosmaster.master][INFO] 2026-05-06 19:37:29,669: -PUB [/vis/agent_0/obstacle_map] /test_ssc_with_mpdm_0 http://y:43803/
[rosmaster.master][INFO] 2026-05-06 19:37:29,669: -PUB [/vis/agent_0/surrounding_lane_net_vis] /test_ssc_with_mpdm_0 http://y:43803/
[rosmaster.master][INFO] 2026-05-06 19:37:29,669: -PUB [/vis/agent_0/local_lanes_vis] /test_ssc_with_mpdm_0 http://y:43803/
[rosmaster.master][INFO] 2026-05-06 19:37:29,670: -PUB [/vis/agent_0/ego_behavior_vis] /test_ssc_with_mpdm_0 http://y:43803/
[rosmaster.master][INFO] 2026-05-06 19:37:29,670: -PUB [/vis/agent_0/pred_traj_openloop_vis] /test_ssc_with_mpdm_0 http://y:43803/
[rosmaster.master][INFO] 2026-05-06 19:37:29,670: -PUB [/vis/agent_0/pred_initial_intention_vis] /test_ssc_with_mpdm_0 http://y:43803/
[rosmaster.master][INFO] 2026-05-06 19:37:29,670: -PUB [/vis/agent_0/surrounding_vehicle_vis] /test_ssc_with_mpdm_0 http://y:43803/
[rosmaster.master][INFO] 2026-05-06 19:37:29,671: -PUB [/vis/agent_0/speed_limit] /test_ssc_with_mpdm_0 http://y:43803/
[rosmaster.master][INFO] 2026-05-06 19:37:29,671: -PUB [/vis/agent_0/ssc/map_vis] /test_ssc_with_mpdm_0 http://y:43803/
[rosmaster.master][INFO] 2026-05-06 19:37:29,671: -PUB [/vis/agent_0/ssc/qp_vis] /test_ssc_with_mpdm_0 http://y:43803/
[rosmaster.master][INFO] 2026-05-06 19:37:29,671: -PUB [/vis/agent_0/ssc/ego_fs_vis] /test_ssc_with_mpdm_0 http://y:43803/
[rosmaster.master][INFO] 2026-05-06 19:37:29,671: -PUB [/vis/agent_0/ssc/forward_trajs_vis] /test_ssc_with_mpdm_0 http://y:43803/
[rosmaster.master][INFO] 2026-05-06 19:37:29,671: -PUB [/vis/agent_0/ssc/sur_vehicle_trajs_vis] /test_ssc_with_mpdm_0 http://y:43803/
[rosmaster.master][INFO] 2026-05-06 19:37:29,672: -PUB [/vis/agent_0/ssc/corridor_vis] /test_ssc_with_mpdm_0 http://y:43803/
[rosmaster.master][INFO] 2026-05-06 19:37:29,672: -PUB [/ctrl/agent_0] /test_ssc_with_mpdm_0 http://y:43803/
[rosmaster.master][INFO] 2026-05-06 19:37:29,672: -PUB [/test_ssc_with_mpdm_0/ssc_map] /test_ssc_with_mpdm_0 http://y:43803/
[rosmaster.master][INFO] 2026-05-06 19:37:29,672: -PUB [/vis/agent_0/ssc/exec_traj] /test_ssc_with_mpdm_0 http://y:43803/
[rosmaster.master][INFO] 2026-05-06 19:37:29,672: -PUB [/vis/agent_0/forward_trajs] /test_ssc_with_mpdm_0 http://y:43803/
[rosmaster.master][INFO] 2026-05-06 19:37:29,672: -SUB [/joy] /test_ssc_with_mpdm_0 http://y:43803/
[rosmaster.master][INFO] 2026-05-06 19:37:29,673: -SUB [/arena_info_static] /test_ssc_with_mpdm_0 http://y:43803/
[rosmaster.master][INFO] 2026-05-06 19:37:29,673: -SUB [/arena_info_dynamic] /test_ssc_with_mpdm_0 http://y:43803/
[rosmaster.master][INFO] 2026-05-06 19:37:29,673: -PUB [/rosout] /phy_simulator_planning_node http://y:35301/
[rosmaster.master][INFO] 2026-05-06 19:37:29,673: -SERVICE [/test_ssc_with_mpdm_0/get_loggers] /test_ssc_with_mpdm_0 rosrpc://y:37531
[rosmaster.master][INFO] 2026-05-06 19:37:29,674: -PUB [/arena_info_static] /phy_simulator_planning_node http://y:35301/
[rosmaster.master][INFO] 2026-05-06 19:37:29,674: -SERVICE [/test_ssc_with_mpdm_0/set_logger_level] /test_ssc_with_mpdm_0 rosrpc://y:37531
[rosmaster.master][INFO] 2026-05-06 19:37:29,674: -PUB [/arena_info_dynamic] /phy_simulator_planning_node http://y:35301/
[rosmaster.master][INFO] 2026-05-06 19:37:29,675: -PUB [/phy_simulator_planning_node/vis/vehicle_set_vis] /phy_simulator_planning_node http://y:35301/
[rosmaster.master][INFO] 2026-05-06 19:37:29,675: -PUB [/phy_simulator_planning_node/vis/lane_net_vis] /phy_simulator_planning_node http://y:35301/
[rosmaster.master][INFO] 2026-05-06 19:37:29,675: -PUB [/phy_simulator_planning_node/vis/obstacle_set_vis] /phy_simulator_planning_node http://y:35301/
[rosmaster.master][INFO] 2026-05-06 19:37:29,676: -SUB [/ctrl/agent_10] /phy_simulator_planning_node http://y:35301/
[rosmaster.master][INFO] 2026-05-06 19:37:29,676: -SUB [/ctrl/agent_9] /phy_simulator_planning_node http://y:35301/
[rosmaster.master][INFO] 2026-05-06 19:37:29,676: -SUB [/ctrl/agent_8] /phy_simulator_planning_node http://y:35301/
[rosmaster.master][INFO] 2026-05-06 19:37:29,677: -SUB [/ctrl/agent_7] /phy_simulator_planning_node http://y:35301/
[rosmaster.master][INFO] 2026-05-06 19:37:29,677: -SUB [/ctrl/agent_6] /phy_simulator_planning_node http://y:35301/
[rosmaster.master][INFO] 2026-05-06 19:37:29,677: -SUB [/ctrl/agent_5] /phy_simulator_planning_node http://y:35301/
[rosmaster.master][INFO] 2026-05-06 19:37:29,678: -SUB [/ctrl/agent_4] /phy_simulator_planning_node http://y:35301/
[rosmaster.master][INFO] 2026-05-06 19:37:29,678: -SUB [/ctrl/agent_3] /phy_simulator_planning_node http://y:35301/
[rosmaster.master][INFO] 2026-05-06 19:37:29,678: -SUB [/ctrl/agent_2] /phy_simulator_planning_node http://y:35301/
[rosmaster.master][INFO] 2026-05-06 19:37:29,679: -SUB [/ctrl/agent_1] /phy_simulator_planning_node http://y:35301/
[rosmaster.master][INFO] 2026-05-06 19:37:29,679: -SUB [/ctrl/agent_0] /phy_simulator_planning_node http://y:35301/
[rosmaster.master][INFO] 2026-05-06 19:37:29,679: -SUB [/initialpose] /phy_simulator_planning_node http://y:35301/
[rosmaster.master][INFO] 2026-05-06 19:37:29,680: -SUB [/move_base_simple/goal] /phy_simulator_planning_node http://y:35301/
[rosmaster.master][INFO] 2026-05-06 19:37:29,680: -SERVICE [/phy_simulator_planning_node/get_loggers] /phy_simulator_planning_node rosrpc://y:47539
[rosmaster.master][INFO] 2026-05-06 19:37:29,680: -SERVICE [/phy_simulator_planning_node/set_logger_level] /phy_simulator_planning_node rosrpc://y:47539
[rosmaster.master][INFO] 2026-05-06 19:37:29,688: publisherUpdate[/rosout] -> http://y:46573/ ['http://y:41091/', 'http://y:40171/', 'http://y:36449/', 'http://y:41507/', 'http://y:33817/', 'http://y:42655/', 'http://y:40261/', 'http://y:43945/', 'http://y:43671/', 'http://y:43533/', 'http://y:35301/']
[rosmaster.master][INFO] 2026-05-06 19:37:29,689: publisherUpdate[/rosout] -> http://y:46573/ ['http://y:41091/', 'http://y:40171/', 'http://y:36449/', 'http://y:41507/', 'http://y:33817/', 'http://y:42655/', 'http://y:40261/', 'http://y:43945/', 'http://y:43671/', 'http://y:43533/', 'http://y:35301/']: sec=0.00, result=[1, '', 0]
[rosmaster.master][INFO] 2026-05-06 19:37:29,690: publisherUpdate[/ctrl/agent_0] -> http://y:35301/ []
[rosmaster.master][INFO] 2026-05-06 19:37:29,690: publisherUpdate[/ctrl/agent_0] -> http://y:35301/ []: sec=0.00, exception=[Errno 111] Connection refused
[rosmaster.threadpool][ERROR] 2026-05-06 19:37:29,691: Traceback (most recent call last):
  File "/opt/ros/noetic/lib/python3/dist-packages/rosmaster/threadpool.py", line 218, in run
    result = cmd(*args)
  File "/opt/ros/noetic/lib/python3/dist-packages/rosmaster/master_api.py", line 210, in publisher_update_task
    ret = xmlrpcapi(api).publisherUpdate('/master', topic, pub_uris)
  File "/usr/lib/python3.8/xmlrpc/client.py", line 1109, in __call__
    return self.__send(self.__name, args)
  File "/usr/lib/python3.8/xmlrpc/client.py", line 1450, in __request
    response = self.__transport.request(
  File "/usr/lib/python3.8/xmlrpc/client.py", line 1153, in request
    return self.single_request(host, handler, request_body, verbose)
  File "/usr/lib/python3.8/xmlrpc/client.py", line 1165, in single_request
    http_conn = self.send_request(host, handler, request_body, verbose)
  File "/usr/lib/python3.8/xmlrpc/client.py", line 1278, in send_request
    self.send_content(connection, request_body)
  File "/usr/lib/python3.8/xmlrpc/client.py", line 1308, in send_content
    connection.endheaders(request_body)
  File "/usr/lib/python3.8/http/client.py", line 1251, in endheaders
    self._send_output(message_body, encode_chunked=encode_chunked)
  File "/usr/lib/python3.8/http/client.py", line 1011, in _send_output
    self.send(msg)
  File "/usr/lib/python3.8/http/client.py", line 951, in send
    self.connect()
  File "/usr/lib/python3.8/http/client.py", line 922, in connect
    self.sock = self._create_connection(
  File "/usr/lib/python3.8/socket.py", line 808, in create_connection
    raise err
  File "/usr/lib/python3.8/socket.py", line 796, in create_connection
    sock.connect(sa)
ConnectionRefusedError: [Errno 111] Connection refused

[rosmaster.master][INFO] 2026-05-06 19:37:29,692: publisherUpdate[/rosout] -> http://y:46573/ ['http://y:41091/', 'http://y:40171/', 'http://y:36449/', 'http://y:41507/', 'http://y:33817/', 'http://y:42655/', 'http://y:40261/', 'http://y:43945/', 'http://y:43671/', 'http://y:43533/']
[rosmaster.master][INFO] 2026-05-06 19:37:29,692: publisherUpdate[/rosout] -> http://y:46573/ ['http://y:41091/', 'http://y:40171/', 'http://y:36449/', 'http://y:41507/', 'http://y:33817/', 'http://y:42655/', 'http://y:40261/', 'http://y:43945/', 'http://y:43671/', 'http://y:43533/']: sec=0.00, result=[1, '', 0]
[rosmaster.master][INFO] 2026-05-06 19:37:29,793: -PUB [/rosout_agg] /rosout http://y:46573/
[rosmaster.master][INFO] 2026-05-06 19:37:29,793: -SUB [/rosout] /rosout http://y:46573/
[rosmaster.master][INFO] 2026-05-06 19:37:29,794: -SERVICE [/rosout/get_loggers] /rosout rosrpc://y:54253
[rosmaster.master][INFO] 2026-05-06 19:37:29,795: -SERVICE [/rosout/set_logger_level] /rosout rosrpc://y:54253
[rosmaster.main][INFO] 2026-05-06 19:37:29,826: keyboard interrupt, will exit
[rosmaster.main][INFO] 2026-05-06 19:37:29,826: stopping master...
[rospy.core][INFO] 2026-05-06 19:37:29,826: signal_shutdown [atexit]
