[rosmaster.main][INFO] 2026-05-06 17:22:17,547: initialization complete, waiting for shutdown
[rosmaster.main][INFO] 2026-05-06 17:22:17,547: Starting ROS Master Node
[xmlrpc][INFO] 2026-05-06 17:22:17,548: XML-RPC server binding to 0.0.0.0:11311
[xmlrpc][INFO] 2026-05-06 17:22:17,548: Started XML-RPC server [http://y:11311/]
[xmlrpc][INFO] 2026-05-06 17:22:17,548: xml rpc node: starting XML-RPC server
[rosmaster.master][INFO] 2026-05-06 17:22:17,548: Master initialized: port[11311], uri[http://y:11311/]
[rosmaster.master][INFO] 2026-05-06 17:22:17,632: +PARAM [/run_id] by /roslaunch
[rosmaster.master][INFO] 2026-05-06 17:22:17,634: +PARAM [/roslaunch/uris/host_y__46227] by /roslaunch
[rosmaster.master][INFO] 2026-05-06 17:22:17,663: +PARAM [/rosversion] by /roslaunch
[rosmaster.master][INFO] 2026-05-06 17:22:17,664: +PARAM [/rosdistro] by /roslaunch
[rosmaster.master][INFO] 2026-05-06 17:22:17,664: +PARAM [/test_ssc_with_eudm_0/ego_id] by /roslaunch
[rosmaster.master][INFO] 2026-05-06 17:22:17,664: +PARAM [/test_ssc_with_eudm_0/agent_config_path] by /roslaunch
[rosmaster.master][INFO] 2026-05-06 17:22:17,664: +PARAM [/test_ssc_with_eudm_0/bp_config_path] by /roslaunch
[rosmaster.master][INFO] 2026-05-06 17:22:17,664: +PARAM [/test_ssc_with_eudm_0/ssc_config_path] by /roslaunch
[rosmaster.master][INFO] 2026-05-06 17:22:17,664: +PARAM [/test_ssc_with_eudm_0/desired_vel] by /roslaunch
[rosmaster.master][INFO] 2026-05-06 17:22:17,664: +PARAM [/test_ssc_with_eudm_0/use_sim_state] by /roslaunch
[rosmaster.master][INFO] 2026-05-06 17:22:17,664: +PARAM [/onlane_ai_agent_1/ego_id] by /roslaunch
[rosmaster.master][INFO] 2026-05-06 17:22:17,664: +PARAM [/onlane_ai_agent_1/agent_config_path] by /roslaunch
[rosmaster.master][INFO] 2026-05-06 17:22:17,664: +PARAM [/onlane_ai_agent_1/desired_vel] by /roslaunch
[rosmaster.master][INFO] 2026-05-06 17:22:17,664: +PARAM [/onlane_ai_agent_1/autonomous_level] by /roslaunch
[rosmaster.master][INFO] 2026-05-06 17:22:17,664: +PARAM [/onlane_ai_agent_1/aggressiveness_level] by /roslaunch
[rosmaster.master][INFO] 2026-05-06 17:22:17,664: +PARAM [/onlane_ai_agent_2/ego_id] by /roslaunch
[rosmaster.master][INFO] 2026-05-06 17:22:17,664: +PARAM [/onlane_ai_agent_2/agent_config_path] by /roslaunch
[rosmaster.master][INFO] 2026-05-06 17:22:17,664: +PARAM [/onlane_ai_agent_2/desired_vel] by /roslaunch
[rosmaster.master][INFO] 2026-05-06 17:22:17,664: +PARAM [/onlane_ai_agent_2/autonomous_level] by /roslaunch
[rosmaster.master][INFO] 2026-05-06 17:22:17,664: +PARAM [/onlane_ai_agent_2/aggressiveness_level] by /roslaunch
[rosmaster.master][INFO] 2026-05-06 17:22:17,664: +PARAM [/onlane_ai_agent_3/ego_id] by /roslaunch
[rosmaster.master][INFO] 2026-05-06 17:22:17,664: +PARAM [/onlane_ai_agent_3/agent_config_path] by /roslaunch
[rosmaster.master][INFO] 2026-05-06 17:22:17,664: +PARAM [/onlane_ai_agent_3/desired_vel] by /roslaunch
[rosmaster.master][INFO] 2026-05-06 17:22:17,664: +PARAM [/onlane_ai_agent_3/autonomous_level] by /roslaunch
[rosmaster.master][INFO] 2026-05-06 17:22:17,664: +PARAM [/onlane_ai_agent_3/aggressiveness_level] by /roslaunch
[rosmaster.master][INFO] 2026-05-06 17:22:17,664: +PARAM [/onlane_ai_agent_4/ego_id] by /roslaunch
[rosmaster.master][INFO] 2026-05-06 17:22:17,664: +PARAM [/onlane_ai_agent_4/agent_config_path] by /roslaunch
[rosmaster.master][INFO] 2026-05-06 17:22:17,664: +PARAM [/onlane_ai_agent_4/desired_vel] by /roslaunch
[rosmaster.master][INFO] 2026-05-06 17:22:17,664: +PARAM [/onlane_ai_agent_4/autonomous_level] by /roslaunch
[rosmaster.master][INFO] 2026-05-06 17:22:17,664: +PARAM [/onlane_ai_agent_4/aggressiveness_level] by /roslaunch
[rosmaster.master][INFO] 2026-05-06 17:22:17,664: +PARAM [/onlane_ai_agent_5/ego_id] by /roslaunch
[rosmaster.master][INFO] 2026-05-06 17:22:17,664: +PARAM [/onlane_ai_agent_5/agent_config_path] by /roslaunch
[rosmaster.master][INFO] 2026-05-06 17:22:17,664: +PARAM [/onlane_ai_agent_5/desired_vel] by /roslaunch
[rosmaster.master][INFO] 2026-05-06 17:22:17,664: +PARAM [/onlane_ai_agent_5/autonomous_level] by /roslaunch
[rosmaster.master][INFO] 2026-05-06 17:22:17,664: +PARAM [/onlane_ai_agent_5/aggressiveness_level] by /roslaunch
[rosmaster.master][INFO] 2026-05-06 17:22:17,664: +PARAM [/onlane_ai_agent_6/ego_id] by /roslaunch
[rosmaster.master][INFO] 2026-05-06 17:22:17,664: +PARAM [/onlane_ai_agent_6/agent_config_path] by /roslaunch
[rosmaster.master][INFO] 2026-05-06 17:22:17,664: +PARAM [/onlane_ai_agent_6/desired_vel] by /roslaunch
[rosmaster.master][INFO] 2026-05-06 17:22:17,664: +PARAM [/onlane_ai_agent_6/autonomous_level] by /roslaunch
[rosmaster.master][INFO] 2026-05-06 17:22:17,664: +PARAM [/onlane_ai_agent_6/aggressiveness_level] by /roslaunch
[rosmaster.master][INFO] 2026-05-06 17:22:17,664: +PARAM [/onlane_ai_agent_7/ego_id] by /roslaunch
[rosmaster.master][INFO] 2026-05-06 17:22:17,664: +PARAM [/onlane_ai_agent_7/agent_config_path] by /roslaunch
[rosmaster.master][INFO] 2026-05-06 17:22:17,665: +PARAM [/onlane_ai_agent_7/desired_vel] by /roslaunch
[rosmaster.master][INFO] 2026-05-06 17:22:17,665: +PARAM [/onlane_ai_agent_7/autonomous_level] by /roslaunch
[rosmaster.master][INFO] 2026-05-06 17:22:17,665: +PARAM [/onlane_ai_agent_7/aggressiveness_level] by /roslaunch
[rosmaster.master][INFO] 2026-05-06 17:22:17,665: +PARAM [/onlane_ai_agent_8/ego_id] by /roslaunch
[rosmaster.master][INFO] 2026-05-06 17:22:17,665: +PARAM [/onlane_ai_agent_8/agent_config_path] by /roslaunch
[rosmaster.master][INFO] 2026-05-06 17:22:17,665: +PARAM [/onlane_ai_agent_8/desired_vel] by /roslaunch
[rosmaster.master][INFO] 2026-05-06 17:22:17,665: +PARAM [/onlane_ai_agent_8/autonomous_level] by /roslaunch
[rosmaster.master][INFO] 2026-05-06 17:22:17,665: +PARAM [/onlane_ai_agent_8/aggressiveness_level] by /roslaunch
[rosmaster.master][INFO] 2026-05-06 17:22:17,665: +PARAM [/onlane_ai_agent_9/ego_id] by /roslaunch
[rosmaster.master][INFO] 2026-05-06 17:22:17,665: +PARAM [/onlane_ai_agent_9/agent_config_path] by /roslaunch
[rosmaster.master][INFO] 2026-05-06 17:22:17,665: +PARAM [/onlane_ai_agent_9/desired_vel] by /roslaunch
[rosmaster.master][INFO] 2026-05-06 17:22:17,665: +PARAM [/onlane_ai_agent_9/autonomous_level] by /roslaunch
[rosmaster.master][INFO] 2026-05-06 17:22:17,665: +PARAM [/onlane_ai_agent_9/aggressiveness_level] by /roslaunch
[rosmaster.master][INFO] 2026-05-06 17:22:17,665: +PARAM [/onlane_ai_agent_10/ego_id] by /roslaunch
[rosmaster.master][INFO] 2026-05-06 17:22:17,665: +PARAM [/onlane_ai_agent_10/agent_config_path] by /roslaunch
[rosmaster.master][INFO] 2026-05-06 17:22:17,665: +PARAM [/onlane_ai_agent_10/desired_vel] by /roslaunch
[rosmaster.master][INFO] 2026-05-06 17:22:17,665: +PARAM [/onlane_ai_agent_10/autonomous_level] by /roslaunch
[rosmaster.master][INFO] 2026-05-06 17:22:17,665: +PARAM [/onlane_ai_agent_10/aggressiveness_level] by /roslaunch
[rosmaster.master][INFO] 2026-05-06 17:22:17,665: +PARAM [/phy_simulator_planning_node/vehicle_info_path] by /roslaunch
[rosmaster.master][INFO] 2026-05-06 17:22:17,665: +PARAM [/phy_simulator_planning_node/map_path] by /roslaunch
[rosmaster.master][INFO] 2026-05-06 17:22:17,665: +PARAM [/phy_simulator_planning_node/lane_net_path] by /roslaunch
[rosmaster.master][INFO] 2026-05-06 17:22:17,667: +SERVICE [/rosout/get_loggers] /rosout http://y:34901/
[rosmaster.master][INFO] 2026-05-06 17:22:17,667: +SERVICE [/rosout/set_logger_level] /rosout http://y:34901/
[rosmaster.master][INFO] 2026-05-06 17:22:17,668: +PUB [/rosout_agg] /rosout http://y:34901/
[rosmaster.master][INFO] 2026-05-06 17:22:17,668: +SUB [/rosout] /rosout http://y:34901/
[rosmaster.master][INFO] 2026-05-06 17:22:17,692: +PUB [/rosout] /onlane_ai_agent_1 http://y:39111/
[rosmaster.master][INFO] 2026-05-06 17:22:17,693: +SERVICE [/onlane_ai_agent_1/get_loggers] /onlane_ai_agent_1 http://y:39111/
[rosmaster.master][INFO] 2026-05-06 17:22:17,693: +SERVICE [/onlane_ai_agent_1/set_logger_level] /onlane_ai_agent_1 http://y:39111/
[rosmaster.master][INFO] 2026-05-06 17:22:17,693: +PUB [/rosout] /test_ssc_with_eudm_0 http://y:41655/
[rosmaster.master][INFO] 2026-05-06 17:22:17,694: +PUB [/rosout] /onlane_ai_agent_2 http://y:43523/
[rosmaster.master][INFO] 2026-05-06 17:22:17,694: +SERVICE [/test_ssc_with_eudm_0/get_loggers] /test_ssc_with_eudm_0 http://y:41655/
[rosmaster.master][INFO] 2026-05-06 17:22:17,695: +PUB [/ctrl/agent_1] /onlane_ai_agent_1 http://y:39111/
[rosmaster.master][INFO] 2026-05-06 17:22:17,696: +SERVICE [/onlane_ai_agent_2/get_loggers] /onlane_ai_agent_2 http://y:43523/
[rosmaster.master][INFO] 2026-05-06 17:22:17,699: +SERVICE [/test_ssc_with_eudm_0/set_logger_level] /test_ssc_with_eudm_0 http://y:41655/
[rosmaster.master][INFO] 2026-05-06 17:22:17,700: +PUB [/rosout] /onlane_ai_agent_3 http://y:33731/
[rosmaster.master][INFO] 2026-05-06 17:22:17,701: +SERVICE [/onlane_ai_agent_2/set_logger_level] /onlane_ai_agent_2 http://y:43523/
[rosmaster.master][INFO] 2026-05-06 17:22:17,704: +CACHEDPARAM [/rosout_disable_topics_generation] by /test_ssc_with_eudm_0
[rosmaster.master][INFO] 2026-05-06 17:22:17,705: +PUB [/rosout] /onlane_ai_agent_4 http://y:46215/
[rosmaster.master][INFO] 2026-05-06 17:22:17,710: +SERVICE [/onlane_ai_agent_3/get_loggers] /onlane_ai_agent_3 http://y:33731/
[rosmaster.master][INFO] 2026-05-06 17:22:17,711: +SERVICE [/onlane_ai_agent_4/get_loggers] /onlane_ai_agent_4 http://y:46215/
[rosmaster.master][INFO] 2026-05-06 17:22:17,711: +SERVICE [/onlane_ai_agent_4/set_logger_level] /onlane_ai_agent_4 http://y:46215/
[rosmaster.master][INFO] 2026-05-06 17:22:17,713: +SERVICE [/onlane_ai_agent_3/set_logger_level] /onlane_ai_agent_3 http://y:33731/
[rosmaster.master][INFO] 2026-05-06 17:22:17,713: +PUB [/tf] /test_ssc_with_eudm_0 http://y:41655/
[rosmaster.master][INFO] 2026-05-06 17:22:17,714: +PUB [/ctrl/agent_4] /onlane_ai_agent_4 http://y:46215/
[rosmaster.master][INFO] 2026-05-06 17:22:17,714: +PUB [/vis/agent_0/ego_vehicle_vis] /test_ssc_with_eudm_0 http://y:41655/
[rosmaster.master][INFO] 2026-05-06 17:22:17,715: +PUB [/vis/agent_0/obstacle_map] /test_ssc_with_eudm_0 http://y:41655/
[rosmaster.master][INFO] 2026-05-06 17:22:17,717: +PUB [/vis/agent_0/surrounding_lane_net_vis] /test_ssc_with_eudm_0 http://y:41655/
[rosmaster.master][INFO] 2026-05-06 17:22:17,718: +PUB [/rosout] /onlane_ai_agent_6 http://y:34819/
[rosmaster.master][INFO] 2026-05-06 17:22:17,719: +PUB [/vis/agent_0/local_lanes_vis] /test_ssc_with_eudm_0 http://y:41655/
[rosmaster.master][INFO] 2026-05-06 17:22:17,720: +PUB [/vis/agent_0/ego_behavior_vis] /test_ssc_with_eudm_0 http://y:41655/
[rosmaster.master][INFO] 2026-05-06 17:22:17,720: +PUB [/vis/agent_0/pred_traj_openloop_vis] /test_ssc_with_eudm_0 http://y:41655/
[rosmaster.master][INFO] 2026-05-06 17:22:17,720: +PUB [/vis/agent_0/pred_initial_intention_vis] /test_ssc_with_eudm_0 http://y:41655/
[rosmaster.master][INFO] 2026-05-06 17:22:17,720: +PUB [/vis/agent_0/surrounding_vehicle_vis] /test_ssc_with_eudm_0 http://y:41655/
[rosmaster.master][INFO] 2026-05-06 17:22:17,721: +PUB [/vis/agent_0/speed_limit] /test_ssc_with_eudm_0 http://y:41655/
[rosmaster.master][INFO] 2026-05-06 17:22:17,721: +PUB [/vis/agent_0/ssc/map_vis] /test_ssc_with_eudm_0 http://y:41655/
[rosmaster.master][INFO] 2026-05-06 17:22:17,721: +PUB [/vis/agent_0/ssc/qp_vis] /test_ssc_with_eudm_0 http://y:41655/
[rosmaster.master][INFO] 2026-05-06 17:22:17,722: +PUB [/vis/agent_0/ssc/ego_fs_vis] /test_ssc_with_eudm_0 http://y:41655/
[rosmaster.master][INFO] 2026-05-06 17:22:17,722: +PUB [/vis/agent_0/ssc/forward_trajs_vis] /test_ssc_with_eudm_0 http://y:41655/
[rosmaster.master][INFO] 2026-05-06 17:22:17,722: +PUB [/vis/agent_0/ssc/sur_vehicle_trajs_vis] /test_ssc_with_eudm_0 http://y:41655/
[rosmaster.master][INFO] 2026-05-06 17:22:17,723: +PUB [/vis/agent_0/ssc/corridor_vis] /test_ssc_with_eudm_0 http://y:41655/
[rosmaster.master][INFO] 2026-05-06 17:22:17,724: +PUB [/rosout] /onlane_ai_agent_5 http://y:46679/
[rosmaster.master][INFO] 2026-05-06 17:22:17,725: +SERVICE [/onlane_ai_agent_6/get_loggers] /onlane_ai_agent_6 http://y:34819/
[rosmaster.master][INFO] 2026-05-06 17:22:17,725: +SERVICE [/onlane_ai_agent_5/get_loggers] /onlane_ai_agent_5 http://y:46679/
[rosmaster.master][INFO] 2026-05-06 17:22:17,726: +PUB [/ctrl/agent_2] /onlane_ai_agent_2 http://y:43523/
[rosmaster.master][INFO] 2026-05-06 17:22:17,728: +SERVICE [/onlane_ai_agent_5/set_logger_level] /onlane_ai_agent_5 http://y:46679/
[rosmaster.master][INFO] 2026-05-06 17:22:17,729: +PUB [/ctrl/agent_5] /onlane_ai_agent_5 http://y:46679/
[rosmaster.master][INFO] 2026-05-06 17:22:17,729: +PUB [/ctrl/agent_3] /onlane_ai_agent_3 http://y:33731/
[rosmaster.master][INFO] 2026-05-06 17:22:17,733: +PUB [/rosout] /onlane_ai_agent_7 http://y:33199/
[rosmaster.master][INFO] 2026-05-06 17:22:17,733: +SUB [/joy] /test_ssc_with_eudm_0 http://y:41655/
[rosmaster.master][INFO] 2026-05-06 17:22:17,733: +SERVICE [/onlane_ai_agent_6/set_logger_level] /onlane_ai_agent_6 http://y:34819/
[rosmaster.master][INFO] 2026-05-06 17:22:17,734: +PUB [/vis/agent_0/forward_trajs] /test_ssc_with_eudm_0 http://y:41655/
[rosmaster.master][INFO] 2026-05-06 17:22:17,736: +PUB [/ctrl/agent_6] /onlane_ai_agent_6 http://y:34819/
[rosmaster.master][INFO] 2026-05-06 17:22:17,739: +SERVICE [/onlane_ai_agent_7/get_loggers] /onlane_ai_agent_7 http://y:33199/
[rosmaster.master][INFO] 2026-05-06 17:22:17,739: +SERVICE [/onlane_ai_agent_7/set_logger_level] /onlane_ai_agent_7 http://y:33199/
[rosmaster.master][INFO] 2026-05-06 17:22:17,741: +PUB [/ctrl/agent_0] /test_ssc_with_eudm_0 http://y:41655/
[rosmaster.master][INFO] 2026-05-06 17:22:17,741: +PUB [/test_ssc_with_eudm_0/ssc_map] /test_ssc_with_eudm_0 http://y:41655/
[rosmaster.master][INFO] 2026-05-06 17:22:17,742: +PUB [/vis/agent_0/ssc/exec_traj] /test_ssc_with_eudm_0 http://y:41655/
[rosmaster.master][INFO] 2026-05-06 17:22:17,743: +SUB [/arena_info_static] /test_ssc_with_eudm_0 http://y:41655/
[rosmaster.master][INFO] 2026-05-06 17:22:17,746: +SUB [/arena_info_dynamic] /test_ssc_with_eudm_0 http://y:41655/
[rosmaster.master][INFO] 2026-05-06 17:22:17,747: +PUB [/rosout] /onlane_ai_agent_10 http://y:43515/
[rosmaster.master][INFO] 2026-05-06 17:22:17,747: publisherUpdate[/rosout] -> http://y:34901/ ['http://y:39111/']
[rosmaster.master][INFO] 2026-05-06 17:22:17,748: +SERVICE [/onlane_ai_agent_10/get_loggers] /onlane_ai_agent_10 http://y:43515/
[rosmaster.master][INFO] 2026-05-06 17:22:17,748: +SERVICE [/onlane_ai_agent_10/set_logger_level] /onlane_ai_agent_10 http://y:43515/
[rosmaster.master][INFO] 2026-05-06 17:22:17,750: +PUB [/ctrl/agent_10] /onlane_ai_agent_10 http://y:43515/
[rosmaster.master][INFO] 2026-05-06 17:22:17,752: publisherUpdate[/rosout] -> http://y:34901/ ['http://y:39111/']: sec=0.00, result=[1, '', 0]
[rosmaster.master][INFO] 2026-05-06 17:22:17,752: publisherUpdate[/rosout] -> http://y:34901/ ['http://y:39111/', 'http://y:41655/']
[rosmaster.master][INFO] 2026-05-06 17:22:17,752: +PUB [/rosout] /onlane_ai_agent_8 http://y:35941/
[rosmaster.master][INFO] 2026-05-06 17:22:17,753: publisherUpdate[/rosout] -> http://y:34901/ ['http://y:39111/', 'http://y:41655/']: sec=0.00, result=[1, '', 0]
[rosmaster.master][INFO] 2026-05-06 17:22:17,753: publisherUpdate[/rosout] -> http://y:34901/ ['http://y:39111/', 'http://y:41655/', 'http://y:43523/']
[rosmaster.master][INFO] 2026-05-06 17:22:17,753: +PUB [/rosout] /onlane_ai_agent_9 http://y:38915/
[rosmaster.master][INFO] 2026-05-06 17:22:17,758: publisherUpdate[/rosout] -> http://y:34901/ ['http://y:39111/', 'http://y:41655/', 'http://y:43523/']: sec=0.01, result=[1, '', 0]
[rosmaster.master][INFO] 2026-05-06 17:22:17,759: publisherUpdate[/rosout] -> http://y:34901/ ['http://y:39111/', 'http://y:41655/', 'http://y:43523/', 'http://y:33731/']
[rosmaster.master][INFO] 2026-05-06 17:22:17,759: +SERVICE [/onlane_ai_agent_9/get_loggers] /onlane_ai_agent_9 http://y:38915/
[rosmaster.master][INFO] 2026-05-06 17:22:17,759: publisherUpdate[/rosout] -> http://y:34901/ ['http://y:39111/', 'http://y:41655/', 'http://y:43523/', 'http://y:33731/']: sec=0.00, result=[1, '', 0]
[rosmaster.master][INFO] 2026-05-06 17:22:17,759: publisherUpdate[/rosout] -> http://y:34901/ ['http://y:39111/', 'http://y:41655/', 'http://y:43523/', 'http://y:33731/', 'http://y:46215/']
[rosmaster.master][INFO] 2026-05-06 17:22:17,760: publisherUpdate[/rosout] -> http://y:34901/ ['http://y:39111/', 'http://y:41655/', 'http://y:43523/', 'http://y:33731/', 'http://y:46215/']: sec=0.00, result=[1, '', 0]
[rosmaster.master][INFO] 2026-05-06 17:22:17,760: +SERVICE [/onlane_ai_agent_9/set_logger_level] /onlane_ai_agent_9 http://y:38915/
[rosmaster.master][INFO] 2026-05-06 17:22:17,760: publisherUpdate[/rosout] -> http://y:34901/ ['http://y:39111/', 'http://y:41655/', 'http://y:43523/', 'http://y:33731/', 'http://y:46215/', 'http://y:34819/']
[rosmaster.master][INFO] 2026-05-06 17:22:17,761: publisherUpdate[/rosout] -> http://y:34901/ ['http://y:39111/', 'http://y:41655/', 'http://y:43523/', 'http://y:33731/', 'http://y:46215/', 'http://y:34819/']: sec=0.00, result=[1, '', 0]
[rosmaster.master][INFO] 2026-05-06 17:22:17,762: publisherUpdate[/rosout] -> http://y:34901/ ['http://y:39111/', 'http://y:41655/', 'http://y:43523/', 'http://y:33731/', 'http://y:46215/', 'http://y:34819/', 'http://y:46679/']
[rosmaster.master][INFO] 2026-05-06 17:22:17,765: publisherUpdate[/rosout] -> http://y:34901/ ['http://y:39111/', 'http://y:41655/', 'http://y:43523/', 'http://y:33731/', 'http://y:46215/', 'http://y:34819/', 'http://y:46679/']: sec=0.00, result=[1, '', 0]
[rosmaster.master][INFO] 2026-05-06 17:22:17,765: publisherUpdate[/rosout] -> http://y:34901/ ['http://y:39111/', 'http://y:41655/', 'http://y:43523/', 'http://y:33731/', 'http://y:46215/', 'http://y:34819/', 'http://y:46679/', 'http://y:33199/']
[rosmaster.master][INFO] 2026-05-06 17:22:17,765: +SERVICE [/onlane_ai_agent_8/get_loggers] /onlane_ai_agent_8 http://y:35941/
[rosmaster.master][INFO] 2026-05-06 17:22:17,766: publisherUpdate[/rosout] -> http://y:34901/ ['http://y:39111/', 'http://y:41655/', 'http://y:43523/', 'http://y:33731/', 'http://y:46215/', 'http://y:34819/', 'http://y:46679/', 'http://y:33199/']: sec=0.00, result=[1, '', 0]
[rosmaster.master][INFO] 2026-05-06 17:22:17,767: publisherUpdate[/rosout] -> http://y:34901/ ['http://y:39111/', 'http://y:41655/', 'http://y:43523/', 'http://y:33731/', 'http://y:46215/', 'http://y:34819/', 'http://y:46679/', 'http://y:33199/', 'http://y:43515/']
[rosmaster.master][INFO] 2026-05-06 17:22:17,768: publisherUpdate[/rosout] -> http://y:34901/ ['http://y:39111/', 'http://y:41655/', 'http://y:43523/', 'http://y:33731/', 'http://y:46215/', 'http://y:34819/', 'http://y:46679/', 'http://y:33199/', 'http://y:43515/']: sec=0.00, result=[1, '', 0]
[rosmaster.master][INFO] 2026-05-06 17:22:17,768: publisherUpdate[/rosout] -> http://y:34901/ ['http://y:39111/', 'http://y:41655/', 'http://y:43523/', 'http://y:33731/', 'http://y:46215/', 'http://y:34819/', 'http://y:46679/', 'http://y:33199/', 'http://y:43515/', 'http://y:35941/']
[rosmaster.master][INFO] 2026-05-06 17:22:17,768: +PUB [/ctrl/agent_9] /onlane_ai_agent_9 http://y:38915/
[rosmaster.master][INFO] 2026-05-06 17:22:17,768: publisherUpdate[/rosout] -> http://y:34901/ ['http://y:39111/', 'http://y:41655/', 'http://y:43523/', 'http://y:33731/', 'http://y:46215/', 'http://y:34819/', 'http://y:46679/', 'http://y:33199/', 'http://y:43515/', 'http://y:35941/']: sec=0.00, result=[1, '', 0]
[rosmaster.master][INFO] 2026-05-06 17:22:17,770: publisherUpdate[/rosout] -> http://y:34901/ ['http://y:39111/', 'http://y:41655/', 'http://y:43523/', 'http://y:33731/', 'http://y:46215/', 'http://y:34819/', 'http://y:46679/', 'http://y:33199/', 'http://y:43515/', 'http://y:35941/', 'http://y:38915/']
[rosmaster.master][INFO] 2026-05-06 17:22:17,771: publisherUpdate[/rosout] -> http://y:34901/ ['http://y:39111/', 'http://y:41655/', 'http://y:43523/', 'http://y:33731/', 'http://y:46215/', 'http://y:34819/', 'http://y:46679/', 'http://y:33199/', 'http://y:43515/', 'http://y:35941/', 'http://y:38915/']: sec=0.00, result=[1, '', 0]
[rosmaster.master][INFO] 2026-05-06 17:22:17,776: +SERVICE [/onlane_ai_agent_8/set_logger_level] /onlane_ai_agent_8 http://y:35941/
[rosmaster.master][INFO] 2026-05-06 17:22:17,777: +PUB [/ctrl/agent_7] /onlane_ai_agent_7 http://y:33199/
[rosmaster.master][INFO] 2026-05-06 17:22:17,782: +PUB [/rosout] /phy_simulator_planning_node http://y:38263/
[rosmaster.master][INFO] 2026-05-06 17:22:17,796: +SERVICE [/phy_simulator_planning_node/get_loggers] /phy_simulator_planning_node http://y:38263/
[rosmaster.master][INFO] 2026-05-06 17:22:17,796: +SERVICE [/phy_simulator_planning_node/set_logger_level] /phy_simulator_planning_node http://y:38263/
[rosmaster.master][INFO] 2026-05-06 17:22:17,805: +PUB [/ctrl/agent_8] /onlane_ai_agent_8 http://y:35941/
[rosmaster.master][INFO] 2026-05-06 17:22:17,834: +PUB [/arena_info_static] /phy_simulator_planning_node http://y:38263/
[rosmaster.master][INFO] 2026-05-06 17:22:17,835: +PUB [/arena_info_dynamic] /phy_simulator_planning_node http://y:38263/
[rosmaster.master][INFO] 2026-05-06 17:22:17,835: +PUB [/phy_simulator_planning_node/vis/vehicle_set_vis] /phy_simulator_planning_node http://y:38263/
[rosmaster.master][INFO] 2026-05-06 17:22:17,836: +PUB [/phy_simulator_planning_node/vis/lane_net_vis] /phy_simulator_planning_node http://y:38263/
[rosmaster.master][INFO] 2026-05-06 17:22:17,836: +PUB [/phy_simulator_planning_node/vis/obstacle_set_vis] /phy_simulator_planning_node http://y:38263/
[rosmaster.master][INFO] 2026-05-06 17:22:17,838: +SUB [/ctrl/agent_10] /phy_simulator_planning_node http://y:38263/
[rosmaster.master][INFO] 2026-05-06 17:22:17,844: +SUB [/ctrl/agent_9] /phy_simulator_planning_node http://y:38263/
[rosmaster.master][INFO] 2026-05-06 17:22:17,846: +SUB [/ctrl/agent_8] /phy_simulator_planning_node http://y:38263/
[rosmaster.master][INFO] 2026-05-06 17:22:17,848: publisherUpdate[/rosout] -> http://y:34901/ ['http://y:39111/', 'http://y:41655/', 'http://y:43523/', 'http://y:33731/', 'http://y:46215/', 'http://y:34819/', 'http://y:46679/', 'http://y:33199/', 'http://y:43515/', 'http://y:35941/', 'http://y:38915/', 'http://y:38263/']
[rosmaster.master][INFO] 2026-05-06 17:22:17,848: publisherUpdate[/arena_info_static] -> http://y:41655/ ['http://y:38263/']
[rosmaster.master][INFO] 2026-05-06 17:22:17,849: publisherUpdate[/rosout] -> http://y:34901/ ['http://y:39111/', 'http://y:41655/', 'http://y:43523/', 'http://y:33731/', 'http://y:46215/', 'http://y:34819/', 'http://y:46679/', 'http://y:33199/', 'http://y:43515/', 'http://y:35941/', 'http://y:38915/', 'http://y:38263/']: sec=0.00, result=[1, '', 0]
[rosmaster.master][INFO] 2026-05-06 17:22:17,849: publisherUpdate[/arena_info_static] -> http://y:41655/ ['http://y:38263/']: sec=0.00, result=[1, '', 0]
[rosmaster.master][INFO] 2026-05-06 17:22:17,849: publisherUpdate[/arena_info_dynamic] -> http://y:41655/ ['http://y:38263/']
[rosmaster.master][INFO] 2026-05-06 17:22:17,850: publisherUpdate[/arena_info_dynamic] -> http://y:41655/ ['http://y:38263/']: sec=0.00, result=[1, '', 0]
[rosmaster.master][INFO] 2026-05-06 17:22:17,850: +SUB [/ctrl/agent_7] /phy_simulator_planning_node http://y:38263/
[rosmaster.master][INFO] 2026-05-06 17:22:17,875: +SUB [/ctrl/agent_6] /phy_simulator_planning_node http://y:38263/
[rosmaster.master][INFO] 2026-05-06 17:22:17,890: +SUB [/ctrl/agent_5] /phy_simulator_planning_node http://y:38263/
[rosmaster.master][INFO] 2026-05-06 17:22:17,891: +SUB [/ctrl/agent_4] /phy_simulator_planning_node http://y:38263/
[rosmaster.master][INFO] 2026-05-06 17:22:17,891: +SUB [/ctrl/agent_3] /phy_simulator_planning_node http://y:38263/
[rosmaster.master][INFO] 2026-05-06 17:22:17,892: +SUB [/ctrl/agent_2] /phy_simulator_planning_node http://y:38263/
[rosmaster.master][INFO] 2026-05-06 17:22:17,893: +SUB [/ctrl/agent_1] /phy_simulator_planning_node http://y:38263/
[rosmaster.master][INFO] 2026-05-06 17:22:17,894: +SUB [/ctrl/agent_0] /phy_simulator_planning_node http://y:38263/
[rosmaster.master][INFO] 2026-05-06 17:22:17,894: +SUB [/initialpose] /phy_simulator_planning_node http://y:38263/
[rosmaster.master][INFO] 2026-05-06 17:22:17,895: +SUB [/move_base_simple/goal] /phy_simulator_planning_node http://y:38263/
[rosmaster.master][INFO] 2026-05-06 17:22:18,156: +CACHEDPARAM [/rosout/omit_topics] by /rosout
[rosmaster.master][INFO] 2026-05-06 17:22:25,334: +PUB [/rosout] /epsilon_metric_collector_2331676_1778059345209 http://y:35187/
[rosmaster.master][INFO] 2026-05-06 17:22:25,336: +SERVICE [/epsilon_metric_collector_2331676_1778059345209/get_loggers] /epsilon_metric_collector_2331676_1778059345209 http://y:35187/
[rosmaster.master][INFO] 2026-05-06 17:22:25,336: +SERVICE [/epsilon_metric_collector_2331676_1778059345209/set_logger_level] /epsilon_metric_collector_2331676_1778059345209 http://y:35187/
[rosmaster.master][INFO] 2026-05-06 17:22:25,337: +SUB [/arena_info_dynamic] /epsilon_metric_collector_2331676_1778059345209 http://y:35187/
[rosmaster.master][INFO] 2026-05-06 17:22:25,361: publisherUpdate[/rosout] -> http://y:34901/ ['http://y:39111/', 'http://y:41655/', 'http://y:43523/', 'http://y:33731/', 'http://y:46215/', 'http://y:34819/', 'http://y:46679/', 'http://y:33199/', 'http://y:43515/', 'http://y:35941/', 'http://y:38915/', 'http://y:38263/', 'http://y:35187/']
[rosmaster.master][INFO] 2026-05-06 17:22:25,362: publisherUpdate[/rosout] -> http://y:34901/ ['http://y:39111/', 'http://y:41655/', 'http://y:43523/', 'http://y:33731/', 'http://y:46215/', 'http://y:34819/', 'http://y:46679/', 'http://y:33199/', 'http://y:43515/', 'http://y:35941/', 'http://y:38915/', 'http://y:38263/', 'http://y:35187/']: sec=0.00, result=[1, '', 0]
[rosmaster.master][INFO] 2026-05-06 17:24:24,985: -SUB [/arena_info_dynamic] /epsilon_metric_collector_2331676_1778059345209 http://y:35187/
[rosmaster.master][INFO] 2026-05-06 17:24:24,985: -PUB [/rosout] /epsilon_metric_collector_2331676_1778059345209 http://y:35187/
[rosmaster.master][INFO] 2026-05-06 17:24:24,985: -SERVICE [/epsilon_metric_collector_2331676_1778059345209/get_loggers] /epsilon_metric_collector_2331676_1778059345209 rosrpc://y:46239
[rosmaster.master][INFO] 2026-05-06 17:24:24,985: -SERVICE [/epsilon_metric_collector_2331676_1778059345209/set_logger_level] /epsilon_metric_collector_2331676_1778059345209 rosrpc://y:46239
[rosmaster.master][INFO] 2026-05-06 17:24:24,992: publisherUpdate[/rosout] -> http://y:34901/ ['http://y:39111/', 'http://y:41655/', 'http://y:43523/', 'http://y:33731/', 'http://y:46215/', 'http://y:34819/', 'http://y:46679/', 'http://y:33199/', 'http://y:43515/', 'http://y:35941/', 'http://y:38915/', 'http://y:38263/']
[rosmaster.master][INFO] 2026-05-06 17:24:24,993: publisherUpdate[/rosout] -> http://y:34901/ ['http://y:39111/', 'http://y:41655/', 'http://y:43523/', 'http://y:33731/', 'http://y:46215/', 'http://y:34819/', 'http://y:46679/', 'http://y:33199/', 'http://y:43515/', 'http://y:35941/', 'http://y:38915/', 'http://y:38263/']: sec=0.00, result=[1, '', 0]
[rosmaster.master][INFO] 2026-05-06 17:24:25,967: +PUB [/rosout] /rostopic_2396768_1778059465856 http://y:46153/
[rosmaster.master][INFO] 2026-05-06 17:24:25,969: +SERVICE [/rostopic_2396768_1778059465856/get_loggers] /rostopic_2396768_1778059465856 http://y:46153/
[rosmaster.master][INFO] 2026-05-06 17:24:25,970: +SERVICE [/rostopic_2396768_1778059465856/set_logger_level] /rostopic_2396768_1778059465856 http://y:46153/
[rosmaster.master][INFO] 2026-05-06 17:24:25,977: +SUB [/arena_info_dynamic] /rostopic_2396768_1778059465856 http://y:46153/
[rosmaster.master][INFO] 2026-05-06 17:24:25,994: publisherUpdate[/rosout] -> http://y:34901/ ['http://y:39111/', 'http://y:41655/', 'http://y:43523/', 'http://y:33731/', 'http://y:46215/', 'http://y:34819/', 'http://y:46679/', 'http://y:33199/', 'http://y:43515/', 'http://y:35941/', 'http://y:38915/', 'http://y:38263/', 'http://y:46153/']
[rosmaster.master][INFO] 2026-05-06 17:24:25,995: publisherUpdate[/rosout] -> http://y:34901/ ['http://y:39111/', 'http://y:41655/', 'http://y:43523/', 'http://y:33731/', 'http://y:46215/', 'http://y:34819/', 'http://y:46679/', 'http://y:33199/', 'http://y:43515/', 'http://y:35941/', 'http://y:38915/', 'http://y:38263/', 'http://y:46153/']: sec=0.00, result=[1, '', 0]
[rosmaster.master][INFO] 2026-05-06 17:24:40,619: -SUB [/arena_info_dynamic] /rostopic_2396768_1778059465856 http://y:46153/
[rosmaster.master][INFO] 2026-05-06 17:24:40,619: -PUB [/rosout] /rostopic_2396768_1778059465856 http://y:46153/
[rosmaster.master][INFO] 2026-05-06 17:24:40,619: -SERVICE [/rostopic_2396768_1778059465856/get_loggers] /rostopic_2396768_1778059465856 rosrpc://y:45785
[rosmaster.master][INFO] 2026-05-06 17:24:40,619: -SERVICE [/rostopic_2396768_1778059465856/set_logger_level] /rostopic_2396768_1778059465856 rosrpc://y:45785
[rosmaster.master][INFO] 2026-05-06 17:24:40,623: publisherUpdate[/rosout] -> http://y:34901/ ['http://y:39111/', 'http://y:41655/', 'http://y:43523/', 'http://y:33731/', 'http://y:46215/', 'http://y:34819/', 'http://y:46679/', 'http://y:33199/', 'http://y:43515/', 'http://y:35941/', 'http://y:38915/', 'http://y:38263/']
[rosmaster.master][INFO] 2026-05-06 17:24:40,623: publisherUpdate[/rosout] -> http://y:34901/ ['http://y:39111/', 'http://y:41655/', 'http://y:43523/', 'http://y:33731/', 'http://y:46215/', 'http://y:34819/', 'http://y:46679/', 'http://y:33199/', 'http://y:43515/', 'http://y:35941/', 'http://y:38915/', 'http://y:38263/']: sec=0.00, result=[1, '', 0]
[rosmaster.master][INFO] 2026-05-06 17:24:41,406: -PUB [/rosout] /phy_simulator_planning_node http://y:38263/
[rosmaster.master][INFO] 2026-05-06 17:24:41,407: -PUB [/arena_info_static] /phy_simulator_planning_node http://y:38263/
[rosmaster.master][INFO] 2026-05-06 17:24:41,408: -PUB [/rosout] /test_ssc_with_eudm_0 http://y:41655/
[rosmaster.master][INFO] 2026-05-06 17:24:41,409: -PUB [/arena_info_dynamic] /phy_simulator_planning_node http://y:38263/
[rosmaster.master][INFO] 2026-05-06 17:24:41,409: -PUB [/tf] /test_ssc_with_eudm_0 http://y:41655/
[rosmaster.master][INFO] 2026-05-06 17:24:41,410: -PUB [/phy_simulator_planning_node/vis/vehicle_set_vis] /phy_simulator_planning_node http://y:38263/
[rosmaster.master][INFO] 2026-05-06 17:24:41,411: -PUB [/vis/agent_0/ego_vehicle_vis] /test_ssc_with_eudm_0 http://y:41655/
[rosmaster.master][INFO] 2026-05-06 17:24:41,412: -PUB [/phy_simulator_planning_node/vis/lane_net_vis] /phy_simulator_planning_node http://y:38263/
[rosmaster.master][INFO] 2026-05-06 17:24:41,412: -PUB [/vis/agent_0/obstacle_map] /test_ssc_with_eudm_0 http://y:41655/
[rosmaster.master][INFO] 2026-05-06 17:24:41,413: -PUB [/phy_simulator_planning_node/vis/obstacle_set_vis] /phy_simulator_planning_node http://y:38263/
[rosmaster.master][INFO] 2026-05-06 17:24:41,414: -PUB [/vis/agent_0/surrounding_lane_net_vis] /test_ssc_with_eudm_0 http://y:41655/
[rosmaster.master][INFO] 2026-05-06 17:24:41,415: -SUB [/ctrl/agent_10] /phy_simulator_planning_node http://y:38263/
[rosmaster.master][INFO] 2026-05-06 17:24:41,415: -PUB [/vis/agent_0/local_lanes_vis] /test_ssc_with_eudm_0 http://y:41655/
[rosmaster.master][INFO] 2026-05-06 17:24:41,416: -SUB [/ctrl/agent_9] /phy_simulator_planning_node http://y:38263/
[rosmaster.master][INFO] 2026-05-06 17:24:41,417: -PUB [/vis/agent_0/ego_behavior_vis] /test_ssc_with_eudm_0 http://y:41655/
[rosmaster.master][INFO] 2026-05-06 17:24:41,417: -SUB [/ctrl/agent_8] /phy_simulator_planning_node http://y:38263/
[rosmaster.master][INFO] 2026-05-06 17:24:41,418: -PUB [/vis/agent_0/pred_traj_openloop_vis] /test_ssc_with_eudm_0 http://y:41655/
[rosmaster.master][INFO] 2026-05-06 17:24:41,418: -SUB [/ctrl/agent_7] /phy_simulator_planning_node http://y:38263/
[rosmaster.master][INFO] 2026-05-06 17:24:41,419: -PUB [/vis/agent_0/pred_initial_intention_vis] /test_ssc_with_eudm_0 http://y:41655/
[rosmaster.master][INFO] 2026-05-06 17:24:41,419: -SUB [/ctrl/agent_6] /phy_simulator_planning_node http://y:38263/
[rosmaster.master][INFO] 2026-05-06 17:24:41,420: -PUB [/vis/agent_0/surrounding_vehicle_vis] /test_ssc_with_eudm_0 http://y:41655/
[rosmaster.master][INFO] 2026-05-06 17:24:41,420: -SUB [/ctrl/agent_5] /phy_simulator_planning_node http://y:38263/
[rosmaster.master][INFO] 2026-05-06 17:24:41,421: -PUB [/vis/agent_0/speed_limit] /test_ssc_with_eudm_0 http://y:41655/
[rosmaster.master][INFO] 2026-05-06 17:24:41,421: -SUB [/ctrl/agent_4] /phy_simulator_planning_node http://y:38263/
[rosmaster.master][INFO] 2026-05-06 17:24:41,422: -PUB [/vis/agent_0/ssc/map_vis] /test_ssc_with_eudm_0 http://y:41655/
[rosmaster.master][INFO] 2026-05-06 17:24:41,422: -SUB [/ctrl/agent_3] /phy_simulator_planning_node http://y:38263/
[rosmaster.master][INFO] 2026-05-06 17:24:41,423: -PUB [/vis/agent_0/ssc/qp_vis] /test_ssc_with_eudm_0 http://y:41655/
[rosmaster.master][INFO] 2026-05-06 17:24:41,423: -SUB [/ctrl/agent_2] /phy_simulator_planning_node http://y:38263/
[rosmaster.master][INFO] 2026-05-06 17:24:41,424: -PUB [/vis/agent_0/ssc/ego_fs_vis] /test_ssc_with_eudm_0 http://y:41655/
[rosmaster.master][INFO] 2026-05-06 17:24:41,424: -SUB [/ctrl/agent_1] /phy_simulator_planning_node http://y:38263/
[rosmaster.master][INFO] 2026-05-06 17:24:41,425: -PUB [/vis/agent_0/ssc/forward_trajs_vis] /test_ssc_with_eudm_0 http://y:41655/
[rosmaster.master][INFO] 2026-05-06 17:24:41,426: -SUB [/ctrl/agent_0] /phy_simulator_planning_node http://y:38263/
[rosmaster.master][INFO] 2026-05-06 17:24:41,426: -PUB [/vis/agent_0/ssc/sur_vehicle_trajs_vis] /test_ssc_with_eudm_0 http://y:41655/
[rosmaster.master][INFO] 2026-05-06 17:24:41,427: publisherUpdate[/rosout] -> http://y:34901/ ['http://y:39111/', 'http://y:41655/', 'http://y:43523/', 'http://y:33731/', 'http://y:46215/', 'http://y:34819/', 'http://y:46679/', 'http://y:33199/', 'http://y:43515/', 'http://y:35941/', 'http://y:38915/']
[rosmaster.master][INFO] 2026-05-06 17:24:41,428: -SUB [/initialpose] /phy_simulator_planning_node http://y:38263/
[rosmaster.master][INFO] 2026-05-06 17:24:41,428: publisherUpdate[/arena_info_static] -> http://y:41655/ []
[rosmaster.master][INFO] 2026-05-06 17:24:41,428: -PUB [/vis/agent_0/ssc/corridor_vis] /test_ssc_with_eudm_0 http://y:41655/
[rosmaster.master][INFO] 2026-05-06 17:24:41,429: publisherUpdate[/rosout] -> http://y:34901/ ['http://y:39111/', 'http://y:41655/', 'http://y:43523/', 'http://y:33731/', 'http://y:46215/', 'http://y:34819/', 'http://y:46679/', 'http://y:33199/', 'http://y:43515/', 'http://y:35941/', 'http://y:38915/']: sec=0.00, result=[1, '', 0]
[rosmaster.master][INFO] 2026-05-06 17:24:41,430: -SUB [/move_base_simple/goal] /phy_simulator_planning_node http://y:38263/
[rosmaster.master][INFO] 2026-05-06 17:24:41,430: publisherUpdate[/rosout] -> http://y:34901/ ['http://y:39111/', 'http://y:43523/', 'http://y:33731/', 'http://y:46215/', 'http://y:34819/', 'http://y:46679/', 'http://y:33199/', 'http://y:43515/', 'http://y:35941/', 'http://y:38915/']
[rosmaster.master][INFO] 2026-05-06 17:24:41,431: -PUB [/vis/agent_0/forward_trajs] /test_ssc_with_eudm_0 http://y:41655/
[rosmaster.master][INFO] 2026-05-06 17:24:41,431: publisherUpdate[/arena_info_static] -> http://y:41655/ []: sec=0.00, exception=<Fault -1: 'publisherUpdate: unknown method name'>
[rosmaster.master][INFO] 2026-05-06 17:24:41,432: -SERVICE [/phy_simulator_planning_node/get_loggers] /phy_simulator_planning_node rosrpc://y:39835
[rosmaster.master][INFO] 2026-05-06 17:24:41,433: publisherUpdate[/rosout] -> http://y:34901/ ['http://y:39111/', 'http://y:43523/', 'http://y:33731/', 'http://y:46215/', 'http://y:34819/', 'http://y:46679/', 'http://y:33199/', 'http://y:43515/', 'http://y:35941/', 'http://y:38915/']: sec=0.00, result=[1, '', 0]
[rosmaster.master][INFO] 2026-05-06 17:24:41,433: -PUB [/ctrl/agent_0] /test_ssc_with_eudm_0 http://y:41655/
[rosmaster.master][INFO] 2026-05-06 17:24:41,433: publisherUpdate[/arena_info_dynamic] -> http://y:41655/ []
[rosmaster.master][INFO] 2026-05-06 17:24:41,435: -SERVICE [/phy_simulator_planning_node/set_logger_level] /phy_simulator_planning_node rosrpc://y:39835
[rosmaster.master][INFO] 2026-05-06 17:24:41,435: publisherUpdate[/arena_info_dynamic] -> http://y:41655/ []: sec=0.00, exception=<Fault -1: 'publisherUpdate: unknown method name'>
[rosmaster.master][INFO] 2026-05-06 17:24:41,436: -PUB [/test_ssc_with_eudm_0/ssc_map] /test_ssc_with_eudm_0 http://y:41655/
[rosmaster.threadpool][ERROR] 2026-05-06 17:24:41,436: Traceback (most recent call last):
  File "/opt/ros/noetic/lib/python3/dist-packages/rosmaster/threadpool.py", line 218, in run
    result = cmd(*args)
  File "/opt/ros/noetic/lib/python3/dist-packages/rosmaster/master_api.py", line 210, in publisher_update_task
    ret = xmlrpcapi(api).publisherUpdate('/master', topic, pub_uris)
  File "/usr/lib/python3.8/xmlrpc/client.py", line 1109, in __call__
    return self.__send(self.__name, args)
  File "/usr/lib/python3.8/xmlrpc/client.py", line 1450, in __request
    response = self.__transport.request(
  File "/usr/lib/python3.8/xmlrpc/client.py", line 1153, in request
    return self.single_request(host, handler, request_body, verbose)
  File "/usr/lib/python3.8/xmlrpc/client.py", line 1169, in single_request
    return self.parse_response(resp)
  File "/usr/lib/python3.8/xmlrpc/client.py", line 1341, in parse_response
    return u.close()
  File "/usr/lib/python3.8/xmlrpc/client.py", line 655, in close
    raise Fault(**self._stack[0])
xmlrpc.client.Fault: <Fault -1: 'publisherUpdate: unknown method name'>

[rosmaster.master][INFO] 2026-05-06 17:24:41,437: -PUB [/vis/agent_0/ssc/exec_traj] /test_ssc_with_eudm_0 http://y:41655/
[rosmaster.master][INFO] 2026-05-06 17:24:41,437: -SUB [/joy] /test_ssc_with_eudm_0 http://y:41655/
[rosmaster.threadpool][ERROR] 2026-05-06 17:24:41,438: Traceback (most recent call last):
  File "/opt/ros/noetic/lib/python3/dist-packages/rosmaster/threadpool.py", line 218, in run
    result = cmd(*args)
  File "/opt/ros/noetic/lib/python3/dist-packages/rosmaster/master_api.py", line 210, in publisher_update_task
    ret = xmlrpcapi(api).publisherUpdate('/master', topic, pub_uris)
  File "/usr/lib/python3.8/xmlrpc/client.py", line 1109, in __call__
    return self.__send(self.__name, args)
  File "/usr/lib/python3.8/xmlrpc/client.py", line 1450, in __request
    response = self.__transport.request(
  File "/usr/lib/python3.8/xmlrpc/client.py", line 1153, in request
    return self.single_request(host, handler, request_body, verbose)
  File "/usr/lib/python3.8/xmlrpc/client.py", line 1169, in single_request
    return self.parse_response(resp)
  File "/usr/lib/python3.8/xmlrpc/client.py", line 1341, in parse_response
    return u.close()
  File "/usr/lib/python3.8/xmlrpc/client.py", line 655, in close
    raise Fault(**self._stack[0])
xmlrpc.client.Fault: <Fault -1: 'publisherUpdate: unknown method name'>

[rosmaster.master][INFO] 2026-05-06 17:24:41,438: -SUB [/arena_info_static] /test_ssc_with_eudm_0 http://y:41655/
[rosmaster.master][INFO] 2026-05-06 17:24:41,439: -SUB [/arena_info_dynamic] /test_ssc_with_eudm_0 http://y:41655/
[rosmaster.master][INFO] 2026-05-06 17:24:41,439: -SERVICE [/test_ssc_with_eudm_0/get_loggers] /test_ssc_with_eudm_0 rosrpc://y:47325
[rosmaster.master][INFO] 2026-05-06 17:24:41,440: -SERVICE [/test_ssc_with_eudm_0/set_logger_level] /test_ssc_with_eudm_0 rosrpc://y:47325
[rosmaster.master][INFO] 2026-05-06 17:24:41,440: -CACHEDPARAM [/rosout_disable_topics_generation] by /test_ssc_with_eudm_0
[rosmaster.master][INFO] 2026-05-06 17:24:41,633: -PUB [/rosout_agg] /rosout http://y:34901/
[rosmaster.master][INFO] 2026-05-06 17:24:41,634: -SUB [/rosout] /rosout http://y:34901/
[rosmaster.master][INFO] 2026-05-06 17:24:41,634: -SERVICE [/rosout/get_loggers] /rosout rosrpc://y:38413
[rosmaster.master][INFO] 2026-05-06 17:24:41,635: -SERVICE [/rosout/set_logger_level] /rosout rosrpc://y:38413
[rosmaster.master][INFO] 2026-05-06 17:24:41,636: -CACHEDPARAM [/rosout/omit_topics] by /rosout
[rosmaster.main][INFO] 2026-05-06 17:24:41,667: keyboard interrupt, will exit
[rosmaster.main][INFO] 2026-05-06 17:24:41,668: stopping master...
[rospy.core][INFO] 2026-05-06 17:24:41,668: signal_shutdown [atexit]
