[rosmaster.main][INFO] 2026-05-06 17:34:52,779: initialization complete, waiting for shutdown
[rosmaster.main][INFO] 2026-05-06 17:34:52,779: Starting ROS Master Node
[xmlrpc][INFO] 2026-05-06 17:34:52,779: XML-RPC server binding to 0.0.0.0:11311
[xmlrpc][INFO] 2026-05-06 17:34:52,779: Started XML-RPC server [http://y:11311/]
[xmlrpc][INFO] 2026-05-06 17:34:52,780: xml rpc node: starting XML-RPC server
[rosmaster.master][INFO] 2026-05-06 17:34:52,780: Master initialized: port[11311], uri[http://y:11311/]
[rosmaster.master][INFO] 2026-05-06 17:34:52,877: +PARAM [/run_id] by /roslaunch
[rosmaster.master][INFO] 2026-05-06 17:34:52,879: +PARAM [/roslaunch/uris/host_y__38997] by /roslaunch
[rosmaster.master][INFO] 2026-05-06 17:34:52,910: +PARAM [/rosversion] by /roslaunch
[rosmaster.master][INFO] 2026-05-06 17:34:52,910: +PARAM [/rosdistro] by /roslaunch
[rosmaster.master][INFO] 2026-05-06 17:34:52,910: +PARAM [/test_ssc_with_eudm_0/ego_id] by /roslaunch
[rosmaster.master][INFO] 2026-05-06 17:34:52,910: +PARAM [/test_ssc_with_eudm_0/agent_config_path] by /roslaunch
[rosmaster.master][INFO] 2026-05-06 17:34:52,910: +PARAM [/test_ssc_with_eudm_0/bp_config_path] by /roslaunch
[rosmaster.master][INFO] 2026-05-06 17:34:52,910: +PARAM [/test_ssc_with_eudm_0/ssc_config_path] by /roslaunch
[rosmaster.master][INFO] 2026-05-06 17:34:52,910: +PARAM [/test_ssc_with_eudm_0/desired_vel] by /roslaunch
[rosmaster.master][INFO] 2026-05-06 17:34:52,910: +PARAM [/test_ssc_with_eudm_0/use_sim_state] by /roslaunch
[rosmaster.master][INFO] 2026-05-06 17:34:52,910: +PARAM [/onlane_ai_agent_1/ego_id] by /roslaunch
[rosmaster.master][INFO] 2026-05-06 17:34:52,910: +PARAM [/onlane_ai_agent_1/agent_config_path] by /roslaunch
[rosmaster.master][INFO] 2026-05-06 17:34:52,910: +PARAM [/onlane_ai_agent_1/desired_vel] by /roslaunch
[rosmaster.master][INFO] 2026-05-06 17:34:52,910: +PARAM [/onlane_ai_agent_1/autonomous_level] by /roslaunch
[rosmaster.master][INFO] 2026-05-06 17:34:52,910: +PARAM [/onlane_ai_agent_1/aggressiveness_level] by /roslaunch
[rosmaster.master][INFO] 2026-05-06 17:34:52,910: +PARAM [/onlane_ai_agent_2/ego_id] by /roslaunch
[rosmaster.master][INFO] 2026-05-06 17:34:52,910: +PARAM [/onlane_ai_agent_2/agent_config_path] by /roslaunch
[rosmaster.master][INFO] 2026-05-06 17:34:52,910: +PARAM [/onlane_ai_agent_2/desired_vel] by /roslaunch
[rosmaster.master][INFO] 2026-05-06 17:34:52,910: +PARAM [/onlane_ai_agent_2/autonomous_level] by /roslaunch
[rosmaster.master][INFO] 2026-05-06 17:34:52,910: +PARAM [/onlane_ai_agent_2/aggressiveness_level] by /roslaunch
[rosmaster.master][INFO] 2026-05-06 17:34:52,910: +PARAM [/onlane_ai_agent_3/ego_id] by /roslaunch
[rosmaster.master][INFO] 2026-05-06 17:34:52,910: +PARAM [/onlane_ai_agent_3/agent_config_path] by /roslaunch
[rosmaster.master][INFO] 2026-05-06 17:34:52,910: +PARAM [/onlane_ai_agent_3/desired_vel] by /roslaunch
[rosmaster.master][INFO] 2026-05-06 17:34:52,911: +PARAM [/onlane_ai_agent_3/autonomous_level] by /roslaunch
[rosmaster.master][INFO] 2026-05-06 17:34:52,911: +PARAM [/onlane_ai_agent_3/aggressiveness_level] by /roslaunch
[rosmaster.master][INFO] 2026-05-06 17:34:52,911: +PARAM [/onlane_ai_agent_4/ego_id] by /roslaunch
[rosmaster.master][INFO] 2026-05-06 17:34:52,911: +PARAM [/onlane_ai_agent_4/agent_config_path] by /roslaunch
[rosmaster.master][INFO] 2026-05-06 17:34:52,911: +PARAM [/onlane_ai_agent_4/desired_vel] by /roslaunch
[rosmaster.master][INFO] 2026-05-06 17:34:52,911: +PARAM [/onlane_ai_agent_4/autonomous_level] by /roslaunch
[rosmaster.master][INFO] 2026-05-06 17:34:52,911: +PARAM [/onlane_ai_agent_4/aggressiveness_level] by /roslaunch
[rosmaster.master][INFO] 2026-05-06 17:34:52,911: +PARAM [/onlane_ai_agent_5/ego_id] by /roslaunch
[rosmaster.master][INFO] 2026-05-06 17:34:52,911: +PARAM [/onlane_ai_agent_5/agent_config_path] by /roslaunch
[rosmaster.master][INFO] 2026-05-06 17:34:52,911: +PARAM [/onlane_ai_agent_5/desired_vel] by /roslaunch
[rosmaster.master][INFO] 2026-05-06 17:34:52,911: +PARAM [/onlane_ai_agent_5/autonomous_level] by /roslaunch
[rosmaster.master][INFO] 2026-05-06 17:34:52,911: +PARAM [/onlane_ai_agent_5/aggressiveness_level] by /roslaunch
[rosmaster.master][INFO] 2026-05-06 17:34:52,911: +PARAM [/onlane_ai_agent_6/ego_id] by /roslaunch
[rosmaster.master][INFO] 2026-05-06 17:34:52,911: +PARAM [/onlane_ai_agent_6/agent_config_path] by /roslaunch
[rosmaster.master][INFO] 2026-05-06 17:34:52,911: +PARAM [/onlane_ai_agent_6/desired_vel] by /roslaunch
[rosmaster.master][INFO] 2026-05-06 17:34:52,911: +PARAM [/onlane_ai_agent_6/autonomous_level] by /roslaunch
[rosmaster.master][INFO] 2026-05-06 17:34:52,911: +PARAM [/onlane_ai_agent_6/aggressiveness_level] by /roslaunch
[rosmaster.master][INFO] 2026-05-06 17:34:52,911: +PARAM [/onlane_ai_agent_7/ego_id] by /roslaunch
[rosmaster.master][INFO] 2026-05-06 17:34:52,911: +PARAM [/onlane_ai_agent_7/agent_config_path] by /roslaunch
[rosmaster.master][INFO] 2026-05-06 17:34:52,911: +PARAM [/onlane_ai_agent_7/desired_vel] by /roslaunch
[rosmaster.master][INFO] 2026-05-06 17:34:52,911: +PARAM [/onlane_ai_agent_7/autonomous_level] by /roslaunch
[rosmaster.master][INFO] 2026-05-06 17:34:52,911: +PARAM [/onlane_ai_agent_7/aggressiveness_level] by /roslaunch
[rosmaster.master][INFO] 2026-05-06 17:34:52,911: +PARAM [/onlane_ai_agent_8/ego_id] by /roslaunch
[rosmaster.master][INFO] 2026-05-06 17:34:52,911: +PARAM [/onlane_ai_agent_8/agent_config_path] by /roslaunch
[rosmaster.master][INFO] 2026-05-06 17:34:52,911: +PARAM [/onlane_ai_agent_8/desired_vel] by /roslaunch
[rosmaster.master][INFO] 2026-05-06 17:34:52,911: +PARAM [/onlane_ai_agent_8/autonomous_level] by /roslaunch
[rosmaster.master][INFO] 2026-05-06 17:34:52,911: +PARAM [/onlane_ai_agent_8/aggressiveness_level] by /roslaunch
[rosmaster.master][INFO] 2026-05-06 17:34:52,911: +PARAM [/onlane_ai_agent_9/ego_id] by /roslaunch
[rosmaster.master][INFO] 2026-05-06 17:34:52,911: +PARAM [/onlane_ai_agent_9/agent_config_path] by /roslaunch
[rosmaster.master][INFO] 2026-05-06 17:34:52,911: +PARAM [/onlane_ai_agent_9/desired_vel] by /roslaunch
[rosmaster.master][INFO] 2026-05-06 17:34:52,911: +PARAM [/onlane_ai_agent_9/autonomous_level] by /roslaunch
[rosmaster.master][INFO] 2026-05-06 17:34:52,911: +PARAM [/onlane_ai_agent_9/aggressiveness_level] by /roslaunch
[rosmaster.master][INFO] 2026-05-06 17:34:52,911: +PARAM [/onlane_ai_agent_10/ego_id] by /roslaunch
[rosmaster.master][INFO] 2026-05-06 17:34:52,912: +PARAM [/onlane_ai_agent_10/agent_config_path] by /roslaunch
[rosmaster.master][INFO] 2026-05-06 17:34:52,912: +PARAM [/onlane_ai_agent_10/desired_vel] by /roslaunch
[rosmaster.master][INFO] 2026-05-06 17:34:52,912: +PARAM [/onlane_ai_agent_10/autonomous_level] by /roslaunch
[rosmaster.master][INFO] 2026-05-06 17:34:52,912: +PARAM [/onlane_ai_agent_10/aggressiveness_level] by /roslaunch
[rosmaster.master][INFO] 2026-05-06 17:34:52,912: +PARAM [/phy_simulator_planning_node/vehicle_info_path] by /roslaunch
[rosmaster.master][INFO] 2026-05-06 17:34:52,912: +PARAM [/phy_simulator_planning_node/map_path] by /roslaunch
[rosmaster.master][INFO] 2026-05-06 17:34:52,912: +PARAM [/phy_simulator_planning_node/lane_net_path] by /roslaunch
[rosmaster.master][INFO] 2026-05-06 17:34:52,912: +SERVICE [/rosout/get_loggers] /rosout http://y:44289/
[rosmaster.master][INFO] 2026-05-06 17:34:52,913: +SERVICE [/rosout/set_logger_level] /rosout http://y:44289/
[rosmaster.master][INFO] 2026-05-06 17:34:52,913: +PUB [/rosout_agg] /rosout http://y:44289/
[rosmaster.master][INFO] 2026-05-06 17:34:52,914: +SUB [/rosout] /rosout http://y:44289/
[rosmaster.master][INFO] 2026-05-06 17:34:52,937: +PUB [/rosout] /test_ssc_with_eudm_0 http://y:46577/
[rosmaster.master][INFO] 2026-05-06 17:34:52,937: +SERVICE [/test_ssc_with_eudm_0/get_loggers] /test_ssc_with_eudm_0 http://y:46577/
[rosmaster.master][INFO] 2026-05-06 17:34:52,937: +SERVICE [/test_ssc_with_eudm_0/set_logger_level] /test_ssc_with_eudm_0 http://y:46577/
[rosmaster.master][INFO] 2026-05-06 17:34:52,945: +PUB [/rosout] /onlane_ai_agent_3 http://y:46259/
[rosmaster.master][INFO] 2026-05-06 17:34:52,945: +PUB [/rosout] /onlane_ai_agent_1 http://y:32837/
[rosmaster.master][INFO] 2026-05-06 17:34:52,947: +CACHEDPARAM [/rosout_disable_topics_generation] by /test_ssc_with_eudm_0
[rosmaster.master][INFO] 2026-05-06 17:34:52,947: +SERVICE [/onlane_ai_agent_3/get_loggers] /onlane_ai_agent_3 http://y:46259/
[rosmaster.master][INFO] 2026-05-06 17:34:52,953: +SERVICE [/onlane_ai_agent_1/get_loggers] /onlane_ai_agent_1 http://y:32837/
[rosmaster.master][INFO] 2026-05-06 17:34:52,955: +SERVICE [/onlane_ai_agent_3/set_logger_level] /onlane_ai_agent_3 http://y:46259/
[rosmaster.master][INFO] 2026-05-06 17:34:52,955: +PUB [/rosout] /onlane_ai_agent_2 http://y:36299/
[rosmaster.master][INFO] 2026-05-06 17:34:52,956: +SERVICE [/onlane_ai_agent_2/get_loggers] /onlane_ai_agent_2 http://y:36299/
[rosmaster.master][INFO] 2026-05-06 17:34:52,956: +PUB [/rosout] /onlane_ai_agent_4 http://y:46687/
[rosmaster.master][INFO] 2026-05-06 17:34:52,956: +PUB [/rosout] /onlane_ai_agent_6 http://y:39555/
[rosmaster.master][INFO] 2026-05-06 17:34:52,957: +SERVICE [/onlane_ai_agent_1/set_logger_level] /onlane_ai_agent_1 http://y:32837/
[rosmaster.master][INFO] 2026-05-06 17:34:52,957: +SERVICE [/onlane_ai_agent_4/get_loggers] /onlane_ai_agent_4 http://y:46687/
[rosmaster.master][INFO] 2026-05-06 17:34:52,957: +SERVICE [/onlane_ai_agent_6/get_loggers] /onlane_ai_agent_6 http://y:39555/
[rosmaster.master][INFO] 2026-05-06 17:34:52,958: +SERVICE [/onlane_ai_agent_4/set_logger_level] /onlane_ai_agent_4 http://y:46687/
[rosmaster.master][INFO] 2026-05-06 17:34:52,958: +SERVICE [/onlane_ai_agent_6/set_logger_level] /onlane_ai_agent_6 http://y:39555/
[rosmaster.master][INFO] 2026-05-06 17:34:52,959: +SERVICE [/onlane_ai_agent_2/set_logger_level] /onlane_ai_agent_2 http://y:36299/
[rosmaster.master][INFO] 2026-05-06 17:34:52,961: +PUB [/ctrl/agent_6] /onlane_ai_agent_6 http://y:39555/
[rosmaster.master][INFO] 2026-05-06 17:34:52,964: +PUB [/ctrl/agent_4] /onlane_ai_agent_4 http://y:46687/
[rosmaster.master][INFO] 2026-05-06 17:34:52,967: +PUB [/ctrl/agent_3] /onlane_ai_agent_3 http://y:46259/
[rosmaster.master][INFO] 2026-05-06 17:34:52,968: +PUB [/ctrl/agent_1] /onlane_ai_agent_1 http://y:32837/
[rosmaster.master][INFO] 2026-05-06 17:34:52,968: +PUB [/rosout] /onlane_ai_agent_7 http://y:42851/
[rosmaster.master][INFO] 2026-05-06 17:34:52,968: +SERVICE [/onlane_ai_agent_7/get_loggers] /onlane_ai_agent_7 http://y:42851/
[rosmaster.master][INFO] 2026-05-06 17:34:52,968: +PUB [/rosout] /onlane_ai_agent_5 http://y:45221/
[rosmaster.master][INFO] 2026-05-06 17:34:52,969: +SERVICE [/onlane_ai_agent_5/get_loggers] /onlane_ai_agent_5 http://y:45221/
[rosmaster.master][INFO] 2026-05-06 17:34:52,969: +SERVICE [/onlane_ai_agent_5/set_logger_level] /onlane_ai_agent_5 http://y:45221/
[rosmaster.master][INFO] 2026-05-06 17:34:52,970: +PUB [/ctrl/agent_5] /onlane_ai_agent_5 http://y:45221/
[rosmaster.master][INFO] 2026-05-06 17:34:52,970: +SERVICE [/onlane_ai_agent_7/set_logger_level] /onlane_ai_agent_7 http://y:42851/
[rosmaster.master][INFO] 2026-05-06 17:34:52,971: +PUB [/rosout] /onlane_ai_agent_8 http://y:45381/
[rosmaster.master][INFO] 2026-05-06 17:34:52,976: +PUB [/ctrl/agent_7] /onlane_ai_agent_7 http://y:42851/
[rosmaster.master][INFO] 2026-05-06 17:34:52,982: publisherUpdate[/rosout] -> http://y:44289/ ['http://y:46577/']
[rosmaster.master][INFO] 2026-05-06 17:34:52,984: +PUB [/rosout] /onlane_ai_agent_9 http://y:33539/
[rosmaster.master][INFO] 2026-05-06 17:34:52,991: +SERVICE [/onlane_ai_agent_8/get_loggers] /onlane_ai_agent_8 http://y:45381/
[rosmaster.master][INFO] 2026-05-06 17:34:52,991: publisherUpdate[/rosout] -> http://y:44289/ ['http://y:46577/']: sec=0.01, result=[1, '', 0]
[rosmaster.master][INFO] 2026-05-06 17:34:52,992: +SERVICE [/onlane_ai_agent_9/get_loggers] /onlane_ai_agent_9 http://y:33539/
[rosmaster.master][INFO] 2026-05-06 17:34:52,992: publisherUpdate[/rosout] -> http://y:44289/ ['http://y:46577/', 'http://y:46259/']
[rosmaster.master][INFO] 2026-05-06 17:34:52,994: +PUB [/ctrl/agent_2] /onlane_ai_agent_2 http://y:36299/
[rosmaster.master][INFO] 2026-05-06 17:34:52,995: +SERVICE [/onlane_ai_agent_8/set_logger_level] /onlane_ai_agent_8 http://y:45381/
[rosmaster.master][INFO] 2026-05-06 17:34:52,995: +SERVICE [/onlane_ai_agent_9/set_logger_level] /onlane_ai_agent_9 http://y:33539/
[rosmaster.master][INFO] 2026-05-06 17:34:52,996: +PUB [/rosout] /phy_simulator_planning_node http://y:38337/
[rosmaster.master][INFO] 2026-05-06 17:34:52,996: +PUB [/rosout] /onlane_ai_agent_10 http://y:41107/
[rosmaster.master][INFO] 2026-05-06 17:34:52,998: publisherUpdate[/rosout] -> http://y:44289/ ['http://y:46577/', 'http://y:46259/']: sec=0.00, result=[1, '', 0]
[rosmaster.master][INFO] 2026-05-06 17:34:52,998: publisherUpdate[/rosout] -> http://y:44289/ ['http://y:46577/', 'http://y:46259/', 'http://y:32837/']
[rosmaster.master][INFO] 2026-05-06 17:34:52,999: publisherUpdate[/rosout] -> http://y:44289/ ['http://y:46577/', 'http://y:46259/', 'http://y:32837/']: sec=0.00, result=[1, '', 0]
[rosmaster.master][INFO] 2026-05-06 17:34:52,999: publisherUpdate[/rosout] -> http://y:44289/ ['http://y:46577/', 'http://y:46259/', 'http://y:32837/', 'http://y:36299/']
[rosmaster.master][INFO] 2026-05-06 17:34:52,999: publisherUpdate[/rosout] -> http://y:44289/ ['http://y:46577/', 'http://y:46259/', 'http://y:32837/', 'http://y:36299/']: sec=0.00, result=[1, '', 0]
[rosmaster.master][INFO] 2026-05-06 17:34:52,999: publisherUpdate[/rosout] -> http://y:44289/ ['http://y:46577/', 'http://y:46259/', 'http://y:32837/', 'http://y:36299/', 'http://y:46687/']
[rosmaster.master][INFO] 2026-05-06 17:34:53,000: publisherUpdate[/rosout] -> http://y:44289/ ['http://y:46577/', 'http://y:46259/', 'http://y:32837/', 'http://y:36299/', 'http://y:46687/']: sec=0.00, result=[1, '', 0]
[rosmaster.master][INFO] 2026-05-06 17:34:53,000: publisherUpdate[/rosout] -> http://y:44289/ ['http://y:46577/', 'http://y:46259/', 'http://y:32837/', 'http://y:36299/', 'http://y:46687/', 'http://y:39555/']
[rosmaster.master][INFO] 2026-05-06 17:34:53,000: publisherUpdate[/rosout] -> http://y:44289/ ['http://y:46577/', 'http://y:46259/', 'http://y:32837/', 'http://y:36299/', 'http://y:46687/', 'http://y:39555/']: sec=0.00, result=[1, '', 0]
[rosmaster.master][INFO] 2026-05-06 17:34:53,000: publisherUpdate[/rosout] -> http://y:44289/ ['http://y:46577/', 'http://y:46259/', 'http://y:32837/', 'http://y:36299/', 'http://y:46687/', 'http://y:39555/', 'http://y:42851/']
[rosmaster.master][INFO] 2026-05-06 17:34:53,001: publisherUpdate[/rosout] -> http://y:44289/ ['http://y:46577/', 'http://y:46259/', 'http://y:32837/', 'http://y:36299/', 'http://y:46687/', 'http://y:39555/', 'http://y:42851/']: sec=0.00, result=[1, '', 0]
[rosmaster.master][INFO] 2026-05-06 17:34:53,001: +SERVICE [/onlane_ai_agent_10/get_loggers] /onlane_ai_agent_10 http://y:41107/
[rosmaster.master][INFO] 2026-05-06 17:34:53,001: publisherUpdate[/rosout] -> http://y:44289/ ['http://y:46577/', 'http://y:46259/', 'http://y:32837/', 'http://y:36299/', 'http://y:46687/', 'http://y:39555/', 'http://y:42851/', 'http://y:45221/']
[rosmaster.master][INFO] 2026-05-06 17:34:53,002: publisherUpdate[/rosout] -> http://y:44289/ ['http://y:46577/', 'http://y:46259/', 'http://y:32837/', 'http://y:36299/', 'http://y:46687/', 'http://y:39555/', 'http://y:42851/', 'http://y:45221/']: sec=0.00, result=[1, '', 0]
[rosmaster.master][INFO] 2026-05-06 17:34:53,002: publisherUpdate[/rosout] -> http://y:44289/ ['http://y:46577/', 'http://y:46259/', 'http://y:32837/', 'http://y:36299/', 'http://y:46687/', 'http://y:39555/', 'http://y:42851/', 'http://y:45221/', 'http://y:45381/']
[rosmaster.master][INFO] 2026-05-06 17:34:53,002: publisherUpdate[/rosout] -> http://y:44289/ ['http://y:46577/', 'http://y:46259/', 'http://y:32837/', 'http://y:36299/', 'http://y:46687/', 'http://y:39555/', 'http://y:42851/', 'http://y:45221/', 'http://y:45381/']: sec=0.00, result=[1, '', 0]
[rosmaster.master][INFO] 2026-05-06 17:34:53,002: publisherUpdate[/rosout] -> http://y:44289/ ['http://y:46577/', 'http://y:46259/', 'http://y:32837/', 'http://y:36299/', 'http://y:46687/', 'http://y:39555/', 'http://y:42851/', 'http://y:45221/', 'http://y:45381/', 'http://y:33539/']
[rosmaster.master][INFO] 2026-05-06 17:34:53,003: publisherUpdate[/rosout] -> http://y:44289/ ['http://y:46577/', 'http://y:46259/', 'http://y:32837/', 'http://y:36299/', 'http://y:46687/', 'http://y:39555/', 'http://y:42851/', 'http://y:45221/', 'http://y:45381/', 'http://y:33539/']: sec=0.00, result=[1, '', 0]
[rosmaster.master][INFO] 2026-05-06 17:34:53,003: publisherUpdate[/rosout] -> http://y:44289/ ['http://y:46577/', 'http://y:46259/', 'http://y:32837/', 'http://y:36299/', 'http://y:46687/', 'http://y:39555/', 'http://y:42851/', 'http://y:45221/', 'http://y:45381/', 'http://y:33539/', 'http://y:38337/']
[rosmaster.master][INFO] 2026-05-06 17:34:53,003: publisherUpdate[/rosout] -> http://y:44289/ ['http://y:46577/', 'http://y:46259/', 'http://y:32837/', 'http://y:36299/', 'http://y:46687/', 'http://y:39555/', 'http://y:42851/', 'http://y:45221/', 'http://y:45381/', 'http://y:33539/', 'http://y:38337/']: sec=0.00, result=[1, '', 0]
[rosmaster.master][INFO] 2026-05-06 17:34:53,003: publisherUpdate[/rosout] -> http://y:44289/ ['http://y:46577/', 'http://y:46259/', 'http://y:32837/', 'http://y:36299/', 'http://y:46687/', 'http://y:39555/', 'http://y:42851/', 'http://y:45221/', 'http://y:45381/', 'http://y:33539/', 'http://y:38337/', 'http://y:41107/']
[rosmaster.master][INFO] 2026-05-06 17:34:53,004: publisherUpdate[/rosout] -> http://y:44289/ ['http://y:46577/', 'http://y:46259/', 'http://y:32837/', 'http://y:36299/', 'http://y:46687/', 'http://y:39555/', 'http://y:42851/', 'http://y:45221/', 'http://y:45381/', 'http://y:33539/', 'http://y:38337/', 'http://y:41107/']: sec=0.00, result=[1, '', 0]
[rosmaster.master][INFO] 2026-05-06 17:34:53,002: +SERVICE [/onlane_ai_agent_10/set_logger_level] /onlane_ai_agent_10 http://y:41107/
[rosmaster.master][INFO] 2026-05-06 17:34:53,006: +SERVICE [/phy_simulator_planning_node/get_loggers] /phy_simulator_planning_node http://y:38337/
[rosmaster.master][INFO] 2026-05-06 17:34:53,006: +SERVICE [/phy_simulator_planning_node/set_logger_level] /phy_simulator_planning_node http://y:38337/
[rosmaster.master][INFO] 2026-05-06 17:34:53,014: +PUB [/ctrl/agent_10] /onlane_ai_agent_10 http://y:41107/
[rosmaster.master][INFO] 2026-05-06 17:34:53,014: +PUB [/ctrl/agent_9] /onlane_ai_agent_9 http://y:33539/
[rosmaster.master][INFO] 2026-05-06 17:34:53,016: +PUB [/tf] /test_ssc_with_eudm_0 http://y:46577/
[rosmaster.master][INFO] 2026-05-06 17:34:53,030: +PUB [/vis/agent_0/ego_vehicle_vis] /test_ssc_with_eudm_0 http://y:46577/
[rosmaster.master][INFO] 2026-05-06 17:34:53,035: +PUB [/vis/agent_0/obstacle_map] /test_ssc_with_eudm_0 http://y:46577/
[rosmaster.master][INFO] 2026-05-06 17:34:53,040: +PUB [/vis/agent_0/surrounding_lane_net_vis] /test_ssc_with_eudm_0 http://y:46577/
[rosmaster.master][INFO] 2026-05-06 17:34:53,046: +PUB [/ctrl/agent_8] /onlane_ai_agent_8 http://y:45381/
[rosmaster.master][INFO] 2026-05-06 17:34:53,055: +PUB [/vis/agent_0/local_lanes_vis] /test_ssc_with_eudm_0 http://y:46577/
[rosmaster.master][INFO] 2026-05-06 17:34:53,055: +PUB [/vis/agent_0/ego_behavior_vis] /test_ssc_with_eudm_0 http://y:46577/
[rosmaster.master][INFO] 2026-05-06 17:34:53,056: +PUB [/vis/agent_0/pred_traj_openloop_vis] /test_ssc_with_eudm_0 http://y:46577/
[rosmaster.master][INFO] 2026-05-06 17:34:53,056: +PUB [/vis/agent_0/pred_initial_intention_vis] /test_ssc_with_eudm_0 http://y:46577/
[rosmaster.master][INFO] 2026-05-06 17:34:53,057: +PUB [/vis/agent_0/surrounding_vehicle_vis] /test_ssc_with_eudm_0 http://y:46577/
[rosmaster.master][INFO] 2026-05-06 17:34:53,057: +PUB [/vis/agent_0/speed_limit] /test_ssc_with_eudm_0 http://y:46577/
[rosmaster.master][INFO] 2026-05-06 17:34:53,058: +PUB [/vis/agent_0/ssc/map_vis] /test_ssc_with_eudm_0 http://y:46577/
[rosmaster.master][INFO] 2026-05-06 17:34:53,068: +PUB [/vis/agent_0/ssc/qp_vis] /test_ssc_with_eudm_0 http://y:46577/
[rosmaster.master][INFO] 2026-05-06 17:34:53,068: +PUB [/vis/agent_0/ssc/ego_fs_vis] /test_ssc_with_eudm_0 http://y:46577/
[rosmaster.master][INFO] 2026-05-06 17:34:53,069: +PUB [/vis/agent_0/ssc/forward_trajs_vis] /test_ssc_with_eudm_0 http://y:46577/
[rosmaster.master][INFO] 2026-05-06 17:34:53,069: +PUB [/vis/agent_0/ssc/sur_vehicle_trajs_vis] /test_ssc_with_eudm_0 http://y:46577/
[rosmaster.master][INFO] 2026-05-06 17:34:53,069: +PUB [/vis/agent_0/ssc/corridor_vis] /test_ssc_with_eudm_0 http://y:46577/
[rosmaster.master][INFO] 2026-05-06 17:34:53,073: +PUB [/arena_info_static] /phy_simulator_planning_node http://y:38337/
[rosmaster.master][INFO] 2026-05-06 17:34:53,073: +PUB [/arena_info_dynamic] /phy_simulator_planning_node http://y:38337/
[rosmaster.master][INFO] 2026-05-06 17:34:53,073: +PUB [/phy_simulator_planning_node/vis/vehicle_set_vis] /phy_simulator_planning_node http://y:38337/
[rosmaster.master][INFO] 2026-05-06 17:34:53,074: +PUB [/phy_simulator_planning_node/vis/lane_net_vis] /phy_simulator_planning_node http://y:38337/
[rosmaster.master][INFO] 2026-05-06 17:34:53,074: +PUB [/phy_simulator_planning_node/vis/obstacle_set_vis] /phy_simulator_planning_node http://y:38337/
[rosmaster.master][INFO] 2026-05-06 17:34:53,076: +SUB [/ctrl/agent_10] /phy_simulator_planning_node http://y:38337/
[rosmaster.master][INFO] 2026-05-06 17:34:53,077: +SUB [/joy] /test_ssc_with_eudm_0 http://y:46577/
[rosmaster.master][INFO] 2026-05-06 17:34:53,078: +PUB [/vis/agent_0/forward_trajs] /test_ssc_with_eudm_0 http://y:46577/
[rosmaster.master][INFO] 2026-05-06 17:34:53,079: +SUB [/ctrl/agent_9] /phy_simulator_planning_node http://y:38337/
[rosmaster.master][INFO] 2026-05-06 17:34:53,080: +SUB [/ctrl/agent_8] /phy_simulator_planning_node http://y:38337/
[rosmaster.master][INFO] 2026-05-06 17:34:53,081: +SUB [/ctrl/agent_7] /phy_simulator_planning_node http://y:38337/
[rosmaster.master][INFO] 2026-05-06 17:34:53,082: +SUB [/ctrl/agent_6] /phy_simulator_planning_node http://y:38337/
[rosmaster.master][INFO] 2026-05-06 17:34:53,083: +SUB [/ctrl/agent_5] /phy_simulator_planning_node http://y:38337/
[rosmaster.master][INFO] 2026-05-06 17:34:53,084: +SUB [/ctrl/agent_4] /phy_simulator_planning_node http://y:38337/
[rosmaster.master][INFO] 2026-05-06 17:34:53,085: +PUB [/ctrl/agent_0] /test_ssc_with_eudm_0 http://y:46577/
[rosmaster.master][INFO] 2026-05-06 17:34:53,085: +SUB [/ctrl/agent_3] /phy_simulator_planning_node http://y:38337/
[rosmaster.master][INFO] 2026-05-06 17:34:53,086: +PUB [/test_ssc_with_eudm_0/ssc_map] /test_ssc_with_eudm_0 http://y:46577/
[rosmaster.master][INFO] 2026-05-06 17:34:53,086: +PUB [/vis/agent_0/ssc/exec_traj] /test_ssc_with_eudm_0 http://y:46577/
[rosmaster.master][INFO] 2026-05-06 17:34:53,088: +SUB [/ctrl/agent_2] /phy_simulator_planning_node http://y:38337/
[rosmaster.master][INFO] 2026-05-06 17:34:53,088: +SUB [/arena_info_static] /test_ssc_with_eudm_0 http://y:46577/
[rosmaster.master][INFO] 2026-05-06 17:34:53,090: +SUB [/ctrl/agent_1] /phy_simulator_planning_node http://y:38337/
[rosmaster.master][INFO] 2026-05-06 17:34:53,090: +SUB [/arena_info_dynamic] /test_ssc_with_eudm_0 http://y:46577/
[rosmaster.master][INFO] 2026-05-06 17:34:53,092: +SUB [/ctrl/agent_0] /phy_simulator_planning_node http://y:38337/
[rosmaster.master][INFO] 2026-05-06 17:34:53,093: +SUB [/initialpose] /phy_simulator_planning_node http://y:38337/
[rosmaster.master][INFO] 2026-05-06 17:34:53,094: +SUB [/move_base_simple/goal] /phy_simulator_planning_node http://y:38337/
[rosmaster.master][INFO] 2026-05-06 17:34:53,355: +CACHEDPARAM [/rosout/omit_topics] by /rosout
[rosmaster.master][INFO] 2026-05-06 17:35:00,533: +PUB [/rosout] /epsilon_metric_collector_2615929_1778060100421 http://y:40923/
[rosmaster.master][INFO] 2026-05-06 17:35:00,535: +SERVICE [/epsilon_metric_collector_2615929_1778060100421/get_loggers] /epsilon_metric_collector_2615929_1778060100421 http://y:40923/
[rosmaster.master][INFO] 2026-05-06 17:35:00,535: +SERVICE [/epsilon_metric_collector_2615929_1778060100421/set_logger_level] /epsilon_metric_collector_2615929_1778060100421 http://y:40923/
[rosmaster.master][INFO] 2026-05-06 17:35:00,536: +SUB [/arena_info_dynamic] /epsilon_metric_collector_2615929_1778060100421 http://y:40923/
[rosmaster.master][INFO] 2026-05-06 17:35:00,597: publisherUpdate[/rosout] -> http://y:44289/ ['http://y:46577/', 'http://y:46259/', 'http://y:32837/', 'http://y:36299/', 'http://y:46687/', 'http://y:39555/', 'http://y:42851/', 'http://y:45221/', 'http://y:45381/', 'http://y:33539/', 'http://y:38337/', 'http://y:41107/', 'http://y:40923/']
[rosmaster.master][INFO] 2026-05-06 17:35:00,598: publisherUpdate[/rosout] -> http://y:44289/ ['http://y:46577/', 'http://y:46259/', 'http://y:32837/', 'http://y:36299/', 'http://y:46687/', 'http://y:39555/', 'http://y:42851/', 'http://y:45221/', 'http://y:45381/', 'http://y:33539/', 'http://y:38337/', 'http://y:41107/', 'http://y:40923/']: sec=0.00, result=[1, '', 0]
[rosmaster.master][INFO] 2026-05-06 17:37:00,210: -SUB [/arena_info_dynamic] /epsilon_metric_collector_2615929_1778060100421 http://y:40923/
[rosmaster.master][INFO] 2026-05-06 17:37:00,210: -PUB [/rosout] /epsilon_metric_collector_2615929_1778060100421 http://y:40923/
[rosmaster.master][INFO] 2026-05-06 17:37:00,210: -SERVICE [/epsilon_metric_collector_2615929_1778060100421/get_loggers] /epsilon_metric_collector_2615929_1778060100421 rosrpc://y:40383
[rosmaster.master][INFO] 2026-05-06 17:37:00,210: -SERVICE [/epsilon_metric_collector_2615929_1778060100421/set_logger_level] /epsilon_metric_collector_2615929_1778060100421 rosrpc://y:40383
[rosmaster.master][INFO] 2026-05-06 17:37:00,224: publisherUpdate[/rosout] -> http://y:44289/ ['http://y:46577/', 'http://y:46259/', 'http://y:32837/', 'http://y:36299/', 'http://y:46687/', 'http://y:39555/', 'http://y:42851/', 'http://y:45221/', 'http://y:45381/', 'http://y:33539/', 'http://y:38337/', 'http://y:41107/']
[rosmaster.master][INFO] 2026-05-06 17:37:00,224: publisherUpdate[/rosout] -> http://y:44289/ ['http://y:46577/', 'http://y:46259/', 'http://y:32837/', 'http://y:36299/', 'http://y:46687/', 'http://y:39555/', 'http://y:42851/', 'http://y:45221/', 'http://y:45381/', 'http://y:33539/', 'http://y:38337/', 'http://y:41107/']: sec=0.00, result=[1, '', 0]
[rosmaster.master][INFO] 2026-05-06 17:37:01,201: +PUB [/rosout] /rostopic_2681036_1778060221088 http://y:33099/
[rosmaster.master][INFO] 2026-05-06 17:37:01,203: +SERVICE [/rostopic_2681036_1778060221088/get_loggers] /rostopic_2681036_1778060221088 http://y:33099/
[rosmaster.master][INFO] 2026-05-06 17:37:01,203: +SERVICE [/rostopic_2681036_1778060221088/set_logger_level] /rostopic_2681036_1778060221088 http://y:33099/
[rosmaster.master][INFO] 2026-05-06 17:37:01,210: +SUB [/arena_info_dynamic] /rostopic_2681036_1778060221088 http://y:33099/
[rosmaster.master][INFO] 2026-05-06 17:37:01,226: publisherUpdate[/rosout] -> http://y:44289/ ['http://y:46577/', 'http://y:46259/', 'http://y:32837/', 'http://y:36299/', 'http://y:46687/', 'http://y:39555/', 'http://y:42851/', 'http://y:45221/', 'http://y:45381/', 'http://y:33539/', 'http://y:38337/', 'http://y:41107/', 'http://y:33099/']
[rosmaster.master][INFO] 2026-05-06 17:37:01,226: publisherUpdate[/rosout] -> http://y:44289/ ['http://y:46577/', 'http://y:46259/', 'http://y:32837/', 'http://y:36299/', 'http://y:46687/', 'http://y:39555/', 'http://y:42851/', 'http://y:45221/', 'http://y:45381/', 'http://y:33539/', 'http://y:38337/', 'http://y:41107/', 'http://y:33099/']: sec=0.00, result=[1, '', 0]
[rosmaster.master][INFO] 2026-05-06 17:37:15,844: -SUB [/arena_info_dynamic] /rostopic_2681036_1778060221088 http://y:33099/
[rosmaster.master][INFO] 2026-05-06 17:37:15,844: -PUB [/rosout] /rostopic_2681036_1778060221088 http://y:33099/
[rosmaster.master][INFO] 2026-05-06 17:37:15,844: -SERVICE [/rostopic_2681036_1778060221088/get_loggers] /rostopic_2681036_1778060221088 rosrpc://y:42447
[rosmaster.master][INFO] 2026-05-06 17:37:15,844: -SERVICE [/rostopic_2681036_1778060221088/set_logger_level] /rostopic_2681036_1778060221088 rosrpc://y:42447
[rosmaster.master][INFO] 2026-05-06 17:37:15,853: publisherUpdate[/rosout] -> http://y:44289/ ['http://y:46577/', 'http://y:46259/', 'http://y:32837/', 'http://y:36299/', 'http://y:46687/', 'http://y:39555/', 'http://y:42851/', 'http://y:45221/', 'http://y:45381/', 'http://y:33539/', 'http://y:38337/', 'http://y:41107/']
[rosmaster.master][INFO] 2026-05-06 17:37:15,853: publisherUpdate[/rosout] -> http://y:44289/ ['http://y:46577/', 'http://y:46259/', 'http://y:32837/', 'http://y:36299/', 'http://y:46687/', 'http://y:39555/', 'http://y:42851/', 'http://y:45221/', 'http://y:45381/', 'http://y:33539/', 'http://y:38337/', 'http://y:41107/']: sec=0.00, result=[1, '', 0]
[rosmaster.master][INFO] 2026-05-06 17:37:16,638: -PUB [/rosout] /phy_simulator_planning_node http://y:38337/
[rosmaster.master][INFO] 2026-05-06 17:37:16,639: -PUB [/arena_info_static] /phy_simulator_planning_node http://y:38337/
[rosmaster.master][INFO] 2026-05-06 17:37:16,640: -PUB [/arena_info_dynamic] /phy_simulator_planning_node http://y:38337/
[rosmaster.master][INFO] 2026-05-06 17:37:16,640: -PUB [/phy_simulator_planning_node/vis/vehicle_set_vis] /phy_simulator_planning_node http://y:38337/
[rosmaster.master][INFO] 2026-05-06 17:37:16,640: -PUB [/phy_simulator_planning_node/vis/lane_net_vis] /phy_simulator_planning_node http://y:38337/
[rosmaster.master][INFO] 2026-05-06 17:37:16,641: -PUB [/phy_simulator_planning_node/vis/obstacle_set_vis] /phy_simulator_planning_node http://y:38337/
[rosmaster.master][INFO] 2026-05-06 17:37:16,641: -SUB [/ctrl/agent_10] /phy_simulator_planning_node http://y:38337/
[rosmaster.master][INFO] 2026-05-06 17:37:16,642: -SUB [/ctrl/agent_9] /phy_simulator_planning_node http://y:38337/
[rosmaster.master][INFO] 2026-05-06 17:37:16,642: -SUB [/ctrl/agent_8] /phy_simulator_planning_node http://y:38337/
[rosmaster.master][INFO] 2026-05-06 17:37:16,642: -SUB [/ctrl/agent_7] /phy_simulator_planning_node http://y:38337/
[rosmaster.master][INFO] 2026-05-06 17:37:16,642: -SUB [/ctrl/agent_6] /phy_simulator_planning_node http://y:38337/
[rosmaster.master][INFO] 2026-05-06 17:37:16,643: -SUB [/ctrl/agent_5] /phy_simulator_planning_node http://y:38337/
[rosmaster.master][INFO] 2026-05-06 17:37:16,643: -SUB [/ctrl/agent_4] /phy_simulator_planning_node http://y:38337/
[rosmaster.master][INFO] 2026-05-06 17:37:16,643: -SUB [/ctrl/agent_3] /phy_simulator_planning_node http://y:38337/
[rosmaster.master][INFO] 2026-05-06 17:37:16,643: -SUB [/ctrl/agent_2] /phy_simulator_planning_node http://y:38337/
[rosmaster.master][INFO] 2026-05-06 17:37:16,644: -SUB [/ctrl/agent_1] /phy_simulator_planning_node http://y:38337/
[rosmaster.master][INFO] 2026-05-06 17:37:16,644: -SUB [/ctrl/agent_0] /phy_simulator_planning_node http://y:38337/
[rosmaster.master][INFO] 2026-05-06 17:37:16,644: -SUB [/initialpose] /phy_simulator_planning_node http://y:38337/
[rosmaster.master][INFO] 2026-05-06 17:37:16,644: -SUB [/move_base_simple/goal] /phy_simulator_planning_node http://y:38337/
[rosmaster.master][INFO] 2026-05-06 17:37:16,645: -SERVICE [/phy_simulator_planning_node/get_loggers] /phy_simulator_planning_node rosrpc://y:59959
[rosmaster.master][INFO] 2026-05-06 17:37:16,645: -SERVICE [/phy_simulator_planning_node/set_logger_level] /phy_simulator_planning_node rosrpc://y:59959
[rosmaster.master][INFO] 2026-05-06 17:37:16,655: publisherUpdate[/rosout] -> http://y:44289/ ['http://y:46577/', 'http://y:46259/', 'http://y:32837/', 'http://y:36299/', 'http://y:46687/', 'http://y:39555/', 'http://y:42851/', 'http://y:45221/', 'http://y:45381/', 'http://y:33539/', 'http://y:41107/']
[rosmaster.master][INFO] 2026-05-06 17:37:16,656: publisherUpdate[/rosout] -> http://y:44289/ ['http://y:46577/', 'http://y:46259/', 'http://y:32837/', 'http://y:36299/', 'http://y:46687/', 'http://y:39555/', 'http://y:42851/', 'http://y:45221/', 'http://y:45381/', 'http://y:33539/', 'http://y:41107/']: sec=0.00, result=[1, '', 0]
[rosmaster.master][INFO] 2026-05-06 17:37:16,656: publisherUpdate[/arena_info_static] -> http://y:46577/ []
[rosmaster.master][INFO] 2026-05-06 17:37:16,657: publisherUpdate[/arena_info_static] -> http://y:46577/ []: sec=0.00, result=[0, 'Unknown Error', 0]
[rosmaster.master][INFO] 2026-05-06 17:37:16,657: publisherUpdate[/arena_info_dynamic] -> http://y:46577/ []
[rosmaster.master][INFO] 2026-05-06 17:37:16,658: publisherUpdate[/arena_info_dynamic] -> http://y:46577/ []: sec=0.00, result=[0, 'Unknown Error', 0]
[rosmaster.master][INFO] 2026-05-06 17:37:16,759: -PUB [/rosout] /test_ssc_with_eudm_0 http://y:46577/
[rosmaster.master][INFO] 2026-05-06 17:37:16,761: -PUB [/tf] /test_ssc_with_eudm_0 http://y:46577/
[rosmaster.master][INFO] 2026-05-06 17:37:16,762: -PUB [/vis/agent_0/ego_vehicle_vis] /test_ssc_with_eudm_0 http://y:46577/
[rosmaster.master][INFO] 2026-05-06 17:37:16,763: -PUB [/vis/agent_0/obstacle_map] /test_ssc_with_eudm_0 http://y:46577/
[rosmaster.master][INFO] 2026-05-06 17:37:16,764: -PUB [/vis/agent_0/surrounding_lane_net_vis] /test_ssc_with_eudm_0 http://y:46577/
[rosmaster.master][INFO] 2026-05-06 17:37:16,765: -PUB [/vis/agent_0/local_lanes_vis] /test_ssc_with_eudm_0 http://y:46577/
[rosmaster.master][INFO] 2026-05-06 17:37:16,766: -PUB [/vis/agent_0/ego_behavior_vis] /test_ssc_with_eudm_0 http://y:46577/
[rosmaster.master][INFO] 2026-05-06 17:37:16,766: -PUB [/vis/agent_0/pred_traj_openloop_vis] /test_ssc_with_eudm_0 http://y:46577/
[rosmaster.master][INFO] 2026-05-06 17:37:16,767: -PUB [/vis/agent_0/pred_initial_intention_vis] /test_ssc_with_eudm_0 http://y:46577/
[rosmaster.master][INFO] 2026-05-06 17:37:16,768: -PUB [/vis/agent_0/surrounding_vehicle_vis] /test_ssc_with_eudm_0 http://y:46577/
[rosmaster.master][INFO] 2026-05-06 17:37:16,768: -PUB [/vis/agent_0/speed_limit] /test_ssc_with_eudm_0 http://y:46577/
[rosmaster.master][INFO] 2026-05-06 17:37:16,769: -PUB [/vis/agent_0/ssc/map_vis] /test_ssc_with_eudm_0 http://y:46577/
[rosmaster.master][INFO] 2026-05-06 17:37:16,769: -PUB [/vis/agent_0/ssc/qp_vis] /test_ssc_with_eudm_0 http://y:46577/
[rosmaster.master][INFO] 2026-05-06 17:37:16,770: -PUB [/vis/agent_0/ssc/ego_fs_vis] /test_ssc_with_eudm_0 http://y:46577/
[rosmaster.master][INFO] 2026-05-06 17:37:16,771: -PUB [/vis/agent_0/ssc/forward_trajs_vis] /test_ssc_with_eudm_0 http://y:46577/
[rosmaster.master][INFO] 2026-05-06 17:37:16,771: -PUB [/vis/agent_0/ssc/sur_vehicle_trajs_vis] /test_ssc_with_eudm_0 http://y:46577/
[rosmaster.master][INFO] 2026-05-06 17:37:16,772: -PUB [/vis/agent_0/ssc/corridor_vis] /test_ssc_with_eudm_0 http://y:46577/
[rosmaster.master][INFO] 2026-05-06 17:37:16,772: -PUB [/vis/agent_0/forward_trajs] /test_ssc_with_eudm_0 http://y:46577/
[rosmaster.master][INFO] 2026-05-06 17:37:16,773: -PUB [/ctrl/agent_0] /test_ssc_with_eudm_0 http://y:46577/
[rosmaster.master][INFO] 2026-05-06 17:37:16,773: -PUB [/test_ssc_with_eudm_0/ssc_map] /test_ssc_with_eudm_0 http://y:46577/
[rosmaster.master][INFO] 2026-05-06 17:37:16,774: -PUB [/vis/agent_0/ssc/exec_traj] /test_ssc_with_eudm_0 http://y:46577/
[rosmaster.master][INFO] 2026-05-06 17:37:16,775: -SUB [/joy] /test_ssc_with_eudm_0 http://y:46577/
[rosmaster.master][INFO] 2026-05-06 17:37:16,775: -SUB [/arena_info_static] /test_ssc_with_eudm_0 http://y:46577/
[rosmaster.master][INFO] 2026-05-06 17:37:16,776: -SUB [/arena_info_dynamic] /test_ssc_with_eudm_0 http://y:46577/
[rosmaster.master][INFO] 2026-05-06 17:37:16,777: -SERVICE [/test_ssc_with_eudm_0/get_loggers] /test_ssc_with_eudm_0 rosrpc://y:46737
[rosmaster.master][INFO] 2026-05-06 17:37:16,777: -SERVICE [/test_ssc_with_eudm_0/set_logger_level] /test_ssc_with_eudm_0 rosrpc://y:46737
[rosmaster.master][INFO] 2026-05-06 17:37:16,778: -CACHEDPARAM [/rosout_disable_topics_generation] by /test_ssc_with_eudm_0
[rosmaster.master][INFO] 2026-05-06 17:37:16,857: publisherUpdate[/rosout] -> http://y:44289/ ['http://y:46259/', 'http://y:32837/', 'http://y:36299/', 'http://y:46687/', 'http://y:39555/', 'http://y:42851/', 'http://y:45221/', 'http://y:45381/', 'http://y:33539/', 'http://y:41107/']
[rosmaster.master][INFO] 2026-05-06 17:37:16,859: publisherUpdate[/rosout] -> http://y:44289/ ['http://y:46259/', 'http://y:32837/', 'http://y:36299/', 'http://y:46687/', 'http://y:39555/', 'http://y:42851/', 'http://y:45221/', 'http://y:45381/', 'http://y:33539/', 'http://y:41107/']: sec=0.00, result=[1, '', 0]
[rosmaster.master][INFO] 2026-05-06 17:37:17,059: -PUB [/rosout_agg] /rosout http://y:44289/
[rosmaster.master][INFO] 2026-05-06 17:37:17,060: -SUB [/rosout] /rosout http://y:44289/
[rosmaster.master][INFO] 2026-05-06 17:37:17,060: -SERVICE [/rosout/get_loggers] /rosout rosrpc://y:42075
[rosmaster.master][INFO] 2026-05-06 17:37:17,060: -SERVICE [/rosout/set_logger_level] /rosout rosrpc://y:42075
[rosmaster.master][INFO] 2026-05-06 17:37:17,061: -CACHEDPARAM [/rosout/omit_topics] by /rosout
[rosmaster.main][INFO] 2026-05-06 17:37:17,131: keyboard interrupt, will exit
[rosmaster.main][INFO] 2026-05-06 17:37:17,132: stopping master...
[rospy.core][INFO] 2026-05-06 17:37:17,132: signal_shutdown [atexit]
